Alternative 1 Catch
     Model_1_goa_re_2021.dat 
Equil_Fabc 0.574153 
Year 
2021 0.407204 
2022 0.487001 
2023 0.361636 
2024 0.353812 
2025 0.779077 
2026 0.777371 
2027 0.754076 
2028 0.731818 
2029 0.713554 
2030 0.697685 
2031 0.682996 
2032 0.670572 
2033 0.660251 
2034 0.651819 

Alternative 1 ABCs
     Model_1_goa_re_2021.dat 

Year 
2021  NA 
2022  NA 
2023  NA 
2024  NA 
2025 0.779077 
2026 0.777371 
2027 0.754076 
2028 0.731818 
2029 0.713554 
2030 0.697685 
2031 0.682996 
2032 0.670572 
2033 0.660251 
2034 0.651819 

Alternative 1 TACs
     Model_1_goa_re_2021.dat 

Year 
2021  NA 
2022  NA 
2023  NA 
2024  NA 
2025 0.779077 
2026 0.777371 
2027 0.754076 
2028 0.731818 
2029 0.713554 
2030 0.697685 
2031 0.682996 
2032 0.670572 
2033 0.660251 
2034 0.651819 

Alternative 1 Sp_Biomass
     Model_1_goa_re_2021.dat 
Equil_Fabc 5.91051 
Year 
2021 8.68089 
2022 8.61655 
2023 8.56137 
2024 8.5315 
2025 8.44467 
2026 8.26424 
2027 8.08424 
2028 7.90446 
2029 7.72722 
2030 7.55534 
2031 7.39433 
2032 7.23867 
2033 7.10033 
2034 6.97975 

Alternative 1 Fishing Mortality
     Model_1_goa_re_2021.dat 
Equil_Fabc 0.0381281 
Year 
2021 0.0194333 
2022 0.023413 
2023 0.0176152 
2024 0.0172727 
2025 0.0381281 
2026 0.0381281 
2027 0.0381281 
2028 0.0381281 
2029 0.0381281 
2030 0.0381281 
2031 0.0381281 
2032 0.0381281 
2033 0.0381281 
2034 0.0381281 

Alternative 1 Biomass
     Model_1_goa_re_2021.dat 

Year 
2021 26.1606 
2022 26.0373 
2023 25.8439 
2024 25.787 
2025 25.7509 
2026 25.3016 
2027 24.8728 
2028 24.4897 
2029 24.1471 
2030 23.8407 
2031 23.5666 
2032 23.324 
2033 23.1082 
2034 22.9142 

Alternative 1 Implied SPR rate 
     Model_1_goa_re_2021.dat 
Equil_Fabc 0.4 
Year 
2021 0.583304 
2022 0.533722 
2023 0.608617 
2024 0.613595 
2025 0.4 
2026 0.4 
2027 0.4 
2028 0.4 
2029 0.4 
2030 0.4 
2031 0.4 
2032 0.4 
2033 0.4 
2034 0.4 

  Model_1_goa_re_2021.dat 
EquilAvgAgeF0  24.2723 
EquilAvgAgeFabc  15.4863 
AvgAgeYr2034 17.6057 
Alternative 2 Catch
     Model_1_goa_re_2021.dat 
Equil_Fabc 0.574153 
Year 
2021 0.407204 
2022 0.487001 
2023 0.361636 
2024 0.353812 
2025 0.367098 
2026 0.373365 
2027 0.369166 
2028 0.364986 
2029 0.362253 
2030 0.360259 
2031 0.358458 
2032 0.357388 
2033 0.357001 
2034 0.35722 

Alternative 2 ABCs
     Model_1_goa_re_2021.dat 

Year 
2021  NA 
2022  NA 
2023  NA 
2024  NA 
2025 0.367098 
2026 0.373365 
2027 0.369166 
2028 0.364986 
2029 0.362253 
2030 0.360259 
2031 0.358458 
2032 0.357388 
2033 0.357001 
2034 0.35722 

Alternative 2 TACs
     Model_1_goa_re_2021.dat 

Year 
2021  NA 
2022  NA 
2023  NA 
2024  NA 
2025 0.367098 
2026 0.373365 
2027 0.369166 
2028 0.364986 
2029 0.362253 
2030 0.360259 
2031 0.358458 
2032 0.357388 
2033 0.357001 
2034 0.35722 

Alternative 2 Sp_Biomass
     Model_1_goa_re_2021.dat 
Equil_Fabc 5.91051 
Year 
2021 8.68089 
2022 8.61655 
2023 8.56137 
2024 8.5315 
2025 8.51519 
2026 8.49984 
2027 8.47961 
2028 8.45264 
2029 8.42056 
2030 8.38585 
2031 8.35427 
2032 8.3192 
2033 8.29439 
2034 8.28091 

Alternative 2 Fishing Mortality
     Model_1_goa_re_2021.dat 
Equil_Fabc 0.0381281 
Year 
2021 0.0194333 
2022 0.023413 
2023 0.0176152 
2024 0.0172727 
2025 0.0177906 
2026 0.0177906 
2027 0.0177906 
2028 0.0177906 
2029 0.0177906 
2030 0.0177906 
2031 0.0177906 
2032 0.0177906 
2033 0.0177906 
2034 0.0177906 

Alternative 2 Biomass
     Model_1_goa_re_2021.dat 

Year 
2021 26.1606 
2022 26.0373 
2023 25.8439 
2024 25.787 
2025 25.7509 
2026 25.7135 
2027 25.6812 
2028 25.6677 
2029 25.6687 
2030 25.6823 
2031 25.7066 
2032 25.7421 
2033 25.7859 
2034 25.8346 

Alternative 2 Implied SPR rate 
     Model_1_goa_re_2021.dat 
Equil_Fabc 0.4 
Year 
2021 0.583304 
2022 0.533722 
2023 0.608617 
2024 0.613595 
2025 0.606094 
2026 0.606094 
2027 0.606094 
2028 0.606094 
2029 0.606094 
2030 0.606094 
2031 0.606094 
2032 0.606094 
2033 0.606094 
2034 0.606094 

  Model_1_goa_re_2021.dat 
EquilAvgAgeF0  24.2723 
EquilAvgAgeFabc  15.4863 
AvgAgeYr2034 18.8305 
Alternative 3 Catch
     Model_1_goa_re_2021.dat 
Equil_Fabc 0.574153 
Year 
2021 0.407204 
2022 0.487001 
2023 0.361636 
2024 0.353812 
2025 0.393134 
2026 0.399366 
2027 0.394402 
2028 0.389482 
2029 0.386133 
2030 0.383597 
2031 0.381286 
2032 0.379777 
2033 0.379015 
2034 0.378918 

Alternative 3 ABCs
     Model_1_goa_re_2021.dat 

Year 
2021  NA 
2022  NA 
2023  NA 
2024  NA 
2025 0.393134 
2026 0.399366 
2027 0.394402 
2028 0.389482 
2029 0.386133 
2030 0.383597 
2031 0.381286 
2032 0.379777 
2033 0.379015 
2034 0.378918 

Alternative 3 TACs
     Model_1_goa_re_2021.dat 

Year 
2021  NA 
2022  NA 
2023  NA 
2024  NA 
2025 0.393134 
2026 0.399366 
2027 0.394402 
2028 0.389482 
2029 0.386133 
2030 0.383597 
2031 0.381286 
2032 0.379777 
2033 0.379015 
2034 0.378918 

Alternative 3 Sp_Biomass
     Model_1_goa_re_2021.dat 
Equil_Fabc 5.91051 
Year 
2021 8.68089 
2022 8.61655 
2023 8.56137 
2024 8.5315 
2025 8.51076 
2026 8.48489 
2027 8.45429 
2028 8.4172 
2029 8.37532 
2030 8.33117 
2031 8.29051 
2032 8.24681 
2033 8.2137 
2034 8.19226 

Alternative 3 Fishing Mortality
     Model_1_goa_re_2021.dat 
Equil_Fabc 0.0381281 
Year 
2021 0.0194333 
2022 0.023413 
2023 0.0176152 
2024 0.0172727 
2025 0.019064 
2026 0.019064 
2027 0.019064 
2028 0.019064 
2029 0.019064 
2030 0.019064 
2031 0.019064 
2032 0.019064 
2033 0.019064 
2034 0.019064 

Alternative 3 Biomass
     Model_1_goa_re_2021.dat 

Year 
2021 26.1606 
2022 26.0373 
2023 25.8439 
2024 25.787 
2025 25.7509 
2026 25.6875 
2027 25.6296 
2028 25.5919 
2029 25.5699 
2030 25.5617 
2031 25.5652 
2032 25.581 
2033 25.606 
2034 25.6368 

Alternative 3 Implied SPR rate 
     Model_1_goa_re_2021.dat 
Equil_Fabc 0.4 
Year 
2021 0.583304 
2022 0.533722 
2023 0.608617 
2024 0.613595 
2025 0.588298 
2026 0.588298 
2027 0.588298 
2028 0.588298 
2029 0.588298 
2030 0.588298 
2031 0.588298 
2032 0.588298 
2033 0.588298 
2034 0.588298 

  Model_1_goa_re_2021.dat 
EquilAvgAgeF0  24.2723 
EquilAvgAgeFabc  15.4863 
AvgAgeYr2034 18.7523 
Alternative 4 Catch
     Model_1_goa_re_2021.dat 
Equil_Fabc 0.574153 
Year 
2021 0.407204 
2022 0.487001 
2023 0.361636 
2024 0.353812 
2025 0.533042 
2026 0.538006 
2027 0.527896 
2028 0.518045 
2029 0.510511 
2030 0.504245 
2031 0.498443 
2032 0.493875 
2033 0.490456 
2034 0.488067 

Alternative 4 ABCs
     Model_1_goa_re_2021.dat 

Year 
2021  NA 
2022  NA 
2023  NA 
2024  NA 
2025 0.533042 
2026 0.538006 
2027 0.527896 
2028 0.518045 
2029 0.510511 
2030 0.504245 
2031 0.498443 
2032 0.493875 
2033 0.490456 
2034 0.488067 

Alternative 4 TACs
     Model_1_goa_re_2021.dat 

Year 
2021  NA 
2022  NA 
2023  NA 
2024  NA 
2025 0.533042 
2026 0.538006 
2027 0.527896 
2028 0.518045 
2029 0.510511 
2030 0.504245 
2031 0.498443 
2032 0.493875 
2033 0.490456 
2034 0.488067 

Alternative 4 Sp_Biomass
     Model_1_goa_re_2021.dat 
Equil_Fabc 5.91051 
Year 
2021 8.68089 
2022 8.61655 
2023 8.56137 
2024 8.5315 
2025 8.48688 
2026 8.40469 
2027 8.31898 
2028 8.22861 
2029 8.13555 
2030 8.04249 
2031 7.95517 
2032 7.86748 
2033 7.79251 
2034 7.73114 

Alternative 4 Fishing Mortality
     Model_1_goa_re_2021.dat 
Equil_Fabc 0.0381281 
Year 
2021 0.0194333 
2022 0.023413 
2023 0.0176152 
2024 0.0172727 
2025 0.0259344 
2026 0.0259344 
2027 0.0259344 
2028 0.0259344 
2029 0.0259344 
2030 0.0259344 
2031 0.0259344 
2032 0.0259344 
2033 0.0259344 
2034 0.0259344 

Alternative 4 Biomass
     Model_1_goa_re_2021.dat 

Year 
2021 26.1606 
2022 26.0373 
2023 25.8439 
2024 25.787 
2025 25.7509 
2026 25.5476 
2027 25.3536 
2028 25.1877 
2029 25.0451 
2030 24.9234 
2031 24.8198 
2032 24.7347 
2033 24.6645 
2034 24.6054 

Alternative 4 Implied SPR rate 
     Model_1_goa_re_2021.dat 
Equil_Fabc 0.4 
Year 
2021 0.583304 
2022 0.533722 
2023 0.608617 
2024 0.613595 
2025 0.505871 
2026 0.505871 
2027 0.505871 
2028 0.505871 
2029 0.505871 
2030 0.505871 
2031 0.505871 
2032 0.505871 
2033 0.505871 
2034 0.505871 

  Model_1_goa_re_2021.dat 
EquilAvgAgeF0  24.2723 
EquilAvgAgeFabc  15.4863 
AvgAgeYr2034 18.3338 
Alternative 5 Catch
     Model_1_goa_re_2021.dat 
Equil_Fabc 0.574153 
Year 
2021 0.407204 
2022 0.487001 
2023 0.361636 
2024 0.353812 
2025  NA 
2026  NA 
2027  NA 
2028  NA 
2029  NA 
2030  NA 
2031  NA 
2032  NA 
2033  NA 
2034  NA 

Alternative 5 ABCs
     Model_1_goa_re_2021.dat 

Year 
2021  NA 
2022  NA 
2023  NA 
2024  NA 
2025  NA 
2026  NA 
2027  NA 
2028  NA 
2029  NA 
2030  NA 
2031  NA 
2032  NA 
2033  NA 
2034  NA 

Alternative 5 TACs
     Model_1_goa_re_2021.dat 

Year 
2021  NA 
2022  NA 
2023  NA 
2024  NA 
2025  NA 
2026  NA 
2027  NA 
2028  NA 
2029  NA 
2030  NA 
2031  NA 
2032  NA 
2033  NA 
2034  NA 

Alternative 5 Sp_Biomass
     Model_1_goa_re_2021.dat 
Equil_Fabc 5.91051 
Year 
2021 8.68089 
2022 8.61655 
2023 8.56137 
2024 8.5315 
2025 8.57738 
2026 8.71153 
2027 8.84159 
2028 8.96399 
2029 9.07939 
2030 9.1896 
2031 9.3002 
2032 9.40307 
2033 9.51324 
2034 9.63204 

Alternative 5 Fishing Mortality
     Model_1_goa_re_2021.dat 
Equil_Fabc 0.0381281 
Year 
2021 0.0194333 
2022 0.023413 
2023 0.0176152 
2024 0.0172727 
2025  NA 
2026  NA 
2027  NA 
2028  NA 
2029  NA 
2030  NA 
2031  NA 
2032  NA 
2033  NA 
2034  NA 

Alternative 5 Biomass
     Model_1_goa_re_2021.dat 

Year 
2021 26.1606 
2022 26.0373 
2023 25.8439 
2024 25.787 
2025 25.7509 
2026 26.0805 
2027 26.4149 
2028 26.7566 
2029 27.1007 
2030 27.4467 
2031 27.7932 
2032 28.141 
2033 28.4878 
2034 28.8308 

Alternative 5 Implied SPR rate 
     Model_1_goa_re_2021.dat 
Equil_Fabc 0.4 
Year 
2021 0.583304 
2022 0.533722 
2023 0.608617 
2024 0.613595 
2025 1 
2026 1 
2027 1 
2028 1 
2029 1 
2030 1 
2031 1 
2032 1 
2033 1 
2034 1 

  Model_1_goa_re_2021.dat 
EquilAvgAgeF0  24.2723 
EquilAvgAgeFabc  15.4863 
AvgAgeYr2034 19.9393 
Alternative 6 Catch
     Model_1_goa_re_2021.dat 
Equil_Fabc 0.574153 
Year 
2021 0.407204 
2022 0.945654 
2023 0.910866 
2024 0.885195 
2025 0.869947 
2026 0.864962 
2027 0.834569 
2028 0.805833 
2029 0.782241 
2030 0.761844 
2031 0.743165 
2032 0.727458 
2033 0.714477 
2034 0.703924 

Alternative 6 ABCs
     Model_1_goa_re_2021.dat 

Year 
2021 0.950818 
2022 0.945654 
2023 0.910867 
2024 0.885195 
2025 0.869947 
2026 0.864962 
2027 0.834569 
2028 0.805833 
2029 0.782241 
2030 0.761844 
2031 0.743165 
2032 0.727458 
2033 0.714477 
2034 0.703924 

Alternative 6 TACs
     Model_1_goa_re_2021.dat 

Year 
2021  NA 
2022 0.945654 
2023 0.910867 
2024 0.885195 
2025 0.869947 
2026 0.864962 
2027 0.834569 
2028 0.805833 
2029 0.782241 
2030 0.761844 
2031 0.743165 
2032 0.727458 
2033 0.714477 
2034 0.703924 

Alternative 6 Sp_Biomass
     Model_1_goa_re_2021.dat 
Equil_Fabc 5.91051 
Year 
2021 8.68089 
2022 8.53718 
2023 8.27881 
2024 8.02813 
2025 7.80221 
2026 7.5896 
2027 7.3819 
2028 7.17895 
2029 6.98262 
2030 6.79528 
2031 6.62174 
2032 6.45726 
2033 6.31228 
2034 6.18694 

Alternative 6 Fishing Mortality
     Model_1_goa_re_2021.dat 
Equil_Fabc 0.0381281 
Year 
2021 0.0194333 
2022 0.0459617 
2023 0.0459617 
2024 0.0459617 
2025 0.0459618 
2026 0.0459618 
2027 0.0459618 
2028 0.0459618 
2029 0.0459618 
2030 0.0459618 
2031 0.0459618 
2032 0.0459618 
2033 0.0459618 
2034 0.0459618 

Alternative 6 Biomass
     Model_1_goa_re_2021.dat 

Year 
2021 26.1606 
2022 26.0373 
2023 25.3856 
2024 24.7887 
2025 24.2415 
2026 23.732 
2027 23.2488 
2028 22.8208 
2029 22.4422 
2030 22.1068 
2031 21.8098 
2032 21.5496 
2033 21.3204 
2034 21.1166 

Alternative 6 Implied SPR rate 
     Model_1_goa_re_2021.dat 
Equil_Fabc 0.4 
Year 
2021 0.583304 
2022 0.35 
2023 0.35 
2024 0.35 
2025 0.35 
2026 0.35 
2027 0.35 
2028 0.35 
2029 0.35 
2030 0.35 
2031 0.35 
2032 0.35 
2033 0.35 
2034 0.35 

  Model_1_goa_re_2021.dat 
EquilAvgAgeF0  24.2723 
EquilAvgAgeFabc  15.4863 
AvgAgeYr2034 16.7221 
Alternative 7 Catch
     Model_1_goa_re_2021.dat 
Equil_Fabc 0.574153 
Year 
2021 0.407204 
2022 0.787453 
2023 0.764189 
2024 0.898291 
2025 0.882254 
2026 0.876523 
2027 0.845383 
2028 0.815939 
2029 0.79168 
2030 0.770645 
2031 0.751357 
2032 0.735073 
2033 0.721548 
2034 0.710485 

Alternative 7 ABCs
     Model_1_goa_re_2021.dat 

Year 
2021 0.950818 
2022 0.945654 
2023 0.917726 
2024 0.898291 
2025 0.882254 
2026 0.876523 
2027 0.845383 
2028 0.815939 
2029 0.79168 
2030 0.770645 
2031 0.751357 
2032 0.735073 
2033 0.721548 
2034 0.710485 

Alternative 7 TACs
     Model_1_goa_re_2021.dat 

Year 
2021  NA 
2022 0.945654 
2023 0.917726 
2024 0.898291 
2025 0.882254 
2026 0.876523 
2027 0.845383 
2028 0.815939 
2029 0.79168 
2030 0.770645 
2031 0.751357 
2032 0.735073 
2033 0.721548 
2034 0.710485 

Alternative 7 Sp_Biomass
     Model_1_goa_re_2021.dat 
Equil_Fabc 5.91051 
Year 
2021 8.68089 
2022 8.56467 
2023 8.36898 
2024 8.15025 
2025 7.91858 
2026 7.7001 
2027 7.48642 
2028 7.27746 
2029 7.07519 
2030 6.88207 
2031 6.70297 
2032 6.53301 
2033 6.38279 
2034 6.25247 

Alternative 7 Fishing Mortality
     Model_1_goa_re_2021.dat 
Equil_Fabc 0.0381281 
Year 
2021 0.0194333 
2022 0.0381281 
2023 0.0381281 
2024 0.0459617 
2025 0.0459618 
2026 0.0459618 
2027 0.0459618 
2028 0.0459618 
2029 0.0459618 
2030 0.0459618 
2031 0.0459618 
2032 0.0459618 
2033 0.0459618 
2034 0.0459618 

Alternative 7 Biomass
     Model_1_goa_re_2021.dat 

Year 
2021 26.1606 
2022 26.0373 
2023 25.5436 
2024 25.0903 
2025 24.524 
2026 23.9963 
2027 23.4956 
2028 23.0511 
2029 22.6567 
2030 22.3065 
2031 21.9954 
2032 21.7221 
2033 21.4806 
2034 21.2652 

Alternative 7 Implied SPR rate 
     Model_1_goa_re_2021.dat 
Equil_Fabc 0.4 
Year 
2021 0.583304 
2022 0.4 
2023 0.4 
2024 0.35 
2025 0.35 
2026 0.35 
2027 0.35 
2028 0.35 
2029 0.35 
2030 0.35 
2031 0.35 
2032 0.35 
2033 0.35 
2034 0.35 

  Model_1_goa_re_2021.dat 
EquilAvgAgeF0  24.2723 
EquilAvgAgeFabc  15.4863 
AvgAgeYr2034 16.8041 
