
SB0 SB40 SB35 MeanRec HarMeanRec Bnow
14.7763 5.91051 5.1717 0.0012409 0.0010938 8.87677 
CV Recruit
0.366724 
Alternative 1 Alternative  Stock: Model_1_goa_re_2021.dat
Catch Model_1_goa_re_2021.dat
Year C0 Cabc Cofl LowCI_Catch Median_Catch Mean_Catch UpperCI_Catch Stdev_Catch 
2021  0 0.574153 0.615453 0.407204 0.407204 0.407204 0.407204 1.83187e-15 
2022  0 0.574153 0.615453 0.487001 0.487001 0.487001 0.487001 8.75927e-14 
2023  0 0.574153 0.615453 0.361636 0.361636 0.361636 0.361636 3.29357e-12 
2024  0 0.574153 0.615453 0.353812 0.353812 0.353812 0.353812 1.28934e-11 
2025  0 0.574153 0.615453 0.779034 0.779073 0.779077 0.779135 3.22716e-05 
2026  0 0.574153 0.615453 0.777233 0.777359 0.777371 0.777558 0.000102279 
2027  0 0.574153 0.615453 0.753706 0.754039 0.754076 0.754571 0.00027258 
2028  0 0.574153 0.615453 0.731016 0.731728 0.731818 0.732832 0.000583708 
2029  0 0.574153 0.615453 0.712249 0.713426 0.713554 0.715269 0.000947969 
2030  0 0.574153 0.615453 0.695887 0.697576 0.697685 0.699797 0.00125396 
2031  0 0.574153 0.615453 0.680802 0.682884 0.682996 0.685484 0.00151421 
2032  0 0.574153 0.615453 0.66803 0.670463 0.670572 0.673431 0.00177191 
2033  0 0.574153 0.615453 0.657005 0.660182 0.660251 0.664238 0.0022453 
2034  0 0.574153 0.615453 0.64625 0.651314 0.651819 0.659059 0.00391775 

Spawning_Biomass Model_1_goa_re_2021.dat
Year SSB100 SSBabc SSBofl LowCI_SSB Median_SSB Mean_SSB UpperCI_SSB Stdev_SSB 
2021 14.7763 5.91051 5.1717 8.68089 8.68089 8.68089 8.68089 7.99361e-14 
2022 14.7763 5.91051 5.1717 8.61655 8.61655 8.61655 8.61655 4.42845e-08 
2023 14.7763 5.91051 5.1717 8.56137 8.56137 8.56137 8.56137 2.6924e-07 
2024 14.7763 5.91051 5.1717 8.5315 8.5315 8.5315 8.5315 1.17384e-06 
2025 14.7763 5.91051 5.1717 8.44467 8.44467 8.44467 8.44467 2.07757e-06 
2026 14.7763 5.91051 5.1717 8.26415 8.26422 8.26424 8.26436 6.63217e-05 
2027 14.7763 5.91051 5.1717 8.08402 8.08422 8.08424 8.08454 0.000165781 
2028 14.7763 5.91051 5.1717 7.90392 7.90441 7.90446 7.90515 0.000391314 
2029 14.7763 5.91051 5.1717 7.72575 7.72708 7.72722 7.72922 0.00108696 
2030 14.7763 5.91051 5.1717 7.55156 7.55495 7.55534 7.56039 0.00278947 
2031 14.7763 5.91051 5.1717 7.38604 7.39339 7.39433 7.40498 0.0060773 
2032 14.7763 5.91051 5.1717 7.22225 7.23693 7.23867 7.26008 0.0121921 
2033 14.7763 5.91051 5.1717 7.07082 7.09705 7.10033 7.13921 0.0221357 
2034 14.7763 5.91051 5.1717 6.92941 6.97539 6.97975 7.04413 0.0367957 

Fishing_mortalityModel_1_goa_re_2021.dat
Year F0 Fabc Fofl LowCI_F Median_F Mean_F UpperCI_F Stdev_F 
2021  0 0.0381281 0.0459618 0.0194333 0.0194333 0.0194333 0.0194333 2.42861e-17 
2022  0 0.0381281 0.0459618 0.023413 0.023413 0.023413 0.023413 1.25219e-08 
2023  0 0.0381281 0.0459618 0.0176151 0.0176152 0.0176152 0.0176153 4.73796e-08 
2024  0 0.0381281 0.0459618 0.0172723 0.0172727 0.0172727 0.017273 1.95649e-07 
2025  0 0.0381281 0.0459618 0.0381281 0.0381281 0.0381281 0.0381281 2.77556e-17 
2026  0 0.0381281 0.0459618 0.0381281 0.0381281 0.0381281 0.0381281 2.77556e-17 
2027  0 0.0381281 0.0459618 0.0381281 0.0381281 0.0381281 0.0381281 2.77556e-17 
2028  0 0.0381281 0.0459618 0.0381281 0.0381281 0.0381281 0.0381281 2.77556e-17 
2029  0 0.0381281 0.0459618 0.0381281 0.0381281 0.0381281 0.0381281 2.77556e-17 
2030  0 0.0381281 0.0459618 0.0381281 0.0381281 0.0381281 0.0381281 2.77556e-17 
2031  0 0.0381281 0.0459618 0.0381281 0.0381281 0.0381281 0.0381281 2.77556e-17 
2032  0 0.0381281 0.0459618 0.0381281 0.0381281 0.0381281 0.0381281 2.77556e-17 
2033  0 0.0381281 0.0459618 0.0381281 0.0381281 0.0381281 0.0381281 2.77556e-17 
2034  0 0.0381281 0.0459618 0.0381281 0.0381281 0.0381281 0.0381281 2.77556e-17 

Total_BiomassModel_1_goa_re_2021.dat
Year B100 Babc Bofl LowCI_Biom Median_Biom Mean_Biom UpperCI_Biom Stdev_Biom 
2021 81.0512 20.7663 19.0773 26.1606 26.1606 26.1606 26.1606 8.17124e-14 
2022 81.0512 20.7663 19.0773 26.0044 26.0328 26.0373 26.0862 0.0257726 
2023 81.0512 20.7663 19.0773 25.7731 25.8373 25.8439 25.9311 0.0509435 
2024 81.0512 20.7663 19.0773 25.6682 25.7764 25.787 25.9408 0.0842765 
2025 81.0512 20.7663 19.0773 25.5744 25.7398 25.7509 25.9661 0.125859 
2026 81.0512 20.7663 19.0773 25.0534 25.2843 25.3016 25.5972 0.174506 
2027 81.0512 20.7663 19.0773 24.5456 24.8543 24.8728 25.2576 0.228839 
2028 81.0512 20.7663 19.0773 24.0749 24.47 24.4897 24.9748 0.285805 
2029 81.0512 20.7663 19.0773 23.6432 24.1303 24.1471 24.7464 0.346247 
2030 81.0512 20.7663 19.0773 23.2184 23.8325 23.8407 24.5244 0.407303 
2031 81.0512 20.7663 19.0773 22.856 23.5621 23.5666 24.368 0.470399 
2032 81.0512 20.7663 19.0773 22.5148 23.3251 23.324 24.1903 0.533399 
2033 81.0512 20.7663 19.0773 22.2125 23.0935 23.1082 24.0819 0.596344 
2034 81.0512 20.7663 19.0773 21.9291 22.8861 22.9142 23.9271 0.658674 
Alternative 2 Alternative  Stock: Model_1_goa_re_2021.dat
Catch Model_1_goa_re_2021.dat
Year C0 Cabc Cofl LowCI_Catch Median_Catch Mean_Catch UpperCI_Catch Stdev_Catch 
2021  0 0.574153 0.615453 0.407204 0.407204 0.407204 0.407204 1.83187e-15 
2022  0 0.574153 0.615453 0.487001 0.487001 0.487001 0.487001 8.75927e-14 
2023  0 0.574153 0.615453 0.361636 0.361636 0.361636 0.361636 3.29357e-12 
2024  0 0.574153 0.615453 0.353812 0.353812 0.353812 0.353812 1.28934e-11 
2025  0 0.574153 0.615453 0.367078 0.367096 0.367098 0.367125 1.506e-05 
2026  0 0.574153 0.615453 0.3733 0.373359 0.373365 0.373452 4.77433e-05 
2027  0 0.574153 0.615453 0.368993 0.369149 0.369166 0.369397 0.000127313 
2028  0 0.574153 0.615453 0.364611 0.364945 0.364986 0.365461 0.000272922 
2029  0 0.574153 0.615453 0.361642 0.362193 0.362253 0.363054 0.000443843 
2030  0 0.574153 0.615453 0.359416 0.360208 0.360259 0.361249 0.000587851 
2031  0 0.574153 0.615453 0.357429 0.358405 0.358458 0.359626 0.000710642 
2032  0 0.574153 0.615453 0.356194 0.357338 0.357388 0.358732 0.000832555 
2033  0 0.574153 0.615453 0.355475 0.356969 0.357001 0.358878 0.00105727 
2034  0 0.574153 0.615453 0.354586 0.356987 0.35722 0.360646 0.00185475 

Spawning_Biomass Model_1_goa_re_2021.dat
Year SSB100 SSBabc SSBofl LowCI_SSB Median_SSB Mean_SSB UpperCI_SSB Stdev_SSB 
2021 14.7763 5.91051 5.1717 8.68089 8.68089 8.68089 8.68089 7.99361e-14 
2022 14.7763 5.91051 5.1717 8.61655 8.61655 8.61655 8.61655 4.42845e-08 
2023 14.7763 5.91051 5.1717 8.56137 8.56137 8.56137 8.56137 2.6924e-07 
2024 14.7763 5.91051 5.1717 8.5315 8.5315 8.5315 8.5315 1.17384e-06 
2025 14.7763 5.91051 5.1717 8.51519 8.51519 8.51519 8.5152 2.09521e-06 
2026 14.7763 5.91051 5.1717 8.49976 8.49983 8.49984 8.49997 6.64008e-05 
2027 14.7763 5.91051 5.1717 8.47939 8.47959 8.47961 8.47991 0.000166023 
2028 14.7763 5.91051 5.1717 8.4521 8.45259 8.45264 8.45333 0.000392212 
2029 14.7763 5.91051 5.1717 8.41908 8.42042 8.42056 8.42256 0.00109117 
2030 14.7763 5.91051 5.1717 8.38205 8.38545 8.38585 8.39093 0.00280565 
2031 14.7763 5.91051 5.1717 8.34591 8.35332 8.35427 8.36501 0.00612402 
2032 14.7763 5.91051 5.1717 8.30263 8.31744 8.3192 8.34081 0.0123086 
2033 14.7763 5.91051 5.1717 8.26454 8.2911 8.29439 8.33372 0.022393 
2034 14.7763 5.91051 5.1717 8.22988 8.27649 8.28091 8.34606 0.0373477 

Fishing_mortalityModel_1_goa_re_2021.dat
Year F0 Fabc Fofl LowCI_F Median_F Mean_F UpperCI_F Stdev_F 
2021  0 0.0381281 0.0459618 0.0194333 0.0194333 0.0194333 0.0194333 2.42861e-17 
2022  0 0.0381281 0.0459618 0.023413 0.023413 0.023413 0.023413 1.25219e-08 
2023  0 0.0381281 0.0459618 0.0176151 0.0176152 0.0176152 0.0176153 4.73796e-08 
2024  0 0.0381281 0.0459618 0.0172723 0.0172727 0.0172727 0.017273 1.95649e-07 
2025  0 0.0381281 0.0459618 0.0177906 0.0177906 0.0177906 0.0177906 3.1225e-17 
2026  0 0.0381281 0.0459618 0.0177906 0.0177906 0.0177906 0.0177906 3.1225e-17 
2027  0 0.0381281 0.0459618 0.0177906 0.0177906 0.0177906 0.0177906 3.1225e-17 
2028  0 0.0381281 0.0459618 0.0177906 0.0177906 0.0177906 0.0177906 3.1225e-17 
2029  0 0.0381281 0.0459618 0.0177906 0.0177906 0.0177906 0.0177906 3.1225e-17 
2030  0 0.0381281 0.0459618 0.0177906 0.0177906 0.0177906 0.0177906 3.1225e-17 
2031  0 0.0381281 0.0459618 0.0177906 0.0177906 0.0177906 0.0177906 3.1225e-17 
2032  0 0.0381281 0.0459618 0.0177906 0.0177906 0.0177906 0.0177906 3.1225e-17 
2033  0 0.0381281 0.0459618 0.0177906 0.0177906 0.0177906 0.0177906 3.1225e-17 
2034  0 0.0381281 0.0459618 0.0177906 0.0177906 0.0177906 0.0177906 3.1225e-17 

Total_BiomassModel_1_goa_re_2021.dat
Year B100 Babc Bofl LowCI_Biom Median_Biom Mean_Biom UpperCI_Biom Stdev_Biom 
2021 81.0512 20.7663 19.0773 26.1606 26.1606 26.1606 26.1606 8.17124e-14 
2022 81.0512 20.7663 19.0773 26.0044 26.0328 26.0373 26.0862 0.0257726 
2023 81.0512 20.7663 19.0773 25.7731 25.8373 25.8439 25.9311 0.0509435 
2024 81.0512 20.7663 19.0773 25.6682 25.7764 25.787 25.9408 0.0842765 
2025 81.0512 20.7663 19.0773 25.5744 25.7398 25.7509 25.9661 0.125859 
2026 81.0512 20.7663 19.0773 25.4653 25.6961 25.7135 26.0091 0.174525 
2027 81.0512 20.7663 19.0773 25.3539 25.6627 25.6812 26.0661 0.228917 
2028 81.0512 20.7663 19.0773 25.2526 25.648 25.6677 26.1534 0.286035 
2029 81.0512 20.7663 19.0773 25.1639 25.6514 25.6687 26.2676 0.346795 
2030 81.0512 20.7663 19.0773 25.058 25.6738 25.6823 26.3677 0.408374 
2031 81.0512 20.7663 19.0773 24.9944 25.7017 25.7066 26.5124 0.472182 
2032 81.0512 20.7663 19.0773 24.9271 25.7428 25.7421 26.6136 0.536055 
2033 81.0512 20.7663 19.0773 24.8839 25.7679 25.7859 26.7712 0.600016 
2034 81.0512 20.7663 19.0773 24.8416 25.806 25.8346 26.8622 0.6636 
Alternative 3 Alternative  Stock: Model_1_goa_re_2021.dat
Catch Model_1_goa_re_2021.dat
Year C0 Cabc Cofl LowCI_Catch Median_Catch Mean_Catch UpperCI_Catch Stdev_Catch 
2021  0 0.574153 0.615453 0.407204 0.407204 0.407204 0.407204 1.83187e-15 
2022  0 0.574153 0.615453 0.487001 0.487001 0.487001 0.487001 8.75927e-14 
2023  0 0.574153 0.615453 0.361636 0.361636 0.361636 0.361636 3.29357e-12 
2024  0 0.574153 0.615453 0.353812 0.353812 0.353812 0.353812 1.28934e-11 
2025  0 0.574153 0.615453 0.393112 0.393132 0.393134 0.393163 1.61379e-05 
2026  0 0.574153 0.615453 0.399297 0.39936 0.399366 0.39946 5.11595e-05 
2027  0 0.574153 0.615453 0.394217 0.394383 0.394402 0.39465 0.000136418 
2028  0 0.574153 0.615453 0.389081 0.389438 0.389482 0.38999 0.00029242 
2029  0 0.574153 0.615453 0.385479 0.38607 0.386133 0.386993 0.000475512 
2030  0 0.574153 0.615453 0.382694 0.383543 0.383597 0.384658 0.000629745 
2031  0 0.574153 0.615453 0.380184 0.38123 0.381286 0.382538 0.000761234 
2032  0 0.574153 0.615453 0.378498 0.379723 0.379777 0.381217 0.000891761 
2033  0 0.574153 0.615453 0.377381 0.378981 0.379015 0.381025 0.0011323 
2034  0 0.574153 0.615453 0.376099 0.37867 0.378918 0.382586 0.00198571 

Spawning_Biomass Model_1_goa_re_2021.dat
Year SSB100 SSBabc SSBofl LowCI_SSB Median_SSB Mean_SSB UpperCI_SSB Stdev_SSB 
2021 14.7763 5.91051 5.1717 8.68089 8.68089 8.68089 8.68089 7.99361e-14 
2022 14.7763 5.91051 5.1717 8.61655 8.61655 8.61655 8.61655 4.42845e-08 
2023 14.7763 5.91051 5.1717 8.56137 8.56137 8.56137 8.56137 2.6924e-07 
2024 14.7763 5.91051 5.1717 8.5315 8.5315 8.5315 8.5315 1.17384e-06 
2025 14.7763 5.91051 5.1717 8.51076 8.51076 8.51076 8.51076 2.0941e-06 
2026 14.7763 5.91051 5.1717 8.4848 8.48488 8.48489 8.48501 6.63958e-05 
2027 14.7763 5.91051 5.1717 8.45406 8.45426 8.45429 8.45458 0.000166008 
2028 14.7763 5.91051 5.1717 8.41666 8.41715 8.4172 8.41789 0.000392156 
2029 14.7763 5.91051 5.1717 8.37385 8.37518 8.37532 8.37733 0.0010909 
2030 14.7763 5.91051 5.1717 8.32738 8.33078 8.33117 8.33625 0.00280463 
2031 14.7763 5.91051 5.1717 8.28216 8.28957 8.29051 8.30125 0.00612108 
2032 14.7763 5.91051 5.1717 8.23025 8.24505 8.24681 8.26841 0.0123013 
2033 14.7763 5.91051 5.1717 8.18388 8.21042 8.2137 8.25301 0.0223768 
2034 14.7763 5.91051 5.1717 8.14127 8.18784 8.19226 8.25736 0.0373128 

Fishing_mortalityModel_1_goa_re_2021.dat
Year F0 Fabc Fofl LowCI_F Median_F Mean_F UpperCI_F Stdev_F 
2021  0 0.0381281 0.0459618 0.0194333 0.0194333 0.0194333 0.0194333 2.42861e-17 
2022  0 0.0381281 0.0459618 0.023413 0.023413 0.023413 0.023413 1.25219e-08 
2023  0 0.0381281 0.0459618 0.0176151 0.0176152 0.0176152 0.0176153 4.73796e-08 
2024  0 0.0381281 0.0459618 0.0172723 0.0172727 0.0172727 0.017273 1.95649e-07 
2025  0 0.0381281 0.0459618 0.019064 0.019064 0.019064 0.019064 1.38778e-17 
2026  0 0.0381281 0.0459618 0.019064 0.019064 0.019064 0.019064 1.38778e-17 
2027  0 0.0381281 0.0459618 0.019064 0.019064 0.019064 0.019064 1.38778e-17 
2028  0 0.0381281 0.0459618 0.019064 0.019064 0.019064 0.019064 1.38778e-17 
2029  0 0.0381281 0.0459618 0.019064 0.019064 0.019064 0.019064 1.38778e-17 
2030  0 0.0381281 0.0459618 0.019064 0.019064 0.019064 0.019064 1.38778e-17 
2031  0 0.0381281 0.0459618 0.019064 0.019064 0.019064 0.019064 1.38778e-17 
2032  0 0.0381281 0.0459618 0.019064 0.019064 0.019064 0.019064 1.38778e-17 
2033  0 0.0381281 0.0459618 0.019064 0.019064 0.019064 0.019064 1.38778e-17 
2034  0 0.0381281 0.0459618 0.019064 0.019064 0.019064 0.019064 1.38778e-17 

Total_BiomassModel_1_goa_re_2021.dat
Year B100 Babc Bofl LowCI_Biom Median_Biom Mean_Biom UpperCI_Biom Stdev_Biom 
2021 81.0512 20.7663 19.0773 26.1606 26.1606 26.1606 26.1606 8.17124e-14 
2022 81.0512 20.7663 19.0773 26.0044 26.0328 26.0373 26.0862 0.0257726 
2023 81.0512 20.7663 19.0773 25.7731 25.8373 25.8439 25.9311 0.0509435 
2024 81.0512 20.7663 19.0773 25.6682 25.7764 25.787 25.9408 0.0842765 
2025 81.0512 20.7663 19.0773 25.5744 25.7398 25.7509 25.9661 0.125859 
2026 81.0512 20.7663 19.0773 25.4392 25.6701 25.6875 25.9831 0.174524 
2027 81.0512 20.7663 19.0773 25.3024 25.6112 25.6296 26.0146 0.228912 
2028 81.0512 20.7663 19.0773 25.1768 25.5722 25.5919 26.0776 0.28602 
2029 81.0512 20.7663 19.0773 25.0651 25.5526 25.5699 26.1689 0.34676 
2030 81.0512 20.7663 19.0773 24.9375 25.5532 25.5617 26.247 0.408306 
2031 81.0512 20.7663 19.0773 24.8531 25.5603 25.5652 26.3708 0.47207 
2032 81.0512 20.7663 19.0773 24.7664 25.5817 25.581 26.4522 0.535888 
2033 81.0512 20.7663 19.0773 24.7044 25.5878 25.606 26.5906 0.599785 
2034 81.0512 20.7663 19.0773 24.6443 25.6081 25.6368 26.6635 0.66329 
Alternative 4 Alternative  Stock: Model_1_goa_re_2021.dat
Catch Model_1_goa_re_2021.dat
Year C0 Cabc Cofl LowCI_Catch Median_Catch Mean_Catch UpperCI_Catch Stdev_Catch 
2021  0 0.574153 0.615453 0.407204 0.407204 0.407204 0.407204 1.83187e-15 
2022  0 0.574153 0.615453 0.487001 0.487001 0.487001 0.487001 8.75927e-14 
2023  0 0.574153 0.615453 0.361636 0.361636 0.361636 0.361636 3.29357e-12 
2024  0 0.574153 0.615453 0.353812 0.353812 0.353812 0.353812 1.28934e-11 
2025  0 0.574153 0.615453 0.533013 0.53304 0.533042 0.533082 2.19527e-05 
2026  0 0.574153 0.615453 0.537912 0.537998 0.538006 0.538133 6.95867e-05 
2027  0 0.574153 0.615453 0.527644 0.527871 0.527896 0.528233 0.000185518 
2028  0 0.574153 0.615453 0.517499 0.517985 0.518045 0.518736 0.000397525 
2029  0 0.574153 0.615453 0.509622 0.510424 0.510511 0.511679 0.000646129 
2030  0 0.574153 0.615453 0.503019 0.504171 0.504245 0.505686 0.000855335 
2031  0 0.574153 0.615453 0.496946 0.498367 0.498443 0.500142 0.00103354 
2032  0 0.574153 0.615453 0.492139 0.493799 0.493875 0.495828 0.00121028 
2033  0 0.574153 0.615453 0.488238 0.49041 0.490456 0.493183 0.00153561 
2034  0 0.574153 0.615453 0.484248 0.48773 0.488067 0.493033 0.0026881 

Spawning_Biomass Model_1_goa_re_2021.dat
Year SSB100 SSBabc SSBofl LowCI_SSB Median_SSB Mean_SSB UpperCI_SSB Stdev_SSB 
2021 14.7763 5.91051 5.1717 8.68089 8.68089 8.68089 8.68089 7.99361e-14 
2022 14.7763 5.91051 5.1717 8.61655 8.61655 8.61655 8.61655 4.42845e-08 
2023 14.7763 5.91051 5.1717 8.56137 8.56137 8.56137 8.56137 2.6924e-07 
2024 14.7763 5.91051 5.1717 8.5315 8.5315 8.5315 8.5315 1.17384e-06 
2025 14.7763 5.91051 5.1717 8.48688 8.48688 8.48688 8.48689 2.08813e-06 
2026 14.7763 5.91051 5.1717 8.4046 8.40467 8.40469 8.40481 6.6369e-05 
2027 14.7763 5.91051 5.1717 8.31876 8.31896 8.31898 8.31928 0.000165925 
2028 14.7763 5.91051 5.1717 8.22807 8.22856 8.22861 8.2293 0.000391851 
2029 14.7763 5.91051 5.1717 8.13408 8.13541 8.13555 8.13755 0.00108948 
2030 14.7763 5.91051 5.1717 8.0387 8.0421 8.04249 8.04756 0.00279916 
2031 14.7763 5.91051 5.1717 7.94684 7.95422 7.95517 7.96588 0.00610526 
2032 14.7763 5.91051 5.1717 7.85097 7.86573 7.86748 7.88901 0.0122618 
2033 14.7763 5.91051 5.1717 7.7628 7.78923 7.79251 7.83166 0.0222896 
2034 14.7763 5.91051 5.1717 7.68039 7.72674 7.73114 7.79598 0.0371256 

Fishing_mortalityModel_1_goa_re_2021.dat
Year F0 Fabc Fofl LowCI_F Median_F Mean_F UpperCI_F Stdev_F 
2021  0 0.0381281 0.0459618 0.0194333 0.0194333 0.0194333 0.0194333 2.42861e-17 
2022  0 0.0381281 0.0459618 0.023413 0.023413 0.023413 0.023413 1.25219e-08 
2023  0 0.0381281 0.0459618 0.0176151 0.0176152 0.0176152 0.0176153 4.73796e-08 
2024  0 0.0381281 0.0459618 0.0172723 0.0172727 0.0172727 0.017273 1.95649e-07 
2025  0 0.0381281 0.0459618 0.0259344 0.0259344 0.0259344 0.0259344 1.42247e-16 
2026  0 0.0381281 0.0459618 0.0259344 0.0259344 0.0259344 0.0259344 1.42247e-16 
2027  0 0.0381281 0.0459618 0.0259344 0.0259344 0.0259344 0.0259344 1.42247e-16 
2028  0 0.0381281 0.0459618 0.0259344 0.0259344 0.0259344 0.0259344 1.42247e-16 
2029  0 0.0381281 0.0459618 0.0259344 0.0259344 0.0259344 0.0259344 1.42247e-16 
2030  0 0.0381281 0.0459618 0.0259344 0.0259344 0.0259344 0.0259344 1.42247e-16 
2031  0 0.0381281 0.0459618 0.0259344 0.0259344 0.0259344 0.0259344 1.42247e-16 
2032  0 0.0381281 0.0459618 0.0259344 0.0259344 0.0259344 0.0259344 1.42247e-16 
2033  0 0.0381281 0.0459618 0.0259344 0.0259344 0.0259344 0.0259344 1.42247e-16 
2034  0 0.0381281 0.0459618 0.0259344 0.0259344 0.0259344 0.0259344 1.42247e-16 

Total_BiomassModel_1_goa_re_2021.dat
Year B100 Babc Bofl LowCI_Biom Median_Biom Mean_Biom UpperCI_Biom Stdev_Biom 
2021 81.0512 20.7663 19.0773 26.1606 26.1606 26.1606 26.1606 8.17124e-14 
2022 81.0512 20.7663 19.0773 26.0044 26.0328 26.0373 26.0862 0.0257726 
2023 81.0512 20.7663 19.0773 25.7731 25.8373 25.8439 25.9311 0.0509435 
2024 81.0512 20.7663 19.0773 25.6682 25.7764 25.787 25.9408 0.0842765 
2025 81.0512 20.7663 19.0773 25.5744 25.7398 25.7509 25.9661 0.125859 
2026 81.0512 20.7663 19.0773 25.2994 25.5302 25.5476 25.8432 0.174518 
2027 81.0512 20.7663 19.0773 25.0264 25.3352 25.3536 25.7385 0.228886 
2028 81.0512 20.7663 19.0773 24.7727 25.168 25.1877 25.6731 0.285943 
2029 81.0512 20.7663 19.0773 24.5406 25.028 25.0451 25.6442 0.346575 
2030 81.0512 20.7663 19.0773 24.2998 24.915 24.9234 25.6081 0.407944 
2031 81.0512 20.7663 19.0773 24.1083 24.8151 24.8198 25.6239 0.471466 
2032 81.0512 20.7663 19.0773 23.922 24.7356 24.7347 25.6042 0.534988 
2033 81.0512 20.7663 19.0773 23.765 24.6473 24.6645 25.6452 0.598541 
2034 81.0512 20.7663 19.0773 23.6155 24.5768 24.6054 25.627 0.66162 
Alternative 5 Alternative  Stock: Model_1_goa_re_2021.dat
Catch Model_1_goa_re_2021.dat
Year C0 Cabc Cofl LowCI_Catch Median_Catch Mean_Catch UpperCI_Catch Stdev_Catch 
2021  0 0.574153 0.615453 0.407204 0.407204 0.407204 0.407204 1.83187e-15 
2022  0 0.574153 0.615453 0.487001 0.487001 0.487001 0.487001 8.75927e-14 
2023  0 0.574153 0.615453 0.361636 0.361636 0.361636 0.361636 3.29357e-12 
2024  0 0.574153 0.615453 0.353812 0.353812 0.353812 0.353812 1.28934e-11 
2025  0 0.574153 0.615453 0 0 0 0 0 
2026  0 0.574153 0.615453 0 0 0 0 0 
2027  0 0.574153 0.615453 0 0 0 0 0 
2028  0 0.574153 0.615453 0 0 0 0 0 
2029  0 0.574153 0.615453 0 0 0 0 0 
2030  0 0.574153 0.615453 0 0 0 0 0 
2031  0 0.574153 0.615453 0 0 0 0 0 
2032  0 0.574153 0.615453 0 0 0 0 0 
2033  0 0.574153 0.615453 0 0 0 0 0 
2034  0 0.574153 0.615453 0 0 0 0 0 

Spawning_Biomass Model_1_goa_re_2021.dat
Year SSB100 SSBabc SSBofl LowCI_SSB Median_SSB Mean_SSB UpperCI_SSB Stdev_SSB 
2021 14.7763 5.91051 5.1717 8.68089 8.68089 8.68089 8.68089 7.99361e-14 
2022 14.7763 5.91051 5.1717 8.61655 8.61655 8.61655 8.61655 4.42845e-08 
2023 14.7763 5.91051 5.1717 8.56137 8.56137 8.56137 8.56137 2.6924e-07 
2024 14.7763 5.91051 5.1717 8.5315 8.5315 8.5315 8.5315 1.17384e-06 
2025 14.7763 5.91051 5.1717 8.57737 8.57738 8.57738 8.57738 2.11077e-06 
2026 14.7763 5.91051 5.1717 8.71145 8.71152 8.71153 8.71166 6.64714e-05 
2027 14.7763 5.91051 5.1717 8.84137 8.84157 8.84159 8.84189 0.000166239 
2028 14.7763 5.91051 5.1717 8.96344 8.96393 8.96399 8.96468 0.000393007 
2029 14.7763 5.91051 5.1717 9.07791 9.07924 9.07939 9.0814 0.00109488 
2030 14.7763 5.91051 5.1717 9.18578 9.1892 9.1896 9.19471 0.0028199 
2031 14.7763 5.91051 5.1717 9.29179 9.29926 9.3002 9.31103 0.00616521 
2032 14.7763 5.91051 5.1717 9.38635 9.40128 9.40307 9.42486 0.0124114 
2033 14.7763 5.91051 5.1717 9.4831 9.50994 9.51324 9.55296 0.0226207 
2034 14.7763 5.91051 5.1717 9.5804 9.62757 9.63204 9.6979 0.0378378 

Fishing_mortalityModel_1_goa_re_2021.dat
Year F0 Fabc Fofl LowCI_F Median_F Mean_F UpperCI_F Stdev_F 
2021  0 0.0381281 0.0459618 0.0194333 0.0194333 0.0194333 0.0194333 2.42861e-17 
2022  0 0.0381281 0.0459618 0.023413 0.023413 0.023413 0.023413 1.25219e-08 
2023  0 0.0381281 0.0459618 0.0176151 0.0176152 0.0176152 0.0176153 4.73796e-08 
2024  0 0.0381281 0.0459618 0.0172723 0.0172727 0.0172727 0.017273 1.95649e-07 
2025  0 0.0381281 0.0459618 0 0 0 0 0 
2026  0 0.0381281 0.0459618 0 0 0 0 0 
2027  0 0.0381281 0.0459618 0 0 0 0 0 
2028  0 0.0381281 0.0459618 0 0 0 0 0 
2029  0 0.0381281 0.0459618 0 0 0 0 0 
2030  0 0.0381281 0.0459618 0 0 0 0 0 
2031  0 0.0381281 0.0459618 0 0 0 0 0 
2032  0 0.0381281 0.0459618 0 0 0 0 0 
2033  0 0.0381281 0.0459618 0 0 0 0 0 
2034  0 0.0381281 0.0459618 0 0 0 0 0 

Total_BiomassModel_1_goa_re_2021.dat
Year B100 Babc Bofl LowCI_Biom Median_Biom Mean_Biom UpperCI_Biom Stdev_Biom 
2021 81.0512 20.7663 19.0773 26.1606 26.1606 26.1606 26.1606 8.17124e-14 
2022 81.0512 20.7663 19.0773 26.0044 26.0328 26.0373 26.0862 0.0257726 
2023 81.0512 20.7663 19.0773 25.7731 25.8373 25.8439 25.9311 0.0509435 
2024 81.0512 20.7663 19.0773 25.6682 25.7764 25.787 25.9408 0.0842765 
2025 81.0512 20.7663 19.0773 25.5744 25.7398 25.7509 25.9661 0.125859 
2026 81.0512 20.7663 19.0773 25.8323 26.0631 26.0805 26.3762 0.174542 
2027 81.0512 20.7663 19.0773 26.0876 26.3964 26.4149 26.7999 0.228986 
2028 81.0512 20.7663 19.0773 26.3412 26.7368 26.7566 27.2428 0.286237 
2029 81.0512 20.7663 19.0773 26.5951 27.0831 27.1007 27.6994 0.347275 
2030 81.0512 20.7663 19.0773 26.8206 27.4379 27.4467 28.1339 0.409315 
2031 81.0512 20.7663 19.0773 27.0796 27.788 27.7932 28.603 0.473753 
2032 81.0512 20.7663 19.0773 27.3219 28.1414 28.141 29.0171 0.538399 
2033 81.0512 20.7663 19.0773 27.5802 28.4729 28.4878 29.475 0.603262 
2034 81.0512 20.7663 19.0773 27.8297 28.8053 28.8308 29.8715 0.667964 
Alternative 6 Alternative  Stock: Model_1_goa_re_2021.dat
Catch Model_1_goa_re_2021.dat
Year C0 Cabc Cofl LowCI_Catch Median_Catch Mean_Catch UpperCI_Catch Stdev_Catch 
2021  0 0.574153 0.615453 0.407204 0.407204 0.407204 0.407204 1.83187e-15 
2022  0 0.574153 0.615453 0.945653 0.945654 0.945654 0.945655 5.05505e-07 
2023  0 0.574153 0.615453 0.910863 0.910866 0.910866 0.910871 2.50515e-06 
2024  0 0.574153 0.615453 0.885181 0.885193 0.885195 0.885214 1.05214e-05 
2025  0 0.574153 0.615453 0.869896 0.869943 0.869947 0.870017 3.86722e-05 
2026  0 0.574153 0.615453 0.864797 0.864948 0.864962 0.865187 0.000123049 
2027  0 0.574153 0.615453 0.834125 0.834525 0.834569 0.835166 0.000328222 
2028  0 0.574153 0.615453 0.804867 0.805725 0.805833 0.807054 0.000702814 
2029  0 0.574153 0.615453 0.78067 0.782088 0.782241 0.784307 0.00114095 
2030  0 0.574153 0.615453 0.759681 0.761712 0.761844 0.764386 0.00150861 
2031  0 0.574153 0.615453 0.740528 0.743028 0.743165 0.746157 0.00182103 
2032  0 0.574153 0.615453 0.724401 0.72733 0.727458 0.730894 0.00213005 
2033  0 0.574153 0.615453 0.710575 0.714391 0.714477 0.719266 0.00269686 
2034  0 0.574153 0.615453 0.69725 0.703306 0.703924 0.712602 0.00469581 

Spawning_Biomass Model_1_goa_re_2021.dat
Year SSB100 SSBabc SSBofl LowCI_SSB Median_SSB Mean_SSB UpperCI_SSB Stdev_SSB 
2021 14.7763 5.91051 5.1717 8.68089 8.68089 8.68089 8.68089 7.99361e-14 
2022 14.7763 5.91051 5.1717 8.53718 8.53718 8.53718 8.53718 1.47156e-13 
2023 14.7763 5.91051 5.1717 8.27881 8.27881 8.27881 8.27881 1.02021e-12 
2024 14.7763 5.91051 5.1717 8.02813 8.02813 8.02813 8.02813 4.78915e-12 
2025 14.7763 5.91051 5.1717 7.80221 7.80221 7.80221 7.80221 8.44957e-12 
2026 14.7763 5.91051 5.1717 7.58951 7.58958 7.5896 7.58972 6.43517e-05 
2027 14.7763 5.91051 5.1717 7.38167 7.38187 7.3819 7.38219 0.000163822 
2028 14.7763 5.91051 5.1717 7.17842 7.17891 7.17895 7.17964 0.00038919 
2029 14.7763 5.91051 5.1717 6.98115 6.98248 6.98262 6.98461 0.00108355 
2030 14.7763 5.91051 5.1717 6.79152 6.79489 6.79528 6.80032 0.00278138 
2031 14.7763 5.91051 5.1717 6.61348 6.6208 6.62174 6.63236 0.00605727 
2032 14.7763 5.91051 5.1717 6.4409 6.45553 6.45726 6.47859 0.0121449 
2033 14.7763 5.91051 5.1717 6.28291 6.30901 6.31228 6.35098 0.0220338 
2034 14.7763 5.91051 5.1717 6.13687 6.1826 6.18694 6.25103 0.0365805 

Fishing_mortalityModel_1_goa_re_2021.dat
Year F0 Fabc Fofl LowCI_F Median_F Mean_F UpperCI_F Stdev_F 
2021  0 0.0381281 0.0459618 0.0194333 0.0194333 0.0194333 0.0194333 2.42861e-17 
2022  0 0.0381281 0.0459618 0.0459617 0.0459617 0.0459617 0.0459617 4.04946e-14 
2023  0 0.0381281 0.0459618 0.0459617 0.0459617 0.0459617 0.0459617 2.06166e-13 
2024  0 0.0381281 0.0459618 0.0459617 0.0459617 0.0459617 0.0459617 8.8024e-13 
2025  0 0.0381281 0.0459618 0.0459618 0.0459618 0.0459618 0.0459618 4.71845e-16 
2026  0 0.0381281 0.0459618 0.0459618 0.0459618 0.0459618 0.0459618 4.71845e-16 
2027  0 0.0381281 0.0459618 0.0459618 0.0459618 0.0459618 0.0459618 4.71845e-16 
2028  0 0.0381281 0.0459618 0.0459618 0.0459618 0.0459618 0.0459618 4.71845e-16 
2029  0 0.0381281 0.0459618 0.0459618 0.0459618 0.0459618 0.0459618 4.71845e-16 
2030  0 0.0381281 0.0459618 0.0459618 0.0459618 0.0459618 0.0459618 4.71845e-16 
2031  0 0.0381281 0.0459618 0.0459618 0.0459618 0.0459618 0.0459618 4.71845e-16 
2032  0 0.0381281 0.0459618 0.0459618 0.0459618 0.0459618 0.0459618 4.71845e-16 
2033  0 0.0381281 0.0459618 0.0459618 0.0459618 0.0459618 0.0459618 4.71845e-16 
2034  0 0.0381281 0.0459618 0.0459618 0.0459618 0.0459618 0.0459618 4.71845e-16 

Total_BiomassModel_1_goa_re_2021.dat
Year B100 Babc Bofl LowCI_Biom Median_Biom Mean_Biom UpperCI_Biom Stdev_Biom 
2021 81.0512 20.7663 19.0773 26.1606 26.1606 26.1606 26.1606 8.17124e-14 
2022 81.0512 20.7663 19.0773 26.0044 26.0328 26.0373 26.0862 0.0257726 
2023 81.0512 20.7663 19.0773 25.3148 25.379 25.3856 25.4727 0.0509429 
2024 81.0512 20.7663 19.0773 24.6699 24.7782 24.7887 24.9425 0.0842727 
2025 81.0512 20.7663 19.0773 24.065 24.2303 24.2415 24.4566 0.125843 
2026 81.0512 20.7663 19.0773 23.4838 23.7146 23.732 24.0274 0.17448 
2027 81.0512 20.7663 19.0773 22.9217 23.2304 23.2488 23.6335 0.228788 
2028 81.0512 20.7663 19.0773 22.4062 22.8013 22.8208 23.3057 0.285694 
2029 81.0512 20.7663 19.0773 21.9384 22.4256 22.4422 23.0416 0.346014 
2030 81.0512 20.7663 19.0773 21.4853 22.0987 22.1068 22.7898 0.406868 
2031 81.0512 20.7663 19.0773 21.1004 21.8055 21.8098 22.6094 0.469692 
2032 81.0512 20.7663 19.0773 20.7425 21.551 21.5496 22.4138 0.532358 
2033 81.0512 20.7663 19.0773 20.4271 21.3073 21.3204 22.2895 0.594916 
2034 81.0512 20.7663 19.0773 20.1344 21.0887 21.1166 22.1237 0.656771 
Alternative 7 Alternative  Stock: Model_1_goa_re_2021.dat
Catch Model_1_goa_re_2021.dat
Year C0 Cabc Cofl LowCI_Catch Median_Catch Mean_Catch UpperCI_Catch Stdev_Catch 
2021  0 0.574153 0.615453 0.407204 0.407204 0.407204 0.407204 1.83187e-15 
2022  0 0.574153 0.615453 0.787452 0.787453 0.787453 0.787454 4.19348e-07 
2023  0 0.574153 0.615453 0.764186 0.764189 0.764189 0.764193 2.07819e-06 
2024  0 0.574153 0.615453 0.898277 0.898289 0.898291 0.89831 1.05216e-05 
2025  0 0.574153 0.615453 0.882202 0.882249 0.882254 0.882323 3.86727e-05 
2026  0 0.574153 0.615453 0.876357 0.876508 0.876523 0.876747 0.00012305 
2027  0 0.574153 0.615453 0.844938 0.845339 0.845383 0.84598 0.000328226 
2028  0 0.574153 0.615453 0.814974 0.815832 0.815939 0.81716 0.000702822 
2029  0 0.574153 0.615453 0.790109 0.791526 0.79168 0.793745 0.00114096 
2030  0 0.574153 0.615453 0.768482 0.770513 0.770645 0.773187 0.00150862 
2031  0 0.574153 0.615453 0.74872 0.75122 0.751357 0.754349 0.00182104 
2032  0 0.574153 0.615453 0.732016 0.734945 0.735073 0.738509 0.00213006 
2033  0 0.574153 0.615453 0.717647 0.721463 0.721548 0.726338 0.00269688 
2034  0 0.574153 0.615453 0.703811 0.709868 0.710485 0.719164 0.00469585 

Spawning_Biomass Model_1_goa_re_2021.dat
Year SSB100 SSBabc SSBofl LowCI_SSB Median_SSB Mean_SSB UpperCI_SSB Stdev_SSB 
2021 14.7763 5.91051 5.1717 8.68089 8.68089 8.68089 8.68089 7.99361e-14 
2022 14.7763 5.91051 5.1717 8.56467 8.56467 8.56467 8.56467 6.42792e-14 
2023 14.7763 5.91051 5.1717 8.36898 8.36898 8.36898 8.36898 4.37201e-13 
2024 14.7763 5.91051 5.1717 8.15025 8.15025 8.15025 8.15025 3.70812e-12 
2025 14.7763 5.91051 5.1717 7.91858 7.91858 7.91858 7.91858 7.42586e-12 
2026 14.7763 5.91051 5.1717 7.70001 7.70008 7.7001 7.70022 6.43525e-05 
2027 14.7763 5.91051 5.1717 7.48619 7.48639 7.48642 7.48671 0.000163824 
2028 14.7763 5.91051 5.1717 7.27693 7.27741 7.27746 7.27815 0.000389194 
2029 14.7763 5.91051 5.1717 7.07373 7.07506 7.07519 7.07718 0.00108357 
2030 14.7763 5.91051 5.1717 6.87831 6.88168 6.88207 6.88711 0.00278141 
2031 14.7763 5.91051 5.1717 6.6947 6.70203 6.70297 6.71358 0.00605733 
2032 14.7763 5.91051 5.1717 6.51666 6.53128 6.53301 6.55434 0.012145 
2033 14.7763 5.91051 5.1717 6.35341 6.37952 6.38279 6.42148 0.022034 
2034 14.7763 5.91051 5.1717 6.20241 6.24814 6.25247 6.31657 0.0365808 

Fishing_mortalityModel_1_goa_re_2021.dat
Year F0 Fabc Fofl LowCI_F Median_F Mean_F UpperCI_F Stdev_F 
2021  0 0.0381281 0.0459618 0.0194333 0.0194333 0.0194333 0.0194333 2.42861e-17 
2022  0 0.0381281 0.0459618 0.0381281 0.0381281 0.0381281 0.0381281 1.7238e-14 
2023  0 0.0381281 0.0459618 0.0381281 0.0381281 0.0381281 0.0381281 8.71939e-14 
2024  0 0.0381281 0.0459618 0.0459617 0.0459617 0.0459617 0.0459617 8.68546e-13 
2025  0 0.0381281 0.0459618 0.0459618 0.0459618 0.0459618 0.0459618 4.71845e-16 
2026  0 0.0381281 0.0459618 0.0459618 0.0459618 0.0459618 0.0459618 4.71845e-16 
2027  0 0.0381281 0.0459618 0.0459618 0.0459618 0.0459618 0.0459618 4.71845e-16 
2028  0 0.0381281 0.0459618 0.0459618 0.0459618 0.0459618 0.0459618 4.71845e-16 
2029  0 0.0381281 0.0459618 0.0459618 0.0459618 0.0459618 0.0459618 4.71845e-16 
2030  0 0.0381281 0.0459618 0.0459618 0.0459618 0.0459618 0.0459618 4.71845e-16 
2031  0 0.0381281 0.0459618 0.0459618 0.0459618 0.0459618 0.0459618 4.71845e-16 
2032  0 0.0381281 0.0459618 0.0459618 0.0459618 0.0459618 0.0459618 4.71845e-16 
2033  0 0.0381281 0.0459618 0.0459618 0.0459618 0.0459618 0.0459618 4.71845e-16 
2034  0 0.0381281 0.0459618 0.0459618 0.0459618 0.0459618 0.0459618 4.71845e-16 

Total_BiomassModel_1_goa_re_2021.dat
Year B100 Babc Bofl LowCI_Biom Median_Biom Mean_Biom UpperCI_Biom Stdev_Biom 
2021 81.0512 20.7663 19.0773 26.1606 26.1606 26.1606 26.1606 8.17124e-14 
2022 81.0512 20.7663 19.0773 26.0044 26.0328 26.0373 26.0862 0.0257726 
2023 81.0512 20.7663 19.0773 25.4728 25.5371 25.5436 25.6308 0.050943 
2024 81.0512 20.7663 19.0773 24.9715 25.0798 25.0903 25.2441 0.0842735 
2025 81.0512 20.7663 19.0773 24.3475 24.5129 24.524 24.7392 0.125844 
2026 81.0512 20.7663 19.0773 23.7481 23.9789 23.9963 24.2917 0.174482 
2027 81.0512 20.7663 19.0773 23.1685 23.4772 23.4956 23.8804 0.22879 
2028 81.0512 20.7663 19.0773 22.6365 23.0315 23.0511 23.536 0.285696 
2029 81.0512 20.7663 19.0773 22.153 22.6401 22.6567 23.2561 0.346016 
2030 81.0512 20.7663 19.0773 21.685 22.2984 22.3065 22.9895 0.40687 
2031 81.0512 20.7663 19.0773 21.2861 21.9911 21.9954 22.7951 0.469694 
2032 81.0512 20.7663 19.0773 20.915 21.7235 21.7221 22.5863 0.53236 
2033 81.0512 20.7663 19.0773 20.5873 21.4675 21.4806 22.4497 0.594918 
2034 81.0512 20.7663 19.0773 20.283 21.2373 21.2652 22.2723 0.656773 
