Alternative 1 Catch
     Model_1_goa_re_2019.dat 
Equil_Fabc 0.840752 
Year 
2019 0.803113 
2020 1.20051 
2021 1.17859 
2022 1.16566 
2023 1.13765 
2024 1.12378 
2025 1.12713 
2026 1.15373 
2027 1.12394 
2028 1.09565 
2029 1.0753 
2030 1.05707 
2031 1.03684 
2032 1.01871 

Alternative 1 ABCs
     Model_1_goa_re_2019.dat 

Year 
2019  NA 
2020 1.20051 
2021 1.17859 
2022 1.16566 
2023 1.13765 
2024 1.12378 
2025 1.12713 
2026 1.15373 
2027 1.12394 
2028 1.09565 
2029 1.0753 
2030 1.05707 
2031 1.03684 
2032 1.01871 

Alternative 1 TACs
     Model_1_goa_re_2019.dat 

Year 
2019  NA 
2020 1.20051 
2021 1.17859 
2022 1.16566 
2023 1.13765 
2024 1.12378 
2025 1.12713 
2026 1.15373 
2027 1.12394 
2028 1.09565 
2029 1.0753 
2030 1.05707 
2031 1.03684 
2032 1.01871 

Alternative 1 Sp_Biomass
     Model_1_goa_re_2019.dat 
Equil_Fabc 8.26323 
Year 
2019 12.4748 
2020 12.3233 
2021 12.0812 
2022 11.8658 
2023 11.6814 
2024 11.5109 
2025 11.3779 
2026 11.2576 
2027 11.1304 
2028 10.994 
2029 10.8464 
2030 10.6947 
2031 10.5449 
2032 10.3814 

Alternative 1 Fishing Mortality
     Model_1_goa_re_2019.dat 
Equil_Fabc 0.0399647 
Year 
2019 0.0262862 
2020 0.0399647 
2021 0.0399647 
2022 0.0399647 
2023 0.0399647 
2024 0.0399647 
2025 0.0399647 
2026 0.0399647 
2027 0.0399647 
2028 0.0399647 
2029 0.0399647 
2030 0.0399647 
2031 0.0399647 
2032 0.0399647 

Alternative 1 Biomass
     Model_1_goa_re_2019.dat 

Year 
2019 40.2895 
2020 40.1223 
2021 39.546 
2022 38.9869 
2023 38.4421 
2024 37.9275 
2025 37.4289 
2026 36.9346 
2027 36.419 
2028 35.9409 
2029 35.4979 
2030 35.0866 
2031 34.7036 
2032 34.35 

Alternative 1 Implied SPR rate 
     Model_1_goa_re_2019.dat 
Equil_Fabc 0.4 
Year 
2019 0.514777 
2020 0.4 
2021 0.4 
2022 0.4 
2023 0.4 
2024 0.4 
2025 0.4 
2026 0.4 
2027 0.4 
2028 0.4 
2029 0.4 
2030 0.4 
2031 0.4 
2032 0.4 

  Model_1_goa_re_2019.dat 
EquilAvgAgeF0  23.6246 
EquilAvgAgeFabc  15.0231 
AvgAgeYr2032 17.0494 
Alternative 2 Catch
     Model_1_goa_re_2019.dat 
Equil_Fabc 0.840752 
Year 
2019 0.803113 
2020 0.602706 
2021 0.60303 
2022 0.607301 
2023 0.603398 
2024 0.605951 
2025 0.616701 
2026 0.639063 
2027 0.632689 
2028 0.62639 
2029 0.623475 
2030 0.621094 
2031 0.617174 
2032 0.613801 

Alternative 2 ABCs
     Model_1_goa_re_2019.dat 

Year 
2019  NA 
2020 0.602706 
2021 0.60303 
2022 0.607301 
2023 0.603398 
2024 0.605951 
2025 0.616701 
2026 0.639063 
2027 0.632689 
2028 0.62639 
2029 0.623475 
2030 0.621094 
2031 0.617174 
2032 0.613801 

Alternative 2 TACs
     Model_1_goa_re_2019.dat 

Year 
2019  NA 
2020 0.602706 
2021 0.60303 
2022 0.607301 
2023 0.603398 
2024 0.605951 
2025 0.616701 
2026 0.639063 
2027 0.632689 
2028 0.62639 
2029 0.623475 
2030 0.621094 
2031 0.617174 
2032 0.613801 

Alternative 2 Sp_Biomass
     Model_1_goa_re_2019.dat 
Equil_Fabc 8.26323 
Year 
2019 12.4748 
2020 12.4248 
2021 12.4194 
2022 12.432 
2023 12.4672 
2024 12.5052 
2025 12.5728 
2026 12.6466 
2027 12.7071 
2028 12.749 
2029 12.7693 
2030 12.7757 
2031 12.7743 
2032 12.7447 

Alternative 2 Fishing Mortality
     Model_1_goa_re_2019.dat 
Equil_Fabc 0.0399647 
Year 
2019 0.0262862 
2020 0.0198704 
2021 0.0198704 
2022 0.0198704 
2023 0.0198704 
2024 0.0198704 
2025 0.0198704 
2026 0.0198704 
2027 0.0198704 
2028 0.0198704 
2029 0.0198704 
2030 0.0198704 
2031 0.0198704 
2032 0.0198704 

Alternative 2 Biomass
     Model_1_goa_re_2019.dat 

Year 
2019 40.2895 
2020 40.1223 
2021 40.1437 
2022 40.1485 
2023 40.1389 
2024 40.1234 
2025 40.0959 
2026 40.0543 
2027 39.9852 
2028 39.9194 
2029 39.8551 
2030 39.7943 
2031 39.7355 
2032 39.68 

Alternative 2 Implied SPR rate 
     Model_1_goa_re_2019.dat 
Equil_Fabc 0.4 
Year 
2019 0.514777 
2020 0.589387 
2021 0.589387 
2022 0.589387 
2023 0.589387 
2024 0.589387 
2025 0.589387 
2026 0.589387 
2027 0.589387 
2028 0.589387 
2029 0.589387 
2030 0.589387 
2031 0.589387 
2032 0.589387 

  Model_1_goa_re_2019.dat 
EquilAvgAgeF0  23.6246 
EquilAvgAgeFabc  15.0231 
AvgAgeYr2032 18.5041 
Alternative 3 Catch
     Model_1_goa_re_2019.dat 
Equil_Fabc 0.840752 
Year 
2019 0.803113 
2020 0.606068 
2021 0.606329 
2022 0.610562 
2023 0.606577 
2024 0.609088 
2025 0.619842 
2026 0.642273 
2027 0.635809 
2028 0.629424 
2029 0.626445 
2030 0.624004 
2031 0.62002 
2032 0.616587 

Alternative 3 ABCs
     Model_1_goa_re_2019.dat 

Year 
2019  NA 
2020 0.606068 
2021 0.606329 
2022 0.610562 
2023 0.606577 
2024 0.609088 
2025 0.619842 
2026 0.642273 
2027 0.635809 
2028 0.629424 
2029 0.626445 
2030 0.624004 
2031 0.62002 
2032 0.616587 

Alternative 3 TACs
     Model_1_goa_re_2019.dat 

Year 
2019  NA 
2020 0.606068 
2021 0.606329 
2022 0.610562 
2023 0.606577 
2024 0.609088 
2025 0.619842 
2026 0.642273 
2027 0.635809 
2028 0.629424 
2029 0.626445 
2030 0.624004 
2031 0.62002 
2032 0.616587 

Alternative 3 Sp_Biomass
     Model_1_goa_re_2019.dat 
Equil_Fabc 8.26323 
Year 
2019 12.4748 
2020 12.4242 
2021 12.4175 
2022 12.4288 
2023 12.4626 
2024 12.4995 
2025 12.5658 
2026 12.6384 
2027 12.6977 
2028 12.7384 
2029 12.7577 
2030 12.7629 
2031 12.7605 
2032 12.73 

Alternative 3 Fishing Mortality
     Model_1_goa_re_2019.dat 
Equil_Fabc 0.0399647 
Year 
2019 0.0262862 
2020 0.0199823 
2021 0.0199823 
2022 0.0199823 
2023 0.0199823 
2024 0.0199823 
2025 0.0199823 
2026 0.0199823 
2027 0.0199823 
2028 0.0199823 
2029 0.0199823 
2030 0.0199823 
2031 0.0199823 
2032 0.0199823 

Alternative 3 Biomass
     Model_1_goa_re_2019.dat 

Year 
2019 40.2895 
2020 40.1223 
2021 40.1404 
2022 40.1419 
2023 40.1292 
2024 40.1107 
2025 40.0804 
2026 40.0359 
2027 39.9641 
2028 39.8956 
2029 39.8288 
2030 39.7657 
2031 39.7047 
2032 39.647 

Alternative 3 Implied SPR rate 
     Model_1_goa_re_2019.dat 
Equil_Fabc 0.4 
Year 
2019 0.514777 
2020 0.587931 
2021 0.587931 
2022 0.587931 
2023 0.587931 
2024 0.587931 
2025 0.587931 
2026 0.587931 
2027 0.587931 
2028 0.587931 
2029 0.587931 
2030 0.587931 
2031 0.587931 
2032 0.587931 

  Model_1_goa_re_2019.dat 
EquilAvgAgeF0  23.6246 
EquilAvgAgeFabc  15.0231 
AvgAgeYr2032 18.4957 
Alternative 4 Catch
     Model_1_goa_re_2019.dat 
Equil_Fabc 0.840752 
Year 
2019 0.803113 
2020 0.604442 
2021 0.604733 
2022 0.608984 
2023 0.605039 
2024 0.607571 
2025 0.618323 
2026 0.640721 
2027 0.6343 
2028 0.627957 
2029 0.625009 
2030 0.622597 
2031 0.618644 
2032 0.61524 

Alternative 4 ABCs
     Model_1_goa_re_2019.dat 

Year 
2019  NA 
2020 0.604442 
2021 0.604733 
2022 0.608984 
2023 0.605039 
2024 0.607571 
2025 0.618323 
2026 0.640721 
2027 0.6343 
2028 0.627957 
2029 0.625009 
2030 0.622597 
2031 0.618644 
2032 0.61524 

Alternative 4 TACs
     Model_1_goa_re_2019.dat 

Year 
2019  NA 
2020 0.604442 
2021 0.604733 
2022 0.608984 
2023 0.605039 
2024 0.607571 
2025 0.618323 
2026 0.640721 
2027 0.6343 
2028 0.627957 
2029 0.625009 
2030 0.622597 
2031 0.618644 
2032 0.61524 

Alternative 4 Sp_Biomass
     Model_1_goa_re_2019.dat 
Equil_Fabc 8.26323 
Year 
2019 12.4748 
2020 12.4245 
2021 12.4184 
2022 12.4303 
2023 12.4648 
2024 12.5023 
2025 12.5692 
2026 12.6424 
2027 12.7023 
2028 12.7435 
2029 12.7633 
2030 12.7691 
2031 12.7672 
2032 12.7371 

Alternative 4 Fishing Mortality
     Model_1_goa_re_2019.dat 
Equil_Fabc 0.0399647 
Year 
2019 0.0262862 
2020 0.0199282 
2021 0.0199282 
2022 0.0199282 
2023 0.0199282 
2024 0.0199282 
2025 0.0199282 
2026 0.0199282 
2027 0.0199282 
2028 0.0199282 
2029 0.0199282 
2030 0.0199282 
2031 0.0199282 
2032 0.0199282 

Alternative 4 Biomass
     Model_1_goa_re_2019.dat 

Year 
2019 40.2895 
2020 40.1223 
2021 40.142 
2022 40.1451 
2023 40.1339 
2024 40.1168 
2025 40.0879 
2026 40.0448 
2027 39.9743 
2028 39.9071 
2029 39.8415 
2030 39.7795 
2031 39.7196 
2032 39.6629 

Alternative 4 Implied SPR rate 
     Model_1_goa_re_2019.dat 
Equil_Fabc 0.4 
Year 
2019 0.514777 
2020 0.588634 
2021 0.588634 
2022 0.588634 
2023 0.588634 
2024 0.588634 
2025 0.588634 
2026 0.588634 
2027 0.588634 
2028 0.588634 
2029 0.588634 
2030 0.588634 
2031 0.588634 
2032 0.588634 

  Model_1_goa_re_2019.dat 
EquilAvgAgeF0  23.6246 
EquilAvgAgeFabc  15.0231 
AvgAgeYr2032 18.4998 
Alternative 5 Catch
     Model_1_goa_re_2019.dat 
Equil_Fabc 0.840752 
Year 
2019 0.803113 
2020  NA 
2021  NA 
2022  NA 
2023  NA 
2024  NA 
2025  NA 
2026  NA 
2027  NA 
2028  NA 
2029  NA 
2030  NA 
2031  NA 
2032  NA 

Alternative 5 ABCs
     Model_1_goa_re_2019.dat 

Year 
2019  NA 
2020  NA 
2021  NA 
2022  NA 
2023  NA 
2024  NA 
2025  NA 
2026  NA 
2027  NA 
2028  NA 
2029  NA 
2030  NA 
2031  NA 
2032  NA 

Alternative 5 TACs
     Model_1_goa_re_2019.dat 

Year 
2019  NA 
2020  NA 
2021  NA 
2022  NA 
2023  NA 
2024  NA 
2025  NA 
2026  NA 
2027  NA 
2028  NA 
2029  NA 
2030  NA 
2031  NA 
2032  NA 

Alternative 5 Sp_Biomass
     Model_1_goa_re_2019.dat 
Equil_Fabc 8.26323 
Year 
2019 12.4748 
2020 12.526 
2021 12.7633 
2022 13.0193 
2023 13.2982 
2024 13.5773 
2025 13.8857 
2026 14.201 
2027 14.5033 
2028 14.7836 
2029 15.0378 
2030 15.2729 
2031 15.4948 
2032 15.677 

Alternative 5 Fishing Mortality
     Model_1_goa_re_2019.dat 
Equil_Fabc 0.0399647 
Year 
2019 0.0262862 
2020  NA 
2021  NA 
2022  NA 
2023  NA 
2024  NA 
2025  NA 
2026  NA 
2027  NA 
2028  NA 
2029  NA 
2030  NA 
2031  NA 
2032  NA 

Alternative 5 Biomass
     Model_1_goa_re_2019.dat 

Year 
2019 40.2895 
2020 40.1223 
2021 40.7464 
2022 41.3424 
2023 41.916 
2024 42.4666 
2025 42.9944 
2026 43.5054 
2027 43.9983 
2028 44.4738 
2029 44.9294 
2030 45.3705 
2031 45.7962 
2032 46.2063 

Alternative 5 Implied SPR rate 
     Model_1_goa_re_2019.dat 
Equil_Fabc 0.4 
Year 
2019 0.514777 
2020 1 
2021 1 
2022 1 
2023 1 
2024 1 
2025 1 
2026 1 
2027 1 
2028 1 
2029 1 
2030 1 
2031 1 
2032 1 

  Model_1_goa_re_2019.dat 
EquilAvgAgeF0  23.6246 
EquilAvgAgeFabc  15.0231 
AvgAgeYr2032 20.0262 
Alternative 6 Catch
     Model_1_goa_re_2019.dat 
Equil_Fabc 0.840752 
Year 
2019 0.803113 
2020 1.44238 
2021 1.40508 
2022 1.37942 
2023 1.33648 
2024 1.31139 
2025 1.3076 
2026 1.33198 
2027 1.28917 
2028 1.24894 
2029 1.21892 
2030 1.19205 
2031 1.16335 
2032 1.13772 

Alternative 6 ABCs
     Model_1_goa_re_2019.dat 

Year 
2019 1.45735 
2020 1.44238 
2021 1.40508 
2022 1.37942 
2023 1.33648 
2024 1.31139 
2025 1.3076 
2026 1.33198 
2027 1.28917 
2028 1.24894 
2029 1.21892 
2030 1.19205 
2031 1.16335 
2032 1.13772 

Alternative 6 TACs
     Model_1_goa_re_2019.dat 

Year 
2019  NA 
2020 1.44238 
2021 1.40508 
2022 1.37942 
2023 1.33648 
2024 1.31139 
2025 1.3076 
2026 1.33198 
2027 1.28917 
2028 1.24894 
2029 1.21892 
2030 1.19205 
2031 1.16335 
2032 1.13772 

Alternative 6 Sp_Biomass
     Model_1_goa_re_2019.dat 
Equil_Fabc 8.26323 
Year 
2019 12.4748 
2020 12.2819 
2021 11.9452 
2022 11.6412 
2023 11.3742 
2024 11.1274 
2025 10.9231 
2026 10.7358 
2027 10.5457 
2028 10.3513 
2029 10.1507 
2030 9.95099 
2031 9.75773 
2032 9.55673 

Alternative 6 Fishing Mortality
     Model_1_goa_re_2019.dat 
Equil_Fabc 0.0399647 
Year 
2019 0.0262862 
2020 0.048207 
2021 0.048207 
2022 0.048207 
2023 0.048207 
2024 0.048207 
2025 0.048207 
2026 0.048207 
2027 0.048207 
2028 0.048207 
2029 0.048207 
2030 0.048207 
2031 0.048207 
2032 0.048207 

Alternative 6 Biomass
     Model_1_goa_re_2019.dat 

Year 
2019 40.2895 
2020 40.1223 
2021 39.3042 
2022 38.5233 
2023 37.774 
2024 37.0742 
2025 36.406 
2026 35.753 
2027 35.0845 
2028 34.4702 
2029 33.9066 
2030 33.3878 
2031 32.9092 
2032 32.4714 

Alternative 6 Implied SPR rate 
     Model_1_goa_re_2019.dat 
Equil_Fabc 0.4 
Year 
2019 0.514777 
2020 0.35 
2021 0.35 
2022 0.35 
2023 0.35 
2024 0.35 
2025 0.35 
2026 0.35 
2027 0.35 
2028 0.35 
2029 0.35 
2030 0.35 
2031 0.35 
2032 0.35 

  Model_1_goa_re_2019.dat 
EquilAvgAgeF0  23.6246 
EquilAvgAgeFabc  15.0231 
AvgAgeYr2032 16.4832 
Alternative 7 Catch
     Model_1_goa_re_2019.dat 
Equil_Fabc 0.840752 
Year 
2019 0.803113 
2020 1.20051 
2021 1.17859 
2022 1.40049 
2023 1.35619 
2024 1.32981 
2025 1.32483 
2026 1.3481 
2027 1.30418 
2028 1.26288 
2029 1.23186 
2030 1.20404 
2031 1.17444 
2032 1.14797 

Alternative 7 ABCs
     Model_1_goa_re_2019.dat 

Year 
2019 1.45735 
2020 1.44238 
2021 1.41605 
2022 1.40049 
2023 1.35619 
2024 1.32981 
2025 1.32483 
2026 1.3481 
2027 1.30418 
2028 1.26288 
2029 1.23186 
2030 1.20404 
2031 1.17444 
2032 1.14797 

Alternative 7 TACs
     Model_1_goa_re_2019.dat 

Year 
2019  NA 
2020 1.44238 
2021 1.41605 
2022 1.40049 
2023 1.35619 
2024 1.32981 
2025 1.32483 
2026 1.3481 
2027 1.30418 
2028 1.26288 
2029 1.23186 
2030 1.20404 
2031 1.17444 
2032 1.14797 

Alternative 7 Sp_Biomass
     Model_1_goa_re_2019.dat 
Equil_Fabc 8.26323 
Year 
2019 12.4748 
2020 12.3233 
2021 12.0812 
2022 11.8259 
2023 11.5503 
2024 11.2944 
2025 11.0811 
2026 10.8847 
2027 10.6855 
2028 10.4821 
2029 10.2728 
2030 10.0646 
2031 9.86317 
2032 9.65441 

Alternative 7 Fishing Mortality
     Model_1_goa_re_2019.dat 
Equil_Fabc 0.0399647 
Year 
2019 0.0262862 
2020 0.0399647 
2021 0.0399647 
2022 0.048207 
2023 0.048207 
2024 0.048207 
2025 0.048207 
2026 0.048207 
2027 0.048207 
2028 0.048207 
2029 0.048207 
2030 0.048207 
2031 0.048207 
2032 0.048207 

Alternative 7 Biomass
     Model_1_goa_re_2019.dat 

Year 
2019 40.2895 
2020 40.1223 
2021 39.546 
2022 38.9869 
2023 38.2072 
2024 37.4784 
2025 36.7826 
2026 36.1034 
2027 35.41 
2028 34.7722 
2029 34.1866 
2030 33.6471 
2031 33.1491 
2032 32.6932 

Alternative 7 Implied SPR rate 
     Model_1_goa_re_2019.dat 
Equil_Fabc 0.4 
Year 
2019 0.514777 
2020 0.4 
2021 0.4 
2022 0.35 
2023 0.35 
2024 0.35 
2025 0.35 
2026 0.35 
2027 0.35 
2028 0.35 
2029 0.35 
2030 0.35 
2031 0.35 
2032 0.35 

  Model_1_goa_re_2019.dat 
EquilAvgAgeF0  23.6246 
EquilAvgAgeFabc  15.0231 
AvgAgeYr2032 16.5621 
