Model_1_goa_re_2019.dat 1 2019 Cabc 0.840752
Model_1_goa_re_2019.dat 1 2019 Cofl 0.901601
Model_1_goa_re_2019.dat 1 2019 CLCI 0.803113
Model_1_goa_re_2019.dat 1 2019 CUCI 0.803113
Model_1_goa_re_2019.dat 1 2019 CMedian 0.803113
Model_1_goa_re_2019.dat 1 2019 CMean 0.803113
Model_1_goa_re_2019.dat 1 2020 Cabc 0.840752
Model_1_goa_re_2019.dat 1 2020 Cofl 0.901601
Model_1_goa_re_2019.dat 1 2020 CLCI 1.20051
Model_1_goa_re_2019.dat 1 2020 CUCI 1.20051
Model_1_goa_re_2019.dat 1 2020 CMedian 1.20051
Model_1_goa_re_2019.dat 1 2020 CMean 1.20051
Model_1_goa_re_2019.dat 1 2021 Cabc 0.840752
Model_1_goa_re_2019.dat 1 2021 Cofl 0.901601
Model_1_goa_re_2019.dat 1 2021 CLCI 1.17859
Model_1_goa_re_2019.dat 1 2021 CUCI 1.1786
Model_1_goa_re_2019.dat 1 2021 CMedian 1.17859
Model_1_goa_re_2019.dat 1 2021 CMean 1.17859
Model_1_goa_re_2019.dat 1 2022 Cabc 0.840752
Model_1_goa_re_2019.dat 1 2022 Cofl 0.901601
Model_1_goa_re_2019.dat 1 2022 CLCI 1.16565
Model_1_goa_re_2019.dat 1 2022 CUCI 1.16568
Model_1_goa_re_2019.dat 1 2022 CMedian 1.16566
Model_1_goa_re_2019.dat 1 2022 CMean 1.16566
Model_1_goa_re_2019.dat 1 2023 Cabc 0.840752
Model_1_goa_re_2019.dat 1 2023 Cofl 0.901601
Model_1_goa_re_2019.dat 1 2023 CLCI 1.13759
Model_1_goa_re_2019.dat 1 2023 CUCI 1.13772
Model_1_goa_re_2019.dat 1 2023 CMedian 1.13764
Model_1_goa_re_2019.dat 1 2023 CMean 1.13765
Model_1_goa_re_2019.dat 1 2024 Cabc 0.840752
Model_1_goa_re_2019.dat 1 2024 Cofl 0.901601
Model_1_goa_re_2019.dat 1 2024 CLCI 1.12361
Model_1_goa_re_2019.dat 1 2024 CUCI 1.12402
Model_1_goa_re_2019.dat 1 2024 CMedian 1.12376
Model_1_goa_re_2019.dat 1 2024 CMean 1.12378
Model_1_goa_re_2019.dat 1 2025 Cabc 0.840752
Model_1_goa_re_2019.dat 1 2025 Cofl 0.901601
Model_1_goa_re_2019.dat 1 2025 CLCI 1.12669
Model_1_goa_re_2019.dat 1 2025 CUCI 1.12775
Model_1_goa_re_2019.dat 1 2025 CMedian 1.12708
Model_1_goa_re_2019.dat 1 2025 CMean 1.12713
Model_1_goa_re_2019.dat 1 2026 Cabc 0.840752
Model_1_goa_re_2019.dat 1 2026 Cofl 0.901601
Model_1_goa_re_2019.dat 1 2026 CLCI 1.1528
Model_1_goa_re_2019.dat 1 2026 CUCI 1.155
Model_1_goa_re_2019.dat 1 2026 CMedian 1.15363
Model_1_goa_re_2019.dat 1 2026 CMean 1.15373
Model_1_goa_re_2019.dat 1 2027 Cabc 0.840752
Model_1_goa_re_2019.dat 1 2027 Cofl 0.901601
Model_1_goa_re_2019.dat 1 2027 CLCI 1.1224
Model_1_goa_re_2019.dat 1 2027 CUCI 1.12609
Model_1_goa_re_2019.dat 1 2027 CMedian 1.12378
Model_1_goa_re_2019.dat 1 2027 CMean 1.12394
Model_1_goa_re_2019.dat 1 2028 Cabc 0.840752
Model_1_goa_re_2019.dat 1 2028 Cofl 0.901601
Model_1_goa_re_2019.dat 1 2028 CLCI 1.09342
Model_1_goa_re_2019.dat 1 2028 CUCI 1.09843
Model_1_goa_re_2019.dat 1 2028 CMedian 1.09548
Model_1_goa_re_2019.dat 1 2028 CMean 1.09565
Model_1_goa_re_2019.dat 1 2029 Cabc 0.840752
Model_1_goa_re_2019.dat 1 2029 Cofl 0.901601
Model_1_goa_re_2019.dat 1 2029 CLCI 1.07263
Model_1_goa_re_2019.dat 1 2029 CUCI 1.07846
Model_1_goa_re_2019.dat 1 2029 CMedian 1.07511
Model_1_goa_re_2019.dat 1 2029 CMean 1.0753
Model_1_goa_re_2019.dat 1 2030 Cabc 0.840752
Model_1_goa_re_2019.dat 1 2030 Cofl 0.901601
Model_1_goa_re_2019.dat 1 2030 CLCI 1.05382
Model_1_goa_re_2019.dat 1 2030 CUCI 1.06091
Model_1_goa_re_2019.dat 1 2030 CMedian 1.05686
Model_1_goa_re_2019.dat 1 2030 CMean 1.05707
Model_1_goa_re_2019.dat 1 2031 Cabc 0.840752
Model_1_goa_re_2019.dat 1 2031 Cofl 0.901601
Model_1_goa_re_2019.dat 1 2031 CLCI 1.03263
Model_1_goa_re_2019.dat 1 2031 CUCI 1.04252
Model_1_goa_re_2019.dat 1 2031 CMedian 1.03662
Model_1_goa_re_2019.dat 1 2031 CMean 1.03684
Model_1_goa_re_2019.dat 1 2032 Cabc 0.840752
Model_1_goa_re_2019.dat 1 2032 Cofl 0.901601
Model_1_goa_re_2019.dat 1 2032 CLCI 1.01092
Model_1_goa_re_2019.dat 1 2032 CUCI 1.02987
Model_1_goa_re_2019.dat 1 2032 CMedian 1.01774
Model_1_goa_re_2019.dat 1 2032 CMean 1.01871
Model_1_goa_re_2019.dat 1 2019 SSBF100 20.6581
Model_1_goa_re_2019.dat 1 2019 SSBFabc 8.26323
Model_1_goa_re_2019.dat 1 2019 SSBFofl 7.23033
Model_1_goa_re_2019.dat 1 2019 SSBLCI 12.4748
Model_1_goa_re_2019.dat 1 2019 SSBUCI 12.4748
Model_1_goa_re_2019.dat 1 2019 SSBMedian 12.4748
Model_1_goa_re_2019.dat 1 2019 SSBMean 12.4748
Model_1_goa_re_2019.dat 1 2020 SSBF100 20.6581
Model_1_goa_re_2019.dat 1 2020 SSBFabc 8.26323
Model_1_goa_re_2019.dat 1 2020 SSBFofl 7.23033
Model_1_goa_re_2019.dat 1 2020 SSBLCI 12.3233
Model_1_goa_re_2019.dat 1 2020 SSBUCI 12.3233
Model_1_goa_re_2019.dat 1 2020 SSBMedian 12.3233
Model_1_goa_re_2019.dat 1 2020 SSBMean 12.3233
Model_1_goa_re_2019.dat 1 2021 SSBF100 20.6581
Model_1_goa_re_2019.dat 1 2021 SSBFabc 8.26323
Model_1_goa_re_2019.dat 1 2021 SSBFofl 7.23033
Model_1_goa_re_2019.dat 1 2021 SSBLCI 12.0812
Model_1_goa_re_2019.dat 1 2021 SSBUCI 12.0812
Model_1_goa_re_2019.dat 1 2021 SSBMedian 12.0812
Model_1_goa_re_2019.dat 1 2021 SSBMean 12.0812
Model_1_goa_re_2019.dat 1 2022 SSBF100 20.6581
Model_1_goa_re_2019.dat 1 2022 SSBFabc 8.26323
Model_1_goa_re_2019.dat 1 2022 SSBFofl 7.23033
Model_1_goa_re_2019.dat 1 2022 SSBLCI 11.8658
Model_1_goa_re_2019.dat 1 2022 SSBUCI 11.8658
Model_1_goa_re_2019.dat 1 2022 SSBMedian 11.8658
Model_1_goa_re_2019.dat 1 2022 SSBMean 11.8658
Model_1_goa_re_2019.dat 1 2023 SSBF100 20.6581
Model_1_goa_re_2019.dat 1 2023 SSBFabc 8.26323
Model_1_goa_re_2019.dat 1 2023 SSBFofl 7.23033
Model_1_goa_re_2019.dat 1 2023 SSBLCI 11.6814
Model_1_goa_re_2019.dat 1 2023 SSBUCI 11.6814
Model_1_goa_re_2019.dat 1 2023 SSBMedian 11.6814
Model_1_goa_re_2019.dat 1 2023 SSBMean 11.6814
Model_1_goa_re_2019.dat 1 2024 SSBF100 20.6581
Model_1_goa_re_2019.dat 1 2024 SSBFabc 8.26323
Model_1_goa_re_2019.dat 1 2024 SSBFofl 7.23033
Model_1_goa_re_2019.dat 1 2024 SSBLCI 11.5108
Model_1_goa_re_2019.dat 1 2024 SSBUCI 11.5112
Model_1_goa_re_2019.dat 1 2024 SSBMedian 11.5109
Model_1_goa_re_2019.dat 1 2024 SSBMean 11.5109
Model_1_goa_re_2019.dat 1 2025 SSBF100 20.6581
Model_1_goa_re_2019.dat 1 2025 SSBFabc 8.26323
Model_1_goa_re_2019.dat 1 2025 SSBFofl 7.23033
Model_1_goa_re_2019.dat 1 2025 SSBLCI 11.3775
Model_1_goa_re_2019.dat 1 2025 SSBUCI 11.3784
Model_1_goa_re_2019.dat 1 2025 SSBMedian 11.3778
Model_1_goa_re_2019.dat 1 2025 SSBMean 11.3779
Model_1_goa_re_2019.dat 1 2026 SSBF100 20.6581
Model_1_goa_re_2019.dat 1 2026 SSBFabc 8.26323
Model_1_goa_re_2019.dat 1 2026 SSBFofl 7.23033
Model_1_goa_re_2019.dat 1 2026 SSBLCI 11.2567
Model_1_goa_re_2019.dat 1 2026 SSBUCI 11.2588
Model_1_goa_re_2019.dat 1 2026 SSBMedian 11.2575
Model_1_goa_re_2019.dat 1 2026 SSBMean 11.2576
Model_1_goa_re_2019.dat 1 2027 SSBF100 20.6581
Model_1_goa_re_2019.dat 1 2027 SSBFabc 8.26323
Model_1_goa_re_2019.dat 1 2027 SSBFofl 7.23033
Model_1_goa_re_2019.dat 1 2027 SSBLCI 11.1281
Model_1_goa_re_2019.dat 1 2027 SSBUCI 11.1338
Model_1_goa_re_2019.dat 1 2027 SSBMedian 11.1302
Model_1_goa_re_2019.dat 1 2027 SSBMean 11.1304
Model_1_goa_re_2019.dat 1 2028 SSBF100 20.6581
Model_1_goa_re_2019.dat 1 2028 SSBFabc 8.26323
Model_1_goa_re_2019.dat 1 2028 SSBFofl 7.23033
Model_1_goa_re_2019.dat 1 2028 SSBLCI 10.988
Model_1_goa_re_2019.dat 1 2028 SSBUCI 11.0026
Model_1_goa_re_2019.dat 1 2028 SSBMedian 10.9933
Model_1_goa_re_2019.dat 1 2028 SSBMean 10.994
Model_1_goa_re_2019.dat 1 2029 SSBF100 20.6581
Model_1_goa_re_2019.dat 1 2029 SSBFabc 8.26323
Model_1_goa_re_2019.dat 1 2029 SSBFofl 7.23033
Model_1_goa_re_2019.dat 1 2029 SSBLCI 10.8331
Model_1_goa_re_2019.dat 1 2029 SSBUCI 10.8645
Model_1_goa_re_2019.dat 1 2029 SSBMedian 10.8449
Model_1_goa_re_2019.dat 1 2029 SSBMean 10.8464
Model_1_goa_re_2019.dat 1 2030 SSBF100 20.6581
Model_1_goa_re_2019.dat 1 2030 SSBFabc 8.26323
Model_1_goa_re_2019.dat 1 2030 SSBFofl 7.23033
Model_1_goa_re_2019.dat 1 2030 SSBLCI 10.6683
Model_1_goa_re_2019.dat 1 2030 SSBUCI 10.7314
Model_1_goa_re_2019.dat 1 2030 SSBMedian 10.6918
Model_1_goa_re_2019.dat 1 2030 SSBMean 10.6947
Model_1_goa_re_2019.dat 1 2031 SSBF100 20.6581
Model_1_goa_re_2019.dat 1 2031 SSBFabc 8.26323
Model_1_goa_re_2019.dat 1 2031 SSBFofl 7.23033
Model_1_goa_re_2019.dat 1 2031 SSBLCI 10.4973
Model_1_goa_re_2019.dat 1 2031 SSBUCI 10.611
Model_1_goa_re_2019.dat 1 2031 SSBMedian 10.54
Model_1_goa_re_2019.dat 1 2031 SSBMean 10.5449
Model_1_goa_re_2019.dat 1 2032 SSBF100 20.6581
Model_1_goa_re_2019.dat 1 2032 SSBFabc 8.26323
Model_1_goa_re_2019.dat 1 2032 SSBFofl 7.23033
Model_1_goa_re_2019.dat 1 2032 SSBLCI 10.3002
Model_1_goa_re_2019.dat 1 2032 SSBUCI 10.4913
Model_1_goa_re_2019.dat 1 2032 SSBMedian 10.372
Model_1_goa_re_2019.dat 1 2032 SSBMean 10.3814
Model_1_goa_re_2019.dat 1 2019 F0 0 
Model_1_goa_re_2019.dat 1 2019 Fabc 0.0399647
Model_1_goa_re_2019.dat 1 2019 Fofl 0.048207
Model_1_goa_re_2019.dat 1 2019  F_LCI 0.0262862
Model_1_goa_re_2019.dat 1 2019  F_UCI 0.0262862
Model_1_goa_re_2019.dat 1 2019  F_Median 0.0262862
Model_1_goa_re_2019.dat 1 2019  F_Mean 0.0262862
Model_1_goa_re_2019.dat 1 2020 F0 0 
Model_1_goa_re_2019.dat 1 2020 Fabc 0.0399647
Model_1_goa_re_2019.dat 1 2020 Fofl 0.048207
Model_1_goa_re_2019.dat 1 2020  F_LCI 0.0399647
Model_1_goa_re_2019.dat 1 2020  F_UCI 0.0399647
Model_1_goa_re_2019.dat 1 2020  F_Median 0.0399647
Model_1_goa_re_2019.dat 1 2020  F_Mean 0.0399647
Model_1_goa_re_2019.dat 1 2021 F0 0 
Model_1_goa_re_2019.dat 1 2021 Fabc 0.0399647
Model_1_goa_re_2019.dat 1 2021 Fofl 0.048207
Model_1_goa_re_2019.dat 1 2021  F_LCI 0.0399647
Model_1_goa_re_2019.dat 1 2021  F_UCI 0.0399647
Model_1_goa_re_2019.dat 1 2021  F_Median 0.0399647
Model_1_goa_re_2019.dat 1 2021  F_Mean 0.0399647
Model_1_goa_re_2019.dat 1 2022 F0 0 
Model_1_goa_re_2019.dat 1 2022 Fabc 0.0399647
Model_1_goa_re_2019.dat 1 2022 Fofl 0.048207
Model_1_goa_re_2019.dat 1 2022  F_LCI 0.0399647
Model_1_goa_re_2019.dat 1 2022  F_UCI 0.0399647
Model_1_goa_re_2019.dat 1 2022  F_Median 0.0399647
Model_1_goa_re_2019.dat 1 2022  F_Mean 0.0399647
Model_1_goa_re_2019.dat 1 2023 F0 0 
Model_1_goa_re_2019.dat 1 2023 Fabc 0.0399647
Model_1_goa_re_2019.dat 1 2023 Fofl 0.048207
Model_1_goa_re_2019.dat 1 2023  F_LCI 0.0399647
Model_1_goa_re_2019.dat 1 2023  F_UCI 0.0399647
Model_1_goa_re_2019.dat 1 2023  F_Median 0.0399647
Model_1_goa_re_2019.dat 1 2023  F_Mean 0.0399647
Model_1_goa_re_2019.dat 1 2024 F0 0 
Model_1_goa_re_2019.dat 1 2024 Fabc 0.0399647
Model_1_goa_re_2019.dat 1 2024 Fofl 0.048207
Model_1_goa_re_2019.dat 1 2024  F_LCI 0.0399647
Model_1_goa_re_2019.dat 1 2024  F_UCI 0.0399647
Model_1_goa_re_2019.dat 1 2024  F_Median 0.0399647
Model_1_goa_re_2019.dat 1 2024  F_Mean 0.0399647
Model_1_goa_re_2019.dat 1 2025 F0 0 
Model_1_goa_re_2019.dat 1 2025 Fabc 0.0399647
Model_1_goa_re_2019.dat 1 2025 Fofl 0.048207
Model_1_goa_re_2019.dat 1 2025  F_LCI 0.0399647
Model_1_goa_re_2019.dat 1 2025  F_UCI 0.0399647
Model_1_goa_re_2019.dat 1 2025  F_Median 0.0399647
Model_1_goa_re_2019.dat 1 2025  F_Mean 0.0399647
Model_1_goa_re_2019.dat 1 2026 F0 0 
Model_1_goa_re_2019.dat 1 2026 Fabc 0.0399647
Model_1_goa_re_2019.dat 1 2026 Fofl 0.048207
Model_1_goa_re_2019.dat 1 2026  F_LCI 0.0399647
Model_1_goa_re_2019.dat 1 2026  F_UCI 0.0399647
Model_1_goa_re_2019.dat 1 2026  F_Median 0.0399647
Model_1_goa_re_2019.dat 1 2026  F_Mean 0.0399647
Model_1_goa_re_2019.dat 1 2027 F0 0 
Model_1_goa_re_2019.dat 1 2027 Fabc 0.0399647
Model_1_goa_re_2019.dat 1 2027 Fofl 0.048207
Model_1_goa_re_2019.dat 1 2027  F_LCI 0.0399647
Model_1_goa_re_2019.dat 1 2027  F_UCI 0.0399647
Model_1_goa_re_2019.dat 1 2027  F_Median 0.0399647
Model_1_goa_re_2019.dat 1 2027  F_Mean 0.0399647
Model_1_goa_re_2019.dat 1 2028 F0 0 
Model_1_goa_re_2019.dat 1 2028 Fabc 0.0399647
Model_1_goa_re_2019.dat 1 2028 Fofl 0.048207
Model_1_goa_re_2019.dat 1 2028  F_LCI 0.0399647
Model_1_goa_re_2019.dat 1 2028  F_UCI 0.0399647
Model_1_goa_re_2019.dat 1 2028  F_Median 0.0399647
Model_1_goa_re_2019.dat 1 2028  F_Mean 0.0399647
Model_1_goa_re_2019.dat 1 2029 F0 0 
Model_1_goa_re_2019.dat 1 2029 Fabc 0.0399647
Model_1_goa_re_2019.dat 1 2029 Fofl 0.048207
Model_1_goa_re_2019.dat 1 2029  F_LCI 0.0399647
Model_1_goa_re_2019.dat 1 2029  F_UCI 0.0399647
Model_1_goa_re_2019.dat 1 2029  F_Median 0.0399647
Model_1_goa_re_2019.dat 1 2029  F_Mean 0.0399647
Model_1_goa_re_2019.dat 1 2030 F0 0 
Model_1_goa_re_2019.dat 1 2030 Fabc 0.0399647
Model_1_goa_re_2019.dat 1 2030 Fofl 0.048207
Model_1_goa_re_2019.dat 1 2030  F_LCI 0.0399647
Model_1_goa_re_2019.dat 1 2030  F_UCI 0.0399647
Model_1_goa_re_2019.dat 1 2030  F_Median 0.0399647
Model_1_goa_re_2019.dat 1 2030  F_Mean 0.0399647
Model_1_goa_re_2019.dat 1 2031 F0 0 
Model_1_goa_re_2019.dat 1 2031 Fabc 0.0399647
Model_1_goa_re_2019.dat 1 2031 Fofl 0.048207
Model_1_goa_re_2019.dat 1 2031  F_LCI 0.0399647
Model_1_goa_re_2019.dat 1 2031  F_UCI 0.0399647
Model_1_goa_re_2019.dat 1 2031  F_Median 0.0399647
Model_1_goa_re_2019.dat 1 2031  F_Mean 0.0399647
Model_1_goa_re_2019.dat 1 2032 F0 0 
Model_1_goa_re_2019.dat 1 2032 Fabc 0.0399647
Model_1_goa_re_2019.dat 1 2032 Fofl 0.048207
Model_1_goa_re_2019.dat 1 2032  F_LCI 0.0399647
Model_1_goa_re_2019.dat 1 2032  F_UCI 0.0399647
Model_1_goa_re_2019.dat 1 2032  F_Median 0.0399647
Model_1_goa_re_2019.dat 1 2032  F_Mean 0.0399647
Model_1_goa_re_2019.dat 2 2019 Cabc 0.840752
Model_1_goa_re_2019.dat 2 2019 Cofl 0.901601
Model_1_goa_re_2019.dat 2 2019 CLCI 0.803113
Model_1_goa_re_2019.dat 2 2019 CUCI 0.803113
Model_1_goa_re_2019.dat 2 2019 CMedian 0.803113
Model_1_goa_re_2019.dat 2 2019 CMean 0.803113
Model_1_goa_re_2019.dat 2 2020 Cabc 0.840752
Model_1_goa_re_2019.dat 2 2020 Cofl 0.901601
Model_1_goa_re_2019.dat 2 2020 CLCI 0.602706
Model_1_goa_re_2019.dat 2 2020 CUCI 0.602707
Model_1_goa_re_2019.dat 2 2020 CMedian 0.602706
Model_1_goa_re_2019.dat 2 2020 CMean 0.602706
Model_1_goa_re_2019.dat 2 2021 Cabc 0.840752
Model_1_goa_re_2019.dat 2 2021 Cofl 0.901601
Model_1_goa_re_2019.dat 2 2021 CLCI 0.603028
Model_1_goa_re_2019.dat 2 2021 CUCI 0.603032
Model_1_goa_re_2019.dat 2 2021 CMedian 0.60303
Model_1_goa_re_2019.dat 2 2021 CMean 0.60303
Model_1_goa_re_2019.dat 2 2022 Cabc 0.840752
Model_1_goa_re_2019.dat 2 2022 Cofl 0.901601
Model_1_goa_re_2019.dat 2 2022 CLCI 0.607293
Model_1_goa_re_2019.dat 2 2022 CUCI 0.607311
Model_1_goa_re_2019.dat 2 2022 CMedian 0.6073
Model_1_goa_re_2019.dat 2 2022 CMean 0.607301
Model_1_goa_re_2019.dat 2 2023 Cabc 0.840752
Model_1_goa_re_2019.dat 2 2023 Cofl 0.901601
Model_1_goa_re_2019.dat 2 2023 CLCI 0.603371
Model_1_goa_re_2019.dat 2 2023 CUCI 0.603435
Model_1_goa_re_2019.dat 2 2023 CMedian 0.603395
Model_1_goa_re_2019.dat 2 2023 CMean 0.603398
Model_1_goa_re_2019.dat 2 2024 Cabc 0.840752
Model_1_goa_re_2019.dat 2 2024 Cofl 0.901601
Model_1_goa_re_2019.dat 2 2024 CLCI 0.605867
Model_1_goa_re_2019.dat 2 2024 CUCI 0.606071
Model_1_goa_re_2019.dat 2 2024 CMedian 0.605942
Model_1_goa_re_2019.dat 2 2024 CMean 0.605951
Model_1_goa_re_2019.dat 2 2025 Cabc 0.840752
Model_1_goa_re_2019.dat 2 2025 Cofl 0.901601
Model_1_goa_re_2019.dat 2 2025 CLCI 0.616484
Model_1_goa_re_2019.dat 2 2025 CUCI 0.61701
Model_1_goa_re_2019.dat 2 2025 CMedian 0.616676
Model_1_goa_re_2019.dat 2 2025 CMean 0.616701
Model_1_goa_re_2019.dat 2 2026 Cabc 0.840752
Model_1_goa_re_2019.dat 2 2026 Cofl 0.901601
Model_1_goa_re_2019.dat 2 2026 CLCI 0.6386
Model_1_goa_re_2019.dat 2 2026 CUCI 0.639692
Model_1_goa_re_2019.dat 2 2026 CMedian 0.639011
Model_1_goa_re_2019.dat 2 2026 CMean 0.639063
Model_1_goa_re_2019.dat 2 2027 Cabc 0.840752
Model_1_goa_re_2019.dat 2 2027 Cofl 0.901601
Model_1_goa_re_2019.dat 2 2027 CLCI 0.63192
Model_1_goa_re_2019.dat 2 2027 CUCI 0.633757
Model_1_goa_re_2019.dat 2 2027 CMedian 0.632605
Model_1_goa_re_2019.dat 2 2027 CMean 0.632689
Model_1_goa_re_2019.dat 2 2028 Cabc 0.840752
Model_1_goa_re_2019.dat 2 2028 Cofl 0.901601
Model_1_goa_re_2019.dat 2 2028 CLCI 0.625279
Model_1_goa_re_2019.dat 2 2028 CUCI 0.627775
Model_1_goa_re_2019.dat 2 2028 CMedian 0.626307
Model_1_goa_re_2019.dat 2 2028 CMean 0.62639
Model_1_goa_re_2019.dat 2 2029 Cabc 0.840752
Model_1_goa_re_2019.dat 2 2029 Cofl 0.901601
Model_1_goa_re_2019.dat 2 2029 CLCI 0.622144
Model_1_goa_re_2019.dat 2 2029 CUCI 0.625054
Model_1_goa_re_2019.dat 2 2029 CMedian 0.623382
Model_1_goa_re_2019.dat 2 2029 CMean 0.623475
Model_1_goa_re_2019.dat 2 2030 Cabc 0.840752
Model_1_goa_re_2019.dat 2 2030 Cofl 0.901601
Model_1_goa_re_2019.dat 2 2030 CLCI 0.619473
Model_1_goa_re_2019.dat 2 2030 CUCI 0.62302
Model_1_goa_re_2019.dat 2 2030 CMedian 0.62099
Model_1_goa_re_2019.dat 2 2030 CMean 0.621094
Model_1_goa_re_2019.dat 2 2031 Cabc 0.840752
Model_1_goa_re_2019.dat 2 2031 Cofl 0.901601
Model_1_goa_re_2019.dat 2 2031 CLCI 0.615069
Model_1_goa_re_2019.dat 2 2031 CUCI 0.620024
Model_1_goa_re_2019.dat 2 2031 CMedian 0.617065
Model_1_goa_re_2019.dat 2 2031 CMean 0.617174
Model_1_goa_re_2019.dat 2 2032 Cabc 0.840752
Model_1_goa_re_2019.dat 2 2032 Cofl 0.901601
Model_1_goa_re_2019.dat 2 2032 CLCI 0.60988
Model_1_goa_re_2019.dat 2 2032 CUCI 0.619409
Model_1_goa_re_2019.dat 2 2032 CMedian 0.613324
Model_1_goa_re_2019.dat 2 2032 CMean 0.613801
Model_1_goa_re_2019.dat 2 2019 SSBF100 20.6581
Model_1_goa_re_2019.dat 2 2019 SSBFabc 8.26323
Model_1_goa_re_2019.dat 2 2019 SSBFofl 7.23033
Model_1_goa_re_2019.dat 2 2019 SSBLCI 12.4748
Model_1_goa_re_2019.dat 2 2019 SSBUCI 12.4748
Model_1_goa_re_2019.dat 2 2019 SSBMedian 12.4748
Model_1_goa_re_2019.dat 2 2019 SSBMean 12.4748
Model_1_goa_re_2019.dat 2 2020 SSBF100 20.6581
Model_1_goa_re_2019.dat 2 2020 SSBFabc 8.26323
Model_1_goa_re_2019.dat 2 2020 SSBFofl 7.23033
Model_1_goa_re_2019.dat 2 2020 SSBLCI 12.4248
Model_1_goa_re_2019.dat 2 2020 SSBUCI 12.4248
Model_1_goa_re_2019.dat 2 2020 SSBMedian 12.4248
Model_1_goa_re_2019.dat 2 2020 SSBMean 12.4248
Model_1_goa_re_2019.dat 2 2021 SSBF100 20.6581
Model_1_goa_re_2019.dat 2 2021 SSBFabc 8.26323
Model_1_goa_re_2019.dat 2 2021 SSBFofl 7.23033
Model_1_goa_re_2019.dat 2 2021 SSBLCI 12.4194
Model_1_goa_re_2019.dat 2 2021 SSBUCI 12.4194
Model_1_goa_re_2019.dat 2 2021 SSBMedian 12.4194
Model_1_goa_re_2019.dat 2 2021 SSBMean 12.4194
Model_1_goa_re_2019.dat 2 2022 SSBF100 20.6581
Model_1_goa_re_2019.dat 2 2022 SSBFabc 8.26323
Model_1_goa_re_2019.dat 2 2022 SSBFofl 7.23033
Model_1_goa_re_2019.dat 2 2022 SSBLCI 12.432
Model_1_goa_re_2019.dat 2 2022 SSBUCI 12.432
Model_1_goa_re_2019.dat 2 2022 SSBMedian 12.432
Model_1_goa_re_2019.dat 2 2022 SSBMean 12.432
Model_1_goa_re_2019.dat 2 2023 SSBF100 20.6581
Model_1_goa_re_2019.dat 2 2023 SSBFabc 8.26323
Model_1_goa_re_2019.dat 2 2023 SSBFofl 7.23033
Model_1_goa_re_2019.dat 2 2023 SSBLCI 12.4672
Model_1_goa_re_2019.dat 2 2023 SSBUCI 12.4672
Model_1_goa_re_2019.dat 2 2023 SSBMedian 12.4672
Model_1_goa_re_2019.dat 2 2023 SSBMean 12.4672
Model_1_goa_re_2019.dat 2 2024 SSBF100 20.6581
Model_1_goa_re_2019.dat 2 2024 SSBFabc 8.26323
Model_1_goa_re_2019.dat 2 2024 SSBFofl 7.23033
Model_1_goa_re_2019.dat 2 2024 SSBLCI 12.5051
Model_1_goa_re_2019.dat 2 2024 SSBUCI 12.5055
Model_1_goa_re_2019.dat 2 2024 SSBMedian 12.5052
Model_1_goa_re_2019.dat 2 2024 SSBMean 12.5052
Model_1_goa_re_2019.dat 2 2025 SSBF100 20.6581
Model_1_goa_re_2019.dat 2 2025 SSBFabc 8.26323
Model_1_goa_re_2019.dat 2 2025 SSBFofl 7.23033
Model_1_goa_re_2019.dat 2 2025 SSBLCI 12.5725
Model_1_goa_re_2019.dat 2 2025 SSBUCI 12.5733
Model_1_goa_re_2019.dat 2 2025 SSBMedian 12.5728
Model_1_goa_re_2019.dat 2 2025 SSBMean 12.5728
Model_1_goa_re_2019.dat 2 2026 SSBF100 20.6581
Model_1_goa_re_2019.dat 2 2026 SSBFabc 8.26323
Model_1_goa_re_2019.dat 2 2026 SSBFofl 7.23033
Model_1_goa_re_2019.dat 2 2026 SSBLCI 12.6458
Model_1_goa_re_2019.dat 2 2026 SSBUCI 12.6478
Model_1_goa_re_2019.dat 2 2026 SSBMedian 12.6465
Model_1_goa_re_2019.dat 2 2026 SSBMean 12.6466
Model_1_goa_re_2019.dat 2 2027 SSBF100 20.6581
Model_1_goa_re_2019.dat 2 2027 SSBFabc 8.26323
Model_1_goa_re_2019.dat 2 2027 SSBFofl 7.23033
Model_1_goa_re_2019.dat 2 2027 SSBLCI 12.7048
Model_1_goa_re_2019.dat 2 2027 SSBUCI 12.7105
Model_1_goa_re_2019.dat 2 2027 SSBMedian 12.7069
Model_1_goa_re_2019.dat 2 2027 SSBMean 12.7071
Model_1_goa_re_2019.dat 2 2028 SSBF100 20.6581
Model_1_goa_re_2019.dat 2 2028 SSBFabc 8.26323
Model_1_goa_re_2019.dat 2 2028 SSBFofl 7.23033
Model_1_goa_re_2019.dat 2 2028 SSBLCI 12.7429
Model_1_goa_re_2019.dat 2 2028 SSBUCI 12.7576
Model_1_goa_re_2019.dat 2 2028 SSBMedian 12.7483
Model_1_goa_re_2019.dat 2 2028 SSBMean 12.749
Model_1_goa_re_2019.dat 2 2029 SSBF100 20.6581
Model_1_goa_re_2019.dat 2 2029 SSBFabc 8.26323
Model_1_goa_re_2019.dat 2 2029 SSBFofl 7.23033
Model_1_goa_re_2019.dat 2 2029 SSBLCI 12.756
Model_1_goa_re_2019.dat 2 2029 SSBUCI 12.7876
Model_1_goa_re_2019.dat 2 2029 SSBMedian 12.7679
Model_1_goa_re_2019.dat 2 2029 SSBMean 12.7693
Model_1_goa_re_2019.dat 2 2030 SSBF100 20.6581
Model_1_goa_re_2019.dat 2 2030 SSBFabc 8.26323
Model_1_goa_re_2019.dat 2 2030 SSBFofl 7.23033
Model_1_goa_re_2019.dat 2 2030 SSBLCI 12.7491
Model_1_goa_re_2019.dat 2 2030 SSBUCI 12.8127
Model_1_goa_re_2019.dat 2 2030 SSBMedian 12.7727
Model_1_goa_re_2019.dat 2 2030 SSBMean 12.7757
Model_1_goa_re_2019.dat 2 2031 SSBF100 20.6581
Model_1_goa_re_2019.dat 2 2031 SSBFabc 8.26323
Model_1_goa_re_2019.dat 2 2031 SSBFofl 7.23033
Model_1_goa_re_2019.dat 2 2031 SSBLCI 12.7262
Model_1_goa_re_2019.dat 2 2031 SSBUCI 12.8408
Model_1_goa_re_2019.dat 2 2031 SSBMedian 12.7693
Model_1_goa_re_2019.dat 2 2031 SSBMean 12.7743
Model_1_goa_re_2019.dat 2 2032 SSBF100 20.6581
Model_1_goa_re_2019.dat 2 2032 SSBFabc 8.26323
Model_1_goa_re_2019.dat 2 2032 SSBFofl 7.23033
Model_1_goa_re_2019.dat 2 2032 SSBLCI 12.6627
Model_1_goa_re_2019.dat 2 2032 SSBUCI 12.8558
Model_1_goa_re_2019.dat 2 2032 SSBMedian 12.7353
Model_1_goa_re_2019.dat 2 2032 SSBMean 12.7447
Model_1_goa_re_2019.dat 2 2019 F0 0 
Model_1_goa_re_2019.dat 2 2019 Fabc 0.0399647
Model_1_goa_re_2019.dat 2 2019 Fofl 0.048207
Model_1_goa_re_2019.dat 2 2019  F_LCI 0.0262862
Model_1_goa_re_2019.dat 2 2019  F_UCI 0.0262862
Model_1_goa_re_2019.dat 2 2019  F_Median 0.0262862
Model_1_goa_re_2019.dat 2 2019  F_Mean 0.0262862
Model_1_goa_re_2019.dat 2 2020 F0 0 
Model_1_goa_re_2019.dat 2 2020 Fabc 0.0399647
Model_1_goa_re_2019.dat 2 2020 Fofl 0.048207
Model_1_goa_re_2019.dat 2 2020  F_LCI 0.0198704
Model_1_goa_re_2019.dat 2 2020  F_UCI 0.0198704
Model_1_goa_re_2019.dat 2 2020  F_Median 0.0198704
Model_1_goa_re_2019.dat 2 2020  F_Mean 0.0198704
Model_1_goa_re_2019.dat 2 2021 F0 0 
Model_1_goa_re_2019.dat 2 2021 Fabc 0.0399647
Model_1_goa_re_2019.dat 2 2021 Fofl 0.048207
Model_1_goa_re_2019.dat 2 2021  F_LCI 0.0198704
Model_1_goa_re_2019.dat 2 2021  F_UCI 0.0198704
Model_1_goa_re_2019.dat 2 2021  F_Median 0.0198704
Model_1_goa_re_2019.dat 2 2021  F_Mean 0.0198704
Model_1_goa_re_2019.dat 2 2022 F0 0 
Model_1_goa_re_2019.dat 2 2022 Fabc 0.0399647
Model_1_goa_re_2019.dat 2 2022 Fofl 0.048207
Model_1_goa_re_2019.dat 2 2022  F_LCI 0.0198704
Model_1_goa_re_2019.dat 2 2022  F_UCI 0.0198704
Model_1_goa_re_2019.dat 2 2022  F_Median 0.0198704
Model_1_goa_re_2019.dat 2 2022  F_Mean 0.0198704
Model_1_goa_re_2019.dat 2 2023 F0 0 
Model_1_goa_re_2019.dat 2 2023 Fabc 0.0399647
Model_1_goa_re_2019.dat 2 2023 Fofl 0.048207
Model_1_goa_re_2019.dat 2 2023  F_LCI 0.0198704
Model_1_goa_re_2019.dat 2 2023  F_UCI 0.0198704
Model_1_goa_re_2019.dat 2 2023  F_Median 0.0198704
Model_1_goa_re_2019.dat 2 2023  F_Mean 0.0198704
Model_1_goa_re_2019.dat 2 2024 F0 0 
Model_1_goa_re_2019.dat 2 2024 Fabc 0.0399647
Model_1_goa_re_2019.dat 2 2024 Fofl 0.048207
Model_1_goa_re_2019.dat 2 2024  F_LCI 0.0198704
Model_1_goa_re_2019.dat 2 2024  F_UCI 0.0198704
Model_1_goa_re_2019.dat 2 2024  F_Median 0.0198704
Model_1_goa_re_2019.dat 2 2024  F_Mean 0.0198704
Model_1_goa_re_2019.dat 2 2025 F0 0 
Model_1_goa_re_2019.dat 2 2025 Fabc 0.0399647
Model_1_goa_re_2019.dat 2 2025 Fofl 0.048207
Model_1_goa_re_2019.dat 2 2025  F_LCI 0.0198704
Model_1_goa_re_2019.dat 2 2025  F_UCI 0.0198704
Model_1_goa_re_2019.dat 2 2025  F_Median 0.0198704
Model_1_goa_re_2019.dat 2 2025  F_Mean 0.0198704
Model_1_goa_re_2019.dat 2 2026 F0 0 
Model_1_goa_re_2019.dat 2 2026 Fabc 0.0399647
Model_1_goa_re_2019.dat 2 2026 Fofl 0.048207
Model_1_goa_re_2019.dat 2 2026  F_LCI 0.0198704
Model_1_goa_re_2019.dat 2 2026  F_UCI 0.0198704
Model_1_goa_re_2019.dat 2 2026  F_Median 0.0198704
Model_1_goa_re_2019.dat 2 2026  F_Mean 0.0198704
Model_1_goa_re_2019.dat 2 2027 F0 0 
Model_1_goa_re_2019.dat 2 2027 Fabc 0.0399647
Model_1_goa_re_2019.dat 2 2027 Fofl 0.048207
Model_1_goa_re_2019.dat 2 2027  F_LCI 0.0198704
Model_1_goa_re_2019.dat 2 2027  F_UCI 0.0198704
Model_1_goa_re_2019.dat 2 2027  F_Median 0.0198704
Model_1_goa_re_2019.dat 2 2027  F_Mean 0.0198704
Model_1_goa_re_2019.dat 2 2028 F0 0 
Model_1_goa_re_2019.dat 2 2028 Fabc 0.0399647
Model_1_goa_re_2019.dat 2 2028 Fofl 0.048207
Model_1_goa_re_2019.dat 2 2028  F_LCI 0.0198704
Model_1_goa_re_2019.dat 2 2028  F_UCI 0.0198704
Model_1_goa_re_2019.dat 2 2028  F_Median 0.0198704
Model_1_goa_re_2019.dat 2 2028  F_Mean 0.0198704
Model_1_goa_re_2019.dat 2 2029 F0 0 
Model_1_goa_re_2019.dat 2 2029 Fabc 0.0399647
Model_1_goa_re_2019.dat 2 2029 Fofl 0.048207
Model_1_goa_re_2019.dat 2 2029  F_LCI 0.0198704
Model_1_goa_re_2019.dat 2 2029  F_UCI 0.0198704
Model_1_goa_re_2019.dat 2 2029  F_Median 0.0198704
Model_1_goa_re_2019.dat 2 2029  F_Mean 0.0198704
Model_1_goa_re_2019.dat 2 2030 F0 0 
Model_1_goa_re_2019.dat 2 2030 Fabc 0.0399647
Model_1_goa_re_2019.dat 2 2030 Fofl 0.048207
Model_1_goa_re_2019.dat 2 2030  F_LCI 0.0198704
Model_1_goa_re_2019.dat 2 2030  F_UCI 0.0198704
Model_1_goa_re_2019.dat 2 2030  F_Median 0.0198704
Model_1_goa_re_2019.dat 2 2030  F_Mean 0.0198704
Model_1_goa_re_2019.dat 2 2031 F0 0 
Model_1_goa_re_2019.dat 2 2031 Fabc 0.0399647
Model_1_goa_re_2019.dat 2 2031 Fofl 0.048207
Model_1_goa_re_2019.dat 2 2031  F_LCI 0.0198704
Model_1_goa_re_2019.dat 2 2031  F_UCI 0.0198704
Model_1_goa_re_2019.dat 2 2031  F_Median 0.0198704
Model_1_goa_re_2019.dat 2 2031  F_Mean 0.0198704
Model_1_goa_re_2019.dat 2 2032 F0 0 
Model_1_goa_re_2019.dat 2 2032 Fabc 0.0399647
Model_1_goa_re_2019.dat 2 2032 Fofl 0.048207
Model_1_goa_re_2019.dat 2 2032  F_LCI 0.0198704
Model_1_goa_re_2019.dat 2 2032  F_UCI 0.0198704
Model_1_goa_re_2019.dat 2 2032  F_Median 0.0198704
Model_1_goa_re_2019.dat 2 2032  F_Mean 0.0198704
Model_1_goa_re_2019.dat 3 2019 Cabc 0.840752
Model_1_goa_re_2019.dat 3 2019 Cofl 0.901601
Model_1_goa_re_2019.dat 3 2019 CLCI 0.803113
Model_1_goa_re_2019.dat 3 2019 CUCI 0.803113
Model_1_goa_re_2019.dat 3 2019 CMedian 0.803113
Model_1_goa_re_2019.dat 3 2019 CMean 0.803113
Model_1_goa_re_2019.dat 3 2020 Cabc 0.840752
Model_1_goa_re_2019.dat 3 2020 Cofl 0.901601
Model_1_goa_re_2019.dat 3 2020 CLCI 0.606067
Model_1_goa_re_2019.dat 3 2020 CUCI 0.606068
Model_1_goa_re_2019.dat 3 2020 CMedian 0.606068
Model_1_goa_re_2019.dat 3 2020 CMean 0.606068
Model_1_goa_re_2019.dat 3 2021 Cabc 0.840752
Model_1_goa_re_2019.dat 3 2021 Cofl 0.901601
Model_1_goa_re_2019.dat 3 2021 CLCI 0.606327
Model_1_goa_re_2019.dat 3 2021 CUCI 0.606332
Model_1_goa_re_2019.dat 3 2021 CMedian 0.606329
Model_1_goa_re_2019.dat 3 2021 CMean 0.606329
Model_1_goa_re_2019.dat 3 2022 Cabc 0.840752
Model_1_goa_re_2019.dat 3 2022 Cofl 0.901601
Model_1_goa_re_2019.dat 3 2022 CLCI 0.610554
Model_1_goa_re_2019.dat 3 2022 CUCI 0.610572
Model_1_goa_re_2019.dat 3 2022 CMedian 0.610561
Model_1_goa_re_2019.dat 3 2022 CMean 0.610562
Model_1_goa_re_2019.dat 3 2023 Cabc 0.840752
Model_1_goa_re_2019.dat 3 2023 Cofl 0.901601
Model_1_goa_re_2019.dat 3 2023 CLCI 0.606551
Model_1_goa_re_2019.dat 3 2023 CUCI 0.606615
Model_1_goa_re_2019.dat 3 2023 CMedian 0.606574
Model_1_goa_re_2019.dat 3 2023 CMean 0.606577
Model_1_goa_re_2019.dat 3 2024 Cabc 0.840752
Model_1_goa_re_2019.dat 3 2024 Cofl 0.901601
Model_1_goa_re_2019.dat 3 2024 CLCI 0.609003
Model_1_goa_re_2019.dat 3 2024 CUCI 0.609208
Model_1_goa_re_2019.dat 3 2024 CMedian 0.609078
Model_1_goa_re_2019.dat 3 2024 CMean 0.609088
Model_1_goa_re_2019.dat 3 2025 Cabc 0.840752
Model_1_goa_re_2019.dat 3 2025 Cofl 0.901601
Model_1_goa_re_2019.dat 3 2025 CLCI 0.619623
Model_1_goa_re_2019.dat 3 2025 CUCI 0.620153
Model_1_goa_re_2019.dat 3 2025 CMedian 0.619817
Model_1_goa_re_2019.dat 3 2025 CMean 0.619842
Model_1_goa_re_2019.dat 3 2026 Cabc 0.840752
Model_1_goa_re_2019.dat 3 2026 Cofl 0.901601
Model_1_goa_re_2019.dat 3 2026 CLCI 0.641807
Model_1_goa_re_2019.dat 3 2026 CUCI 0.642906
Model_1_goa_re_2019.dat 3 2026 CMedian 0.642221
Model_1_goa_re_2019.dat 3 2026 CMean 0.642273
Model_1_goa_re_2019.dat 3 2027 Cabc 0.840752
Model_1_goa_re_2019.dat 3 2027 Cofl 0.901601
Model_1_goa_re_2019.dat 3 2027 CLCI 0.635035
Model_1_goa_re_2019.dat 3 2027 CUCI 0.636882
Model_1_goa_re_2019.dat 3 2027 CMedian 0.635725
Model_1_goa_re_2019.dat 3 2027 CMean 0.635809
Model_1_goa_re_2019.dat 3 2028 Cabc 0.840752
Model_1_goa_re_2019.dat 3 2028 Cofl 0.901601
Model_1_goa_re_2019.dat 3 2028 CLCI 0.628307
Model_1_goa_re_2019.dat 3 2028 CUCI 0.630816
Model_1_goa_re_2019.dat 3 2028 CMedian 0.62934
Model_1_goa_re_2019.dat 3 2028 CMean 0.629424
Model_1_goa_re_2019.dat 3 2029 Cabc 0.840752
Model_1_goa_re_2019.dat 3 2029 Cofl 0.901601
Model_1_goa_re_2019.dat 3 2029 CLCI 0.625106
Model_1_goa_re_2019.dat 3 2029 CUCI 0.628032
Model_1_goa_re_2019.dat 3 2029 CMedian 0.626351
Model_1_goa_re_2019.dat 3 2029 CMean 0.626445
Model_1_goa_re_2019.dat 3 2030 Cabc 0.840752
Model_1_goa_re_2019.dat 3 2030 Cofl 0.901601
Model_1_goa_re_2019.dat 3 2030 CLCI 0.622374
Model_1_goa_re_2019.dat 3 2030 CUCI 0.625941
Model_1_goa_re_2019.dat 3 2030 CMedian 0.6239
Model_1_goa_re_2019.dat 3 2030 CMean 0.624004
Model_1_goa_re_2019.dat 3 2031 Cabc 0.840752
Model_1_goa_re_2019.dat 3 2031 Cofl 0.901601
Model_1_goa_re_2019.dat 3 2031 CLCI 0.617903
Model_1_goa_re_2019.dat 3 2031 CUCI 0.622885
Model_1_goa_re_2019.dat 3 2031 CMedian 0.61991
Model_1_goa_re_2019.dat 3 2031 CMean 0.62002
Model_1_goa_re_2019.dat 3 2032 Cabc 0.840752
Model_1_goa_re_2019.dat 3 2032 Cofl 0.901601
Model_1_goa_re_2019.dat 3 2032 CLCI 0.612644
Model_1_goa_re_2019.dat 3 2032 CUCI 0.622226
Model_1_goa_re_2019.dat 3 2032 CMedian 0.616107
Model_1_goa_re_2019.dat 3 2032 CMean 0.616587
Model_1_goa_re_2019.dat 3 2019 SSBF100 20.6581
Model_1_goa_re_2019.dat 3 2019 SSBFabc 8.26323
Model_1_goa_re_2019.dat 3 2019 SSBFofl 7.23033
Model_1_goa_re_2019.dat 3 2019 SSBLCI 12.4748
Model_1_goa_re_2019.dat 3 2019 SSBUCI 12.4748
Model_1_goa_re_2019.dat 3 2019 SSBMedian 12.4748
Model_1_goa_re_2019.dat 3 2019 SSBMean 12.4748
Model_1_goa_re_2019.dat 3 2020 SSBF100 20.6581
Model_1_goa_re_2019.dat 3 2020 SSBFabc 8.26323
Model_1_goa_re_2019.dat 3 2020 SSBFofl 7.23033
Model_1_goa_re_2019.dat 3 2020 SSBLCI 12.4242
Model_1_goa_re_2019.dat 3 2020 SSBUCI 12.4242
Model_1_goa_re_2019.dat 3 2020 SSBMedian 12.4242
Model_1_goa_re_2019.dat 3 2020 SSBMean 12.4242
Model_1_goa_re_2019.dat 3 2021 SSBF100 20.6581
Model_1_goa_re_2019.dat 3 2021 SSBFabc 8.26323
Model_1_goa_re_2019.dat 3 2021 SSBFofl 7.23033
Model_1_goa_re_2019.dat 3 2021 SSBLCI 12.4175
Model_1_goa_re_2019.dat 3 2021 SSBUCI 12.4175
Model_1_goa_re_2019.dat 3 2021 SSBMedian 12.4175
Model_1_goa_re_2019.dat 3 2021 SSBMean 12.4175
Model_1_goa_re_2019.dat 3 2022 SSBF100 20.6581
Model_1_goa_re_2019.dat 3 2022 SSBFabc 8.26323
Model_1_goa_re_2019.dat 3 2022 SSBFofl 7.23033
Model_1_goa_re_2019.dat 3 2022 SSBLCI 12.4288
Model_1_goa_re_2019.dat 3 2022 SSBUCI 12.4288
Model_1_goa_re_2019.dat 3 2022 SSBMedian 12.4288
Model_1_goa_re_2019.dat 3 2022 SSBMean 12.4288
Model_1_goa_re_2019.dat 3 2023 SSBF100 20.6581
Model_1_goa_re_2019.dat 3 2023 SSBFabc 8.26323
Model_1_goa_re_2019.dat 3 2023 SSBFofl 7.23033
Model_1_goa_re_2019.dat 3 2023 SSBLCI 12.4626
Model_1_goa_re_2019.dat 3 2023 SSBUCI 12.4626
Model_1_goa_re_2019.dat 3 2023 SSBMedian 12.4626
Model_1_goa_re_2019.dat 3 2023 SSBMean 12.4626
Model_1_goa_re_2019.dat 3 2024 SSBF100 20.6581
Model_1_goa_re_2019.dat 3 2024 SSBFabc 8.26323
Model_1_goa_re_2019.dat 3 2024 SSBFofl 7.23033
Model_1_goa_re_2019.dat 3 2024 SSBLCI 12.4993
Model_1_goa_re_2019.dat 3 2024 SSBUCI 12.4997
Model_1_goa_re_2019.dat 3 2024 SSBMedian 12.4994
Model_1_goa_re_2019.dat 3 2024 SSBMean 12.4995
Model_1_goa_re_2019.dat 3 2025 SSBF100 20.6581
Model_1_goa_re_2019.dat 3 2025 SSBFabc 8.26323
Model_1_goa_re_2019.dat 3 2025 SSBFofl 7.23033
Model_1_goa_re_2019.dat 3 2025 SSBLCI 12.5654
Model_1_goa_re_2019.dat 3 2025 SSBUCI 12.5663
Model_1_goa_re_2019.dat 3 2025 SSBMedian 12.5658
Model_1_goa_re_2019.dat 3 2025 SSBMean 12.5658
Model_1_goa_re_2019.dat 3 2026 SSBF100 20.6581
Model_1_goa_re_2019.dat 3 2026 SSBFabc 8.26323
Model_1_goa_re_2019.dat 3 2026 SSBFofl 7.23033
Model_1_goa_re_2019.dat 3 2026 SSBLCI 12.6375
Model_1_goa_re_2019.dat 3 2026 SSBUCI 12.6396
Model_1_goa_re_2019.dat 3 2026 SSBMedian 12.6383
Model_1_goa_re_2019.dat 3 2026 SSBMean 12.6384
Model_1_goa_re_2019.dat 3 2027 SSBF100 20.6581
Model_1_goa_re_2019.dat 3 2027 SSBFabc 8.26323
Model_1_goa_re_2019.dat 3 2027 SSBFofl 7.23033
Model_1_goa_re_2019.dat 3 2027 SSBLCI 12.6953
Model_1_goa_re_2019.dat 3 2027 SSBUCI 12.7011
Model_1_goa_re_2019.dat 3 2027 SSBMedian 12.6975
Model_1_goa_re_2019.dat 3 2027 SSBMean 12.6977
Model_1_goa_re_2019.dat 3 2028 SSBF100 20.6581
Model_1_goa_re_2019.dat 3 2028 SSBFabc 8.26323
Model_1_goa_re_2019.dat 3 2028 SSBFofl 7.23033
Model_1_goa_re_2019.dat 3 2028 SSBLCI 12.7324
Model_1_goa_re_2019.dat 3 2028 SSBUCI 12.7471
Model_1_goa_re_2019.dat 3 2028 SSBMedian 12.7377
Model_1_goa_re_2019.dat 3 2028 SSBMean 12.7384
Model_1_goa_re_2019.dat 3 2029 SSBF100 20.6581
Model_1_goa_re_2019.dat 3 2029 SSBFabc 8.26323
Model_1_goa_re_2019.dat 3 2029 SSBFofl 7.23033
Model_1_goa_re_2019.dat 3 2029 SSBLCI 12.7443
Model_1_goa_re_2019.dat 3 2029 SSBUCI 12.7759
Model_1_goa_re_2019.dat 3 2029 SSBMedian 12.7562
Model_1_goa_re_2019.dat 3 2029 SSBMean 12.7577
Model_1_goa_re_2019.dat 3 2030 SSBF100 20.6581
Model_1_goa_re_2019.dat 3 2030 SSBFabc 8.26323
Model_1_goa_re_2019.dat 3 2030 SSBFofl 7.23033
Model_1_goa_re_2019.dat 3 2030 SSBLCI 12.7363
Model_1_goa_re_2019.dat 3 2030 SSBUCI 12.7999
Model_1_goa_re_2019.dat 3 2030 SSBMedian 12.76
Model_1_goa_re_2019.dat 3 2030 SSBMean 12.7629
Model_1_goa_re_2019.dat 3 2031 SSBF100 20.6581
Model_1_goa_re_2019.dat 3 2031 SSBFabc 8.26323
Model_1_goa_re_2019.dat 3 2031 SSBFofl 7.23033
Model_1_goa_re_2019.dat 3 2031 SSBLCI 12.7124
Model_1_goa_re_2019.dat 3 2031 SSBUCI 12.827
Model_1_goa_re_2019.dat 3 2031 SSBMedian 12.7556
Model_1_goa_re_2019.dat 3 2031 SSBMean 12.7605
Model_1_goa_re_2019.dat 3 2032 SSBF100 20.6581
Model_1_goa_re_2019.dat 3 2032 SSBFabc 8.26323
Model_1_goa_re_2019.dat 3 2032 SSBFofl 7.23033
Model_1_goa_re_2019.dat 3 2032 SSBLCI 12.648
Model_1_goa_re_2019.dat 3 2032 SSBUCI 12.8411
Model_1_goa_re_2019.dat 3 2032 SSBMedian 12.7206
Model_1_goa_re_2019.dat 3 2032 SSBMean 12.73
Model_1_goa_re_2019.dat 3 2019 F0 0 
Model_1_goa_re_2019.dat 3 2019 Fabc 0.0399647
Model_1_goa_re_2019.dat 3 2019 Fofl 0.048207
Model_1_goa_re_2019.dat 3 2019  F_LCI 0.0262862
Model_1_goa_re_2019.dat 3 2019  F_UCI 0.0262862
Model_1_goa_re_2019.dat 3 2019  F_Median 0.0262862
Model_1_goa_re_2019.dat 3 2019  F_Mean 0.0262862
Model_1_goa_re_2019.dat 3 2020 F0 0 
Model_1_goa_re_2019.dat 3 2020 Fabc 0.0399647
Model_1_goa_re_2019.dat 3 2020 Fofl 0.048207
Model_1_goa_re_2019.dat 3 2020  F_LCI 0.0199823
Model_1_goa_re_2019.dat 3 2020  F_UCI 0.0199823
Model_1_goa_re_2019.dat 3 2020  F_Median 0.0199823
Model_1_goa_re_2019.dat 3 2020  F_Mean 0.0199823
Model_1_goa_re_2019.dat 3 2021 F0 0 
Model_1_goa_re_2019.dat 3 2021 Fabc 0.0399647
Model_1_goa_re_2019.dat 3 2021 Fofl 0.048207
Model_1_goa_re_2019.dat 3 2021  F_LCI 0.0199823
Model_1_goa_re_2019.dat 3 2021  F_UCI 0.0199823
Model_1_goa_re_2019.dat 3 2021  F_Median 0.0199823
Model_1_goa_re_2019.dat 3 2021  F_Mean 0.0199823
Model_1_goa_re_2019.dat 3 2022 F0 0 
Model_1_goa_re_2019.dat 3 2022 Fabc 0.0399647
Model_1_goa_re_2019.dat 3 2022 Fofl 0.048207
Model_1_goa_re_2019.dat 3 2022  F_LCI 0.0199823
Model_1_goa_re_2019.dat 3 2022  F_UCI 0.0199823
Model_1_goa_re_2019.dat 3 2022  F_Median 0.0199823
Model_1_goa_re_2019.dat 3 2022  F_Mean 0.0199823
Model_1_goa_re_2019.dat 3 2023 F0 0 
Model_1_goa_re_2019.dat 3 2023 Fabc 0.0399647
Model_1_goa_re_2019.dat 3 2023 Fofl 0.048207
Model_1_goa_re_2019.dat 3 2023  F_LCI 0.0199823
Model_1_goa_re_2019.dat 3 2023  F_UCI 0.0199823
Model_1_goa_re_2019.dat 3 2023  F_Median 0.0199823
Model_1_goa_re_2019.dat 3 2023  F_Mean 0.0199823
Model_1_goa_re_2019.dat 3 2024 F0 0 
Model_1_goa_re_2019.dat 3 2024 Fabc 0.0399647
Model_1_goa_re_2019.dat 3 2024 Fofl 0.048207
Model_1_goa_re_2019.dat 3 2024  F_LCI 0.0199823
Model_1_goa_re_2019.dat 3 2024  F_UCI 0.0199823
Model_1_goa_re_2019.dat 3 2024  F_Median 0.0199823
Model_1_goa_re_2019.dat 3 2024  F_Mean 0.0199823
Model_1_goa_re_2019.dat 3 2025 F0 0 
Model_1_goa_re_2019.dat 3 2025 Fabc 0.0399647
Model_1_goa_re_2019.dat 3 2025 Fofl 0.048207
Model_1_goa_re_2019.dat 3 2025  F_LCI 0.0199823
Model_1_goa_re_2019.dat 3 2025  F_UCI 0.0199823
Model_1_goa_re_2019.dat 3 2025  F_Median 0.0199823
Model_1_goa_re_2019.dat 3 2025  F_Mean 0.0199823
Model_1_goa_re_2019.dat 3 2026 F0 0 
Model_1_goa_re_2019.dat 3 2026 Fabc 0.0399647
Model_1_goa_re_2019.dat 3 2026 Fofl 0.048207
Model_1_goa_re_2019.dat 3 2026  F_LCI 0.0199823
Model_1_goa_re_2019.dat 3 2026  F_UCI 0.0199823
Model_1_goa_re_2019.dat 3 2026  F_Median 0.0199823
Model_1_goa_re_2019.dat 3 2026  F_Mean 0.0199823
Model_1_goa_re_2019.dat 3 2027 F0 0 
Model_1_goa_re_2019.dat 3 2027 Fabc 0.0399647
Model_1_goa_re_2019.dat 3 2027 Fofl 0.048207
Model_1_goa_re_2019.dat 3 2027  F_LCI 0.0199823
Model_1_goa_re_2019.dat 3 2027  F_UCI 0.0199823
Model_1_goa_re_2019.dat 3 2027  F_Median 0.0199823
Model_1_goa_re_2019.dat 3 2027  F_Mean 0.0199823
Model_1_goa_re_2019.dat 3 2028 F0 0 
Model_1_goa_re_2019.dat 3 2028 Fabc 0.0399647
Model_1_goa_re_2019.dat 3 2028 Fofl 0.048207
Model_1_goa_re_2019.dat 3 2028  F_LCI 0.0199823
Model_1_goa_re_2019.dat 3 2028  F_UCI 0.0199823
Model_1_goa_re_2019.dat 3 2028  F_Median 0.0199823
Model_1_goa_re_2019.dat 3 2028  F_Mean 0.0199823
Model_1_goa_re_2019.dat 3 2029 F0 0 
Model_1_goa_re_2019.dat 3 2029 Fabc 0.0399647
Model_1_goa_re_2019.dat 3 2029 Fofl 0.048207
Model_1_goa_re_2019.dat 3 2029  F_LCI 0.0199823
Model_1_goa_re_2019.dat 3 2029  F_UCI 0.0199823
Model_1_goa_re_2019.dat 3 2029  F_Median 0.0199823
Model_1_goa_re_2019.dat 3 2029  F_Mean 0.0199823
Model_1_goa_re_2019.dat 3 2030 F0 0 
Model_1_goa_re_2019.dat 3 2030 Fabc 0.0399647
Model_1_goa_re_2019.dat 3 2030 Fofl 0.048207
Model_1_goa_re_2019.dat 3 2030  F_LCI 0.0199823
Model_1_goa_re_2019.dat 3 2030  F_UCI 0.0199823
Model_1_goa_re_2019.dat 3 2030  F_Median 0.0199823
Model_1_goa_re_2019.dat 3 2030  F_Mean 0.0199823
Model_1_goa_re_2019.dat 3 2031 F0 0 
Model_1_goa_re_2019.dat 3 2031 Fabc 0.0399647
Model_1_goa_re_2019.dat 3 2031 Fofl 0.048207
Model_1_goa_re_2019.dat 3 2031  F_LCI 0.0199823
Model_1_goa_re_2019.dat 3 2031  F_UCI 0.0199823
Model_1_goa_re_2019.dat 3 2031  F_Median 0.0199823
Model_1_goa_re_2019.dat 3 2031  F_Mean 0.0199823
Model_1_goa_re_2019.dat 3 2032 F0 0 
Model_1_goa_re_2019.dat 3 2032 Fabc 0.0399647
Model_1_goa_re_2019.dat 3 2032 Fofl 0.048207
Model_1_goa_re_2019.dat 3 2032  F_LCI 0.0199823
Model_1_goa_re_2019.dat 3 2032  F_UCI 0.0199823
Model_1_goa_re_2019.dat 3 2032  F_Median 0.0199823
Model_1_goa_re_2019.dat 3 2032  F_Mean 0.0199823
Model_1_goa_re_2019.dat 4 2019 Cabc 0.840752
Model_1_goa_re_2019.dat 4 2019 Cofl 0.901601
Model_1_goa_re_2019.dat 4 2019 CLCI 0.803113
Model_1_goa_re_2019.dat 4 2019 CUCI 0.803113
Model_1_goa_re_2019.dat 4 2019 CMedian 0.803113
Model_1_goa_re_2019.dat 4 2019 CMean 0.803113
Model_1_goa_re_2019.dat 4 2020 Cabc 0.840752
Model_1_goa_re_2019.dat 4 2020 Cofl 0.901601
Model_1_goa_re_2019.dat 4 2020 CLCI 0.604441
Model_1_goa_re_2019.dat 4 2020 CUCI 0.604442
Model_1_goa_re_2019.dat 4 2020 CMedian 0.604442
Model_1_goa_re_2019.dat 4 2020 CMean 0.604442
Model_1_goa_re_2019.dat 4 2021 Cabc 0.840752
Model_1_goa_re_2019.dat 4 2021 Cofl 0.901601
Model_1_goa_re_2019.dat 4 2021 CLCI 0.604732
Model_1_goa_re_2019.dat 4 2021 CUCI 0.604736
Model_1_goa_re_2019.dat 4 2021 CMedian 0.604733
Model_1_goa_re_2019.dat 4 2021 CMean 0.604733
Model_1_goa_re_2019.dat 4 2022 Cabc 0.840752
Model_1_goa_re_2019.dat 4 2022 Cofl 0.901601
Model_1_goa_re_2019.dat 4 2022 CLCI 0.608977
Model_1_goa_re_2019.dat 4 2022 CUCI 0.608995
Model_1_goa_re_2019.dat 4 2022 CMedian 0.608984
Model_1_goa_re_2019.dat 4 2022 CMean 0.608984
Model_1_goa_re_2019.dat 4 2023 Cabc 0.840752
Model_1_goa_re_2019.dat 4 2023 Cofl 0.901601
Model_1_goa_re_2019.dat 4 2023 CLCI 0.605013
Model_1_goa_re_2019.dat 4 2023 CUCI 0.605077
Model_1_goa_re_2019.dat 4 2023 CMedian 0.605037
Model_1_goa_re_2019.dat 4 2023 CMean 0.605039
Model_1_goa_re_2019.dat 4 2024 Cabc 0.840752
Model_1_goa_re_2019.dat 4 2024 Cofl 0.901601
Model_1_goa_re_2019.dat 4 2024 CLCI 0.607487
Model_1_goa_re_2019.dat 4 2024 CUCI 0.607691
Model_1_goa_re_2019.dat 4 2024 CMedian 0.607561
Model_1_goa_re_2019.dat 4 2024 CMean 0.607571
Model_1_goa_re_2019.dat 4 2025 Cabc 0.840752
Model_1_goa_re_2019.dat 4 2025 Cofl 0.901601
Model_1_goa_re_2019.dat 4 2025 CLCI 0.618105
Model_1_goa_re_2019.dat 4 2025 CUCI 0.618633
Model_1_goa_re_2019.dat 4 2025 CMedian 0.618298
Model_1_goa_re_2019.dat 4 2025 CMean 0.618323
Model_1_goa_re_2019.dat 4 2026 Cabc 0.840752
Model_1_goa_re_2019.dat 4 2026 Cofl 0.901601
Model_1_goa_re_2019.dat 4 2026 CLCI 0.640257
Model_1_goa_re_2019.dat 4 2026 CUCI 0.641352
Model_1_goa_re_2019.dat 4 2026 CMedian 0.640669
Model_1_goa_re_2019.dat 4 2026 CMean 0.640721
Model_1_goa_re_2019.dat 4 2027 Cabc 0.840752
Model_1_goa_re_2019.dat 4 2027 Cofl 0.901601
Model_1_goa_re_2019.dat 4 2027 CLCI 0.633529
Model_1_goa_re_2019.dat 4 2027 CUCI 0.635371
Model_1_goa_re_2019.dat 4 2027 CMedian 0.634216
Model_1_goa_re_2019.dat 4 2027 CMean 0.6343
Model_1_goa_re_2019.dat 4 2028 Cabc 0.840752
Model_1_goa_re_2019.dat 4 2028 Cofl 0.901601
Model_1_goa_re_2019.dat 4 2028 CLCI 0.626843
Model_1_goa_re_2019.dat 4 2028 CUCI 0.629346
Model_1_goa_re_2019.dat 4 2028 CMedian 0.627873
Model_1_goa_re_2019.dat 4 2028 CMean 0.627957
Model_1_goa_re_2019.dat 4 2029 Cabc 0.840752
Model_1_goa_re_2019.dat 4 2029 Cofl 0.901601
Model_1_goa_re_2019.dat 4 2029 CLCI 0.623674
Model_1_goa_re_2019.dat 4 2029 CUCI 0.626592
Model_1_goa_re_2019.dat 4 2029 CMedian 0.624915
Model_1_goa_re_2019.dat 4 2029 CMean 0.625009
Model_1_goa_re_2019.dat 4 2030 Cabc 0.840752
Model_1_goa_re_2019.dat 4 2030 Cofl 0.901601
Model_1_goa_re_2019.dat 4 2030 CLCI 0.620971
Model_1_goa_re_2019.dat 4 2030 CUCI 0.624529
Model_1_goa_re_2019.dat 4 2030 CMedian 0.622493
Model_1_goa_re_2019.dat 4 2030 CMean 0.622597
Model_1_goa_re_2019.dat 4 2031 Cabc 0.840752
Model_1_goa_re_2019.dat 4 2031 Cofl 0.901601
Model_1_goa_re_2019.dat 4 2031 CLCI 0.616533
Model_1_goa_re_2019.dat 4 2031 CUCI 0.621502
Model_1_goa_re_2019.dat 4 2031 CMedian 0.618534
Model_1_goa_re_2019.dat 4 2031 CMean 0.618644
Model_1_goa_re_2019.dat 4 2032 Cabc 0.840752
Model_1_goa_re_2019.dat 4 2032 Cofl 0.901601
Model_1_goa_re_2019.dat 4 2032 CLCI 0.611308
Model_1_goa_re_2019.dat 4 2032 CUCI 0.620864
Model_1_goa_re_2019.dat 4 2032 CMedian 0.614762
Model_1_goa_re_2019.dat 4 2032 CMean 0.61524
Model_1_goa_re_2019.dat 4 2019 SSBF100 20.6581
Model_1_goa_re_2019.dat 4 2019 SSBFabc 8.26323
Model_1_goa_re_2019.dat 4 2019 SSBFofl 7.23033
Model_1_goa_re_2019.dat 4 2019 SSBLCI 12.4748
Model_1_goa_re_2019.dat 4 2019 SSBUCI 12.4748
Model_1_goa_re_2019.dat 4 2019 SSBMedian 12.4748
Model_1_goa_re_2019.dat 4 2019 SSBMean 12.4748
Model_1_goa_re_2019.dat 4 2020 SSBF100 20.6581
Model_1_goa_re_2019.dat 4 2020 SSBFabc 8.26323
Model_1_goa_re_2019.dat 4 2020 SSBFofl 7.23033
Model_1_goa_re_2019.dat 4 2020 SSBLCI 12.4245
Model_1_goa_re_2019.dat 4 2020 SSBUCI 12.4245
Model_1_goa_re_2019.dat 4 2020 SSBMedian 12.4245
Model_1_goa_re_2019.dat 4 2020 SSBMean 12.4245
Model_1_goa_re_2019.dat 4 2021 SSBF100 20.6581
Model_1_goa_re_2019.dat 4 2021 SSBFabc 8.26323
Model_1_goa_re_2019.dat 4 2021 SSBFofl 7.23033
Model_1_goa_re_2019.dat 4 2021 SSBLCI 12.4184
Model_1_goa_re_2019.dat 4 2021 SSBUCI 12.4184
Model_1_goa_re_2019.dat 4 2021 SSBMedian 12.4184
Model_1_goa_re_2019.dat 4 2021 SSBMean 12.4184
Model_1_goa_re_2019.dat 4 2022 SSBF100 20.6581
Model_1_goa_re_2019.dat 4 2022 SSBFabc 8.26323
Model_1_goa_re_2019.dat 4 2022 SSBFofl 7.23033
Model_1_goa_re_2019.dat 4 2022 SSBLCI 12.4303
Model_1_goa_re_2019.dat 4 2022 SSBUCI 12.4303
Model_1_goa_re_2019.dat 4 2022 SSBMedian 12.4303
Model_1_goa_re_2019.dat 4 2022 SSBMean 12.4303
Model_1_goa_re_2019.dat 4 2023 SSBF100 20.6581
Model_1_goa_re_2019.dat 4 2023 SSBFabc 8.26323
Model_1_goa_re_2019.dat 4 2023 SSBFofl 7.23033
Model_1_goa_re_2019.dat 4 2023 SSBLCI 12.4648
Model_1_goa_re_2019.dat 4 2023 SSBUCI 12.4648
Model_1_goa_re_2019.dat 4 2023 SSBMedian 12.4648
Model_1_goa_re_2019.dat 4 2023 SSBMean 12.4648
Model_1_goa_re_2019.dat 4 2024 SSBF100 20.6581
Model_1_goa_re_2019.dat 4 2024 SSBFabc 8.26323
Model_1_goa_re_2019.dat 4 2024 SSBFofl 7.23033
Model_1_goa_re_2019.dat 4 2024 SSBLCI 12.5021
Model_1_goa_re_2019.dat 4 2024 SSBUCI 12.5025
Model_1_goa_re_2019.dat 4 2024 SSBMedian 12.5022
Model_1_goa_re_2019.dat 4 2024 SSBMean 12.5023
Model_1_goa_re_2019.dat 4 2025 SSBF100 20.6581
Model_1_goa_re_2019.dat 4 2025 SSBFabc 8.26323
Model_1_goa_re_2019.dat 4 2025 SSBFofl 7.23033
Model_1_goa_re_2019.dat 4 2025 SSBLCI 12.5688
Model_1_goa_re_2019.dat 4 2025 SSBUCI 12.5697
Model_1_goa_re_2019.dat 4 2025 SSBMedian 12.5692
Model_1_goa_re_2019.dat 4 2025 SSBMean 12.5692
Model_1_goa_re_2019.dat 4 2026 SSBF100 20.6581
Model_1_goa_re_2019.dat 4 2026 SSBFabc 8.26323
Model_1_goa_re_2019.dat 4 2026 SSBFofl 7.23033
Model_1_goa_re_2019.dat 4 2026 SSBLCI 12.6415
Model_1_goa_re_2019.dat 4 2026 SSBUCI 12.6436
Model_1_goa_re_2019.dat 4 2026 SSBMedian 12.6423
Model_1_goa_re_2019.dat 4 2026 SSBMean 12.6424
Model_1_goa_re_2019.dat 4 2027 SSBF100 20.6581
Model_1_goa_re_2019.dat 4 2027 SSBFabc 8.26323
Model_1_goa_re_2019.dat 4 2027 SSBFofl 7.23033
Model_1_goa_re_2019.dat 4 2027 SSBLCI 12.6999
Model_1_goa_re_2019.dat 4 2027 SSBUCI 12.7057
Model_1_goa_re_2019.dat 4 2027 SSBMedian 12.702
Model_1_goa_re_2019.dat 4 2027 SSBMean 12.7023
Model_1_goa_re_2019.dat 4 2028 SSBF100 20.6581
Model_1_goa_re_2019.dat 4 2028 SSBFabc 8.26323
Model_1_goa_re_2019.dat 4 2028 SSBFofl 7.23033
Model_1_goa_re_2019.dat 4 2028 SSBLCI 12.7375
Model_1_goa_re_2019.dat 4 2028 SSBUCI 12.7522
Model_1_goa_re_2019.dat 4 2028 SSBMedian 12.7428
Model_1_goa_re_2019.dat 4 2028 SSBMean 12.7435
Model_1_goa_re_2019.dat 4 2029 SSBF100 20.6581
Model_1_goa_re_2019.dat 4 2029 SSBFabc 8.26323
Model_1_goa_re_2019.dat 4 2029 SSBFofl 7.23033
Model_1_goa_re_2019.dat 4 2029 SSBLCI 12.75
Model_1_goa_re_2019.dat 4 2029 SSBUCI 12.7816
Model_1_goa_re_2019.dat 4 2029 SSBMedian 12.7619
Model_1_goa_re_2019.dat 4 2029 SSBMean 12.7633
Model_1_goa_re_2019.dat 4 2030 SSBF100 20.6581
Model_1_goa_re_2019.dat 4 2030 SSBFabc 8.26323
Model_1_goa_re_2019.dat 4 2030 SSBFofl 7.23033
Model_1_goa_re_2019.dat 4 2030 SSBLCI 12.7425
Model_1_goa_re_2019.dat 4 2030 SSBUCI 12.8061
Model_1_goa_re_2019.dat 4 2030 SSBMedian 12.7662
Model_1_goa_re_2019.dat 4 2030 SSBMean 12.7691
Model_1_goa_re_2019.dat 4 2031 SSBF100 20.6581
Model_1_goa_re_2019.dat 4 2031 SSBFabc 8.26323
Model_1_goa_re_2019.dat 4 2031 SSBFofl 7.23033
Model_1_goa_re_2019.dat 4 2031 SSBLCI 12.7191
Model_1_goa_re_2019.dat 4 2031 SSBUCI 12.8337
Model_1_goa_re_2019.dat 4 2031 SSBMedian 12.7622
Model_1_goa_re_2019.dat 4 2031 SSBMean 12.7672
Model_1_goa_re_2019.dat 4 2032 SSBF100 20.6581
Model_1_goa_re_2019.dat 4 2032 SSBFabc 8.26323
Model_1_goa_re_2019.dat 4 2032 SSBFofl 7.23033
Model_1_goa_re_2019.dat 4 2032 SSBLCI 12.6551
Model_1_goa_re_2019.dat 4 2032 SSBUCI 12.8482
Model_1_goa_re_2019.dat 4 2032 SSBMedian 12.7277
Model_1_goa_re_2019.dat 4 2032 SSBMean 12.7371
Model_1_goa_re_2019.dat 4 2019 F0 0 
Model_1_goa_re_2019.dat 4 2019 Fabc 0.0399647
Model_1_goa_re_2019.dat 4 2019 Fofl 0.048207
Model_1_goa_re_2019.dat 4 2019  F_LCI 0.0262862
Model_1_goa_re_2019.dat 4 2019  F_UCI 0.0262862
Model_1_goa_re_2019.dat 4 2019  F_Median 0.0262862
Model_1_goa_re_2019.dat 4 2019  F_Mean 0.0262862
Model_1_goa_re_2019.dat 4 2020 F0 0 
Model_1_goa_re_2019.dat 4 2020 Fabc 0.0399647
Model_1_goa_re_2019.dat 4 2020 Fofl 0.048207
Model_1_goa_re_2019.dat 4 2020  F_LCI 0.0199282
Model_1_goa_re_2019.dat 4 2020  F_UCI 0.0199282
Model_1_goa_re_2019.dat 4 2020  F_Median 0.0199282
Model_1_goa_re_2019.dat 4 2020  F_Mean 0.0199282
Model_1_goa_re_2019.dat 4 2021 F0 0 
Model_1_goa_re_2019.dat 4 2021 Fabc 0.0399647
Model_1_goa_re_2019.dat 4 2021 Fofl 0.048207
Model_1_goa_re_2019.dat 4 2021  F_LCI 0.0199282
Model_1_goa_re_2019.dat 4 2021  F_UCI 0.0199282
Model_1_goa_re_2019.dat 4 2021  F_Median 0.0199282
Model_1_goa_re_2019.dat 4 2021  F_Mean 0.0199282
Model_1_goa_re_2019.dat 4 2022 F0 0 
Model_1_goa_re_2019.dat 4 2022 Fabc 0.0399647
Model_1_goa_re_2019.dat 4 2022 Fofl 0.048207
Model_1_goa_re_2019.dat 4 2022  F_LCI 0.0199282
Model_1_goa_re_2019.dat 4 2022  F_UCI 0.0199282
Model_1_goa_re_2019.dat 4 2022  F_Median 0.0199282
Model_1_goa_re_2019.dat 4 2022  F_Mean 0.0199282
Model_1_goa_re_2019.dat 4 2023 F0 0 
Model_1_goa_re_2019.dat 4 2023 Fabc 0.0399647
Model_1_goa_re_2019.dat 4 2023 Fofl 0.048207
Model_1_goa_re_2019.dat 4 2023  F_LCI 0.0199282
Model_1_goa_re_2019.dat 4 2023  F_UCI 0.0199282
Model_1_goa_re_2019.dat 4 2023  F_Median 0.0199282
Model_1_goa_re_2019.dat 4 2023  F_Mean 0.0199282
Model_1_goa_re_2019.dat 4 2024 F0 0 
Model_1_goa_re_2019.dat 4 2024 Fabc 0.0399647
Model_1_goa_re_2019.dat 4 2024 Fofl 0.048207
Model_1_goa_re_2019.dat 4 2024  F_LCI 0.0199282
Model_1_goa_re_2019.dat 4 2024  F_UCI 0.0199282
Model_1_goa_re_2019.dat 4 2024  F_Median 0.0199282
Model_1_goa_re_2019.dat 4 2024  F_Mean 0.0199282
Model_1_goa_re_2019.dat 4 2025 F0 0 
Model_1_goa_re_2019.dat 4 2025 Fabc 0.0399647
Model_1_goa_re_2019.dat 4 2025 Fofl 0.048207
Model_1_goa_re_2019.dat 4 2025  F_LCI 0.0199282
Model_1_goa_re_2019.dat 4 2025  F_UCI 0.0199282
Model_1_goa_re_2019.dat 4 2025  F_Median 0.0199282
Model_1_goa_re_2019.dat 4 2025  F_Mean 0.0199282
Model_1_goa_re_2019.dat 4 2026 F0 0 
Model_1_goa_re_2019.dat 4 2026 Fabc 0.0399647
Model_1_goa_re_2019.dat 4 2026 Fofl 0.048207
Model_1_goa_re_2019.dat 4 2026  F_LCI 0.0199282
Model_1_goa_re_2019.dat 4 2026  F_UCI 0.0199282
Model_1_goa_re_2019.dat 4 2026  F_Median 0.0199282
Model_1_goa_re_2019.dat 4 2026  F_Mean 0.0199282
Model_1_goa_re_2019.dat 4 2027 F0 0 
Model_1_goa_re_2019.dat 4 2027 Fabc 0.0399647
Model_1_goa_re_2019.dat 4 2027 Fofl 0.048207
Model_1_goa_re_2019.dat 4 2027  F_LCI 0.0199282
Model_1_goa_re_2019.dat 4 2027  F_UCI 0.0199282
Model_1_goa_re_2019.dat 4 2027  F_Median 0.0199282
Model_1_goa_re_2019.dat 4 2027  F_Mean 0.0199282
Model_1_goa_re_2019.dat 4 2028 F0 0 
Model_1_goa_re_2019.dat 4 2028 Fabc 0.0399647
Model_1_goa_re_2019.dat 4 2028 Fofl 0.048207
Model_1_goa_re_2019.dat 4 2028  F_LCI 0.0199282
Model_1_goa_re_2019.dat 4 2028  F_UCI 0.0199282
Model_1_goa_re_2019.dat 4 2028  F_Median 0.0199282
Model_1_goa_re_2019.dat 4 2028  F_Mean 0.0199282
Model_1_goa_re_2019.dat 4 2029 F0 0 
Model_1_goa_re_2019.dat 4 2029 Fabc 0.0399647
Model_1_goa_re_2019.dat 4 2029 Fofl 0.048207
Model_1_goa_re_2019.dat 4 2029  F_LCI 0.0199282
Model_1_goa_re_2019.dat 4 2029  F_UCI 0.0199282
Model_1_goa_re_2019.dat 4 2029  F_Median 0.0199282
Model_1_goa_re_2019.dat 4 2029  F_Mean 0.0199282
Model_1_goa_re_2019.dat 4 2030 F0 0 
Model_1_goa_re_2019.dat 4 2030 Fabc 0.0399647
Model_1_goa_re_2019.dat 4 2030 Fofl 0.048207
Model_1_goa_re_2019.dat 4 2030  F_LCI 0.0199282
Model_1_goa_re_2019.dat 4 2030  F_UCI 0.0199282
Model_1_goa_re_2019.dat 4 2030  F_Median 0.0199282
Model_1_goa_re_2019.dat 4 2030  F_Mean 0.0199282
Model_1_goa_re_2019.dat 4 2031 F0 0 
Model_1_goa_re_2019.dat 4 2031 Fabc 0.0399647
Model_1_goa_re_2019.dat 4 2031 Fofl 0.048207
Model_1_goa_re_2019.dat 4 2031  F_LCI 0.0199282
Model_1_goa_re_2019.dat 4 2031  F_UCI 0.0199282
Model_1_goa_re_2019.dat 4 2031  F_Median 0.0199282
Model_1_goa_re_2019.dat 4 2031  F_Mean 0.0199282
Model_1_goa_re_2019.dat 4 2032 F0 0 
Model_1_goa_re_2019.dat 4 2032 Fabc 0.0399647
Model_1_goa_re_2019.dat 4 2032 Fofl 0.048207
Model_1_goa_re_2019.dat 4 2032  F_LCI 0.0199282
Model_1_goa_re_2019.dat 4 2032  F_UCI 0.0199282
Model_1_goa_re_2019.dat 4 2032  F_Median 0.0199282
Model_1_goa_re_2019.dat 4 2032  F_Mean 0.0199282
Model_1_goa_re_2019.dat 5 2019 Cabc 0.840752
Model_1_goa_re_2019.dat 5 2019 Cofl 0.901601
Model_1_goa_re_2019.dat 5 2019 CLCI 0.803113
Model_1_goa_re_2019.dat 5 2019 CUCI 0.803113
Model_1_goa_re_2019.dat 5 2019 CMedian 0.803113
Model_1_goa_re_2019.dat 5 2019 CMean 0.803113
Model_1_goa_re_2019.dat 5 2020 Cabc 0.840752
Model_1_goa_re_2019.dat 5 2020 Cofl 0.901601
Model_1_goa_re_2019.dat 5 2020 CLCI 0
Model_1_goa_re_2019.dat 5 2020 CUCI 0
Model_1_goa_re_2019.dat 5 2020 CMedian 0
Model_1_goa_re_2019.dat 5 2020 CMean 0
Model_1_goa_re_2019.dat 5 2021 Cabc 0.840752
Model_1_goa_re_2019.dat 5 2021 Cofl 0.901601
Model_1_goa_re_2019.dat 5 2021 CLCI 0
Model_1_goa_re_2019.dat 5 2021 CUCI 0
Model_1_goa_re_2019.dat 5 2021 CMedian 0
Model_1_goa_re_2019.dat 5 2021 CMean 0
Model_1_goa_re_2019.dat 5 2022 Cabc 0.840752
Model_1_goa_re_2019.dat 5 2022 Cofl 0.901601
Model_1_goa_re_2019.dat 5 2022 CLCI 0
Model_1_goa_re_2019.dat 5 2022 CUCI 0
Model_1_goa_re_2019.dat 5 2022 CMedian 0
Model_1_goa_re_2019.dat 5 2022 CMean 0
Model_1_goa_re_2019.dat 5 2023 Cabc 0.840752
Model_1_goa_re_2019.dat 5 2023 Cofl 0.901601
Model_1_goa_re_2019.dat 5 2023 CLCI 0
Model_1_goa_re_2019.dat 5 2023 CUCI 0
Model_1_goa_re_2019.dat 5 2023 CMedian 0
Model_1_goa_re_2019.dat 5 2023 CMean 0
Model_1_goa_re_2019.dat 5 2024 Cabc 0.840752
Model_1_goa_re_2019.dat 5 2024 Cofl 0.901601
Model_1_goa_re_2019.dat 5 2024 CLCI 0
Model_1_goa_re_2019.dat 5 2024 CUCI 0
Model_1_goa_re_2019.dat 5 2024 CMedian 0
Model_1_goa_re_2019.dat 5 2024 CMean 0
Model_1_goa_re_2019.dat 5 2025 Cabc 0.840752
Model_1_goa_re_2019.dat 5 2025 Cofl 0.901601
Model_1_goa_re_2019.dat 5 2025 CLCI 0
Model_1_goa_re_2019.dat 5 2025 CUCI 0
Model_1_goa_re_2019.dat 5 2025 CMedian 0
Model_1_goa_re_2019.dat 5 2025 CMean 0
Model_1_goa_re_2019.dat 5 2026 Cabc 0.840752
Model_1_goa_re_2019.dat 5 2026 Cofl 0.901601
Model_1_goa_re_2019.dat 5 2026 CLCI 0
Model_1_goa_re_2019.dat 5 2026 CUCI 0
Model_1_goa_re_2019.dat 5 2026 CMedian 0
Model_1_goa_re_2019.dat 5 2026 CMean 0
Model_1_goa_re_2019.dat 5 2027 Cabc 0.840752
Model_1_goa_re_2019.dat 5 2027 Cofl 0.901601
Model_1_goa_re_2019.dat 5 2027 CLCI 0
Model_1_goa_re_2019.dat 5 2027 CUCI 0
Model_1_goa_re_2019.dat 5 2027 CMedian 0
Model_1_goa_re_2019.dat 5 2027 CMean 0
Model_1_goa_re_2019.dat 5 2028 Cabc 0.840752
Model_1_goa_re_2019.dat 5 2028 Cofl 0.901601
Model_1_goa_re_2019.dat 5 2028 CLCI 0
Model_1_goa_re_2019.dat 5 2028 CUCI 0
Model_1_goa_re_2019.dat 5 2028 CMedian 0
Model_1_goa_re_2019.dat 5 2028 CMean 0
Model_1_goa_re_2019.dat 5 2029 Cabc 0.840752
Model_1_goa_re_2019.dat 5 2029 Cofl 0.901601
Model_1_goa_re_2019.dat 5 2029 CLCI 0
Model_1_goa_re_2019.dat 5 2029 CUCI 0
Model_1_goa_re_2019.dat 5 2029 CMedian 0
Model_1_goa_re_2019.dat 5 2029 CMean 0
Model_1_goa_re_2019.dat 5 2030 Cabc 0.840752
Model_1_goa_re_2019.dat 5 2030 Cofl 0.901601
Model_1_goa_re_2019.dat 5 2030 CLCI 0
Model_1_goa_re_2019.dat 5 2030 CUCI 0
Model_1_goa_re_2019.dat 5 2030 CMedian 0
Model_1_goa_re_2019.dat 5 2030 CMean 0
Model_1_goa_re_2019.dat 5 2031 Cabc 0.840752
Model_1_goa_re_2019.dat 5 2031 Cofl 0.901601
Model_1_goa_re_2019.dat 5 2031 CLCI 0
Model_1_goa_re_2019.dat 5 2031 CUCI 0
Model_1_goa_re_2019.dat 5 2031 CMedian 0
Model_1_goa_re_2019.dat 5 2031 CMean 0
Model_1_goa_re_2019.dat 5 2032 Cabc 0.840752
Model_1_goa_re_2019.dat 5 2032 Cofl 0.901601
Model_1_goa_re_2019.dat 5 2032 CLCI 0
Model_1_goa_re_2019.dat 5 2032 CUCI 0
Model_1_goa_re_2019.dat 5 2032 CMedian 0
Model_1_goa_re_2019.dat 5 2032 CMean 0
Model_1_goa_re_2019.dat 5 2019 SSBF100 20.6581
Model_1_goa_re_2019.dat 5 2019 SSBFabc 8.26323
Model_1_goa_re_2019.dat 5 2019 SSBFofl 7.23033
Model_1_goa_re_2019.dat 5 2019 SSBLCI 12.4748
Model_1_goa_re_2019.dat 5 2019 SSBUCI 12.4748
Model_1_goa_re_2019.dat 5 2019 SSBMedian 12.4748
Model_1_goa_re_2019.dat 5 2019 SSBMean 12.4748
Model_1_goa_re_2019.dat 5 2020 SSBF100 20.6581
Model_1_goa_re_2019.dat 5 2020 SSBFabc 8.26323
Model_1_goa_re_2019.dat 5 2020 SSBFofl 7.23033
Model_1_goa_re_2019.dat 5 2020 SSBLCI 12.526
Model_1_goa_re_2019.dat 5 2020 SSBUCI 12.526
Model_1_goa_re_2019.dat 5 2020 SSBMedian 12.526
Model_1_goa_re_2019.dat 5 2020 SSBMean 12.526
Model_1_goa_re_2019.dat 5 2021 SSBF100 20.6581
Model_1_goa_re_2019.dat 5 2021 SSBFabc 8.26323
Model_1_goa_re_2019.dat 5 2021 SSBFofl 7.23033
Model_1_goa_re_2019.dat 5 2021 SSBLCI 12.7633
Model_1_goa_re_2019.dat 5 2021 SSBUCI 12.7633
Model_1_goa_re_2019.dat 5 2021 SSBMedian 12.7633
Model_1_goa_re_2019.dat 5 2021 SSBMean 12.7633
Model_1_goa_re_2019.dat 5 2022 SSBF100 20.6581
Model_1_goa_re_2019.dat 5 2022 SSBFabc 8.26323
Model_1_goa_re_2019.dat 5 2022 SSBFofl 7.23033
Model_1_goa_re_2019.dat 5 2022 SSBLCI 13.0193
Model_1_goa_re_2019.dat 5 2022 SSBUCI 13.0193
Model_1_goa_re_2019.dat 5 2022 SSBMedian 13.0193
Model_1_goa_re_2019.dat 5 2022 SSBMean 13.0193
Model_1_goa_re_2019.dat 5 2023 SSBF100 20.6581
Model_1_goa_re_2019.dat 5 2023 SSBFabc 8.26323
Model_1_goa_re_2019.dat 5 2023 SSBFofl 7.23033
Model_1_goa_re_2019.dat 5 2023 SSBLCI 13.2982
Model_1_goa_re_2019.dat 5 2023 SSBUCI 13.2982
Model_1_goa_re_2019.dat 5 2023 SSBMedian 13.2982
Model_1_goa_re_2019.dat 5 2023 SSBMean 13.2982
Model_1_goa_re_2019.dat 5 2024 SSBF100 20.6581
Model_1_goa_re_2019.dat 5 2024 SSBFabc 8.26323
Model_1_goa_re_2019.dat 5 2024 SSBFofl 7.23033
Model_1_goa_re_2019.dat 5 2024 SSBLCI 13.5771
Model_1_goa_re_2019.dat 5 2024 SSBUCI 13.5775
Model_1_goa_re_2019.dat 5 2024 SSBMedian 13.5772
Model_1_goa_re_2019.dat 5 2024 SSBMean 13.5773
Model_1_goa_re_2019.dat 5 2025 SSBF100 20.6581
Model_1_goa_re_2019.dat 5 2025 SSBFabc 8.26323
Model_1_goa_re_2019.dat 5 2025 SSBFofl 7.23033
Model_1_goa_re_2019.dat 5 2025 SSBLCI 13.8853
Model_1_goa_re_2019.dat 5 2025 SSBUCI 13.8862
Model_1_goa_re_2019.dat 5 2025 SSBMedian 13.8856
Model_1_goa_re_2019.dat 5 2025 SSBMean 13.8857
Model_1_goa_re_2019.dat 5 2026 SSBF100 20.6581
Model_1_goa_re_2019.dat 5 2026 SSBFabc 8.26323
Model_1_goa_re_2019.dat 5 2026 SSBFofl 7.23033
Model_1_goa_re_2019.dat 5 2026 SSBLCI 14.2001
Model_1_goa_re_2019.dat 5 2026 SSBUCI 14.2022
Model_1_goa_re_2019.dat 5 2026 SSBMedian 14.2009
Model_1_goa_re_2019.dat 5 2026 SSBMean 14.201
Model_1_goa_re_2019.dat 5 2027 SSBF100 20.6581
Model_1_goa_re_2019.dat 5 2027 SSBFabc 8.26323
Model_1_goa_re_2019.dat 5 2027 SSBFofl 7.23033
Model_1_goa_re_2019.dat 5 2027 SSBLCI 14.5009
Model_1_goa_re_2019.dat 5 2027 SSBUCI 14.5067
Model_1_goa_re_2019.dat 5 2027 SSBMedian 14.503
Model_1_goa_re_2019.dat 5 2027 SSBMean 14.5033
Model_1_goa_re_2019.dat 5 2028 SSBF100 20.6581
Model_1_goa_re_2019.dat 5 2028 SSBFabc 8.26323
Model_1_goa_re_2019.dat 5 2028 SSBFofl 7.23033
Model_1_goa_re_2019.dat 5 2028 SSBLCI 14.7776
Model_1_goa_re_2019.dat 5 2028 SSBUCI 14.7923
Model_1_goa_re_2019.dat 5 2028 SSBMedian 14.7829
Model_1_goa_re_2019.dat 5 2028 SSBMean 14.7836
Model_1_goa_re_2019.dat 5 2029 SSBF100 20.6581
Model_1_goa_re_2019.dat 5 2029 SSBFabc 8.26323
Model_1_goa_re_2019.dat 5 2029 SSBFofl 7.23033
Model_1_goa_re_2019.dat 5 2029 SSBLCI 15.0244
Model_1_goa_re_2019.dat 5 2029 SSBUCI 15.0562
Model_1_goa_re_2019.dat 5 2029 SSBMedian 15.0364
Model_1_goa_re_2019.dat 5 2029 SSBMean 15.0378
Model_1_goa_re_2019.dat 5 2030 SSBF100 20.6581
Model_1_goa_re_2019.dat 5 2030 SSBFabc 8.26323
Model_1_goa_re_2019.dat 5 2030 SSBFofl 7.23033
Model_1_goa_re_2019.dat 5 2030 SSBLCI 15.2461
Model_1_goa_re_2019.dat 5 2030 SSBUCI 15.3101
Model_1_goa_re_2019.dat 5 2030 SSBMedian 15.2699
Model_1_goa_re_2019.dat 5 2030 SSBMean 15.2729
Model_1_goa_re_2019.dat 5 2031 SSBF100 20.6581
Model_1_goa_re_2019.dat 5 2031 SSBFabc 8.26323
Model_1_goa_re_2019.dat 5 2031 SSBFofl 7.23033
Model_1_goa_re_2019.dat 5 2031 SSBLCI 15.4463
Model_1_goa_re_2019.dat 5 2031 SSBUCI 15.5619
Model_1_goa_re_2019.dat 5 2031 SSBMedian 15.4898
Model_1_goa_re_2019.dat 5 2031 SSBMean 15.4948
Model_1_goa_re_2019.dat 5 2032 SSBF100 20.6581
Model_1_goa_re_2019.dat 5 2032 SSBFabc 8.26323
Model_1_goa_re_2019.dat 5 2032 SSBFofl 7.23033
Model_1_goa_re_2019.dat 5 2032 SSBLCI 15.5942
Model_1_goa_re_2019.dat 5 2032 SSBUCI 15.7896
Model_1_goa_re_2019.dat 5 2032 SSBMedian 15.6675
Model_1_goa_re_2019.dat 5 2032 SSBMean 15.677
Model_1_goa_re_2019.dat 5 2019 F0 0 
Model_1_goa_re_2019.dat 5 2019 Fabc 0.0399647
Model_1_goa_re_2019.dat 5 2019 Fofl 0.048207
Model_1_goa_re_2019.dat 5 2019  F_LCI 0.0262862
Model_1_goa_re_2019.dat 5 2019  F_UCI 0.0262862
Model_1_goa_re_2019.dat 5 2019  F_Median 0.0262862
Model_1_goa_re_2019.dat 5 2019  F_Mean 0.0262862
Model_1_goa_re_2019.dat 5 2020 F0 0 
Model_1_goa_re_2019.dat 5 2020 Fabc 0.0399647
Model_1_goa_re_2019.dat 5 2020 Fofl 0.048207
Model_1_goa_re_2019.dat 5 2020  F_LCI 0
Model_1_goa_re_2019.dat 5 2020  F_UCI 0
Model_1_goa_re_2019.dat 5 2020  F_Median 0
Model_1_goa_re_2019.dat 5 2020  F_Mean 0
Model_1_goa_re_2019.dat 5 2021 F0 0 
Model_1_goa_re_2019.dat 5 2021 Fabc 0.0399647
Model_1_goa_re_2019.dat 5 2021 Fofl 0.048207
Model_1_goa_re_2019.dat 5 2021  F_LCI 0
Model_1_goa_re_2019.dat 5 2021  F_UCI 0
Model_1_goa_re_2019.dat 5 2021  F_Median 0
Model_1_goa_re_2019.dat 5 2021  F_Mean 0
Model_1_goa_re_2019.dat 5 2022 F0 0 
Model_1_goa_re_2019.dat 5 2022 Fabc 0.0399647
Model_1_goa_re_2019.dat 5 2022 Fofl 0.048207
Model_1_goa_re_2019.dat 5 2022  F_LCI 0
Model_1_goa_re_2019.dat 5 2022  F_UCI 0
Model_1_goa_re_2019.dat 5 2022  F_Median 0
Model_1_goa_re_2019.dat 5 2022  F_Mean 0
Model_1_goa_re_2019.dat 5 2023 F0 0 
Model_1_goa_re_2019.dat 5 2023 Fabc 0.0399647
Model_1_goa_re_2019.dat 5 2023 Fofl 0.048207
Model_1_goa_re_2019.dat 5 2023  F_LCI 0
Model_1_goa_re_2019.dat 5 2023  F_UCI 0
Model_1_goa_re_2019.dat 5 2023  F_Median 0
Model_1_goa_re_2019.dat 5 2023  F_Mean 0
Model_1_goa_re_2019.dat 5 2024 F0 0 
Model_1_goa_re_2019.dat 5 2024 Fabc 0.0399647
Model_1_goa_re_2019.dat 5 2024 Fofl 0.048207
Model_1_goa_re_2019.dat 5 2024  F_LCI 0
Model_1_goa_re_2019.dat 5 2024  F_UCI 0
Model_1_goa_re_2019.dat 5 2024  F_Median 0
Model_1_goa_re_2019.dat 5 2024  F_Mean 0
Model_1_goa_re_2019.dat 5 2025 F0 0 
Model_1_goa_re_2019.dat 5 2025 Fabc 0.0399647
Model_1_goa_re_2019.dat 5 2025 Fofl 0.048207
Model_1_goa_re_2019.dat 5 2025  F_LCI 0
Model_1_goa_re_2019.dat 5 2025  F_UCI 0
Model_1_goa_re_2019.dat 5 2025  F_Median 0
Model_1_goa_re_2019.dat 5 2025  F_Mean 0
Model_1_goa_re_2019.dat 5 2026 F0 0 
Model_1_goa_re_2019.dat 5 2026 Fabc 0.0399647
Model_1_goa_re_2019.dat 5 2026 Fofl 0.048207
Model_1_goa_re_2019.dat 5 2026  F_LCI 0
Model_1_goa_re_2019.dat 5 2026  F_UCI 0
Model_1_goa_re_2019.dat 5 2026  F_Median 0
Model_1_goa_re_2019.dat 5 2026  F_Mean 0
Model_1_goa_re_2019.dat 5 2027 F0 0 
Model_1_goa_re_2019.dat 5 2027 Fabc 0.0399647
Model_1_goa_re_2019.dat 5 2027 Fofl 0.048207
Model_1_goa_re_2019.dat 5 2027  F_LCI 0
Model_1_goa_re_2019.dat 5 2027  F_UCI 0
Model_1_goa_re_2019.dat 5 2027  F_Median 0
Model_1_goa_re_2019.dat 5 2027  F_Mean 0
Model_1_goa_re_2019.dat 5 2028 F0 0 
Model_1_goa_re_2019.dat 5 2028 Fabc 0.0399647
Model_1_goa_re_2019.dat 5 2028 Fofl 0.048207
Model_1_goa_re_2019.dat 5 2028  F_LCI 0
Model_1_goa_re_2019.dat 5 2028  F_UCI 0
Model_1_goa_re_2019.dat 5 2028  F_Median 0
Model_1_goa_re_2019.dat 5 2028  F_Mean 0
Model_1_goa_re_2019.dat 5 2029 F0 0 
Model_1_goa_re_2019.dat 5 2029 Fabc 0.0399647
Model_1_goa_re_2019.dat 5 2029 Fofl 0.048207
Model_1_goa_re_2019.dat 5 2029  F_LCI 0
Model_1_goa_re_2019.dat 5 2029  F_UCI 0
Model_1_goa_re_2019.dat 5 2029  F_Median 0
Model_1_goa_re_2019.dat 5 2029  F_Mean 0
Model_1_goa_re_2019.dat 5 2030 F0 0 
Model_1_goa_re_2019.dat 5 2030 Fabc 0.0399647
Model_1_goa_re_2019.dat 5 2030 Fofl 0.048207
Model_1_goa_re_2019.dat 5 2030  F_LCI 0
Model_1_goa_re_2019.dat 5 2030  F_UCI 0
Model_1_goa_re_2019.dat 5 2030  F_Median 0
Model_1_goa_re_2019.dat 5 2030  F_Mean 0
Model_1_goa_re_2019.dat 5 2031 F0 0 
Model_1_goa_re_2019.dat 5 2031 Fabc 0.0399647
Model_1_goa_re_2019.dat 5 2031 Fofl 0.048207
Model_1_goa_re_2019.dat 5 2031  F_LCI 0
Model_1_goa_re_2019.dat 5 2031  F_UCI 0
Model_1_goa_re_2019.dat 5 2031  F_Median 0
Model_1_goa_re_2019.dat 5 2031  F_Mean 0
Model_1_goa_re_2019.dat 5 2032 F0 0 
Model_1_goa_re_2019.dat 5 2032 Fabc 0.0399647
Model_1_goa_re_2019.dat 5 2032 Fofl 0.048207
Model_1_goa_re_2019.dat 5 2032  F_LCI 0
Model_1_goa_re_2019.dat 5 2032  F_UCI 0
Model_1_goa_re_2019.dat 5 2032  F_Median 0
Model_1_goa_re_2019.dat 5 2032  F_Mean 0
Model_1_goa_re_2019.dat 6 2019 Cabc 0.840752
Model_1_goa_re_2019.dat 6 2019 Cofl 0.901601
Model_1_goa_re_2019.dat 6 2019 CLCI 0.803113
Model_1_goa_re_2019.dat 6 2019 CUCI 0.803113
Model_1_goa_re_2019.dat 6 2019 CMedian 0.803113
Model_1_goa_re_2019.dat 6 2019 CMean 0.803113
Model_1_goa_re_2019.dat 6 2020 Cabc 0.840752
Model_1_goa_re_2019.dat 6 2020 Cofl 0.901601
Model_1_goa_re_2019.dat 6 2020 CLCI 1.44238
Model_1_goa_re_2019.dat 6 2020 CUCI 1.44238
Model_1_goa_re_2019.dat 6 2020 CMedian 1.44238
Model_1_goa_re_2019.dat 6 2020 CMean 1.44238
Model_1_goa_re_2019.dat 6 2021 Cabc 0.840752
Model_1_goa_re_2019.dat 6 2021 Cofl 0.901601
Model_1_goa_re_2019.dat 6 2021 CLCI 1.40508
Model_1_goa_re_2019.dat 6 2021 CUCI 1.40509
Model_1_goa_re_2019.dat 6 2021 CMedian 1.40508
Model_1_goa_re_2019.dat 6 2021 CMean 1.40508
Model_1_goa_re_2019.dat 6 2022 Cabc 0.840752
Model_1_goa_re_2019.dat 6 2022 Cofl 0.901601
Model_1_goa_re_2019.dat 6 2022 CLCI 1.3794
Model_1_goa_re_2019.dat 6 2022 CUCI 1.37944
Model_1_goa_re_2019.dat 6 2022 CMedian 1.37942
Model_1_goa_re_2019.dat 6 2022 CMean 1.37942
Model_1_goa_re_2019.dat 6 2023 Cabc 0.840752
Model_1_goa_re_2019.dat 6 2023 Cofl 0.901601
Model_1_goa_re_2019.dat 6 2023 CLCI 1.33642
Model_1_goa_re_2019.dat 6 2023 CUCI 1.33657
Model_1_goa_re_2019.dat 6 2023 CMedian 1.33648
Model_1_goa_re_2019.dat 6 2023 CMean 1.33648
Model_1_goa_re_2019.dat 6 2024 Cabc 0.840752
Model_1_goa_re_2019.dat 6 2024 Cofl 0.901601
Model_1_goa_re_2019.dat 6 2024 CLCI 1.31119
Model_1_goa_re_2019.dat 6 2024 CUCI 1.31168
Model_1_goa_re_2019.dat 6 2024 CMedian 1.31137
Model_1_goa_re_2019.dat 6 2024 CMean 1.31139
Model_1_goa_re_2019.dat 6 2025 Cabc 0.840752
Model_1_goa_re_2019.dat 6 2025 Cofl 0.901601
Model_1_goa_re_2019.dat 6 2025 CLCI 1.30708
Model_1_goa_re_2019.dat 6 2025 CUCI 1.30835
Model_1_goa_re_2019.dat 6 2025 CMedian 1.30754
Model_1_goa_re_2019.dat 6 2025 CMean 1.3076
Model_1_goa_re_2019.dat 6 2026 Cabc 0.840752
Model_1_goa_re_2019.dat 6 2026 Cofl 0.901601
Model_1_goa_re_2019.dat 6 2026 CLCI 1.33086
Model_1_goa_re_2019.dat 6 2026 CUCI 1.3335
Model_1_goa_re_2019.dat 6 2026 CMedian 1.33185
Model_1_goa_re_2019.dat 6 2026 CMean 1.33198
Model_1_goa_re_2019.dat 6 2027 Cabc 0.840752
Model_1_goa_re_2019.dat 6 2027 Cofl 0.901601
Model_1_goa_re_2019.dat 6 2027 CLCI 1.28731
Model_1_goa_re_2019.dat 6 2027 CUCI 1.29175
Model_1_goa_re_2019.dat 6 2027 CMedian 1.28897
Model_1_goa_re_2019.dat 6 2027 CMean 1.28917
Model_1_goa_re_2019.dat 6 2028 Cabc 0.840752
Model_1_goa_re_2019.dat 6 2028 Cofl 0.901601
Model_1_goa_re_2019.dat 6 2028 CLCI 1.24625
Model_1_goa_re_2019.dat 6 2028 CUCI 1.25228
Model_1_goa_re_2019.dat 6 2028 CMedian 1.24874
Model_1_goa_re_2019.dat 6 2028 CMean 1.24894
Model_1_goa_re_2019.dat 6 2029 Cabc 0.840752
Model_1_goa_re_2019.dat 6 2029 Cofl 0.901601
Model_1_goa_re_2019.dat 6 2029 CLCI 1.21571
Model_1_goa_re_2019.dat 6 2029 CUCI 1.22273
Model_1_goa_re_2019.dat 6 2029 CMedian 1.2187
Model_1_goa_re_2019.dat 6 2029 CMean 1.21892
Model_1_goa_re_2019.dat 6 2030 Cabc 0.840752
Model_1_goa_re_2019.dat 6 2030 Cofl 0.901601
Model_1_goa_re_2019.dat 6 2030 CLCI 1.18814
Model_1_goa_re_2019.dat 6 2030 CUCI 1.19668
Model_1_goa_re_2019.dat 6 2030 CMedian 1.19181
Model_1_goa_re_2019.dat 6 2030 CMean 1.19205
Model_1_goa_re_2019.dat 6 2031 Cabc 0.840752
Model_1_goa_re_2019.dat 6 2031 Cofl 0.901601
Model_1_goa_re_2019.dat 6 2031 CLCI 1.1583
Model_1_goa_re_2019.dat 6 2031 CUCI 1.17019
Model_1_goa_re_2019.dat 6 2031 CMedian 1.1631
Model_1_goa_re_2019.dat 6 2031 CMean 1.16335
Model_1_goa_re_2019.dat 6 2032 Cabc 0.840752
Model_1_goa_re_2019.dat 6 2032 Cofl 0.901601
Model_1_goa_re_2019.dat 6 2032 CLCI 1.12835
Model_1_goa_re_2019.dat 6 2032 CUCI 1.15112
Model_1_goa_re_2019.dat 6 2032 CMedian 1.13653
Model_1_goa_re_2019.dat 6 2032 CMean 1.13772
Model_1_goa_re_2019.dat 6 2019 SSBF100 20.6581
Model_1_goa_re_2019.dat 6 2019 SSBFabc 8.26323
Model_1_goa_re_2019.dat 6 2019 SSBFofl 7.23033
Model_1_goa_re_2019.dat 6 2019 SSBLCI 12.4748
Model_1_goa_re_2019.dat 6 2019 SSBUCI 12.4748
Model_1_goa_re_2019.dat 6 2019 SSBMedian 12.4748
Model_1_goa_re_2019.dat 6 2019 SSBMean 12.4748
Model_1_goa_re_2019.dat 6 2020 SSBF100 20.6581
Model_1_goa_re_2019.dat 6 2020 SSBFabc 8.26323
Model_1_goa_re_2019.dat 6 2020 SSBFofl 7.23033
Model_1_goa_re_2019.dat 6 2020 SSBLCI 12.2819
Model_1_goa_re_2019.dat 6 2020 SSBUCI 12.2819
Model_1_goa_re_2019.dat 6 2020 SSBMedian 12.2819
Model_1_goa_re_2019.dat 6 2020 SSBMean 12.2819
Model_1_goa_re_2019.dat 6 2021 SSBF100 20.6581
Model_1_goa_re_2019.dat 6 2021 SSBFabc 8.26323
Model_1_goa_re_2019.dat 6 2021 SSBFofl 7.23033
Model_1_goa_re_2019.dat 6 2021 SSBLCI 11.9452
Model_1_goa_re_2019.dat 6 2021 SSBUCI 11.9452
Model_1_goa_re_2019.dat 6 2021 SSBMedian 11.9452
Model_1_goa_re_2019.dat 6 2021 SSBMean 11.9452
Model_1_goa_re_2019.dat 6 2022 SSBF100 20.6581
Model_1_goa_re_2019.dat 6 2022 SSBFabc 8.26323
Model_1_goa_re_2019.dat 6 2022 SSBFofl 7.23033
Model_1_goa_re_2019.dat 6 2022 SSBLCI 11.6412
Model_1_goa_re_2019.dat 6 2022 SSBUCI 11.6412
Model_1_goa_re_2019.dat 6 2022 SSBMedian 11.6412
Model_1_goa_re_2019.dat 6 2022 SSBMean 11.6412
Model_1_goa_re_2019.dat 6 2023 SSBF100 20.6581
Model_1_goa_re_2019.dat 6 2023 SSBFabc 8.26323
Model_1_goa_re_2019.dat 6 2023 SSBFofl 7.23033
Model_1_goa_re_2019.dat 6 2023 SSBLCI 11.3742
Model_1_goa_re_2019.dat 6 2023 SSBUCI 11.3742
Model_1_goa_re_2019.dat 6 2023 SSBMedian 11.3742
Model_1_goa_re_2019.dat 6 2023 SSBMean 11.3742
Model_1_goa_re_2019.dat 6 2024 SSBF100 20.6581
Model_1_goa_re_2019.dat 6 2024 SSBFabc 8.26323
Model_1_goa_re_2019.dat 6 2024 SSBFofl 7.23033
Model_1_goa_re_2019.dat 6 2024 SSBLCI 11.1273
Model_1_goa_re_2019.dat 6 2024 SSBUCI 11.1276
Model_1_goa_re_2019.dat 6 2024 SSBMedian 11.1274
Model_1_goa_re_2019.dat 6 2024 SSBMean 11.1274
Model_1_goa_re_2019.dat 6 2025 SSBF100 20.6581
Model_1_goa_re_2019.dat 6 2025 SSBFabc 8.26323
Model_1_goa_re_2019.dat 6 2025 SSBFofl 7.23033
Model_1_goa_re_2019.dat 6 2025 SSBLCI 10.9228
Model_1_goa_re_2019.dat 6 2025 SSBUCI 10.9236
Model_1_goa_re_2019.dat 6 2025 SSBMedian 10.9231
Model_1_goa_re_2019.dat 6 2025 SSBMean 10.9231
Model_1_goa_re_2019.dat 6 2026 SSBF100 20.6581
Model_1_goa_re_2019.dat 6 2026 SSBFabc 8.26323
Model_1_goa_re_2019.dat 6 2026 SSBFofl 7.23033
Model_1_goa_re_2019.dat 6 2026 SSBLCI 10.735
Model_1_goa_re_2019.dat 6 2026 SSBUCI 10.737
Model_1_goa_re_2019.dat 6 2026 SSBMedian 10.7357
Model_1_goa_re_2019.dat 6 2026 SSBMean 10.7358
Model_1_goa_re_2019.dat 6 2027 SSBF100 20.6581
Model_1_goa_re_2019.dat 6 2027 SSBFabc 8.26323
Model_1_goa_re_2019.dat 6 2027 SSBFofl 7.23033
Model_1_goa_re_2019.dat 6 2027 SSBLCI 10.5433
Model_1_goa_re_2019.dat 6 2027 SSBUCI 10.5491
Model_1_goa_re_2019.dat 6 2027 SSBMedian 10.5454
Model_1_goa_re_2019.dat 6 2027 SSBMean 10.5457
Model_1_goa_re_2019.dat 6 2028 SSBF100 20.6581
Model_1_goa_re_2019.dat 6 2028 SSBFabc 8.26323
Model_1_goa_re_2019.dat 6 2028 SSBFofl 7.23033
Model_1_goa_re_2019.dat 6 2028 SSBLCI 10.3453
Model_1_goa_re_2019.dat 6 2028 SSBUCI 10.3599
Model_1_goa_re_2019.dat 6 2028 SSBMedian 10.3506
Model_1_goa_re_2019.dat 6 2028 SSBMean 10.3513
Model_1_goa_re_2019.dat 6 2029 SSBF100 20.6581
Model_1_goa_re_2019.dat 6 2029 SSBFabc 8.26323
Model_1_goa_re_2019.dat 6 2029 SSBFofl 7.23033
Model_1_goa_re_2019.dat 6 2029 SSBLCI 10.1375
Model_1_goa_re_2019.dat 6 2029 SSBUCI 10.1688
Model_1_goa_re_2019.dat 6 2029 SSBMedian 10.1493
Model_1_goa_re_2019.dat 6 2029 SSBMean 10.1507
Model_1_goa_re_2019.dat 6 2030 SSBF100 20.6581
Model_1_goa_re_2019.dat 6 2030 SSBFabc 8.26323
Model_1_goa_re_2019.dat 6 2030 SSBFofl 7.23033
Model_1_goa_re_2019.dat 6 2030 SSBLCI 9.92466
Model_1_goa_re_2019.dat 6 2030 SSBUCI 9.98758
Model_1_goa_re_2019.dat 6 2030 SSBMedian 9.94809
Model_1_goa_re_2019.dat 6 2030 SSBMean 9.95099
Model_1_goa_re_2019.dat 6 2031 SSBF100 20.6581
Model_1_goa_re_2019.dat 6 2031 SSBFabc 8.26323
Model_1_goa_re_2019.dat 6 2031 SSBFofl 7.23033
Model_1_goa_re_2019.dat 6 2031 SSBLCI 9.71024
Model_1_goa_re_2019.dat 6 2031 SSBUCI 9.8236
Model_1_goa_re_2019.dat 6 2031 SSBMedian 9.75282
Model_1_goa_re_2019.dat 6 2031 SSBMean 9.75773
Model_1_goa_re_2019.dat 6 2032 SSBF100 20.6581
Model_1_goa_re_2019.dat 6 2032 SSBFabc 8.26323
Model_1_goa_re_2019.dat 6 2032 SSBFofl 7.23033
Model_1_goa_re_2019.dat 6 2032 SSBLCI 9.47585
Model_1_goa_re_2019.dat 6 2032 SSBUCI 9.66623
Model_1_goa_re_2019.dat 6 2032 SSBMedian 9.54724
Model_1_goa_re_2019.dat 6 2032 SSBMean 9.55673
Model_1_goa_re_2019.dat 6 2019 F0 0 
Model_1_goa_re_2019.dat 6 2019 Fabc 0.0399647
Model_1_goa_re_2019.dat 6 2019 Fofl 0.048207
Model_1_goa_re_2019.dat 6 2019  F_LCI 0.0262862
Model_1_goa_re_2019.dat 6 2019  F_UCI 0.0262862
Model_1_goa_re_2019.dat 6 2019  F_Median 0.0262862
Model_1_goa_re_2019.dat 6 2019  F_Mean 0.0262862
Model_1_goa_re_2019.dat 6 2020 F0 0 
Model_1_goa_re_2019.dat 6 2020 Fabc 0.0399647
Model_1_goa_re_2019.dat 6 2020 Fofl 0.048207
Model_1_goa_re_2019.dat 6 2020  F_LCI 0.048207
Model_1_goa_re_2019.dat 6 2020  F_UCI 0.048207
Model_1_goa_re_2019.dat 6 2020  F_Median 0.048207
Model_1_goa_re_2019.dat 6 2020  F_Mean 0.048207
Model_1_goa_re_2019.dat 6 2021 F0 0 
Model_1_goa_re_2019.dat 6 2021 Fabc 0.0399647
Model_1_goa_re_2019.dat 6 2021 Fofl 0.048207
Model_1_goa_re_2019.dat 6 2021  F_LCI 0.048207
Model_1_goa_re_2019.dat 6 2021  F_UCI 0.048207
Model_1_goa_re_2019.dat 6 2021  F_Median 0.048207
Model_1_goa_re_2019.dat 6 2021  F_Mean 0.048207
Model_1_goa_re_2019.dat 6 2022 F0 0 
Model_1_goa_re_2019.dat 6 2022 Fabc 0.0399647
Model_1_goa_re_2019.dat 6 2022 Fofl 0.048207
Model_1_goa_re_2019.dat 6 2022  F_LCI 0.048207
Model_1_goa_re_2019.dat 6 2022  F_UCI 0.048207
Model_1_goa_re_2019.dat 6 2022  F_Median 0.048207
Model_1_goa_re_2019.dat 6 2022  F_Mean 0.048207
Model_1_goa_re_2019.dat 6 2023 F0 0 
Model_1_goa_re_2019.dat 6 2023 Fabc 0.0399647
Model_1_goa_re_2019.dat 6 2023 Fofl 0.048207
Model_1_goa_re_2019.dat 6 2023  F_LCI 0.048207
Model_1_goa_re_2019.dat 6 2023  F_UCI 0.048207
Model_1_goa_re_2019.dat 6 2023  F_Median 0.048207
Model_1_goa_re_2019.dat 6 2023  F_Mean 0.048207
Model_1_goa_re_2019.dat 6 2024 F0 0 
Model_1_goa_re_2019.dat 6 2024 Fabc 0.0399647
Model_1_goa_re_2019.dat 6 2024 Fofl 0.048207
Model_1_goa_re_2019.dat 6 2024  F_LCI 0.048207
Model_1_goa_re_2019.dat 6 2024  F_UCI 0.048207
Model_1_goa_re_2019.dat 6 2024  F_Median 0.048207
Model_1_goa_re_2019.dat 6 2024  F_Mean 0.048207
Model_1_goa_re_2019.dat 6 2025 F0 0 
Model_1_goa_re_2019.dat 6 2025 Fabc 0.0399647
Model_1_goa_re_2019.dat 6 2025 Fofl 0.048207
Model_1_goa_re_2019.dat 6 2025  F_LCI 0.048207
Model_1_goa_re_2019.dat 6 2025  F_UCI 0.048207
Model_1_goa_re_2019.dat 6 2025  F_Median 0.048207
Model_1_goa_re_2019.dat 6 2025  F_Mean 0.048207
Model_1_goa_re_2019.dat 6 2026 F0 0 
Model_1_goa_re_2019.dat 6 2026 Fabc 0.0399647
Model_1_goa_re_2019.dat 6 2026 Fofl 0.048207
Model_1_goa_re_2019.dat 6 2026  F_LCI 0.048207
Model_1_goa_re_2019.dat 6 2026  F_UCI 0.048207
Model_1_goa_re_2019.dat 6 2026  F_Median 0.048207
Model_1_goa_re_2019.dat 6 2026  F_Mean 0.048207
Model_1_goa_re_2019.dat 6 2027 F0 0 
Model_1_goa_re_2019.dat 6 2027 Fabc 0.0399647
Model_1_goa_re_2019.dat 6 2027 Fofl 0.048207
Model_1_goa_re_2019.dat 6 2027  F_LCI 0.048207
Model_1_goa_re_2019.dat 6 2027  F_UCI 0.048207
Model_1_goa_re_2019.dat 6 2027  F_Median 0.048207
Model_1_goa_re_2019.dat 6 2027  F_Mean 0.048207
Model_1_goa_re_2019.dat 6 2028 F0 0 
Model_1_goa_re_2019.dat 6 2028 Fabc 0.0399647
Model_1_goa_re_2019.dat 6 2028 Fofl 0.048207
Model_1_goa_re_2019.dat 6 2028  F_LCI 0.048207
Model_1_goa_re_2019.dat 6 2028  F_UCI 0.048207
Model_1_goa_re_2019.dat 6 2028  F_Median 0.048207
Model_1_goa_re_2019.dat 6 2028  F_Mean 0.048207
Model_1_goa_re_2019.dat 6 2029 F0 0 
Model_1_goa_re_2019.dat 6 2029 Fabc 0.0399647
Model_1_goa_re_2019.dat 6 2029 Fofl 0.048207
Model_1_goa_re_2019.dat 6 2029  F_LCI 0.048207
Model_1_goa_re_2019.dat 6 2029  F_UCI 0.048207
Model_1_goa_re_2019.dat 6 2029  F_Median 0.048207
Model_1_goa_re_2019.dat 6 2029  F_Mean 0.048207
Model_1_goa_re_2019.dat 6 2030 F0 0 
Model_1_goa_re_2019.dat 6 2030 Fabc 0.0399647
Model_1_goa_re_2019.dat 6 2030 Fofl 0.048207
Model_1_goa_re_2019.dat 6 2030  F_LCI 0.048207
Model_1_goa_re_2019.dat 6 2030  F_UCI 0.048207
Model_1_goa_re_2019.dat 6 2030  F_Median 0.048207
Model_1_goa_re_2019.dat 6 2030  F_Mean 0.048207
Model_1_goa_re_2019.dat 6 2031 F0 0 
Model_1_goa_re_2019.dat 6 2031 Fabc 0.0399647
Model_1_goa_re_2019.dat 6 2031 Fofl 0.048207
Model_1_goa_re_2019.dat 6 2031  F_LCI 0.048207
Model_1_goa_re_2019.dat 6 2031  F_UCI 0.048207
Model_1_goa_re_2019.dat 6 2031  F_Median 0.048207
Model_1_goa_re_2019.dat 6 2031  F_Mean 0.048207
Model_1_goa_re_2019.dat 6 2032 F0 0 
Model_1_goa_re_2019.dat 6 2032 Fabc 0.0399647
Model_1_goa_re_2019.dat 6 2032 Fofl 0.048207
Model_1_goa_re_2019.dat 6 2032  F_LCI 0.048207
Model_1_goa_re_2019.dat 6 2032  F_UCI 0.048207
Model_1_goa_re_2019.dat 6 2032  F_Median 0.048207
Model_1_goa_re_2019.dat 6 2032  F_Mean 0.048207
Model_1_goa_re_2019.dat 7 2019 Cabc 0.840752
Model_1_goa_re_2019.dat 7 2019 Cofl 0.901601
Model_1_goa_re_2019.dat 7 2019 CLCI 0.803113
Model_1_goa_re_2019.dat 7 2019 CUCI 0.803113
Model_1_goa_re_2019.dat 7 2019 CMedian 0.803113
Model_1_goa_re_2019.dat 7 2019 CMean 0.803113
Model_1_goa_re_2019.dat 7 2020 Cabc 0.840752
Model_1_goa_re_2019.dat 7 2020 Cofl 0.901601
Model_1_goa_re_2019.dat 7 2020 CLCI 1.20051
Model_1_goa_re_2019.dat 7 2020 CUCI 1.20051
Model_1_goa_re_2019.dat 7 2020 CMedian 1.20051
Model_1_goa_re_2019.dat 7 2020 CMean 1.20051
Model_1_goa_re_2019.dat 7 2021 Cabc 0.840752
Model_1_goa_re_2019.dat 7 2021 Cofl 0.901601
Model_1_goa_re_2019.dat 7 2021 CLCI 1.17859
Model_1_goa_re_2019.dat 7 2021 CUCI 1.1786
Model_1_goa_re_2019.dat 7 2021 CMedian 1.17859
Model_1_goa_re_2019.dat 7 2021 CMean 1.17859
Model_1_goa_re_2019.dat 7 2022 Cabc 0.840752
Model_1_goa_re_2019.dat 7 2022 Cofl 0.901601
Model_1_goa_re_2019.dat 7 2022 CLCI 1.40048
Model_1_goa_re_2019.dat 7 2022 CUCI 1.40052
Model_1_goa_re_2019.dat 7 2022 CMedian 1.40049
Model_1_goa_re_2019.dat 7 2022 CMean 1.40049
Model_1_goa_re_2019.dat 7 2023 Cabc 0.840752
Model_1_goa_re_2019.dat 7 2023 Cofl 0.901601
Model_1_goa_re_2019.dat 7 2023 CLCI 1.35613
Model_1_goa_re_2019.dat 7 2023 CUCI 1.35628
Model_1_goa_re_2019.dat 7 2023 CMedian 1.35618
Model_1_goa_re_2019.dat 7 2023 CMean 1.35619
Model_1_goa_re_2019.dat 7 2024 Cabc 0.840752
Model_1_goa_re_2019.dat 7 2024 Cofl 0.901601
Model_1_goa_re_2019.dat 7 2024 CLCI 1.32961
Model_1_goa_re_2019.dat 7 2024 CUCI 1.3301
Model_1_goa_re_2019.dat 7 2024 CMedian 1.32979
Model_1_goa_re_2019.dat 7 2024 CMean 1.32981
Model_1_goa_re_2019.dat 7 2025 Cabc 0.840752
Model_1_goa_re_2019.dat 7 2025 Cofl 0.901601
Model_1_goa_re_2019.dat 7 2025 CLCI 1.3243
Model_1_goa_re_2019.dat 7 2025 CUCI 1.32558
Model_1_goa_re_2019.dat 7 2025 CMedian 1.32477
Model_1_goa_re_2019.dat 7 2025 CMean 1.32483
Model_1_goa_re_2019.dat 7 2026 Cabc 0.840752
Model_1_goa_re_2019.dat 7 2026 Cofl 0.901601
Model_1_goa_re_2019.dat 7 2026 CLCI 1.34698
Model_1_goa_re_2019.dat 7 2026 CUCI 1.34963
Model_1_goa_re_2019.dat 7 2026 CMedian 1.34798
Model_1_goa_re_2019.dat 7 2026 CMean 1.3481
Model_1_goa_re_2019.dat 7 2027 Cabc 0.840752
Model_1_goa_re_2019.dat 7 2027 Cofl 0.901601
Model_1_goa_re_2019.dat 7 2027 CLCI 1.30232
Model_1_goa_re_2019.dat 7 2027 CUCI 1.30676
Model_1_goa_re_2019.dat 7 2027 CMedian 1.30397
Model_1_goa_re_2019.dat 7 2027 CMean 1.30418
Model_1_goa_re_2019.dat 7 2028 Cabc 0.840752
Model_1_goa_re_2019.dat 7 2028 Cofl 0.901601
Model_1_goa_re_2019.dat 7 2028 CLCI 1.2602
Model_1_goa_re_2019.dat 7 2028 CUCI 1.26622
Model_1_goa_re_2019.dat 7 2028 CMedian 1.26268
Model_1_goa_re_2019.dat 7 2028 CMean 1.26288
Model_1_goa_re_2019.dat 7 2029 Cabc 0.840752
Model_1_goa_re_2019.dat 7 2029 Cofl 0.901601
Model_1_goa_re_2019.dat 7 2029 CLCI 1.22865
Model_1_goa_re_2019.dat 7 2029 CUCI 1.23566
Model_1_goa_re_2019.dat 7 2029 CMedian 1.23163
Model_1_goa_re_2019.dat 7 2029 CMean 1.23186
Model_1_goa_re_2019.dat 7 2030 Cabc 0.840752
Model_1_goa_re_2019.dat 7 2030 Cofl 0.901601
Model_1_goa_re_2019.dat 7 2030 CLCI 1.20013
Model_1_goa_re_2019.dat 7 2030 CUCI 1.20867
Model_1_goa_re_2019.dat 7 2030 CMedian 1.20379
Model_1_goa_re_2019.dat 7 2030 CMean 1.20404
Model_1_goa_re_2019.dat 7 2031 Cabc 0.840752
Model_1_goa_re_2019.dat 7 2031 Cofl 0.901601
Model_1_goa_re_2019.dat 7 2031 CLCI 1.16939
Model_1_goa_re_2019.dat 7 2031 CUCI 1.18128
Model_1_goa_re_2019.dat 7 2031 CMedian 1.17419
Model_1_goa_re_2019.dat 7 2031 CMean 1.17444
Model_1_goa_re_2019.dat 7 2032 Cabc 0.840752
Model_1_goa_re_2019.dat 7 2032 Cofl 0.901601
Model_1_goa_re_2019.dat 7 2032 CLCI 1.1386
Model_1_goa_re_2019.dat 7 2032 CUCI 1.16137
Model_1_goa_re_2019.dat 7 2032 CMedian 1.14679
Model_1_goa_re_2019.dat 7 2032 CMean 1.14797
Model_1_goa_re_2019.dat 7 2019 SSBF100 20.6581
Model_1_goa_re_2019.dat 7 2019 SSBFabc 8.26323
Model_1_goa_re_2019.dat 7 2019 SSBFofl 7.23033
Model_1_goa_re_2019.dat 7 2019 SSBLCI 12.4748
Model_1_goa_re_2019.dat 7 2019 SSBUCI 12.4748
Model_1_goa_re_2019.dat 7 2019 SSBMedian 12.4748
Model_1_goa_re_2019.dat 7 2019 SSBMean 12.4748
Model_1_goa_re_2019.dat 7 2020 SSBF100 20.6581
Model_1_goa_re_2019.dat 7 2020 SSBFabc 8.26323
Model_1_goa_re_2019.dat 7 2020 SSBFofl 7.23033
Model_1_goa_re_2019.dat 7 2020 SSBLCI 12.3233
Model_1_goa_re_2019.dat 7 2020 SSBUCI 12.3233
Model_1_goa_re_2019.dat 7 2020 SSBMedian 12.3233
Model_1_goa_re_2019.dat 7 2020 SSBMean 12.3233
Model_1_goa_re_2019.dat 7 2021 SSBF100 20.6581
Model_1_goa_re_2019.dat 7 2021 SSBFabc 8.26323
Model_1_goa_re_2019.dat 7 2021 SSBFofl 7.23033
Model_1_goa_re_2019.dat 7 2021 SSBLCI 12.0812
Model_1_goa_re_2019.dat 7 2021 SSBUCI 12.0812
Model_1_goa_re_2019.dat 7 2021 SSBMedian 12.0812
Model_1_goa_re_2019.dat 7 2021 SSBMean 12.0812
Model_1_goa_re_2019.dat 7 2022 SSBF100 20.6581
Model_1_goa_re_2019.dat 7 2022 SSBFabc 8.26323
Model_1_goa_re_2019.dat 7 2022 SSBFofl 7.23033
Model_1_goa_re_2019.dat 7 2022 SSBLCI 11.8259
Model_1_goa_re_2019.dat 7 2022 SSBUCI 11.8259
Model_1_goa_re_2019.dat 7 2022 SSBMedian 11.8259
Model_1_goa_re_2019.dat 7 2022 SSBMean 11.8259
Model_1_goa_re_2019.dat 7 2023 SSBF100 20.6581
Model_1_goa_re_2019.dat 7 2023 SSBFabc 8.26323
Model_1_goa_re_2019.dat 7 2023 SSBFofl 7.23033
Model_1_goa_re_2019.dat 7 2023 SSBLCI 11.5503
Model_1_goa_re_2019.dat 7 2023 SSBUCI 11.5503
Model_1_goa_re_2019.dat 7 2023 SSBMedian 11.5503
Model_1_goa_re_2019.dat 7 2023 SSBMean 11.5503
Model_1_goa_re_2019.dat 7 2024 SSBF100 20.6581
Model_1_goa_re_2019.dat 7 2024 SSBFabc 8.26323
Model_1_goa_re_2019.dat 7 2024 SSBFofl 7.23033
Model_1_goa_re_2019.dat 7 2024 SSBLCI 11.2943
Model_1_goa_re_2019.dat 7 2024 SSBUCI 11.2946
Model_1_goa_re_2019.dat 7 2024 SSBMedian 11.2944
Model_1_goa_re_2019.dat 7 2024 SSBMean 11.2944
Model_1_goa_re_2019.dat 7 2025 SSBF100 20.6581
Model_1_goa_re_2019.dat 7 2025 SSBFabc 8.26323
Model_1_goa_re_2019.dat 7 2025 SSBFofl 7.23033
Model_1_goa_re_2019.dat 7 2025 SSBLCI 11.0807
Model_1_goa_re_2019.dat 7 2025 SSBUCI 11.0816
Model_1_goa_re_2019.dat 7 2025 SSBMedian 11.0811
Model_1_goa_re_2019.dat 7 2025 SSBMean 11.0811
Model_1_goa_re_2019.dat 7 2026 SSBF100 20.6581
Model_1_goa_re_2019.dat 7 2026 SSBFabc 8.26323
Model_1_goa_re_2019.dat 7 2026 SSBFofl 7.23033
Model_1_goa_re_2019.dat 7 2026 SSBLCI 10.8838
Model_1_goa_re_2019.dat 7 2026 SSBUCI 10.8859
Model_1_goa_re_2019.dat 7 2026 SSBMedian 10.8846
Model_1_goa_re_2019.dat 7 2026 SSBMean 10.8847
Model_1_goa_re_2019.dat 7 2027 SSBF100 20.6581
Model_1_goa_re_2019.dat 7 2027 SSBFabc 8.26323
Model_1_goa_re_2019.dat 7 2027 SSBFofl 7.23033
Model_1_goa_re_2019.dat 7 2027 SSBLCI 10.6831
Model_1_goa_re_2019.dat 7 2027 SSBUCI 10.6889
Model_1_goa_re_2019.dat 7 2027 SSBMedian 10.6852
Model_1_goa_re_2019.dat 7 2027 SSBMean 10.6855
Model_1_goa_re_2019.dat 7 2028 SSBF100 20.6581
Model_1_goa_re_2019.dat 7 2028 SSBFabc 8.26323
Model_1_goa_re_2019.dat 7 2028 SSBFofl 7.23033
Model_1_goa_re_2019.dat 7 2028 SSBLCI 10.4761
Model_1_goa_re_2019.dat 7 2028 SSBUCI 10.4907
Model_1_goa_re_2019.dat 7 2028 SSBMedian 10.4814
Model_1_goa_re_2019.dat 7 2028 SSBMean 10.4821
Model_1_goa_re_2019.dat 7 2029 SSBF100 20.6581
Model_1_goa_re_2019.dat 7 2029 SSBFabc 8.26323
Model_1_goa_re_2019.dat 7 2029 SSBFofl 7.23033
Model_1_goa_re_2019.dat 7 2029 SSBLCI 10.2596
Model_1_goa_re_2019.dat 7 2029 SSBUCI 10.2909
Model_1_goa_re_2019.dat 7 2029 SSBMedian 10.2714
Model_1_goa_re_2019.dat 7 2029 SSBMean 10.2728
Model_1_goa_re_2019.dat 7 2030 SSBF100 20.6581
Model_1_goa_re_2019.dat 7 2030 SSBFabc 8.26323
Model_1_goa_re_2019.dat 7 2030 SSBFofl 7.23033
Model_1_goa_re_2019.dat 7 2030 SSBLCI 10.0383
Model_1_goa_re_2019.dat 7 2030 SSBUCI 10.1012
Model_1_goa_re_2019.dat 7 2030 SSBMedian 10.0617
Model_1_goa_re_2019.dat 7 2030 SSBMean 10.0646
Model_1_goa_re_2019.dat 7 2031 SSBF100 20.6581
Model_1_goa_re_2019.dat 7 2031 SSBFabc 8.26323
Model_1_goa_re_2019.dat 7 2031 SSBFofl 7.23033
Model_1_goa_re_2019.dat 7 2031 SSBLCI 9.81568
Model_1_goa_re_2019.dat 7 2031 SSBUCI 9.92904
Model_1_goa_re_2019.dat 7 2031 SSBMedian 9.85826
Model_1_goa_re_2019.dat 7 2031 SSBMean 9.86317
Model_1_goa_re_2019.dat 7 2032 SSBF100 20.6581
Model_1_goa_re_2019.dat 7 2032 SSBFabc 8.26323
Model_1_goa_re_2019.dat 7 2032 SSBFofl 7.23033
Model_1_goa_re_2019.dat 7 2032 SSBLCI 9.57353
Model_1_goa_re_2019.dat 7 2032 SSBUCI 9.76391
Model_1_goa_re_2019.dat 7 2032 SSBMedian 9.64492
Model_1_goa_re_2019.dat 7 2032 SSBMean 9.65441
Model_1_goa_re_2019.dat 7 2019 F0 0 
Model_1_goa_re_2019.dat 7 2019 Fabc 0.0399647
Model_1_goa_re_2019.dat 7 2019 Fofl 0.048207
Model_1_goa_re_2019.dat 7 2019  F_LCI 0.0262862
Model_1_goa_re_2019.dat 7 2019  F_UCI 0.0262862
Model_1_goa_re_2019.dat 7 2019  F_Median 0.0262862
Model_1_goa_re_2019.dat 7 2019  F_Mean 0.0262862
Model_1_goa_re_2019.dat 7 2020 F0 0 
Model_1_goa_re_2019.dat 7 2020 Fabc 0.0399647
Model_1_goa_re_2019.dat 7 2020 Fofl 0.048207
Model_1_goa_re_2019.dat 7 2020  F_LCI 0.0399647
Model_1_goa_re_2019.dat 7 2020  F_UCI 0.0399647
Model_1_goa_re_2019.dat 7 2020  F_Median 0.0399647
Model_1_goa_re_2019.dat 7 2020  F_Mean 0.0399647
Model_1_goa_re_2019.dat 7 2021 F0 0 
Model_1_goa_re_2019.dat 7 2021 Fabc 0.0399647
Model_1_goa_re_2019.dat 7 2021 Fofl 0.048207
Model_1_goa_re_2019.dat 7 2021  F_LCI 0.0399647
Model_1_goa_re_2019.dat 7 2021  F_UCI 0.0399647
Model_1_goa_re_2019.dat 7 2021  F_Median 0.0399647
Model_1_goa_re_2019.dat 7 2021  F_Mean 0.0399647
Model_1_goa_re_2019.dat 7 2022 F0 0 
Model_1_goa_re_2019.dat 7 2022 Fabc 0.0399647
Model_1_goa_re_2019.dat 7 2022 Fofl 0.048207
Model_1_goa_re_2019.dat 7 2022  F_LCI 0.048207
Model_1_goa_re_2019.dat 7 2022  F_UCI 0.048207
Model_1_goa_re_2019.dat 7 2022  F_Median 0.048207
Model_1_goa_re_2019.dat 7 2022  F_Mean 0.048207
Model_1_goa_re_2019.dat 7 2023 F0 0 
Model_1_goa_re_2019.dat 7 2023 Fabc 0.0399647
Model_1_goa_re_2019.dat 7 2023 Fofl 0.048207
Model_1_goa_re_2019.dat 7 2023  F_LCI 0.048207
Model_1_goa_re_2019.dat 7 2023  F_UCI 0.048207
Model_1_goa_re_2019.dat 7 2023  F_Median 0.048207
Model_1_goa_re_2019.dat 7 2023  F_Mean 0.048207
Model_1_goa_re_2019.dat 7 2024 F0 0 
Model_1_goa_re_2019.dat 7 2024 Fabc 0.0399647
Model_1_goa_re_2019.dat 7 2024 Fofl 0.048207
Model_1_goa_re_2019.dat 7 2024  F_LCI 0.048207
Model_1_goa_re_2019.dat 7 2024  F_UCI 0.048207
Model_1_goa_re_2019.dat 7 2024  F_Median 0.048207
Model_1_goa_re_2019.dat 7 2024  F_Mean 0.048207
Model_1_goa_re_2019.dat 7 2025 F0 0 
Model_1_goa_re_2019.dat 7 2025 Fabc 0.0399647
Model_1_goa_re_2019.dat 7 2025 Fofl 0.048207
Model_1_goa_re_2019.dat 7 2025  F_LCI 0.048207
Model_1_goa_re_2019.dat 7 2025  F_UCI 0.048207
Model_1_goa_re_2019.dat 7 2025  F_Median 0.048207
Model_1_goa_re_2019.dat 7 2025  F_Mean 0.048207
Model_1_goa_re_2019.dat 7 2026 F0 0 
Model_1_goa_re_2019.dat 7 2026 Fabc 0.0399647
Model_1_goa_re_2019.dat 7 2026 Fofl 0.048207
Model_1_goa_re_2019.dat 7 2026  F_LCI 0.048207
Model_1_goa_re_2019.dat 7 2026  F_UCI 0.048207
Model_1_goa_re_2019.dat 7 2026  F_Median 0.048207
Model_1_goa_re_2019.dat 7 2026  F_Mean 0.048207
Model_1_goa_re_2019.dat 7 2027 F0 0 
Model_1_goa_re_2019.dat 7 2027 Fabc 0.0399647
Model_1_goa_re_2019.dat 7 2027 Fofl 0.048207
Model_1_goa_re_2019.dat 7 2027  F_LCI 0.048207
Model_1_goa_re_2019.dat 7 2027  F_UCI 0.048207
Model_1_goa_re_2019.dat 7 2027  F_Median 0.048207
Model_1_goa_re_2019.dat 7 2027  F_Mean 0.048207
Model_1_goa_re_2019.dat 7 2028 F0 0 
Model_1_goa_re_2019.dat 7 2028 Fabc 0.0399647
Model_1_goa_re_2019.dat 7 2028 Fofl 0.048207
Model_1_goa_re_2019.dat 7 2028  F_LCI 0.048207
Model_1_goa_re_2019.dat 7 2028  F_UCI 0.048207
Model_1_goa_re_2019.dat 7 2028  F_Median 0.048207
Model_1_goa_re_2019.dat 7 2028  F_Mean 0.048207
Model_1_goa_re_2019.dat 7 2029 F0 0 
Model_1_goa_re_2019.dat 7 2029 Fabc 0.0399647
Model_1_goa_re_2019.dat 7 2029 Fofl 0.048207
Model_1_goa_re_2019.dat 7 2029  F_LCI 0.048207
Model_1_goa_re_2019.dat 7 2029  F_UCI 0.048207
Model_1_goa_re_2019.dat 7 2029  F_Median 0.048207
Model_1_goa_re_2019.dat 7 2029  F_Mean 0.048207
Model_1_goa_re_2019.dat 7 2030 F0 0 
Model_1_goa_re_2019.dat 7 2030 Fabc 0.0399647
Model_1_goa_re_2019.dat 7 2030 Fofl 0.048207
Model_1_goa_re_2019.dat 7 2030  F_LCI 0.048207
Model_1_goa_re_2019.dat 7 2030  F_UCI 0.048207
Model_1_goa_re_2019.dat 7 2030  F_Median 0.048207
Model_1_goa_re_2019.dat 7 2030  F_Mean 0.048207
Model_1_goa_re_2019.dat 7 2031 F0 0 
Model_1_goa_re_2019.dat 7 2031 Fabc 0.0399647
Model_1_goa_re_2019.dat 7 2031 Fofl 0.048207
Model_1_goa_re_2019.dat 7 2031  F_LCI 0.048207
Model_1_goa_re_2019.dat 7 2031  F_UCI 0.048207
Model_1_goa_re_2019.dat 7 2031  F_Median 0.048207
Model_1_goa_re_2019.dat 7 2031  F_Mean 0.048207
Model_1_goa_re_2019.dat 7 2032 F0 0 
Model_1_goa_re_2019.dat 7 2032 Fabc 0.0399647
Model_1_goa_re_2019.dat 7 2032 Fofl 0.048207
Model_1_goa_re_2019.dat 7 2032  F_LCI 0.048207
Model_1_goa_re_2019.dat 7 2032  F_UCI 0.048207
Model_1_goa_re_2019.dat 7 2032  F_Median 0.048207
Model_1_goa_re_2019.dat 7 2032  F_Mean 0.048207
