Alternative 1 Catch
     Model_1_goa_re_2019.dat 
Equil_Fabc 0.840752 
Year 
2019 0.803113 
2020 0.596948 
2021 0.586048 
2022 1.21049 
2023 1.17991 
2024 1.16361 
2025 1.16467 
2026 1.18915 
2027 1.15717 
2028 1.12677 
2029 1.1044 
2030 1.08425 
2031 1.0622 
2032 1.04236 

Alternative 1 ABCs
     Model_1_goa_re_2019.dat 

Year 
2019  NA 
2020  NA 
2021  NA 
2022 1.21049 
2023 1.17991 
2024 1.16361 
2025 1.16467 
2026 1.18915 
2027 1.15717 
2028 1.12677 
2029 1.1044 
2030 1.08425 
2031 1.0622 
2032 1.04236 

Alternative 1 TACs
     Model_1_goa_re_2019.dat 

Year 
2019  NA 
2020  NA 
2021  NA 
2022 1.21049 
2023 1.17991 
2024 1.16361 
2025 1.16467 
2026 1.18915 
2027 1.15717 
2028 1.12677 
2029 1.1044 
2030 1.08425 
2031 1.0622 
2032 1.04236 

Alternative 1 Sp_Biomass
     Model_1_goa_re_2019.dat 
Equil_Fabc 8.26323 
Year 
2019 12.4748 
2020 12.4257 
2021 12.4246 
2022 12.3394 
2023 12.1368 
2024 11.9463 
2025 11.793 
2026 11.652 
2027 11.5037 
2028 11.3462 
2029 11.1777 
2030 11.0055 
2031 10.8357 
2032 10.653 

Alternative 1 Fishing Mortality
     Model_1_goa_re_2019.dat 
Equil_Fabc 0.0399647 
Year 
2019 0.0262862 
2020 0.0196788 
2021 0.0193021 
2022 0.0399647 
2023 0.0399647 
2024 0.0399647 
2025 0.0399647 
2026 0.0399647 
2027 0.0399647 
2028 0.0399647 
2029 0.0399647 
2030 0.0399647 
2031 0.0399647 
2032 0.0399647 

Alternative 1 Biomass
     Model_1_goa_re_2019.dat 

Year 
2019 40.2895 
2020 40.1223 
2021 40.1495 
2022 40.1711 
2023 39.5578 
2024 38.9768 
2025 38.4145 
2026 37.8589 
2027 37.2846 
2028 36.7507 
2029 36.2547 
2030 35.7932 
2031 35.3628 
2032 34.9646 

Alternative 1 Implied SPR rate 
     Model_1_goa_re_2019.dat 
Equil_Fabc 0.4 
Year 
2019 0.514777 
2020 0.591896 
2021 0.596879 
2022 0.4 
2023 0.4 
2024 0.4 
2025 0.4 
2026 0.4 
2027 0.4 
2028 0.4 
2029 0.4 
2030 0.4 
2031 0.4 
2032 0.4 

  Model_1_goa_re_2019.dat 
EquilAvgAgeF0  23.6246 
EquilAvgAgeFabc  15.0231 
AvgAgeYr2032 17.2559 
Alternative 2 Catch
     Model_1_goa_re_2019.dat 
Equil_Fabc 0.840752 
Year 
2019 0.803113 
2020 0.596948 
2021 0.586048 
2022 0.607731 
2023 0.603812 
2024 0.606349 
2025 0.617083 
2026 0.639431 
2027 0.633041 
2028 0.626727 
2029 0.623797 
2030 0.6214 
2031 0.617466 
2032 0.614078 

Alternative 2 ABCs
     Model_1_goa_re_2019.dat 

Year 
2019  NA 
2020  NA 
2021  NA 
2022 0.607731 
2023 0.603812 
2024 0.606349 
2025 0.617083 
2026 0.639431 
2027 0.633041 
2028 0.626727 
2029 0.623797 
2030 0.6214 
2031 0.617466 
2032 0.614078 

Alternative 2 TACs
     Model_1_goa_re_2019.dat 

Year 
2019  NA 
2020  NA 
2021  NA 
2022 0.607731 
2023 0.603812 
2024 0.606349 
2025 0.617083 
2026 0.639431 
2027 0.633041 
2028 0.626727 
2029 0.623797 
2030 0.6214 
2031 0.617466 
2032 0.614078 

Alternative 2 Sp_Biomass
     Model_1_goa_re_2019.dat 
Equil_Fabc 8.26323 
Year 
2019 12.4748 
2020 12.4257 
2021 12.4246 
2022 12.4411 
2023 12.4761 
2024 12.514 
2025 12.5813 
2026 12.6548 
2027 12.7151 
2028 12.7566 
2029 12.7767 
2030 12.7827 
2031 12.781 
2032 12.7511 

Alternative 2 Fishing Mortality
     Model_1_goa_re_2019.dat 
Equil_Fabc 0.0399647 
Year 
2019 0.0262862 
2020 0.0196788 
2021 0.0193021 
2022 0.0198704 
2023 0.0198704 
2024 0.0198704 
2025 0.0198704 
2026 0.0198704 
2027 0.0198704 
2028 0.0198704 
2029 0.0198704 
2030 0.0198704 
2031 0.0198704 
2032 0.0198704 

Alternative 2 Biomass
     Model_1_goa_re_2019.dat 

Year 
2019 40.2895 
2020 40.1223 
2021 40.1495 
2022 40.1711 
2023 40.1606 
2024 40.1442 
2025 40.1159 
2026 40.0734 
2027 40.0035 
2028 39.9368 
2029 39.8718 
2030 39.8102 
2031 39.7506 
2032 39.6943 

Alternative 2 Implied SPR rate 
     Model_1_goa_re_2019.dat 
Equil_Fabc 0.4 
Year 
2019 0.514777 
2020 0.591896 
2021 0.596879 
2022 0.589387 
2023 0.589387 
2024 0.589387 
2025 0.589387 
2026 0.589387 
2027 0.589387 
2028 0.589387 
2029 0.589387 
2030 0.589387 
2031 0.589387 
2032 0.589387 

  Model_1_goa_re_2019.dat 
EquilAvgAgeF0  23.6246 
EquilAvgAgeFabc  15.0231 
AvgAgeYr2032 18.5083 
Alternative 3 Catch
     Model_1_goa_re_2019.dat 
Equil_Fabc 0.840752 
Year 
2019 0.803113 
2020 0.596948 
2021 0.586048 
2022 0.61112 
2023 0.607114 
2024 0.609604 
2025 0.620338 
2026 0.642751 
2027 0.636266 
2028 0.629861 
2029 0.626862 
2030 0.624402 
2031 0.620398 
2032 0.616947 

Alternative 3 ABCs
     Model_1_goa_re_2019.dat 

Year 
2019  NA 
2020  NA 
2021  NA 
2022 0.61112 
2023 0.607114 
2024 0.609604 
2025 0.620338 
2026 0.642751 
2027 0.636266 
2028 0.629861 
2029 0.626862 
2030 0.624402 
2031 0.620398 
2032 0.616947 

Alternative 3 TACs
     Model_1_goa_re_2019.dat 

Year 
2019  NA 
2020  NA 
2021  NA 
2022 0.61112 
2023 0.607114 
2024 0.609604 
2025 0.620338 
2026 0.642751 
2027 0.636266 
2028 0.629861 
2029 0.626862 
2030 0.624402 
2031 0.620398 
2032 0.616947 

Alternative 3 Sp_Biomass
     Model_1_goa_re_2019.dat 
Equil_Fabc 8.26323 
Year 
2019 12.4748 
2020 12.4257 
2021 12.4246 
2022 12.4405 
2023 12.4742 
2024 12.5107 
2025 12.5768 
2026 12.649 
2027 12.708 
2028 12.7483 
2029 12.7671 
2030 12.772 
2031 12.7692 
2032 12.7382 

Alternative 3 Fishing Mortality
     Model_1_goa_re_2019.dat 
Equil_Fabc 0.0399647 
Year 
2019 0.0262862 
2020 0.0196788 
2021 0.0193021 
2022 0.0199823 
2023 0.0199823 
2024 0.0199823 
2025 0.0199823 
2026 0.0199823 
2027 0.0199823 
2028 0.0199823 
2029 0.0199823 
2030 0.0199823 
2031 0.0199823 
2032 0.0199823 

Alternative 3 Biomass
     Model_1_goa_re_2019.dat 

Year 
2019 40.2895 
2020 40.1223 
2021 40.1495 
2022 40.1711 
2023 40.1572 
2024 40.1376 
2025 40.1062 
2026 40.0606 
2027 39.9876 
2028 39.9181 
2029 39.8503 
2030 39.7861 
2031 39.7241 
2032 39.6655 

Alternative 3 Implied SPR rate 
     Model_1_goa_re_2019.dat 
Equil_Fabc 0.4 
Year 
2019 0.514777 
2020 0.591896 
2021 0.596879 
2022 0.587931 
2023 0.587931 
2024 0.587931 
2025 0.587931 
2026 0.587931 
2027 0.587931 
2028 0.587931 
2029 0.587931 
2030 0.587931 
2031 0.587931 
2032 0.587931 

  Model_1_goa_re_2019.dat 
EquilAvgAgeF0  23.6246 
EquilAvgAgeFabc  15.0231 
AvgAgeYr2032 18.5011 
Alternative 4 Catch
     Model_1_goa_re_2019.dat 
Equil_Fabc 0.840752 
Year 
2019 0.803113 
2020 0.596948 
2021 0.586048 
2022 0.609481 
2023 0.605517 
2024 0.60803 
2025 0.618764 
2026 0.641145 
2027 0.634707 
2028 0.628345 
2029 0.62538 
2030 0.62295 
2031 0.61898 
2032 0.61556 

Alternative 4 ABCs
     Model_1_goa_re_2019.dat 

Year 
2019  NA 
2020  NA 
2021  NA 
2022 0.609481 
2023 0.605517 
2024 0.60803 
2025 0.618764 
2026 0.641145 
2027 0.634707 
2028 0.628345 
2029 0.62538 
2030 0.62295 
2031 0.61898 
2032 0.61556 

Alternative 4 TACs
     Model_1_goa_re_2019.dat 

Year 
2019  NA 
2020  NA 
2021  NA 
2022 0.609481 
2023 0.605517 
2024 0.60803 
2025 0.618764 
2026 0.641145 
2027 0.634707 
2028 0.628345 
2029 0.62538 
2030 0.62295 
2031 0.61898 
2032 0.61556 

Alternative 4 Sp_Biomass
     Model_1_goa_re_2019.dat 
Equil_Fabc 8.26323 
Year 
2019 12.4748 
2020 12.4257 
2021 12.4246 
2022 12.4408 
2023 12.4751 
2024 12.5123 
2025 12.579 
2026 12.6518 
2027 12.7114 
2028 12.7523 
2029 12.7718 
2030 12.7772 
2031 12.7749 
2032 12.7445 

Alternative 4 Fishing Mortality
     Model_1_goa_re_2019.dat 
Equil_Fabc 0.0399647 
Year 
2019 0.0262862 
2020 0.0196788 
2021 0.0193021 
2022 0.0199282 
2023 0.0199282 
2024 0.0199282 
2025 0.0199282 
2026 0.0199282 
2027 0.0199282 
2028 0.0199282 
2029 0.0199282 
2030 0.0199282 
2031 0.0199282 
2032 0.0199282 

Alternative 4 Biomass
     Model_1_goa_re_2019.dat 

Year 
2019 40.2895 
2020 40.1223 
2021 40.1495 
2022 40.1711 
2023 40.1589 
2024 40.1408 
2025 40.1109 
2026 40.0668 
2027 39.9953 
2028 39.9272 
2029 39.8607 
2030 39.7978 
2031 39.737 
2032 39.6794 

Alternative 4 Implied SPR rate 
     Model_1_goa_re_2019.dat 
Equil_Fabc 0.4 
Year 
2019 0.514777 
2020 0.591896 
2021 0.596879 
2022 0.588634 
2023 0.588634 
2024 0.588634 
2025 0.588634 
2026 0.588634 
2027 0.588634 
2028 0.588634 
2029 0.588634 
2030 0.588634 
2031 0.588634 
2032 0.588634 

  Model_1_goa_re_2019.dat 
EquilAvgAgeF0  23.6246 
EquilAvgAgeFabc  15.0231 
AvgAgeYr2032 18.5046 
Alternative 5 Catch
     Model_1_goa_re_2019.dat 
Equil_Fabc 0.840752 
Year 
2019 0.803113 
2020 0.596948 
2021 0.586048 
2022  NA 
2023  NA 
2024  NA 
2025  NA 
2026  NA 
2027  NA 
2028  NA 
2029  NA 
2030  NA 
2031  NA 
2032  NA 

Alternative 5 ABCs
     Model_1_goa_re_2019.dat 

Year 
2019  NA 
2020  NA 
2021  NA 
2022  NA 
2023  NA 
2024  NA 
2025  NA 
2026  NA 
2027  NA 
2028  NA 
2029  NA 
2030  NA 
2031  NA 
2032  NA 

Alternative 5 TACs
     Model_1_goa_re_2019.dat 

Year 
2019  NA 
2020  NA 
2021  NA 
2022  NA 
2023  NA 
2024  NA 
2025  NA 
2026  NA 
2027  NA 
2028  NA 
2029  NA 
2030  NA 
2031  NA 
2032  NA 

Alternative 5 Sp_Biomass
     Model_1_goa_re_2019.dat 
Equil_Fabc 8.26323 
Year 
2019 12.4748 
2020 12.4257 
2021 12.4246 
2022 12.5424 
2023 12.8212 
2024 13.1028 
2025 13.4151 
2026 13.7359 
2027 14.0453 
2028 14.3343 
2029 14.5981 
2030 14.8437 
2031 15.0772 
2032 15.2712 

Alternative 5 Fishing Mortality
     Model_1_goa_re_2019.dat 
Equil_Fabc 0.0399647 
Year 
2019 0.0262862 
2020 0.0196788 
2021 0.0193021 
2022  NA 
2023  NA 
2024  NA 
2025  NA 
2026  NA 
2027  NA 
2028  NA 
2029  NA 
2030  NA 
2031  NA 
2032  NA 

Alternative 5 Biomass
     Model_1_goa_re_2019.dat 

Year 
2019 40.2895 
2020 40.1223 
2021 40.1495 
2022 40.1711 
2023 40.7685 
2024 41.3442 
2025 41.8982 
2026 42.4361 
2027 42.9564 
2028 43.4597 
2029 43.9434 
2030 44.4126 
2031 44.8663 
2032 45.3041 

Alternative 5 Implied SPR rate 
     Model_1_goa_re_2019.dat 
Equil_Fabc 0.4 
Year 
2019 0.514777 
2020 0.591896 
2021 0.596879 
2022 1 
2023 1 
2024 1 
2025 1 
2026 1 
2027 1 
2028 1 
2029 1 
2030 1 
2031 1 
2032 1 

  Model_1_goa_re_2019.dat 
EquilAvgAgeF0  23.6246 
EquilAvgAgeFabc  15.0231 
AvgAgeYr2032 19.7978 
Alternative 6 Catch
     Model_1_goa_re_2019.dat 
Equil_Fabc 0.840752 
Year 
2019 0.803113 
2020 1.44238 
2021 1.40508 
2022 1.37942 
2023 1.33648 
2024 1.31139 
2025 1.3076 
2026 1.33198 
2027 1.28917 
2028 1.24894 
2029 1.21892 
2030 1.19205 
2031 1.16335 
2032 1.13772 

Alternative 6 ABCs
     Model_1_goa_re_2019.dat 

Year 
2019 1.45735 
2020 1.44238 
2021 1.40508 
2022 1.37942 
2023 1.33648 
2024 1.31139 
2025 1.3076 
2026 1.33198 
2027 1.28917 
2028 1.24894 
2029 1.21892 
2030 1.19205 
2031 1.16335 
2032 1.13772 

Alternative 6 TACs
     Model_1_goa_re_2019.dat 

Year 
2019  NA 
2020 1.44238 
2021 1.40508 
2022 1.37942 
2023 1.33648 
2024 1.31139 
2025 1.3076 
2026 1.33198 
2027 1.28917 
2028 1.24894 
2029 1.21892 
2030 1.19205 
2031 1.16335 
2032 1.13772 

Alternative 6 Sp_Biomass
     Model_1_goa_re_2019.dat 
Equil_Fabc 8.26323 
Year 
2019 12.4748 
2020 12.2819 
2021 11.9452 
2022 11.6412 
2023 11.3742 
2024 11.1274 
2025 10.9231 
2026 10.7358 
2027 10.5457 
2028 10.3513 
2029 10.1507 
2030 9.95099 
2031 9.75773 
2032 9.55673 

Alternative 6 Fishing Mortality
     Model_1_goa_re_2019.dat 
Equil_Fabc 0.0399647 
Year 
2019 0.0262862 
2020 0.048207 
2021 0.048207 
2022 0.048207 
2023 0.048207 
2024 0.048207 
2025 0.048207 
2026 0.048207 
2027 0.048207 
2028 0.048207 
2029 0.048207 
2030 0.048207 
2031 0.048207 
2032 0.048207 

Alternative 6 Biomass
     Model_1_goa_re_2019.dat 

Year 
2019 40.2895 
2020 40.1223 
2021 39.3042 
2022 38.5233 
2023 37.774 
2024 37.0742 
2025 36.406 
2026 35.753 
2027 35.0845 
2028 34.4702 
2029 33.9066 
2030 33.3878 
2031 32.9092 
2032 32.4714 

Alternative 6 Implied SPR rate 
     Model_1_goa_re_2019.dat 
Equil_Fabc 0.4 
Year 
2019 0.514777 
2020 0.35 
2021 0.35 
2022 0.35 
2023 0.35 
2024 0.35 
2025 0.35 
2026 0.35 
2027 0.35 
2028 0.35 
2029 0.35 
2030 0.35 
2031 0.35 
2032 0.35 

  Model_1_goa_re_2019.dat 
EquilAvgAgeF0  23.6246 
EquilAvgAgeFabc  15.0231 
AvgAgeYr2032 16.4832 
Alternative 7 Catch
     Model_1_goa_re_2019.dat 
Equil_Fabc 0.840752 
Year 
2019 0.803113 
2020 1.20051 
2021 1.17859 
2022 1.40049 
2023 1.35619 
2024 1.32981 
2025 1.32483 
2026 1.3481 
2027 1.30418 
2028 1.26288 
2029 1.23186 
2030 1.20404 
2031 1.17444 
2032 1.14797 

Alternative 7 ABCs
     Model_1_goa_re_2019.dat 

Year 
2019 1.45735 
2020 1.44238 
2021 1.41605 
2022 1.40049 
2023 1.35619 
2024 1.32981 
2025 1.32483 
2026 1.3481 
2027 1.30418 
2028 1.26288 
2029 1.23186 
2030 1.20404 
2031 1.17444 
2032 1.14797 

Alternative 7 TACs
     Model_1_goa_re_2019.dat 

Year 
2019  NA 
2020 1.44238 
2021 1.41605 
2022 1.40049 
2023 1.35619 
2024 1.32981 
2025 1.32483 
2026 1.3481 
2027 1.30418 
2028 1.26288 
2029 1.23186 
2030 1.20404 
2031 1.17444 
2032 1.14797 

Alternative 7 Sp_Biomass
     Model_1_goa_re_2019.dat 
Equil_Fabc 8.26323 
Year 
2019 12.4748 
2020 12.3233 
2021 12.0812 
2022 11.8259 
2023 11.5503 
2024 11.2944 
2025 11.0811 
2026 10.8847 
2027 10.6855 
2028 10.4821 
2029 10.2728 
2030 10.0646 
2031 9.86317 
2032 9.65441 

Alternative 7 Fishing Mortality
     Model_1_goa_re_2019.dat 
Equil_Fabc 0.0399647 
Year 
2019 0.0262862 
2020 0.0399646 
2021 0.0399646 
2022 0.048207 
2023 0.048207 
2024 0.048207 
2025 0.048207 
2026 0.048207 
2027 0.048207 
2028 0.048207 
2029 0.048207 
2030 0.048207 
2031 0.048207 
2032 0.048207 

Alternative 7 Biomass
     Model_1_goa_re_2019.dat 

Year 
2019 40.2895 
2020 40.1223 
2021 39.546 
2022 38.9869 
2023 38.2072 
2024 37.4784 
2025 36.7826 
2026 36.1034 
2027 35.41 
2028 34.7722 
2029 34.1866 
2030 33.6471 
2031 33.1491 
2032 32.6932 

Alternative 7 Implied SPR rate 
     Model_1_goa_re_2019.dat 
Equil_Fabc 0.4 
Year 
2019 0.514777 
2020 0.4 
2021 0.4 
2022 0.35 
2023 0.35 
2024 0.35 
2025 0.35 
2026 0.35 
2027 0.35 
2028 0.35 
2029 0.35 
2030 0.35 
2031 0.35 
2032 0.35 

  Model_1_goa_re_2019.dat 
EquilAvgAgeF0  23.6246 
EquilAvgAgeFabc  15.0231 
AvgAgeYr2032 16.5621 
