
SB0 SB40 SB35 MeanRec HarMeanRec Bnow
20.6581 8.26323 7.23033 0.00186067 0.00159702 12.8 
CV Recruit
0.406312 
Alternative 1 Alternative  Stock: Model_1_goa_re_2019.dat
Catch Model_1_goa_re_2019.dat
Year C0 Cabc Cofl LowCI_Catch Median_Catch Mean_Catch UpperCI_Catch Stdev_Catch 
2019  0 0.840752 0.901601 0.803113 0.803113 0.803113 0.803113 9.54792e-15 
2020  0 0.840752 0.901601 0.596948 0.596948 0.596948 0.596948 5.94397e-14 
2021  0 0.840752 0.901601 0.586048 0.586048 0.586048 0.586048 2.72876e-13 
2022  0 0.840752 0.901601 1.21047 1.21049 1.21049 1.21051 1.14613e-05 
2023  0 0.840752 0.901601 1.17986 1.17991 1.17991 1.17999 4.1526e-05 
2024  0 0.840752 0.901601 1.16344 1.16359 1.16361 1.16385 0.000129557 
2025  0 0.840752 0.901601 1.16423 1.16462 1.16467 1.16529 0.000335067 
2026  0 0.840752 0.901601 1.18822 1.18905 1.18915 1.19042 0.000704751 
2027  0 0.840752 0.901601 1.15563 1.157 1.15717 1.15931 0.00117198 
2028  0 0.840752 0.901601 1.12454 1.1266 1.12677 1.12954 0.00157637 
2029  0 0.840752 0.901601 1.10173 1.10421 1.1044 1.10756 0.00191514 
2030  0 0.840752 0.901601 1.081 1.08404 1.08425 1.0881 0.00228002 
2031  0 0.840752 0.901601 1.058 1.06199 1.0622 1.06789 0.00304889 
2032  0 0.840752 0.901601 1.03457 1.04138 1.04236 1.05352 0.0060718 

Spawning_Biomass Model_1_goa_re_2019.dat
Year SSB100 SSBabc SSBofl LowCI_SSB Median_SSB Mean_SSB UpperCI_SSB Stdev_SSB 
2019 20.6581 8.26323 7.23033 12.4748 12.4748 12.4748 12.4748 7.28306e-14 
2020 20.6581 8.26323 7.23033 12.4257 12.4257 12.4257 12.4257 4.58989e-08 
2021 20.6581 8.26323 7.23033 12.4246 12.4246 12.4246 12.4246 3.30596e-07 
2022 20.6581 8.26323 7.23033 12.3394 12.3394 12.3394 12.3394 6.28764e-07 
2023 20.6581 8.26323 7.23033 12.1368 12.1368 12.1368 12.1368 6.05374e-07 
2024 20.6581 8.26323 7.23033 11.9461 11.9462 11.9463 11.9465 0.000107637 
2025 20.6581 8.26323 7.23033 11.7926 11.7929 11.793 11.7935 0.00027509 
2026 20.6581 8.26323 7.23033 11.6511 11.6519 11.652 11.6531 0.000652053 
2027 20.6581 8.26323 7.23033 11.5014 11.5035 11.5037 11.5071 0.00181539 
2028 20.6581 8.26323 7.23033 11.3402 11.3455 11.3462 11.3548 0.00465963 
2029 20.6581 8.26323 7.23033 11.1644 11.1762 11.1777 11.1958 0.0101445 
2030 20.6581 8.26323 7.23033 10.9791 11.0026 11.0055 11.0422 0.0203339 
2031 20.6581 8.26323 7.23033 10.7881 10.8308 10.8357 10.9018 0.0368642 
2032 20.6581 8.26323 7.23033 10.5718 10.6436 10.653 10.7629 0.0611457 

Fishing_mortalityModel_1_goa_re_2019.dat
Year F0 Fabc Fofl LowCI_F Median_F Mean_F UpperCI_F Stdev_F 
2019  0 0.0399647 0.048207 0.0262862 0.0262862 0.0262862 0.0262862 2.22045e-16 
2020  0 0.0399647 0.048207 0.0196787 0.0196788 0.0196788 0.0196788 9.04649e-09 
2021  0 0.0399647 0.048207 0.019302 0.0193021 0.0193021 0.0193021 4.40556e-08 
2022  0 0.0399647 0.048207 0.0399647 0.0399647 0.0399647 0.0399647 6.93889e-18 
2023  0 0.0399647 0.048207 0.0399647 0.0399647 0.0399647 0.0399647 6.93889e-18 
2024  0 0.0399647 0.048207 0.0399647 0.0399647 0.0399647 0.0399647 6.93889e-18 
2025  0 0.0399647 0.048207 0.0399647 0.0399647 0.0399647 0.0399647 6.93889e-18 
2026  0 0.0399647 0.048207 0.0399647 0.0399647 0.0399647 0.0399647 6.93889e-18 
2027  0 0.0399647 0.048207 0.0399647 0.0399647 0.0399647 0.0399647 6.93889e-18 
2028  0 0.0399647 0.048207 0.0399647 0.0399647 0.0399647 0.0399647 6.93889e-18 
2029  0 0.0399647 0.048207 0.0399647 0.0399647 0.0399647 0.0399647 6.93889e-18 
2030  0 0.0399647 0.048207 0.0399647 0.0399647 0.0399647 0.0399647 6.93889e-18 
2031  0 0.0399647 0.048207 0.0399647 0.0399647 0.0399647 0.0399647 6.93889e-18 
2032  0 0.0399647 0.048207 0.0399647 0.0399647 0.0399647 0.0399647 6.93889e-18 

Total_BiomassModel_1_goa_re_2019.dat
Year B100 Babc Bofl LowCI_Biom Median_Biom Mean_Biom UpperCI_Biom Stdev_Biom 
2019 114.599 29.6732 27.3118 40.2895 40.2895 40.2895 40.2895 1.49214e-13 
2020 114.599 29.6732 27.3118 40.0694 40.1131 40.1223 40.2059 0.0431556 
2021 114.599 29.6732 27.3118 40.0347 40.1367 40.1495 40.2977 0.0858807 
2022 114.599 29.6732 27.3118 39.9767 40.1533 40.1711 40.4361 0.141402 
2023 114.599 29.6732 27.3118 39.2742 39.531 39.5578 39.9274 0.211089 
2024 114.599 29.6732 27.3118 38.575 38.9443 38.9768 39.4717 0.291413 
2025 114.599 29.6732 27.3118 37.8929 38.3741 38.4145 39.0496 0.380574 
2026 114.599 29.6732 27.3118 37.1937 37.8099 37.8589 38.6933 0.4745 
2027 114.599 29.6732 27.3118 36.4422 37.2452 37.2846 38.2866 0.573407 
2028 114.599 29.6732 27.3118 35.732 36.71 36.7507 37.925 0.672201 
2029 114.599 29.6732 27.3118 35.0952 36.2286 36.2547 37.601 0.774436 
2030 114.599 29.6732 27.3118 34.495 35.7663 35.7932 37.2773 0.876273 
2031 114.599 29.6732 27.3118 33.9069 35.3259 35.3628 36.9756 0.979287 
2032 114.599 29.6732 27.3118 33.3569 34.9093 34.9646 36.6879 1.08128 
Alternative 2 Alternative  Stock: Model_1_goa_re_2019.dat
Catch Model_1_goa_re_2019.dat
Year C0 Cabc Cofl LowCI_Catch Median_Catch Mean_Catch UpperCI_Catch Stdev_Catch 
2019  0 0.840752 0.901601 0.803113 0.803113 0.803113 0.803113 9.54792e-15 
2020  0 0.840752 0.901601 0.596948 0.596948 0.596948 0.596948 5.94397e-14 
2021  0 0.840752 0.901601 0.586048 0.586048 0.586048 0.586048 2.72876e-13 
2022  0 0.840752 0.901601 0.607723 0.60773 0.607731 0.607741 5.69899e-06 
2023  0 0.840752 0.901601 0.603785 0.603809 0.603812 0.603849 2.06498e-05 
2024  0 0.840752 0.901601 0.606265 0.60634 0.606349 0.606469 6.44368e-05 
2025  0 0.840752 0.901601 0.616866 0.617059 0.617083 0.617393 0.000166718 
2026  0 0.840752 0.901601 0.638968 0.639379 0.639431 0.640061 0.000350916 
2027  0 0.840752 0.901601 0.632272 0.632958 0.633041 0.634109 0.000584137 
2028  0 0.840752 0.901601 0.625616 0.626643 0.626727 0.628112 0.000786439 
2029  0 0.840752 0.901601 0.622466 0.623703 0.623797 0.625375 0.000956236 
2030  0 0.840752 0.901601 0.619779 0.621296 0.6214 0.623326 0.00113947 
2031  0 0.840752 0.901601 0.615361 0.617356 0.617466 0.620315 0.0015266 
2032  0 0.840752 0.901601 0.610157 0.613601 0.614078 0.619686 0.00305467 

Spawning_Biomass Model_1_goa_re_2019.dat
Year SSB100 SSBabc SSBofl LowCI_SSB Median_SSB Mean_SSB UpperCI_SSB Stdev_SSB 
2019 20.6581 8.26323 7.23033 12.4748 12.4748 12.4748 12.4748 7.28306e-14 
2020 20.6581 8.26323 7.23033 12.4257 12.4257 12.4257 12.4257 4.58989e-08 
2021 20.6581 8.26323 7.23033 12.4246 12.4246 12.4246 12.4246 3.30596e-07 
2022 20.6581 8.26323 7.23033 12.4411 12.4411 12.4411 12.4411 6.34041e-07 
2023 20.6581 8.26323 7.23033 12.4761 12.4761 12.4761 12.4761 6.22808e-07 
2024 20.6581 8.26323 7.23033 12.5138 12.5139 12.514 12.5142 0.000107697 
2025 20.6581 8.26323 7.23033 12.5809 12.5813 12.5813 12.5818 0.000275315 
2026 20.6581 8.26323 7.23033 12.654 12.6548 12.6548 12.656 0.000653024 
2027 20.6581 8.26323 7.23033 12.7127 12.7148 12.7151 12.7185 0.00182022 
2028 20.6581 8.26323 7.23033 12.7506 12.7559 12.7566 12.7653 0.0046786 
2029 20.6581 8.26323 7.23033 12.7634 12.7752 12.7767 12.7949 0.0102 
2030 20.6581 8.26323 7.23033 12.7561 12.7798 12.7827 12.8197 0.0204736 
2031 20.6581 8.26323 7.23033 12.7329 12.776 12.781 12.8475 0.0371783 
2032 20.6581 8.26323 7.23033 12.6691 12.7417 12.7511 12.8622 0.0618479 

Fishing_mortalityModel_1_goa_re_2019.dat
Year F0 Fabc Fofl LowCI_F Median_F Mean_F UpperCI_F Stdev_F 
2019  0 0.0399647 0.048207 0.0262862 0.0262862 0.0262862 0.0262862 2.22045e-16 
2020  0 0.0399647 0.048207 0.0196787 0.0196788 0.0196788 0.0196788 9.04649e-09 
2021  0 0.0399647 0.048207 0.019302 0.0193021 0.0193021 0.0193021 4.40556e-08 
2022  0 0.0399647 0.048207 0.0198704 0.0198704 0.0198704 0.0198704 7.97973e-17 
2023  0 0.0399647 0.048207 0.0198704 0.0198704 0.0198704 0.0198704 7.97973e-17 
2024  0 0.0399647 0.048207 0.0198704 0.0198704 0.0198704 0.0198704 7.97973e-17 
2025  0 0.0399647 0.048207 0.0198704 0.0198704 0.0198704 0.0198704 7.97973e-17 
2026  0 0.0399647 0.048207 0.0198704 0.0198704 0.0198704 0.0198704 7.97973e-17 
2027  0 0.0399647 0.048207 0.0198704 0.0198704 0.0198704 0.0198704 7.97973e-17 
2028  0 0.0399647 0.048207 0.0198704 0.0198704 0.0198704 0.0198704 7.97973e-17 
2029  0 0.0399647 0.048207 0.0198704 0.0198704 0.0198704 0.0198704 7.97973e-17 
2030  0 0.0399647 0.048207 0.0198704 0.0198704 0.0198704 0.0198704 7.97973e-17 
2031  0 0.0399647 0.048207 0.0198704 0.0198704 0.0198704 0.0198704 7.97973e-17 
2032  0 0.0399647 0.048207 0.0198704 0.0198704 0.0198704 0.0198704 7.97973e-17 

Total_BiomassModel_1_goa_re_2019.dat
Year B100 Babc Bofl LowCI_Biom Median_Biom Mean_Biom UpperCI_Biom Stdev_Biom 
2019 114.599 29.6732 27.3118 40.2895 40.2895 40.2895 40.2895 1.49214e-13 
2020 114.599 29.6732 27.3118 40.0694 40.1131 40.1223 40.2059 0.0431556 
2021 114.599 29.6732 27.3118 40.0347 40.1367 40.1495 40.2977 0.0858807 
2022 114.599 29.6732 27.3118 39.9767 40.1533 40.1711 40.4361 0.141402 
2023 114.599 29.6732 27.3118 39.8771 40.1339 40.1606 40.5303 0.211096 
2024 114.599 29.6732 27.3118 39.7424 40.1117 40.1442 40.6391 0.291445 
2025 114.599 29.6732 27.3118 39.5942 40.0755 40.1159 40.7511 0.38068 
2026 114.599 29.6732 27.3118 39.4078 40.0243 40.0734 40.9084 0.474786 
2027 114.599 29.6732 27.3118 39.16 39.9645 40.0035 41.0068 0.57406 
2028 114.599 29.6732 27.3118 38.9158 39.8957 39.9368 41.1133 0.673464 
2029 114.599 29.6732 27.3118 38.7089 39.8448 39.8718 41.2222 0.776532 
2030 114.599 29.6732 27.3118 38.5077 39.7807 39.8102 41.3009 0.879394 
2031 114.599 29.6732 27.3118 38.2884 39.7143 39.7506 41.3716 0.983611 
2032 114.599 29.6732 27.3118 38.0823 39.6442 39.6943 41.435 1.08714 
Alternative 3 Alternative  Stock: Model_1_goa_re_2019.dat
Catch Model_1_goa_re_2019.dat
Year C0 Cabc Cofl LowCI_Catch Median_Catch Mean_Catch UpperCI_Catch Stdev_Catch 
2019  0 0.840752 0.901601 0.803113 0.803113 0.803113 0.803113 9.54792e-15 
2020  0 0.840752 0.901601 0.596948 0.596948 0.596948 0.596948 5.94397e-14 
2021  0 0.840752 0.901601 0.586048 0.586048 0.586048 0.586048 2.72876e-13 
2022  0 0.840752 0.901601 0.611113 0.611119 0.61112 0.611131 5.73108e-06 
2023  0 0.840752 0.901601 0.607088 0.607112 0.607114 0.607152 2.0766e-05 
2024  0 0.840752 0.901601 0.60952 0.609595 0.609604 0.609725 6.47996e-05 
2025  0 0.840752 0.901601 0.62012 0.620314 0.620338 0.620649 0.000167656 
2026  0 0.840752 0.901601 0.642285 0.642698 0.642751 0.643384 0.000352889 
2027  0 0.840752 0.901601 0.635492 0.636182 0.636266 0.63734 0.000587418 
2028  0 0.840752 0.901601 0.628744 0.629777 0.629861 0.631253 0.000790853 
2029  0 0.840752 0.901601 0.625523 0.626768 0.626862 0.628449 0.000961598 
2030  0 0.840752 0.901601 0.622771 0.624297 0.624402 0.626338 0.00114586 
2031  0 0.840752 0.901601 0.618281 0.620288 0.620398 0.623263 0.00153513 
2032  0 0.840752 0.901601 0.613004 0.616467 0.616947 0.622586 0.00307167 

Spawning_Biomass Model_1_goa_re_2019.dat
Year SSB100 SSBabc SSBofl LowCI_SSB Median_SSB Mean_SSB UpperCI_SSB Stdev_SSB 
2019 20.6581 8.26323 7.23033 12.4748 12.4748 12.4748 12.4748 7.28306e-14 
2020 20.6581 8.26323 7.23033 12.4257 12.4257 12.4257 12.4257 4.58989e-08 
2021 20.6581 8.26323 7.23033 12.4246 12.4246 12.4246 12.4246 3.30596e-07 
2022 20.6581 8.26323 7.23033 12.4405 12.4405 12.4405 12.4405 6.34012e-07 
2023 20.6581 8.26323 7.23033 12.4742 12.4742 12.4742 12.4742 6.22709e-07 
2024 20.6581 8.26323 7.23033 12.5106 12.5107 12.5107 12.5109 0.000107697 
2025 20.6581 8.26323 7.23033 12.5764 12.5767 12.5768 12.5773 0.000275314 
2026 20.6581 8.26323 7.23033 12.6482 12.6489 12.649 12.6502 0.000653019 
2027 20.6581 8.26323 7.23033 12.7056 12.7077 12.708 12.7114 0.00182019 
2028 20.6581 8.26323 7.23033 12.7422 12.7476 12.7483 12.7569 0.00467849 
2029 20.6581 8.26323 7.23033 12.7538 12.7657 12.7671 12.7854 0.0101997 
2030 20.6581 8.26323 7.23033 12.7454 12.7691 12.772 12.809 0.0204728 
2031 20.6581 8.26323 7.23033 12.7211 12.7642 12.7692 12.8357 0.0371765 
2032 20.6581 8.26323 7.23033 12.6562 12.7289 12.7382 12.8493 0.061844 

Fishing_mortalityModel_1_goa_re_2019.dat
Year F0 Fabc Fofl LowCI_F Median_F Mean_F UpperCI_F Stdev_F 
2019  0 0.0399647 0.048207 0.0262862 0.0262862 0.0262862 0.0262862 2.22045e-16 
2020  0 0.0399647 0.048207 0.0196787 0.0196788 0.0196788 0.0196788 9.04649e-09 
2021  0 0.0399647 0.048207 0.019302 0.0193021 0.0193021 0.0193021 4.40556e-08 
2022  0 0.0399647 0.048207 0.0199823 0.0199823 0.0199823 0.0199823 3.46945e-18 
2023  0 0.0399647 0.048207 0.0199823 0.0199823 0.0199823 0.0199823 3.46945e-18 
2024  0 0.0399647 0.048207 0.0199823 0.0199823 0.0199823 0.0199823 3.46945e-18 
2025  0 0.0399647 0.048207 0.0199823 0.0199823 0.0199823 0.0199823 3.46945e-18 
2026  0 0.0399647 0.048207 0.0199823 0.0199823 0.0199823 0.0199823 3.46945e-18 
2027  0 0.0399647 0.048207 0.0199823 0.0199823 0.0199823 0.0199823 3.46945e-18 
2028  0 0.0399647 0.048207 0.0199823 0.0199823 0.0199823 0.0199823 3.46945e-18 
2029  0 0.0399647 0.048207 0.0199823 0.0199823 0.0199823 0.0199823 3.46945e-18 
2030  0 0.0399647 0.048207 0.0199823 0.0199823 0.0199823 0.0199823 3.46945e-18 
2031  0 0.0399647 0.048207 0.0199823 0.0199823 0.0199823 0.0199823 3.46945e-18 
2032  0 0.0399647 0.048207 0.0199823 0.0199823 0.0199823 0.0199823 3.46945e-18 

Total_BiomassModel_1_goa_re_2019.dat
Year B100 Babc Bofl LowCI_Biom Median_Biom Mean_Biom UpperCI_Biom Stdev_Biom 
2019 114.599 29.6732 27.3118 40.2895 40.2895 40.2895 40.2895 1.49214e-13 
2020 114.599 29.6732 27.3118 40.0694 40.1131 40.1223 40.2059 0.0431556 
2021 114.599 29.6732 27.3118 40.0347 40.1367 40.1495 40.2977 0.0858807 
2022 114.599 29.6732 27.3118 39.9767 40.1533 40.1711 40.4361 0.141402 
2023 114.599 29.6732 27.3118 39.8737 40.1305 40.1572 40.5269 0.211096 
2024 114.599 29.6732 27.3118 39.7357 40.1051 40.1376 40.6325 0.291445 
2025 114.599 29.6732 27.3118 39.5844 40.0657 40.1062 40.7414 0.380679 
2026 114.599 29.6732 27.3118 39.395 40.0115 40.0606 40.8956 0.474785 
2027 114.599 29.6732 27.3118 39.1441 39.9487 39.9876 40.991 0.574057 
2028 114.599 29.6732 27.3118 38.897 39.8769 39.9181 41.0946 0.673457 
2029 114.599 29.6732 27.3118 38.6875 39.8234 39.8503 41.2007 0.776521 
2030 114.599 29.6732 27.3118 38.4837 39.7566 39.7861 41.2768 0.879377 
2031 114.599 29.6732 27.3118 38.2619 39.6878 39.7241 41.3451 0.983587 
2032 114.599 29.6732 27.3118 38.0536 39.6154 39.6655 41.4061 1.08711 
Alternative 4 Alternative  Stock: Model_1_goa_re_2019.dat
Catch Model_1_goa_re_2019.dat
Year C0 Cabc Cofl LowCI_Catch Median_Catch Mean_Catch UpperCI_Catch Stdev_Catch 
2019  0 0.840752 0.901601 0.803113 0.803113 0.803113 0.803113 9.54792e-15 
2020  0 0.840752 0.901601 0.596948 0.596948 0.596948 0.596948 5.94397e-14 
2021  0 0.840752 0.901601 0.586048 0.586048 0.586048 0.586048 2.72876e-13 
2022  0 0.840752 0.901601 0.609473 0.60948 0.609481 0.609491 5.71555e-06 
2023  0 0.840752 0.901601 0.60549 0.605514 0.605517 0.605555 2.07098e-05 
2024  0 0.840752 0.901601 0.607946 0.60802 0.60803 0.60815 6.46241e-05 
2025  0 0.840752 0.901601 0.618546 0.61874 0.618764 0.619074 0.000167202 
2026  0 0.840752 0.901601 0.640681 0.641093 0.641145 0.641777 0.000351935 
2027  0 0.840752 0.901601 0.633935 0.634623 0.634707 0.635777 0.000585831 
2028  0 0.840752 0.901601 0.627231 0.628262 0.628345 0.629734 0.000788718 
2029  0 0.840752 0.901601 0.624045 0.625286 0.62538 0.626963 0.000959004 
2030  0 0.840752 0.901601 0.621324 0.622846 0.62295 0.624882 0.00114277 
2031  0 0.840752 0.901601 0.616869 0.61887 0.61898 0.621838 0.001531 
2032  0 0.840752 0.901601 0.611628 0.615081 0.61556 0.621184 0.00306345 

Spawning_Biomass Model_1_goa_re_2019.dat
Year SSB100 SSBabc SSBofl LowCI_SSB Median_SSB Mean_SSB UpperCI_SSB Stdev_SSB 
2019 20.6581 8.26323 7.23033 12.4748 12.4748 12.4748 12.4748 7.28306e-14 
2020 20.6581 8.26323 7.23033 12.4257 12.4257 12.4257 12.4257 4.58989e-08 
2021 20.6581 8.26323 7.23033 12.4246 12.4246 12.4246 12.4246 3.30596e-07 
2022 20.6581 8.26323 7.23033 12.4408 12.4408 12.4408 12.4408 6.34026e-07 
2023 20.6581 8.26323 7.23033 12.4751 12.4751 12.4751 12.4751 6.22757e-07 
2024 20.6581 8.26323 7.23033 12.5121 12.5123 12.5123 12.5125 0.000107697 
2025 20.6581 8.26323 7.23033 12.5786 12.5789 12.579 12.5795 0.000275314 
2026 20.6581 8.26323 7.23033 12.651 12.6517 12.6518 12.653 0.000653021 
2027 20.6581 8.26323 7.23033 12.709 12.7111 12.7114 12.7148 0.0018202 
2028 20.6581 8.26323 7.23033 12.7463 12.7516 12.7523 12.761 0.00467854 
2029 20.6581 8.26323 7.23033 12.7584 12.7703 12.7718 12.79 0.0101999 
2030 20.6581 8.26323 7.23033 12.7506 12.7742 12.7772 12.8142 0.0204732 
2031 20.6581 8.26323 7.23033 12.7268 12.7699 12.7749 12.8414 0.0371773 
2032 20.6581 8.26323 7.23033 12.6624 12.7351 12.7445 12.8555 0.0618459 

Fishing_mortalityModel_1_goa_re_2019.dat
Year F0 Fabc Fofl LowCI_F Median_F Mean_F UpperCI_F Stdev_F 
2019  0 0.0399647 0.048207 0.0262862 0.0262862 0.0262862 0.0262862 2.22045e-16 
2020  0 0.0399647 0.048207 0.0196787 0.0196788 0.0196788 0.0196788 9.04649e-09 
2021  0 0.0399647 0.048207 0.019302 0.0193021 0.0193021 0.0193021 4.40556e-08 
2022  0 0.0399647 0.048207 0.0199282 0.0199282 0.0199282 0.0199282 5.20417e-17 
2023  0 0.0399647 0.048207 0.0199282 0.0199282 0.0199282 0.0199282 5.20417e-17 
2024  0 0.0399647 0.048207 0.0199282 0.0199282 0.0199282 0.0199282 5.20417e-17 
2025  0 0.0399647 0.048207 0.0199282 0.0199282 0.0199282 0.0199282 5.20417e-17 
2026  0 0.0399647 0.048207 0.0199282 0.0199282 0.0199282 0.0199282 5.20417e-17 
2027  0 0.0399647 0.048207 0.0199282 0.0199282 0.0199282 0.0199282 5.20417e-17 
2028  0 0.0399647 0.048207 0.0199282 0.0199282 0.0199282 0.0199282 5.20417e-17 
2029  0 0.0399647 0.048207 0.0199282 0.0199282 0.0199282 0.0199282 5.20417e-17 
2030  0 0.0399647 0.048207 0.0199282 0.0199282 0.0199282 0.0199282 5.20417e-17 
2031  0 0.0399647 0.048207 0.0199282 0.0199282 0.0199282 0.0199282 5.20417e-17 
2032  0 0.0399647 0.048207 0.0199282 0.0199282 0.0199282 0.0199282 5.20417e-17 

Total_BiomassModel_1_goa_re_2019.dat
Year B100 Babc Bofl LowCI_Biom Median_Biom Mean_Biom UpperCI_Biom Stdev_Biom 
2019 114.599 29.6732 27.3118 40.2895 40.2895 40.2895 40.2895 1.49214e-13 
2020 114.599 29.6732 27.3118 40.0694 40.1131 40.1223 40.2059 0.0431556 
2021 114.599 29.6732 27.3118 40.0347 40.1367 40.1495 40.2977 0.0858807 
2022 114.599 29.6732 27.3118 39.9767 40.1533 40.1711 40.4361 0.141402 
2023 114.599 29.6732 27.3118 39.8753 40.1321 40.1589 40.5286 0.211096 
2024 114.599 29.6732 27.3118 39.7389 40.1083 40.1408 40.6357 0.291445 
2025 114.599 29.6732 27.3118 39.5892 40.0705 40.1109 40.7461 0.380679 
2026 114.599 29.6732 27.3118 39.4012 40.0176 40.0668 40.9018 0.474785 
2027 114.599 29.6732 27.3118 39.1518 39.9564 39.9953 40.9986 0.574058 
2028 114.599 29.6732 27.3118 38.9061 39.886 39.9272 41.1037 0.67346 
2029 114.599 29.6732 27.3118 38.6978 39.8338 39.8607 41.2111 0.776526 
2030 114.599 29.6732 27.3118 38.4953 39.7683 39.7978 41.2885 0.879385 
2031 114.599 29.6732 27.3118 38.2747 39.7006 39.737 41.3579 0.983599 
2032 114.599 29.6732 27.3118 38.0675 39.6293 39.6794 41.4201 1.08713 
Alternative 5 Alternative  Stock: Model_1_goa_re_2019.dat
Catch Model_1_goa_re_2019.dat
Year C0 Cabc Cofl LowCI_Catch Median_Catch Mean_Catch UpperCI_Catch Stdev_Catch 
2019  0 0.840752 0.901601 0.803113 0.803113 0.803113 0.803113 9.54792e-15 
2020  0 0.840752 0.901601 0.596948 0.596948 0.596948 0.596948 5.94397e-14 
2021  0 0.840752 0.901601 0.586048 0.586048 0.586048 0.586048 2.72876e-13 
2022  0 0.840752 0.901601 0 0 0 0 0 
2023  0 0.840752 0.901601 0 0 0 0 0 
2024  0 0.840752 0.901601 0 0 0 0 0 
2025  0 0.840752 0.901601 0 0 0 0 0 
2026  0 0.840752 0.901601 0 0 0 0 0 
2027  0 0.840752 0.901601 0 0 0 0 0 
2028  0 0.840752 0.901601 0 0 0 0 0 
2029  0 0.840752 0.901601 0 0 0 0 0 
2030  0 0.840752 0.901601 0 0 0 0 0 
2031  0 0.840752 0.901601 0 0 0 0 0 
2032  0 0.840752 0.901601 0 0 0 0 0 

Spawning_Biomass Model_1_goa_re_2019.dat
Year SSB100 SSBabc SSBofl LowCI_SSB Median_SSB Mean_SSB UpperCI_SSB Stdev_SSB 
2019 20.6581 8.26323 7.23033 12.4748 12.4748 12.4748 12.4748 7.28306e-14 
2020 20.6581 8.26323 7.23033 12.4257 12.4257 12.4257 12.4257 4.58989e-08 
2021 20.6581 8.26323 7.23033 12.4246 12.4246 12.4246 12.4246 3.30596e-07 
2022 20.6581 8.26323 7.23033 12.5424 12.5424 12.5424 12.5424 6.39303e-07 
2023 20.6581 8.26323 7.23033 12.8212 12.8212 12.8212 12.8212 6.40542e-07 
2024 20.6581 8.26323 7.23033 13.1027 13.1028 13.1028 13.103 0.000107758 
2025 20.6581 8.26323 7.23033 13.4147 13.4151 13.4151 13.4156 0.00027554 
2026 20.6581 8.26323 7.23033 13.735 13.7358 13.7359 13.7371 0.00065399 
2027 20.6581 8.26323 7.23033 14.0429 14.0451 14.0453 14.0487 0.00182501 
2028 20.6581 8.26323 7.23033 14.3282 14.3336 14.3343 14.343 0.00469744 
2029 20.6581 8.26323 7.23033 14.5847 14.5966 14.5981 14.6164 0.0102552 
2030 20.6581 8.26323 7.23033 14.8169 14.8407 14.8437 14.881 0.0206128 
2031 20.6581 8.26323 7.23033 15.0287 15.0722 15.0772 15.1442 0.0374915 
2032 20.6581 8.26323 7.23033 15.1884 15.2617 15.2712 15.3838 0.0625508 

Fishing_mortalityModel_1_goa_re_2019.dat
Year F0 Fabc Fofl LowCI_F Median_F Mean_F UpperCI_F Stdev_F 
2019  0 0.0399647 0.048207 0.0262862 0.0262862 0.0262862 0.0262862 2.22045e-16 
2020  0 0.0399647 0.048207 0.0196787 0.0196788 0.0196788 0.0196788 9.04649e-09 
2021  0 0.0399647 0.048207 0.019302 0.0193021 0.0193021 0.0193021 4.40556e-08 
2022  0 0.0399647 0.048207 0 0 0 0 0 
2023  0 0.0399647 0.048207 0 0 0 0 0 
2024  0 0.0399647 0.048207 0 0 0 0 0 
2025  0 0.0399647 0.048207 0 0 0 0 0 
2026  0 0.0399647 0.048207 0 0 0 0 0 
2027  0 0.0399647 0.048207 0 0 0 0 0 
2028  0 0.0399647 0.048207 0 0 0 0 0 
2029  0 0.0399647 0.048207 0 0 0 0 0 
2030  0 0.0399647 0.048207 0 0 0 0 0 
2031  0 0.0399647 0.048207 0 0 0 0 0 
2032  0 0.0399647 0.048207 0 0 0 0 0 

Total_BiomassModel_1_goa_re_2019.dat
Year B100 Babc Bofl LowCI_Biom Median_Biom Mean_Biom UpperCI_Biom Stdev_Biom 
2019 114.599 29.6732 27.3118 40.2895 40.2895 40.2895 40.2895 1.49214e-13 
2020 114.599 29.6732 27.3118 40.0694 40.1131 40.1223 40.2059 0.0431556 
2021 114.599 29.6732 27.3118 40.0347 40.1367 40.1495 40.2977 0.0858807 
2022 114.599 29.6732 27.3118 39.9767 40.1533 40.1711 40.4361 0.141402 
2023 114.599 29.6732 27.3118 40.4849 40.7418 40.7685 41.1382 0.211103 
2024 114.599 29.6732 27.3118 40.9423 41.3118 41.3442 41.8392 0.291477 
2025 114.599 29.6732 27.3118 41.3763 41.8577 41.8982 42.5335 0.380784 
2026 114.599 29.6732 27.3118 41.7702 42.3868 42.4361 43.2718 0.475069 
2027 114.599 29.6732 27.3118 42.1117 42.9179 42.9564 43.9611 0.574707 
2028 114.599 29.6732 27.3118 42.4364 43.4181 43.4597 44.6386 0.674717 
2029 114.599 29.6732 27.3118 42.7771 43.9152 43.9434 45.2979 0.778617 
2030 114.599 29.6732 27.3118 43.1058 44.3812 44.4126 45.9117 0.882502 
2031 114.599 29.6732 27.3118 43.3977 44.8319 44.8663 46.4953 0.987922 
2032 114.599 29.6732 27.3118 43.6807 45.2591 45.3041 47.0621 1.093 
Alternative 6 Alternative  Stock: Model_1_goa_re_2019.dat
Catch Model_1_goa_re_2019.dat
Year C0 Cabc Cofl LowCI_Catch Median_Catch Mean_Catch UpperCI_Catch Stdev_Catch 
2019  0 0.840752 0.901601 0.803113 0.803113 0.803113 0.803113 9.54792e-15 
2020  0 0.840752 0.901601 1.44238 1.44238 1.44238 1.44238 6.65859e-07 
2021  0 0.840752 0.901601 1.40508 1.40508 1.40508 1.40509 3.29723e-06 
2022  0 0.840752 0.901601 1.3794 1.37942 1.37942 1.37944 1.37525e-05 
2023  0 0.840752 0.901601 1.33642 1.33648 1.33648 1.33657 5.00188e-05 
2024  0 0.840752 0.901601 1.31119 1.31137 1.31139 1.31168 0.000156189 
2025  0 0.840752 0.901601 1.30708 1.30754 1.3076 1.30835 0.00040398 
2026  0 0.840752 0.901601 1.33086 1.33185 1.33198 1.3335 0.000849512 
2027  0 0.840752 0.901601 1.28731 1.28897 1.28917 1.29175 0.00141219 
2028  0 0.840752 0.901601 1.24625 1.24874 1.24894 1.25228 0.00189876 
2029  0 0.840752 0.901601 1.21571 1.2187 1.21892 1.22273 0.00230607 
2030  0 0.840752 0.901601 1.18814 1.19181 1.19205 1.19668 0.0027444 
2031  0 0.840752 0.901601 1.1583 1.1631 1.16335 1.17019 0.00366704 
2032  0 0.840752 0.901601 1.12835 1.13653 1.13772 1.15112 0.00728856 

Spawning_Biomass Model_1_goa_re_2019.dat
Year SSB100 SSBabc SSBofl LowCI_SSB Median_SSB Mean_SSB UpperCI_SSB Stdev_SSB 
2019 20.6581 8.26323 7.23033 12.4748 12.4748 12.4748 12.4748 7.28306e-14 
2020 20.6581 8.26323 7.23033 12.2819 12.2819 12.2819 12.2819 2.29171e-13 
2021 20.6581 8.26323 7.23033 11.9452 11.9452 11.9452 11.9452 1.62635e-12 
2022 20.6581 8.26323 7.23033 11.6412 11.6412 11.6412 11.6412 3.04894e-12 
2023 20.6581 8.26323 7.23033 11.3742 11.3742 11.3742 11.3742 2.91225e-12 
2024 20.6581 8.26323 7.23033 11.1273 11.1274 11.1274 11.1276 0.000107048 
2025 20.6581 8.26323 7.23033 10.9228 10.9231 10.9231 10.9236 0.000274464 
2026 20.6581 8.26323 7.23033 10.735 10.7357 10.7358 10.737 0.000651146 
2027 20.6581 8.26323 7.23033 10.5433 10.5454 10.5457 10.5491 0.00181289 
2028 20.6581 8.26323 7.23033 10.3453 10.3506 10.3513 10.3599 0.00465129 
2029 20.6581 8.26323 7.23033 10.1375 10.1493 10.1507 10.1688 0.0101212 
2030 20.6581 8.26323 7.23033 9.92466 9.94809 9.95099 9.98758 0.0202759 
2031 20.6581 8.26323 7.23033 9.71024 9.75282 9.75773 9.8236 0.0367349 
2032 20.6581 8.26323 7.23033 9.47586 9.54724 9.55673 9.66623 0.0608582 

Fishing_mortalityModel_1_goa_re_2019.dat
Year F0 Fabc Fofl LowCI_F Median_F Mean_F UpperCI_F Stdev_F 
2019  0 0.0399647 0.048207 0.0262862 0.0262862 0.0262862 0.0262862 2.22045e-16 
2020  0 0.0399647 0.048207 0.048207 0.048207 0.048207 0.048207 4.52264e-14 
2021  0 0.0399647 0.048207 0.048207 0.048207 0.048207 0.048207 2.28205e-13 
2022  0 0.0399647 0.048207 0.048207 0.048207 0.048207 0.048207 1.94289e-16 
2023  0 0.0399647 0.048207 0.048207 0.048207 0.048207 0.048207 1.94289e-16 
2024  0 0.0399647 0.048207 0.048207 0.048207 0.048207 0.048207 1.94289e-16 
2025  0 0.0399647 0.048207 0.048207 0.048207 0.048207 0.048207 1.94289e-16 
2026  0 0.0399647 0.048207 0.048207 0.048207 0.048207 0.048207 1.94289e-16 
2027  0 0.0399647 0.048207 0.048207 0.048207 0.048207 0.048207 1.94289e-16 
2028  0 0.0399647 0.048207 0.048207 0.048207 0.048207 0.048207 1.94289e-16 
2029  0 0.0399647 0.048207 0.048207 0.048207 0.048207 0.048207 1.94289e-16 
2030  0 0.0399647 0.048207 0.048207 0.048207 0.048207 0.048207 1.94289e-16 
2031  0 0.0399647 0.048207 0.048207 0.048207 0.048207 0.048207 1.94289e-16 
2032  0 0.0399647 0.048207 0.048207 0.048207 0.048207 0.048207 1.94289e-16 

Total_BiomassModel_1_goa_re_2019.dat
Year B100 Babc Bofl LowCI_Biom Median_Biom Mean_Biom UpperCI_Biom Stdev_Biom 
2019 114.599 29.6732 27.3118 40.2895 40.2895 40.2895 40.2895 1.49214e-13 
2020 114.599 29.6732 27.3118 40.0694 40.1131 40.1223 40.2059 0.0431556 
2021 114.599 29.6732 27.3118 39.1895 39.2914 39.3042 39.4525 0.0858799 
2022 114.599 29.6732 27.3118 38.3288 38.5054 38.5233 38.7882 0.141397 
2023 114.599 29.6732 27.3118 37.4904 37.7472 37.774 38.1436 0.21108 
2024 114.599 29.6732 27.3118 36.6724 37.0417 37.0742 37.569 0.291392 
2025 114.599 29.6732 27.3118 35.8844 36.3657 36.406 37.041 0.380523 
2026 114.599 29.6732 27.3118 35.088 35.7041 35.753 36.5871 0.474374 
2027 114.599 29.6732 27.3118 34.2426 35.0448 35.0845 36.0859 0.573131 
2028 114.599 29.6732 27.3118 33.4524 34.4296 34.4702 35.6435 0.671675 
2029 114.599 29.6732 27.3118 32.7486 33.8809 33.9066 35.2512 0.77357 
2030 114.599 29.6732 27.3118 32.0914 33.3623 33.3878 34.8694 0.874989 
2031 114.599 29.6732 27.3118 31.4559 32.8722 32.9092 34.5197 0.977515 
2032 114.599 29.6732 27.3118 30.866 32.4141 32.4714 34.1876 1.07889 
Alternative 7 Alternative  Stock: Model_1_goa_re_2019.dat
Catch Model_1_goa_re_2019.dat
Year C0 Cabc Cofl LowCI_Catch Median_Catch Mean_Catch UpperCI_Catch Stdev_Catch 
2019  0 0.840752 0.901601 0.803113 0.803113 0.803113 0.803113 9.54792e-15 
2020  0 0.840752 0.901601 1.20051 1.20051 1.20051 1.20051 5.52011e-07 
2021  0 0.840752 0.901601 1.17859 1.17859 1.17859 1.1786 2.73349e-06 
2022  0 0.840752 0.901601 1.40048 1.40049 1.40049 1.40052 1.37526e-05 
2023  0 0.840752 0.901601 1.35613 1.35618 1.35619 1.35628 5.00193e-05 
2024  0 0.840752 0.901601 1.32961 1.32979 1.32981 1.3301 0.000156191 
2025  0 0.840752 0.901601 1.3243 1.32477 1.32483 1.32558 0.000403984 
2026  0 0.840752 0.901601 1.34698 1.34798 1.3481 1.34963 0.000849519 
2027  0 0.840752 0.901601 1.30232 1.30397 1.30418 1.30676 0.0014122 
2028  0 0.840752 0.901601 1.2602 1.26268 1.26288 1.26622 0.00189877 
2029  0 0.840752 0.901601 1.22865 1.23163 1.23186 1.23566 0.00230608 
2030  0 0.840752 0.901601 1.20013 1.20379 1.20404 1.20867 0.00274441 
2031  0 0.840752 0.901601 1.16939 1.17419 1.17444 1.18128 0.00366706 
2032  0 0.840752 0.901601 1.1386 1.14679 1.14797 1.16137 0.00728862 

Spawning_Biomass Model_1_goa_re_2019.dat
Year SSB100 SSBabc SSBofl LowCI_SSB Median_SSB Mean_SSB UpperCI_SSB Stdev_SSB 
2019 20.6581 8.26323 7.23033 12.4748 12.4748 12.4748 12.4748 7.28306e-14 
2020 20.6581 8.26323 7.23033 12.3233 12.3233 12.3233 12.3233 9.79275e-14 
2021 20.6581 8.26323 7.23033 12.0812 12.0812 12.0812 12.0812 6.96638e-13 
2022 20.6581 8.26323 7.23033 11.8259 11.8259 11.8259 11.8259 1.3092e-12 
2023 20.6581 8.26323 7.23033 11.5503 11.5503 11.5503 11.5503 1.25038e-12 
2024 20.6581 8.26323 7.23033 11.2943 11.2944 11.2944 11.2946 0.000107049 
2025 20.6581 8.26323 7.23033 11.0807 11.0811 11.0811 11.0816 0.000274467 
2026 20.6581 8.26323 7.23033 10.8838 10.8846 10.8847 10.8859 0.000651152 
2027 20.6581 8.26323 7.23033 10.6831 10.6852 10.6855 10.6889 0.00181291 
2028 20.6581 8.26323 7.23033 10.4761 10.4814 10.4821 10.4907 0.00465133 
2029 20.6581 8.26323 7.23033 10.2596 10.2714 10.2728 10.2909 0.0101213 
2030 20.6581 8.26323 7.23033 10.0383 10.0617 10.0646 10.1012 0.0202761 
2031 20.6581 8.26323 7.23033 9.81568 9.85826 9.86317 9.92904 0.0367352 
2032 20.6581 8.26323 7.23033 9.57353 9.64492 9.65441 9.76391 0.0608587 

Fishing_mortalityModel_1_goa_re_2019.dat
Year F0 Fabc Fofl LowCI_F Median_F Mean_F UpperCI_F Stdev_F 
2019  0 0.0399647 0.048207 0.0262862 0.0262862 0.0262862 0.0262862 2.22045e-16 
2020  0 0.0399647 0.048207 0.0399646 0.0399646 0.0399646 0.0399646 1.9215e-14 
2021  0 0.0399647 0.048207 0.0399646 0.0399646 0.0399646 0.0399646 9.62991e-14 
2022  0 0.0399647 0.048207 0.048207 0.048207 0.048207 0.048207 1.94289e-16 
2023  0 0.0399647 0.048207 0.048207 0.048207 0.048207 0.048207 1.94289e-16 
2024  0 0.0399647 0.048207 0.048207 0.048207 0.048207 0.048207 1.94289e-16 
2025  0 0.0399647 0.048207 0.048207 0.048207 0.048207 0.048207 1.94289e-16 
2026  0 0.0399647 0.048207 0.048207 0.048207 0.048207 0.048207 1.94289e-16 
2027  0 0.0399647 0.048207 0.048207 0.048207 0.048207 0.048207 1.94289e-16 
2028  0 0.0399647 0.048207 0.048207 0.048207 0.048207 0.048207 1.94289e-16 
2029  0 0.0399647 0.048207 0.048207 0.048207 0.048207 0.048207 1.94289e-16 
2030  0 0.0399647 0.048207 0.048207 0.048207 0.048207 0.048207 1.94289e-16 
2031  0 0.0399647 0.048207 0.048207 0.048207 0.048207 0.048207 1.94289e-16 
2032  0 0.0399647 0.048207 0.048207 0.048207 0.048207 0.048207 1.94289e-16 

Total_BiomassModel_1_goa_re_2019.dat
Year B100 Babc Bofl LowCI_Biom Median_Biom Mean_Biom UpperCI_Biom Stdev_Biom 
2019 114.599 29.6732 27.3118 40.2895 40.2895 40.2895 40.2895 1.49214e-13 
2020 114.599 29.6732 27.3118 40.0694 40.1131 40.1223 40.2059 0.0431556 
2021 114.599 29.6732 27.3118 39.4313 39.5333 39.546 39.6943 0.08588 
2022 114.599 29.6732 27.3118 38.7924 38.969 38.9869 39.2518 0.141398 
2023 114.599 29.6732 27.3118 37.9236 38.1805 38.2072 38.5769 0.211081 
2024 114.599 29.6732 27.3118 37.0766 37.4459 37.4784 37.9732 0.291394 
2025 114.599 29.6732 27.3118 36.2611 36.7423 36.7826 37.4177 0.380525 
2026 114.599 29.6732 27.3118 35.4384 36.0545 36.1034 36.9375 0.474376 
2027 114.599 29.6732 27.3118 34.5681 35.3703 35.41 36.4114 0.573133 
2028 114.599 29.6732 27.3118 33.7544 34.7316 34.7722 35.9456 0.671678 
2029 114.599 29.6732 27.3118 33.0285 34.1609 34.1866 35.5312 0.773572 
2030 114.599 29.6732 27.3118 32.3507 33.6215 33.6471 35.1287 0.874992 
2031 114.599 29.6732 27.3118 31.6958 33.1121 33.1491 34.7596 0.977517 
2032 114.599 29.6732 27.3118 31.0878 32.6359 32.6932 34.4095 1.07889 
