Model_1_goa_re_2019.dat 1 2019 Cabc 0.840752
Model_1_goa_re_2019.dat 1 2019 Cofl 0.901601
Model_1_goa_re_2019.dat 1 2019 CLCI 0.803113
Model_1_goa_re_2019.dat 1 2019 CUCI 0.803113
Model_1_goa_re_2019.dat 1 2019 CMedian 0.803113
Model_1_goa_re_2019.dat 1 2019 CMean 0.803113
Model_1_goa_re_2019.dat 1 2020 Cabc 0.840752
Model_1_goa_re_2019.dat 1 2020 Cofl 0.901601
Model_1_goa_re_2019.dat 1 2020 CLCI 0.596948
Model_1_goa_re_2019.dat 1 2020 CUCI 0.596948
Model_1_goa_re_2019.dat 1 2020 CMedian 0.596948
Model_1_goa_re_2019.dat 1 2020 CMean 0.596948
Model_1_goa_re_2019.dat 1 2021 Cabc 0.840752
Model_1_goa_re_2019.dat 1 2021 Cofl 0.901601
Model_1_goa_re_2019.dat 1 2021 CLCI 0.586048
Model_1_goa_re_2019.dat 1 2021 CUCI 0.586048
Model_1_goa_re_2019.dat 1 2021 CMedian 0.586048
Model_1_goa_re_2019.dat 1 2021 CMean 0.586048
Model_1_goa_re_2019.dat 1 2022 Cabc 0.840752
Model_1_goa_re_2019.dat 1 2022 Cofl 0.901601
Model_1_goa_re_2019.dat 1 2022 CLCI 1.21047
Model_1_goa_re_2019.dat 1 2022 CUCI 1.21051
Model_1_goa_re_2019.dat 1 2022 CMedian 1.21049
Model_1_goa_re_2019.dat 1 2022 CMean 1.21049
Model_1_goa_re_2019.dat 1 2023 Cabc 0.840752
Model_1_goa_re_2019.dat 1 2023 Cofl 0.901601
Model_1_goa_re_2019.dat 1 2023 CLCI 1.17986
Model_1_goa_re_2019.dat 1 2023 CUCI 1.17999
Model_1_goa_re_2019.dat 1 2023 CMedian 1.17991
Model_1_goa_re_2019.dat 1 2023 CMean 1.17991
Model_1_goa_re_2019.dat 1 2024 Cabc 0.840752
Model_1_goa_re_2019.dat 1 2024 Cofl 0.901601
Model_1_goa_re_2019.dat 1 2024 CLCI 1.16344
Model_1_goa_re_2019.dat 1 2024 CUCI 1.16385
Model_1_goa_re_2019.dat 1 2024 CMedian 1.16359
Model_1_goa_re_2019.dat 1 2024 CMean 1.16361
Model_1_goa_re_2019.dat 1 2025 Cabc 0.840752
Model_1_goa_re_2019.dat 1 2025 Cofl 0.901601
Model_1_goa_re_2019.dat 1 2025 CLCI 1.16423
Model_1_goa_re_2019.dat 1 2025 CUCI 1.16529
Model_1_goa_re_2019.dat 1 2025 CMedian 1.16462
Model_1_goa_re_2019.dat 1 2025 CMean 1.16467
Model_1_goa_re_2019.dat 1 2026 Cabc 0.840752
Model_1_goa_re_2019.dat 1 2026 Cofl 0.901601
Model_1_goa_re_2019.dat 1 2026 CLCI 1.18822
Model_1_goa_re_2019.dat 1 2026 CUCI 1.19042
Model_1_goa_re_2019.dat 1 2026 CMedian 1.18905
Model_1_goa_re_2019.dat 1 2026 CMean 1.18915
Model_1_goa_re_2019.dat 1 2027 Cabc 0.840752
Model_1_goa_re_2019.dat 1 2027 Cofl 0.901601
Model_1_goa_re_2019.dat 1 2027 CLCI 1.15563
Model_1_goa_re_2019.dat 1 2027 CUCI 1.15931
Model_1_goa_re_2019.dat 1 2027 CMedian 1.157
Model_1_goa_re_2019.dat 1 2027 CMean 1.15717
Model_1_goa_re_2019.dat 1 2028 Cabc 0.840752
Model_1_goa_re_2019.dat 1 2028 Cofl 0.901601
Model_1_goa_re_2019.dat 1 2028 CLCI 1.12454
Model_1_goa_re_2019.dat 1 2028 CUCI 1.12954
Model_1_goa_re_2019.dat 1 2028 CMedian 1.1266
Model_1_goa_re_2019.dat 1 2028 CMean 1.12677
Model_1_goa_re_2019.dat 1 2029 Cabc 0.840752
Model_1_goa_re_2019.dat 1 2029 Cofl 0.901601
Model_1_goa_re_2019.dat 1 2029 CLCI 1.10173
Model_1_goa_re_2019.dat 1 2029 CUCI 1.10756
Model_1_goa_re_2019.dat 1 2029 CMedian 1.10421
Model_1_goa_re_2019.dat 1 2029 CMean 1.1044
Model_1_goa_re_2019.dat 1 2030 Cabc 0.840752
Model_1_goa_re_2019.dat 1 2030 Cofl 0.901601
Model_1_goa_re_2019.dat 1 2030 CLCI 1.081
Model_1_goa_re_2019.dat 1 2030 CUCI 1.0881
Model_1_goa_re_2019.dat 1 2030 CMedian 1.08404
Model_1_goa_re_2019.dat 1 2030 CMean 1.08425
Model_1_goa_re_2019.dat 1 2031 Cabc 0.840752
Model_1_goa_re_2019.dat 1 2031 Cofl 0.901601
Model_1_goa_re_2019.dat 1 2031 CLCI 1.058
Model_1_goa_re_2019.dat 1 2031 CUCI 1.06789
Model_1_goa_re_2019.dat 1 2031 CMedian 1.06199
Model_1_goa_re_2019.dat 1 2031 CMean 1.0622
Model_1_goa_re_2019.dat 1 2032 Cabc 0.840752
Model_1_goa_re_2019.dat 1 2032 Cofl 0.901601
Model_1_goa_re_2019.dat 1 2032 CLCI 1.03457
Model_1_goa_re_2019.dat 1 2032 CUCI 1.05352
Model_1_goa_re_2019.dat 1 2032 CMedian 1.04138
Model_1_goa_re_2019.dat 1 2032 CMean 1.04236
Model_1_goa_re_2019.dat 1 2019 SSBF100 20.6581
Model_1_goa_re_2019.dat 1 2019 SSBFabc 8.26323
Model_1_goa_re_2019.dat 1 2019 SSBFofl 7.23033
Model_1_goa_re_2019.dat 1 2019 SSBLCI 12.4748
Model_1_goa_re_2019.dat 1 2019 SSBUCI 12.4748
Model_1_goa_re_2019.dat 1 2019 SSBMedian 12.4748
Model_1_goa_re_2019.dat 1 2019 SSBMean 12.4748
Model_1_goa_re_2019.dat 1 2020 SSBF100 20.6581
Model_1_goa_re_2019.dat 1 2020 SSBFabc 8.26323
Model_1_goa_re_2019.dat 1 2020 SSBFofl 7.23033
Model_1_goa_re_2019.dat 1 2020 SSBLCI 12.4257
Model_1_goa_re_2019.dat 1 2020 SSBUCI 12.4257
Model_1_goa_re_2019.dat 1 2020 SSBMedian 12.4257
Model_1_goa_re_2019.dat 1 2020 SSBMean 12.4257
Model_1_goa_re_2019.dat 1 2021 SSBF100 20.6581
Model_1_goa_re_2019.dat 1 2021 SSBFabc 8.26323
Model_1_goa_re_2019.dat 1 2021 SSBFofl 7.23033
Model_1_goa_re_2019.dat 1 2021 SSBLCI 12.4246
Model_1_goa_re_2019.dat 1 2021 SSBUCI 12.4246
Model_1_goa_re_2019.dat 1 2021 SSBMedian 12.4246
Model_1_goa_re_2019.dat 1 2021 SSBMean 12.4246
Model_1_goa_re_2019.dat 1 2022 SSBF100 20.6581
Model_1_goa_re_2019.dat 1 2022 SSBFabc 8.26323
Model_1_goa_re_2019.dat 1 2022 SSBFofl 7.23033
Model_1_goa_re_2019.dat 1 2022 SSBLCI 12.3394
Model_1_goa_re_2019.dat 1 2022 SSBUCI 12.3394
Model_1_goa_re_2019.dat 1 2022 SSBMedian 12.3394
Model_1_goa_re_2019.dat 1 2022 SSBMean 12.3394
Model_1_goa_re_2019.dat 1 2023 SSBF100 20.6581
Model_1_goa_re_2019.dat 1 2023 SSBFabc 8.26323
Model_1_goa_re_2019.dat 1 2023 SSBFofl 7.23033
Model_1_goa_re_2019.dat 1 2023 SSBLCI 12.1368
Model_1_goa_re_2019.dat 1 2023 SSBUCI 12.1368
Model_1_goa_re_2019.dat 1 2023 SSBMedian 12.1368
Model_1_goa_re_2019.dat 1 2023 SSBMean 12.1368
Model_1_goa_re_2019.dat 1 2024 SSBF100 20.6581
Model_1_goa_re_2019.dat 1 2024 SSBFabc 8.26323
Model_1_goa_re_2019.dat 1 2024 SSBFofl 7.23033
Model_1_goa_re_2019.dat 1 2024 SSBLCI 11.9461
Model_1_goa_re_2019.dat 1 2024 SSBUCI 11.9465
Model_1_goa_re_2019.dat 1 2024 SSBMedian 11.9462
Model_1_goa_re_2019.dat 1 2024 SSBMean 11.9463
Model_1_goa_re_2019.dat 1 2025 SSBF100 20.6581
Model_1_goa_re_2019.dat 1 2025 SSBFabc 8.26323
Model_1_goa_re_2019.dat 1 2025 SSBFofl 7.23033
Model_1_goa_re_2019.dat 1 2025 SSBLCI 11.7926
Model_1_goa_re_2019.dat 1 2025 SSBUCI 11.7935
Model_1_goa_re_2019.dat 1 2025 SSBMedian 11.7929
Model_1_goa_re_2019.dat 1 2025 SSBMean 11.793
Model_1_goa_re_2019.dat 1 2026 SSBF100 20.6581
Model_1_goa_re_2019.dat 1 2026 SSBFabc 8.26323
Model_1_goa_re_2019.dat 1 2026 SSBFofl 7.23033
Model_1_goa_re_2019.dat 1 2026 SSBLCI 11.6511
Model_1_goa_re_2019.dat 1 2026 SSBUCI 11.6531
Model_1_goa_re_2019.dat 1 2026 SSBMedian 11.6519
Model_1_goa_re_2019.dat 1 2026 SSBMean 11.652
Model_1_goa_re_2019.dat 1 2027 SSBF100 20.6581
Model_1_goa_re_2019.dat 1 2027 SSBFabc 8.26323
Model_1_goa_re_2019.dat 1 2027 SSBFofl 7.23033
Model_1_goa_re_2019.dat 1 2027 SSBLCI 11.5014
Model_1_goa_re_2019.dat 1 2027 SSBUCI 11.5071
Model_1_goa_re_2019.dat 1 2027 SSBMedian 11.5035
Model_1_goa_re_2019.dat 1 2027 SSBMean 11.5037
Model_1_goa_re_2019.dat 1 2028 SSBF100 20.6581
Model_1_goa_re_2019.dat 1 2028 SSBFabc 8.26323
Model_1_goa_re_2019.dat 1 2028 SSBFofl 7.23033
Model_1_goa_re_2019.dat 1 2028 SSBLCI 11.3402
Model_1_goa_re_2019.dat 1 2028 SSBUCI 11.3548
Model_1_goa_re_2019.dat 1 2028 SSBMedian 11.3455
Model_1_goa_re_2019.dat 1 2028 SSBMean 11.3462
Model_1_goa_re_2019.dat 1 2029 SSBF100 20.6581
Model_1_goa_re_2019.dat 1 2029 SSBFabc 8.26323
Model_1_goa_re_2019.dat 1 2029 SSBFofl 7.23033
Model_1_goa_re_2019.dat 1 2029 SSBLCI 11.1644
Model_1_goa_re_2019.dat 1 2029 SSBUCI 11.1958
Model_1_goa_re_2019.dat 1 2029 SSBMedian 11.1762
Model_1_goa_re_2019.dat 1 2029 SSBMean 11.1777
Model_1_goa_re_2019.dat 1 2030 SSBF100 20.6581
Model_1_goa_re_2019.dat 1 2030 SSBFabc 8.26323
Model_1_goa_re_2019.dat 1 2030 SSBFofl 7.23033
Model_1_goa_re_2019.dat 1 2030 SSBLCI 10.9791
Model_1_goa_re_2019.dat 1 2030 SSBUCI 11.0422
Model_1_goa_re_2019.dat 1 2030 SSBMedian 11.0026
Model_1_goa_re_2019.dat 1 2030 SSBMean 11.0055
Model_1_goa_re_2019.dat 1 2031 SSBF100 20.6581
Model_1_goa_re_2019.dat 1 2031 SSBFabc 8.26323
Model_1_goa_re_2019.dat 1 2031 SSBFofl 7.23033
Model_1_goa_re_2019.dat 1 2031 SSBLCI 10.7881
Model_1_goa_re_2019.dat 1 2031 SSBUCI 10.9018
Model_1_goa_re_2019.dat 1 2031 SSBMedian 10.8308
Model_1_goa_re_2019.dat 1 2031 SSBMean 10.8357
Model_1_goa_re_2019.dat 1 2032 SSBF100 20.6581
Model_1_goa_re_2019.dat 1 2032 SSBFabc 8.26323
Model_1_goa_re_2019.dat 1 2032 SSBFofl 7.23033
Model_1_goa_re_2019.dat 1 2032 SSBLCI 10.5718
Model_1_goa_re_2019.dat 1 2032 SSBUCI 10.7629
Model_1_goa_re_2019.dat 1 2032 SSBMedian 10.6436
Model_1_goa_re_2019.dat 1 2032 SSBMean 10.653
Model_1_goa_re_2019.dat 1 2019 F0 0 
Model_1_goa_re_2019.dat 1 2019 Fabc 0.0399647
Model_1_goa_re_2019.dat 1 2019 Fofl 0.048207
Model_1_goa_re_2019.dat 1 2019  F_LCI 0.0262862
Model_1_goa_re_2019.dat 1 2019  F_UCI 0.0262862
Model_1_goa_re_2019.dat 1 2019  F_Median 0.0262862
Model_1_goa_re_2019.dat 1 2019  F_Mean 0.0262862
Model_1_goa_re_2019.dat 1 2020 F0 0 
Model_1_goa_re_2019.dat 1 2020 Fabc 0.0399647
Model_1_goa_re_2019.dat 1 2020 Fofl 0.048207
Model_1_goa_re_2019.dat 1 2020  F_LCI 0.0196787
Model_1_goa_re_2019.dat 1 2020  F_UCI 0.0196788
Model_1_goa_re_2019.dat 1 2020  F_Median 0.0196788
Model_1_goa_re_2019.dat 1 2020  F_Mean 0.0196788
Model_1_goa_re_2019.dat 1 2021 F0 0 
Model_1_goa_re_2019.dat 1 2021 Fabc 0.0399647
Model_1_goa_re_2019.dat 1 2021 Fofl 0.048207
Model_1_goa_re_2019.dat 1 2021  F_LCI 0.019302
Model_1_goa_re_2019.dat 1 2021  F_UCI 0.0193021
Model_1_goa_re_2019.dat 1 2021  F_Median 0.0193021
Model_1_goa_re_2019.dat 1 2021  F_Mean 0.0193021
Model_1_goa_re_2019.dat 1 2022 F0 0 
Model_1_goa_re_2019.dat 1 2022 Fabc 0.0399647
Model_1_goa_re_2019.dat 1 2022 Fofl 0.048207
Model_1_goa_re_2019.dat 1 2022  F_LCI 0.0399647
Model_1_goa_re_2019.dat 1 2022  F_UCI 0.0399647
Model_1_goa_re_2019.dat 1 2022  F_Median 0.0399647
Model_1_goa_re_2019.dat 1 2022  F_Mean 0.0399647
Model_1_goa_re_2019.dat 1 2023 F0 0 
Model_1_goa_re_2019.dat 1 2023 Fabc 0.0399647
Model_1_goa_re_2019.dat 1 2023 Fofl 0.048207
Model_1_goa_re_2019.dat 1 2023  F_LCI 0.0399647
Model_1_goa_re_2019.dat 1 2023  F_UCI 0.0399647
Model_1_goa_re_2019.dat 1 2023  F_Median 0.0399647
Model_1_goa_re_2019.dat 1 2023  F_Mean 0.0399647
Model_1_goa_re_2019.dat 1 2024 F0 0 
Model_1_goa_re_2019.dat 1 2024 Fabc 0.0399647
Model_1_goa_re_2019.dat 1 2024 Fofl 0.048207
Model_1_goa_re_2019.dat 1 2024  F_LCI 0.0399647
Model_1_goa_re_2019.dat 1 2024  F_UCI 0.0399647
Model_1_goa_re_2019.dat 1 2024  F_Median 0.0399647
Model_1_goa_re_2019.dat 1 2024  F_Mean 0.0399647
Model_1_goa_re_2019.dat 1 2025 F0 0 
Model_1_goa_re_2019.dat 1 2025 Fabc 0.0399647
Model_1_goa_re_2019.dat 1 2025 Fofl 0.048207
Model_1_goa_re_2019.dat 1 2025  F_LCI 0.0399647
Model_1_goa_re_2019.dat 1 2025  F_UCI 0.0399647
Model_1_goa_re_2019.dat 1 2025  F_Median 0.0399647
Model_1_goa_re_2019.dat 1 2025  F_Mean 0.0399647
Model_1_goa_re_2019.dat 1 2026 F0 0 
Model_1_goa_re_2019.dat 1 2026 Fabc 0.0399647
Model_1_goa_re_2019.dat 1 2026 Fofl 0.048207
Model_1_goa_re_2019.dat 1 2026  F_LCI 0.0399647
Model_1_goa_re_2019.dat 1 2026  F_UCI 0.0399647
Model_1_goa_re_2019.dat 1 2026  F_Median 0.0399647
Model_1_goa_re_2019.dat 1 2026  F_Mean 0.0399647
Model_1_goa_re_2019.dat 1 2027 F0 0 
Model_1_goa_re_2019.dat 1 2027 Fabc 0.0399647
Model_1_goa_re_2019.dat 1 2027 Fofl 0.048207
Model_1_goa_re_2019.dat 1 2027  F_LCI 0.0399647
Model_1_goa_re_2019.dat 1 2027  F_UCI 0.0399647
Model_1_goa_re_2019.dat 1 2027  F_Median 0.0399647
Model_1_goa_re_2019.dat 1 2027  F_Mean 0.0399647
Model_1_goa_re_2019.dat 1 2028 F0 0 
Model_1_goa_re_2019.dat 1 2028 Fabc 0.0399647
Model_1_goa_re_2019.dat 1 2028 Fofl 0.048207
Model_1_goa_re_2019.dat 1 2028  F_LCI 0.0399647
Model_1_goa_re_2019.dat 1 2028  F_UCI 0.0399647
Model_1_goa_re_2019.dat 1 2028  F_Median 0.0399647
Model_1_goa_re_2019.dat 1 2028  F_Mean 0.0399647
Model_1_goa_re_2019.dat 1 2029 F0 0 
Model_1_goa_re_2019.dat 1 2029 Fabc 0.0399647
Model_1_goa_re_2019.dat 1 2029 Fofl 0.048207
Model_1_goa_re_2019.dat 1 2029  F_LCI 0.0399647
Model_1_goa_re_2019.dat 1 2029  F_UCI 0.0399647
Model_1_goa_re_2019.dat 1 2029  F_Median 0.0399647
Model_1_goa_re_2019.dat 1 2029  F_Mean 0.0399647
Model_1_goa_re_2019.dat 1 2030 F0 0 
Model_1_goa_re_2019.dat 1 2030 Fabc 0.0399647
Model_1_goa_re_2019.dat 1 2030 Fofl 0.048207
Model_1_goa_re_2019.dat 1 2030  F_LCI 0.0399647
Model_1_goa_re_2019.dat 1 2030  F_UCI 0.0399647
Model_1_goa_re_2019.dat 1 2030  F_Median 0.0399647
Model_1_goa_re_2019.dat 1 2030  F_Mean 0.0399647
Model_1_goa_re_2019.dat 1 2031 F0 0 
Model_1_goa_re_2019.dat 1 2031 Fabc 0.0399647
Model_1_goa_re_2019.dat 1 2031 Fofl 0.048207
Model_1_goa_re_2019.dat 1 2031  F_LCI 0.0399647
Model_1_goa_re_2019.dat 1 2031  F_UCI 0.0399647
Model_1_goa_re_2019.dat 1 2031  F_Median 0.0399647
Model_1_goa_re_2019.dat 1 2031  F_Mean 0.0399647
Model_1_goa_re_2019.dat 1 2032 F0 0 
Model_1_goa_re_2019.dat 1 2032 Fabc 0.0399647
Model_1_goa_re_2019.dat 1 2032 Fofl 0.048207
Model_1_goa_re_2019.dat 1 2032  F_LCI 0.0399647
Model_1_goa_re_2019.dat 1 2032  F_UCI 0.0399647
Model_1_goa_re_2019.dat 1 2032  F_Median 0.0399647
Model_1_goa_re_2019.dat 1 2032  F_Mean 0.0399647
Model_1_goa_re_2019.dat 2 2019 Cabc 0.840752
Model_1_goa_re_2019.dat 2 2019 Cofl 0.901601
Model_1_goa_re_2019.dat 2 2019 CLCI 0.803113
Model_1_goa_re_2019.dat 2 2019 CUCI 0.803113
Model_1_goa_re_2019.dat 2 2019 CMedian 0.803113
Model_1_goa_re_2019.dat 2 2019 CMean 0.803113
Model_1_goa_re_2019.dat 2 2020 Cabc 0.840752
Model_1_goa_re_2019.dat 2 2020 Cofl 0.901601
Model_1_goa_re_2019.dat 2 2020 CLCI 0.596948
Model_1_goa_re_2019.dat 2 2020 CUCI 0.596948
Model_1_goa_re_2019.dat 2 2020 CMedian 0.596948
Model_1_goa_re_2019.dat 2 2020 CMean 0.596948
Model_1_goa_re_2019.dat 2 2021 Cabc 0.840752
Model_1_goa_re_2019.dat 2 2021 Cofl 0.901601
Model_1_goa_re_2019.dat 2 2021 CLCI 0.586048
Model_1_goa_re_2019.dat 2 2021 CUCI 0.586048
Model_1_goa_re_2019.dat 2 2021 CMedian 0.586048
Model_1_goa_re_2019.dat 2 2021 CMean 0.586048
Model_1_goa_re_2019.dat 2 2022 Cabc 0.840752
Model_1_goa_re_2019.dat 2 2022 Cofl 0.901601
Model_1_goa_re_2019.dat 2 2022 CLCI 0.607723
Model_1_goa_re_2019.dat 2 2022 CUCI 0.607741
Model_1_goa_re_2019.dat 2 2022 CMedian 0.60773
Model_1_goa_re_2019.dat 2 2022 CMean 0.607731
Model_1_goa_re_2019.dat 2 2023 Cabc 0.840752
Model_1_goa_re_2019.dat 2 2023 Cofl 0.901601
Model_1_goa_re_2019.dat 2 2023 CLCI 0.603785
Model_1_goa_re_2019.dat 2 2023 CUCI 0.603849
Model_1_goa_re_2019.dat 2 2023 CMedian 0.603809
Model_1_goa_re_2019.dat 2 2023 CMean 0.603812
Model_1_goa_re_2019.dat 2 2024 Cabc 0.840752
Model_1_goa_re_2019.dat 2 2024 Cofl 0.901601
Model_1_goa_re_2019.dat 2 2024 CLCI 0.606265
Model_1_goa_re_2019.dat 2 2024 CUCI 0.606469
Model_1_goa_re_2019.dat 2 2024 CMedian 0.60634
Model_1_goa_re_2019.dat 2 2024 CMean 0.606349
Model_1_goa_re_2019.dat 2 2025 Cabc 0.840752
Model_1_goa_re_2019.dat 2 2025 Cofl 0.901601
Model_1_goa_re_2019.dat 2 2025 CLCI 0.616866
Model_1_goa_re_2019.dat 2 2025 CUCI 0.617393
Model_1_goa_re_2019.dat 2 2025 CMedian 0.617059
Model_1_goa_re_2019.dat 2 2025 CMean 0.617083
Model_1_goa_re_2019.dat 2 2026 Cabc 0.840752
Model_1_goa_re_2019.dat 2 2026 Cofl 0.901601
Model_1_goa_re_2019.dat 2 2026 CLCI 0.638968
Model_1_goa_re_2019.dat 2 2026 CUCI 0.640061
Model_1_goa_re_2019.dat 2 2026 CMedian 0.639379
Model_1_goa_re_2019.dat 2 2026 CMean 0.639431
Model_1_goa_re_2019.dat 2 2027 Cabc 0.840752
Model_1_goa_re_2019.dat 2 2027 Cofl 0.901601
Model_1_goa_re_2019.dat 2 2027 CLCI 0.632272
Model_1_goa_re_2019.dat 2 2027 CUCI 0.634109
Model_1_goa_re_2019.dat 2 2027 CMedian 0.632958
Model_1_goa_re_2019.dat 2 2027 CMean 0.633041
Model_1_goa_re_2019.dat 2 2028 Cabc 0.840752
Model_1_goa_re_2019.dat 2 2028 Cofl 0.901601
Model_1_goa_re_2019.dat 2 2028 CLCI 0.625616
Model_1_goa_re_2019.dat 2 2028 CUCI 0.628112
Model_1_goa_re_2019.dat 2 2028 CMedian 0.626643
Model_1_goa_re_2019.dat 2 2028 CMean 0.626727
Model_1_goa_re_2019.dat 2 2029 Cabc 0.840752
Model_1_goa_re_2019.dat 2 2029 Cofl 0.901601
Model_1_goa_re_2019.dat 2 2029 CLCI 0.622466
Model_1_goa_re_2019.dat 2 2029 CUCI 0.625375
Model_1_goa_re_2019.dat 2 2029 CMedian 0.623703
Model_1_goa_re_2019.dat 2 2029 CMean 0.623797
Model_1_goa_re_2019.dat 2 2030 Cabc 0.840752
Model_1_goa_re_2019.dat 2 2030 Cofl 0.901601
Model_1_goa_re_2019.dat 2 2030 CLCI 0.619779
Model_1_goa_re_2019.dat 2 2030 CUCI 0.623326
Model_1_goa_re_2019.dat 2 2030 CMedian 0.621296
Model_1_goa_re_2019.dat 2 2030 CMean 0.6214
Model_1_goa_re_2019.dat 2 2031 Cabc 0.840752
Model_1_goa_re_2019.dat 2 2031 Cofl 0.901601
Model_1_goa_re_2019.dat 2 2031 CLCI 0.615361
Model_1_goa_re_2019.dat 2 2031 CUCI 0.620315
Model_1_goa_re_2019.dat 2 2031 CMedian 0.617356
Model_1_goa_re_2019.dat 2 2031 CMean 0.617466
Model_1_goa_re_2019.dat 2 2032 Cabc 0.840752
Model_1_goa_re_2019.dat 2 2032 Cofl 0.901601
Model_1_goa_re_2019.dat 2 2032 CLCI 0.610157
Model_1_goa_re_2019.dat 2 2032 CUCI 0.619686
Model_1_goa_re_2019.dat 2 2032 CMedian 0.613601
Model_1_goa_re_2019.dat 2 2032 CMean 0.614078
Model_1_goa_re_2019.dat 2 2019 SSBF100 20.6581
Model_1_goa_re_2019.dat 2 2019 SSBFabc 8.26323
Model_1_goa_re_2019.dat 2 2019 SSBFofl 7.23033
Model_1_goa_re_2019.dat 2 2019 SSBLCI 12.4748
Model_1_goa_re_2019.dat 2 2019 SSBUCI 12.4748
Model_1_goa_re_2019.dat 2 2019 SSBMedian 12.4748
Model_1_goa_re_2019.dat 2 2019 SSBMean 12.4748
Model_1_goa_re_2019.dat 2 2020 SSBF100 20.6581
Model_1_goa_re_2019.dat 2 2020 SSBFabc 8.26323
Model_1_goa_re_2019.dat 2 2020 SSBFofl 7.23033
Model_1_goa_re_2019.dat 2 2020 SSBLCI 12.4257
Model_1_goa_re_2019.dat 2 2020 SSBUCI 12.4257
Model_1_goa_re_2019.dat 2 2020 SSBMedian 12.4257
Model_1_goa_re_2019.dat 2 2020 SSBMean 12.4257
Model_1_goa_re_2019.dat 2 2021 SSBF100 20.6581
Model_1_goa_re_2019.dat 2 2021 SSBFabc 8.26323
Model_1_goa_re_2019.dat 2 2021 SSBFofl 7.23033
Model_1_goa_re_2019.dat 2 2021 SSBLCI 12.4246
Model_1_goa_re_2019.dat 2 2021 SSBUCI 12.4246
Model_1_goa_re_2019.dat 2 2021 SSBMedian 12.4246
Model_1_goa_re_2019.dat 2 2021 SSBMean 12.4246
Model_1_goa_re_2019.dat 2 2022 SSBF100 20.6581
Model_1_goa_re_2019.dat 2 2022 SSBFabc 8.26323
Model_1_goa_re_2019.dat 2 2022 SSBFofl 7.23033
Model_1_goa_re_2019.dat 2 2022 SSBLCI 12.4411
Model_1_goa_re_2019.dat 2 2022 SSBUCI 12.4411
Model_1_goa_re_2019.dat 2 2022 SSBMedian 12.4411
Model_1_goa_re_2019.dat 2 2022 SSBMean 12.4411
Model_1_goa_re_2019.dat 2 2023 SSBF100 20.6581
Model_1_goa_re_2019.dat 2 2023 SSBFabc 8.26323
Model_1_goa_re_2019.dat 2 2023 SSBFofl 7.23033
Model_1_goa_re_2019.dat 2 2023 SSBLCI 12.4761
Model_1_goa_re_2019.dat 2 2023 SSBUCI 12.4761
Model_1_goa_re_2019.dat 2 2023 SSBMedian 12.4761
Model_1_goa_re_2019.dat 2 2023 SSBMean 12.4761
Model_1_goa_re_2019.dat 2 2024 SSBF100 20.6581
Model_1_goa_re_2019.dat 2 2024 SSBFabc 8.26323
Model_1_goa_re_2019.dat 2 2024 SSBFofl 7.23033
Model_1_goa_re_2019.dat 2 2024 SSBLCI 12.5138
Model_1_goa_re_2019.dat 2 2024 SSBUCI 12.5142
Model_1_goa_re_2019.dat 2 2024 SSBMedian 12.5139
Model_1_goa_re_2019.dat 2 2024 SSBMean 12.514
Model_1_goa_re_2019.dat 2 2025 SSBF100 20.6581
Model_1_goa_re_2019.dat 2 2025 SSBFabc 8.26323
Model_1_goa_re_2019.dat 2 2025 SSBFofl 7.23033
Model_1_goa_re_2019.dat 2 2025 SSBLCI 12.5809
Model_1_goa_re_2019.dat 2 2025 SSBUCI 12.5818
Model_1_goa_re_2019.dat 2 2025 SSBMedian 12.5813
Model_1_goa_re_2019.dat 2 2025 SSBMean 12.5813
Model_1_goa_re_2019.dat 2 2026 SSBF100 20.6581
Model_1_goa_re_2019.dat 2 2026 SSBFabc 8.26323
Model_1_goa_re_2019.dat 2 2026 SSBFofl 7.23033
Model_1_goa_re_2019.dat 2 2026 SSBLCI 12.654
Model_1_goa_re_2019.dat 2 2026 SSBUCI 12.656
Model_1_goa_re_2019.dat 2 2026 SSBMedian 12.6548
Model_1_goa_re_2019.dat 2 2026 SSBMean 12.6548
Model_1_goa_re_2019.dat 2 2027 SSBF100 20.6581
Model_1_goa_re_2019.dat 2 2027 SSBFabc 8.26323
Model_1_goa_re_2019.dat 2 2027 SSBFofl 7.23033
Model_1_goa_re_2019.dat 2 2027 SSBLCI 12.7127
Model_1_goa_re_2019.dat 2 2027 SSBUCI 12.7185
Model_1_goa_re_2019.dat 2 2027 SSBMedian 12.7148
Model_1_goa_re_2019.dat 2 2027 SSBMean 12.7151
Model_1_goa_re_2019.dat 2 2028 SSBF100 20.6581
Model_1_goa_re_2019.dat 2 2028 SSBFabc 8.26323
Model_1_goa_re_2019.dat 2 2028 SSBFofl 7.23033
Model_1_goa_re_2019.dat 2 2028 SSBLCI 12.7506
Model_1_goa_re_2019.dat 2 2028 SSBUCI 12.7653
Model_1_goa_re_2019.dat 2 2028 SSBMedian 12.7559
Model_1_goa_re_2019.dat 2 2028 SSBMean 12.7566
Model_1_goa_re_2019.dat 2 2029 SSBF100 20.6581
Model_1_goa_re_2019.dat 2 2029 SSBFabc 8.26323
Model_1_goa_re_2019.dat 2 2029 SSBFofl 7.23033
Model_1_goa_re_2019.dat 2 2029 SSBLCI 12.7634
Model_1_goa_re_2019.dat 2 2029 SSBUCI 12.7949
Model_1_goa_re_2019.dat 2 2029 SSBMedian 12.7752
Model_1_goa_re_2019.dat 2 2029 SSBMean 12.7767
Model_1_goa_re_2019.dat 2 2030 SSBF100 20.6581
Model_1_goa_re_2019.dat 2 2030 SSBFabc 8.26323
Model_1_goa_re_2019.dat 2 2030 SSBFofl 7.23033
Model_1_goa_re_2019.dat 2 2030 SSBLCI 12.7561
Model_1_goa_re_2019.dat 2 2030 SSBUCI 12.8197
Model_1_goa_re_2019.dat 2 2030 SSBMedian 12.7798
Model_1_goa_re_2019.dat 2 2030 SSBMean 12.7827
Model_1_goa_re_2019.dat 2 2031 SSBF100 20.6581
Model_1_goa_re_2019.dat 2 2031 SSBFabc 8.26323
Model_1_goa_re_2019.dat 2 2031 SSBFofl 7.23033
Model_1_goa_re_2019.dat 2 2031 SSBLCI 12.7329
Model_1_goa_re_2019.dat 2 2031 SSBUCI 12.8475
Model_1_goa_re_2019.dat 2 2031 SSBMedian 12.776
Model_1_goa_re_2019.dat 2 2031 SSBMean 12.781
Model_1_goa_re_2019.dat 2 2032 SSBF100 20.6581
Model_1_goa_re_2019.dat 2 2032 SSBFabc 8.26323
Model_1_goa_re_2019.dat 2 2032 SSBFofl 7.23033
Model_1_goa_re_2019.dat 2 2032 SSBLCI 12.6691
Model_1_goa_re_2019.dat 2 2032 SSBUCI 12.8622
Model_1_goa_re_2019.dat 2 2032 SSBMedian 12.7417
Model_1_goa_re_2019.dat 2 2032 SSBMean 12.7511
Model_1_goa_re_2019.dat 2 2019 F0 0 
Model_1_goa_re_2019.dat 2 2019 Fabc 0.0399647
Model_1_goa_re_2019.dat 2 2019 Fofl 0.048207
Model_1_goa_re_2019.dat 2 2019  F_LCI 0.0262862
Model_1_goa_re_2019.dat 2 2019  F_UCI 0.0262862
Model_1_goa_re_2019.dat 2 2019  F_Median 0.0262862
Model_1_goa_re_2019.dat 2 2019  F_Mean 0.0262862
Model_1_goa_re_2019.dat 2 2020 F0 0 
Model_1_goa_re_2019.dat 2 2020 Fabc 0.0399647
Model_1_goa_re_2019.dat 2 2020 Fofl 0.048207
Model_1_goa_re_2019.dat 2 2020  F_LCI 0.0196787
Model_1_goa_re_2019.dat 2 2020  F_UCI 0.0196788
Model_1_goa_re_2019.dat 2 2020  F_Median 0.0196788
Model_1_goa_re_2019.dat 2 2020  F_Mean 0.0196788
Model_1_goa_re_2019.dat 2 2021 F0 0 
Model_1_goa_re_2019.dat 2 2021 Fabc 0.0399647
Model_1_goa_re_2019.dat 2 2021 Fofl 0.048207
Model_1_goa_re_2019.dat 2 2021  F_LCI 0.019302
Model_1_goa_re_2019.dat 2 2021  F_UCI 0.0193021
Model_1_goa_re_2019.dat 2 2021  F_Median 0.0193021
Model_1_goa_re_2019.dat 2 2021  F_Mean 0.0193021
Model_1_goa_re_2019.dat 2 2022 F0 0 
Model_1_goa_re_2019.dat 2 2022 Fabc 0.0399647
Model_1_goa_re_2019.dat 2 2022 Fofl 0.048207
Model_1_goa_re_2019.dat 2 2022  F_LCI 0.0198704
Model_1_goa_re_2019.dat 2 2022  F_UCI 0.0198704
Model_1_goa_re_2019.dat 2 2022  F_Median 0.0198704
Model_1_goa_re_2019.dat 2 2022  F_Mean 0.0198704
Model_1_goa_re_2019.dat 2 2023 F0 0 
Model_1_goa_re_2019.dat 2 2023 Fabc 0.0399647
Model_1_goa_re_2019.dat 2 2023 Fofl 0.048207
Model_1_goa_re_2019.dat 2 2023  F_LCI 0.0198704
Model_1_goa_re_2019.dat 2 2023  F_UCI 0.0198704
Model_1_goa_re_2019.dat 2 2023  F_Median 0.0198704
Model_1_goa_re_2019.dat 2 2023  F_Mean 0.0198704
Model_1_goa_re_2019.dat 2 2024 F0 0 
Model_1_goa_re_2019.dat 2 2024 Fabc 0.0399647
Model_1_goa_re_2019.dat 2 2024 Fofl 0.048207
Model_1_goa_re_2019.dat 2 2024  F_LCI 0.0198704
Model_1_goa_re_2019.dat 2 2024  F_UCI 0.0198704
Model_1_goa_re_2019.dat 2 2024  F_Median 0.0198704
Model_1_goa_re_2019.dat 2 2024  F_Mean 0.0198704
Model_1_goa_re_2019.dat 2 2025 F0 0 
Model_1_goa_re_2019.dat 2 2025 Fabc 0.0399647
Model_1_goa_re_2019.dat 2 2025 Fofl 0.048207
Model_1_goa_re_2019.dat 2 2025  F_LCI 0.0198704
Model_1_goa_re_2019.dat 2 2025  F_UCI 0.0198704
Model_1_goa_re_2019.dat 2 2025  F_Median 0.0198704
Model_1_goa_re_2019.dat 2 2025  F_Mean 0.0198704
Model_1_goa_re_2019.dat 2 2026 F0 0 
Model_1_goa_re_2019.dat 2 2026 Fabc 0.0399647
Model_1_goa_re_2019.dat 2 2026 Fofl 0.048207
Model_1_goa_re_2019.dat 2 2026  F_LCI 0.0198704
Model_1_goa_re_2019.dat 2 2026  F_UCI 0.0198704
Model_1_goa_re_2019.dat 2 2026  F_Median 0.0198704
Model_1_goa_re_2019.dat 2 2026  F_Mean 0.0198704
Model_1_goa_re_2019.dat 2 2027 F0 0 
Model_1_goa_re_2019.dat 2 2027 Fabc 0.0399647
Model_1_goa_re_2019.dat 2 2027 Fofl 0.048207
Model_1_goa_re_2019.dat 2 2027  F_LCI 0.0198704
Model_1_goa_re_2019.dat 2 2027  F_UCI 0.0198704
Model_1_goa_re_2019.dat 2 2027  F_Median 0.0198704
Model_1_goa_re_2019.dat 2 2027  F_Mean 0.0198704
Model_1_goa_re_2019.dat 2 2028 F0 0 
Model_1_goa_re_2019.dat 2 2028 Fabc 0.0399647
Model_1_goa_re_2019.dat 2 2028 Fofl 0.048207
Model_1_goa_re_2019.dat 2 2028  F_LCI 0.0198704
Model_1_goa_re_2019.dat 2 2028  F_UCI 0.0198704
Model_1_goa_re_2019.dat 2 2028  F_Median 0.0198704
Model_1_goa_re_2019.dat 2 2028  F_Mean 0.0198704
Model_1_goa_re_2019.dat 2 2029 F0 0 
Model_1_goa_re_2019.dat 2 2029 Fabc 0.0399647
Model_1_goa_re_2019.dat 2 2029 Fofl 0.048207
Model_1_goa_re_2019.dat 2 2029  F_LCI 0.0198704
Model_1_goa_re_2019.dat 2 2029  F_UCI 0.0198704
Model_1_goa_re_2019.dat 2 2029  F_Median 0.0198704
Model_1_goa_re_2019.dat 2 2029  F_Mean 0.0198704
Model_1_goa_re_2019.dat 2 2030 F0 0 
Model_1_goa_re_2019.dat 2 2030 Fabc 0.0399647
Model_1_goa_re_2019.dat 2 2030 Fofl 0.048207
Model_1_goa_re_2019.dat 2 2030  F_LCI 0.0198704
Model_1_goa_re_2019.dat 2 2030  F_UCI 0.0198704
Model_1_goa_re_2019.dat 2 2030  F_Median 0.0198704
Model_1_goa_re_2019.dat 2 2030  F_Mean 0.0198704
Model_1_goa_re_2019.dat 2 2031 F0 0 
Model_1_goa_re_2019.dat 2 2031 Fabc 0.0399647
Model_1_goa_re_2019.dat 2 2031 Fofl 0.048207
Model_1_goa_re_2019.dat 2 2031  F_LCI 0.0198704
Model_1_goa_re_2019.dat 2 2031  F_UCI 0.0198704
Model_1_goa_re_2019.dat 2 2031  F_Median 0.0198704
Model_1_goa_re_2019.dat 2 2031  F_Mean 0.0198704
Model_1_goa_re_2019.dat 2 2032 F0 0 
Model_1_goa_re_2019.dat 2 2032 Fabc 0.0399647
Model_1_goa_re_2019.dat 2 2032 Fofl 0.048207
Model_1_goa_re_2019.dat 2 2032  F_LCI 0.0198704
Model_1_goa_re_2019.dat 2 2032  F_UCI 0.0198704
Model_1_goa_re_2019.dat 2 2032  F_Median 0.0198704
Model_1_goa_re_2019.dat 2 2032  F_Mean 0.0198704
Model_1_goa_re_2019.dat 3 2019 Cabc 0.840752
Model_1_goa_re_2019.dat 3 2019 Cofl 0.901601
Model_1_goa_re_2019.dat 3 2019 CLCI 0.803113
Model_1_goa_re_2019.dat 3 2019 CUCI 0.803113
Model_1_goa_re_2019.dat 3 2019 CMedian 0.803113
Model_1_goa_re_2019.dat 3 2019 CMean 0.803113
Model_1_goa_re_2019.dat 3 2020 Cabc 0.840752
Model_1_goa_re_2019.dat 3 2020 Cofl 0.901601
Model_1_goa_re_2019.dat 3 2020 CLCI 0.596948
Model_1_goa_re_2019.dat 3 2020 CUCI 0.596948
Model_1_goa_re_2019.dat 3 2020 CMedian 0.596948
Model_1_goa_re_2019.dat 3 2020 CMean 0.596948
Model_1_goa_re_2019.dat 3 2021 Cabc 0.840752
Model_1_goa_re_2019.dat 3 2021 Cofl 0.901601
Model_1_goa_re_2019.dat 3 2021 CLCI 0.586048
Model_1_goa_re_2019.dat 3 2021 CUCI 0.586048
Model_1_goa_re_2019.dat 3 2021 CMedian 0.586048
Model_1_goa_re_2019.dat 3 2021 CMean 0.586048
Model_1_goa_re_2019.dat 3 2022 Cabc 0.840752
Model_1_goa_re_2019.dat 3 2022 Cofl 0.901601
Model_1_goa_re_2019.dat 3 2022 CLCI 0.611113
Model_1_goa_re_2019.dat 3 2022 CUCI 0.611131
Model_1_goa_re_2019.dat 3 2022 CMedian 0.611119
Model_1_goa_re_2019.dat 3 2022 CMean 0.61112
Model_1_goa_re_2019.dat 3 2023 Cabc 0.840752
Model_1_goa_re_2019.dat 3 2023 Cofl 0.901601
Model_1_goa_re_2019.dat 3 2023 CLCI 0.607088
Model_1_goa_re_2019.dat 3 2023 CUCI 0.607152
Model_1_goa_re_2019.dat 3 2023 CMedian 0.607112
Model_1_goa_re_2019.dat 3 2023 CMean 0.607114
Model_1_goa_re_2019.dat 3 2024 Cabc 0.840752
Model_1_goa_re_2019.dat 3 2024 Cofl 0.901601
Model_1_goa_re_2019.dat 3 2024 CLCI 0.60952
Model_1_goa_re_2019.dat 3 2024 CUCI 0.609725
Model_1_goa_re_2019.dat 3 2024 CMedian 0.609595
Model_1_goa_re_2019.dat 3 2024 CMean 0.609604
Model_1_goa_re_2019.dat 3 2025 Cabc 0.840752
Model_1_goa_re_2019.dat 3 2025 Cofl 0.901601
Model_1_goa_re_2019.dat 3 2025 CLCI 0.62012
Model_1_goa_re_2019.dat 3 2025 CUCI 0.620649
Model_1_goa_re_2019.dat 3 2025 CMedian 0.620314
Model_1_goa_re_2019.dat 3 2025 CMean 0.620338
Model_1_goa_re_2019.dat 3 2026 Cabc 0.840752
Model_1_goa_re_2019.dat 3 2026 Cofl 0.901601
Model_1_goa_re_2019.dat 3 2026 CLCI 0.642285
Model_1_goa_re_2019.dat 3 2026 CUCI 0.643384
Model_1_goa_re_2019.dat 3 2026 CMedian 0.642698
Model_1_goa_re_2019.dat 3 2026 CMean 0.642751
Model_1_goa_re_2019.dat 3 2027 Cabc 0.840752
Model_1_goa_re_2019.dat 3 2027 Cofl 0.901601
Model_1_goa_re_2019.dat 3 2027 CLCI 0.635492
Model_1_goa_re_2019.dat 3 2027 CUCI 0.63734
Model_1_goa_re_2019.dat 3 2027 CMedian 0.636182
Model_1_goa_re_2019.dat 3 2027 CMean 0.636266
Model_1_goa_re_2019.dat 3 2028 Cabc 0.840752
Model_1_goa_re_2019.dat 3 2028 Cofl 0.901601
Model_1_goa_re_2019.dat 3 2028 CLCI 0.628744
Model_1_goa_re_2019.dat 3 2028 CUCI 0.631253
Model_1_goa_re_2019.dat 3 2028 CMedian 0.629777
Model_1_goa_re_2019.dat 3 2028 CMean 0.629861
Model_1_goa_re_2019.dat 3 2029 Cabc 0.840752
Model_1_goa_re_2019.dat 3 2029 Cofl 0.901601
Model_1_goa_re_2019.dat 3 2029 CLCI 0.625523
Model_1_goa_re_2019.dat 3 2029 CUCI 0.628449
Model_1_goa_re_2019.dat 3 2029 CMedian 0.626768
Model_1_goa_re_2019.dat 3 2029 CMean 0.626862
Model_1_goa_re_2019.dat 3 2030 Cabc 0.840752
Model_1_goa_re_2019.dat 3 2030 Cofl 0.901601
Model_1_goa_re_2019.dat 3 2030 CLCI 0.622771
Model_1_goa_re_2019.dat 3 2030 CUCI 0.626338
Model_1_goa_re_2019.dat 3 2030 CMedian 0.624297
Model_1_goa_re_2019.dat 3 2030 CMean 0.624402
Model_1_goa_re_2019.dat 3 2031 Cabc 0.840752
Model_1_goa_re_2019.dat 3 2031 Cofl 0.901601
Model_1_goa_re_2019.dat 3 2031 CLCI 0.618281
Model_1_goa_re_2019.dat 3 2031 CUCI 0.623263
Model_1_goa_re_2019.dat 3 2031 CMedian 0.620288
Model_1_goa_re_2019.dat 3 2031 CMean 0.620398
Model_1_goa_re_2019.dat 3 2032 Cabc 0.840752
Model_1_goa_re_2019.dat 3 2032 Cofl 0.901601
Model_1_goa_re_2019.dat 3 2032 CLCI 0.613004
Model_1_goa_re_2019.dat 3 2032 CUCI 0.622586
Model_1_goa_re_2019.dat 3 2032 CMedian 0.616467
Model_1_goa_re_2019.dat 3 2032 CMean 0.616947
Model_1_goa_re_2019.dat 3 2019 SSBF100 20.6581
Model_1_goa_re_2019.dat 3 2019 SSBFabc 8.26323
Model_1_goa_re_2019.dat 3 2019 SSBFofl 7.23033
Model_1_goa_re_2019.dat 3 2019 SSBLCI 12.4748
Model_1_goa_re_2019.dat 3 2019 SSBUCI 12.4748
Model_1_goa_re_2019.dat 3 2019 SSBMedian 12.4748
Model_1_goa_re_2019.dat 3 2019 SSBMean 12.4748
Model_1_goa_re_2019.dat 3 2020 SSBF100 20.6581
Model_1_goa_re_2019.dat 3 2020 SSBFabc 8.26323
Model_1_goa_re_2019.dat 3 2020 SSBFofl 7.23033
Model_1_goa_re_2019.dat 3 2020 SSBLCI 12.4257
Model_1_goa_re_2019.dat 3 2020 SSBUCI 12.4257
Model_1_goa_re_2019.dat 3 2020 SSBMedian 12.4257
Model_1_goa_re_2019.dat 3 2020 SSBMean 12.4257
Model_1_goa_re_2019.dat 3 2021 SSBF100 20.6581
Model_1_goa_re_2019.dat 3 2021 SSBFabc 8.26323
Model_1_goa_re_2019.dat 3 2021 SSBFofl 7.23033
Model_1_goa_re_2019.dat 3 2021 SSBLCI 12.4246
Model_1_goa_re_2019.dat 3 2021 SSBUCI 12.4246
Model_1_goa_re_2019.dat 3 2021 SSBMedian 12.4246
Model_1_goa_re_2019.dat 3 2021 SSBMean 12.4246
Model_1_goa_re_2019.dat 3 2022 SSBF100 20.6581
Model_1_goa_re_2019.dat 3 2022 SSBFabc 8.26323
Model_1_goa_re_2019.dat 3 2022 SSBFofl 7.23033
Model_1_goa_re_2019.dat 3 2022 SSBLCI 12.4405
Model_1_goa_re_2019.dat 3 2022 SSBUCI 12.4405
Model_1_goa_re_2019.dat 3 2022 SSBMedian 12.4405
Model_1_goa_re_2019.dat 3 2022 SSBMean 12.4405
Model_1_goa_re_2019.dat 3 2023 SSBF100 20.6581
Model_1_goa_re_2019.dat 3 2023 SSBFabc 8.26323
Model_1_goa_re_2019.dat 3 2023 SSBFofl 7.23033
Model_1_goa_re_2019.dat 3 2023 SSBLCI 12.4742
Model_1_goa_re_2019.dat 3 2023 SSBUCI 12.4742
Model_1_goa_re_2019.dat 3 2023 SSBMedian 12.4742
Model_1_goa_re_2019.dat 3 2023 SSBMean 12.4742
Model_1_goa_re_2019.dat 3 2024 SSBF100 20.6581
Model_1_goa_re_2019.dat 3 2024 SSBFabc 8.26323
Model_1_goa_re_2019.dat 3 2024 SSBFofl 7.23033
Model_1_goa_re_2019.dat 3 2024 SSBLCI 12.5106
Model_1_goa_re_2019.dat 3 2024 SSBUCI 12.5109
Model_1_goa_re_2019.dat 3 2024 SSBMedian 12.5107
Model_1_goa_re_2019.dat 3 2024 SSBMean 12.5107
Model_1_goa_re_2019.dat 3 2025 SSBF100 20.6581
Model_1_goa_re_2019.dat 3 2025 SSBFabc 8.26323
Model_1_goa_re_2019.dat 3 2025 SSBFofl 7.23033
Model_1_goa_re_2019.dat 3 2025 SSBLCI 12.5764
Model_1_goa_re_2019.dat 3 2025 SSBUCI 12.5773
Model_1_goa_re_2019.dat 3 2025 SSBMedian 12.5767
Model_1_goa_re_2019.dat 3 2025 SSBMean 12.5768
Model_1_goa_re_2019.dat 3 2026 SSBF100 20.6581
Model_1_goa_re_2019.dat 3 2026 SSBFabc 8.26323
Model_1_goa_re_2019.dat 3 2026 SSBFofl 7.23033
Model_1_goa_re_2019.dat 3 2026 SSBLCI 12.6482
Model_1_goa_re_2019.dat 3 2026 SSBUCI 12.6502
Model_1_goa_re_2019.dat 3 2026 SSBMedian 12.6489
Model_1_goa_re_2019.dat 3 2026 SSBMean 12.649
Model_1_goa_re_2019.dat 3 2027 SSBF100 20.6581
Model_1_goa_re_2019.dat 3 2027 SSBFabc 8.26323
Model_1_goa_re_2019.dat 3 2027 SSBFofl 7.23033
Model_1_goa_re_2019.dat 3 2027 SSBLCI 12.7056
Model_1_goa_re_2019.dat 3 2027 SSBUCI 12.7114
Model_1_goa_re_2019.dat 3 2027 SSBMedian 12.7077
Model_1_goa_re_2019.dat 3 2027 SSBMean 12.708
Model_1_goa_re_2019.dat 3 2028 SSBF100 20.6581
Model_1_goa_re_2019.dat 3 2028 SSBFabc 8.26323
Model_1_goa_re_2019.dat 3 2028 SSBFofl 7.23033
Model_1_goa_re_2019.dat 3 2028 SSBLCI 12.7422
Model_1_goa_re_2019.dat 3 2028 SSBUCI 12.7569
Model_1_goa_re_2019.dat 3 2028 SSBMedian 12.7476
Model_1_goa_re_2019.dat 3 2028 SSBMean 12.7483
Model_1_goa_re_2019.dat 3 2029 SSBF100 20.6581
Model_1_goa_re_2019.dat 3 2029 SSBFabc 8.26323
Model_1_goa_re_2019.dat 3 2029 SSBFofl 7.23033
Model_1_goa_re_2019.dat 3 2029 SSBLCI 12.7538
Model_1_goa_re_2019.dat 3 2029 SSBUCI 12.7854
Model_1_goa_re_2019.dat 3 2029 SSBMedian 12.7657
Model_1_goa_re_2019.dat 3 2029 SSBMean 12.7671
Model_1_goa_re_2019.dat 3 2030 SSBF100 20.6581
Model_1_goa_re_2019.dat 3 2030 SSBFabc 8.26323
Model_1_goa_re_2019.dat 3 2030 SSBFofl 7.23033
Model_1_goa_re_2019.dat 3 2030 SSBLCI 12.7454
Model_1_goa_re_2019.dat 3 2030 SSBUCI 12.809
Model_1_goa_re_2019.dat 3 2030 SSBMedian 12.7691
Model_1_goa_re_2019.dat 3 2030 SSBMean 12.772
Model_1_goa_re_2019.dat 3 2031 SSBF100 20.6581
Model_1_goa_re_2019.dat 3 2031 SSBFabc 8.26323
Model_1_goa_re_2019.dat 3 2031 SSBFofl 7.23033
Model_1_goa_re_2019.dat 3 2031 SSBLCI 12.7211
Model_1_goa_re_2019.dat 3 2031 SSBUCI 12.8357
Model_1_goa_re_2019.dat 3 2031 SSBMedian 12.7642
Model_1_goa_re_2019.dat 3 2031 SSBMean 12.7692
Model_1_goa_re_2019.dat 3 2032 SSBF100 20.6581
Model_1_goa_re_2019.dat 3 2032 SSBFabc 8.26323
Model_1_goa_re_2019.dat 3 2032 SSBFofl 7.23033
Model_1_goa_re_2019.dat 3 2032 SSBLCI 12.6562
Model_1_goa_re_2019.dat 3 2032 SSBUCI 12.8493
Model_1_goa_re_2019.dat 3 2032 SSBMedian 12.7289
Model_1_goa_re_2019.dat 3 2032 SSBMean 12.7382
Model_1_goa_re_2019.dat 3 2019 F0 0 
Model_1_goa_re_2019.dat 3 2019 Fabc 0.0399647
Model_1_goa_re_2019.dat 3 2019 Fofl 0.048207
Model_1_goa_re_2019.dat 3 2019  F_LCI 0.0262862
Model_1_goa_re_2019.dat 3 2019  F_UCI 0.0262862
Model_1_goa_re_2019.dat 3 2019  F_Median 0.0262862
Model_1_goa_re_2019.dat 3 2019  F_Mean 0.0262862
Model_1_goa_re_2019.dat 3 2020 F0 0 
Model_1_goa_re_2019.dat 3 2020 Fabc 0.0399647
Model_1_goa_re_2019.dat 3 2020 Fofl 0.048207
Model_1_goa_re_2019.dat 3 2020  F_LCI 0.0196787
Model_1_goa_re_2019.dat 3 2020  F_UCI 0.0196788
Model_1_goa_re_2019.dat 3 2020  F_Median 0.0196788
Model_1_goa_re_2019.dat 3 2020  F_Mean 0.0196788
Model_1_goa_re_2019.dat 3 2021 F0 0 
Model_1_goa_re_2019.dat 3 2021 Fabc 0.0399647
Model_1_goa_re_2019.dat 3 2021 Fofl 0.048207
Model_1_goa_re_2019.dat 3 2021  F_LCI 0.019302
Model_1_goa_re_2019.dat 3 2021  F_UCI 0.0193021
Model_1_goa_re_2019.dat 3 2021  F_Median 0.0193021
Model_1_goa_re_2019.dat 3 2021  F_Mean 0.0193021
Model_1_goa_re_2019.dat 3 2022 F0 0 
Model_1_goa_re_2019.dat 3 2022 Fabc 0.0399647
Model_1_goa_re_2019.dat 3 2022 Fofl 0.048207
Model_1_goa_re_2019.dat 3 2022  F_LCI 0.0199823
Model_1_goa_re_2019.dat 3 2022  F_UCI 0.0199823
Model_1_goa_re_2019.dat 3 2022  F_Median 0.0199823
Model_1_goa_re_2019.dat 3 2022  F_Mean 0.0199823
Model_1_goa_re_2019.dat 3 2023 F0 0 
Model_1_goa_re_2019.dat 3 2023 Fabc 0.0399647
Model_1_goa_re_2019.dat 3 2023 Fofl 0.048207
Model_1_goa_re_2019.dat 3 2023  F_LCI 0.0199823
Model_1_goa_re_2019.dat 3 2023  F_UCI 0.0199823
Model_1_goa_re_2019.dat 3 2023  F_Median 0.0199823
Model_1_goa_re_2019.dat 3 2023  F_Mean 0.0199823
Model_1_goa_re_2019.dat 3 2024 F0 0 
Model_1_goa_re_2019.dat 3 2024 Fabc 0.0399647
Model_1_goa_re_2019.dat 3 2024 Fofl 0.048207
Model_1_goa_re_2019.dat 3 2024  F_LCI 0.0199823
Model_1_goa_re_2019.dat 3 2024  F_UCI 0.0199823
Model_1_goa_re_2019.dat 3 2024  F_Median 0.0199823
Model_1_goa_re_2019.dat 3 2024  F_Mean 0.0199823
Model_1_goa_re_2019.dat 3 2025 F0 0 
Model_1_goa_re_2019.dat 3 2025 Fabc 0.0399647
Model_1_goa_re_2019.dat 3 2025 Fofl 0.048207
Model_1_goa_re_2019.dat 3 2025  F_LCI 0.0199823
Model_1_goa_re_2019.dat 3 2025  F_UCI 0.0199823
Model_1_goa_re_2019.dat 3 2025  F_Median 0.0199823
Model_1_goa_re_2019.dat 3 2025  F_Mean 0.0199823
Model_1_goa_re_2019.dat 3 2026 F0 0 
Model_1_goa_re_2019.dat 3 2026 Fabc 0.0399647
Model_1_goa_re_2019.dat 3 2026 Fofl 0.048207
Model_1_goa_re_2019.dat 3 2026  F_LCI 0.0199823
Model_1_goa_re_2019.dat 3 2026  F_UCI 0.0199823
Model_1_goa_re_2019.dat 3 2026  F_Median 0.0199823
Model_1_goa_re_2019.dat 3 2026  F_Mean 0.0199823
Model_1_goa_re_2019.dat 3 2027 F0 0 
Model_1_goa_re_2019.dat 3 2027 Fabc 0.0399647
Model_1_goa_re_2019.dat 3 2027 Fofl 0.048207
Model_1_goa_re_2019.dat 3 2027  F_LCI 0.0199823
Model_1_goa_re_2019.dat 3 2027  F_UCI 0.0199823
Model_1_goa_re_2019.dat 3 2027  F_Median 0.0199823
Model_1_goa_re_2019.dat 3 2027  F_Mean 0.0199823
Model_1_goa_re_2019.dat 3 2028 F0 0 
Model_1_goa_re_2019.dat 3 2028 Fabc 0.0399647
Model_1_goa_re_2019.dat 3 2028 Fofl 0.048207
Model_1_goa_re_2019.dat 3 2028  F_LCI 0.0199823
Model_1_goa_re_2019.dat 3 2028  F_UCI 0.0199823
Model_1_goa_re_2019.dat 3 2028  F_Median 0.0199823
Model_1_goa_re_2019.dat 3 2028  F_Mean 0.0199823
Model_1_goa_re_2019.dat 3 2029 F0 0 
Model_1_goa_re_2019.dat 3 2029 Fabc 0.0399647
Model_1_goa_re_2019.dat 3 2029 Fofl 0.048207
Model_1_goa_re_2019.dat 3 2029  F_LCI 0.0199823
Model_1_goa_re_2019.dat 3 2029  F_UCI 0.0199823
Model_1_goa_re_2019.dat 3 2029  F_Median 0.0199823
Model_1_goa_re_2019.dat 3 2029  F_Mean 0.0199823
Model_1_goa_re_2019.dat 3 2030 F0 0 
Model_1_goa_re_2019.dat 3 2030 Fabc 0.0399647
Model_1_goa_re_2019.dat 3 2030 Fofl 0.048207
Model_1_goa_re_2019.dat 3 2030  F_LCI 0.0199823
Model_1_goa_re_2019.dat 3 2030  F_UCI 0.0199823
Model_1_goa_re_2019.dat 3 2030  F_Median 0.0199823
Model_1_goa_re_2019.dat 3 2030  F_Mean 0.0199823
Model_1_goa_re_2019.dat 3 2031 F0 0 
Model_1_goa_re_2019.dat 3 2031 Fabc 0.0399647
Model_1_goa_re_2019.dat 3 2031 Fofl 0.048207
Model_1_goa_re_2019.dat 3 2031  F_LCI 0.0199823
Model_1_goa_re_2019.dat 3 2031  F_UCI 0.0199823
Model_1_goa_re_2019.dat 3 2031  F_Median 0.0199823
Model_1_goa_re_2019.dat 3 2031  F_Mean 0.0199823
Model_1_goa_re_2019.dat 3 2032 F0 0 
Model_1_goa_re_2019.dat 3 2032 Fabc 0.0399647
Model_1_goa_re_2019.dat 3 2032 Fofl 0.048207
Model_1_goa_re_2019.dat 3 2032  F_LCI 0.0199823
Model_1_goa_re_2019.dat 3 2032  F_UCI 0.0199823
Model_1_goa_re_2019.dat 3 2032  F_Median 0.0199823
Model_1_goa_re_2019.dat 3 2032  F_Mean 0.0199823
Model_1_goa_re_2019.dat 4 2019 Cabc 0.840752
Model_1_goa_re_2019.dat 4 2019 Cofl 0.901601
Model_1_goa_re_2019.dat 4 2019 CLCI 0.803113
Model_1_goa_re_2019.dat 4 2019 CUCI 0.803113
Model_1_goa_re_2019.dat 4 2019 CMedian 0.803113
Model_1_goa_re_2019.dat 4 2019 CMean 0.803113
Model_1_goa_re_2019.dat 4 2020 Cabc 0.840752
Model_1_goa_re_2019.dat 4 2020 Cofl 0.901601
Model_1_goa_re_2019.dat 4 2020 CLCI 0.596948
Model_1_goa_re_2019.dat 4 2020 CUCI 0.596948
Model_1_goa_re_2019.dat 4 2020 CMedian 0.596948
Model_1_goa_re_2019.dat 4 2020 CMean 0.596948
Model_1_goa_re_2019.dat 4 2021 Cabc 0.840752
Model_1_goa_re_2019.dat 4 2021 Cofl 0.901601
Model_1_goa_re_2019.dat 4 2021 CLCI 0.586048
Model_1_goa_re_2019.dat 4 2021 CUCI 0.586048
Model_1_goa_re_2019.dat 4 2021 CMedian 0.586048
Model_1_goa_re_2019.dat 4 2021 CMean 0.586048
Model_1_goa_re_2019.dat 4 2022 Cabc 0.840752
Model_1_goa_re_2019.dat 4 2022 Cofl 0.901601
Model_1_goa_re_2019.dat 4 2022 CLCI 0.609473
Model_1_goa_re_2019.dat 4 2022 CUCI 0.609491
Model_1_goa_re_2019.dat 4 2022 CMedian 0.60948
Model_1_goa_re_2019.dat 4 2022 CMean 0.609481
Model_1_goa_re_2019.dat 4 2023 Cabc 0.840752
Model_1_goa_re_2019.dat 4 2023 Cofl 0.901601
Model_1_goa_re_2019.dat 4 2023 CLCI 0.60549
Model_1_goa_re_2019.dat 4 2023 CUCI 0.605555
Model_1_goa_re_2019.dat 4 2023 CMedian 0.605514
Model_1_goa_re_2019.dat 4 2023 CMean 0.605517
Model_1_goa_re_2019.dat 4 2024 Cabc 0.840752
Model_1_goa_re_2019.dat 4 2024 Cofl 0.901601
Model_1_goa_re_2019.dat 4 2024 CLCI 0.607946
Model_1_goa_re_2019.dat 4 2024 CUCI 0.60815
Model_1_goa_re_2019.dat 4 2024 CMedian 0.60802
Model_1_goa_re_2019.dat 4 2024 CMean 0.60803
Model_1_goa_re_2019.dat 4 2025 Cabc 0.840752
Model_1_goa_re_2019.dat 4 2025 Cofl 0.901601
Model_1_goa_re_2019.dat 4 2025 CLCI 0.618546
Model_1_goa_re_2019.dat 4 2025 CUCI 0.619074
Model_1_goa_re_2019.dat 4 2025 CMedian 0.61874
Model_1_goa_re_2019.dat 4 2025 CMean 0.618764
Model_1_goa_re_2019.dat 4 2026 Cabc 0.840752
Model_1_goa_re_2019.dat 4 2026 Cofl 0.901601
Model_1_goa_re_2019.dat 4 2026 CLCI 0.640681
Model_1_goa_re_2019.dat 4 2026 CUCI 0.641777
Model_1_goa_re_2019.dat 4 2026 CMedian 0.641093
Model_1_goa_re_2019.dat 4 2026 CMean 0.641145
Model_1_goa_re_2019.dat 4 2027 Cabc 0.840752
Model_1_goa_re_2019.dat 4 2027 Cofl 0.901601
Model_1_goa_re_2019.dat 4 2027 CLCI 0.633935
Model_1_goa_re_2019.dat 4 2027 CUCI 0.635777
Model_1_goa_re_2019.dat 4 2027 CMedian 0.634623
Model_1_goa_re_2019.dat 4 2027 CMean 0.634707
Model_1_goa_re_2019.dat 4 2028 Cabc 0.840752
Model_1_goa_re_2019.dat 4 2028 Cofl 0.901601
Model_1_goa_re_2019.dat 4 2028 CLCI 0.627231
Model_1_goa_re_2019.dat 4 2028 CUCI 0.629734
Model_1_goa_re_2019.dat 4 2028 CMedian 0.628262
Model_1_goa_re_2019.dat 4 2028 CMean 0.628345
Model_1_goa_re_2019.dat 4 2029 Cabc 0.840752
Model_1_goa_re_2019.dat 4 2029 Cofl 0.901601
Model_1_goa_re_2019.dat 4 2029 CLCI 0.624045
Model_1_goa_re_2019.dat 4 2029 CUCI 0.626963
Model_1_goa_re_2019.dat 4 2029 CMedian 0.625286
Model_1_goa_re_2019.dat 4 2029 CMean 0.62538
Model_1_goa_re_2019.dat 4 2030 Cabc 0.840752
Model_1_goa_re_2019.dat 4 2030 Cofl 0.901601
Model_1_goa_re_2019.dat 4 2030 CLCI 0.621324
Model_1_goa_re_2019.dat 4 2030 CUCI 0.624882
Model_1_goa_re_2019.dat 4 2030 CMedian 0.622846
Model_1_goa_re_2019.dat 4 2030 CMean 0.62295
Model_1_goa_re_2019.dat 4 2031 Cabc 0.840752
Model_1_goa_re_2019.dat 4 2031 Cofl 0.901601
Model_1_goa_re_2019.dat 4 2031 CLCI 0.616869
Model_1_goa_re_2019.dat 4 2031 CUCI 0.621838
Model_1_goa_re_2019.dat 4 2031 CMedian 0.61887
Model_1_goa_re_2019.dat 4 2031 CMean 0.61898
Model_1_goa_re_2019.dat 4 2032 Cabc 0.840752
Model_1_goa_re_2019.dat 4 2032 Cofl 0.901601
Model_1_goa_re_2019.dat 4 2032 CLCI 0.611628
Model_1_goa_re_2019.dat 4 2032 CUCI 0.621184
Model_1_goa_re_2019.dat 4 2032 CMedian 0.615081
Model_1_goa_re_2019.dat 4 2032 CMean 0.61556
Model_1_goa_re_2019.dat 4 2019 SSBF100 20.6581
Model_1_goa_re_2019.dat 4 2019 SSBFabc 8.26323
Model_1_goa_re_2019.dat 4 2019 SSBFofl 7.23033
Model_1_goa_re_2019.dat 4 2019 SSBLCI 12.4748
Model_1_goa_re_2019.dat 4 2019 SSBUCI 12.4748
Model_1_goa_re_2019.dat 4 2019 SSBMedian 12.4748
Model_1_goa_re_2019.dat 4 2019 SSBMean 12.4748
Model_1_goa_re_2019.dat 4 2020 SSBF100 20.6581
Model_1_goa_re_2019.dat 4 2020 SSBFabc 8.26323
Model_1_goa_re_2019.dat 4 2020 SSBFofl 7.23033
Model_1_goa_re_2019.dat 4 2020 SSBLCI 12.4257
Model_1_goa_re_2019.dat 4 2020 SSBUCI 12.4257
Model_1_goa_re_2019.dat 4 2020 SSBMedian 12.4257
Model_1_goa_re_2019.dat 4 2020 SSBMean 12.4257
Model_1_goa_re_2019.dat 4 2021 SSBF100 20.6581
Model_1_goa_re_2019.dat 4 2021 SSBFabc 8.26323
Model_1_goa_re_2019.dat 4 2021 SSBFofl 7.23033
Model_1_goa_re_2019.dat 4 2021 SSBLCI 12.4246
Model_1_goa_re_2019.dat 4 2021 SSBUCI 12.4246
Model_1_goa_re_2019.dat 4 2021 SSBMedian 12.4246
Model_1_goa_re_2019.dat 4 2021 SSBMean 12.4246
Model_1_goa_re_2019.dat 4 2022 SSBF100 20.6581
Model_1_goa_re_2019.dat 4 2022 SSBFabc 8.26323
Model_1_goa_re_2019.dat 4 2022 SSBFofl 7.23033
Model_1_goa_re_2019.dat 4 2022 SSBLCI 12.4408
Model_1_goa_re_2019.dat 4 2022 SSBUCI 12.4408
Model_1_goa_re_2019.dat 4 2022 SSBMedian 12.4408
Model_1_goa_re_2019.dat 4 2022 SSBMean 12.4408
Model_1_goa_re_2019.dat 4 2023 SSBF100 20.6581
Model_1_goa_re_2019.dat 4 2023 SSBFabc 8.26323
Model_1_goa_re_2019.dat 4 2023 SSBFofl 7.23033
Model_1_goa_re_2019.dat 4 2023 SSBLCI 12.4751
Model_1_goa_re_2019.dat 4 2023 SSBUCI 12.4751
Model_1_goa_re_2019.dat 4 2023 SSBMedian 12.4751
Model_1_goa_re_2019.dat 4 2023 SSBMean 12.4751
Model_1_goa_re_2019.dat 4 2024 SSBF100 20.6581
Model_1_goa_re_2019.dat 4 2024 SSBFabc 8.26323
Model_1_goa_re_2019.dat 4 2024 SSBFofl 7.23033
Model_1_goa_re_2019.dat 4 2024 SSBLCI 12.5121
Model_1_goa_re_2019.dat 4 2024 SSBUCI 12.5125
Model_1_goa_re_2019.dat 4 2024 SSBMedian 12.5123
Model_1_goa_re_2019.dat 4 2024 SSBMean 12.5123
Model_1_goa_re_2019.dat 4 2025 SSBF100 20.6581
Model_1_goa_re_2019.dat 4 2025 SSBFabc 8.26323
Model_1_goa_re_2019.dat 4 2025 SSBFofl 7.23033
Model_1_goa_re_2019.dat 4 2025 SSBLCI 12.5786
Model_1_goa_re_2019.dat 4 2025 SSBUCI 12.5795
Model_1_goa_re_2019.dat 4 2025 SSBMedian 12.5789
Model_1_goa_re_2019.dat 4 2025 SSBMean 12.579
Model_1_goa_re_2019.dat 4 2026 SSBF100 20.6581
Model_1_goa_re_2019.dat 4 2026 SSBFabc 8.26323
Model_1_goa_re_2019.dat 4 2026 SSBFofl 7.23033
Model_1_goa_re_2019.dat 4 2026 SSBLCI 12.651
Model_1_goa_re_2019.dat 4 2026 SSBUCI 12.653
Model_1_goa_re_2019.dat 4 2026 SSBMedian 12.6517
Model_1_goa_re_2019.dat 4 2026 SSBMean 12.6518
Model_1_goa_re_2019.dat 4 2027 SSBF100 20.6581
Model_1_goa_re_2019.dat 4 2027 SSBFabc 8.26323
Model_1_goa_re_2019.dat 4 2027 SSBFofl 7.23033
Model_1_goa_re_2019.dat 4 2027 SSBLCI 12.709
Model_1_goa_re_2019.dat 4 2027 SSBUCI 12.7148
Model_1_goa_re_2019.dat 4 2027 SSBMedian 12.7111
Model_1_goa_re_2019.dat 4 2027 SSBMean 12.7114
Model_1_goa_re_2019.dat 4 2028 SSBF100 20.6581
Model_1_goa_re_2019.dat 4 2028 SSBFabc 8.26323
Model_1_goa_re_2019.dat 4 2028 SSBFofl 7.23033
Model_1_goa_re_2019.dat 4 2028 SSBLCI 12.7463
Model_1_goa_re_2019.dat 4 2028 SSBUCI 12.761
Model_1_goa_re_2019.dat 4 2028 SSBMedian 12.7516
Model_1_goa_re_2019.dat 4 2028 SSBMean 12.7523
Model_1_goa_re_2019.dat 4 2029 SSBF100 20.6581
Model_1_goa_re_2019.dat 4 2029 SSBFabc 8.26323
Model_1_goa_re_2019.dat 4 2029 SSBFofl 7.23033
Model_1_goa_re_2019.dat 4 2029 SSBLCI 12.7584
Model_1_goa_re_2019.dat 4 2029 SSBUCI 12.79
Model_1_goa_re_2019.dat 4 2029 SSBMedian 12.7703
Model_1_goa_re_2019.dat 4 2029 SSBMean 12.7718
Model_1_goa_re_2019.dat 4 2030 SSBF100 20.6581
Model_1_goa_re_2019.dat 4 2030 SSBFabc 8.26323
Model_1_goa_re_2019.dat 4 2030 SSBFofl 7.23033
Model_1_goa_re_2019.dat 4 2030 SSBLCI 12.7506
Model_1_goa_re_2019.dat 4 2030 SSBUCI 12.8142
Model_1_goa_re_2019.dat 4 2030 SSBMedian 12.7742
Model_1_goa_re_2019.dat 4 2030 SSBMean 12.7772
Model_1_goa_re_2019.dat 4 2031 SSBF100 20.6581
Model_1_goa_re_2019.dat 4 2031 SSBFabc 8.26323
Model_1_goa_re_2019.dat 4 2031 SSBFofl 7.23033
Model_1_goa_re_2019.dat 4 2031 SSBLCI 12.7268
Model_1_goa_re_2019.dat 4 2031 SSBUCI 12.8414
Model_1_goa_re_2019.dat 4 2031 SSBMedian 12.7699
Model_1_goa_re_2019.dat 4 2031 SSBMean 12.7749
Model_1_goa_re_2019.dat 4 2032 SSBF100 20.6581
Model_1_goa_re_2019.dat 4 2032 SSBFabc 8.26323
Model_1_goa_re_2019.dat 4 2032 SSBFofl 7.23033
Model_1_goa_re_2019.dat 4 2032 SSBLCI 12.6624
Model_1_goa_re_2019.dat 4 2032 SSBUCI 12.8555
Model_1_goa_re_2019.dat 4 2032 SSBMedian 12.7351
Model_1_goa_re_2019.dat 4 2032 SSBMean 12.7445
Model_1_goa_re_2019.dat 4 2019 F0 0 
Model_1_goa_re_2019.dat 4 2019 Fabc 0.0399647
Model_1_goa_re_2019.dat 4 2019 Fofl 0.048207
Model_1_goa_re_2019.dat 4 2019  F_LCI 0.0262862
Model_1_goa_re_2019.dat 4 2019  F_UCI 0.0262862
Model_1_goa_re_2019.dat 4 2019  F_Median 0.0262862
Model_1_goa_re_2019.dat 4 2019  F_Mean 0.0262862
Model_1_goa_re_2019.dat 4 2020 F0 0 
Model_1_goa_re_2019.dat 4 2020 Fabc 0.0399647
Model_1_goa_re_2019.dat 4 2020 Fofl 0.048207
Model_1_goa_re_2019.dat 4 2020  F_LCI 0.0196787
Model_1_goa_re_2019.dat 4 2020  F_UCI 0.0196788
Model_1_goa_re_2019.dat 4 2020  F_Median 0.0196788
Model_1_goa_re_2019.dat 4 2020  F_Mean 0.0196788
Model_1_goa_re_2019.dat 4 2021 F0 0 
Model_1_goa_re_2019.dat 4 2021 Fabc 0.0399647
Model_1_goa_re_2019.dat 4 2021 Fofl 0.048207
Model_1_goa_re_2019.dat 4 2021  F_LCI 0.019302
Model_1_goa_re_2019.dat 4 2021  F_UCI 0.0193021
Model_1_goa_re_2019.dat 4 2021  F_Median 0.0193021
Model_1_goa_re_2019.dat 4 2021  F_Mean 0.0193021
Model_1_goa_re_2019.dat 4 2022 F0 0 
Model_1_goa_re_2019.dat 4 2022 Fabc 0.0399647
Model_1_goa_re_2019.dat 4 2022 Fofl 0.048207
Model_1_goa_re_2019.dat 4 2022  F_LCI 0.0199282
Model_1_goa_re_2019.dat 4 2022  F_UCI 0.0199282
Model_1_goa_re_2019.dat 4 2022  F_Median 0.0199282
Model_1_goa_re_2019.dat 4 2022  F_Mean 0.0199282
Model_1_goa_re_2019.dat 4 2023 F0 0 
Model_1_goa_re_2019.dat 4 2023 Fabc 0.0399647
Model_1_goa_re_2019.dat 4 2023 Fofl 0.048207
Model_1_goa_re_2019.dat 4 2023  F_LCI 0.0199282
Model_1_goa_re_2019.dat 4 2023  F_UCI 0.0199282
Model_1_goa_re_2019.dat 4 2023  F_Median 0.0199282
Model_1_goa_re_2019.dat 4 2023  F_Mean 0.0199282
Model_1_goa_re_2019.dat 4 2024 F0 0 
Model_1_goa_re_2019.dat 4 2024 Fabc 0.0399647
Model_1_goa_re_2019.dat 4 2024 Fofl 0.048207
Model_1_goa_re_2019.dat 4 2024  F_LCI 0.0199282
Model_1_goa_re_2019.dat 4 2024  F_UCI 0.0199282
Model_1_goa_re_2019.dat 4 2024  F_Median 0.0199282
Model_1_goa_re_2019.dat 4 2024  F_Mean 0.0199282
Model_1_goa_re_2019.dat 4 2025 F0 0 
Model_1_goa_re_2019.dat 4 2025 Fabc 0.0399647
Model_1_goa_re_2019.dat 4 2025 Fofl 0.048207
Model_1_goa_re_2019.dat 4 2025  F_LCI 0.0199282
Model_1_goa_re_2019.dat 4 2025  F_UCI 0.0199282
Model_1_goa_re_2019.dat 4 2025  F_Median 0.0199282
Model_1_goa_re_2019.dat 4 2025  F_Mean 0.0199282
Model_1_goa_re_2019.dat 4 2026 F0 0 
Model_1_goa_re_2019.dat 4 2026 Fabc 0.0399647
Model_1_goa_re_2019.dat 4 2026 Fofl 0.048207
Model_1_goa_re_2019.dat 4 2026  F_LCI 0.0199282
Model_1_goa_re_2019.dat 4 2026  F_UCI 0.0199282
Model_1_goa_re_2019.dat 4 2026  F_Median 0.0199282
Model_1_goa_re_2019.dat 4 2026  F_Mean 0.0199282
Model_1_goa_re_2019.dat 4 2027 F0 0 
Model_1_goa_re_2019.dat 4 2027 Fabc 0.0399647
Model_1_goa_re_2019.dat 4 2027 Fofl 0.048207
Model_1_goa_re_2019.dat 4 2027  F_LCI 0.0199282
Model_1_goa_re_2019.dat 4 2027  F_UCI 0.0199282
Model_1_goa_re_2019.dat 4 2027  F_Median 0.0199282
Model_1_goa_re_2019.dat 4 2027  F_Mean 0.0199282
Model_1_goa_re_2019.dat 4 2028 F0 0 
Model_1_goa_re_2019.dat 4 2028 Fabc 0.0399647
Model_1_goa_re_2019.dat 4 2028 Fofl 0.048207
Model_1_goa_re_2019.dat 4 2028  F_LCI 0.0199282
Model_1_goa_re_2019.dat 4 2028  F_UCI 0.0199282
Model_1_goa_re_2019.dat 4 2028  F_Median 0.0199282
Model_1_goa_re_2019.dat 4 2028  F_Mean 0.0199282
Model_1_goa_re_2019.dat 4 2029 F0 0 
Model_1_goa_re_2019.dat 4 2029 Fabc 0.0399647
Model_1_goa_re_2019.dat 4 2029 Fofl 0.048207
Model_1_goa_re_2019.dat 4 2029  F_LCI 0.0199282
Model_1_goa_re_2019.dat 4 2029  F_UCI 0.0199282
Model_1_goa_re_2019.dat 4 2029  F_Median 0.0199282
Model_1_goa_re_2019.dat 4 2029  F_Mean 0.0199282
Model_1_goa_re_2019.dat 4 2030 F0 0 
Model_1_goa_re_2019.dat 4 2030 Fabc 0.0399647
Model_1_goa_re_2019.dat 4 2030 Fofl 0.048207
Model_1_goa_re_2019.dat 4 2030  F_LCI 0.0199282
Model_1_goa_re_2019.dat 4 2030  F_UCI 0.0199282
Model_1_goa_re_2019.dat 4 2030  F_Median 0.0199282
Model_1_goa_re_2019.dat 4 2030  F_Mean 0.0199282
Model_1_goa_re_2019.dat 4 2031 F0 0 
Model_1_goa_re_2019.dat 4 2031 Fabc 0.0399647
Model_1_goa_re_2019.dat 4 2031 Fofl 0.048207
Model_1_goa_re_2019.dat 4 2031  F_LCI 0.0199282
Model_1_goa_re_2019.dat 4 2031  F_UCI 0.0199282
Model_1_goa_re_2019.dat 4 2031  F_Median 0.0199282
Model_1_goa_re_2019.dat 4 2031  F_Mean 0.0199282
Model_1_goa_re_2019.dat 4 2032 F0 0 
Model_1_goa_re_2019.dat 4 2032 Fabc 0.0399647
Model_1_goa_re_2019.dat 4 2032 Fofl 0.048207
Model_1_goa_re_2019.dat 4 2032  F_LCI 0.0199282
Model_1_goa_re_2019.dat 4 2032  F_UCI 0.0199282
Model_1_goa_re_2019.dat 4 2032  F_Median 0.0199282
Model_1_goa_re_2019.dat 4 2032  F_Mean 0.0199282
Model_1_goa_re_2019.dat 5 2019 Cabc 0.840752
Model_1_goa_re_2019.dat 5 2019 Cofl 0.901601
Model_1_goa_re_2019.dat 5 2019 CLCI 0.803113
Model_1_goa_re_2019.dat 5 2019 CUCI 0.803113
Model_1_goa_re_2019.dat 5 2019 CMedian 0.803113
Model_1_goa_re_2019.dat 5 2019 CMean 0.803113
Model_1_goa_re_2019.dat 5 2020 Cabc 0.840752
Model_1_goa_re_2019.dat 5 2020 Cofl 0.901601
Model_1_goa_re_2019.dat 5 2020 CLCI 0.596948
Model_1_goa_re_2019.dat 5 2020 CUCI 0.596948
Model_1_goa_re_2019.dat 5 2020 CMedian 0.596948
Model_1_goa_re_2019.dat 5 2020 CMean 0.596948
Model_1_goa_re_2019.dat 5 2021 Cabc 0.840752
Model_1_goa_re_2019.dat 5 2021 Cofl 0.901601
Model_1_goa_re_2019.dat 5 2021 CLCI 0.586048
Model_1_goa_re_2019.dat 5 2021 CUCI 0.586048
Model_1_goa_re_2019.dat 5 2021 CMedian 0.586048
Model_1_goa_re_2019.dat 5 2021 CMean 0.586048
Model_1_goa_re_2019.dat 5 2022 Cabc 0.840752
Model_1_goa_re_2019.dat 5 2022 Cofl 0.901601
Model_1_goa_re_2019.dat 5 2022 CLCI 0
Model_1_goa_re_2019.dat 5 2022 CUCI 0
Model_1_goa_re_2019.dat 5 2022 CMedian 0
Model_1_goa_re_2019.dat 5 2022 CMean 0
Model_1_goa_re_2019.dat 5 2023 Cabc 0.840752
Model_1_goa_re_2019.dat 5 2023 Cofl 0.901601
Model_1_goa_re_2019.dat 5 2023 CLCI 0
Model_1_goa_re_2019.dat 5 2023 CUCI 0
Model_1_goa_re_2019.dat 5 2023 CMedian 0
Model_1_goa_re_2019.dat 5 2023 CMean 0
Model_1_goa_re_2019.dat 5 2024 Cabc 0.840752
Model_1_goa_re_2019.dat 5 2024 Cofl 0.901601
Model_1_goa_re_2019.dat 5 2024 CLCI 0
Model_1_goa_re_2019.dat 5 2024 CUCI 0
Model_1_goa_re_2019.dat 5 2024 CMedian 0
Model_1_goa_re_2019.dat 5 2024 CMean 0
Model_1_goa_re_2019.dat 5 2025 Cabc 0.840752
Model_1_goa_re_2019.dat 5 2025 Cofl 0.901601
Model_1_goa_re_2019.dat 5 2025 CLCI 0
Model_1_goa_re_2019.dat 5 2025 CUCI 0
Model_1_goa_re_2019.dat 5 2025 CMedian 0
Model_1_goa_re_2019.dat 5 2025 CMean 0
Model_1_goa_re_2019.dat 5 2026 Cabc 0.840752
Model_1_goa_re_2019.dat 5 2026 Cofl 0.901601
Model_1_goa_re_2019.dat 5 2026 CLCI 0
Model_1_goa_re_2019.dat 5 2026 CUCI 0
Model_1_goa_re_2019.dat 5 2026 CMedian 0
Model_1_goa_re_2019.dat 5 2026 CMean 0
Model_1_goa_re_2019.dat 5 2027 Cabc 0.840752
Model_1_goa_re_2019.dat 5 2027 Cofl 0.901601
Model_1_goa_re_2019.dat 5 2027 CLCI 0
Model_1_goa_re_2019.dat 5 2027 CUCI 0
Model_1_goa_re_2019.dat 5 2027 CMedian 0
Model_1_goa_re_2019.dat 5 2027 CMean 0
Model_1_goa_re_2019.dat 5 2028 Cabc 0.840752
Model_1_goa_re_2019.dat 5 2028 Cofl 0.901601
Model_1_goa_re_2019.dat 5 2028 CLCI 0
Model_1_goa_re_2019.dat 5 2028 CUCI 0
Model_1_goa_re_2019.dat 5 2028 CMedian 0
Model_1_goa_re_2019.dat 5 2028 CMean 0
Model_1_goa_re_2019.dat 5 2029 Cabc 0.840752
Model_1_goa_re_2019.dat 5 2029 Cofl 0.901601
Model_1_goa_re_2019.dat 5 2029 CLCI 0
Model_1_goa_re_2019.dat 5 2029 CUCI 0
Model_1_goa_re_2019.dat 5 2029 CMedian 0
Model_1_goa_re_2019.dat 5 2029 CMean 0
Model_1_goa_re_2019.dat 5 2030 Cabc 0.840752
Model_1_goa_re_2019.dat 5 2030 Cofl 0.901601
Model_1_goa_re_2019.dat 5 2030 CLCI 0
Model_1_goa_re_2019.dat 5 2030 CUCI 0
Model_1_goa_re_2019.dat 5 2030 CMedian 0
Model_1_goa_re_2019.dat 5 2030 CMean 0
Model_1_goa_re_2019.dat 5 2031 Cabc 0.840752
Model_1_goa_re_2019.dat 5 2031 Cofl 0.901601
Model_1_goa_re_2019.dat 5 2031 CLCI 0
Model_1_goa_re_2019.dat 5 2031 CUCI 0
Model_1_goa_re_2019.dat 5 2031 CMedian 0
Model_1_goa_re_2019.dat 5 2031 CMean 0
Model_1_goa_re_2019.dat 5 2032 Cabc 0.840752
Model_1_goa_re_2019.dat 5 2032 Cofl 0.901601
Model_1_goa_re_2019.dat 5 2032 CLCI 0
Model_1_goa_re_2019.dat 5 2032 CUCI 0
Model_1_goa_re_2019.dat 5 2032 CMedian 0
Model_1_goa_re_2019.dat 5 2032 CMean 0
Model_1_goa_re_2019.dat 5 2019 SSBF100 20.6581
Model_1_goa_re_2019.dat 5 2019 SSBFabc 8.26323
Model_1_goa_re_2019.dat 5 2019 SSBFofl 7.23033
Model_1_goa_re_2019.dat 5 2019 SSBLCI 12.4748
Model_1_goa_re_2019.dat 5 2019 SSBUCI 12.4748
Model_1_goa_re_2019.dat 5 2019 SSBMedian 12.4748
Model_1_goa_re_2019.dat 5 2019 SSBMean 12.4748
Model_1_goa_re_2019.dat 5 2020 SSBF100 20.6581
Model_1_goa_re_2019.dat 5 2020 SSBFabc 8.26323
Model_1_goa_re_2019.dat 5 2020 SSBFofl 7.23033
Model_1_goa_re_2019.dat 5 2020 SSBLCI 12.4257
Model_1_goa_re_2019.dat 5 2020 SSBUCI 12.4257
Model_1_goa_re_2019.dat 5 2020 SSBMedian 12.4257
Model_1_goa_re_2019.dat 5 2020 SSBMean 12.4257
Model_1_goa_re_2019.dat 5 2021 SSBF100 20.6581
Model_1_goa_re_2019.dat 5 2021 SSBFabc 8.26323
Model_1_goa_re_2019.dat 5 2021 SSBFofl 7.23033
Model_1_goa_re_2019.dat 5 2021 SSBLCI 12.4246
Model_1_goa_re_2019.dat 5 2021 SSBUCI 12.4246
Model_1_goa_re_2019.dat 5 2021 SSBMedian 12.4246
Model_1_goa_re_2019.dat 5 2021 SSBMean 12.4246
Model_1_goa_re_2019.dat 5 2022 SSBF100 20.6581
Model_1_goa_re_2019.dat 5 2022 SSBFabc 8.26323
Model_1_goa_re_2019.dat 5 2022 SSBFofl 7.23033
Model_1_goa_re_2019.dat 5 2022 SSBLCI 12.5424
Model_1_goa_re_2019.dat 5 2022 SSBUCI 12.5424
Model_1_goa_re_2019.dat 5 2022 SSBMedian 12.5424
Model_1_goa_re_2019.dat 5 2022 SSBMean 12.5424
Model_1_goa_re_2019.dat 5 2023 SSBF100 20.6581
Model_1_goa_re_2019.dat 5 2023 SSBFabc 8.26323
Model_1_goa_re_2019.dat 5 2023 SSBFofl 7.23033
Model_1_goa_re_2019.dat 5 2023 SSBLCI 12.8212
Model_1_goa_re_2019.dat 5 2023 SSBUCI 12.8212
Model_1_goa_re_2019.dat 5 2023 SSBMedian 12.8212
Model_1_goa_re_2019.dat 5 2023 SSBMean 12.8212
Model_1_goa_re_2019.dat 5 2024 SSBF100 20.6581
Model_1_goa_re_2019.dat 5 2024 SSBFabc 8.26323
Model_1_goa_re_2019.dat 5 2024 SSBFofl 7.23033
Model_1_goa_re_2019.dat 5 2024 SSBLCI 13.1027
Model_1_goa_re_2019.dat 5 2024 SSBUCI 13.103
Model_1_goa_re_2019.dat 5 2024 SSBMedian 13.1028
Model_1_goa_re_2019.dat 5 2024 SSBMean 13.1028
Model_1_goa_re_2019.dat 5 2025 SSBF100 20.6581
Model_1_goa_re_2019.dat 5 2025 SSBFabc 8.26323
Model_1_goa_re_2019.dat 5 2025 SSBFofl 7.23033
Model_1_goa_re_2019.dat 5 2025 SSBLCI 13.4147
Model_1_goa_re_2019.dat 5 2025 SSBUCI 13.4156
Model_1_goa_re_2019.dat 5 2025 SSBMedian 13.4151
Model_1_goa_re_2019.dat 5 2025 SSBMean 13.4151
Model_1_goa_re_2019.dat 5 2026 SSBF100 20.6581
Model_1_goa_re_2019.dat 5 2026 SSBFabc 8.26323
Model_1_goa_re_2019.dat 5 2026 SSBFofl 7.23033
Model_1_goa_re_2019.dat 5 2026 SSBLCI 13.735
Model_1_goa_re_2019.dat 5 2026 SSBUCI 13.7371
Model_1_goa_re_2019.dat 5 2026 SSBMedian 13.7358
Model_1_goa_re_2019.dat 5 2026 SSBMean 13.7359
Model_1_goa_re_2019.dat 5 2027 SSBF100 20.6581
Model_1_goa_re_2019.dat 5 2027 SSBFabc 8.26323
Model_1_goa_re_2019.dat 5 2027 SSBFofl 7.23033
Model_1_goa_re_2019.dat 5 2027 SSBLCI 14.0429
Model_1_goa_re_2019.dat 5 2027 SSBUCI 14.0487
Model_1_goa_re_2019.dat 5 2027 SSBMedian 14.0451
Model_1_goa_re_2019.dat 5 2027 SSBMean 14.0453
Model_1_goa_re_2019.dat 5 2028 SSBF100 20.6581
Model_1_goa_re_2019.dat 5 2028 SSBFabc 8.26323
Model_1_goa_re_2019.dat 5 2028 SSBFofl 7.23033
Model_1_goa_re_2019.dat 5 2028 SSBLCI 14.3282
Model_1_goa_re_2019.dat 5 2028 SSBUCI 14.343
Model_1_goa_re_2019.dat 5 2028 SSBMedian 14.3336
Model_1_goa_re_2019.dat 5 2028 SSBMean 14.3343
Model_1_goa_re_2019.dat 5 2029 SSBF100 20.6581
Model_1_goa_re_2019.dat 5 2029 SSBFabc 8.26323
Model_1_goa_re_2019.dat 5 2029 SSBFofl 7.23033
Model_1_goa_re_2019.dat 5 2029 SSBLCI 14.5847
Model_1_goa_re_2019.dat 5 2029 SSBUCI 14.6164
Model_1_goa_re_2019.dat 5 2029 SSBMedian 14.5966
Model_1_goa_re_2019.dat 5 2029 SSBMean 14.5981
Model_1_goa_re_2019.dat 5 2030 SSBF100 20.6581
Model_1_goa_re_2019.dat 5 2030 SSBFabc 8.26323
Model_1_goa_re_2019.dat 5 2030 SSBFofl 7.23033
Model_1_goa_re_2019.dat 5 2030 SSBLCI 14.8169
Model_1_goa_re_2019.dat 5 2030 SSBUCI 14.881
Model_1_goa_re_2019.dat 5 2030 SSBMedian 14.8407
Model_1_goa_re_2019.dat 5 2030 SSBMean 14.8437
Model_1_goa_re_2019.dat 5 2031 SSBF100 20.6581
Model_1_goa_re_2019.dat 5 2031 SSBFabc 8.26323
Model_1_goa_re_2019.dat 5 2031 SSBFofl 7.23033
Model_1_goa_re_2019.dat 5 2031 SSBLCI 15.0287
Model_1_goa_re_2019.dat 5 2031 SSBUCI 15.1442
Model_1_goa_re_2019.dat 5 2031 SSBMedian 15.0722
Model_1_goa_re_2019.dat 5 2031 SSBMean 15.0772
Model_1_goa_re_2019.dat 5 2032 SSBF100 20.6581
Model_1_goa_re_2019.dat 5 2032 SSBFabc 8.26323
Model_1_goa_re_2019.dat 5 2032 SSBFofl 7.23033
Model_1_goa_re_2019.dat 5 2032 SSBLCI 15.1884
Model_1_goa_re_2019.dat 5 2032 SSBUCI 15.3838
Model_1_goa_re_2019.dat 5 2032 SSBMedian 15.2617
Model_1_goa_re_2019.dat 5 2032 SSBMean 15.2712
Model_1_goa_re_2019.dat 5 2019 F0 0 
Model_1_goa_re_2019.dat 5 2019 Fabc 0.0399647
Model_1_goa_re_2019.dat 5 2019 Fofl 0.048207
Model_1_goa_re_2019.dat 5 2019  F_LCI 0.0262862
Model_1_goa_re_2019.dat 5 2019  F_UCI 0.0262862
Model_1_goa_re_2019.dat 5 2019  F_Median 0.0262862
Model_1_goa_re_2019.dat 5 2019  F_Mean 0.0262862
Model_1_goa_re_2019.dat 5 2020 F0 0 
Model_1_goa_re_2019.dat 5 2020 Fabc 0.0399647
Model_1_goa_re_2019.dat 5 2020 Fofl 0.048207
Model_1_goa_re_2019.dat 5 2020  F_LCI 0.0196787
Model_1_goa_re_2019.dat 5 2020  F_UCI 0.0196788
Model_1_goa_re_2019.dat 5 2020  F_Median 0.0196788
Model_1_goa_re_2019.dat 5 2020  F_Mean 0.0196788
Model_1_goa_re_2019.dat 5 2021 F0 0 
Model_1_goa_re_2019.dat 5 2021 Fabc 0.0399647
Model_1_goa_re_2019.dat 5 2021 Fofl 0.048207
Model_1_goa_re_2019.dat 5 2021  F_LCI 0.019302
Model_1_goa_re_2019.dat 5 2021  F_UCI 0.0193021
Model_1_goa_re_2019.dat 5 2021  F_Median 0.0193021
Model_1_goa_re_2019.dat 5 2021  F_Mean 0.0193021
Model_1_goa_re_2019.dat 5 2022 F0 0 
Model_1_goa_re_2019.dat 5 2022 Fabc 0.0399647
Model_1_goa_re_2019.dat 5 2022 Fofl 0.048207
Model_1_goa_re_2019.dat 5 2022  F_LCI 0
Model_1_goa_re_2019.dat 5 2022  F_UCI 0
Model_1_goa_re_2019.dat 5 2022  F_Median 0
Model_1_goa_re_2019.dat 5 2022  F_Mean 0
Model_1_goa_re_2019.dat 5 2023 F0 0 
Model_1_goa_re_2019.dat 5 2023 Fabc 0.0399647
Model_1_goa_re_2019.dat 5 2023 Fofl 0.048207
Model_1_goa_re_2019.dat 5 2023  F_LCI 0
Model_1_goa_re_2019.dat 5 2023  F_UCI 0
Model_1_goa_re_2019.dat 5 2023  F_Median 0
Model_1_goa_re_2019.dat 5 2023  F_Mean 0
Model_1_goa_re_2019.dat 5 2024 F0 0 
Model_1_goa_re_2019.dat 5 2024 Fabc 0.0399647
Model_1_goa_re_2019.dat 5 2024 Fofl 0.048207
Model_1_goa_re_2019.dat 5 2024  F_LCI 0
Model_1_goa_re_2019.dat 5 2024  F_UCI 0
Model_1_goa_re_2019.dat 5 2024  F_Median 0
Model_1_goa_re_2019.dat 5 2024  F_Mean 0
Model_1_goa_re_2019.dat 5 2025 F0 0 
Model_1_goa_re_2019.dat 5 2025 Fabc 0.0399647
Model_1_goa_re_2019.dat 5 2025 Fofl 0.048207
Model_1_goa_re_2019.dat 5 2025  F_LCI 0
Model_1_goa_re_2019.dat 5 2025  F_UCI 0
Model_1_goa_re_2019.dat 5 2025  F_Median 0
Model_1_goa_re_2019.dat 5 2025  F_Mean 0
Model_1_goa_re_2019.dat 5 2026 F0 0 
Model_1_goa_re_2019.dat 5 2026 Fabc 0.0399647
Model_1_goa_re_2019.dat 5 2026 Fofl 0.048207
Model_1_goa_re_2019.dat 5 2026  F_LCI 0
Model_1_goa_re_2019.dat 5 2026  F_UCI 0
Model_1_goa_re_2019.dat 5 2026  F_Median 0
Model_1_goa_re_2019.dat 5 2026  F_Mean 0
Model_1_goa_re_2019.dat 5 2027 F0 0 
Model_1_goa_re_2019.dat 5 2027 Fabc 0.0399647
Model_1_goa_re_2019.dat 5 2027 Fofl 0.048207
Model_1_goa_re_2019.dat 5 2027  F_LCI 0
Model_1_goa_re_2019.dat 5 2027  F_UCI 0
Model_1_goa_re_2019.dat 5 2027  F_Median 0
Model_1_goa_re_2019.dat 5 2027  F_Mean 0
Model_1_goa_re_2019.dat 5 2028 F0 0 
Model_1_goa_re_2019.dat 5 2028 Fabc 0.0399647
Model_1_goa_re_2019.dat 5 2028 Fofl 0.048207
Model_1_goa_re_2019.dat 5 2028  F_LCI 0
Model_1_goa_re_2019.dat 5 2028  F_UCI 0
Model_1_goa_re_2019.dat 5 2028  F_Median 0
Model_1_goa_re_2019.dat 5 2028  F_Mean 0
Model_1_goa_re_2019.dat 5 2029 F0 0 
Model_1_goa_re_2019.dat 5 2029 Fabc 0.0399647
Model_1_goa_re_2019.dat 5 2029 Fofl 0.048207
Model_1_goa_re_2019.dat 5 2029  F_LCI 0
Model_1_goa_re_2019.dat 5 2029  F_UCI 0
Model_1_goa_re_2019.dat 5 2029  F_Median 0
Model_1_goa_re_2019.dat 5 2029  F_Mean 0
Model_1_goa_re_2019.dat 5 2030 F0 0 
Model_1_goa_re_2019.dat 5 2030 Fabc 0.0399647
Model_1_goa_re_2019.dat 5 2030 Fofl 0.048207
Model_1_goa_re_2019.dat 5 2030  F_LCI 0
Model_1_goa_re_2019.dat 5 2030  F_UCI 0
Model_1_goa_re_2019.dat 5 2030  F_Median 0
Model_1_goa_re_2019.dat 5 2030  F_Mean 0
Model_1_goa_re_2019.dat 5 2031 F0 0 
Model_1_goa_re_2019.dat 5 2031 Fabc 0.0399647
Model_1_goa_re_2019.dat 5 2031 Fofl 0.048207
Model_1_goa_re_2019.dat 5 2031  F_LCI 0
Model_1_goa_re_2019.dat 5 2031  F_UCI 0
Model_1_goa_re_2019.dat 5 2031  F_Median 0
Model_1_goa_re_2019.dat 5 2031  F_Mean 0
Model_1_goa_re_2019.dat 5 2032 F0 0 
Model_1_goa_re_2019.dat 5 2032 Fabc 0.0399647
Model_1_goa_re_2019.dat 5 2032 Fofl 0.048207
Model_1_goa_re_2019.dat 5 2032  F_LCI 0
Model_1_goa_re_2019.dat 5 2032  F_UCI 0
Model_1_goa_re_2019.dat 5 2032  F_Median 0
Model_1_goa_re_2019.dat 5 2032  F_Mean 0
Model_1_goa_re_2019.dat 6 2019 Cabc 0.840752
Model_1_goa_re_2019.dat 6 2019 Cofl 0.901601
Model_1_goa_re_2019.dat 6 2019 CLCI 0.803113
Model_1_goa_re_2019.dat 6 2019 CUCI 0.803113
Model_1_goa_re_2019.dat 6 2019 CMedian 0.803113
Model_1_goa_re_2019.dat 6 2019 CMean 0.803113
Model_1_goa_re_2019.dat 6 2020 Cabc 0.840752
Model_1_goa_re_2019.dat 6 2020 Cofl 0.901601
Model_1_goa_re_2019.dat 6 2020 CLCI 1.44238
Model_1_goa_re_2019.dat 6 2020 CUCI 1.44238
Model_1_goa_re_2019.dat 6 2020 CMedian 1.44238
Model_1_goa_re_2019.dat 6 2020 CMean 1.44238
Model_1_goa_re_2019.dat 6 2021 Cabc 0.840752
Model_1_goa_re_2019.dat 6 2021 Cofl 0.901601
Model_1_goa_re_2019.dat 6 2021 CLCI 1.40508
Model_1_goa_re_2019.dat 6 2021 CUCI 1.40509
Model_1_goa_re_2019.dat 6 2021 CMedian 1.40508
Model_1_goa_re_2019.dat 6 2021 CMean 1.40508
Model_1_goa_re_2019.dat 6 2022 Cabc 0.840752
Model_1_goa_re_2019.dat 6 2022 Cofl 0.901601
Model_1_goa_re_2019.dat 6 2022 CLCI 1.3794
Model_1_goa_re_2019.dat 6 2022 CUCI 1.37944
Model_1_goa_re_2019.dat 6 2022 CMedian 1.37942
Model_1_goa_re_2019.dat 6 2022 CMean 1.37942
Model_1_goa_re_2019.dat 6 2023 Cabc 0.840752
Model_1_goa_re_2019.dat 6 2023 Cofl 0.901601
Model_1_goa_re_2019.dat 6 2023 CLCI 1.33642
Model_1_goa_re_2019.dat 6 2023 CUCI 1.33657
Model_1_goa_re_2019.dat 6 2023 CMedian 1.33648
Model_1_goa_re_2019.dat 6 2023 CMean 1.33648
Model_1_goa_re_2019.dat 6 2024 Cabc 0.840752
Model_1_goa_re_2019.dat 6 2024 Cofl 0.901601
Model_1_goa_re_2019.dat 6 2024 CLCI 1.31119
Model_1_goa_re_2019.dat 6 2024 CUCI 1.31168
Model_1_goa_re_2019.dat 6 2024 CMedian 1.31137
Model_1_goa_re_2019.dat 6 2024 CMean 1.31139
Model_1_goa_re_2019.dat 6 2025 Cabc 0.840752
Model_1_goa_re_2019.dat 6 2025 Cofl 0.901601
Model_1_goa_re_2019.dat 6 2025 CLCI 1.30708
Model_1_goa_re_2019.dat 6 2025 CUCI 1.30835
Model_1_goa_re_2019.dat 6 2025 CMedian 1.30754
Model_1_goa_re_2019.dat 6 2025 CMean 1.3076
Model_1_goa_re_2019.dat 6 2026 Cabc 0.840752
Model_1_goa_re_2019.dat 6 2026 Cofl 0.901601
Model_1_goa_re_2019.dat 6 2026 CLCI 1.33086
Model_1_goa_re_2019.dat 6 2026 CUCI 1.3335
Model_1_goa_re_2019.dat 6 2026 CMedian 1.33185
Model_1_goa_re_2019.dat 6 2026 CMean 1.33198
Model_1_goa_re_2019.dat 6 2027 Cabc 0.840752
Model_1_goa_re_2019.dat 6 2027 Cofl 0.901601
Model_1_goa_re_2019.dat 6 2027 CLCI 1.28731
Model_1_goa_re_2019.dat 6 2027 CUCI 1.29175
Model_1_goa_re_2019.dat 6 2027 CMedian 1.28897
Model_1_goa_re_2019.dat 6 2027 CMean 1.28917
Model_1_goa_re_2019.dat 6 2028 Cabc 0.840752
Model_1_goa_re_2019.dat 6 2028 Cofl 0.901601
Model_1_goa_re_2019.dat 6 2028 CLCI 1.24625
Model_1_goa_re_2019.dat 6 2028 CUCI 1.25228
Model_1_goa_re_2019.dat 6 2028 CMedian 1.24874
Model_1_goa_re_2019.dat 6 2028 CMean 1.24894
Model_1_goa_re_2019.dat 6 2029 Cabc 0.840752
Model_1_goa_re_2019.dat 6 2029 Cofl 0.901601
Model_1_goa_re_2019.dat 6 2029 CLCI 1.21571
Model_1_goa_re_2019.dat 6 2029 CUCI 1.22273
Model_1_goa_re_2019.dat 6 2029 CMedian 1.2187
Model_1_goa_re_2019.dat 6 2029 CMean 1.21892
Model_1_goa_re_2019.dat 6 2030 Cabc 0.840752
Model_1_goa_re_2019.dat 6 2030 Cofl 0.901601
Model_1_goa_re_2019.dat 6 2030 CLCI 1.18814
Model_1_goa_re_2019.dat 6 2030 CUCI 1.19668
Model_1_goa_re_2019.dat 6 2030 CMedian 1.19181
Model_1_goa_re_2019.dat 6 2030 CMean 1.19205
Model_1_goa_re_2019.dat 6 2031 Cabc 0.840752
Model_1_goa_re_2019.dat 6 2031 Cofl 0.901601
Model_1_goa_re_2019.dat 6 2031 CLCI 1.1583
Model_1_goa_re_2019.dat 6 2031 CUCI 1.17019
Model_1_goa_re_2019.dat 6 2031 CMedian 1.1631
Model_1_goa_re_2019.dat 6 2031 CMean 1.16335
Model_1_goa_re_2019.dat 6 2032 Cabc 0.840752
Model_1_goa_re_2019.dat 6 2032 Cofl 0.901601
Model_1_goa_re_2019.dat 6 2032 CLCI 1.12835
Model_1_goa_re_2019.dat 6 2032 CUCI 1.15112
Model_1_goa_re_2019.dat 6 2032 CMedian 1.13653
Model_1_goa_re_2019.dat 6 2032 CMean 1.13772
Model_1_goa_re_2019.dat 6 2019 SSBF100 20.6581
Model_1_goa_re_2019.dat 6 2019 SSBFabc 8.26323
Model_1_goa_re_2019.dat 6 2019 SSBFofl 7.23033
Model_1_goa_re_2019.dat 6 2019 SSBLCI 12.4748
Model_1_goa_re_2019.dat 6 2019 SSBUCI 12.4748
Model_1_goa_re_2019.dat 6 2019 SSBMedian 12.4748
Model_1_goa_re_2019.dat 6 2019 SSBMean 12.4748
Model_1_goa_re_2019.dat 6 2020 SSBF100 20.6581
Model_1_goa_re_2019.dat 6 2020 SSBFabc 8.26323
Model_1_goa_re_2019.dat 6 2020 SSBFofl 7.23033
Model_1_goa_re_2019.dat 6 2020 SSBLCI 12.2819
Model_1_goa_re_2019.dat 6 2020 SSBUCI 12.2819
Model_1_goa_re_2019.dat 6 2020 SSBMedian 12.2819
Model_1_goa_re_2019.dat 6 2020 SSBMean 12.2819
Model_1_goa_re_2019.dat 6 2021 SSBF100 20.6581
Model_1_goa_re_2019.dat 6 2021 SSBFabc 8.26323
Model_1_goa_re_2019.dat 6 2021 SSBFofl 7.23033
Model_1_goa_re_2019.dat 6 2021 SSBLCI 11.9452
Model_1_goa_re_2019.dat 6 2021 SSBUCI 11.9452
Model_1_goa_re_2019.dat 6 2021 SSBMedian 11.9452
Model_1_goa_re_2019.dat 6 2021 SSBMean 11.9452
Model_1_goa_re_2019.dat 6 2022 SSBF100 20.6581
Model_1_goa_re_2019.dat 6 2022 SSBFabc 8.26323
Model_1_goa_re_2019.dat 6 2022 SSBFofl 7.23033
Model_1_goa_re_2019.dat 6 2022 SSBLCI 11.6412
Model_1_goa_re_2019.dat 6 2022 SSBUCI 11.6412
Model_1_goa_re_2019.dat 6 2022 SSBMedian 11.6412
Model_1_goa_re_2019.dat 6 2022 SSBMean 11.6412
Model_1_goa_re_2019.dat 6 2023 SSBF100 20.6581
Model_1_goa_re_2019.dat 6 2023 SSBFabc 8.26323
Model_1_goa_re_2019.dat 6 2023 SSBFofl 7.23033
Model_1_goa_re_2019.dat 6 2023 SSBLCI 11.3742
Model_1_goa_re_2019.dat 6 2023 SSBUCI 11.3742
Model_1_goa_re_2019.dat 6 2023 SSBMedian 11.3742
Model_1_goa_re_2019.dat 6 2023 SSBMean 11.3742
Model_1_goa_re_2019.dat 6 2024 SSBF100 20.6581
Model_1_goa_re_2019.dat 6 2024 SSBFabc 8.26323
Model_1_goa_re_2019.dat 6 2024 SSBFofl 7.23033
Model_1_goa_re_2019.dat 6 2024 SSBLCI 11.1273
Model_1_goa_re_2019.dat 6 2024 SSBUCI 11.1276
Model_1_goa_re_2019.dat 6 2024 SSBMedian 11.1274
Model_1_goa_re_2019.dat 6 2024 SSBMean 11.1274
Model_1_goa_re_2019.dat 6 2025 SSBF100 20.6581
Model_1_goa_re_2019.dat 6 2025 SSBFabc 8.26323
Model_1_goa_re_2019.dat 6 2025 SSBFofl 7.23033
Model_1_goa_re_2019.dat 6 2025 SSBLCI 10.9228
Model_1_goa_re_2019.dat 6 2025 SSBUCI 10.9236
Model_1_goa_re_2019.dat 6 2025 SSBMedian 10.9231
Model_1_goa_re_2019.dat 6 2025 SSBMean 10.9231
Model_1_goa_re_2019.dat 6 2026 SSBF100 20.6581
Model_1_goa_re_2019.dat 6 2026 SSBFabc 8.26323
Model_1_goa_re_2019.dat 6 2026 SSBFofl 7.23033
Model_1_goa_re_2019.dat 6 2026 SSBLCI 10.735
Model_1_goa_re_2019.dat 6 2026 SSBUCI 10.737
Model_1_goa_re_2019.dat 6 2026 SSBMedian 10.7357
Model_1_goa_re_2019.dat 6 2026 SSBMean 10.7358
Model_1_goa_re_2019.dat 6 2027 SSBF100 20.6581
Model_1_goa_re_2019.dat 6 2027 SSBFabc 8.26323
Model_1_goa_re_2019.dat 6 2027 SSBFofl 7.23033
Model_1_goa_re_2019.dat 6 2027 SSBLCI 10.5433
Model_1_goa_re_2019.dat 6 2027 SSBUCI 10.5491
Model_1_goa_re_2019.dat 6 2027 SSBMedian 10.5454
Model_1_goa_re_2019.dat 6 2027 SSBMean 10.5457
Model_1_goa_re_2019.dat 6 2028 SSBF100 20.6581
Model_1_goa_re_2019.dat 6 2028 SSBFabc 8.26323
Model_1_goa_re_2019.dat 6 2028 SSBFofl 7.23033
Model_1_goa_re_2019.dat 6 2028 SSBLCI 10.3453
Model_1_goa_re_2019.dat 6 2028 SSBUCI 10.3599
Model_1_goa_re_2019.dat 6 2028 SSBMedian 10.3506
Model_1_goa_re_2019.dat 6 2028 SSBMean 10.3513
Model_1_goa_re_2019.dat 6 2029 SSBF100 20.6581
Model_1_goa_re_2019.dat 6 2029 SSBFabc 8.26323
Model_1_goa_re_2019.dat 6 2029 SSBFofl 7.23033
Model_1_goa_re_2019.dat 6 2029 SSBLCI 10.1375
Model_1_goa_re_2019.dat 6 2029 SSBUCI 10.1688
Model_1_goa_re_2019.dat 6 2029 SSBMedian 10.1493
Model_1_goa_re_2019.dat 6 2029 SSBMean 10.1507
Model_1_goa_re_2019.dat 6 2030 SSBF100 20.6581
Model_1_goa_re_2019.dat 6 2030 SSBFabc 8.26323
Model_1_goa_re_2019.dat 6 2030 SSBFofl 7.23033
Model_1_goa_re_2019.dat 6 2030 SSBLCI 9.92466
Model_1_goa_re_2019.dat 6 2030 SSBUCI 9.98758
Model_1_goa_re_2019.dat 6 2030 SSBMedian 9.94809
Model_1_goa_re_2019.dat 6 2030 SSBMean 9.95099
Model_1_goa_re_2019.dat 6 2031 SSBF100 20.6581
Model_1_goa_re_2019.dat 6 2031 SSBFabc 8.26323
Model_1_goa_re_2019.dat 6 2031 SSBFofl 7.23033
Model_1_goa_re_2019.dat 6 2031 SSBLCI 9.71024
Model_1_goa_re_2019.dat 6 2031 SSBUCI 9.8236
Model_1_goa_re_2019.dat 6 2031 SSBMedian 9.75282
Model_1_goa_re_2019.dat 6 2031 SSBMean 9.75773
Model_1_goa_re_2019.dat 6 2032 SSBF100 20.6581
Model_1_goa_re_2019.dat 6 2032 SSBFabc 8.26323
Model_1_goa_re_2019.dat 6 2032 SSBFofl 7.23033
Model_1_goa_re_2019.dat 6 2032 SSBLCI 9.47586
Model_1_goa_re_2019.dat 6 2032 SSBUCI 9.66623
Model_1_goa_re_2019.dat 6 2032 SSBMedian 9.54724
Model_1_goa_re_2019.dat 6 2032 SSBMean 9.55673
Model_1_goa_re_2019.dat 6 2019 F0 0 
Model_1_goa_re_2019.dat 6 2019 Fabc 0.0399647
Model_1_goa_re_2019.dat 6 2019 Fofl 0.048207
Model_1_goa_re_2019.dat 6 2019  F_LCI 0.0262862
Model_1_goa_re_2019.dat 6 2019  F_UCI 0.0262862
Model_1_goa_re_2019.dat 6 2019  F_Median 0.0262862
Model_1_goa_re_2019.dat 6 2019  F_Mean 0.0262862
Model_1_goa_re_2019.dat 6 2020 F0 0 
Model_1_goa_re_2019.dat 6 2020 Fabc 0.0399647
Model_1_goa_re_2019.dat 6 2020 Fofl 0.048207
Model_1_goa_re_2019.dat 6 2020  F_LCI 0.048207
Model_1_goa_re_2019.dat 6 2020  F_UCI 0.048207
Model_1_goa_re_2019.dat 6 2020  F_Median 0.048207
Model_1_goa_re_2019.dat 6 2020  F_Mean 0.048207
Model_1_goa_re_2019.dat 6 2021 F0 0 
Model_1_goa_re_2019.dat 6 2021 Fabc 0.0399647
Model_1_goa_re_2019.dat 6 2021 Fofl 0.048207
Model_1_goa_re_2019.dat 6 2021  F_LCI 0.048207
Model_1_goa_re_2019.dat 6 2021  F_UCI 0.048207
Model_1_goa_re_2019.dat 6 2021  F_Median 0.048207
Model_1_goa_re_2019.dat 6 2021  F_Mean 0.048207
Model_1_goa_re_2019.dat 6 2022 F0 0 
Model_1_goa_re_2019.dat 6 2022 Fabc 0.0399647
Model_1_goa_re_2019.dat 6 2022 Fofl 0.048207
Model_1_goa_re_2019.dat 6 2022  F_LCI 0.048207
Model_1_goa_re_2019.dat 6 2022  F_UCI 0.048207
Model_1_goa_re_2019.dat 6 2022  F_Median 0.048207
Model_1_goa_re_2019.dat 6 2022  F_Mean 0.048207
Model_1_goa_re_2019.dat 6 2023 F0 0 
Model_1_goa_re_2019.dat 6 2023 Fabc 0.0399647
Model_1_goa_re_2019.dat 6 2023 Fofl 0.048207
Model_1_goa_re_2019.dat 6 2023  F_LCI 0.048207
Model_1_goa_re_2019.dat 6 2023  F_UCI 0.048207
Model_1_goa_re_2019.dat 6 2023  F_Median 0.048207
Model_1_goa_re_2019.dat 6 2023  F_Mean 0.048207
Model_1_goa_re_2019.dat 6 2024 F0 0 
Model_1_goa_re_2019.dat 6 2024 Fabc 0.0399647
Model_1_goa_re_2019.dat 6 2024 Fofl 0.048207
Model_1_goa_re_2019.dat 6 2024  F_LCI 0.048207
Model_1_goa_re_2019.dat 6 2024  F_UCI 0.048207
Model_1_goa_re_2019.dat 6 2024  F_Median 0.048207
Model_1_goa_re_2019.dat 6 2024  F_Mean 0.048207
Model_1_goa_re_2019.dat 6 2025 F0 0 
Model_1_goa_re_2019.dat 6 2025 Fabc 0.0399647
Model_1_goa_re_2019.dat 6 2025 Fofl 0.048207
Model_1_goa_re_2019.dat 6 2025  F_LCI 0.048207
Model_1_goa_re_2019.dat 6 2025  F_UCI 0.048207
Model_1_goa_re_2019.dat 6 2025  F_Median 0.048207
Model_1_goa_re_2019.dat 6 2025  F_Mean 0.048207
Model_1_goa_re_2019.dat 6 2026 F0 0 
Model_1_goa_re_2019.dat 6 2026 Fabc 0.0399647
Model_1_goa_re_2019.dat 6 2026 Fofl 0.048207
Model_1_goa_re_2019.dat 6 2026  F_LCI 0.048207
Model_1_goa_re_2019.dat 6 2026  F_UCI 0.048207
Model_1_goa_re_2019.dat 6 2026  F_Median 0.048207
Model_1_goa_re_2019.dat 6 2026  F_Mean 0.048207
Model_1_goa_re_2019.dat 6 2027 F0 0 
Model_1_goa_re_2019.dat 6 2027 Fabc 0.0399647
Model_1_goa_re_2019.dat 6 2027 Fofl 0.048207
Model_1_goa_re_2019.dat 6 2027  F_LCI 0.048207
Model_1_goa_re_2019.dat 6 2027  F_UCI 0.048207
Model_1_goa_re_2019.dat 6 2027  F_Median 0.048207
Model_1_goa_re_2019.dat 6 2027  F_Mean 0.048207
Model_1_goa_re_2019.dat 6 2028 F0 0 
Model_1_goa_re_2019.dat 6 2028 Fabc 0.0399647
Model_1_goa_re_2019.dat 6 2028 Fofl 0.048207
Model_1_goa_re_2019.dat 6 2028  F_LCI 0.048207
Model_1_goa_re_2019.dat 6 2028  F_UCI 0.048207
Model_1_goa_re_2019.dat 6 2028  F_Median 0.048207
Model_1_goa_re_2019.dat 6 2028  F_Mean 0.048207
Model_1_goa_re_2019.dat 6 2029 F0 0 
Model_1_goa_re_2019.dat 6 2029 Fabc 0.0399647
Model_1_goa_re_2019.dat 6 2029 Fofl 0.048207
Model_1_goa_re_2019.dat 6 2029  F_LCI 0.048207
Model_1_goa_re_2019.dat 6 2029  F_UCI 0.048207
Model_1_goa_re_2019.dat 6 2029  F_Median 0.048207
Model_1_goa_re_2019.dat 6 2029  F_Mean 0.048207
Model_1_goa_re_2019.dat 6 2030 F0 0 
Model_1_goa_re_2019.dat 6 2030 Fabc 0.0399647
Model_1_goa_re_2019.dat 6 2030 Fofl 0.048207
Model_1_goa_re_2019.dat 6 2030  F_LCI 0.048207
Model_1_goa_re_2019.dat 6 2030  F_UCI 0.048207
Model_1_goa_re_2019.dat 6 2030  F_Median 0.048207
Model_1_goa_re_2019.dat 6 2030  F_Mean 0.048207
Model_1_goa_re_2019.dat 6 2031 F0 0 
Model_1_goa_re_2019.dat 6 2031 Fabc 0.0399647
Model_1_goa_re_2019.dat 6 2031 Fofl 0.048207
Model_1_goa_re_2019.dat 6 2031  F_LCI 0.048207
Model_1_goa_re_2019.dat 6 2031  F_UCI 0.048207
Model_1_goa_re_2019.dat 6 2031  F_Median 0.048207
Model_1_goa_re_2019.dat 6 2031  F_Mean 0.048207
Model_1_goa_re_2019.dat 6 2032 F0 0 
Model_1_goa_re_2019.dat 6 2032 Fabc 0.0399647
Model_1_goa_re_2019.dat 6 2032 Fofl 0.048207
Model_1_goa_re_2019.dat 6 2032  F_LCI 0.048207
Model_1_goa_re_2019.dat 6 2032  F_UCI 0.048207
Model_1_goa_re_2019.dat 6 2032  F_Median 0.048207
Model_1_goa_re_2019.dat 6 2032  F_Mean 0.048207
Model_1_goa_re_2019.dat 7 2019 Cabc 0.840752
Model_1_goa_re_2019.dat 7 2019 Cofl 0.901601
Model_1_goa_re_2019.dat 7 2019 CLCI 0.803113
Model_1_goa_re_2019.dat 7 2019 CUCI 0.803113
Model_1_goa_re_2019.dat 7 2019 CMedian 0.803113
Model_1_goa_re_2019.dat 7 2019 CMean 0.803113
Model_1_goa_re_2019.dat 7 2020 Cabc 0.840752
Model_1_goa_re_2019.dat 7 2020 Cofl 0.901601
Model_1_goa_re_2019.dat 7 2020 CLCI 1.20051
Model_1_goa_re_2019.dat 7 2020 CUCI 1.20051
Model_1_goa_re_2019.dat 7 2020 CMedian 1.20051
Model_1_goa_re_2019.dat 7 2020 CMean 1.20051
Model_1_goa_re_2019.dat 7 2021 Cabc 0.840752
Model_1_goa_re_2019.dat 7 2021 Cofl 0.901601
Model_1_goa_re_2019.dat 7 2021 CLCI 1.17859
Model_1_goa_re_2019.dat 7 2021 CUCI 1.1786
Model_1_goa_re_2019.dat 7 2021 CMedian 1.17859
Model_1_goa_re_2019.dat 7 2021 CMean 1.17859
Model_1_goa_re_2019.dat 7 2022 Cabc 0.840752
Model_1_goa_re_2019.dat 7 2022 Cofl 0.901601
Model_1_goa_re_2019.dat 7 2022 CLCI 1.40048
Model_1_goa_re_2019.dat 7 2022 CUCI 1.40052
Model_1_goa_re_2019.dat 7 2022 CMedian 1.40049
Model_1_goa_re_2019.dat 7 2022 CMean 1.40049
Model_1_goa_re_2019.dat 7 2023 Cabc 0.840752
Model_1_goa_re_2019.dat 7 2023 Cofl 0.901601
Model_1_goa_re_2019.dat 7 2023 CLCI 1.35613
Model_1_goa_re_2019.dat 7 2023 CUCI 1.35628
Model_1_goa_re_2019.dat 7 2023 CMedian 1.35618
Model_1_goa_re_2019.dat 7 2023 CMean 1.35619
Model_1_goa_re_2019.dat 7 2024 Cabc 0.840752
Model_1_goa_re_2019.dat 7 2024 Cofl 0.901601
Model_1_goa_re_2019.dat 7 2024 CLCI 1.32961
Model_1_goa_re_2019.dat 7 2024 CUCI 1.3301
Model_1_goa_re_2019.dat 7 2024 CMedian 1.32979
Model_1_goa_re_2019.dat 7 2024 CMean 1.32981
Model_1_goa_re_2019.dat 7 2025 Cabc 0.840752
Model_1_goa_re_2019.dat 7 2025 Cofl 0.901601
Model_1_goa_re_2019.dat 7 2025 CLCI 1.3243
Model_1_goa_re_2019.dat 7 2025 CUCI 1.32558
Model_1_goa_re_2019.dat 7 2025 CMedian 1.32477
Model_1_goa_re_2019.dat 7 2025 CMean 1.32483
Model_1_goa_re_2019.dat 7 2026 Cabc 0.840752
Model_1_goa_re_2019.dat 7 2026 Cofl 0.901601
Model_1_goa_re_2019.dat 7 2026 CLCI 1.34698
Model_1_goa_re_2019.dat 7 2026 CUCI 1.34963
Model_1_goa_re_2019.dat 7 2026 CMedian 1.34798
Model_1_goa_re_2019.dat 7 2026 CMean 1.3481
Model_1_goa_re_2019.dat 7 2027 Cabc 0.840752
Model_1_goa_re_2019.dat 7 2027 Cofl 0.901601
Model_1_goa_re_2019.dat 7 2027 CLCI 1.30232
Model_1_goa_re_2019.dat 7 2027 CUCI 1.30676
Model_1_goa_re_2019.dat 7 2027 CMedian 1.30397
Model_1_goa_re_2019.dat 7 2027 CMean 1.30418
Model_1_goa_re_2019.dat 7 2028 Cabc 0.840752
Model_1_goa_re_2019.dat 7 2028 Cofl 0.901601
Model_1_goa_re_2019.dat 7 2028 CLCI 1.2602
Model_1_goa_re_2019.dat 7 2028 CUCI 1.26622
Model_1_goa_re_2019.dat 7 2028 CMedian 1.26268
Model_1_goa_re_2019.dat 7 2028 CMean 1.26288
Model_1_goa_re_2019.dat 7 2029 Cabc 0.840752
Model_1_goa_re_2019.dat 7 2029 Cofl 0.901601
Model_1_goa_re_2019.dat 7 2029 CLCI 1.22865
Model_1_goa_re_2019.dat 7 2029 CUCI 1.23566
Model_1_goa_re_2019.dat 7 2029 CMedian 1.23163
Model_1_goa_re_2019.dat 7 2029 CMean 1.23186
Model_1_goa_re_2019.dat 7 2030 Cabc 0.840752
Model_1_goa_re_2019.dat 7 2030 Cofl 0.901601
Model_1_goa_re_2019.dat 7 2030 CLCI 1.20013
Model_1_goa_re_2019.dat 7 2030 CUCI 1.20867
Model_1_goa_re_2019.dat 7 2030 CMedian 1.20379
Model_1_goa_re_2019.dat 7 2030 CMean 1.20404
Model_1_goa_re_2019.dat 7 2031 Cabc 0.840752
Model_1_goa_re_2019.dat 7 2031 Cofl 0.901601
Model_1_goa_re_2019.dat 7 2031 CLCI 1.16939
Model_1_goa_re_2019.dat 7 2031 CUCI 1.18128
Model_1_goa_re_2019.dat 7 2031 CMedian 1.17419
Model_1_goa_re_2019.dat 7 2031 CMean 1.17444
Model_1_goa_re_2019.dat 7 2032 Cabc 0.840752
Model_1_goa_re_2019.dat 7 2032 Cofl 0.901601
Model_1_goa_re_2019.dat 7 2032 CLCI 1.1386
Model_1_goa_re_2019.dat 7 2032 CUCI 1.16137
Model_1_goa_re_2019.dat 7 2032 CMedian 1.14679
Model_1_goa_re_2019.dat 7 2032 CMean 1.14797
Model_1_goa_re_2019.dat 7 2019 SSBF100 20.6581
Model_1_goa_re_2019.dat 7 2019 SSBFabc 8.26323
Model_1_goa_re_2019.dat 7 2019 SSBFofl 7.23033
Model_1_goa_re_2019.dat 7 2019 SSBLCI 12.4748
Model_1_goa_re_2019.dat 7 2019 SSBUCI 12.4748
Model_1_goa_re_2019.dat 7 2019 SSBMedian 12.4748
Model_1_goa_re_2019.dat 7 2019 SSBMean 12.4748
Model_1_goa_re_2019.dat 7 2020 SSBF100 20.6581
Model_1_goa_re_2019.dat 7 2020 SSBFabc 8.26323
Model_1_goa_re_2019.dat 7 2020 SSBFofl 7.23033
Model_1_goa_re_2019.dat 7 2020 SSBLCI 12.3233
Model_1_goa_re_2019.dat 7 2020 SSBUCI 12.3233
Model_1_goa_re_2019.dat 7 2020 SSBMedian 12.3233
Model_1_goa_re_2019.dat 7 2020 SSBMean 12.3233
Model_1_goa_re_2019.dat 7 2021 SSBF100 20.6581
Model_1_goa_re_2019.dat 7 2021 SSBFabc 8.26323
Model_1_goa_re_2019.dat 7 2021 SSBFofl 7.23033
Model_1_goa_re_2019.dat 7 2021 SSBLCI 12.0812
Model_1_goa_re_2019.dat 7 2021 SSBUCI 12.0812
Model_1_goa_re_2019.dat 7 2021 SSBMedian 12.0812
Model_1_goa_re_2019.dat 7 2021 SSBMean 12.0812
Model_1_goa_re_2019.dat 7 2022 SSBF100 20.6581
Model_1_goa_re_2019.dat 7 2022 SSBFabc 8.26323
Model_1_goa_re_2019.dat 7 2022 SSBFofl 7.23033
Model_1_goa_re_2019.dat 7 2022 SSBLCI 11.8259
Model_1_goa_re_2019.dat 7 2022 SSBUCI 11.8259
Model_1_goa_re_2019.dat 7 2022 SSBMedian 11.8259
Model_1_goa_re_2019.dat 7 2022 SSBMean 11.8259
Model_1_goa_re_2019.dat 7 2023 SSBF100 20.6581
Model_1_goa_re_2019.dat 7 2023 SSBFabc 8.26323
Model_1_goa_re_2019.dat 7 2023 SSBFofl 7.23033
Model_1_goa_re_2019.dat 7 2023 SSBLCI 11.5503
Model_1_goa_re_2019.dat 7 2023 SSBUCI 11.5503
Model_1_goa_re_2019.dat 7 2023 SSBMedian 11.5503
Model_1_goa_re_2019.dat 7 2023 SSBMean 11.5503
Model_1_goa_re_2019.dat 7 2024 SSBF100 20.6581
Model_1_goa_re_2019.dat 7 2024 SSBFabc 8.26323
Model_1_goa_re_2019.dat 7 2024 SSBFofl 7.23033
Model_1_goa_re_2019.dat 7 2024 SSBLCI 11.2943
Model_1_goa_re_2019.dat 7 2024 SSBUCI 11.2946
Model_1_goa_re_2019.dat 7 2024 SSBMedian 11.2944
Model_1_goa_re_2019.dat 7 2024 SSBMean 11.2944
Model_1_goa_re_2019.dat 7 2025 SSBF100 20.6581
Model_1_goa_re_2019.dat 7 2025 SSBFabc 8.26323
Model_1_goa_re_2019.dat 7 2025 SSBFofl 7.23033
Model_1_goa_re_2019.dat 7 2025 SSBLCI 11.0807
Model_1_goa_re_2019.dat 7 2025 SSBUCI 11.0816
Model_1_goa_re_2019.dat 7 2025 SSBMedian 11.0811
Model_1_goa_re_2019.dat 7 2025 SSBMean 11.0811
Model_1_goa_re_2019.dat 7 2026 SSBF100 20.6581
Model_1_goa_re_2019.dat 7 2026 SSBFabc 8.26323
Model_1_goa_re_2019.dat 7 2026 SSBFofl 7.23033
Model_1_goa_re_2019.dat 7 2026 SSBLCI 10.8838
Model_1_goa_re_2019.dat 7 2026 SSBUCI 10.8859
Model_1_goa_re_2019.dat 7 2026 SSBMedian 10.8846
Model_1_goa_re_2019.dat 7 2026 SSBMean 10.8847
Model_1_goa_re_2019.dat 7 2027 SSBF100 20.6581
Model_1_goa_re_2019.dat 7 2027 SSBFabc 8.26323
Model_1_goa_re_2019.dat 7 2027 SSBFofl 7.23033
Model_1_goa_re_2019.dat 7 2027 SSBLCI 10.6831
Model_1_goa_re_2019.dat 7 2027 SSBUCI 10.6889
Model_1_goa_re_2019.dat 7 2027 SSBMedian 10.6852
Model_1_goa_re_2019.dat 7 2027 SSBMean 10.6855
Model_1_goa_re_2019.dat 7 2028 SSBF100 20.6581
Model_1_goa_re_2019.dat 7 2028 SSBFabc 8.26323
Model_1_goa_re_2019.dat 7 2028 SSBFofl 7.23033
Model_1_goa_re_2019.dat 7 2028 SSBLCI 10.4761
Model_1_goa_re_2019.dat 7 2028 SSBUCI 10.4907
Model_1_goa_re_2019.dat 7 2028 SSBMedian 10.4814
Model_1_goa_re_2019.dat 7 2028 SSBMean 10.4821
Model_1_goa_re_2019.dat 7 2029 SSBF100 20.6581
Model_1_goa_re_2019.dat 7 2029 SSBFabc 8.26323
Model_1_goa_re_2019.dat 7 2029 SSBFofl 7.23033
Model_1_goa_re_2019.dat 7 2029 SSBLCI 10.2596
Model_1_goa_re_2019.dat 7 2029 SSBUCI 10.2909
Model_1_goa_re_2019.dat 7 2029 SSBMedian 10.2714
Model_1_goa_re_2019.dat 7 2029 SSBMean 10.2728
Model_1_goa_re_2019.dat 7 2030 SSBF100 20.6581
Model_1_goa_re_2019.dat 7 2030 SSBFabc 8.26323
Model_1_goa_re_2019.dat 7 2030 SSBFofl 7.23033
Model_1_goa_re_2019.dat 7 2030 SSBLCI 10.0383
Model_1_goa_re_2019.dat 7 2030 SSBUCI 10.1012
Model_1_goa_re_2019.dat 7 2030 SSBMedian 10.0617
Model_1_goa_re_2019.dat 7 2030 SSBMean 10.0646
Model_1_goa_re_2019.dat 7 2031 SSBF100 20.6581
Model_1_goa_re_2019.dat 7 2031 SSBFabc 8.26323
Model_1_goa_re_2019.dat 7 2031 SSBFofl 7.23033
Model_1_goa_re_2019.dat 7 2031 SSBLCI 9.81568
Model_1_goa_re_2019.dat 7 2031 SSBUCI 9.92904
Model_1_goa_re_2019.dat 7 2031 SSBMedian 9.85826
Model_1_goa_re_2019.dat 7 2031 SSBMean 9.86317
Model_1_goa_re_2019.dat 7 2032 SSBF100 20.6581
Model_1_goa_re_2019.dat 7 2032 SSBFabc 8.26323
Model_1_goa_re_2019.dat 7 2032 SSBFofl 7.23033
Model_1_goa_re_2019.dat 7 2032 SSBLCI 9.57353
Model_1_goa_re_2019.dat 7 2032 SSBUCI 9.76391
Model_1_goa_re_2019.dat 7 2032 SSBMedian 9.64492
Model_1_goa_re_2019.dat 7 2032 SSBMean 9.65441
Model_1_goa_re_2019.dat 7 2019 F0 0 
Model_1_goa_re_2019.dat 7 2019 Fabc 0.0399647
Model_1_goa_re_2019.dat 7 2019 Fofl 0.048207
Model_1_goa_re_2019.dat 7 2019  F_LCI 0.0262862
Model_1_goa_re_2019.dat 7 2019  F_UCI 0.0262862
Model_1_goa_re_2019.dat 7 2019  F_Median 0.0262862
Model_1_goa_re_2019.dat 7 2019  F_Mean 0.0262862
Model_1_goa_re_2019.dat 7 2020 F0 0 
Model_1_goa_re_2019.dat 7 2020 Fabc 0.0399647
Model_1_goa_re_2019.dat 7 2020 Fofl 0.048207
Model_1_goa_re_2019.dat 7 2020  F_LCI 0.0399646
Model_1_goa_re_2019.dat 7 2020  F_UCI 0.0399646
Model_1_goa_re_2019.dat 7 2020  F_Median 0.0399646
Model_1_goa_re_2019.dat 7 2020  F_Mean 0.0399646
Model_1_goa_re_2019.dat 7 2021 F0 0 
Model_1_goa_re_2019.dat 7 2021 Fabc 0.0399647
Model_1_goa_re_2019.dat 7 2021 Fofl 0.048207
Model_1_goa_re_2019.dat 7 2021  F_LCI 0.0399646
Model_1_goa_re_2019.dat 7 2021  F_UCI 0.0399646
Model_1_goa_re_2019.dat 7 2021  F_Median 0.0399646
Model_1_goa_re_2019.dat 7 2021  F_Mean 0.0399646
Model_1_goa_re_2019.dat 7 2022 F0 0 
Model_1_goa_re_2019.dat 7 2022 Fabc 0.0399647
Model_1_goa_re_2019.dat 7 2022 Fofl 0.048207
Model_1_goa_re_2019.dat 7 2022  F_LCI 0.048207
Model_1_goa_re_2019.dat 7 2022  F_UCI 0.048207
Model_1_goa_re_2019.dat 7 2022  F_Median 0.048207
Model_1_goa_re_2019.dat 7 2022  F_Mean 0.048207
Model_1_goa_re_2019.dat 7 2023 F0 0 
Model_1_goa_re_2019.dat 7 2023 Fabc 0.0399647
Model_1_goa_re_2019.dat 7 2023 Fofl 0.048207
Model_1_goa_re_2019.dat 7 2023  F_LCI 0.048207
Model_1_goa_re_2019.dat 7 2023  F_UCI 0.048207
Model_1_goa_re_2019.dat 7 2023  F_Median 0.048207
Model_1_goa_re_2019.dat 7 2023  F_Mean 0.048207
Model_1_goa_re_2019.dat 7 2024 F0 0 
Model_1_goa_re_2019.dat 7 2024 Fabc 0.0399647
Model_1_goa_re_2019.dat 7 2024 Fofl 0.048207
Model_1_goa_re_2019.dat 7 2024  F_LCI 0.048207
Model_1_goa_re_2019.dat 7 2024  F_UCI 0.048207
Model_1_goa_re_2019.dat 7 2024  F_Median 0.048207
Model_1_goa_re_2019.dat 7 2024  F_Mean 0.048207
Model_1_goa_re_2019.dat 7 2025 F0 0 
Model_1_goa_re_2019.dat 7 2025 Fabc 0.0399647
Model_1_goa_re_2019.dat 7 2025 Fofl 0.048207
Model_1_goa_re_2019.dat 7 2025  F_LCI 0.048207
Model_1_goa_re_2019.dat 7 2025  F_UCI 0.048207
Model_1_goa_re_2019.dat 7 2025  F_Median 0.048207
Model_1_goa_re_2019.dat 7 2025  F_Mean 0.048207
Model_1_goa_re_2019.dat 7 2026 F0 0 
Model_1_goa_re_2019.dat 7 2026 Fabc 0.0399647
Model_1_goa_re_2019.dat 7 2026 Fofl 0.048207
Model_1_goa_re_2019.dat 7 2026  F_LCI 0.048207
Model_1_goa_re_2019.dat 7 2026  F_UCI 0.048207
Model_1_goa_re_2019.dat 7 2026  F_Median 0.048207
Model_1_goa_re_2019.dat 7 2026  F_Mean 0.048207
Model_1_goa_re_2019.dat 7 2027 F0 0 
Model_1_goa_re_2019.dat 7 2027 Fabc 0.0399647
Model_1_goa_re_2019.dat 7 2027 Fofl 0.048207
Model_1_goa_re_2019.dat 7 2027  F_LCI 0.048207
Model_1_goa_re_2019.dat 7 2027  F_UCI 0.048207
Model_1_goa_re_2019.dat 7 2027  F_Median 0.048207
Model_1_goa_re_2019.dat 7 2027  F_Mean 0.048207
Model_1_goa_re_2019.dat 7 2028 F0 0 
Model_1_goa_re_2019.dat 7 2028 Fabc 0.0399647
Model_1_goa_re_2019.dat 7 2028 Fofl 0.048207
Model_1_goa_re_2019.dat 7 2028  F_LCI 0.048207
Model_1_goa_re_2019.dat 7 2028  F_UCI 0.048207
Model_1_goa_re_2019.dat 7 2028  F_Median 0.048207
Model_1_goa_re_2019.dat 7 2028  F_Mean 0.048207
Model_1_goa_re_2019.dat 7 2029 F0 0 
Model_1_goa_re_2019.dat 7 2029 Fabc 0.0399647
Model_1_goa_re_2019.dat 7 2029 Fofl 0.048207
Model_1_goa_re_2019.dat 7 2029  F_LCI 0.048207
Model_1_goa_re_2019.dat 7 2029  F_UCI 0.048207
Model_1_goa_re_2019.dat 7 2029  F_Median 0.048207
Model_1_goa_re_2019.dat 7 2029  F_Mean 0.048207
Model_1_goa_re_2019.dat 7 2030 F0 0 
Model_1_goa_re_2019.dat 7 2030 Fabc 0.0399647
Model_1_goa_re_2019.dat 7 2030 Fofl 0.048207
Model_1_goa_re_2019.dat 7 2030  F_LCI 0.048207
Model_1_goa_re_2019.dat 7 2030  F_UCI 0.048207
Model_1_goa_re_2019.dat 7 2030  F_Median 0.048207
Model_1_goa_re_2019.dat 7 2030  F_Mean 0.048207
Model_1_goa_re_2019.dat 7 2031 F0 0 
Model_1_goa_re_2019.dat 7 2031 Fabc 0.0399647
Model_1_goa_re_2019.dat 7 2031 Fofl 0.048207
Model_1_goa_re_2019.dat 7 2031  F_LCI 0.048207
Model_1_goa_re_2019.dat 7 2031  F_UCI 0.048207
Model_1_goa_re_2019.dat 7 2031  F_Median 0.048207
Model_1_goa_re_2019.dat 7 2031  F_Mean 0.048207
Model_1_goa_re_2019.dat 7 2032 F0 0 
Model_1_goa_re_2019.dat 7 2032 Fabc 0.0399647
Model_1_goa_re_2019.dat 7 2032 Fofl 0.048207
Model_1_goa_re_2019.dat 7 2032  F_LCI 0.048207
Model_1_goa_re_2019.dat 7 2032  F_UCI 0.048207
Model_1_goa_re_2019.dat 7 2032  F_Median 0.048207
Model_1_goa_re_2019.dat 7 2032  F_Mean 0.048207
