
SB0 SB40 SB35 MeanRec HarMeanRec Bnow
20.6581 8.26323 7.23033 0.00186067 0.00159702 12.8 
CV Recruit
0.406312 
Alternative 1 Alternative  Stock: Model_1_goa_re_2019.dat
Catch Model_1_goa_re_2019.dat
Year C0 Cabc Cofl LowCI_Catch Median_Catch Mean_Catch UpperCI_Catch Stdev_Catch 
2019  0 0.840752 0.901601 0.790419 0.790419 0.790419 0.790419 1.66533e-15 
2020  0 0.840752 0.901601 0.418805 0.418805 0.418805 0.418805 4.04577e-13 
2021  0 0.840752 0.901601 0.61264 0.61264 0.61264 0.61264 3.16745e-13 
2022  0 0.840752 0.901601 0.605254 0.605254 0.605254 0.605254 1.24278e-12 
2023  0 0.840752 0.901601 1.2087 1.20875 1.20876 1.20883 4.17417e-05 
2024  0 0.840752 0.901601 1.19068 1.19083 1.19085 1.19109 0.000129765 
2025  0 0.840752 0.901601 1.18993 1.19032 1.19037 1.19099 0.000335271 
2026  0 0.840752 0.901601 1.21249 1.21332 1.21342 1.21469 0.000704957 
2027  0 0.840752 0.901601 1.17842 1.1798 1.17997 1.18211 0.00117218 
2028  0 0.840752 0.901601 1.14593 1.14799 1.14816 1.15093 0.00157655 
2029  0 0.840752 0.901601 1.12177 1.12425 1.12444 1.1276 0.0019153 
2030  0 0.840752 0.901601 1.09975 1.10279 1.103 1.10685 0.00228016 
2031  0 0.840752 0.901601 1.07551 1.0795 1.07972 1.0854 0.00304907 
2032  0 0.840752 0.901601 1.05091 1.05773 1.05871 1.06986 0.00607216 

Spawning_Biomass Model_1_goa_re_2019.dat
Year SSB100 SSBabc SSBofl LowCI_SSB Median_SSB Mean_SSB UpperCI_SSB Stdev_SSB 
2019 20.6581 8.26323 7.23033 12.477 12.477 12.477 12.477 9.76996e-14 
2020 20.6581 8.26323 7.23033 12.4609 12.4609 12.4609 12.4609 3.19922e-08 
2021 20.6581 8.26323 7.23033 12.497 12.497 12.497 12.497 3.06918e-07 
2022 20.6581 8.26323 7.23033 12.5077 12.5077 12.5077 12.5077 1.56912e-06 
2023 20.6581 8.26323 7.23033 12.4404 12.4404 12.4404 12.4405 2.8345e-06 
2024 20.6581 8.26323 7.23033 12.2381 12.2382 12.2382 12.2384 0.000109738 
2025 20.6581 8.26323 7.23033 12.0724 12.0727 12.0727 12.0732 0.000277143 
2026 20.6581 8.26323 7.23033 11.9182 11.9189 11.919 11.9202 0.000654023 
2027 20.6581 8.26323 7.23033 11.7552 11.7573 11.7575 11.761 0.00181734 
2028 20.6581 8.26323 7.23033 11.5804 11.5858 11.5864 11.5951 0.0046616 
2029 20.6581 8.26323 7.23033 11.3911 11.4029 11.4044 11.4225 0.0101466 
2030 20.6581 8.26323 7.23033 11.1924 11.2159 11.2188 11.2555 0.0203363 
2031 20.6581 8.26323 7.23033 10.9885 11.0313 11.0362 11.1023 0.0368672 
2032 20.6581 8.26323 7.23033 10.7593 10.8311 10.8405 10.9504 0.0611493 

Fishing_mortalityModel_1_goa_re_2019.dat
Year F0 Fabc Fofl LowCI_F Median_F Mean_F UpperCI_F Stdev_F 
2019  0 0.0399647 0.048207 0.0258654 0.0258654 0.0258654 0.0258654 9.71445e-17 
2020  0 0.0399647 0.048207 0.0137612 0.0137612 0.0137612 0.0137612 6.28745e-09 
2021  0 0.0399647 0.048207 0.0200649 0.020065 0.020065 0.0200651 4.55068e-08 
2022  0 0.0399647 0.048207 0.0196885 0.0196889 0.0196889 0.0196891 1.85445e-07 
2023  0 0.0399647 0.048207 0.0399647 0.0399647 0.0399647 0.0399647 6.93889e-18 
2024  0 0.0399647 0.048207 0.0399647 0.0399647 0.0399647 0.0399647 6.93889e-18 
2025  0 0.0399647 0.048207 0.0399647 0.0399647 0.0399647 0.0399647 6.93889e-18 
2026  0 0.0399647 0.048207 0.0399647 0.0399647 0.0399647 0.0399647 6.93889e-18 
2027  0 0.0399647 0.048207 0.0399647 0.0399647 0.0399647 0.0399647 6.93889e-18 
2028  0 0.0399647 0.048207 0.0399647 0.0399647 0.0399647 0.0399647 6.93889e-18 
2029  0 0.0399647 0.048207 0.0399647 0.0399647 0.0399647 0.0399647 6.93889e-18 
2030  0 0.0399647 0.048207 0.0399647 0.0399647 0.0399647 0.0399647 6.93889e-18 
2031  0 0.0399647 0.048207 0.0399647 0.0399647 0.0399647 0.0399647 6.93889e-18 
2032  0 0.0399647 0.048207 0.0399647 0.0399647 0.0399647 0.0399647 6.93889e-18 

Total_BiomassModel_1_goa_re_2019.dat
Year B100 Babc Bofl LowCI_Biom Median_Biom Mean_Biom UpperCI_Biom Stdev_Biom 
2019 114.599 29.6732 27.3118 40.2895 40.2895 40.2895 40.2895 1.49214e-13 
2020 114.599 29.6732 27.3118 40.0821 40.1257 40.135 40.2186 0.0431556 
2021 114.599 29.6732 27.3118 40.2253 40.3273 40.34 40.4883 0.0858808 
2022 114.599 29.6732 27.3118 40.1369 40.3135 40.3314 40.5963 0.141402 
2023 114.599 29.6732 27.3118 40.0363 40.2932 40.3199 40.6896 0.211101 
2024 114.599 29.6732 27.3118 39.2932 39.6626 39.695 40.1899 0.291426 
2025 114.599 29.6732 27.3118 38.5685 39.0498 39.0902 39.7253 0.380589 
2026 114.599 29.6732 27.3118 37.8284 38.4446 38.4936 39.328 0.474516 
2027 114.599 29.6732 27.3118 37.0374 37.8404 37.8798 38.8819 0.573424 
2028 114.599 29.6732 27.3118 36.2895 37.2675 37.3083 38.4826 0.672218 
2029 114.599 29.6732 27.3118 35.6169 36.7502 36.7763 38.1227 0.774453 
2030 114.599 29.6732 27.3118 34.9825 36.2539 36.2807 37.7649 0.87629 
2031 114.599 29.6732 27.3118 34.3621 35.7812 35.818 37.4309 0.979304 
2032 114.599 29.6732 27.3118 33.7817 35.3341 35.3893 37.1127 1.0813 
Alternative 2 Alternative  Stock: Model_1_goa_re_2019.dat
Catch Model_1_goa_re_2019.dat
Year C0 Cabc Cofl LowCI_Catch Median_Catch Mean_Catch UpperCI_Catch Stdev_Catch 
2019  0 0.840752 0.901601 0.790419 0.790419 0.790419 0.790419 1.66533e-15 
2020  0 0.840752 0.901601 0.418805 0.418805 0.418805 0.418805 4.04577e-13 
2021  0 0.840752 0.901601 0.61264 0.61264 0.61264 0.61264 3.16745e-13 
2022  0 0.840752 0.901601 0.605254 0.605254 0.605254 0.605254 1.24278e-12 
2023  0 0.840752 0.901601 0.618543 0.618567 0.61857 0.618609 2.11614e-05 
2024  0 0.840752 0.901601 0.620721 0.620797 0.620807 0.62093 6.57983e-05 
2025  0 0.840752 0.901601 0.63119 0.631387 0.631412 0.631727 0.000170068 
2026  0 0.840752 0.901601 0.653389 0.653808 0.653861 0.654503 0.000357847 
2027  0 0.840752 0.901601 0.646226 0.646925 0.64701 0.648099 0.000595592 
2028  0 0.840752 0.901601 0.639117 0.640164 0.64025 0.641661 0.000801804 
2029  0 0.840752 0.901601 0.635595 0.636857 0.636952 0.638561 0.000974874 
2030  0 0.840752 0.901601 0.632558 0.634105 0.634211 0.636174 0.00116164 
2031  0 0.840752 0.901601 0.62777 0.629804 0.629916 0.632821 0.00155623 
2032  0 0.840752 0.901601 0.622196 0.625706 0.626192 0.631908 0.00311363 

Spawning_Biomass Model_1_goa_re_2019.dat
Year SSB100 SSBabc SSBofl LowCI_SSB Median_SSB Mean_SSB UpperCI_SSB Stdev_SSB 
2019 20.6581 8.26323 7.23033 12.477 12.477 12.477 12.477 9.76996e-14 
2020 20.6581 8.26323 7.23033 12.4609 12.4609 12.4609 12.4609 3.19922e-08 
2021 20.6581 8.26323 7.23033 12.497 12.497 12.497 12.497 3.06918e-07 
2022 20.6581 8.26323 7.23033 12.5077 12.5077 12.5077 12.5077 1.56912e-06 
2023 20.6581 8.26323 7.23033 12.5405 12.5405 12.5405 12.5405 2.85782e-06 
2024 20.6581 8.26323 7.23033 12.5717 12.5719 12.5719 12.5721 0.00010984 
2025 20.6581 8.26323 7.23033 12.6323 12.6326 12.6327 12.6332 0.000277439 
2026 20.6581 8.26323 7.23033 12.6987 12.6995 12.6995 12.7007 0.000655071 
2027 20.6581 8.26323 7.23033 12.7506 12.7527 12.753 12.7564 0.00182215 
2028 20.6581 8.26323 7.23033 12.7817 12.7871 12.7878 12.7964 0.00468019 
2029 20.6581 8.26323 7.23033 12.7879 12.7997 12.8012 12.8194 0.0102008 
2030 20.6581 8.26323 7.23033 12.774 12.7976 12.8006 12.8376 0.0204727 
2031 20.6581 8.26323 7.23033 12.7444 12.7875 12.7925 12.859 0.0371739 
2032 20.6581 8.26323 7.23033 12.6745 12.7471 12.7565 12.8675 0.0618359 

Fishing_mortalityModel_1_goa_re_2019.dat
Year F0 Fabc Fofl LowCI_F Median_F Mean_F UpperCI_F Stdev_F 
2019  0 0.0399647 0.048207 0.0258654 0.0258654 0.0258654 0.0258654 9.71445e-17 
2020  0 0.0399647 0.048207 0.0137612 0.0137612 0.0137612 0.0137612 6.28745e-09 
2021  0 0.0399647 0.048207 0.0200649 0.020065 0.020065 0.0200651 4.55068e-08 
2022  0 0.0399647 0.048207 0.0196885 0.0196889 0.0196889 0.0196891 1.85445e-07 
2023  0 0.0399647 0.048207 0.0202581 0.0202581 0.0202581 0.0202581 1.14492e-16 
2024  0 0.0399647 0.048207 0.0202581 0.0202581 0.0202581 0.0202581 1.14492e-16 
2025  0 0.0399647 0.048207 0.0202581 0.0202581 0.0202581 0.0202581 1.14492e-16 
2026  0 0.0399647 0.048207 0.0202581 0.0202581 0.0202581 0.0202581 1.14492e-16 
2027  0 0.0399647 0.048207 0.0202581 0.0202581 0.0202581 0.0202581 1.14492e-16 
2028  0 0.0399647 0.048207 0.0202581 0.0202581 0.0202581 0.0202581 1.14492e-16 
2029  0 0.0399647 0.048207 0.0202581 0.0202581 0.0202581 0.0202581 1.14492e-16 
2030  0 0.0399647 0.048207 0.0202581 0.0202581 0.0202581 0.0202581 1.14492e-16 
2031  0 0.0399647 0.048207 0.0202581 0.0202581 0.0202581 0.0202581 1.14492e-16 
2032  0 0.0399647 0.048207 0.0202581 0.0202581 0.0202581 0.0202581 1.14492e-16 

Total_BiomassModel_1_goa_re_2019.dat
Year B100 Babc Bofl LowCI_Biom Median_Biom Mean_Biom UpperCI_Biom Stdev_Biom 
2019 114.599 29.6732 27.3118 40.2895 40.2895 40.2895 40.2895 1.49214e-13 
2020 114.599 29.6732 27.3118 40.0821 40.1257 40.135 40.2186 0.0431556 
2021 114.599 29.6732 27.3118 40.2253 40.3273 40.34 40.4883 0.0858808 
2022 114.599 29.6732 27.3118 40.1369 40.3135 40.3314 40.5963 0.141402 
2023 114.599 29.6732 27.3118 40.0363 40.2932 40.3199 40.6896 0.211101 
2024 114.599 29.6732 27.3118 39.8833 40.2527 40.2852 40.7801 0.291449 
2025 114.599 29.6732 27.3118 39.7172 40.1985 40.239 40.8742 0.380682 
2026 114.599 29.6732 27.3118 39.5134 40.1298 40.1789 41.0139 0.474785 
2027 114.599 29.6732 27.3118 39.2481 40.0527 40.0916 41.0949 0.574052 
2028 114.599 29.6732 27.3118 38.9873 39.9671 40.0083 41.1848 0.673443 
2029 114.599 29.6732 27.3118 38.7646 39.9004 39.9274 41.2777 0.776495 
2030 114.599 29.6732 27.3118 38.5482 39.8211 39.8506 41.3411 0.879337 
2031 114.599 29.6732 27.3118 38.3144 39.7402 39.7765 41.3974 0.98353 
2032 114.599 29.6732 27.3118 38.0946 39.6562 39.7064 41.4468 1.08703 
Alternative 3 Alternative  Stock: Model_1_goa_re_2019.dat
Catch Model_1_goa_re_2019.dat
Year C0 Cabc Cofl LowCI_Catch Median_Catch Mean_Catch UpperCI_Catch Stdev_Catch 
2019  0 0.840752 0.901601 0.790419 0.790419 0.790419 0.790419 1.66533e-15 
2020  0 0.840752 0.901601 0.418805 0.418805 0.418805 0.418805 4.04577e-13 
2021  0 0.840752 0.901601 0.61264 0.61264 0.61264 0.61264 3.16745e-13 
2022  0 0.840752 0.901601 0.605254 0.605254 0.605254 0.605254 1.24278e-12 
2023  0 0.840752 0.901601 0.610204 0.610228 0.610231 0.610269 2.08734e-05 
2024  0 0.840752 0.901601 0.612513 0.612588 0.612597 0.612718 6.49029e-05 
2025  0 0.840752 0.901601 0.622995 0.623189 0.623213 0.623524 0.000167755 
2026  0 0.840752 0.901601 0.645048 0.645462 0.645514 0.646147 0.000352983 
2027  0 0.840752 0.901601 0.638133 0.638823 0.638907 0.639981 0.000587504 
2028  0 0.840752 0.901601 0.631264 0.632297 0.632381 0.633774 0.000790927 
2029  0 0.840752 0.901601 0.627925 0.62917 0.629264 0.630851 0.000961659 
2030  0 0.840752 0.901601 0.625059 0.626584 0.626689 0.628626 0.00114591 
2031  0 0.840752 0.901601 0.620457 0.622464 0.622574 0.62544 0.00153519 
2032  0 0.840752 0.901601 0.615073 0.618536 0.619016 0.624655 0.00307174 

Spawning_Biomass Model_1_goa_re_2019.dat
Year SSB100 SSBabc SSBofl LowCI_SSB Median_SSB Mean_SSB UpperCI_SSB Stdev_SSB 
2019 20.6581 8.26323 7.23033 12.477 12.477 12.477 12.477 9.76996e-14 
2020 20.6581 8.26323 7.23033 12.4609 12.4609 12.4609 12.4609 3.19922e-08 
2021 20.6581 8.26323 7.23033 12.497 12.497 12.497 12.497 3.06918e-07 
2022 20.6581 8.26323 7.23033 12.5077 12.5077 12.5077 12.5077 1.56912e-06 
2023 20.6581 8.26323 7.23033 12.5419 12.5419 12.5419 12.5419 2.85815e-06 
2024 20.6581 8.26323 7.23033 12.5765 12.5766 12.5766 12.5768 0.000109841 
2025 20.6581 8.26323 7.23033 12.6403 12.6406 12.6407 12.6412 0.000277443 
2026 20.6581 8.26323 7.23033 12.71 12.7107 12.7108 12.712 0.000655086 
2027 20.6581 8.26323 7.23033 12.7652 12.7673 12.7675 12.7709 0.00182221 
2028 20.6581 8.26323 7.23033 12.7994 12.8048 12.8055 12.8141 0.00468045 
2029 20.6581 8.26323 7.23033 12.8086 12.8205 12.822 12.8402 0.0102016 
2030 20.6581 8.26323 7.23033 12.7977 12.8214 12.8243 12.8613 0.0204746 
2031 20.6581 8.26323 7.23033 12.771 12.8141 12.819 12.8856 0.0371782 
2032 20.6581 8.26323 7.23033 12.7037 12.7764 12.7857 12.8968 0.0618456 

Fishing_mortalityModel_1_goa_re_2019.dat
Year F0 Fabc Fofl LowCI_F Median_F Mean_F UpperCI_F Stdev_F 
2019  0 0.0399647 0.048207 0.0258654 0.0258654 0.0258654 0.0258654 9.71445e-17 
2020  0 0.0399647 0.048207 0.0137612 0.0137612 0.0137612 0.0137612 6.28745e-09 
2021  0 0.0399647 0.048207 0.0200649 0.020065 0.020065 0.0200651 4.55068e-08 
2022  0 0.0399647 0.048207 0.0196885 0.0196889 0.0196889 0.0196891 1.85445e-07 
2023  0 0.0399647 0.048207 0.0199823 0.0199823 0.0199823 0.0199823 3.46945e-18 
2024  0 0.0399647 0.048207 0.0199823 0.0199823 0.0199823 0.0199823 3.46945e-18 
2025  0 0.0399647 0.048207 0.0199823 0.0199823 0.0199823 0.0199823 3.46945e-18 
2026  0 0.0399647 0.048207 0.0199823 0.0199823 0.0199823 0.0199823 3.46945e-18 
2027  0 0.0399647 0.048207 0.0199823 0.0199823 0.0199823 0.0199823 3.46945e-18 
2028  0 0.0399647 0.048207 0.0199823 0.0199823 0.0199823 0.0199823 3.46945e-18 
2029  0 0.0399647 0.048207 0.0199823 0.0199823 0.0199823 0.0199823 3.46945e-18 
2030  0 0.0399647 0.048207 0.0199823 0.0199823 0.0199823 0.0199823 3.46945e-18 
2031  0 0.0399647 0.048207 0.0199823 0.0199823 0.0199823 0.0199823 3.46945e-18 
2032  0 0.0399647 0.048207 0.0199823 0.0199823 0.0199823 0.0199823 3.46945e-18 

Total_BiomassModel_1_goa_re_2019.dat
Year B100 Babc Bofl LowCI_Biom Median_Biom Mean_Biom UpperCI_Biom Stdev_Biom 
2019 114.599 29.6732 27.3118 40.2895 40.2895 40.2895 40.2895 1.49214e-13 
2020 114.599 29.6732 27.3118 40.0821 40.1257 40.135 40.2186 0.0431556 
2021 114.599 29.6732 27.3118 40.2253 40.3273 40.34 40.4883 0.0858808 
2022 114.599 29.6732 27.3118 40.1369 40.3135 40.3314 40.5963 0.141402 
2023 114.599 29.6732 27.3118 40.0363 40.2932 40.3199 40.6896 0.211101 
2024 114.599 29.6732 27.3118 39.8916 40.261 40.2935 40.7884 0.29145 
2025 114.599 29.6732 27.3118 39.7336 40.2149 40.2554 40.8906 0.380684 
2026 114.599 29.6732 27.3118 39.5376 40.154 40.2032 41.0382 0.474789 
2027 114.599 29.6732 27.3118 39.2802 40.0848 40.1238 41.1271 0.57406 
2028 114.599 29.6732 27.3118 39.0268 40.0067 40.0479 41.2244 0.67346 
2029 114.599 29.6732 27.3118 38.8111 39.947 39.974 41.3244 0.776524 
2030 114.599 29.6732 27.3118 38.6014 39.8744 39.9039 41.3945 0.87938 
2031 114.599 29.6732 27.3118 38.3739 39.7998 39.8361 41.457 0.98359 
2032 114.599 29.6732 27.3118 38.16 39.7218 39.772 41.5126 1.08711 
Alternative 4 Alternative  Stock: Model_1_goa_re_2019.dat
Catch Model_1_goa_re_2019.dat
Year C0 Cabc Cofl LowCI_Catch Median_Catch Mean_Catch UpperCI_Catch Stdev_Catch 
2019  0 0.840752 0.901601 0.790419 0.790419 0.790419 0.790419 1.66533e-15 
2020  0 0.840752 0.901601 0.418805 0.418805 0.418805 0.418805 4.04577e-13 
2021  0 0.840752 0.901601 0.61264 0.61264 0.61264 0.61264 3.16745e-13 
2022  0 0.840752 0.901601 0.605254 0.605254 0.605254 0.605254 1.24278e-12 
2023  0 0.840752 0.901601 0.608567 0.608591 0.608594 0.608632 2.08169e-05 
2024  0 0.840752 0.901601 0.610901 0.610975 0.610985 0.611105 6.47272e-05 
2025  0 0.840752 0.901601 0.621385 0.621578 0.621603 0.621913 0.000167301 
2026  0 0.840752 0.901601 0.64341 0.643822 0.643874 0.644505 0.000352028 
2027  0 0.840752 0.901601 0.636543 0.63723 0.637314 0.638385 0.000585917 
2028  0 0.840752 0.901601 0.62972 0.63075 0.630834 0.632223 0.000788791 
2029  0 0.840752 0.901601 0.626417 0.627658 0.627752 0.629335 0.000959065 
2030  0 0.840752 0.901601 0.623583 0.625105 0.625209 0.627141 0.00114282 
2031  0 0.840752 0.901601 0.619018 0.621019 0.621129 0.623987 0.00153106 
2032  0 0.840752 0.901601 0.613671 0.617124 0.617603 0.623227 0.00306352 

Spawning_Biomass Model_1_goa_re_2019.dat
Year SSB100 SSBabc SSBofl LowCI_SSB Median_SSB Mean_SSB UpperCI_SSB Stdev_SSB 
2019 20.6581 8.26323 7.23033 12.477 12.477 12.477 12.477 9.76996e-14 
2020 20.6581 8.26323 7.23033 12.4609 12.4609 12.4609 12.4609 3.19922e-08 
2021 20.6581 8.26323 7.23033 12.497 12.497 12.497 12.497 3.06918e-07 
2022 20.6581 8.26323 7.23033 12.5077 12.5077 12.5077 12.5077 1.56912e-06 
2023 20.6581 8.26323 7.23033 12.5422 12.5422 12.5422 12.5422 2.85821e-06 
2024 20.6581 8.26323 7.23033 12.5774 12.5775 12.5775 12.5778 0.000109841 
2025 20.6581 8.26323 7.23033 12.6419 12.6422 12.6423 12.6428 0.000277444 
2026 20.6581 8.26323 7.23033 12.7122 12.713 12.7131 12.7142 0.000655089 
2027 20.6581 8.26323 7.23033 12.768 12.7701 12.7704 12.7738 0.00182223 
2028 20.6581 8.26323 7.23033 12.8029 12.8083 12.809 12.8176 0.0046805 
2029 20.6581 8.26323 7.23033 12.8127 12.8246 12.826 12.8443 0.0102017 
2030 20.6581 8.26323 7.23033 12.8024 12.826 12.829 12.866 0.020475 
2031 20.6581 8.26323 7.23033 12.7762 12.8193 12.8243 12.8908 0.037179 
2032 20.6581 8.26323 7.23033 12.7095 12.7821 12.7915 12.9026 0.0618475 

Fishing_mortalityModel_1_goa_re_2019.dat
Year F0 Fabc Fofl LowCI_F Median_F Mean_F UpperCI_F Stdev_F 
2019  0 0.0399647 0.048207 0.0258654 0.0258654 0.0258654 0.0258654 9.71445e-17 
2020  0 0.0399647 0.048207 0.0137612 0.0137612 0.0137612 0.0137612 6.28745e-09 
2021  0 0.0399647 0.048207 0.0200649 0.020065 0.020065 0.0200651 4.55068e-08 
2022  0 0.0399647 0.048207 0.0196885 0.0196889 0.0196889 0.0196891 1.85445e-07 
2023  0 0.0399647 0.048207 0.0199282 0.0199282 0.0199282 0.0199282 5.20417e-17 
2024  0 0.0399647 0.048207 0.0199282 0.0199282 0.0199282 0.0199282 5.20417e-17 
2025  0 0.0399647 0.048207 0.0199282 0.0199282 0.0199282 0.0199282 5.20417e-17 
2026  0 0.0399647 0.048207 0.0199282 0.0199282 0.0199282 0.0199282 5.20417e-17 
2027  0 0.0399647 0.048207 0.0199282 0.0199282 0.0199282 0.0199282 5.20417e-17 
2028  0 0.0399647 0.048207 0.0199282 0.0199282 0.0199282 0.0199282 5.20417e-17 
2029  0 0.0399647 0.048207 0.0199282 0.0199282 0.0199282 0.0199282 5.20417e-17 
2030  0 0.0399647 0.048207 0.0199282 0.0199282 0.0199282 0.0199282 5.20417e-17 
2031  0 0.0399647 0.048207 0.0199282 0.0199282 0.0199282 0.0199282 5.20417e-17 
2032  0 0.0399647 0.048207 0.0199282 0.0199282 0.0199282 0.0199282 5.20417e-17 

Total_BiomassModel_1_goa_re_2019.dat
Year B100 Babc Bofl LowCI_Biom Median_Biom Mean_Biom UpperCI_Biom Stdev_Biom 
2019 114.599 29.6732 27.3118 40.2895 40.2895 40.2895 40.2895 1.49214e-13 
2020 114.599 29.6732 27.3118 40.0821 40.1257 40.135 40.2186 0.0431556 
2021 114.599 29.6732 27.3118 40.2253 40.3273 40.34 40.4883 0.0858808 
2022 114.599 29.6732 27.3118 40.1369 40.3135 40.3314 40.5963 0.141402 
2023 114.599 29.6732 27.3118 40.0363 40.2932 40.3199 40.6896 0.211101 
2024 114.599 29.6732 27.3118 39.8933 40.2627 40.2951 40.7901 0.29145 
2025 114.599 29.6732 27.3118 39.7368 40.2181 40.2586 40.8938 0.380684 
2026 114.599 29.6732 27.3118 39.5424 40.1588 40.208 41.043 0.474789 
2027 114.599 29.6732 27.3118 39.2865 40.0911 40.1301 41.1334 0.574062 
2028 114.599 29.6732 27.3118 39.0346 40.0145 40.0557 41.2322 0.673463 
2029 114.599 29.6732 27.3118 38.8203 39.9562 39.9831 41.3335 0.77653 
2030 114.599 29.6732 27.3118 38.6118 39.8848 39.9143 41.405 0.879388 
2031 114.599 29.6732 27.3118 38.3856 39.8115 39.8478 41.4688 0.983601 
2032 114.599 29.6732 27.3118 38.1729 39.7347 39.7849 41.5255 1.08713 
Alternative 5 Alternative  Stock: Model_1_goa_re_2019.dat
Catch Model_1_goa_re_2019.dat
Year C0 Cabc Cofl LowCI_Catch Median_Catch Mean_Catch UpperCI_Catch Stdev_Catch 
2019  0 0.840752 0.901601 0.790419 0.790419 0.790419 0.790419 1.66533e-15 
2020  0 0.840752 0.901601 0.418805 0.418805 0.418805 0.418805 4.04577e-13 
2021  0 0.840752 0.901601 0.61264 0.61264 0.61264 0.61264 3.16745e-13 
2022  0 0.840752 0.901601 0.605254 0.605254 0.605254 0.605254 1.24278e-12 
2023  0 0.840752 0.901601 0 0 0 0 0 
2024  0 0.840752 0.901601 0 0 0 0 0 
2025  0 0.840752 0.901601 0 0 0 0 0 
2026  0 0.840752 0.901601 0 0 0 0 0 
2027  0 0.840752 0.901601 0 0 0 0 0 
2028  0 0.840752 0.901601 0 0 0 0 0 
2029  0 0.840752 0.901601 0 0 0 0 0 
2030  0 0.840752 0.901601 0 0 0 0 0 
2031  0 0.840752 0.901601 0 0 0 0 0 
2032  0 0.840752 0.901601 0 0 0 0 0 

Spawning_Biomass Model_1_goa_re_2019.dat
Year SSB100 SSBabc SSBofl LowCI_SSB Median_SSB Mean_SSB UpperCI_SSB Stdev_SSB 
2019 20.6581 8.26323 7.23033 12.477 12.477 12.477 12.477 9.76996e-14 
2020 20.6581 8.26323 7.23033 12.4609 12.4609 12.4609 12.4609 3.19922e-08 
2021 20.6581 8.26323 7.23033 12.497 12.497 12.497 12.497 3.06918e-07 
2022 20.6581 8.26323 7.23033 12.5077 12.5077 12.5077 12.5077 1.56912e-06 
2023 20.6581 8.26323 7.23033 12.6443 12.6443 12.6443 12.6443 2.882e-06 
2024 20.6581 8.26323 7.23033 12.9245 12.9246 12.9247 12.9249 0.000109946 
2025 20.6581 8.26323 7.23033 13.236 13.2364 13.2364 13.2369 0.000277751 
2026 20.6581 8.26323 7.23033 13.5566 13.5574 13.5575 13.5587 0.000656162 
2027 20.6581 8.26323 7.23033 13.8658 13.8679 13.8681 13.8716 0.00182712 
2028 20.6581 8.26323 7.23033 14.153 14.1584 14.1591 14.1678 0.0046994 
2029 20.6581 8.26323 7.23033 14.4121 14.4241 14.4255 14.4439 0.0102569 
2030 20.6581 8.26323 7.23033 14.6474 14.6712 14.6742 14.7114 0.020614 
2031 20.6581 8.26323 7.23033 14.8623 14.9058 14.9108 14.9778 0.037492 
2032 20.6581 8.26323 7.23033 15.0263 15.0996 15.1091 15.2217 0.0625504 

Fishing_mortalityModel_1_goa_re_2019.dat
Year F0 Fabc Fofl LowCI_F Median_F Mean_F UpperCI_F Stdev_F 
2019  0 0.0399647 0.048207 0.0258654 0.0258654 0.0258654 0.0258654 9.71445e-17 
2020  0 0.0399647 0.048207 0.0137612 0.0137612 0.0137612 0.0137612 6.28745e-09 
2021  0 0.0399647 0.048207 0.0200649 0.020065 0.020065 0.0200651 4.55068e-08 
2022  0 0.0399647 0.048207 0.0196885 0.0196889 0.0196889 0.0196891 1.85445e-07 
2023  0 0.0399647 0.048207 0 0 0 0 0 
2024  0 0.0399647 0.048207 0 0 0 0 0 
2025  0 0.0399647 0.048207 0 0 0 0 0 
2026  0 0.0399647 0.048207 0 0 0 0 0 
2027  0 0.0399647 0.048207 0 0 0 0 0 
2028  0 0.0399647 0.048207 0 0 0 0 0 
2029  0 0.0399647 0.048207 0 0 0 0 0 
2030  0 0.0399647 0.048207 0 0 0 0 0 
2031  0 0.0399647 0.048207 0 0 0 0 0 
2032  0 0.0399647 0.048207 0 0 0 0 0 

Total_BiomassModel_1_goa_re_2019.dat
Year B100 Babc Bofl LowCI_Biom Median_Biom Mean_Biom UpperCI_Biom Stdev_Biom 
2019 114.599 29.6732 27.3118 40.2895 40.2895 40.2895 40.2895 1.49214e-13 
2020 114.599 29.6732 27.3118 40.0821 40.1257 40.135 40.2186 0.0431556 
2021 114.599 29.6732 27.3118 40.2253 40.3273 40.34 40.4883 0.0858808 
2022 114.599 29.6732 27.3118 40.1369 40.3135 40.3314 40.5963 0.141402 
2023 114.599 29.6732 27.3118 40.0363 40.2932 40.3199 40.6896 0.211101 
2024 114.599 29.6732 27.3118 40.5018 40.8712 40.9037 41.3987 0.291473 
2025 114.599 29.6732 27.3118 40.9445 41.4259 41.4664 42.1017 0.380779 
2026 114.599 29.6732 27.3118 41.3476 41.9643 42.0136 42.8492 0.475062 
2027 114.599 29.6732 27.3118 41.6989 42.505 42.5436 43.5482 0.574699 
2028 114.599 29.6732 27.3118 42.0335 43.0152 43.0568 44.2357 0.674707 
2029 114.599 29.6732 27.3118 42.3844 43.5226 43.5507 44.9052 0.778606 
2030 114.599 29.6732 27.3118 42.7235 43.9989 44.0303 45.5293 0.882491 
2031 114.599 29.6732 27.3118 43.0259 44.4601 44.4944 46.1234 0.987911 
2032 114.599 29.6732 27.3118 43.3194 44.8978 44.9428 46.7007 1.09299 
Alternative 6 Alternative  Stock: Model_1_goa_re_2019.dat
Catch Model_1_goa_re_2019.dat
Year C0 Cabc Cofl LowCI_Catch Median_Catch Mean_Catch UpperCI_Catch Stdev_Catch 
2019  0 0.840752 0.901601 0.790419 0.790419 0.790419 0.790419 1.66533e-15 
2020  0 0.840752 0.901601 1.44295 1.44295 1.44295 1.44296 6.65859e-07 
2021  0 0.840752 0.901601 1.40562 1.40562 1.40562 1.40563 3.29723e-06 
2022  0 0.840752 0.901601 1.37991 1.37992 1.37992 1.37995 1.37525e-05 
2023  0 0.840752 0.901601 1.33689 1.33695 1.33695 1.33704 5.00188e-05 
2024  0 0.840752 0.901601 1.31163 1.31181 1.31183 1.31212 0.000156189 
2025  0 0.840752 0.901601 1.30749 1.30796 1.30801 1.30876 0.00040398 
2026  0 0.840752 0.901601 1.33124 1.33223 1.33236 1.33388 0.000849512 
2027  0 0.840752 0.901601 1.28767 1.28932 1.28952 1.2921 0.00141219 
2028  0 0.840752 0.901601 1.24658 1.24906 1.24927 1.25261 0.00189876 
2029  0 0.840752 0.901601 1.21602 1.219 1.21923 1.22303 0.00230607 
2030  0 0.840752 0.901601 1.18842 1.19209 1.19234 1.19696 0.0027444 
2031  0 0.840752 0.901601 1.15856 1.16336 1.16361 1.17045 0.00366704 
2032  0 0.840752 0.901601 1.12859 1.13677 1.13796 1.15136 0.00728856 

Spawning_Biomass Model_1_goa_re_2019.dat
Year SSB100 SSBabc SSBofl LowCI_SSB Median_SSB Mean_SSB UpperCI_SSB Stdev_SSB 
2019 20.6581 8.26323 7.23033 12.477 12.477 12.477 12.477 9.76996e-14 
2020 20.6581 8.26323 7.23033 12.2869 12.2869 12.2869 12.2869 2.28346e-13 
2021 20.6581 8.26323 7.23033 11.95 11.95 11.95 11.95 1.62656e-12 
2022 20.6581 8.26323 7.23033 11.6458 11.6458 11.6458 11.6458 7.69959e-12 
2023 20.6581 8.26323 7.23033 11.3785 11.3785 11.3785 11.3785 1.36502e-11 
2024 20.6581 8.26323 7.23033 11.1314 11.1315 11.1315 11.1317 0.000107048 
2025 20.6581 8.26323 7.23033 10.9266 10.9269 10.927 10.9275 0.000274464 
2026 20.6581 8.26323 7.23033 10.7386 10.7393 10.7394 10.7406 0.000651146 
2027 20.6581 8.26323 7.23033 10.5467 10.5488 10.549 10.5525 0.00181289 
2028 20.6581 8.26323 7.23033 10.3484 10.3537 10.3544 10.363 0.00465129 
2029 20.6581 8.26323 7.23033 10.1404 10.1522 10.1536 10.1717 0.0101212 
2030 20.6581 8.26323 7.23033 9.92735 9.95078 9.95368 9.99027 0.0202759 
2031 20.6581 8.26323 7.23033 9.71273 9.75531 9.76022 9.82609 0.0367349 
2032 20.6581 8.26323 7.23033 9.47816 9.54954 9.55903 9.66853 0.0608582 

Fishing_mortalityModel_1_goa_re_2019.dat
Year F0 Fabc Fofl LowCI_F Median_F Mean_F UpperCI_F Stdev_F 
2019  0 0.0399647 0.048207 0.0258654 0.0258654 0.0258654 0.0258654 9.71445e-17 
2020  0 0.0399647 0.048207 0.048207 0.048207 0.048207 0.048207 4.52101e-14 
2021  0 0.0399647 0.048207 0.048207 0.048207 0.048207 0.048207 2.28128e-13 
2022  0 0.0399647 0.048207 0.048207 0.048207 0.048207 0.048207 9.8025e-13 
2023  0 0.0399647 0.048207 0.048207 0.048207 0.048207 0.048207 1.94289e-16 
2024  0 0.0399647 0.048207 0.048207 0.048207 0.048207 0.048207 1.94289e-16 
2025  0 0.0399647 0.048207 0.048207 0.048207 0.048207 0.048207 1.94289e-16 
2026  0 0.0399647 0.048207 0.048207 0.048207 0.048207 0.048207 1.94289e-16 
2027  0 0.0399647 0.048207 0.048207 0.048207 0.048207 0.048207 1.94289e-16 
2028  0 0.0399647 0.048207 0.048207 0.048207 0.048207 0.048207 1.94289e-16 
2029  0 0.0399647 0.048207 0.048207 0.048207 0.048207 0.048207 1.94289e-16 
2030  0 0.0399647 0.048207 0.048207 0.048207 0.048207 0.048207 1.94289e-16 
2031  0 0.0399647 0.048207 0.048207 0.048207 0.048207 0.048207 1.94289e-16 
2032  0 0.0399647 0.048207 0.048207 0.048207 0.048207 0.048207 1.94289e-16 

Total_BiomassModel_1_goa_re_2019.dat
Year B100 Babc Bofl LowCI_Biom Median_Biom Mean_Biom UpperCI_Biom Stdev_Biom 
2019 114.599 29.6732 27.3118 40.2895 40.2895 40.2895 40.2895 1.49214e-13 
2020 114.599 29.6732 27.3118 40.0821 40.1257 40.135 40.2186 0.0431556 
2021 114.599 29.6732 27.3118 39.2013 39.3033 39.3161 39.4643 0.0858799 
2022 114.599 29.6732 27.3118 38.3399 38.5165 38.5344 38.7993 0.141397 
2023 114.599 29.6732 27.3118 37.5007 37.7575 37.7843 38.154 0.21108 
2024 114.599 29.6732 27.3118 36.682 37.0513 37.0838 37.5786 0.291392 
2025 114.599 29.6732 27.3118 35.8933 36.3746 36.4149 37.0499 0.380523 
2026 114.599 29.6732 27.3118 35.0963 35.7124 35.7613 36.5954 0.474374 
2027 114.599 29.6732 27.3118 34.2503 35.0525 35.0922 36.0936 0.573131 
2028 114.599 29.6732 27.3118 33.4595 34.4367 34.4773 35.6507 0.671675 
2029 114.599 29.6732 27.3118 32.7552 33.8875 33.9132 35.2578 0.77357 
2030 114.599 29.6732 27.3118 32.0975 33.3684 33.394 34.8755 0.874989 
2031 114.599 29.6732 27.3118 31.4615 32.8778 32.9148 34.5253 0.977515 
2032 114.599 29.6732 27.3118 30.8712 32.4193 32.4766 34.1928 1.07889 
Alternative 7 Alternative  Stock: Model_1_goa_re_2019.dat
Catch Model_1_goa_re_2019.dat
Year C0 Cabc Cofl LowCI_Catch Median_Catch Mean_Catch UpperCI_Catch Stdev_Catch 
2019  0 0.840752 0.901601 0.790419 0.790419 0.790419 0.790419 1.66533e-15 
2020  0 0.840752 0.901601 1.20099 1.20099 1.20099 1.20099 5.52011e-07 
2021  0 0.840752 0.901601 1.17904 1.17905 1.17905 1.17905 2.73349e-06 
2022  0 0.840752 0.901601 1.40099 1.401 1.40101 1.40103 1.37526e-05 
2023  0 0.840752 0.901601 1.35661 1.35666 1.35667 1.35676 5.00193e-05 
2024  0 0.840752 0.901601 1.33005 1.33024 1.33026 1.33055 0.000156191 
2025  0 0.840752 0.901601 1.32472 1.32519 1.32525 1.326 0.000403984 
2026  0 0.840752 0.901601 1.34737 1.34837 1.34849 1.35002 0.000849519 
2027  0 0.840752 0.901601 1.30268 1.30433 1.30454 1.30712 0.0014122 
2028  0 0.840752 0.901601 1.26053 1.26301 1.26321 1.26656 0.00189877 
2029  0 0.840752 0.901601 1.22896 1.23194 1.23217 1.23597 0.00230608 
2030  0 0.840752 0.901601 1.20041 1.20408 1.20433 1.20895 0.00274441 
2031  0 0.840752 0.901601 1.16965 1.17446 1.17471 1.18155 0.00366706 
2032  0 0.840752 0.901601 1.13885 1.14703 1.14822 1.16162 0.00728862 

Spawning_Biomass Model_1_goa_re_2019.dat
Year SSB100 SSBabc SSBofl LowCI_SSB Median_SSB Mean_SSB UpperCI_SSB Stdev_SSB 
2019 20.6581 8.26323 7.23033 12.477 12.477 12.477 12.477 9.76996e-14 
2020 20.6581 8.26323 7.23033 12.3283 12.3283 12.3283 12.3283 1.11854e-13 
2021 20.6581 8.26323 7.23033 12.086 12.086 12.086 12.086 6.96155e-13 
2022 20.6581 8.26323 7.23033 11.8305 11.8305 11.8305 11.8305 5.97179e-12 
2023 20.6581 8.26323 7.23033 11.5547 11.5547 11.5547 11.5547 1.20127e-11 
2024 20.6581 8.26323 7.23033 11.2984 11.2985 11.2986 11.2988 0.000107049 
2025 20.6581 8.26323 7.23033 11.0846 11.0849 11.085 11.0855 0.000274467 
2026 20.6581 8.26323 7.23033 10.8875 10.8882 10.8883 10.8895 0.000651152 
2027 20.6581 8.26323 7.23033 10.6865 10.6886 10.6889 10.6923 0.00181291 
2028 20.6581 8.26323 7.23033 10.4792 10.4846 10.4853 10.4939 0.00465133 
2029 20.6581 8.26323 7.23033 10.2625 10.2743 10.2758 10.2939 0.0101213 
2030 20.6581 8.26323 7.23033 10.041 10.0644 10.0673 10.1039 0.0202761 
2031 20.6581 8.26323 7.23033 9.81821 9.86079 9.86569 9.93157 0.0367352 
2032 20.6581 8.26323 7.23033 9.57587 9.64725 9.65674 9.76625 0.0608587 

Fishing_mortalityModel_1_goa_re_2019.dat
Year F0 Fabc Fofl LowCI_F Median_F Mean_F UpperCI_F Stdev_F 
2019  0 0.0399647 0.048207 0.0258654 0.0258654 0.0258654 0.0258654 9.71445e-17 
2020  0 0.0399647 0.048207 0.0399646 0.0399646 0.0399646 0.0399646 1.92098e-14 
2021  0 0.0399647 0.048207 0.0399646 0.0399646 0.0399646 0.0399646 9.62666e-14 
2022  0 0.0399647 0.048207 0.048207 0.048207 0.048207 0.048207 9.66679e-13 
2023  0 0.0399647 0.048207 0.048207 0.048207 0.048207 0.048207 1.94289e-16 
2024  0 0.0399647 0.048207 0.048207 0.048207 0.048207 0.048207 1.94289e-16 
2025  0 0.0399647 0.048207 0.048207 0.048207 0.048207 0.048207 1.94289e-16 
2026  0 0.0399647 0.048207 0.048207 0.048207 0.048207 0.048207 1.94289e-16 
2027  0 0.0399647 0.048207 0.048207 0.048207 0.048207 0.048207 1.94289e-16 
2028  0 0.0399647 0.048207 0.048207 0.048207 0.048207 0.048207 1.94289e-16 
2029  0 0.0399647 0.048207 0.048207 0.048207 0.048207 0.048207 1.94289e-16 
2030  0 0.0399647 0.048207 0.048207 0.048207 0.048207 0.048207 1.94289e-16 
2031  0 0.0399647 0.048207 0.048207 0.048207 0.048207 0.048207 1.94289e-16 
2032  0 0.0399647 0.048207 0.048207 0.048207 0.048207 0.048207 1.94289e-16 

Total_BiomassModel_1_goa_re_2019.dat
Year B100 Babc Bofl LowCI_Biom Median_Biom Mean_Biom UpperCI_Biom Stdev_Biom 
2019 114.599 29.6732 27.3118 40.2895 40.2895 40.2895 40.2895 1.49214e-13 
2020 114.599 29.6732 27.3118 40.0821 40.1257 40.135 40.2186 0.0431556 
2021 114.599 29.6732 27.3118 39.4432 39.5452 39.558 39.7062 0.08588 
2022 114.599 29.6732 27.3118 38.8037 38.9803 38.9982 39.2631 0.141398 
2023 114.599 29.6732 27.3118 37.9341 38.191 38.2177 38.5874 0.211081 
2024 114.599 29.6732 27.3118 37.0864 37.4557 37.4882 37.983 0.291394 
2025 114.599 29.6732 27.3118 36.2701 36.7514 36.7917 37.4267 0.380525 
2026 114.599 29.6732 27.3118 35.4468 36.0629 36.1119 36.9459 0.474376 
2027 114.599 29.6732 27.3118 34.5759 35.3782 35.4178 36.4192 0.573133 
2028 114.599 29.6732 27.3118 33.7617 34.7389 34.7795 35.9529 0.671678 
2029 114.599 29.6732 27.3118 33.0352 34.1676 34.1933 35.5379 0.773572 
2030 114.599 29.6732 27.3118 32.3569 33.6278 33.6533 35.1349 0.874992 
2031 114.599 29.6732 27.3118 31.7015 33.1178 33.1548 34.7654 0.977517 
2032 114.599 29.6732 27.3118 31.0931 32.6412 32.6985 34.4148 1.07889 
