Alternative 1 Catch
     Model_1_goa_re_2019.dat 
Equil_Fabc 0.840752 
Year 
2019 0.790419 
2020 0.418805 
2021 0.61264 
2022 0.605254 
2023 1.20876 
2024 1.19085 
2025 1.19037 
2026 1.21342 
2027 1.17997 
2028 1.14816 
2029 1.12444 
2030 1.103 
2031 1.07972 
2032 1.05871 

Alternative 1 ABCs
     Model_1_goa_re_2019.dat 

Year 
2019  NA 
2020  NA 
2021  NA 
2022  NA 
2023 1.20876 
2024 1.19085 
2025 1.19037 
2026 1.21342 
2027 1.17997 
2028 1.14816 
2029 1.12444 
2030 1.103 
2031 1.07972 
2032 1.05871 

Alternative 1 TACs
     Model_1_goa_re_2019.dat 

Year 
2019  NA 
2020  NA 
2021  NA 
2022  NA 
2023 1.20876 
2024 1.19085 
2025 1.19037 
2026 1.21342 
2027 1.17997 
2028 1.14816 
2029 1.12444 
2030 1.103 
2031 1.07972 
2032 1.05871 

Alternative 1 Sp_Biomass
     Model_1_goa_re_2019.dat 
Equil_Fabc 8.26323 
Year 
2019 12.477 
2020 12.4609 
2021 12.497 
2022 12.5077 
2023 12.4404 
2024 12.2382 
2025 12.0727 
2026 11.919 
2027 11.7575 
2028 11.5864 
2029 11.4044 
2030 11.2188 
2031 11.0362 
2032 10.8405 

Alternative 1 Fishing Mortality
     Model_1_goa_re_2019.dat 
Equil_Fabc 0.0399647 
Year 
2019 0.0258654 
2020 0.0137612 
2021 0.020065 
2022 0.0196889 
2023 0.0399647 
2024 0.0399647 
2025 0.0399647 
2026 0.0399647 
2027 0.0399647 
2028 0.0399647 
2029 0.0399647 
2030 0.0399647 
2031 0.0399647 
2032 0.0399647 

Alternative 1 Biomass
     Model_1_goa_re_2019.dat 

Year 
2019 40.2895 
2020 40.135 
2021 40.34 
2022 40.3314 
2023 40.3199 
2024 39.695 
2025 39.0902 
2026 38.4936 
2027 37.8798 
2028 37.3083 
2029 36.7763 
2030 36.2807 
2031 35.818 
2032 35.3893 

Alternative 1 Implied SPR rate 
     Model_1_goa_re_2019.dat 
Equil_Fabc 0.4 
Year 
2019 0.519169 
2020 0.679379 
2021 0.586859 
2022 0.591763 
2023 0.4 
2024 0.4 
2025 0.4 
2026 0.4 
2027 0.4 
2028 0.4 
2029 0.4 
2030 0.4 
2031 0.4 
2032 0.4 

  Model_1_goa_re_2019.dat 
EquilAvgAgeF0  23.6246 
EquilAvgAgeFabc  15.0231 
AvgAgeYr2032 17.3914 
Alternative 2 Catch
     Model_1_goa_re_2019.dat 
Equil_Fabc 0.840752 
Year 
2019 0.790419 
2020 0.418805 
2021 0.61264 
2022 0.605254 
2023 0.61857 
2024 0.620807 
2025 0.631412 
2026 0.653861 
2027 0.64701 
2028 0.64025 
2029 0.636952 
2030 0.634211 
2031 0.629916 
2032 0.626192 

Alternative 2 ABCs
     Model_1_goa_re_2019.dat 

Year 
2019  NA 
2020  NA 
2021  NA 
2022  NA 
2023 0.61857 
2024 0.620807 
2025 0.631412 
2026 0.653861 
2027 0.64701 
2028 0.64025 
2029 0.636952 
2030 0.634211 
2031 0.629916 
2032 0.626192 

Alternative 2 TACs
     Model_1_goa_re_2019.dat 

Year 
2019  NA 
2020  NA 
2021  NA 
2022  NA 
2023 0.61857 
2024 0.620807 
2025 0.631412 
2026 0.653861 
2027 0.64701 
2028 0.64025 
2029 0.636952 
2030 0.634211 
2031 0.629916 
2032 0.626192 

Alternative 2 Sp_Biomass
     Model_1_goa_re_2019.dat 
Equil_Fabc 8.26323 
Year 
2019 12.477 
2020 12.4609 
2021 12.497 
2022 12.5077 
2023 12.5405 
2024 12.5719 
2025 12.6327 
2026 12.6995 
2027 12.753 
2028 12.7878 
2029 12.8012 
2030 12.8006 
2031 12.7925 
2032 12.7565 

Alternative 2 Fishing Mortality
     Model_1_goa_re_2019.dat 
Equil_Fabc 0.0399647 
Year 
2019 0.0258654 
2020 0.0137612 
2021 0.020065 
2022 0.0196889 
2023 0.0202581 
2024 0.0202581 
2025 0.0202581 
2026 0.0202581 
2027 0.0202581 
2028 0.0202581 
2029 0.0202581 
2030 0.0202581 
2031 0.0202581 
2032 0.0202581 

Alternative 2 Biomass
     Model_1_goa_re_2019.dat 

Year 
2019 40.2895 
2020 40.135 
2021 40.34 
2022 40.3314 
2023 40.3199 
2024 40.2852 
2025 40.239 
2026 40.1789 
2027 40.0916 
2028 40.0083 
2029 39.9274 
2030 39.8506 
2031 39.7765 
2032 39.7064 

Alternative 2 Implied SPR rate 
     Model_1_goa_re_2019.dat 
Equil_Fabc 0.4 
Year 
2019 0.519169 
2020 0.679379 
2021 0.586859 
2022 0.591763 
2023 0.584368 
2024 0.584368 
2025 0.584368 
2026 0.584368 
2027 0.584368 
2028 0.584368 
2029 0.584368 
2030 0.584368 
2031 0.584368 
2032 0.584368 

  Model_1_goa_re_2019.dat 
EquilAvgAgeF0  23.6246 
EquilAvgAgeFabc  15.0231 
AvgAgeYr2032 18.517 
Alternative 3 Catch
     Model_1_goa_re_2019.dat 
Equil_Fabc 0.840752 
Year 
2019 0.790419 
2020 0.418805 
2021 0.61264 
2022 0.605254 
2023 0.610231 
2024 0.612597 
2025 0.623213 
2026 0.645514 
2027 0.638907 
2028 0.632381 
2029 0.629264 
2030 0.626689 
2031 0.622574 
2032 0.619016 

Alternative 3 ABCs
     Model_1_goa_re_2019.dat 

Year 
2019  NA 
2020  NA 
2021  NA 
2022  NA 
2023 0.610231 
2024 0.612597 
2025 0.623213 
2026 0.645514 
2027 0.638907 
2028 0.632381 
2029 0.629264 
2030 0.626689 
2031 0.622574 
2032 0.619016 

Alternative 3 TACs
     Model_1_goa_re_2019.dat 

Year 
2019  NA 
2020  NA 
2021  NA 
2022  NA 
2023 0.610231 
2024 0.612597 
2025 0.623213 
2026 0.645514 
2027 0.638907 
2028 0.632381 
2029 0.629264 
2030 0.626689 
2031 0.622574 
2032 0.619016 

Alternative 3 Sp_Biomass
     Model_1_goa_re_2019.dat 
Equil_Fabc 8.26323 
Year 
2019 12.477 
2020 12.4609 
2021 12.497 
2022 12.5077 
2023 12.5419 
2024 12.5766 
2025 12.6407 
2026 12.7108 
2027 12.7675 
2028 12.8055 
2029 12.822 
2030 12.8243 
2031 12.819 
2032 12.7857 

Alternative 3 Fishing Mortality
     Model_1_goa_re_2019.dat 
Equil_Fabc 0.0399647 
Year 
2019 0.0258654 
2020 0.0137612 
2021 0.020065 
2022 0.0196889 
2023 0.0199823 
2024 0.0199823 
2025 0.0199823 
2026 0.0199823 
2027 0.0199823 
2028 0.0199823 
2029 0.0199823 
2030 0.0199823 
2031 0.0199823 
2032 0.0199823 

Alternative 3 Biomass
     Model_1_goa_re_2019.dat 

Year 
2019 40.2895 
2020 40.135 
2021 40.34 
2022 40.3314 
2023 40.3199 
2024 40.2935 
2025 40.2554 
2026 40.2032 
2027 40.1238 
2028 40.0479 
2029 39.974 
2030 39.9039 
2031 39.8361 
2032 39.772 

Alternative 3 Implied SPR rate 
     Model_1_goa_re_2019.dat 
Equil_Fabc 0.4 
Year 
2019 0.519169 
2020 0.679379 
2021 0.586859 
2022 0.591763 
2023 0.587931 
2024 0.587931 
2025 0.587931 
2026 0.587931 
2027 0.587931 
2028 0.587931 
2029 0.587931 
2030 0.587931 
2031 0.587931 
2032 0.587931 

  Model_1_goa_re_2019.dat 
EquilAvgAgeF0  23.6246 
EquilAvgAgeFabc  15.0231 
AvgAgeYr2032 18.533 
Alternative 4 Catch
     Model_1_goa_re_2019.dat 
Equil_Fabc 0.840752 
Year 
2019 0.790419 
2020 0.418805 
2021 0.61264 
2022 0.605254 
2023 0.608594 
2024 0.610985 
2025 0.621603 
2026 0.643874 
2027 0.637314 
2028 0.630834 
2029 0.627752 
2030 0.625209 
2031 0.621129 
2032 0.617603 

Alternative 4 ABCs
     Model_1_goa_re_2019.dat 

Year 
2019  NA 
2020  NA 
2021  NA 
2022  NA 
2023 0.608594 
2024 0.610985 
2025 0.621603 
2026 0.643874 
2027 0.637314 
2028 0.630834 
2029 0.627752 
2030 0.625209 
2031 0.621129 
2032 0.617603 

Alternative 4 TACs
     Model_1_goa_re_2019.dat 

Year 
2019  NA 
2020  NA 
2021  NA 
2022  NA 
2023 0.608594 
2024 0.610985 
2025 0.621603 
2026 0.643874 
2027 0.637314 
2028 0.630834 
2029 0.627752 
2030 0.625209 
2031 0.621129 
2032 0.617603 

Alternative 4 Sp_Biomass
     Model_1_goa_re_2019.dat 
Equil_Fabc 8.26323 
Year 
2019 12.477 
2020 12.4609 
2021 12.497 
2022 12.5077 
2023 12.5422 
2024 12.5775 
2025 12.6423 
2026 12.7131 
2027 12.7704 
2028 12.809 
2029 12.826 
2030 12.829 
2031 12.8243 
2032 12.7915 

Alternative 4 Fishing Mortality
     Model_1_goa_re_2019.dat 
Equil_Fabc 0.0399647 
Year 
2019 0.0258654 
2020 0.0137612 
2021 0.020065 
2022 0.0196889 
2023 0.0199282 
2024 0.0199282 
2025 0.0199282 
2026 0.0199282 
2027 0.0199282 
2028 0.0199282 
2029 0.0199282 
2030 0.0199282 
2031 0.0199282 
2032 0.0199282 

Alternative 4 Biomass
     Model_1_goa_re_2019.dat 

Year 
2019 40.2895 
2020 40.135 
2021 40.34 
2022 40.3314 
2023 40.3199 
2024 40.2951 
2025 40.2586 
2026 40.208 
2027 40.1301 
2028 40.0557 
2029 39.9831 
2030 39.9143 
2031 39.8478 
2032 39.7849 

Alternative 4 Implied SPR rate 
     Model_1_goa_re_2019.dat 
Equil_Fabc 0.4 
Year 
2019 0.519169 
2020 0.679379 
2021 0.586859 
2022 0.591763 
2023 0.588634 
2024 0.588634 
2025 0.588634 
2026 0.588634 
2027 0.588634 
2028 0.588634 
2029 0.588634 
2030 0.588634 
2031 0.588634 
2032 0.588634 

  Model_1_goa_re_2019.dat 
EquilAvgAgeF0  23.6246 
EquilAvgAgeFabc  15.0231 
AvgAgeYr2032 18.5362 
Alternative 5 Catch
     Model_1_goa_re_2019.dat 
Equil_Fabc 0.840752 
Year 
2019 0.790419 
2020 0.418805 
2021 0.61264 
2022 0.605254 
2023  NA 
2024  NA 
2025  NA 
2026  NA 
2027  NA 
2028  NA 
2029  NA 
2030  NA 
2031  NA 
2032  NA 

Alternative 5 ABCs
     Model_1_goa_re_2019.dat 

Year 
2019  NA 
2020  NA 
2021  NA 
2022  NA 
2023  NA 
2024  NA 
2025  NA 
2026  NA 
2027  NA 
2028  NA 
2029  NA 
2030  NA 
2031  NA 
2032  NA 

Alternative 5 TACs
     Model_1_goa_re_2019.dat 

Year 
2019  NA 
2020  NA 
2021  NA 
2022  NA 
2023  NA 
2024  NA 
2025  NA 
2026  NA 
2027  NA 
2028  NA 
2029  NA 
2030  NA 
2031  NA 
2032  NA 

Alternative 5 Sp_Biomass
     Model_1_goa_re_2019.dat 
Equil_Fabc 8.26323 
Year 
2019 12.477 
2020 12.4609 
2021 12.497 
2022 12.5077 
2023 12.6443 
2024 12.9247 
2025 13.2364 
2026 13.5575 
2027 13.8681 
2028 14.1591 
2029 14.4255 
2030 14.6742 
2031 14.9108 
2032 15.1091 

Alternative 5 Fishing Mortality
     Model_1_goa_re_2019.dat 
Equil_Fabc 0.0399647 
Year 
2019 0.0258654 
2020 0.0137612 
2021 0.020065 
2022 0.0196889 
2023  NA 
2024  NA 
2025  NA 
2026  NA 
2027  NA 
2028  NA 
2029  NA 
2030  NA 
2031  NA 
2032  NA 

Alternative 5 Biomass
     Model_1_goa_re_2019.dat 

Year 
2019 40.2895 
2020 40.135 
2021 40.34 
2022 40.3314 
2023 40.3199 
2024 40.9037 
2025 41.4664 
2026 42.0136 
2027 42.5436 
2028 43.0568 
2029 43.5507 
2030 44.0303 
2031 44.4944 
2032 44.9428 

Alternative 5 Implied SPR rate 
     Model_1_goa_re_2019.dat 
Equil_Fabc 0.4 
Year 
2019 0.519169 
2020 0.679379 
2021 0.586859 
2022 0.591763 
2023 1 
2024 1 
2025 1 
2026 1 
2027 1 
2028 1 
2029 1 
2030 1 
2031 1 
2032 1 

  Model_1_goa_re_2019.dat 
EquilAvgAgeF0  23.6246 
EquilAvgAgeFabc  15.0231 
AvgAgeYr2032 19.7128 
Alternative 6 Catch
     Model_1_goa_re_2019.dat 
Equil_Fabc 0.840752 
Year 
2019 0.790419 
2020 1.44295 
2021 1.40562 
2022 1.37992 
2023 1.33695 
2024 1.31183 
2025 1.30801 
2026 1.33236 
2027 1.28952 
2028 1.24927 
2029 1.21923 
2030 1.19234 
2031 1.16361 
2032 1.13796 

Alternative 6 ABCs
     Model_1_goa_re_2019.dat 

Year 
2019 1.45735 
2020 1.44295 
2021 1.40562 
2022 1.37992 
2023 1.33695 
2024 1.31183 
2025 1.30801 
2026 1.33236 
2027 1.28952 
2028 1.24927 
2029 1.21923 
2030 1.19234 
2031 1.16361 
2032 1.13796 

Alternative 6 TACs
     Model_1_goa_re_2019.dat 

Year 
2019  NA 
2020 1.44295 
2021 1.40562 
2022 1.37992 
2023 1.33695 
2024 1.31183 
2025 1.30801 
2026 1.33236 
2027 1.28952 
2028 1.24927 
2029 1.21923 
2030 1.19234 
2031 1.16361 
2032 1.13796 

Alternative 6 Sp_Biomass
     Model_1_goa_re_2019.dat 
Equil_Fabc 8.26323 
Year 
2019 12.477 
2020 12.2869 
2021 11.95 
2022 11.6458 
2023 11.3785 
2024 11.1315 
2025 10.927 
2026 10.7394 
2027 10.549 
2028 10.3544 
2029 10.1536 
2030 9.95368 
2031 9.76022 
2032 9.55903 

Alternative 6 Fishing Mortality
     Model_1_goa_re_2019.dat 
Equil_Fabc 0.0399647 
Year 
2019 0.0258654 
2020 0.048207 
2021 0.048207 
2022 0.048207 
2023 0.048207 
2024 0.048207 
2025 0.048207 
2026 0.048207 
2027 0.048207 
2028 0.048207 
2029 0.048207 
2030 0.048207 
2031 0.048207 
2032 0.048207 

Alternative 6 Biomass
     Model_1_goa_re_2019.dat 

Year 
2019 40.2895 
2020 40.135 
2021 39.3161 
2022 38.5344 
2023 37.7843 
2024 37.0838 
2025 36.4149 
2026 35.7613 
2027 35.0922 
2028 34.4773 
2029 33.9132 
2030 33.394 
2031 32.9148 
2032 32.4766 

Alternative 6 Implied SPR rate 
     Model_1_goa_re_2019.dat 
Equil_Fabc 0.4 
Year 
2019 0.519169 
2020 0.35 
2021 0.35 
2022 0.35 
2023 0.35 
2024 0.35 
2025 0.35 
2026 0.35 
2027 0.35 
2028 0.35 
2029 0.35 
2030 0.35 
2031 0.35 
2032 0.35 

  Model_1_goa_re_2019.dat 
EquilAvgAgeF0  23.6246 
EquilAvgAgeFabc  15.0231 
AvgAgeYr2032 16.4851 
Alternative 7 Catch
     Model_1_goa_re_2019.dat 
Equil_Fabc 0.840752 
Year 
2019 0.790419 
2020 1.20099 
2021 1.17905 
2022 1.40101 
2023 1.35667 
2024 1.33026 
2025 1.32525 
2026 1.34849 
2027 1.30454 
2028 1.26321 
2029 1.23217 
2030 1.20433 
2031 1.17471 
2032 1.14822 

Alternative 7 ABCs
     Model_1_goa_re_2019.dat 

Year 
2019 1.45735 
2020 1.44295 
2021 1.4166 
2022 1.40101 
2023 1.35667 
2024 1.33026 
2025 1.32525 
2026 1.34849 
2027 1.30454 
2028 1.26321 
2029 1.23217 
2030 1.20433 
2031 1.17471 
2032 1.14822 

Alternative 7 TACs
     Model_1_goa_re_2019.dat 

Year 
2019  NA 
2020 1.44295 
2021 1.4166 
2022 1.40101 
2023 1.35667 
2024 1.33026 
2025 1.32525 
2026 1.34849 
2027 1.30454 
2028 1.26321 
2029 1.23217 
2030 1.20433 
2031 1.17471 
2032 1.14822 

Alternative 7 Sp_Biomass
     Model_1_goa_re_2019.dat 
Equil_Fabc 8.26323 
Year 
2019 12.477 
2020 12.3283 
2021 12.086 
2022 11.8305 
2023 11.5547 
2024 11.2986 
2025 11.085 
2026 10.8883 
2027 10.6889 
2028 10.4853 
2029 10.2758 
2030 10.0673 
2031 9.86569 
2032 9.65674 

Alternative 7 Fishing Mortality
     Model_1_goa_re_2019.dat 
Equil_Fabc 0.0399647 
Year 
2019 0.0258654 
2020 0.0399646 
2021 0.0399646 
2022 0.048207 
2023 0.048207 
2024 0.048207 
2025 0.048207 
2026 0.048207 
2027 0.048207 
2028 0.048207 
2029 0.048207 
2030 0.048207 
2031 0.048207 
2032 0.048207 

Alternative 7 Biomass
     Model_1_goa_re_2019.dat 

Year 
2019 40.2895 
2020 40.135 
2021 39.558 
2022 38.9982 
2023 38.2177 
2024 37.4882 
2025 36.7917 
2026 36.1119 
2027 35.4178 
2028 34.7795 
2029 34.1933 
2030 33.6533 
2031 33.1548 
2032 32.6985 

Alternative 7 Implied SPR rate 
     Model_1_goa_re_2019.dat 
Equil_Fabc 0.4 
Year 
2019 0.519169 
2020 0.4 
2021 0.4 
2022 0.35 
2023 0.35 
2024 0.35 
2025 0.35 
2026 0.35 
2027 0.35 
2028 0.35 
2029 0.35 
2030 0.35 
2031 0.35 
2032 0.35 

  Model_1_goa_re_2019.dat 
EquilAvgAgeF0  23.6246 
EquilAvgAgeFabc  15.0231 
AvgAgeYr2032 16.5641 
