Model_1_goa_re_2019.dat 1 2019 Cabc 0.840752
Model_1_goa_re_2019.dat 1 2019 Cofl 0.901601
Model_1_goa_re_2019.dat 1 2019 CLCI 0.790419
Model_1_goa_re_2019.dat 1 2019 CUCI 0.790419
Model_1_goa_re_2019.dat 1 2019 CMedian 0.790419
Model_1_goa_re_2019.dat 1 2019 CMean 0.790419
Model_1_goa_re_2019.dat 1 2020 Cabc 0.840752
Model_1_goa_re_2019.dat 1 2020 Cofl 0.901601
Model_1_goa_re_2019.dat 1 2020 CLCI 0.418805
Model_1_goa_re_2019.dat 1 2020 CUCI 0.418805
Model_1_goa_re_2019.dat 1 2020 CMedian 0.418805
Model_1_goa_re_2019.dat 1 2020 CMean 0.418805
Model_1_goa_re_2019.dat 1 2021 Cabc 0.840752
Model_1_goa_re_2019.dat 1 2021 Cofl 0.901601
Model_1_goa_re_2019.dat 1 2021 CLCI 0.61264
Model_1_goa_re_2019.dat 1 2021 CUCI 0.61264
Model_1_goa_re_2019.dat 1 2021 CMedian 0.61264
Model_1_goa_re_2019.dat 1 2021 CMean 0.61264
Model_1_goa_re_2019.dat 1 2022 Cabc 0.840752
Model_1_goa_re_2019.dat 1 2022 Cofl 0.901601
Model_1_goa_re_2019.dat 1 2022 CLCI 0.605254
Model_1_goa_re_2019.dat 1 2022 CUCI 0.605254
Model_1_goa_re_2019.dat 1 2022 CMedian 0.605254
Model_1_goa_re_2019.dat 1 2022 CMean 0.605254
Model_1_goa_re_2019.dat 1 2023 Cabc 0.840752
Model_1_goa_re_2019.dat 1 2023 Cofl 0.901601
Model_1_goa_re_2019.dat 1 2023 CLCI 1.2087
Model_1_goa_re_2019.dat 1 2023 CUCI 1.20883
Model_1_goa_re_2019.dat 1 2023 CMedian 1.20875
Model_1_goa_re_2019.dat 1 2023 CMean 1.20876
Model_1_goa_re_2019.dat 1 2024 Cabc 0.840752
Model_1_goa_re_2019.dat 1 2024 Cofl 0.901601
Model_1_goa_re_2019.dat 1 2024 CLCI 1.19068
Model_1_goa_re_2019.dat 1 2024 CUCI 1.19109
Model_1_goa_re_2019.dat 1 2024 CMedian 1.19083
Model_1_goa_re_2019.dat 1 2024 CMean 1.19085
Model_1_goa_re_2019.dat 1 2025 Cabc 0.840752
Model_1_goa_re_2019.dat 1 2025 Cofl 0.901601
Model_1_goa_re_2019.dat 1 2025 CLCI 1.18993
Model_1_goa_re_2019.dat 1 2025 CUCI 1.19099
Model_1_goa_re_2019.dat 1 2025 CMedian 1.19032
Model_1_goa_re_2019.dat 1 2025 CMean 1.19037
Model_1_goa_re_2019.dat 1 2026 Cabc 0.840752
Model_1_goa_re_2019.dat 1 2026 Cofl 0.901601
Model_1_goa_re_2019.dat 1 2026 CLCI 1.21249
Model_1_goa_re_2019.dat 1 2026 CUCI 1.21469
Model_1_goa_re_2019.dat 1 2026 CMedian 1.21332
Model_1_goa_re_2019.dat 1 2026 CMean 1.21342
Model_1_goa_re_2019.dat 1 2027 Cabc 0.840752
Model_1_goa_re_2019.dat 1 2027 Cofl 0.901601
Model_1_goa_re_2019.dat 1 2027 CLCI 1.17842
Model_1_goa_re_2019.dat 1 2027 CUCI 1.18211
Model_1_goa_re_2019.dat 1 2027 CMedian 1.1798
Model_1_goa_re_2019.dat 1 2027 CMean 1.17997
Model_1_goa_re_2019.dat 1 2028 Cabc 0.840752
Model_1_goa_re_2019.dat 1 2028 Cofl 0.901601
Model_1_goa_re_2019.dat 1 2028 CLCI 1.14593
Model_1_goa_re_2019.dat 1 2028 CUCI 1.15093
Model_1_goa_re_2019.dat 1 2028 CMedian 1.14799
Model_1_goa_re_2019.dat 1 2028 CMean 1.14816
Model_1_goa_re_2019.dat 1 2029 Cabc 0.840752
Model_1_goa_re_2019.dat 1 2029 Cofl 0.901601
Model_1_goa_re_2019.dat 1 2029 CLCI 1.12177
Model_1_goa_re_2019.dat 1 2029 CUCI 1.1276
Model_1_goa_re_2019.dat 1 2029 CMedian 1.12425
Model_1_goa_re_2019.dat 1 2029 CMean 1.12444
Model_1_goa_re_2019.dat 1 2030 Cabc 0.840752
Model_1_goa_re_2019.dat 1 2030 Cofl 0.901601
Model_1_goa_re_2019.dat 1 2030 CLCI 1.09975
Model_1_goa_re_2019.dat 1 2030 CUCI 1.10685
Model_1_goa_re_2019.dat 1 2030 CMedian 1.10279
Model_1_goa_re_2019.dat 1 2030 CMean 1.103
Model_1_goa_re_2019.dat 1 2031 Cabc 0.840752
Model_1_goa_re_2019.dat 1 2031 Cofl 0.901601
Model_1_goa_re_2019.dat 1 2031 CLCI 1.07551
Model_1_goa_re_2019.dat 1 2031 CUCI 1.0854
Model_1_goa_re_2019.dat 1 2031 CMedian 1.0795
Model_1_goa_re_2019.dat 1 2031 CMean 1.07972
Model_1_goa_re_2019.dat 1 2032 Cabc 0.840752
Model_1_goa_re_2019.dat 1 2032 Cofl 0.901601
Model_1_goa_re_2019.dat 1 2032 CLCI 1.05091
Model_1_goa_re_2019.dat 1 2032 CUCI 1.06986
Model_1_goa_re_2019.dat 1 2032 CMedian 1.05773
Model_1_goa_re_2019.dat 1 2032 CMean 1.05871
Model_1_goa_re_2019.dat 1 2019 SSBF100 20.6581
Model_1_goa_re_2019.dat 1 2019 SSBFabc 8.26323
Model_1_goa_re_2019.dat 1 2019 SSBFofl 7.23033
Model_1_goa_re_2019.dat 1 2019 SSBLCI 12.477
Model_1_goa_re_2019.dat 1 2019 SSBUCI 12.477
Model_1_goa_re_2019.dat 1 2019 SSBMedian 12.477
Model_1_goa_re_2019.dat 1 2019 SSBMean 12.477
Model_1_goa_re_2019.dat 1 2020 SSBF100 20.6581
Model_1_goa_re_2019.dat 1 2020 SSBFabc 8.26323
Model_1_goa_re_2019.dat 1 2020 SSBFofl 7.23033
Model_1_goa_re_2019.dat 1 2020 SSBLCI 12.4609
Model_1_goa_re_2019.dat 1 2020 SSBUCI 12.4609
Model_1_goa_re_2019.dat 1 2020 SSBMedian 12.4609
Model_1_goa_re_2019.dat 1 2020 SSBMean 12.4609
Model_1_goa_re_2019.dat 1 2021 SSBF100 20.6581
Model_1_goa_re_2019.dat 1 2021 SSBFabc 8.26323
Model_1_goa_re_2019.dat 1 2021 SSBFofl 7.23033
Model_1_goa_re_2019.dat 1 2021 SSBLCI 12.497
Model_1_goa_re_2019.dat 1 2021 SSBUCI 12.497
Model_1_goa_re_2019.dat 1 2021 SSBMedian 12.497
Model_1_goa_re_2019.dat 1 2021 SSBMean 12.497
Model_1_goa_re_2019.dat 1 2022 SSBF100 20.6581
Model_1_goa_re_2019.dat 1 2022 SSBFabc 8.26323
Model_1_goa_re_2019.dat 1 2022 SSBFofl 7.23033
Model_1_goa_re_2019.dat 1 2022 SSBLCI 12.5077
Model_1_goa_re_2019.dat 1 2022 SSBUCI 12.5077
Model_1_goa_re_2019.dat 1 2022 SSBMedian 12.5077
Model_1_goa_re_2019.dat 1 2022 SSBMean 12.5077
Model_1_goa_re_2019.dat 1 2023 SSBF100 20.6581
Model_1_goa_re_2019.dat 1 2023 SSBFabc 8.26323
Model_1_goa_re_2019.dat 1 2023 SSBFofl 7.23033
Model_1_goa_re_2019.dat 1 2023 SSBLCI 12.4404
Model_1_goa_re_2019.dat 1 2023 SSBUCI 12.4405
Model_1_goa_re_2019.dat 1 2023 SSBMedian 12.4404
Model_1_goa_re_2019.dat 1 2023 SSBMean 12.4404
Model_1_goa_re_2019.dat 1 2024 SSBF100 20.6581
Model_1_goa_re_2019.dat 1 2024 SSBFabc 8.26323
Model_1_goa_re_2019.dat 1 2024 SSBFofl 7.23033
Model_1_goa_re_2019.dat 1 2024 SSBLCI 12.2381
Model_1_goa_re_2019.dat 1 2024 SSBUCI 12.2384
Model_1_goa_re_2019.dat 1 2024 SSBMedian 12.2382
Model_1_goa_re_2019.dat 1 2024 SSBMean 12.2382
Model_1_goa_re_2019.dat 1 2025 SSBF100 20.6581
Model_1_goa_re_2019.dat 1 2025 SSBFabc 8.26323
Model_1_goa_re_2019.dat 1 2025 SSBFofl 7.23033
Model_1_goa_re_2019.dat 1 2025 SSBLCI 12.0724
Model_1_goa_re_2019.dat 1 2025 SSBUCI 12.0732
Model_1_goa_re_2019.dat 1 2025 SSBMedian 12.0727
Model_1_goa_re_2019.dat 1 2025 SSBMean 12.0727
Model_1_goa_re_2019.dat 1 2026 SSBF100 20.6581
Model_1_goa_re_2019.dat 1 2026 SSBFabc 8.26323
Model_1_goa_re_2019.dat 1 2026 SSBFofl 7.23033
Model_1_goa_re_2019.dat 1 2026 SSBLCI 11.9182
Model_1_goa_re_2019.dat 1 2026 SSBUCI 11.9202
Model_1_goa_re_2019.dat 1 2026 SSBMedian 11.9189
Model_1_goa_re_2019.dat 1 2026 SSBMean 11.919
Model_1_goa_re_2019.dat 1 2027 SSBF100 20.6581
Model_1_goa_re_2019.dat 1 2027 SSBFabc 8.26323
Model_1_goa_re_2019.dat 1 2027 SSBFofl 7.23033
Model_1_goa_re_2019.dat 1 2027 SSBLCI 11.7552
Model_1_goa_re_2019.dat 1 2027 SSBUCI 11.761
Model_1_goa_re_2019.dat 1 2027 SSBMedian 11.7573
Model_1_goa_re_2019.dat 1 2027 SSBMean 11.7575
Model_1_goa_re_2019.dat 1 2028 SSBF100 20.6581
Model_1_goa_re_2019.dat 1 2028 SSBFabc 8.26323
Model_1_goa_re_2019.dat 1 2028 SSBFofl 7.23033
Model_1_goa_re_2019.dat 1 2028 SSBLCI 11.5804
Model_1_goa_re_2019.dat 1 2028 SSBUCI 11.5951
Model_1_goa_re_2019.dat 1 2028 SSBMedian 11.5858
Model_1_goa_re_2019.dat 1 2028 SSBMean 11.5864
Model_1_goa_re_2019.dat 1 2029 SSBF100 20.6581
Model_1_goa_re_2019.dat 1 2029 SSBFabc 8.26323
Model_1_goa_re_2019.dat 1 2029 SSBFofl 7.23033
Model_1_goa_re_2019.dat 1 2029 SSBLCI 11.3911
Model_1_goa_re_2019.dat 1 2029 SSBUCI 11.4225
Model_1_goa_re_2019.dat 1 2029 SSBMedian 11.4029
Model_1_goa_re_2019.dat 1 2029 SSBMean 11.4044
Model_1_goa_re_2019.dat 1 2030 SSBF100 20.6581
Model_1_goa_re_2019.dat 1 2030 SSBFabc 8.26323
Model_1_goa_re_2019.dat 1 2030 SSBFofl 7.23033
Model_1_goa_re_2019.dat 1 2030 SSBLCI 11.1924
Model_1_goa_re_2019.dat 1 2030 SSBUCI 11.2555
Model_1_goa_re_2019.dat 1 2030 SSBMedian 11.2159
Model_1_goa_re_2019.dat 1 2030 SSBMean 11.2188
Model_1_goa_re_2019.dat 1 2031 SSBF100 20.6581
Model_1_goa_re_2019.dat 1 2031 SSBFabc 8.26323
Model_1_goa_re_2019.dat 1 2031 SSBFofl 7.23033
Model_1_goa_re_2019.dat 1 2031 SSBLCI 10.9885
Model_1_goa_re_2019.dat 1 2031 SSBUCI 11.1023
Model_1_goa_re_2019.dat 1 2031 SSBMedian 11.0313
Model_1_goa_re_2019.dat 1 2031 SSBMean 11.0362
Model_1_goa_re_2019.dat 1 2032 SSBF100 20.6581
Model_1_goa_re_2019.dat 1 2032 SSBFabc 8.26323
Model_1_goa_re_2019.dat 1 2032 SSBFofl 7.23033
Model_1_goa_re_2019.dat 1 2032 SSBLCI 10.7593
Model_1_goa_re_2019.dat 1 2032 SSBUCI 10.9504
Model_1_goa_re_2019.dat 1 2032 SSBMedian 10.8311
Model_1_goa_re_2019.dat 1 2032 SSBMean 10.8405
Model_1_goa_re_2019.dat 1 2019 F0 0 
Model_1_goa_re_2019.dat 1 2019 Fabc 0.0399647
Model_1_goa_re_2019.dat 1 2019 Fofl 0.048207
Model_1_goa_re_2019.dat 1 2019  F_LCI 0.0258654
Model_1_goa_re_2019.dat 1 2019  F_UCI 0.0258654
Model_1_goa_re_2019.dat 1 2019  F_Median 0.0258654
Model_1_goa_re_2019.dat 1 2019  F_Mean 0.0258654
Model_1_goa_re_2019.dat 1 2020 F0 0 
Model_1_goa_re_2019.dat 1 2020 Fabc 0.0399647
Model_1_goa_re_2019.dat 1 2020 Fofl 0.048207
Model_1_goa_re_2019.dat 1 2020  F_LCI 0.0137612
Model_1_goa_re_2019.dat 1 2020  F_UCI 0.0137612
Model_1_goa_re_2019.dat 1 2020  F_Median 0.0137612
Model_1_goa_re_2019.dat 1 2020  F_Mean 0.0137612
Model_1_goa_re_2019.dat 1 2021 F0 0 
Model_1_goa_re_2019.dat 1 2021 Fabc 0.0399647
Model_1_goa_re_2019.dat 1 2021 Fofl 0.048207
Model_1_goa_re_2019.dat 1 2021  F_LCI 0.0200649
Model_1_goa_re_2019.dat 1 2021  F_UCI 0.0200651
Model_1_goa_re_2019.dat 1 2021  F_Median 0.020065
Model_1_goa_re_2019.dat 1 2021  F_Mean 0.020065
Model_1_goa_re_2019.dat 1 2022 F0 0 
Model_1_goa_re_2019.dat 1 2022 Fabc 0.0399647
Model_1_goa_re_2019.dat 1 2022 Fofl 0.048207
Model_1_goa_re_2019.dat 1 2022  F_LCI 0.0196885
Model_1_goa_re_2019.dat 1 2022  F_UCI 0.0196891
Model_1_goa_re_2019.dat 1 2022  F_Median 0.0196889
Model_1_goa_re_2019.dat 1 2022  F_Mean 0.0196889
Model_1_goa_re_2019.dat 1 2023 F0 0 
Model_1_goa_re_2019.dat 1 2023 Fabc 0.0399647
Model_1_goa_re_2019.dat 1 2023 Fofl 0.048207
Model_1_goa_re_2019.dat 1 2023  F_LCI 0.0399647
Model_1_goa_re_2019.dat 1 2023  F_UCI 0.0399647
Model_1_goa_re_2019.dat 1 2023  F_Median 0.0399647
Model_1_goa_re_2019.dat 1 2023  F_Mean 0.0399647
Model_1_goa_re_2019.dat 1 2024 F0 0 
Model_1_goa_re_2019.dat 1 2024 Fabc 0.0399647
Model_1_goa_re_2019.dat 1 2024 Fofl 0.048207
Model_1_goa_re_2019.dat 1 2024  F_LCI 0.0399647
Model_1_goa_re_2019.dat 1 2024  F_UCI 0.0399647
Model_1_goa_re_2019.dat 1 2024  F_Median 0.0399647
Model_1_goa_re_2019.dat 1 2024  F_Mean 0.0399647
Model_1_goa_re_2019.dat 1 2025 F0 0 
Model_1_goa_re_2019.dat 1 2025 Fabc 0.0399647
Model_1_goa_re_2019.dat 1 2025 Fofl 0.048207
Model_1_goa_re_2019.dat 1 2025  F_LCI 0.0399647
Model_1_goa_re_2019.dat 1 2025  F_UCI 0.0399647
Model_1_goa_re_2019.dat 1 2025  F_Median 0.0399647
Model_1_goa_re_2019.dat 1 2025  F_Mean 0.0399647
Model_1_goa_re_2019.dat 1 2026 F0 0 
Model_1_goa_re_2019.dat 1 2026 Fabc 0.0399647
Model_1_goa_re_2019.dat 1 2026 Fofl 0.048207
Model_1_goa_re_2019.dat 1 2026  F_LCI 0.0399647
Model_1_goa_re_2019.dat 1 2026  F_UCI 0.0399647
Model_1_goa_re_2019.dat 1 2026  F_Median 0.0399647
Model_1_goa_re_2019.dat 1 2026  F_Mean 0.0399647
Model_1_goa_re_2019.dat 1 2027 F0 0 
Model_1_goa_re_2019.dat 1 2027 Fabc 0.0399647
Model_1_goa_re_2019.dat 1 2027 Fofl 0.048207
Model_1_goa_re_2019.dat 1 2027  F_LCI 0.0399647
Model_1_goa_re_2019.dat 1 2027  F_UCI 0.0399647
Model_1_goa_re_2019.dat 1 2027  F_Median 0.0399647
Model_1_goa_re_2019.dat 1 2027  F_Mean 0.0399647
Model_1_goa_re_2019.dat 1 2028 F0 0 
Model_1_goa_re_2019.dat 1 2028 Fabc 0.0399647
Model_1_goa_re_2019.dat 1 2028 Fofl 0.048207
Model_1_goa_re_2019.dat 1 2028  F_LCI 0.0399647
Model_1_goa_re_2019.dat 1 2028  F_UCI 0.0399647
Model_1_goa_re_2019.dat 1 2028  F_Median 0.0399647
Model_1_goa_re_2019.dat 1 2028  F_Mean 0.0399647
Model_1_goa_re_2019.dat 1 2029 F0 0 
Model_1_goa_re_2019.dat 1 2029 Fabc 0.0399647
Model_1_goa_re_2019.dat 1 2029 Fofl 0.048207
Model_1_goa_re_2019.dat 1 2029  F_LCI 0.0399647
Model_1_goa_re_2019.dat 1 2029  F_UCI 0.0399647
Model_1_goa_re_2019.dat 1 2029  F_Median 0.0399647
Model_1_goa_re_2019.dat 1 2029  F_Mean 0.0399647
Model_1_goa_re_2019.dat 1 2030 F0 0 
Model_1_goa_re_2019.dat 1 2030 Fabc 0.0399647
Model_1_goa_re_2019.dat 1 2030 Fofl 0.048207
Model_1_goa_re_2019.dat 1 2030  F_LCI 0.0399647
Model_1_goa_re_2019.dat 1 2030  F_UCI 0.0399647
Model_1_goa_re_2019.dat 1 2030  F_Median 0.0399647
Model_1_goa_re_2019.dat 1 2030  F_Mean 0.0399647
Model_1_goa_re_2019.dat 1 2031 F0 0 
Model_1_goa_re_2019.dat 1 2031 Fabc 0.0399647
Model_1_goa_re_2019.dat 1 2031 Fofl 0.048207
Model_1_goa_re_2019.dat 1 2031  F_LCI 0.0399647
Model_1_goa_re_2019.dat 1 2031  F_UCI 0.0399647
Model_1_goa_re_2019.dat 1 2031  F_Median 0.0399647
Model_1_goa_re_2019.dat 1 2031  F_Mean 0.0399647
Model_1_goa_re_2019.dat 1 2032 F0 0 
Model_1_goa_re_2019.dat 1 2032 Fabc 0.0399647
Model_1_goa_re_2019.dat 1 2032 Fofl 0.048207
Model_1_goa_re_2019.dat 1 2032  F_LCI 0.0399647
Model_1_goa_re_2019.dat 1 2032  F_UCI 0.0399647
Model_1_goa_re_2019.dat 1 2032  F_Median 0.0399647
Model_1_goa_re_2019.dat 1 2032  F_Mean 0.0399647
Model_1_goa_re_2019.dat 2 2019 Cabc 0.840752
Model_1_goa_re_2019.dat 2 2019 Cofl 0.901601
Model_1_goa_re_2019.dat 2 2019 CLCI 0.790419
Model_1_goa_re_2019.dat 2 2019 CUCI 0.790419
Model_1_goa_re_2019.dat 2 2019 CMedian 0.790419
Model_1_goa_re_2019.dat 2 2019 CMean 0.790419
Model_1_goa_re_2019.dat 2 2020 Cabc 0.840752
Model_1_goa_re_2019.dat 2 2020 Cofl 0.901601
Model_1_goa_re_2019.dat 2 2020 CLCI 0.418805
Model_1_goa_re_2019.dat 2 2020 CUCI 0.418805
Model_1_goa_re_2019.dat 2 2020 CMedian 0.418805
Model_1_goa_re_2019.dat 2 2020 CMean 0.418805
Model_1_goa_re_2019.dat 2 2021 Cabc 0.840752
Model_1_goa_re_2019.dat 2 2021 Cofl 0.901601
Model_1_goa_re_2019.dat 2 2021 CLCI 0.61264
Model_1_goa_re_2019.dat 2 2021 CUCI 0.61264
Model_1_goa_re_2019.dat 2 2021 CMedian 0.61264
Model_1_goa_re_2019.dat 2 2021 CMean 0.61264
Model_1_goa_re_2019.dat 2 2022 Cabc 0.840752
Model_1_goa_re_2019.dat 2 2022 Cofl 0.901601
Model_1_goa_re_2019.dat 2 2022 CLCI 0.605254
Model_1_goa_re_2019.dat 2 2022 CUCI 0.605254
Model_1_goa_re_2019.dat 2 2022 CMedian 0.605254
Model_1_goa_re_2019.dat 2 2022 CMean 0.605254
Model_1_goa_re_2019.dat 2 2023 Cabc 0.840752
Model_1_goa_re_2019.dat 2 2023 Cofl 0.901601
Model_1_goa_re_2019.dat 2 2023 CLCI 0.618543
Model_1_goa_re_2019.dat 2 2023 CUCI 0.618609
Model_1_goa_re_2019.dat 2 2023 CMedian 0.618567
Model_1_goa_re_2019.dat 2 2023 CMean 0.61857
Model_1_goa_re_2019.dat 2 2024 Cabc 0.840752
Model_1_goa_re_2019.dat 2 2024 Cofl 0.901601
Model_1_goa_re_2019.dat 2 2024 CLCI 0.620721
Model_1_goa_re_2019.dat 2 2024 CUCI 0.62093
Model_1_goa_re_2019.dat 2 2024 CMedian 0.620797
Model_1_goa_re_2019.dat 2 2024 CMean 0.620807
Model_1_goa_re_2019.dat 2 2025 Cabc 0.840752
Model_1_goa_re_2019.dat 2 2025 Cofl 0.901601
Model_1_goa_re_2019.dat 2 2025 CLCI 0.63119
Model_1_goa_re_2019.dat 2 2025 CUCI 0.631727
Model_1_goa_re_2019.dat 2 2025 CMedian 0.631387
Model_1_goa_re_2019.dat 2 2025 CMean 0.631412
Model_1_goa_re_2019.dat 2 2026 Cabc 0.840752
Model_1_goa_re_2019.dat 2 2026 Cofl 0.901601
Model_1_goa_re_2019.dat 2 2026 CLCI 0.653389
Model_1_goa_re_2019.dat 2 2026 CUCI 0.654503
Model_1_goa_re_2019.dat 2 2026 CMedian 0.653808
Model_1_goa_re_2019.dat 2 2026 CMean 0.653861
Model_1_goa_re_2019.dat 2 2027 Cabc 0.840752
Model_1_goa_re_2019.dat 2 2027 Cofl 0.901601
Model_1_goa_re_2019.dat 2 2027 CLCI 0.646226
Model_1_goa_re_2019.dat 2 2027 CUCI 0.648099
Model_1_goa_re_2019.dat 2 2027 CMedian 0.646925
Model_1_goa_re_2019.dat 2 2027 CMean 0.64701
Model_1_goa_re_2019.dat 2 2028 Cabc 0.840752
Model_1_goa_re_2019.dat 2 2028 Cofl 0.901601
Model_1_goa_re_2019.dat 2 2028 CLCI 0.639117
Model_1_goa_re_2019.dat 2 2028 CUCI 0.641661
Model_1_goa_re_2019.dat 2 2028 CMedian 0.640164
Model_1_goa_re_2019.dat 2 2028 CMean 0.64025
Model_1_goa_re_2019.dat 2 2029 Cabc 0.840752
Model_1_goa_re_2019.dat 2 2029 Cofl 0.901601
Model_1_goa_re_2019.dat 2 2029 CLCI 0.635595
Model_1_goa_re_2019.dat 2 2029 CUCI 0.638561
Model_1_goa_re_2019.dat 2 2029 CMedian 0.636857
Model_1_goa_re_2019.dat 2 2029 CMean 0.636952
Model_1_goa_re_2019.dat 2 2030 Cabc 0.840752
Model_1_goa_re_2019.dat 2 2030 Cofl 0.901601
Model_1_goa_re_2019.dat 2 2030 CLCI 0.632558
Model_1_goa_re_2019.dat 2 2030 CUCI 0.636174
Model_1_goa_re_2019.dat 2 2030 CMedian 0.634105
Model_1_goa_re_2019.dat 2 2030 CMean 0.634211
Model_1_goa_re_2019.dat 2 2031 Cabc 0.840752
Model_1_goa_re_2019.dat 2 2031 Cofl 0.901601
Model_1_goa_re_2019.dat 2 2031 CLCI 0.62777
Model_1_goa_re_2019.dat 2 2031 CUCI 0.632821
Model_1_goa_re_2019.dat 2 2031 CMedian 0.629804
Model_1_goa_re_2019.dat 2 2031 CMean 0.629916
Model_1_goa_re_2019.dat 2 2032 Cabc 0.840752
Model_1_goa_re_2019.dat 2 2032 Cofl 0.901601
Model_1_goa_re_2019.dat 2 2032 CLCI 0.622196
Model_1_goa_re_2019.dat 2 2032 CUCI 0.631908
Model_1_goa_re_2019.dat 2 2032 CMedian 0.625706
Model_1_goa_re_2019.dat 2 2032 CMean 0.626192
Model_1_goa_re_2019.dat 2 2019 SSBF100 20.6581
Model_1_goa_re_2019.dat 2 2019 SSBFabc 8.26323
Model_1_goa_re_2019.dat 2 2019 SSBFofl 7.23033
Model_1_goa_re_2019.dat 2 2019 SSBLCI 12.477
Model_1_goa_re_2019.dat 2 2019 SSBUCI 12.477
Model_1_goa_re_2019.dat 2 2019 SSBMedian 12.477
Model_1_goa_re_2019.dat 2 2019 SSBMean 12.477
Model_1_goa_re_2019.dat 2 2020 SSBF100 20.6581
Model_1_goa_re_2019.dat 2 2020 SSBFabc 8.26323
Model_1_goa_re_2019.dat 2 2020 SSBFofl 7.23033
Model_1_goa_re_2019.dat 2 2020 SSBLCI 12.4609
Model_1_goa_re_2019.dat 2 2020 SSBUCI 12.4609
Model_1_goa_re_2019.dat 2 2020 SSBMedian 12.4609
Model_1_goa_re_2019.dat 2 2020 SSBMean 12.4609
Model_1_goa_re_2019.dat 2 2021 SSBF100 20.6581
Model_1_goa_re_2019.dat 2 2021 SSBFabc 8.26323
Model_1_goa_re_2019.dat 2 2021 SSBFofl 7.23033
Model_1_goa_re_2019.dat 2 2021 SSBLCI 12.497
Model_1_goa_re_2019.dat 2 2021 SSBUCI 12.497
Model_1_goa_re_2019.dat 2 2021 SSBMedian 12.497
Model_1_goa_re_2019.dat 2 2021 SSBMean 12.497
Model_1_goa_re_2019.dat 2 2022 SSBF100 20.6581
Model_1_goa_re_2019.dat 2 2022 SSBFabc 8.26323
Model_1_goa_re_2019.dat 2 2022 SSBFofl 7.23033
Model_1_goa_re_2019.dat 2 2022 SSBLCI 12.5077
Model_1_goa_re_2019.dat 2 2022 SSBUCI 12.5077
Model_1_goa_re_2019.dat 2 2022 SSBMedian 12.5077
Model_1_goa_re_2019.dat 2 2022 SSBMean 12.5077
Model_1_goa_re_2019.dat 2 2023 SSBF100 20.6581
Model_1_goa_re_2019.dat 2 2023 SSBFabc 8.26323
Model_1_goa_re_2019.dat 2 2023 SSBFofl 7.23033
Model_1_goa_re_2019.dat 2 2023 SSBLCI 12.5405
Model_1_goa_re_2019.dat 2 2023 SSBUCI 12.5405
Model_1_goa_re_2019.dat 2 2023 SSBMedian 12.5405
Model_1_goa_re_2019.dat 2 2023 SSBMean 12.5405
Model_1_goa_re_2019.dat 2 2024 SSBF100 20.6581
Model_1_goa_re_2019.dat 2 2024 SSBFabc 8.26323
Model_1_goa_re_2019.dat 2 2024 SSBFofl 7.23033
Model_1_goa_re_2019.dat 2 2024 SSBLCI 12.5717
Model_1_goa_re_2019.dat 2 2024 SSBUCI 12.5721
Model_1_goa_re_2019.dat 2 2024 SSBMedian 12.5719
Model_1_goa_re_2019.dat 2 2024 SSBMean 12.5719
Model_1_goa_re_2019.dat 2 2025 SSBF100 20.6581
Model_1_goa_re_2019.dat 2 2025 SSBFabc 8.26323
Model_1_goa_re_2019.dat 2 2025 SSBFofl 7.23033
Model_1_goa_re_2019.dat 2 2025 SSBLCI 12.6323
Model_1_goa_re_2019.dat 2 2025 SSBUCI 12.6332
Model_1_goa_re_2019.dat 2 2025 SSBMedian 12.6326
Model_1_goa_re_2019.dat 2 2025 SSBMean 12.6327
Model_1_goa_re_2019.dat 2 2026 SSBF100 20.6581
Model_1_goa_re_2019.dat 2 2026 SSBFabc 8.26323
Model_1_goa_re_2019.dat 2 2026 SSBFofl 7.23033
Model_1_goa_re_2019.dat 2 2026 SSBLCI 12.6987
Model_1_goa_re_2019.dat 2 2026 SSBUCI 12.7007
Model_1_goa_re_2019.dat 2 2026 SSBMedian 12.6995
Model_1_goa_re_2019.dat 2 2026 SSBMean 12.6995
Model_1_goa_re_2019.dat 2 2027 SSBF100 20.6581
Model_1_goa_re_2019.dat 2 2027 SSBFabc 8.26323
Model_1_goa_re_2019.dat 2 2027 SSBFofl 7.23033
Model_1_goa_re_2019.dat 2 2027 SSBLCI 12.7506
Model_1_goa_re_2019.dat 2 2027 SSBUCI 12.7564
Model_1_goa_re_2019.dat 2 2027 SSBMedian 12.7527
Model_1_goa_re_2019.dat 2 2027 SSBMean 12.753
Model_1_goa_re_2019.dat 2 2028 SSBF100 20.6581
Model_1_goa_re_2019.dat 2 2028 SSBFabc 8.26323
Model_1_goa_re_2019.dat 2 2028 SSBFofl 7.23033
Model_1_goa_re_2019.dat 2 2028 SSBLCI 12.7817
Model_1_goa_re_2019.dat 2 2028 SSBUCI 12.7964
Model_1_goa_re_2019.dat 2 2028 SSBMedian 12.7871
Model_1_goa_re_2019.dat 2 2028 SSBMean 12.7878
Model_1_goa_re_2019.dat 2 2029 SSBF100 20.6581
Model_1_goa_re_2019.dat 2 2029 SSBFabc 8.26323
Model_1_goa_re_2019.dat 2 2029 SSBFofl 7.23033
Model_1_goa_re_2019.dat 2 2029 SSBLCI 12.7879
Model_1_goa_re_2019.dat 2 2029 SSBUCI 12.8194
Model_1_goa_re_2019.dat 2 2029 SSBMedian 12.7997
Model_1_goa_re_2019.dat 2 2029 SSBMean 12.8012
Model_1_goa_re_2019.dat 2 2030 SSBF100 20.6581
Model_1_goa_re_2019.dat 2 2030 SSBFabc 8.26323
Model_1_goa_re_2019.dat 2 2030 SSBFofl 7.23033
Model_1_goa_re_2019.dat 2 2030 SSBLCI 12.774
Model_1_goa_re_2019.dat 2 2030 SSBUCI 12.8376
Model_1_goa_re_2019.dat 2 2030 SSBMedian 12.7976
Model_1_goa_re_2019.dat 2 2030 SSBMean 12.8006
Model_1_goa_re_2019.dat 2 2031 SSBF100 20.6581
Model_1_goa_re_2019.dat 2 2031 SSBFabc 8.26323
Model_1_goa_re_2019.dat 2 2031 SSBFofl 7.23033
Model_1_goa_re_2019.dat 2 2031 SSBLCI 12.7444
Model_1_goa_re_2019.dat 2 2031 SSBUCI 12.859
Model_1_goa_re_2019.dat 2 2031 SSBMedian 12.7875
Model_1_goa_re_2019.dat 2 2031 SSBMean 12.7925
Model_1_goa_re_2019.dat 2 2032 SSBF100 20.6581
Model_1_goa_re_2019.dat 2 2032 SSBFabc 8.26323
Model_1_goa_re_2019.dat 2 2032 SSBFofl 7.23033
Model_1_goa_re_2019.dat 2 2032 SSBLCI 12.6745
Model_1_goa_re_2019.dat 2 2032 SSBUCI 12.8675
Model_1_goa_re_2019.dat 2 2032 SSBMedian 12.7471
Model_1_goa_re_2019.dat 2 2032 SSBMean 12.7565
Model_1_goa_re_2019.dat 2 2019 F0 0 
Model_1_goa_re_2019.dat 2 2019 Fabc 0.0399647
Model_1_goa_re_2019.dat 2 2019 Fofl 0.048207
Model_1_goa_re_2019.dat 2 2019  F_LCI 0.0258654
Model_1_goa_re_2019.dat 2 2019  F_UCI 0.0258654
Model_1_goa_re_2019.dat 2 2019  F_Median 0.0258654
Model_1_goa_re_2019.dat 2 2019  F_Mean 0.0258654
Model_1_goa_re_2019.dat 2 2020 F0 0 
Model_1_goa_re_2019.dat 2 2020 Fabc 0.0399647
Model_1_goa_re_2019.dat 2 2020 Fofl 0.048207
Model_1_goa_re_2019.dat 2 2020  F_LCI 0.0137612
Model_1_goa_re_2019.dat 2 2020  F_UCI 0.0137612
Model_1_goa_re_2019.dat 2 2020  F_Median 0.0137612
Model_1_goa_re_2019.dat 2 2020  F_Mean 0.0137612
Model_1_goa_re_2019.dat 2 2021 F0 0 
Model_1_goa_re_2019.dat 2 2021 Fabc 0.0399647
Model_1_goa_re_2019.dat 2 2021 Fofl 0.048207
Model_1_goa_re_2019.dat 2 2021  F_LCI 0.0200649
Model_1_goa_re_2019.dat 2 2021  F_UCI 0.0200651
Model_1_goa_re_2019.dat 2 2021  F_Median 0.020065
Model_1_goa_re_2019.dat 2 2021  F_Mean 0.020065
Model_1_goa_re_2019.dat 2 2022 F0 0 
Model_1_goa_re_2019.dat 2 2022 Fabc 0.0399647
Model_1_goa_re_2019.dat 2 2022 Fofl 0.048207
Model_1_goa_re_2019.dat 2 2022  F_LCI 0.0196885
Model_1_goa_re_2019.dat 2 2022  F_UCI 0.0196891
Model_1_goa_re_2019.dat 2 2022  F_Median 0.0196889
Model_1_goa_re_2019.dat 2 2022  F_Mean 0.0196889
Model_1_goa_re_2019.dat 2 2023 F0 0 
Model_1_goa_re_2019.dat 2 2023 Fabc 0.0399647
Model_1_goa_re_2019.dat 2 2023 Fofl 0.048207
Model_1_goa_re_2019.dat 2 2023  F_LCI 0.0202581
Model_1_goa_re_2019.dat 2 2023  F_UCI 0.0202581
Model_1_goa_re_2019.dat 2 2023  F_Median 0.0202581
Model_1_goa_re_2019.dat 2 2023  F_Mean 0.0202581
Model_1_goa_re_2019.dat 2 2024 F0 0 
Model_1_goa_re_2019.dat 2 2024 Fabc 0.0399647
Model_1_goa_re_2019.dat 2 2024 Fofl 0.048207
Model_1_goa_re_2019.dat 2 2024  F_LCI 0.0202581
Model_1_goa_re_2019.dat 2 2024  F_UCI 0.0202581
Model_1_goa_re_2019.dat 2 2024  F_Median 0.0202581
Model_1_goa_re_2019.dat 2 2024  F_Mean 0.0202581
Model_1_goa_re_2019.dat 2 2025 F0 0 
Model_1_goa_re_2019.dat 2 2025 Fabc 0.0399647
Model_1_goa_re_2019.dat 2 2025 Fofl 0.048207
Model_1_goa_re_2019.dat 2 2025  F_LCI 0.0202581
Model_1_goa_re_2019.dat 2 2025  F_UCI 0.0202581
Model_1_goa_re_2019.dat 2 2025  F_Median 0.0202581
Model_1_goa_re_2019.dat 2 2025  F_Mean 0.0202581
Model_1_goa_re_2019.dat 2 2026 F0 0 
Model_1_goa_re_2019.dat 2 2026 Fabc 0.0399647
Model_1_goa_re_2019.dat 2 2026 Fofl 0.048207
Model_1_goa_re_2019.dat 2 2026  F_LCI 0.0202581
Model_1_goa_re_2019.dat 2 2026  F_UCI 0.0202581
Model_1_goa_re_2019.dat 2 2026  F_Median 0.0202581
Model_1_goa_re_2019.dat 2 2026  F_Mean 0.0202581
Model_1_goa_re_2019.dat 2 2027 F0 0 
Model_1_goa_re_2019.dat 2 2027 Fabc 0.0399647
Model_1_goa_re_2019.dat 2 2027 Fofl 0.048207
Model_1_goa_re_2019.dat 2 2027  F_LCI 0.0202581
Model_1_goa_re_2019.dat 2 2027  F_UCI 0.0202581
Model_1_goa_re_2019.dat 2 2027  F_Median 0.0202581
Model_1_goa_re_2019.dat 2 2027  F_Mean 0.0202581
Model_1_goa_re_2019.dat 2 2028 F0 0 
Model_1_goa_re_2019.dat 2 2028 Fabc 0.0399647
Model_1_goa_re_2019.dat 2 2028 Fofl 0.048207
Model_1_goa_re_2019.dat 2 2028  F_LCI 0.0202581
Model_1_goa_re_2019.dat 2 2028  F_UCI 0.0202581
Model_1_goa_re_2019.dat 2 2028  F_Median 0.0202581
Model_1_goa_re_2019.dat 2 2028  F_Mean 0.0202581
Model_1_goa_re_2019.dat 2 2029 F0 0 
Model_1_goa_re_2019.dat 2 2029 Fabc 0.0399647
Model_1_goa_re_2019.dat 2 2029 Fofl 0.048207
Model_1_goa_re_2019.dat 2 2029  F_LCI 0.0202581
Model_1_goa_re_2019.dat 2 2029  F_UCI 0.0202581
Model_1_goa_re_2019.dat 2 2029  F_Median 0.0202581
Model_1_goa_re_2019.dat 2 2029  F_Mean 0.0202581
Model_1_goa_re_2019.dat 2 2030 F0 0 
Model_1_goa_re_2019.dat 2 2030 Fabc 0.0399647
Model_1_goa_re_2019.dat 2 2030 Fofl 0.048207
Model_1_goa_re_2019.dat 2 2030  F_LCI 0.0202581
Model_1_goa_re_2019.dat 2 2030  F_UCI 0.0202581
Model_1_goa_re_2019.dat 2 2030  F_Median 0.0202581
Model_1_goa_re_2019.dat 2 2030  F_Mean 0.0202581
Model_1_goa_re_2019.dat 2 2031 F0 0 
Model_1_goa_re_2019.dat 2 2031 Fabc 0.0399647
Model_1_goa_re_2019.dat 2 2031 Fofl 0.048207
Model_1_goa_re_2019.dat 2 2031  F_LCI 0.0202581
Model_1_goa_re_2019.dat 2 2031  F_UCI 0.0202581
Model_1_goa_re_2019.dat 2 2031  F_Median 0.0202581
Model_1_goa_re_2019.dat 2 2031  F_Mean 0.0202581
Model_1_goa_re_2019.dat 2 2032 F0 0 
Model_1_goa_re_2019.dat 2 2032 Fabc 0.0399647
Model_1_goa_re_2019.dat 2 2032 Fofl 0.048207
Model_1_goa_re_2019.dat 2 2032  F_LCI 0.0202581
Model_1_goa_re_2019.dat 2 2032  F_UCI 0.0202581
Model_1_goa_re_2019.dat 2 2032  F_Median 0.0202581
Model_1_goa_re_2019.dat 2 2032  F_Mean 0.0202581
Model_1_goa_re_2019.dat 3 2019 Cabc 0.840752
Model_1_goa_re_2019.dat 3 2019 Cofl 0.901601
Model_1_goa_re_2019.dat 3 2019 CLCI 0.790419
Model_1_goa_re_2019.dat 3 2019 CUCI 0.790419
Model_1_goa_re_2019.dat 3 2019 CMedian 0.790419
Model_1_goa_re_2019.dat 3 2019 CMean 0.790419
Model_1_goa_re_2019.dat 3 2020 Cabc 0.840752
Model_1_goa_re_2019.dat 3 2020 Cofl 0.901601
Model_1_goa_re_2019.dat 3 2020 CLCI 0.418805
Model_1_goa_re_2019.dat 3 2020 CUCI 0.418805
Model_1_goa_re_2019.dat 3 2020 CMedian 0.418805
Model_1_goa_re_2019.dat 3 2020 CMean 0.418805
Model_1_goa_re_2019.dat 3 2021 Cabc 0.840752
Model_1_goa_re_2019.dat 3 2021 Cofl 0.901601
Model_1_goa_re_2019.dat 3 2021 CLCI 0.61264
Model_1_goa_re_2019.dat 3 2021 CUCI 0.61264
Model_1_goa_re_2019.dat 3 2021 CMedian 0.61264
Model_1_goa_re_2019.dat 3 2021 CMean 0.61264
Model_1_goa_re_2019.dat 3 2022 Cabc 0.840752
Model_1_goa_re_2019.dat 3 2022 Cofl 0.901601
Model_1_goa_re_2019.dat 3 2022 CLCI 0.605254
Model_1_goa_re_2019.dat 3 2022 CUCI 0.605254
Model_1_goa_re_2019.dat 3 2022 CMedian 0.605254
Model_1_goa_re_2019.dat 3 2022 CMean 0.605254
Model_1_goa_re_2019.dat 3 2023 Cabc 0.840752
Model_1_goa_re_2019.dat 3 2023 Cofl 0.901601
Model_1_goa_re_2019.dat 3 2023 CLCI 0.610204
Model_1_goa_re_2019.dat 3 2023 CUCI 0.610269
Model_1_goa_re_2019.dat 3 2023 CMedian 0.610228
Model_1_goa_re_2019.dat 3 2023 CMean 0.610231
Model_1_goa_re_2019.dat 3 2024 Cabc 0.840752
Model_1_goa_re_2019.dat 3 2024 Cofl 0.901601
Model_1_goa_re_2019.dat 3 2024 CLCI 0.612513
Model_1_goa_re_2019.dat 3 2024 CUCI 0.612718
Model_1_goa_re_2019.dat 3 2024 CMedian 0.612588
Model_1_goa_re_2019.dat 3 2024 CMean 0.612597
Model_1_goa_re_2019.dat 3 2025 Cabc 0.840752
Model_1_goa_re_2019.dat 3 2025 Cofl 0.901601
Model_1_goa_re_2019.dat 3 2025 CLCI 0.622995
Model_1_goa_re_2019.dat 3 2025 CUCI 0.623524
Model_1_goa_re_2019.dat 3 2025 CMedian 0.623189
Model_1_goa_re_2019.dat 3 2025 CMean 0.623213
Model_1_goa_re_2019.dat 3 2026 Cabc 0.840752
Model_1_goa_re_2019.dat 3 2026 Cofl 0.901601
Model_1_goa_re_2019.dat 3 2026 CLCI 0.645048
Model_1_goa_re_2019.dat 3 2026 CUCI 0.646147
Model_1_goa_re_2019.dat 3 2026 CMedian 0.645462
Model_1_goa_re_2019.dat 3 2026 CMean 0.645514
Model_1_goa_re_2019.dat 3 2027 Cabc 0.840752
Model_1_goa_re_2019.dat 3 2027 Cofl 0.901601
Model_1_goa_re_2019.dat 3 2027 CLCI 0.638133
Model_1_goa_re_2019.dat 3 2027 CUCI 0.639981
Model_1_goa_re_2019.dat 3 2027 CMedian 0.638823
Model_1_goa_re_2019.dat 3 2027 CMean 0.638907
Model_1_goa_re_2019.dat 3 2028 Cabc 0.840752
Model_1_goa_re_2019.dat 3 2028 Cofl 0.901601
Model_1_goa_re_2019.dat 3 2028 CLCI 0.631264
Model_1_goa_re_2019.dat 3 2028 CUCI 0.633774
Model_1_goa_re_2019.dat 3 2028 CMedian 0.632297
Model_1_goa_re_2019.dat 3 2028 CMean 0.632381
Model_1_goa_re_2019.dat 3 2029 Cabc 0.840752
Model_1_goa_re_2019.dat 3 2029 Cofl 0.901601
Model_1_goa_re_2019.dat 3 2029 CLCI 0.627925
Model_1_goa_re_2019.dat 3 2029 CUCI 0.630851
Model_1_goa_re_2019.dat 3 2029 CMedian 0.62917
Model_1_goa_re_2019.dat 3 2029 CMean 0.629264
Model_1_goa_re_2019.dat 3 2030 Cabc 0.840752
Model_1_goa_re_2019.dat 3 2030 Cofl 0.901601
Model_1_goa_re_2019.dat 3 2030 CLCI 0.625059
Model_1_goa_re_2019.dat 3 2030 CUCI 0.628626
Model_1_goa_re_2019.dat 3 2030 CMedian 0.626584
Model_1_goa_re_2019.dat 3 2030 CMean 0.626689
Model_1_goa_re_2019.dat 3 2031 Cabc 0.840752
Model_1_goa_re_2019.dat 3 2031 Cofl 0.901601
Model_1_goa_re_2019.dat 3 2031 CLCI 0.620457
Model_1_goa_re_2019.dat 3 2031 CUCI 0.62544
Model_1_goa_re_2019.dat 3 2031 CMedian 0.622464
Model_1_goa_re_2019.dat 3 2031 CMean 0.622574
Model_1_goa_re_2019.dat 3 2032 Cabc 0.840752
Model_1_goa_re_2019.dat 3 2032 Cofl 0.901601
Model_1_goa_re_2019.dat 3 2032 CLCI 0.615073
Model_1_goa_re_2019.dat 3 2032 CUCI 0.624655
Model_1_goa_re_2019.dat 3 2032 CMedian 0.618536
Model_1_goa_re_2019.dat 3 2032 CMean 0.619016
Model_1_goa_re_2019.dat 3 2019 SSBF100 20.6581
Model_1_goa_re_2019.dat 3 2019 SSBFabc 8.26323
Model_1_goa_re_2019.dat 3 2019 SSBFofl 7.23033
Model_1_goa_re_2019.dat 3 2019 SSBLCI 12.477
Model_1_goa_re_2019.dat 3 2019 SSBUCI 12.477
Model_1_goa_re_2019.dat 3 2019 SSBMedian 12.477
Model_1_goa_re_2019.dat 3 2019 SSBMean 12.477
Model_1_goa_re_2019.dat 3 2020 SSBF100 20.6581
Model_1_goa_re_2019.dat 3 2020 SSBFabc 8.26323
Model_1_goa_re_2019.dat 3 2020 SSBFofl 7.23033
Model_1_goa_re_2019.dat 3 2020 SSBLCI 12.4609
Model_1_goa_re_2019.dat 3 2020 SSBUCI 12.4609
Model_1_goa_re_2019.dat 3 2020 SSBMedian 12.4609
Model_1_goa_re_2019.dat 3 2020 SSBMean 12.4609
Model_1_goa_re_2019.dat 3 2021 SSBF100 20.6581
Model_1_goa_re_2019.dat 3 2021 SSBFabc 8.26323
Model_1_goa_re_2019.dat 3 2021 SSBFofl 7.23033
Model_1_goa_re_2019.dat 3 2021 SSBLCI 12.497
Model_1_goa_re_2019.dat 3 2021 SSBUCI 12.497
Model_1_goa_re_2019.dat 3 2021 SSBMedian 12.497
Model_1_goa_re_2019.dat 3 2021 SSBMean 12.497
Model_1_goa_re_2019.dat 3 2022 SSBF100 20.6581
Model_1_goa_re_2019.dat 3 2022 SSBFabc 8.26323
Model_1_goa_re_2019.dat 3 2022 SSBFofl 7.23033
Model_1_goa_re_2019.dat 3 2022 SSBLCI 12.5077
Model_1_goa_re_2019.dat 3 2022 SSBUCI 12.5077
Model_1_goa_re_2019.dat 3 2022 SSBMedian 12.5077
Model_1_goa_re_2019.dat 3 2022 SSBMean 12.5077
Model_1_goa_re_2019.dat 3 2023 SSBF100 20.6581
Model_1_goa_re_2019.dat 3 2023 SSBFabc 8.26323
Model_1_goa_re_2019.dat 3 2023 SSBFofl 7.23033
Model_1_goa_re_2019.dat 3 2023 SSBLCI 12.5419
Model_1_goa_re_2019.dat 3 2023 SSBUCI 12.5419
Model_1_goa_re_2019.dat 3 2023 SSBMedian 12.5419
Model_1_goa_re_2019.dat 3 2023 SSBMean 12.5419
Model_1_goa_re_2019.dat 3 2024 SSBF100 20.6581
Model_1_goa_re_2019.dat 3 2024 SSBFabc 8.26323
Model_1_goa_re_2019.dat 3 2024 SSBFofl 7.23033
Model_1_goa_re_2019.dat 3 2024 SSBLCI 12.5765
Model_1_goa_re_2019.dat 3 2024 SSBUCI 12.5768
Model_1_goa_re_2019.dat 3 2024 SSBMedian 12.5766
Model_1_goa_re_2019.dat 3 2024 SSBMean 12.5766
Model_1_goa_re_2019.dat 3 2025 SSBF100 20.6581
Model_1_goa_re_2019.dat 3 2025 SSBFabc 8.26323
Model_1_goa_re_2019.dat 3 2025 SSBFofl 7.23033
Model_1_goa_re_2019.dat 3 2025 SSBLCI 12.6403
Model_1_goa_re_2019.dat 3 2025 SSBUCI 12.6412
Model_1_goa_re_2019.dat 3 2025 SSBMedian 12.6406
Model_1_goa_re_2019.dat 3 2025 SSBMean 12.6407
Model_1_goa_re_2019.dat 3 2026 SSBF100 20.6581
Model_1_goa_re_2019.dat 3 2026 SSBFabc 8.26323
Model_1_goa_re_2019.dat 3 2026 SSBFofl 7.23033
Model_1_goa_re_2019.dat 3 2026 SSBLCI 12.71
Model_1_goa_re_2019.dat 3 2026 SSBUCI 12.712
Model_1_goa_re_2019.dat 3 2026 SSBMedian 12.7107
Model_1_goa_re_2019.dat 3 2026 SSBMean 12.7108
Model_1_goa_re_2019.dat 3 2027 SSBF100 20.6581
Model_1_goa_re_2019.dat 3 2027 SSBFabc 8.26323
Model_1_goa_re_2019.dat 3 2027 SSBFofl 7.23033
Model_1_goa_re_2019.dat 3 2027 SSBLCI 12.7652
Model_1_goa_re_2019.dat 3 2027 SSBUCI 12.7709
Model_1_goa_re_2019.dat 3 2027 SSBMedian 12.7673
Model_1_goa_re_2019.dat 3 2027 SSBMean 12.7675
Model_1_goa_re_2019.dat 3 2028 SSBF100 20.6581
Model_1_goa_re_2019.dat 3 2028 SSBFabc 8.26323
Model_1_goa_re_2019.dat 3 2028 SSBFofl 7.23033
Model_1_goa_re_2019.dat 3 2028 SSBLCI 12.7994
Model_1_goa_re_2019.dat 3 2028 SSBUCI 12.8141
Model_1_goa_re_2019.dat 3 2028 SSBMedian 12.8048
Model_1_goa_re_2019.dat 3 2028 SSBMean 12.8055
Model_1_goa_re_2019.dat 3 2029 SSBF100 20.6581
Model_1_goa_re_2019.dat 3 2029 SSBFabc 8.26323
Model_1_goa_re_2019.dat 3 2029 SSBFofl 7.23033
Model_1_goa_re_2019.dat 3 2029 SSBLCI 12.8086
Model_1_goa_re_2019.dat 3 2029 SSBUCI 12.8402
Model_1_goa_re_2019.dat 3 2029 SSBMedian 12.8205
Model_1_goa_re_2019.dat 3 2029 SSBMean 12.822
Model_1_goa_re_2019.dat 3 2030 SSBF100 20.6581
Model_1_goa_re_2019.dat 3 2030 SSBFabc 8.26323
Model_1_goa_re_2019.dat 3 2030 SSBFofl 7.23033
Model_1_goa_re_2019.dat 3 2030 SSBLCI 12.7977
Model_1_goa_re_2019.dat 3 2030 SSBUCI 12.8613
Model_1_goa_re_2019.dat 3 2030 SSBMedian 12.8214
Model_1_goa_re_2019.dat 3 2030 SSBMean 12.8243
Model_1_goa_re_2019.dat 3 2031 SSBF100 20.6581
Model_1_goa_re_2019.dat 3 2031 SSBFabc 8.26323
Model_1_goa_re_2019.dat 3 2031 SSBFofl 7.23033
Model_1_goa_re_2019.dat 3 2031 SSBLCI 12.771
Model_1_goa_re_2019.dat 3 2031 SSBUCI 12.8856
Model_1_goa_re_2019.dat 3 2031 SSBMedian 12.8141
Model_1_goa_re_2019.dat 3 2031 SSBMean 12.819
Model_1_goa_re_2019.dat 3 2032 SSBF100 20.6581
Model_1_goa_re_2019.dat 3 2032 SSBFabc 8.26323
Model_1_goa_re_2019.dat 3 2032 SSBFofl 7.23033
Model_1_goa_re_2019.dat 3 2032 SSBLCI 12.7037
Model_1_goa_re_2019.dat 3 2032 SSBUCI 12.8968
Model_1_goa_re_2019.dat 3 2032 SSBMedian 12.7764
Model_1_goa_re_2019.dat 3 2032 SSBMean 12.7857
Model_1_goa_re_2019.dat 3 2019 F0 0 
Model_1_goa_re_2019.dat 3 2019 Fabc 0.0399647
Model_1_goa_re_2019.dat 3 2019 Fofl 0.048207
Model_1_goa_re_2019.dat 3 2019  F_LCI 0.0258654
Model_1_goa_re_2019.dat 3 2019  F_UCI 0.0258654
Model_1_goa_re_2019.dat 3 2019  F_Median 0.0258654
Model_1_goa_re_2019.dat 3 2019  F_Mean 0.0258654
Model_1_goa_re_2019.dat 3 2020 F0 0 
Model_1_goa_re_2019.dat 3 2020 Fabc 0.0399647
Model_1_goa_re_2019.dat 3 2020 Fofl 0.048207
Model_1_goa_re_2019.dat 3 2020  F_LCI 0.0137612
Model_1_goa_re_2019.dat 3 2020  F_UCI 0.0137612
Model_1_goa_re_2019.dat 3 2020  F_Median 0.0137612
Model_1_goa_re_2019.dat 3 2020  F_Mean 0.0137612
Model_1_goa_re_2019.dat 3 2021 F0 0 
Model_1_goa_re_2019.dat 3 2021 Fabc 0.0399647
Model_1_goa_re_2019.dat 3 2021 Fofl 0.048207
Model_1_goa_re_2019.dat 3 2021  F_LCI 0.0200649
Model_1_goa_re_2019.dat 3 2021  F_UCI 0.0200651
Model_1_goa_re_2019.dat 3 2021  F_Median 0.020065
Model_1_goa_re_2019.dat 3 2021  F_Mean 0.020065
Model_1_goa_re_2019.dat 3 2022 F0 0 
Model_1_goa_re_2019.dat 3 2022 Fabc 0.0399647
Model_1_goa_re_2019.dat 3 2022 Fofl 0.048207
Model_1_goa_re_2019.dat 3 2022  F_LCI 0.0196885
Model_1_goa_re_2019.dat 3 2022  F_UCI 0.0196891
Model_1_goa_re_2019.dat 3 2022  F_Median 0.0196889
Model_1_goa_re_2019.dat 3 2022  F_Mean 0.0196889
Model_1_goa_re_2019.dat 3 2023 F0 0 
Model_1_goa_re_2019.dat 3 2023 Fabc 0.0399647
Model_1_goa_re_2019.dat 3 2023 Fofl 0.048207
Model_1_goa_re_2019.dat 3 2023  F_LCI 0.0199823
Model_1_goa_re_2019.dat 3 2023  F_UCI 0.0199823
Model_1_goa_re_2019.dat 3 2023  F_Median 0.0199823
Model_1_goa_re_2019.dat 3 2023  F_Mean 0.0199823
Model_1_goa_re_2019.dat 3 2024 F0 0 
Model_1_goa_re_2019.dat 3 2024 Fabc 0.0399647
Model_1_goa_re_2019.dat 3 2024 Fofl 0.048207
Model_1_goa_re_2019.dat 3 2024  F_LCI 0.0199823
Model_1_goa_re_2019.dat 3 2024  F_UCI 0.0199823
Model_1_goa_re_2019.dat 3 2024  F_Median 0.0199823
Model_1_goa_re_2019.dat 3 2024  F_Mean 0.0199823
Model_1_goa_re_2019.dat 3 2025 F0 0 
Model_1_goa_re_2019.dat 3 2025 Fabc 0.0399647
Model_1_goa_re_2019.dat 3 2025 Fofl 0.048207
Model_1_goa_re_2019.dat 3 2025  F_LCI 0.0199823
Model_1_goa_re_2019.dat 3 2025  F_UCI 0.0199823
Model_1_goa_re_2019.dat 3 2025  F_Median 0.0199823
Model_1_goa_re_2019.dat 3 2025  F_Mean 0.0199823
Model_1_goa_re_2019.dat 3 2026 F0 0 
Model_1_goa_re_2019.dat 3 2026 Fabc 0.0399647
Model_1_goa_re_2019.dat 3 2026 Fofl 0.048207
Model_1_goa_re_2019.dat 3 2026  F_LCI 0.0199823
Model_1_goa_re_2019.dat 3 2026  F_UCI 0.0199823
Model_1_goa_re_2019.dat 3 2026  F_Median 0.0199823
Model_1_goa_re_2019.dat 3 2026  F_Mean 0.0199823
Model_1_goa_re_2019.dat 3 2027 F0 0 
Model_1_goa_re_2019.dat 3 2027 Fabc 0.0399647
Model_1_goa_re_2019.dat 3 2027 Fofl 0.048207
Model_1_goa_re_2019.dat 3 2027  F_LCI 0.0199823
Model_1_goa_re_2019.dat 3 2027  F_UCI 0.0199823
Model_1_goa_re_2019.dat 3 2027  F_Median 0.0199823
Model_1_goa_re_2019.dat 3 2027  F_Mean 0.0199823
Model_1_goa_re_2019.dat 3 2028 F0 0 
Model_1_goa_re_2019.dat 3 2028 Fabc 0.0399647
Model_1_goa_re_2019.dat 3 2028 Fofl 0.048207
Model_1_goa_re_2019.dat 3 2028  F_LCI 0.0199823
Model_1_goa_re_2019.dat 3 2028  F_UCI 0.0199823
Model_1_goa_re_2019.dat 3 2028  F_Median 0.0199823
Model_1_goa_re_2019.dat 3 2028  F_Mean 0.0199823
Model_1_goa_re_2019.dat 3 2029 F0 0 
Model_1_goa_re_2019.dat 3 2029 Fabc 0.0399647
Model_1_goa_re_2019.dat 3 2029 Fofl 0.048207
Model_1_goa_re_2019.dat 3 2029  F_LCI 0.0199823
Model_1_goa_re_2019.dat 3 2029  F_UCI 0.0199823
Model_1_goa_re_2019.dat 3 2029  F_Median 0.0199823
Model_1_goa_re_2019.dat 3 2029  F_Mean 0.0199823
Model_1_goa_re_2019.dat 3 2030 F0 0 
Model_1_goa_re_2019.dat 3 2030 Fabc 0.0399647
Model_1_goa_re_2019.dat 3 2030 Fofl 0.048207
Model_1_goa_re_2019.dat 3 2030  F_LCI 0.0199823
Model_1_goa_re_2019.dat 3 2030  F_UCI 0.0199823
Model_1_goa_re_2019.dat 3 2030  F_Median 0.0199823
Model_1_goa_re_2019.dat 3 2030  F_Mean 0.0199823
Model_1_goa_re_2019.dat 3 2031 F0 0 
Model_1_goa_re_2019.dat 3 2031 Fabc 0.0399647
Model_1_goa_re_2019.dat 3 2031 Fofl 0.048207
Model_1_goa_re_2019.dat 3 2031  F_LCI 0.0199823
Model_1_goa_re_2019.dat 3 2031  F_UCI 0.0199823
Model_1_goa_re_2019.dat 3 2031  F_Median 0.0199823
Model_1_goa_re_2019.dat 3 2031  F_Mean 0.0199823
Model_1_goa_re_2019.dat 3 2032 F0 0 
Model_1_goa_re_2019.dat 3 2032 Fabc 0.0399647
Model_1_goa_re_2019.dat 3 2032 Fofl 0.048207
Model_1_goa_re_2019.dat 3 2032  F_LCI 0.0199823
Model_1_goa_re_2019.dat 3 2032  F_UCI 0.0199823
Model_1_goa_re_2019.dat 3 2032  F_Median 0.0199823
Model_1_goa_re_2019.dat 3 2032  F_Mean 0.0199823
Model_1_goa_re_2019.dat 4 2019 Cabc 0.840752
Model_1_goa_re_2019.dat 4 2019 Cofl 0.901601
Model_1_goa_re_2019.dat 4 2019 CLCI 0.790419
Model_1_goa_re_2019.dat 4 2019 CUCI 0.790419
Model_1_goa_re_2019.dat 4 2019 CMedian 0.790419
Model_1_goa_re_2019.dat 4 2019 CMean 0.790419
Model_1_goa_re_2019.dat 4 2020 Cabc 0.840752
Model_1_goa_re_2019.dat 4 2020 Cofl 0.901601
Model_1_goa_re_2019.dat 4 2020 CLCI 0.418805
Model_1_goa_re_2019.dat 4 2020 CUCI 0.418805
Model_1_goa_re_2019.dat 4 2020 CMedian 0.418805
Model_1_goa_re_2019.dat 4 2020 CMean 0.418805
Model_1_goa_re_2019.dat 4 2021 Cabc 0.840752
Model_1_goa_re_2019.dat 4 2021 Cofl 0.901601
Model_1_goa_re_2019.dat 4 2021 CLCI 0.61264
Model_1_goa_re_2019.dat 4 2021 CUCI 0.61264
Model_1_goa_re_2019.dat 4 2021 CMedian 0.61264
Model_1_goa_re_2019.dat 4 2021 CMean 0.61264
Model_1_goa_re_2019.dat 4 2022 Cabc 0.840752
Model_1_goa_re_2019.dat 4 2022 Cofl 0.901601
Model_1_goa_re_2019.dat 4 2022 CLCI 0.605254
Model_1_goa_re_2019.dat 4 2022 CUCI 0.605254
Model_1_goa_re_2019.dat 4 2022 CMedian 0.605254
Model_1_goa_re_2019.dat 4 2022 CMean 0.605254
Model_1_goa_re_2019.dat 4 2023 Cabc 0.840752
Model_1_goa_re_2019.dat 4 2023 Cofl 0.901601
Model_1_goa_re_2019.dat 4 2023 CLCI 0.608567
Model_1_goa_re_2019.dat 4 2023 CUCI 0.608632
Model_1_goa_re_2019.dat 4 2023 CMedian 0.608591
Model_1_goa_re_2019.dat 4 2023 CMean 0.608594
Model_1_goa_re_2019.dat 4 2024 Cabc 0.840752
Model_1_goa_re_2019.dat 4 2024 Cofl 0.901601
Model_1_goa_re_2019.dat 4 2024 CLCI 0.610901
Model_1_goa_re_2019.dat 4 2024 CUCI 0.611105
Model_1_goa_re_2019.dat 4 2024 CMedian 0.610975
Model_1_goa_re_2019.dat 4 2024 CMean 0.610985
Model_1_goa_re_2019.dat 4 2025 Cabc 0.840752
Model_1_goa_re_2019.dat 4 2025 Cofl 0.901601
Model_1_goa_re_2019.dat 4 2025 CLCI 0.621385
Model_1_goa_re_2019.dat 4 2025 CUCI 0.621913
Model_1_goa_re_2019.dat 4 2025 CMedian 0.621578
Model_1_goa_re_2019.dat 4 2025 CMean 0.621603
Model_1_goa_re_2019.dat 4 2026 Cabc 0.840752
Model_1_goa_re_2019.dat 4 2026 Cofl 0.901601
Model_1_goa_re_2019.dat 4 2026 CLCI 0.64341
Model_1_goa_re_2019.dat 4 2026 CUCI 0.644505
Model_1_goa_re_2019.dat 4 2026 CMedian 0.643822
Model_1_goa_re_2019.dat 4 2026 CMean 0.643874
Model_1_goa_re_2019.dat 4 2027 Cabc 0.840752
Model_1_goa_re_2019.dat 4 2027 Cofl 0.901601
Model_1_goa_re_2019.dat 4 2027 CLCI 0.636543
Model_1_goa_re_2019.dat 4 2027 CUCI 0.638385
Model_1_goa_re_2019.dat 4 2027 CMedian 0.63723
Model_1_goa_re_2019.dat 4 2027 CMean 0.637314
Model_1_goa_re_2019.dat 4 2028 Cabc 0.840752
Model_1_goa_re_2019.dat 4 2028 Cofl 0.901601
Model_1_goa_re_2019.dat 4 2028 CLCI 0.62972
Model_1_goa_re_2019.dat 4 2028 CUCI 0.632223
Model_1_goa_re_2019.dat 4 2028 CMedian 0.63075
Model_1_goa_re_2019.dat 4 2028 CMean 0.630834
Model_1_goa_re_2019.dat 4 2029 Cabc 0.840752
Model_1_goa_re_2019.dat 4 2029 Cofl 0.901601
Model_1_goa_re_2019.dat 4 2029 CLCI 0.626417
Model_1_goa_re_2019.dat 4 2029 CUCI 0.629335
Model_1_goa_re_2019.dat 4 2029 CMedian 0.627658
Model_1_goa_re_2019.dat 4 2029 CMean 0.627752
Model_1_goa_re_2019.dat 4 2030 Cabc 0.840752
Model_1_goa_re_2019.dat 4 2030 Cofl 0.901601
Model_1_goa_re_2019.dat 4 2030 CLCI 0.623583
Model_1_goa_re_2019.dat 4 2030 CUCI 0.627141
Model_1_goa_re_2019.dat 4 2030 CMedian 0.625105
Model_1_goa_re_2019.dat 4 2030 CMean 0.625209
Model_1_goa_re_2019.dat 4 2031 Cabc 0.840752
Model_1_goa_re_2019.dat 4 2031 Cofl 0.901601
Model_1_goa_re_2019.dat 4 2031 CLCI 0.619018
Model_1_goa_re_2019.dat 4 2031 CUCI 0.623987
Model_1_goa_re_2019.dat 4 2031 CMedian 0.621019
Model_1_goa_re_2019.dat 4 2031 CMean 0.621129
Model_1_goa_re_2019.dat 4 2032 Cabc 0.840752
Model_1_goa_re_2019.dat 4 2032 Cofl 0.901601
Model_1_goa_re_2019.dat 4 2032 CLCI 0.613671
Model_1_goa_re_2019.dat 4 2032 CUCI 0.623227
Model_1_goa_re_2019.dat 4 2032 CMedian 0.617124
Model_1_goa_re_2019.dat 4 2032 CMean 0.617603
Model_1_goa_re_2019.dat 4 2019 SSBF100 20.6581
Model_1_goa_re_2019.dat 4 2019 SSBFabc 8.26323
Model_1_goa_re_2019.dat 4 2019 SSBFofl 7.23033
Model_1_goa_re_2019.dat 4 2019 SSBLCI 12.477
Model_1_goa_re_2019.dat 4 2019 SSBUCI 12.477
Model_1_goa_re_2019.dat 4 2019 SSBMedian 12.477
Model_1_goa_re_2019.dat 4 2019 SSBMean 12.477
Model_1_goa_re_2019.dat 4 2020 SSBF100 20.6581
Model_1_goa_re_2019.dat 4 2020 SSBFabc 8.26323
Model_1_goa_re_2019.dat 4 2020 SSBFofl 7.23033
Model_1_goa_re_2019.dat 4 2020 SSBLCI 12.4609
Model_1_goa_re_2019.dat 4 2020 SSBUCI 12.4609
Model_1_goa_re_2019.dat 4 2020 SSBMedian 12.4609
Model_1_goa_re_2019.dat 4 2020 SSBMean 12.4609
Model_1_goa_re_2019.dat 4 2021 SSBF100 20.6581
Model_1_goa_re_2019.dat 4 2021 SSBFabc 8.26323
Model_1_goa_re_2019.dat 4 2021 SSBFofl 7.23033
Model_1_goa_re_2019.dat 4 2021 SSBLCI 12.497
Model_1_goa_re_2019.dat 4 2021 SSBUCI 12.497
Model_1_goa_re_2019.dat 4 2021 SSBMedian 12.497
Model_1_goa_re_2019.dat 4 2021 SSBMean 12.497
Model_1_goa_re_2019.dat 4 2022 SSBF100 20.6581
Model_1_goa_re_2019.dat 4 2022 SSBFabc 8.26323
Model_1_goa_re_2019.dat 4 2022 SSBFofl 7.23033
Model_1_goa_re_2019.dat 4 2022 SSBLCI 12.5077
Model_1_goa_re_2019.dat 4 2022 SSBUCI 12.5077
Model_1_goa_re_2019.dat 4 2022 SSBMedian 12.5077
Model_1_goa_re_2019.dat 4 2022 SSBMean 12.5077
Model_1_goa_re_2019.dat 4 2023 SSBF100 20.6581
Model_1_goa_re_2019.dat 4 2023 SSBFabc 8.26323
Model_1_goa_re_2019.dat 4 2023 SSBFofl 7.23033
Model_1_goa_re_2019.dat 4 2023 SSBLCI 12.5422
Model_1_goa_re_2019.dat 4 2023 SSBUCI 12.5422
Model_1_goa_re_2019.dat 4 2023 SSBMedian 12.5422
Model_1_goa_re_2019.dat 4 2023 SSBMean 12.5422
Model_1_goa_re_2019.dat 4 2024 SSBF100 20.6581
Model_1_goa_re_2019.dat 4 2024 SSBFabc 8.26323
Model_1_goa_re_2019.dat 4 2024 SSBFofl 7.23033
Model_1_goa_re_2019.dat 4 2024 SSBLCI 12.5774
Model_1_goa_re_2019.dat 4 2024 SSBUCI 12.5778
Model_1_goa_re_2019.dat 4 2024 SSBMedian 12.5775
Model_1_goa_re_2019.dat 4 2024 SSBMean 12.5775
Model_1_goa_re_2019.dat 4 2025 SSBF100 20.6581
Model_1_goa_re_2019.dat 4 2025 SSBFabc 8.26323
Model_1_goa_re_2019.dat 4 2025 SSBFofl 7.23033
Model_1_goa_re_2019.dat 4 2025 SSBLCI 12.6419
Model_1_goa_re_2019.dat 4 2025 SSBUCI 12.6428
Model_1_goa_re_2019.dat 4 2025 SSBMedian 12.6422
Model_1_goa_re_2019.dat 4 2025 SSBMean 12.6423
Model_1_goa_re_2019.dat 4 2026 SSBF100 20.6581
Model_1_goa_re_2019.dat 4 2026 SSBFabc 8.26323
Model_1_goa_re_2019.dat 4 2026 SSBFofl 7.23033
Model_1_goa_re_2019.dat 4 2026 SSBLCI 12.7122
Model_1_goa_re_2019.dat 4 2026 SSBUCI 12.7142
Model_1_goa_re_2019.dat 4 2026 SSBMedian 12.713
Model_1_goa_re_2019.dat 4 2026 SSBMean 12.7131
Model_1_goa_re_2019.dat 4 2027 SSBF100 20.6581
Model_1_goa_re_2019.dat 4 2027 SSBFabc 8.26323
Model_1_goa_re_2019.dat 4 2027 SSBFofl 7.23033
Model_1_goa_re_2019.dat 4 2027 SSBLCI 12.768
Model_1_goa_re_2019.dat 4 2027 SSBUCI 12.7738
Model_1_goa_re_2019.dat 4 2027 SSBMedian 12.7701
Model_1_goa_re_2019.dat 4 2027 SSBMean 12.7704
Model_1_goa_re_2019.dat 4 2028 SSBF100 20.6581
Model_1_goa_re_2019.dat 4 2028 SSBFabc 8.26323
Model_1_goa_re_2019.dat 4 2028 SSBFofl 7.23033
Model_1_goa_re_2019.dat 4 2028 SSBLCI 12.8029
Model_1_goa_re_2019.dat 4 2028 SSBUCI 12.8176
Model_1_goa_re_2019.dat 4 2028 SSBMedian 12.8083
Model_1_goa_re_2019.dat 4 2028 SSBMean 12.809
Model_1_goa_re_2019.dat 4 2029 SSBF100 20.6581
Model_1_goa_re_2019.dat 4 2029 SSBFabc 8.26323
Model_1_goa_re_2019.dat 4 2029 SSBFofl 7.23033
Model_1_goa_re_2019.dat 4 2029 SSBLCI 12.8127
Model_1_goa_re_2019.dat 4 2029 SSBUCI 12.8443
Model_1_goa_re_2019.dat 4 2029 SSBMedian 12.8246
Model_1_goa_re_2019.dat 4 2029 SSBMean 12.826
Model_1_goa_re_2019.dat 4 2030 SSBF100 20.6581
Model_1_goa_re_2019.dat 4 2030 SSBFabc 8.26323
Model_1_goa_re_2019.dat 4 2030 SSBFofl 7.23033
Model_1_goa_re_2019.dat 4 2030 SSBLCI 12.8024
Model_1_goa_re_2019.dat 4 2030 SSBUCI 12.866
Model_1_goa_re_2019.dat 4 2030 SSBMedian 12.826
Model_1_goa_re_2019.dat 4 2030 SSBMean 12.829
Model_1_goa_re_2019.dat 4 2031 SSBF100 20.6581
Model_1_goa_re_2019.dat 4 2031 SSBFabc 8.26323
Model_1_goa_re_2019.dat 4 2031 SSBFofl 7.23033
Model_1_goa_re_2019.dat 4 2031 SSBLCI 12.7762
Model_1_goa_re_2019.dat 4 2031 SSBUCI 12.8908
Model_1_goa_re_2019.dat 4 2031 SSBMedian 12.8193
Model_1_goa_re_2019.dat 4 2031 SSBMean 12.8243
Model_1_goa_re_2019.dat 4 2032 SSBF100 20.6581
Model_1_goa_re_2019.dat 4 2032 SSBFabc 8.26323
Model_1_goa_re_2019.dat 4 2032 SSBFofl 7.23033
Model_1_goa_re_2019.dat 4 2032 SSBLCI 12.7095
Model_1_goa_re_2019.dat 4 2032 SSBUCI 12.9026
Model_1_goa_re_2019.dat 4 2032 SSBMedian 12.7821
Model_1_goa_re_2019.dat 4 2032 SSBMean 12.7915
Model_1_goa_re_2019.dat 4 2019 F0 0 
Model_1_goa_re_2019.dat 4 2019 Fabc 0.0399647
Model_1_goa_re_2019.dat 4 2019 Fofl 0.048207
Model_1_goa_re_2019.dat 4 2019  F_LCI 0.0258654
Model_1_goa_re_2019.dat 4 2019  F_UCI 0.0258654
Model_1_goa_re_2019.dat 4 2019  F_Median 0.0258654
Model_1_goa_re_2019.dat 4 2019  F_Mean 0.0258654
Model_1_goa_re_2019.dat 4 2020 F0 0 
Model_1_goa_re_2019.dat 4 2020 Fabc 0.0399647
Model_1_goa_re_2019.dat 4 2020 Fofl 0.048207
Model_1_goa_re_2019.dat 4 2020  F_LCI 0.0137612
Model_1_goa_re_2019.dat 4 2020  F_UCI 0.0137612
Model_1_goa_re_2019.dat 4 2020  F_Median 0.0137612
Model_1_goa_re_2019.dat 4 2020  F_Mean 0.0137612
Model_1_goa_re_2019.dat 4 2021 F0 0 
Model_1_goa_re_2019.dat 4 2021 Fabc 0.0399647
Model_1_goa_re_2019.dat 4 2021 Fofl 0.048207
Model_1_goa_re_2019.dat 4 2021  F_LCI 0.0200649
Model_1_goa_re_2019.dat 4 2021  F_UCI 0.0200651
Model_1_goa_re_2019.dat 4 2021  F_Median 0.020065
Model_1_goa_re_2019.dat 4 2021  F_Mean 0.020065
Model_1_goa_re_2019.dat 4 2022 F0 0 
Model_1_goa_re_2019.dat 4 2022 Fabc 0.0399647
Model_1_goa_re_2019.dat 4 2022 Fofl 0.048207
Model_1_goa_re_2019.dat 4 2022  F_LCI 0.0196885
Model_1_goa_re_2019.dat 4 2022  F_UCI 0.0196891
Model_1_goa_re_2019.dat 4 2022  F_Median 0.0196889
Model_1_goa_re_2019.dat 4 2022  F_Mean 0.0196889
Model_1_goa_re_2019.dat 4 2023 F0 0 
Model_1_goa_re_2019.dat 4 2023 Fabc 0.0399647
Model_1_goa_re_2019.dat 4 2023 Fofl 0.048207
Model_1_goa_re_2019.dat 4 2023  F_LCI 0.0199282
Model_1_goa_re_2019.dat 4 2023  F_UCI 0.0199282
Model_1_goa_re_2019.dat 4 2023  F_Median 0.0199282
Model_1_goa_re_2019.dat 4 2023  F_Mean 0.0199282
Model_1_goa_re_2019.dat 4 2024 F0 0 
Model_1_goa_re_2019.dat 4 2024 Fabc 0.0399647
Model_1_goa_re_2019.dat 4 2024 Fofl 0.048207
Model_1_goa_re_2019.dat 4 2024  F_LCI 0.0199282
Model_1_goa_re_2019.dat 4 2024  F_UCI 0.0199282
Model_1_goa_re_2019.dat 4 2024  F_Median 0.0199282
Model_1_goa_re_2019.dat 4 2024  F_Mean 0.0199282
Model_1_goa_re_2019.dat 4 2025 F0 0 
Model_1_goa_re_2019.dat 4 2025 Fabc 0.0399647
Model_1_goa_re_2019.dat 4 2025 Fofl 0.048207
Model_1_goa_re_2019.dat 4 2025  F_LCI 0.0199282
Model_1_goa_re_2019.dat 4 2025  F_UCI 0.0199282
Model_1_goa_re_2019.dat 4 2025  F_Median 0.0199282
Model_1_goa_re_2019.dat 4 2025  F_Mean 0.0199282
Model_1_goa_re_2019.dat 4 2026 F0 0 
Model_1_goa_re_2019.dat 4 2026 Fabc 0.0399647
Model_1_goa_re_2019.dat 4 2026 Fofl 0.048207
Model_1_goa_re_2019.dat 4 2026  F_LCI 0.0199282
Model_1_goa_re_2019.dat 4 2026  F_UCI 0.0199282
Model_1_goa_re_2019.dat 4 2026  F_Median 0.0199282
Model_1_goa_re_2019.dat 4 2026  F_Mean 0.0199282
Model_1_goa_re_2019.dat 4 2027 F0 0 
Model_1_goa_re_2019.dat 4 2027 Fabc 0.0399647
Model_1_goa_re_2019.dat 4 2027 Fofl 0.048207
Model_1_goa_re_2019.dat 4 2027  F_LCI 0.0199282
Model_1_goa_re_2019.dat 4 2027  F_UCI 0.0199282
Model_1_goa_re_2019.dat 4 2027  F_Median 0.0199282
Model_1_goa_re_2019.dat 4 2027  F_Mean 0.0199282
Model_1_goa_re_2019.dat 4 2028 F0 0 
Model_1_goa_re_2019.dat 4 2028 Fabc 0.0399647
Model_1_goa_re_2019.dat 4 2028 Fofl 0.048207
Model_1_goa_re_2019.dat 4 2028  F_LCI 0.0199282
Model_1_goa_re_2019.dat 4 2028  F_UCI 0.0199282
Model_1_goa_re_2019.dat 4 2028  F_Median 0.0199282
Model_1_goa_re_2019.dat 4 2028  F_Mean 0.0199282
Model_1_goa_re_2019.dat 4 2029 F0 0 
Model_1_goa_re_2019.dat 4 2029 Fabc 0.0399647
Model_1_goa_re_2019.dat 4 2029 Fofl 0.048207
Model_1_goa_re_2019.dat 4 2029  F_LCI 0.0199282
Model_1_goa_re_2019.dat 4 2029  F_UCI 0.0199282
Model_1_goa_re_2019.dat 4 2029  F_Median 0.0199282
Model_1_goa_re_2019.dat 4 2029  F_Mean 0.0199282
Model_1_goa_re_2019.dat 4 2030 F0 0 
Model_1_goa_re_2019.dat 4 2030 Fabc 0.0399647
Model_1_goa_re_2019.dat 4 2030 Fofl 0.048207
Model_1_goa_re_2019.dat 4 2030  F_LCI 0.0199282
Model_1_goa_re_2019.dat 4 2030  F_UCI 0.0199282
Model_1_goa_re_2019.dat 4 2030  F_Median 0.0199282
Model_1_goa_re_2019.dat 4 2030  F_Mean 0.0199282
Model_1_goa_re_2019.dat 4 2031 F0 0 
Model_1_goa_re_2019.dat 4 2031 Fabc 0.0399647
Model_1_goa_re_2019.dat 4 2031 Fofl 0.048207
Model_1_goa_re_2019.dat 4 2031  F_LCI 0.0199282
Model_1_goa_re_2019.dat 4 2031  F_UCI 0.0199282
Model_1_goa_re_2019.dat 4 2031  F_Median 0.0199282
Model_1_goa_re_2019.dat 4 2031  F_Mean 0.0199282
Model_1_goa_re_2019.dat 4 2032 F0 0 
Model_1_goa_re_2019.dat 4 2032 Fabc 0.0399647
Model_1_goa_re_2019.dat 4 2032 Fofl 0.048207
Model_1_goa_re_2019.dat 4 2032  F_LCI 0.0199282
Model_1_goa_re_2019.dat 4 2032  F_UCI 0.0199282
Model_1_goa_re_2019.dat 4 2032  F_Median 0.0199282
Model_1_goa_re_2019.dat 4 2032  F_Mean 0.0199282
Model_1_goa_re_2019.dat 5 2019 Cabc 0.840752
Model_1_goa_re_2019.dat 5 2019 Cofl 0.901601
Model_1_goa_re_2019.dat 5 2019 CLCI 0.790419
Model_1_goa_re_2019.dat 5 2019 CUCI 0.790419
Model_1_goa_re_2019.dat 5 2019 CMedian 0.790419
Model_1_goa_re_2019.dat 5 2019 CMean 0.790419
Model_1_goa_re_2019.dat 5 2020 Cabc 0.840752
Model_1_goa_re_2019.dat 5 2020 Cofl 0.901601
Model_1_goa_re_2019.dat 5 2020 CLCI 0.418805
Model_1_goa_re_2019.dat 5 2020 CUCI 0.418805
Model_1_goa_re_2019.dat 5 2020 CMedian 0.418805
Model_1_goa_re_2019.dat 5 2020 CMean 0.418805
Model_1_goa_re_2019.dat 5 2021 Cabc 0.840752
Model_1_goa_re_2019.dat 5 2021 Cofl 0.901601
Model_1_goa_re_2019.dat 5 2021 CLCI 0.61264
Model_1_goa_re_2019.dat 5 2021 CUCI 0.61264
Model_1_goa_re_2019.dat 5 2021 CMedian 0.61264
Model_1_goa_re_2019.dat 5 2021 CMean 0.61264
Model_1_goa_re_2019.dat 5 2022 Cabc 0.840752
Model_1_goa_re_2019.dat 5 2022 Cofl 0.901601
Model_1_goa_re_2019.dat 5 2022 CLCI 0.605254
Model_1_goa_re_2019.dat 5 2022 CUCI 0.605254
Model_1_goa_re_2019.dat 5 2022 CMedian 0.605254
Model_1_goa_re_2019.dat 5 2022 CMean 0.605254
Model_1_goa_re_2019.dat 5 2023 Cabc 0.840752
Model_1_goa_re_2019.dat 5 2023 Cofl 0.901601
Model_1_goa_re_2019.dat 5 2023 CLCI 0
Model_1_goa_re_2019.dat 5 2023 CUCI 0
Model_1_goa_re_2019.dat 5 2023 CMedian 0
Model_1_goa_re_2019.dat 5 2023 CMean 0
Model_1_goa_re_2019.dat 5 2024 Cabc 0.840752
Model_1_goa_re_2019.dat 5 2024 Cofl 0.901601
Model_1_goa_re_2019.dat 5 2024 CLCI 0
Model_1_goa_re_2019.dat 5 2024 CUCI 0
Model_1_goa_re_2019.dat 5 2024 CMedian 0
Model_1_goa_re_2019.dat 5 2024 CMean 0
Model_1_goa_re_2019.dat 5 2025 Cabc 0.840752
Model_1_goa_re_2019.dat 5 2025 Cofl 0.901601
Model_1_goa_re_2019.dat 5 2025 CLCI 0
Model_1_goa_re_2019.dat 5 2025 CUCI 0
Model_1_goa_re_2019.dat 5 2025 CMedian 0
Model_1_goa_re_2019.dat 5 2025 CMean 0
Model_1_goa_re_2019.dat 5 2026 Cabc 0.840752
Model_1_goa_re_2019.dat 5 2026 Cofl 0.901601
Model_1_goa_re_2019.dat 5 2026 CLCI 0
Model_1_goa_re_2019.dat 5 2026 CUCI 0
Model_1_goa_re_2019.dat 5 2026 CMedian 0
Model_1_goa_re_2019.dat 5 2026 CMean 0
Model_1_goa_re_2019.dat 5 2027 Cabc 0.840752
Model_1_goa_re_2019.dat 5 2027 Cofl 0.901601
Model_1_goa_re_2019.dat 5 2027 CLCI 0
Model_1_goa_re_2019.dat 5 2027 CUCI 0
Model_1_goa_re_2019.dat 5 2027 CMedian 0
Model_1_goa_re_2019.dat 5 2027 CMean 0
Model_1_goa_re_2019.dat 5 2028 Cabc 0.840752
Model_1_goa_re_2019.dat 5 2028 Cofl 0.901601
Model_1_goa_re_2019.dat 5 2028 CLCI 0
Model_1_goa_re_2019.dat 5 2028 CUCI 0
Model_1_goa_re_2019.dat 5 2028 CMedian 0
Model_1_goa_re_2019.dat 5 2028 CMean 0
Model_1_goa_re_2019.dat 5 2029 Cabc 0.840752
Model_1_goa_re_2019.dat 5 2029 Cofl 0.901601
Model_1_goa_re_2019.dat 5 2029 CLCI 0
Model_1_goa_re_2019.dat 5 2029 CUCI 0
Model_1_goa_re_2019.dat 5 2029 CMedian 0
Model_1_goa_re_2019.dat 5 2029 CMean 0
Model_1_goa_re_2019.dat 5 2030 Cabc 0.840752
Model_1_goa_re_2019.dat 5 2030 Cofl 0.901601
Model_1_goa_re_2019.dat 5 2030 CLCI 0
Model_1_goa_re_2019.dat 5 2030 CUCI 0
Model_1_goa_re_2019.dat 5 2030 CMedian 0
Model_1_goa_re_2019.dat 5 2030 CMean 0
Model_1_goa_re_2019.dat 5 2031 Cabc 0.840752
Model_1_goa_re_2019.dat 5 2031 Cofl 0.901601
Model_1_goa_re_2019.dat 5 2031 CLCI 0
Model_1_goa_re_2019.dat 5 2031 CUCI 0
Model_1_goa_re_2019.dat 5 2031 CMedian 0
Model_1_goa_re_2019.dat 5 2031 CMean 0
Model_1_goa_re_2019.dat 5 2032 Cabc 0.840752
Model_1_goa_re_2019.dat 5 2032 Cofl 0.901601
Model_1_goa_re_2019.dat 5 2032 CLCI 0
Model_1_goa_re_2019.dat 5 2032 CUCI 0
Model_1_goa_re_2019.dat 5 2032 CMedian 0
Model_1_goa_re_2019.dat 5 2032 CMean 0
Model_1_goa_re_2019.dat 5 2019 SSBF100 20.6581
Model_1_goa_re_2019.dat 5 2019 SSBFabc 8.26323
Model_1_goa_re_2019.dat 5 2019 SSBFofl 7.23033
Model_1_goa_re_2019.dat 5 2019 SSBLCI 12.477
Model_1_goa_re_2019.dat 5 2019 SSBUCI 12.477
Model_1_goa_re_2019.dat 5 2019 SSBMedian 12.477
Model_1_goa_re_2019.dat 5 2019 SSBMean 12.477
Model_1_goa_re_2019.dat 5 2020 SSBF100 20.6581
Model_1_goa_re_2019.dat 5 2020 SSBFabc 8.26323
Model_1_goa_re_2019.dat 5 2020 SSBFofl 7.23033
Model_1_goa_re_2019.dat 5 2020 SSBLCI 12.4609
Model_1_goa_re_2019.dat 5 2020 SSBUCI 12.4609
Model_1_goa_re_2019.dat 5 2020 SSBMedian 12.4609
Model_1_goa_re_2019.dat 5 2020 SSBMean 12.4609
Model_1_goa_re_2019.dat 5 2021 SSBF100 20.6581
Model_1_goa_re_2019.dat 5 2021 SSBFabc 8.26323
Model_1_goa_re_2019.dat 5 2021 SSBFofl 7.23033
Model_1_goa_re_2019.dat 5 2021 SSBLCI 12.497
Model_1_goa_re_2019.dat 5 2021 SSBUCI 12.497
Model_1_goa_re_2019.dat 5 2021 SSBMedian 12.497
Model_1_goa_re_2019.dat 5 2021 SSBMean 12.497
Model_1_goa_re_2019.dat 5 2022 SSBF100 20.6581
Model_1_goa_re_2019.dat 5 2022 SSBFabc 8.26323
Model_1_goa_re_2019.dat 5 2022 SSBFofl 7.23033
Model_1_goa_re_2019.dat 5 2022 SSBLCI 12.5077
Model_1_goa_re_2019.dat 5 2022 SSBUCI 12.5077
Model_1_goa_re_2019.dat 5 2022 SSBMedian 12.5077
Model_1_goa_re_2019.dat 5 2022 SSBMean 12.5077
Model_1_goa_re_2019.dat 5 2023 SSBF100 20.6581
Model_1_goa_re_2019.dat 5 2023 SSBFabc 8.26323
Model_1_goa_re_2019.dat 5 2023 SSBFofl 7.23033
Model_1_goa_re_2019.dat 5 2023 SSBLCI 12.6443
Model_1_goa_re_2019.dat 5 2023 SSBUCI 12.6443
Model_1_goa_re_2019.dat 5 2023 SSBMedian 12.6443
Model_1_goa_re_2019.dat 5 2023 SSBMean 12.6443
Model_1_goa_re_2019.dat 5 2024 SSBF100 20.6581
Model_1_goa_re_2019.dat 5 2024 SSBFabc 8.26323
Model_1_goa_re_2019.dat 5 2024 SSBFofl 7.23033
Model_1_goa_re_2019.dat 5 2024 SSBLCI 12.9245
Model_1_goa_re_2019.dat 5 2024 SSBUCI 12.9249
Model_1_goa_re_2019.dat 5 2024 SSBMedian 12.9246
Model_1_goa_re_2019.dat 5 2024 SSBMean 12.9247
Model_1_goa_re_2019.dat 5 2025 SSBF100 20.6581
Model_1_goa_re_2019.dat 5 2025 SSBFabc 8.26323
Model_1_goa_re_2019.dat 5 2025 SSBFofl 7.23033
Model_1_goa_re_2019.dat 5 2025 SSBLCI 13.236
Model_1_goa_re_2019.dat 5 2025 SSBUCI 13.2369
Model_1_goa_re_2019.dat 5 2025 SSBMedian 13.2364
Model_1_goa_re_2019.dat 5 2025 SSBMean 13.2364
Model_1_goa_re_2019.dat 5 2026 SSBF100 20.6581
Model_1_goa_re_2019.dat 5 2026 SSBFabc 8.26323
Model_1_goa_re_2019.dat 5 2026 SSBFofl 7.23033
Model_1_goa_re_2019.dat 5 2026 SSBLCI 13.5566
Model_1_goa_re_2019.dat 5 2026 SSBUCI 13.5587
Model_1_goa_re_2019.dat 5 2026 SSBMedian 13.5574
Model_1_goa_re_2019.dat 5 2026 SSBMean 13.5575
Model_1_goa_re_2019.dat 5 2027 SSBF100 20.6581
Model_1_goa_re_2019.dat 5 2027 SSBFabc 8.26323
Model_1_goa_re_2019.dat 5 2027 SSBFofl 7.23033
Model_1_goa_re_2019.dat 5 2027 SSBLCI 13.8658
Model_1_goa_re_2019.dat 5 2027 SSBUCI 13.8716
Model_1_goa_re_2019.dat 5 2027 SSBMedian 13.8679
Model_1_goa_re_2019.dat 5 2027 SSBMean 13.8681
Model_1_goa_re_2019.dat 5 2028 SSBF100 20.6581
Model_1_goa_re_2019.dat 5 2028 SSBFabc 8.26323
Model_1_goa_re_2019.dat 5 2028 SSBFofl 7.23033
Model_1_goa_re_2019.dat 5 2028 SSBLCI 14.153
Model_1_goa_re_2019.dat 5 2028 SSBUCI 14.1678
Model_1_goa_re_2019.dat 5 2028 SSBMedian 14.1584
Model_1_goa_re_2019.dat 5 2028 SSBMean 14.1591
Model_1_goa_re_2019.dat 5 2029 SSBF100 20.6581
Model_1_goa_re_2019.dat 5 2029 SSBFabc 8.26323
Model_1_goa_re_2019.dat 5 2029 SSBFofl 7.23033
Model_1_goa_re_2019.dat 5 2029 SSBLCI 14.4121
Model_1_goa_re_2019.dat 5 2029 SSBUCI 14.4439
Model_1_goa_re_2019.dat 5 2029 SSBMedian 14.4241
Model_1_goa_re_2019.dat 5 2029 SSBMean 14.4255
Model_1_goa_re_2019.dat 5 2030 SSBF100 20.6581
Model_1_goa_re_2019.dat 5 2030 SSBFabc 8.26323
Model_1_goa_re_2019.dat 5 2030 SSBFofl 7.23033
Model_1_goa_re_2019.dat 5 2030 SSBLCI 14.6474
Model_1_goa_re_2019.dat 5 2030 SSBUCI 14.7114
Model_1_goa_re_2019.dat 5 2030 SSBMedian 14.6712
Model_1_goa_re_2019.dat 5 2030 SSBMean 14.6742
Model_1_goa_re_2019.dat 5 2031 SSBF100 20.6581
Model_1_goa_re_2019.dat 5 2031 SSBFabc 8.26323
Model_1_goa_re_2019.dat 5 2031 SSBFofl 7.23033
Model_1_goa_re_2019.dat 5 2031 SSBLCI 14.8623
Model_1_goa_re_2019.dat 5 2031 SSBUCI 14.9778
Model_1_goa_re_2019.dat 5 2031 SSBMedian 14.9058
Model_1_goa_re_2019.dat 5 2031 SSBMean 14.9108
Model_1_goa_re_2019.dat 5 2032 SSBF100 20.6581
Model_1_goa_re_2019.dat 5 2032 SSBFabc 8.26323
Model_1_goa_re_2019.dat 5 2032 SSBFofl 7.23033
Model_1_goa_re_2019.dat 5 2032 SSBLCI 15.0263
Model_1_goa_re_2019.dat 5 2032 SSBUCI 15.2217
Model_1_goa_re_2019.dat 5 2032 SSBMedian 15.0996
Model_1_goa_re_2019.dat 5 2032 SSBMean 15.1091
Model_1_goa_re_2019.dat 5 2019 F0 0 
Model_1_goa_re_2019.dat 5 2019 Fabc 0.0399647
Model_1_goa_re_2019.dat 5 2019 Fofl 0.048207
Model_1_goa_re_2019.dat 5 2019  F_LCI 0.0258654
Model_1_goa_re_2019.dat 5 2019  F_UCI 0.0258654
Model_1_goa_re_2019.dat 5 2019  F_Median 0.0258654
Model_1_goa_re_2019.dat 5 2019  F_Mean 0.0258654
Model_1_goa_re_2019.dat 5 2020 F0 0 
Model_1_goa_re_2019.dat 5 2020 Fabc 0.0399647
Model_1_goa_re_2019.dat 5 2020 Fofl 0.048207
Model_1_goa_re_2019.dat 5 2020  F_LCI 0.0137612
Model_1_goa_re_2019.dat 5 2020  F_UCI 0.0137612
Model_1_goa_re_2019.dat 5 2020  F_Median 0.0137612
Model_1_goa_re_2019.dat 5 2020  F_Mean 0.0137612
Model_1_goa_re_2019.dat 5 2021 F0 0 
Model_1_goa_re_2019.dat 5 2021 Fabc 0.0399647
Model_1_goa_re_2019.dat 5 2021 Fofl 0.048207
Model_1_goa_re_2019.dat 5 2021  F_LCI 0.0200649
Model_1_goa_re_2019.dat 5 2021  F_UCI 0.0200651
Model_1_goa_re_2019.dat 5 2021  F_Median 0.020065
Model_1_goa_re_2019.dat 5 2021  F_Mean 0.020065
Model_1_goa_re_2019.dat 5 2022 F0 0 
Model_1_goa_re_2019.dat 5 2022 Fabc 0.0399647
Model_1_goa_re_2019.dat 5 2022 Fofl 0.048207
Model_1_goa_re_2019.dat 5 2022  F_LCI 0.0196885
Model_1_goa_re_2019.dat 5 2022  F_UCI 0.0196891
Model_1_goa_re_2019.dat 5 2022  F_Median 0.0196889
Model_1_goa_re_2019.dat 5 2022  F_Mean 0.0196889
Model_1_goa_re_2019.dat 5 2023 F0 0 
Model_1_goa_re_2019.dat 5 2023 Fabc 0.0399647
Model_1_goa_re_2019.dat 5 2023 Fofl 0.048207
Model_1_goa_re_2019.dat 5 2023  F_LCI 0
Model_1_goa_re_2019.dat 5 2023  F_UCI 0
Model_1_goa_re_2019.dat 5 2023  F_Median 0
Model_1_goa_re_2019.dat 5 2023  F_Mean 0
Model_1_goa_re_2019.dat 5 2024 F0 0 
Model_1_goa_re_2019.dat 5 2024 Fabc 0.0399647
Model_1_goa_re_2019.dat 5 2024 Fofl 0.048207
Model_1_goa_re_2019.dat 5 2024  F_LCI 0
Model_1_goa_re_2019.dat 5 2024  F_UCI 0
Model_1_goa_re_2019.dat 5 2024  F_Median 0
Model_1_goa_re_2019.dat 5 2024  F_Mean 0
Model_1_goa_re_2019.dat 5 2025 F0 0 
Model_1_goa_re_2019.dat 5 2025 Fabc 0.0399647
Model_1_goa_re_2019.dat 5 2025 Fofl 0.048207
Model_1_goa_re_2019.dat 5 2025  F_LCI 0
Model_1_goa_re_2019.dat 5 2025  F_UCI 0
Model_1_goa_re_2019.dat 5 2025  F_Median 0
Model_1_goa_re_2019.dat 5 2025  F_Mean 0
Model_1_goa_re_2019.dat 5 2026 F0 0 
Model_1_goa_re_2019.dat 5 2026 Fabc 0.0399647
Model_1_goa_re_2019.dat 5 2026 Fofl 0.048207
Model_1_goa_re_2019.dat 5 2026  F_LCI 0
Model_1_goa_re_2019.dat 5 2026  F_UCI 0
Model_1_goa_re_2019.dat 5 2026  F_Median 0
Model_1_goa_re_2019.dat 5 2026  F_Mean 0
Model_1_goa_re_2019.dat 5 2027 F0 0 
Model_1_goa_re_2019.dat 5 2027 Fabc 0.0399647
Model_1_goa_re_2019.dat 5 2027 Fofl 0.048207
Model_1_goa_re_2019.dat 5 2027  F_LCI 0
Model_1_goa_re_2019.dat 5 2027  F_UCI 0
Model_1_goa_re_2019.dat 5 2027  F_Median 0
Model_1_goa_re_2019.dat 5 2027  F_Mean 0
Model_1_goa_re_2019.dat 5 2028 F0 0 
Model_1_goa_re_2019.dat 5 2028 Fabc 0.0399647
Model_1_goa_re_2019.dat 5 2028 Fofl 0.048207
Model_1_goa_re_2019.dat 5 2028  F_LCI 0
Model_1_goa_re_2019.dat 5 2028  F_UCI 0
Model_1_goa_re_2019.dat 5 2028  F_Median 0
Model_1_goa_re_2019.dat 5 2028  F_Mean 0
Model_1_goa_re_2019.dat 5 2029 F0 0 
Model_1_goa_re_2019.dat 5 2029 Fabc 0.0399647
Model_1_goa_re_2019.dat 5 2029 Fofl 0.048207
Model_1_goa_re_2019.dat 5 2029  F_LCI 0
Model_1_goa_re_2019.dat 5 2029  F_UCI 0
Model_1_goa_re_2019.dat 5 2029  F_Median 0
Model_1_goa_re_2019.dat 5 2029  F_Mean 0
Model_1_goa_re_2019.dat 5 2030 F0 0 
Model_1_goa_re_2019.dat 5 2030 Fabc 0.0399647
Model_1_goa_re_2019.dat 5 2030 Fofl 0.048207
Model_1_goa_re_2019.dat 5 2030  F_LCI 0
Model_1_goa_re_2019.dat 5 2030  F_UCI 0
Model_1_goa_re_2019.dat 5 2030  F_Median 0
Model_1_goa_re_2019.dat 5 2030  F_Mean 0
Model_1_goa_re_2019.dat 5 2031 F0 0 
Model_1_goa_re_2019.dat 5 2031 Fabc 0.0399647
Model_1_goa_re_2019.dat 5 2031 Fofl 0.048207
Model_1_goa_re_2019.dat 5 2031  F_LCI 0
Model_1_goa_re_2019.dat 5 2031  F_UCI 0
Model_1_goa_re_2019.dat 5 2031  F_Median 0
Model_1_goa_re_2019.dat 5 2031  F_Mean 0
Model_1_goa_re_2019.dat 5 2032 F0 0 
Model_1_goa_re_2019.dat 5 2032 Fabc 0.0399647
Model_1_goa_re_2019.dat 5 2032 Fofl 0.048207
Model_1_goa_re_2019.dat 5 2032  F_LCI 0
Model_1_goa_re_2019.dat 5 2032  F_UCI 0
Model_1_goa_re_2019.dat 5 2032  F_Median 0
Model_1_goa_re_2019.dat 5 2032  F_Mean 0
Model_1_goa_re_2019.dat 6 2019 Cabc 0.840752
Model_1_goa_re_2019.dat 6 2019 Cofl 0.901601
Model_1_goa_re_2019.dat 6 2019 CLCI 0.790419
Model_1_goa_re_2019.dat 6 2019 CUCI 0.790419
Model_1_goa_re_2019.dat 6 2019 CMedian 0.790419
Model_1_goa_re_2019.dat 6 2019 CMean 0.790419
Model_1_goa_re_2019.dat 6 2020 Cabc 0.840752
Model_1_goa_re_2019.dat 6 2020 Cofl 0.901601
Model_1_goa_re_2019.dat 6 2020 CLCI 1.44295
Model_1_goa_re_2019.dat 6 2020 CUCI 1.44296
Model_1_goa_re_2019.dat 6 2020 CMedian 1.44295
Model_1_goa_re_2019.dat 6 2020 CMean 1.44295
Model_1_goa_re_2019.dat 6 2021 Cabc 0.840752
Model_1_goa_re_2019.dat 6 2021 Cofl 0.901601
Model_1_goa_re_2019.dat 6 2021 CLCI 1.40562
Model_1_goa_re_2019.dat 6 2021 CUCI 1.40563
Model_1_goa_re_2019.dat 6 2021 CMedian 1.40562
Model_1_goa_re_2019.dat 6 2021 CMean 1.40562
Model_1_goa_re_2019.dat 6 2022 Cabc 0.840752
Model_1_goa_re_2019.dat 6 2022 Cofl 0.901601
Model_1_goa_re_2019.dat 6 2022 CLCI 1.37991
Model_1_goa_re_2019.dat 6 2022 CUCI 1.37995
Model_1_goa_re_2019.dat 6 2022 CMedian 1.37992
Model_1_goa_re_2019.dat 6 2022 CMean 1.37992
Model_1_goa_re_2019.dat 6 2023 Cabc 0.840752
Model_1_goa_re_2019.dat 6 2023 Cofl 0.901601
Model_1_goa_re_2019.dat 6 2023 CLCI 1.33689
Model_1_goa_re_2019.dat 6 2023 CUCI 1.33704
Model_1_goa_re_2019.dat 6 2023 CMedian 1.33695
Model_1_goa_re_2019.dat 6 2023 CMean 1.33695
Model_1_goa_re_2019.dat 6 2024 Cabc 0.840752
Model_1_goa_re_2019.dat 6 2024 Cofl 0.901601
Model_1_goa_re_2019.dat 6 2024 CLCI 1.31163
Model_1_goa_re_2019.dat 6 2024 CUCI 1.31212
Model_1_goa_re_2019.dat 6 2024 CMedian 1.31181
Model_1_goa_re_2019.dat 6 2024 CMean 1.31183
Model_1_goa_re_2019.dat 6 2025 Cabc 0.840752
Model_1_goa_re_2019.dat 6 2025 Cofl 0.901601
Model_1_goa_re_2019.dat 6 2025 CLCI 1.30749
Model_1_goa_re_2019.dat 6 2025 CUCI 1.30876
Model_1_goa_re_2019.dat 6 2025 CMedian 1.30796
Model_1_goa_re_2019.dat 6 2025 CMean 1.30801
Model_1_goa_re_2019.dat 6 2026 Cabc 0.840752
Model_1_goa_re_2019.dat 6 2026 Cofl 0.901601
Model_1_goa_re_2019.dat 6 2026 CLCI 1.33124
Model_1_goa_re_2019.dat 6 2026 CUCI 1.33388
Model_1_goa_re_2019.dat 6 2026 CMedian 1.33223
Model_1_goa_re_2019.dat 6 2026 CMean 1.33236
Model_1_goa_re_2019.dat 6 2027 Cabc 0.840752
Model_1_goa_re_2019.dat 6 2027 Cofl 0.901601
Model_1_goa_re_2019.dat 6 2027 CLCI 1.28767
Model_1_goa_re_2019.dat 6 2027 CUCI 1.2921
Model_1_goa_re_2019.dat 6 2027 CMedian 1.28932
Model_1_goa_re_2019.dat 6 2027 CMean 1.28952
Model_1_goa_re_2019.dat 6 2028 Cabc 0.840752
Model_1_goa_re_2019.dat 6 2028 Cofl 0.901601
Model_1_goa_re_2019.dat 6 2028 CLCI 1.24658
Model_1_goa_re_2019.dat 6 2028 CUCI 1.25261
Model_1_goa_re_2019.dat 6 2028 CMedian 1.24906
Model_1_goa_re_2019.dat 6 2028 CMean 1.24927
Model_1_goa_re_2019.dat 6 2029 Cabc 0.840752
Model_1_goa_re_2019.dat 6 2029 Cofl 0.901601
Model_1_goa_re_2019.dat 6 2029 CLCI 1.21602
Model_1_goa_re_2019.dat 6 2029 CUCI 1.22303
Model_1_goa_re_2019.dat 6 2029 CMedian 1.219
Model_1_goa_re_2019.dat 6 2029 CMean 1.21923
Model_1_goa_re_2019.dat 6 2030 Cabc 0.840752
Model_1_goa_re_2019.dat 6 2030 Cofl 0.901601
Model_1_goa_re_2019.dat 6 2030 CLCI 1.18842
Model_1_goa_re_2019.dat 6 2030 CUCI 1.19696
Model_1_goa_re_2019.dat 6 2030 CMedian 1.19209
Model_1_goa_re_2019.dat 6 2030 CMean 1.19234
Model_1_goa_re_2019.dat 6 2031 Cabc 0.840752
Model_1_goa_re_2019.dat 6 2031 Cofl 0.901601
Model_1_goa_re_2019.dat 6 2031 CLCI 1.15856
Model_1_goa_re_2019.dat 6 2031 CUCI 1.17045
Model_1_goa_re_2019.dat 6 2031 CMedian 1.16336
Model_1_goa_re_2019.dat 6 2031 CMean 1.16361
Model_1_goa_re_2019.dat 6 2032 Cabc 0.840752
Model_1_goa_re_2019.dat 6 2032 Cofl 0.901601
Model_1_goa_re_2019.dat 6 2032 CLCI 1.12859
Model_1_goa_re_2019.dat 6 2032 CUCI 1.15136
Model_1_goa_re_2019.dat 6 2032 CMedian 1.13677
Model_1_goa_re_2019.dat 6 2032 CMean 1.13796
Model_1_goa_re_2019.dat 6 2019 SSBF100 20.6581
Model_1_goa_re_2019.dat 6 2019 SSBFabc 8.26323
Model_1_goa_re_2019.dat 6 2019 SSBFofl 7.23033
Model_1_goa_re_2019.dat 6 2019 SSBLCI 12.477
Model_1_goa_re_2019.dat 6 2019 SSBUCI 12.477
Model_1_goa_re_2019.dat 6 2019 SSBMedian 12.477
Model_1_goa_re_2019.dat 6 2019 SSBMean 12.477
Model_1_goa_re_2019.dat 6 2020 SSBF100 20.6581
Model_1_goa_re_2019.dat 6 2020 SSBFabc 8.26323
Model_1_goa_re_2019.dat 6 2020 SSBFofl 7.23033
Model_1_goa_re_2019.dat 6 2020 SSBLCI 12.2869
Model_1_goa_re_2019.dat 6 2020 SSBUCI 12.2869
Model_1_goa_re_2019.dat 6 2020 SSBMedian 12.2869
Model_1_goa_re_2019.dat 6 2020 SSBMean 12.2869
Model_1_goa_re_2019.dat 6 2021 SSBF100 20.6581
Model_1_goa_re_2019.dat 6 2021 SSBFabc 8.26323
Model_1_goa_re_2019.dat 6 2021 SSBFofl 7.23033
Model_1_goa_re_2019.dat 6 2021 SSBLCI 11.95
Model_1_goa_re_2019.dat 6 2021 SSBUCI 11.95
Model_1_goa_re_2019.dat 6 2021 SSBMedian 11.95
Model_1_goa_re_2019.dat 6 2021 SSBMean 11.95
Model_1_goa_re_2019.dat 6 2022 SSBF100 20.6581
Model_1_goa_re_2019.dat 6 2022 SSBFabc 8.26323
Model_1_goa_re_2019.dat 6 2022 SSBFofl 7.23033
Model_1_goa_re_2019.dat 6 2022 SSBLCI 11.6458
Model_1_goa_re_2019.dat 6 2022 SSBUCI 11.6458
Model_1_goa_re_2019.dat 6 2022 SSBMedian 11.6458
Model_1_goa_re_2019.dat 6 2022 SSBMean 11.6458
Model_1_goa_re_2019.dat 6 2023 SSBF100 20.6581
Model_1_goa_re_2019.dat 6 2023 SSBFabc 8.26323
Model_1_goa_re_2019.dat 6 2023 SSBFofl 7.23033
Model_1_goa_re_2019.dat 6 2023 SSBLCI 11.3785
Model_1_goa_re_2019.dat 6 2023 SSBUCI 11.3785
Model_1_goa_re_2019.dat 6 2023 SSBMedian 11.3785
Model_1_goa_re_2019.dat 6 2023 SSBMean 11.3785
Model_1_goa_re_2019.dat 6 2024 SSBF100 20.6581
Model_1_goa_re_2019.dat 6 2024 SSBFabc 8.26323
Model_1_goa_re_2019.dat 6 2024 SSBFofl 7.23033
Model_1_goa_re_2019.dat 6 2024 SSBLCI 11.1314
Model_1_goa_re_2019.dat 6 2024 SSBUCI 11.1317
Model_1_goa_re_2019.dat 6 2024 SSBMedian 11.1315
Model_1_goa_re_2019.dat 6 2024 SSBMean 11.1315
Model_1_goa_re_2019.dat 6 2025 SSBF100 20.6581
Model_1_goa_re_2019.dat 6 2025 SSBFabc 8.26323
Model_1_goa_re_2019.dat 6 2025 SSBFofl 7.23033
Model_1_goa_re_2019.dat 6 2025 SSBLCI 10.9266
Model_1_goa_re_2019.dat 6 2025 SSBUCI 10.9275
Model_1_goa_re_2019.dat 6 2025 SSBMedian 10.9269
Model_1_goa_re_2019.dat 6 2025 SSBMean 10.927
Model_1_goa_re_2019.dat 6 2026 SSBF100 20.6581
Model_1_goa_re_2019.dat 6 2026 SSBFabc 8.26323
Model_1_goa_re_2019.dat 6 2026 SSBFofl 7.23033
Model_1_goa_re_2019.dat 6 2026 SSBLCI 10.7386
Model_1_goa_re_2019.dat 6 2026 SSBUCI 10.7406
Model_1_goa_re_2019.dat 6 2026 SSBMedian 10.7393
Model_1_goa_re_2019.dat 6 2026 SSBMean 10.7394
Model_1_goa_re_2019.dat 6 2027 SSBF100 20.6581
Model_1_goa_re_2019.dat 6 2027 SSBFabc 8.26323
Model_1_goa_re_2019.dat 6 2027 SSBFofl 7.23033
Model_1_goa_re_2019.dat 6 2027 SSBLCI 10.5467
Model_1_goa_re_2019.dat 6 2027 SSBUCI 10.5525
Model_1_goa_re_2019.dat 6 2027 SSBMedian 10.5488
Model_1_goa_re_2019.dat 6 2027 SSBMean 10.549
Model_1_goa_re_2019.dat 6 2028 SSBF100 20.6581
Model_1_goa_re_2019.dat 6 2028 SSBFabc 8.26323
Model_1_goa_re_2019.dat 6 2028 SSBFofl 7.23033
Model_1_goa_re_2019.dat 6 2028 SSBLCI 10.3484
Model_1_goa_re_2019.dat 6 2028 SSBUCI 10.363
Model_1_goa_re_2019.dat 6 2028 SSBMedian 10.3537
Model_1_goa_re_2019.dat 6 2028 SSBMean 10.3544
Model_1_goa_re_2019.dat 6 2029 SSBF100 20.6581
Model_1_goa_re_2019.dat 6 2029 SSBFabc 8.26323
Model_1_goa_re_2019.dat 6 2029 SSBFofl 7.23033
Model_1_goa_re_2019.dat 6 2029 SSBLCI 10.1404
Model_1_goa_re_2019.dat 6 2029 SSBUCI 10.1717
Model_1_goa_re_2019.dat 6 2029 SSBMedian 10.1522
Model_1_goa_re_2019.dat 6 2029 SSBMean 10.1536
Model_1_goa_re_2019.dat 6 2030 SSBF100 20.6581
Model_1_goa_re_2019.dat 6 2030 SSBFabc 8.26323
Model_1_goa_re_2019.dat 6 2030 SSBFofl 7.23033
Model_1_goa_re_2019.dat 6 2030 SSBLCI 9.92735
Model_1_goa_re_2019.dat 6 2030 SSBUCI 9.99027
Model_1_goa_re_2019.dat 6 2030 SSBMedian 9.95078
Model_1_goa_re_2019.dat 6 2030 SSBMean 9.95368
Model_1_goa_re_2019.dat 6 2031 SSBF100 20.6581
Model_1_goa_re_2019.dat 6 2031 SSBFabc 8.26323
Model_1_goa_re_2019.dat 6 2031 SSBFofl 7.23033
Model_1_goa_re_2019.dat 6 2031 SSBLCI 9.71273
Model_1_goa_re_2019.dat 6 2031 SSBUCI 9.82609
Model_1_goa_re_2019.dat 6 2031 SSBMedian 9.75531
Model_1_goa_re_2019.dat 6 2031 SSBMean 9.76022
Model_1_goa_re_2019.dat 6 2032 SSBF100 20.6581
Model_1_goa_re_2019.dat 6 2032 SSBFabc 8.26323
Model_1_goa_re_2019.dat 6 2032 SSBFofl 7.23033
Model_1_goa_re_2019.dat 6 2032 SSBLCI 9.47816
Model_1_goa_re_2019.dat 6 2032 SSBUCI 9.66853
Model_1_goa_re_2019.dat 6 2032 SSBMedian 9.54954
Model_1_goa_re_2019.dat 6 2032 SSBMean 9.55903
Model_1_goa_re_2019.dat 6 2019 F0 0 
Model_1_goa_re_2019.dat 6 2019 Fabc 0.0399647
Model_1_goa_re_2019.dat 6 2019 Fofl 0.048207
Model_1_goa_re_2019.dat 6 2019  F_LCI 0.0258654
Model_1_goa_re_2019.dat 6 2019  F_UCI 0.0258654
Model_1_goa_re_2019.dat 6 2019  F_Median 0.0258654
Model_1_goa_re_2019.dat 6 2019  F_Mean 0.0258654
Model_1_goa_re_2019.dat 6 2020 F0 0 
Model_1_goa_re_2019.dat 6 2020 Fabc 0.0399647
Model_1_goa_re_2019.dat 6 2020 Fofl 0.048207
Model_1_goa_re_2019.dat 6 2020  F_LCI 0.048207
Model_1_goa_re_2019.dat 6 2020  F_UCI 0.048207
Model_1_goa_re_2019.dat 6 2020  F_Median 0.048207
Model_1_goa_re_2019.dat 6 2020  F_Mean 0.048207
Model_1_goa_re_2019.dat 6 2021 F0 0 
Model_1_goa_re_2019.dat 6 2021 Fabc 0.0399647
Model_1_goa_re_2019.dat 6 2021 Fofl 0.048207
Model_1_goa_re_2019.dat 6 2021  F_LCI 0.048207
Model_1_goa_re_2019.dat 6 2021  F_UCI 0.048207
Model_1_goa_re_2019.dat 6 2021  F_Median 0.048207
Model_1_goa_re_2019.dat 6 2021  F_Mean 0.048207
Model_1_goa_re_2019.dat 6 2022 F0 0 
Model_1_goa_re_2019.dat 6 2022 Fabc 0.0399647
Model_1_goa_re_2019.dat 6 2022 Fofl 0.048207
Model_1_goa_re_2019.dat 6 2022  F_LCI 0.048207
Model_1_goa_re_2019.dat 6 2022  F_UCI 0.048207
Model_1_goa_re_2019.dat 6 2022  F_Median 0.048207
Model_1_goa_re_2019.dat 6 2022  F_Mean 0.048207
Model_1_goa_re_2019.dat 6 2023 F0 0 
Model_1_goa_re_2019.dat 6 2023 Fabc 0.0399647
Model_1_goa_re_2019.dat 6 2023 Fofl 0.048207
Model_1_goa_re_2019.dat 6 2023  F_LCI 0.048207
Model_1_goa_re_2019.dat 6 2023  F_UCI 0.048207
Model_1_goa_re_2019.dat 6 2023  F_Median 0.048207
Model_1_goa_re_2019.dat 6 2023  F_Mean 0.048207
Model_1_goa_re_2019.dat 6 2024 F0 0 
Model_1_goa_re_2019.dat 6 2024 Fabc 0.0399647
Model_1_goa_re_2019.dat 6 2024 Fofl 0.048207
Model_1_goa_re_2019.dat 6 2024  F_LCI 0.048207
Model_1_goa_re_2019.dat 6 2024  F_UCI 0.048207
Model_1_goa_re_2019.dat 6 2024  F_Median 0.048207
Model_1_goa_re_2019.dat 6 2024  F_Mean 0.048207
Model_1_goa_re_2019.dat 6 2025 F0 0 
Model_1_goa_re_2019.dat 6 2025 Fabc 0.0399647
Model_1_goa_re_2019.dat 6 2025 Fofl 0.048207
Model_1_goa_re_2019.dat 6 2025  F_LCI 0.048207
Model_1_goa_re_2019.dat 6 2025  F_UCI 0.048207
Model_1_goa_re_2019.dat 6 2025  F_Median 0.048207
Model_1_goa_re_2019.dat 6 2025  F_Mean 0.048207
Model_1_goa_re_2019.dat 6 2026 F0 0 
Model_1_goa_re_2019.dat 6 2026 Fabc 0.0399647
Model_1_goa_re_2019.dat 6 2026 Fofl 0.048207
Model_1_goa_re_2019.dat 6 2026  F_LCI 0.048207
Model_1_goa_re_2019.dat 6 2026  F_UCI 0.048207
Model_1_goa_re_2019.dat 6 2026  F_Median 0.048207
Model_1_goa_re_2019.dat 6 2026  F_Mean 0.048207
Model_1_goa_re_2019.dat 6 2027 F0 0 
Model_1_goa_re_2019.dat 6 2027 Fabc 0.0399647
Model_1_goa_re_2019.dat 6 2027 Fofl 0.048207
Model_1_goa_re_2019.dat 6 2027  F_LCI 0.048207
Model_1_goa_re_2019.dat 6 2027  F_UCI 0.048207
Model_1_goa_re_2019.dat 6 2027  F_Median 0.048207
Model_1_goa_re_2019.dat 6 2027  F_Mean 0.048207
Model_1_goa_re_2019.dat 6 2028 F0 0 
Model_1_goa_re_2019.dat 6 2028 Fabc 0.0399647
Model_1_goa_re_2019.dat 6 2028 Fofl 0.048207
Model_1_goa_re_2019.dat 6 2028  F_LCI 0.048207
Model_1_goa_re_2019.dat 6 2028  F_UCI 0.048207
Model_1_goa_re_2019.dat 6 2028  F_Median 0.048207
Model_1_goa_re_2019.dat 6 2028  F_Mean 0.048207
Model_1_goa_re_2019.dat 6 2029 F0 0 
Model_1_goa_re_2019.dat 6 2029 Fabc 0.0399647
Model_1_goa_re_2019.dat 6 2029 Fofl 0.048207
Model_1_goa_re_2019.dat 6 2029  F_LCI 0.048207
Model_1_goa_re_2019.dat 6 2029  F_UCI 0.048207
Model_1_goa_re_2019.dat 6 2029  F_Median 0.048207
Model_1_goa_re_2019.dat 6 2029  F_Mean 0.048207
Model_1_goa_re_2019.dat 6 2030 F0 0 
Model_1_goa_re_2019.dat 6 2030 Fabc 0.0399647
Model_1_goa_re_2019.dat 6 2030 Fofl 0.048207
Model_1_goa_re_2019.dat 6 2030  F_LCI 0.048207
Model_1_goa_re_2019.dat 6 2030  F_UCI 0.048207
Model_1_goa_re_2019.dat 6 2030  F_Median 0.048207
Model_1_goa_re_2019.dat 6 2030  F_Mean 0.048207
Model_1_goa_re_2019.dat 6 2031 F0 0 
Model_1_goa_re_2019.dat 6 2031 Fabc 0.0399647
Model_1_goa_re_2019.dat 6 2031 Fofl 0.048207
Model_1_goa_re_2019.dat 6 2031  F_LCI 0.048207
Model_1_goa_re_2019.dat 6 2031  F_UCI 0.048207
Model_1_goa_re_2019.dat 6 2031  F_Median 0.048207
Model_1_goa_re_2019.dat 6 2031  F_Mean 0.048207
Model_1_goa_re_2019.dat 6 2032 F0 0 
Model_1_goa_re_2019.dat 6 2032 Fabc 0.0399647
Model_1_goa_re_2019.dat 6 2032 Fofl 0.048207
Model_1_goa_re_2019.dat 6 2032  F_LCI 0.048207
Model_1_goa_re_2019.dat 6 2032  F_UCI 0.048207
Model_1_goa_re_2019.dat 6 2032  F_Median 0.048207
Model_1_goa_re_2019.dat 6 2032  F_Mean 0.048207
Model_1_goa_re_2019.dat 7 2019 Cabc 0.840752
Model_1_goa_re_2019.dat 7 2019 Cofl 0.901601
Model_1_goa_re_2019.dat 7 2019 CLCI 0.790419
Model_1_goa_re_2019.dat 7 2019 CUCI 0.790419
Model_1_goa_re_2019.dat 7 2019 CMedian 0.790419
Model_1_goa_re_2019.dat 7 2019 CMean 0.790419
Model_1_goa_re_2019.dat 7 2020 Cabc 0.840752
Model_1_goa_re_2019.dat 7 2020 Cofl 0.901601
Model_1_goa_re_2019.dat 7 2020 CLCI 1.20099
Model_1_goa_re_2019.dat 7 2020 CUCI 1.20099
Model_1_goa_re_2019.dat 7 2020 CMedian 1.20099
Model_1_goa_re_2019.dat 7 2020 CMean 1.20099
Model_1_goa_re_2019.dat 7 2021 Cabc 0.840752
Model_1_goa_re_2019.dat 7 2021 Cofl 0.901601
Model_1_goa_re_2019.dat 7 2021 CLCI 1.17904
Model_1_goa_re_2019.dat 7 2021 CUCI 1.17905
Model_1_goa_re_2019.dat 7 2021 CMedian 1.17905
Model_1_goa_re_2019.dat 7 2021 CMean 1.17905
Model_1_goa_re_2019.dat 7 2022 Cabc 0.840752
Model_1_goa_re_2019.dat 7 2022 Cofl 0.901601
Model_1_goa_re_2019.dat 7 2022 CLCI 1.40099
Model_1_goa_re_2019.dat 7 2022 CUCI 1.40103
Model_1_goa_re_2019.dat 7 2022 CMedian 1.401
Model_1_goa_re_2019.dat 7 2022 CMean 1.40101
Model_1_goa_re_2019.dat 7 2023 Cabc 0.840752
Model_1_goa_re_2019.dat 7 2023 Cofl 0.901601
Model_1_goa_re_2019.dat 7 2023 CLCI 1.35661
Model_1_goa_re_2019.dat 7 2023 CUCI 1.35676
Model_1_goa_re_2019.dat 7 2023 CMedian 1.35666
Model_1_goa_re_2019.dat 7 2023 CMean 1.35667
Model_1_goa_re_2019.dat 7 2024 Cabc 0.840752
Model_1_goa_re_2019.dat 7 2024 Cofl 0.901601
Model_1_goa_re_2019.dat 7 2024 CLCI 1.33005
Model_1_goa_re_2019.dat 7 2024 CUCI 1.33055
Model_1_goa_re_2019.dat 7 2024 CMedian 1.33024
Model_1_goa_re_2019.dat 7 2024 CMean 1.33026
Model_1_goa_re_2019.dat 7 2025 Cabc 0.840752
Model_1_goa_re_2019.dat 7 2025 Cofl 0.901601
Model_1_goa_re_2019.dat 7 2025 CLCI 1.32472
Model_1_goa_re_2019.dat 7 2025 CUCI 1.326
Model_1_goa_re_2019.dat 7 2025 CMedian 1.32519
Model_1_goa_re_2019.dat 7 2025 CMean 1.32525
Model_1_goa_re_2019.dat 7 2026 Cabc 0.840752
Model_1_goa_re_2019.dat 7 2026 Cofl 0.901601
Model_1_goa_re_2019.dat 7 2026 CLCI 1.34737
Model_1_goa_re_2019.dat 7 2026 CUCI 1.35002
Model_1_goa_re_2019.dat 7 2026 CMedian 1.34837
Model_1_goa_re_2019.dat 7 2026 CMean 1.34849
Model_1_goa_re_2019.dat 7 2027 Cabc 0.840752
Model_1_goa_re_2019.dat 7 2027 Cofl 0.901601
Model_1_goa_re_2019.dat 7 2027 CLCI 1.30268
Model_1_goa_re_2019.dat 7 2027 CUCI 1.30712
Model_1_goa_re_2019.dat 7 2027 CMedian 1.30433
Model_1_goa_re_2019.dat 7 2027 CMean 1.30454
Model_1_goa_re_2019.dat 7 2028 Cabc 0.840752
Model_1_goa_re_2019.dat 7 2028 Cofl 0.901601
Model_1_goa_re_2019.dat 7 2028 CLCI 1.26053
Model_1_goa_re_2019.dat 7 2028 CUCI 1.26656
Model_1_goa_re_2019.dat 7 2028 CMedian 1.26301
Model_1_goa_re_2019.dat 7 2028 CMean 1.26321
Model_1_goa_re_2019.dat 7 2029 Cabc 0.840752
Model_1_goa_re_2019.dat 7 2029 Cofl 0.901601
Model_1_goa_re_2019.dat 7 2029 CLCI 1.22896
Model_1_goa_re_2019.dat 7 2029 CUCI 1.23597
Model_1_goa_re_2019.dat 7 2029 CMedian 1.23194
Model_1_goa_re_2019.dat 7 2029 CMean 1.23217
Model_1_goa_re_2019.dat 7 2030 Cabc 0.840752
Model_1_goa_re_2019.dat 7 2030 Cofl 0.901601
Model_1_goa_re_2019.dat 7 2030 CLCI 1.20041
Model_1_goa_re_2019.dat 7 2030 CUCI 1.20895
Model_1_goa_re_2019.dat 7 2030 CMedian 1.20408
Model_1_goa_re_2019.dat 7 2030 CMean 1.20433
Model_1_goa_re_2019.dat 7 2031 Cabc 0.840752
Model_1_goa_re_2019.dat 7 2031 Cofl 0.901601
Model_1_goa_re_2019.dat 7 2031 CLCI 1.16965
Model_1_goa_re_2019.dat 7 2031 CUCI 1.18155
Model_1_goa_re_2019.dat 7 2031 CMedian 1.17446
Model_1_goa_re_2019.dat 7 2031 CMean 1.17471
Model_1_goa_re_2019.dat 7 2032 Cabc 0.840752
Model_1_goa_re_2019.dat 7 2032 Cofl 0.901601
Model_1_goa_re_2019.dat 7 2032 CLCI 1.13885
Model_1_goa_re_2019.dat 7 2032 CUCI 1.16162
Model_1_goa_re_2019.dat 7 2032 CMedian 1.14703
Model_1_goa_re_2019.dat 7 2032 CMean 1.14822
Model_1_goa_re_2019.dat 7 2019 SSBF100 20.6581
Model_1_goa_re_2019.dat 7 2019 SSBFabc 8.26323
Model_1_goa_re_2019.dat 7 2019 SSBFofl 7.23033
Model_1_goa_re_2019.dat 7 2019 SSBLCI 12.477
Model_1_goa_re_2019.dat 7 2019 SSBUCI 12.477
Model_1_goa_re_2019.dat 7 2019 SSBMedian 12.477
Model_1_goa_re_2019.dat 7 2019 SSBMean 12.477
Model_1_goa_re_2019.dat 7 2020 SSBF100 20.6581
Model_1_goa_re_2019.dat 7 2020 SSBFabc 8.26323
Model_1_goa_re_2019.dat 7 2020 SSBFofl 7.23033
Model_1_goa_re_2019.dat 7 2020 SSBLCI 12.3283
Model_1_goa_re_2019.dat 7 2020 SSBUCI 12.3283
Model_1_goa_re_2019.dat 7 2020 SSBMedian 12.3283
Model_1_goa_re_2019.dat 7 2020 SSBMean 12.3283
Model_1_goa_re_2019.dat 7 2021 SSBF100 20.6581
Model_1_goa_re_2019.dat 7 2021 SSBFabc 8.26323
Model_1_goa_re_2019.dat 7 2021 SSBFofl 7.23033
Model_1_goa_re_2019.dat 7 2021 SSBLCI 12.086
Model_1_goa_re_2019.dat 7 2021 SSBUCI 12.086
Model_1_goa_re_2019.dat 7 2021 SSBMedian 12.086
Model_1_goa_re_2019.dat 7 2021 SSBMean 12.086
Model_1_goa_re_2019.dat 7 2022 SSBF100 20.6581
Model_1_goa_re_2019.dat 7 2022 SSBFabc 8.26323
Model_1_goa_re_2019.dat 7 2022 SSBFofl 7.23033
Model_1_goa_re_2019.dat 7 2022 SSBLCI 11.8305
Model_1_goa_re_2019.dat 7 2022 SSBUCI 11.8305
Model_1_goa_re_2019.dat 7 2022 SSBMedian 11.8305
Model_1_goa_re_2019.dat 7 2022 SSBMean 11.8305
Model_1_goa_re_2019.dat 7 2023 SSBF100 20.6581
Model_1_goa_re_2019.dat 7 2023 SSBFabc 8.26323
Model_1_goa_re_2019.dat 7 2023 SSBFofl 7.23033
Model_1_goa_re_2019.dat 7 2023 SSBLCI 11.5547
Model_1_goa_re_2019.dat 7 2023 SSBUCI 11.5547
Model_1_goa_re_2019.dat 7 2023 SSBMedian 11.5547
Model_1_goa_re_2019.dat 7 2023 SSBMean 11.5547
Model_1_goa_re_2019.dat 7 2024 SSBF100 20.6581
Model_1_goa_re_2019.dat 7 2024 SSBFabc 8.26323
Model_1_goa_re_2019.dat 7 2024 SSBFofl 7.23033
Model_1_goa_re_2019.dat 7 2024 SSBLCI 11.2984
Model_1_goa_re_2019.dat 7 2024 SSBUCI 11.2988
Model_1_goa_re_2019.dat 7 2024 SSBMedian 11.2985
Model_1_goa_re_2019.dat 7 2024 SSBMean 11.2986
Model_1_goa_re_2019.dat 7 2025 SSBF100 20.6581
Model_1_goa_re_2019.dat 7 2025 SSBFabc 8.26323
Model_1_goa_re_2019.dat 7 2025 SSBFofl 7.23033
Model_1_goa_re_2019.dat 7 2025 SSBLCI 11.0846
Model_1_goa_re_2019.dat 7 2025 SSBUCI 11.0855
Model_1_goa_re_2019.dat 7 2025 SSBMedian 11.0849
Model_1_goa_re_2019.dat 7 2025 SSBMean 11.085
Model_1_goa_re_2019.dat 7 2026 SSBF100 20.6581
Model_1_goa_re_2019.dat 7 2026 SSBFabc 8.26323
Model_1_goa_re_2019.dat 7 2026 SSBFofl 7.23033
Model_1_goa_re_2019.dat 7 2026 SSBLCI 10.8875
Model_1_goa_re_2019.dat 7 2026 SSBUCI 10.8895
Model_1_goa_re_2019.dat 7 2026 SSBMedian 10.8882
Model_1_goa_re_2019.dat 7 2026 SSBMean 10.8883
Model_1_goa_re_2019.dat 7 2027 SSBF100 20.6581
Model_1_goa_re_2019.dat 7 2027 SSBFabc 8.26323
Model_1_goa_re_2019.dat 7 2027 SSBFofl 7.23033
Model_1_goa_re_2019.dat 7 2027 SSBLCI 10.6865
Model_1_goa_re_2019.dat 7 2027 SSBUCI 10.6923
Model_1_goa_re_2019.dat 7 2027 SSBMedian 10.6886
Model_1_goa_re_2019.dat 7 2027 SSBMean 10.6889
Model_1_goa_re_2019.dat 7 2028 SSBF100 20.6581
Model_1_goa_re_2019.dat 7 2028 SSBFabc 8.26323
Model_1_goa_re_2019.dat 7 2028 SSBFofl 7.23033
Model_1_goa_re_2019.dat 7 2028 SSBLCI 10.4792
Model_1_goa_re_2019.dat 7 2028 SSBUCI 10.4939
Model_1_goa_re_2019.dat 7 2028 SSBMedian 10.4846
Model_1_goa_re_2019.dat 7 2028 SSBMean 10.4853
Model_1_goa_re_2019.dat 7 2029 SSBF100 20.6581
Model_1_goa_re_2019.dat 7 2029 SSBFabc 8.26323
Model_1_goa_re_2019.dat 7 2029 SSBFofl 7.23033
Model_1_goa_re_2019.dat 7 2029 SSBLCI 10.2625
Model_1_goa_re_2019.dat 7 2029 SSBUCI 10.2939
Model_1_goa_re_2019.dat 7 2029 SSBMedian 10.2743
Model_1_goa_re_2019.dat 7 2029 SSBMean 10.2758
Model_1_goa_re_2019.dat 7 2030 SSBF100 20.6581
Model_1_goa_re_2019.dat 7 2030 SSBFabc 8.26323
Model_1_goa_re_2019.dat 7 2030 SSBFofl 7.23033
Model_1_goa_re_2019.dat 7 2030 SSBLCI 10.041
Model_1_goa_re_2019.dat 7 2030 SSBUCI 10.1039
Model_1_goa_re_2019.dat 7 2030 SSBMedian 10.0644
Model_1_goa_re_2019.dat 7 2030 SSBMean 10.0673
Model_1_goa_re_2019.dat 7 2031 SSBF100 20.6581
Model_1_goa_re_2019.dat 7 2031 SSBFabc 8.26323
Model_1_goa_re_2019.dat 7 2031 SSBFofl 7.23033
Model_1_goa_re_2019.dat 7 2031 SSBLCI 9.81821
Model_1_goa_re_2019.dat 7 2031 SSBUCI 9.93157
Model_1_goa_re_2019.dat 7 2031 SSBMedian 9.86079
Model_1_goa_re_2019.dat 7 2031 SSBMean 9.86569
Model_1_goa_re_2019.dat 7 2032 SSBF100 20.6581
Model_1_goa_re_2019.dat 7 2032 SSBFabc 8.26323
Model_1_goa_re_2019.dat 7 2032 SSBFofl 7.23033
Model_1_goa_re_2019.dat 7 2032 SSBLCI 9.57587
Model_1_goa_re_2019.dat 7 2032 SSBUCI 9.76625
Model_1_goa_re_2019.dat 7 2032 SSBMedian 9.64725
Model_1_goa_re_2019.dat 7 2032 SSBMean 9.65674
Model_1_goa_re_2019.dat 7 2019 F0 0 
Model_1_goa_re_2019.dat 7 2019 Fabc 0.0399647
Model_1_goa_re_2019.dat 7 2019 Fofl 0.048207
Model_1_goa_re_2019.dat 7 2019  F_LCI 0.0258654
Model_1_goa_re_2019.dat 7 2019  F_UCI 0.0258654
Model_1_goa_re_2019.dat 7 2019  F_Median 0.0258654
Model_1_goa_re_2019.dat 7 2019  F_Mean 0.0258654
Model_1_goa_re_2019.dat 7 2020 F0 0 
Model_1_goa_re_2019.dat 7 2020 Fabc 0.0399647
Model_1_goa_re_2019.dat 7 2020 Fofl 0.048207
Model_1_goa_re_2019.dat 7 2020  F_LCI 0.0399646
Model_1_goa_re_2019.dat 7 2020  F_UCI 0.0399646
Model_1_goa_re_2019.dat 7 2020  F_Median 0.0399646
Model_1_goa_re_2019.dat 7 2020  F_Mean 0.0399646
Model_1_goa_re_2019.dat 7 2021 F0 0 
Model_1_goa_re_2019.dat 7 2021 Fabc 0.0399647
Model_1_goa_re_2019.dat 7 2021 Fofl 0.048207
Model_1_goa_re_2019.dat 7 2021  F_LCI 0.0399646
Model_1_goa_re_2019.dat 7 2021  F_UCI 0.0399646
Model_1_goa_re_2019.dat 7 2021  F_Median 0.0399646
Model_1_goa_re_2019.dat 7 2021  F_Mean 0.0399646
Model_1_goa_re_2019.dat 7 2022 F0 0 
Model_1_goa_re_2019.dat 7 2022 Fabc 0.0399647
Model_1_goa_re_2019.dat 7 2022 Fofl 0.048207
Model_1_goa_re_2019.dat 7 2022  F_LCI 0.048207
Model_1_goa_re_2019.dat 7 2022  F_UCI 0.048207
Model_1_goa_re_2019.dat 7 2022  F_Median 0.048207
Model_1_goa_re_2019.dat 7 2022  F_Mean 0.048207
Model_1_goa_re_2019.dat 7 2023 F0 0 
Model_1_goa_re_2019.dat 7 2023 Fabc 0.0399647
Model_1_goa_re_2019.dat 7 2023 Fofl 0.048207
Model_1_goa_re_2019.dat 7 2023  F_LCI 0.048207
Model_1_goa_re_2019.dat 7 2023  F_UCI 0.048207
Model_1_goa_re_2019.dat 7 2023  F_Median 0.048207
Model_1_goa_re_2019.dat 7 2023  F_Mean 0.048207
Model_1_goa_re_2019.dat 7 2024 F0 0 
Model_1_goa_re_2019.dat 7 2024 Fabc 0.0399647
Model_1_goa_re_2019.dat 7 2024 Fofl 0.048207
Model_1_goa_re_2019.dat 7 2024  F_LCI 0.048207
Model_1_goa_re_2019.dat 7 2024  F_UCI 0.048207
Model_1_goa_re_2019.dat 7 2024  F_Median 0.048207
Model_1_goa_re_2019.dat 7 2024  F_Mean 0.048207
Model_1_goa_re_2019.dat 7 2025 F0 0 
Model_1_goa_re_2019.dat 7 2025 Fabc 0.0399647
Model_1_goa_re_2019.dat 7 2025 Fofl 0.048207
Model_1_goa_re_2019.dat 7 2025  F_LCI 0.048207
Model_1_goa_re_2019.dat 7 2025  F_UCI 0.048207
Model_1_goa_re_2019.dat 7 2025  F_Median 0.048207
Model_1_goa_re_2019.dat 7 2025  F_Mean 0.048207
Model_1_goa_re_2019.dat 7 2026 F0 0 
Model_1_goa_re_2019.dat 7 2026 Fabc 0.0399647
Model_1_goa_re_2019.dat 7 2026 Fofl 0.048207
Model_1_goa_re_2019.dat 7 2026  F_LCI 0.048207
Model_1_goa_re_2019.dat 7 2026  F_UCI 0.048207
Model_1_goa_re_2019.dat 7 2026  F_Median 0.048207
Model_1_goa_re_2019.dat 7 2026  F_Mean 0.048207
Model_1_goa_re_2019.dat 7 2027 F0 0 
Model_1_goa_re_2019.dat 7 2027 Fabc 0.0399647
Model_1_goa_re_2019.dat 7 2027 Fofl 0.048207
Model_1_goa_re_2019.dat 7 2027  F_LCI 0.048207
Model_1_goa_re_2019.dat 7 2027  F_UCI 0.048207
Model_1_goa_re_2019.dat 7 2027  F_Median 0.048207
Model_1_goa_re_2019.dat 7 2027  F_Mean 0.048207
Model_1_goa_re_2019.dat 7 2028 F0 0 
Model_1_goa_re_2019.dat 7 2028 Fabc 0.0399647
Model_1_goa_re_2019.dat 7 2028 Fofl 0.048207
Model_1_goa_re_2019.dat 7 2028  F_LCI 0.048207
Model_1_goa_re_2019.dat 7 2028  F_UCI 0.048207
Model_1_goa_re_2019.dat 7 2028  F_Median 0.048207
Model_1_goa_re_2019.dat 7 2028  F_Mean 0.048207
Model_1_goa_re_2019.dat 7 2029 F0 0 
Model_1_goa_re_2019.dat 7 2029 Fabc 0.0399647
Model_1_goa_re_2019.dat 7 2029 Fofl 0.048207
Model_1_goa_re_2019.dat 7 2029  F_LCI 0.048207
Model_1_goa_re_2019.dat 7 2029  F_UCI 0.048207
Model_1_goa_re_2019.dat 7 2029  F_Median 0.048207
Model_1_goa_re_2019.dat 7 2029  F_Mean 0.048207
Model_1_goa_re_2019.dat 7 2030 F0 0 
Model_1_goa_re_2019.dat 7 2030 Fabc 0.0399647
Model_1_goa_re_2019.dat 7 2030 Fofl 0.048207
Model_1_goa_re_2019.dat 7 2030  F_LCI 0.048207
Model_1_goa_re_2019.dat 7 2030  F_UCI 0.048207
Model_1_goa_re_2019.dat 7 2030  F_Median 0.048207
Model_1_goa_re_2019.dat 7 2030  F_Mean 0.048207
Model_1_goa_re_2019.dat 7 2031 F0 0 
Model_1_goa_re_2019.dat 7 2031 Fabc 0.0399647
Model_1_goa_re_2019.dat 7 2031 Fofl 0.048207
Model_1_goa_re_2019.dat 7 2031  F_LCI 0.048207
Model_1_goa_re_2019.dat 7 2031  F_UCI 0.048207
Model_1_goa_re_2019.dat 7 2031  F_Median 0.048207
Model_1_goa_re_2019.dat 7 2031  F_Mean 0.048207
Model_1_goa_re_2019.dat 7 2032 F0 0 
Model_1_goa_re_2019.dat 7 2032 Fabc 0.0399647
Model_1_goa_re_2019.dat 7 2032 Fofl 0.048207
Model_1_goa_re_2019.dat 7 2032  F_LCI 0.048207
Model_1_goa_re_2019.dat 7 2032  F_UCI 0.048207
Model_1_goa_re_2019.dat 7 2032  F_Median 0.048207
Model_1_goa_re_2019.dat 7 2032  F_Mean 0.048207
