Model_1_goa_re_2021.dat 1 2021 Cabc 0.574153
Model_1_goa_re_2021.dat 1 2021 Cofl 0.615453
Model_1_goa_re_2021.dat 1 2021 CLCI 0.424885
Model_1_goa_re_2021.dat 1 2021 CUCI 0.424885
Model_1_goa_re_2021.dat 1 2021 CMedian 0.424885
Model_1_goa_re_2021.dat 1 2021 CMean 0.424885
Model_1_goa_re_2021.dat 1 2022 Cabc 0.574153
Model_1_goa_re_2021.dat 1 2022 Cofl 0.615453
Model_1_goa_re_2021.dat 1 2022 CLCI 0.376003
Model_1_goa_re_2021.dat 1 2022 CUCI 0.376003
Model_1_goa_re_2021.dat 1 2022 CMedian 0.376003
Model_1_goa_re_2021.dat 1 2022 CMean 0.376003
Model_1_goa_re_2021.dat 1 2023 Cabc 0.574153
Model_1_goa_re_2021.dat 1 2023 Cofl 0.615453
Model_1_goa_re_2021.dat 1 2023 CLCI 0.364902
Model_1_goa_re_2021.dat 1 2023 CUCI 0.364902
Model_1_goa_re_2021.dat 1 2023 CMedian 0.364902
Model_1_goa_re_2021.dat 1 2023 CMean 0.364902
Model_1_goa_re_2021.dat 1 2024 Cabc 0.574153
Model_1_goa_re_2021.dat 1 2024 Cofl 0.615453
Model_1_goa_re_2021.dat 1 2024 CLCI 0.776391
Model_1_goa_re_2021.dat 1 2024 CUCI 0.776419
Model_1_goa_re_2021.dat 1 2024 CMedian 0.776402
Model_1_goa_re_2021.dat 1 2024 CMean 0.776403
Model_1_goa_re_2021.dat 1 2025 Cabc 0.574153
Model_1_goa_re_2021.dat 1 2025 Cofl 0.615453
Model_1_goa_re_2021.dat 1 2025 CLCI 0.76692
Model_1_goa_re_2021.dat 1 2025 CUCI 0.767021
Model_1_goa_re_2021.dat 1 2025 CMedian 0.766959
Model_1_goa_re_2021.dat 1 2025 CMean 0.766963
Model_1_goa_re_2021.dat 1 2026 Cabc 0.574153
Model_1_goa_re_2021.dat 1 2026 Cofl 0.615453
Model_1_goa_re_2021.dat 1 2026 CLCI 0.765717
Model_1_goa_re_2021.dat 1 2026 CUCI 0.766041
Model_1_goa_re_2021.dat 1 2026 CMedian 0.765843
Model_1_goa_re_2021.dat 1 2026 CMean 0.765855
Model_1_goa_re_2021.dat 1 2027 Cabc 0.574153
Model_1_goa_re_2021.dat 1 2027 Cofl 0.615453
Model_1_goa_re_2021.dat 1 2027 CLCI 0.742831
Model_1_goa_re_2021.dat 1 2027 CUCI 0.743695
Model_1_goa_re_2021.dat 1 2027 CMedian 0.743163
Model_1_goa_re_2021.dat 1 2027 CMean 0.7432
Model_1_goa_re_2021.dat 1 2028 Cabc 0.574153
Model_1_goa_re_2021.dat 1 2028 Cofl 0.615453
Model_1_goa_re_2021.dat 1 2028 CLCI 0.720756
Model_1_goa_re_2021.dat 1 2028 CUCI 0.722571
Model_1_goa_re_2021.dat 1 2028 CMedian 0.721468
Model_1_goa_re_2021.dat 1 2028 CMean 0.721557
Model_1_goa_re_2021.dat 1 2029 Cabc 0.574153
Model_1_goa_re_2021.dat 1 2029 Cofl 0.615453
Model_1_goa_re_2021.dat 1 2029 CLCI 0.702571
Model_1_goa_re_2021.dat 1 2029 CUCI 0.705591
Model_1_goa_re_2021.dat 1 2029 CMedian 0.703749
Model_1_goa_re_2021.dat 1 2029 CMean 0.703876
Model_1_goa_re_2021.dat 1 2030 Cabc 0.574153
Model_1_goa_re_2021.dat 1 2030 Cofl 0.615453
Model_1_goa_re_2021.dat 1 2030 CLCI 0.686763
Model_1_goa_re_2021.dat 1 2030 CUCI 0.690673
Model_1_goa_re_2021.dat 1 2030 CMedian 0.688451
Model_1_goa_re_2021.dat 1 2030 CMean 0.688561
Model_1_goa_re_2021.dat 1 2031 Cabc 0.574153
Model_1_goa_re_2021.dat 1 2031 Cofl 0.615453
Model_1_goa_re_2021.dat 1 2031 CLCI 0.672213
Model_1_goa_re_2021.dat 1 2031 CUCI 0.676895
Model_1_goa_re_2021.dat 1 2031 CMedian 0.674295
Model_1_goa_re_2021.dat 1 2031 CMean 0.674407
Model_1_goa_re_2021.dat 1 2032 Cabc 0.574153
Model_1_goa_re_2021.dat 1 2032 Cofl 0.615453
Model_1_goa_re_2021.dat 1 2032 CLCI 0.659961
Model_1_goa_re_2021.dat 1 2032 CUCI 0.665362
Model_1_goa_re_2021.dat 1 2032 CMedian 0.662394
Model_1_goa_re_2021.dat 1 2032 CMean 0.662503
Model_1_goa_re_2021.dat 1 2033 Cabc 0.574153
Model_1_goa_re_2021.dat 1 2033 Cofl 0.615453
Model_1_goa_re_2021.dat 1 2033 CLCI 0.649437
Model_1_goa_re_2021.dat 1 2033 CUCI 0.65667
Model_1_goa_re_2021.dat 1 2033 CMedian 0.652614
Model_1_goa_re_2021.dat 1 2033 CMean 0.652683
Model_1_goa_re_2021.dat 1 2034 Cabc 0.574153
Model_1_goa_re_2021.dat 1 2034 Cofl 0.615453
Model_1_goa_re_2021.dat 1 2034 CLCI 0.639163
Model_1_goa_re_2021.dat 1 2034 CUCI 0.65197
Model_1_goa_re_2021.dat 1 2034 CMedian 0.644226
Model_1_goa_re_2021.dat 1 2034 CMean 0.644731
Model_1_goa_re_2021.dat 1 2021 SSBF100 14.7763
Model_1_goa_re_2021.dat 1 2021 SSBFabc 5.91051
Model_1_goa_re_2021.dat 1 2021 SSBFofl 5.1717
Model_1_goa_re_2021.dat 1 2021 SSBLCI 8.67785
Model_1_goa_re_2021.dat 1 2021 SSBUCI 8.67785
Model_1_goa_re_2021.dat 1 2021 SSBMedian 8.67785
Model_1_goa_re_2021.dat 1 2021 SSBMean 8.67785
Model_1_goa_re_2021.dat 1 2022 SSBF100 14.7763
Model_1_goa_re_2021.dat 1 2022 SSBFabc 5.91051
Model_1_goa_re_2021.dat 1 2022 SSBFofl 5.1717
Model_1_goa_re_2021.dat 1 2022 SSBLCI 8.62839
Model_1_goa_re_2021.dat 1 2022 SSBUCI 8.62839
Model_1_goa_re_2021.dat 1 2022 SSBMedian 8.62839
Model_1_goa_re_2021.dat 1 2022 SSBMean 8.62839
Model_1_goa_re_2021.dat 1 2023 SSBF100 14.7763
Model_1_goa_re_2021.dat 1 2023 SSBFabc 5.91051
Model_1_goa_re_2021.dat 1 2023 SSBFofl 5.1717
Model_1_goa_re_2021.dat 1 2023 SSBLCI 8.59895
Model_1_goa_re_2021.dat 1 2023 SSBUCI 8.59895
Model_1_goa_re_2021.dat 1 2023 SSBMedian 8.59895
Model_1_goa_re_2021.dat 1 2023 SSBMean 8.59895
Model_1_goa_re_2021.dat 1 2024 SSBF100 14.7763
Model_1_goa_re_2021.dat 1 2024 SSBFabc 5.91051
Model_1_goa_re_2021.dat 1 2024 SSBFofl 5.1717
Model_1_goa_re_2021.dat 1 2024 SSBLCI 8.49533
Model_1_goa_re_2021.dat 1 2024 SSBUCI 8.49534
Model_1_goa_re_2021.dat 1 2024 SSBMedian 8.49533
Model_1_goa_re_2021.dat 1 2024 SSBMean 8.49533
Model_1_goa_re_2021.dat 1 2025 SSBF100 14.7763
Model_1_goa_re_2021.dat 1 2025 SSBFabc 5.91051
Model_1_goa_re_2021.dat 1 2025 SSBFofl 5.1717
Model_1_goa_re_2021.dat 1 2025 SSBLCI 8.31068
Model_1_goa_re_2021.dat 1 2025 SSBUCI 8.31068
Model_1_goa_re_2021.dat 1 2025 SSBMedian 8.31068
Model_1_goa_re_2021.dat 1 2025 SSBMean 8.31068
Model_1_goa_re_2021.dat 1 2026 SSBF100 14.7763
Model_1_goa_re_2021.dat 1 2026 SSBFabc 5.91051
Model_1_goa_re_2021.dat 1 2026 SSBFofl 5.1717
Model_1_goa_re_2021.dat 1 2026 SSBLCI 8.13499
Model_1_goa_re_2021.dat 1 2026 SSBUCI 8.1352
Model_1_goa_re_2021.dat 1 2026 SSBMedian 8.13507
Model_1_goa_re_2021.dat 1 2026 SSBMean 8.13508
Model_1_goa_re_2021.dat 1 2027 SSBF100 14.7763
Model_1_goa_re_2021.dat 1 2027 SSBFabc 5.91051
Model_1_goa_re_2021.dat 1 2027 SSBFofl 5.1717
Model_1_goa_re_2021.dat 1 2027 SSBLCI 7.96004
Model_1_goa_re_2021.dat 1 2027 SSBUCI 7.96055
Model_1_goa_re_2021.dat 1 2027 SSBMedian 7.96024
Model_1_goa_re_2021.dat 1 2027 SSBMean 7.96026
Model_1_goa_re_2021.dat 1 2028 SSBF100 14.7763
Model_1_goa_re_2021.dat 1 2028 SSBFabc 5.91051
Model_1_goa_re_2021.dat 1 2028 SSBFofl 5.1717
Model_1_goa_re_2021.dat 1 2028 SSBLCI 7.78541
Model_1_goa_re_2021.dat 1 2028 SSBUCI 7.78663
Model_1_goa_re_2021.dat 1 2028 SSBMedian 7.78589
Model_1_goa_re_2021.dat 1 2028 SSBMean 7.78594
Model_1_goa_re_2021.dat 1 2029 SSBF100 14.7763
Model_1_goa_re_2021.dat 1 2029 SSBFabc 5.91051
Model_1_goa_re_2021.dat 1 2029 SSBFofl 5.1717
Model_1_goa_re_2021.dat 1 2029 SSBLCI 7.61286
Model_1_goa_re_2021.dat 1 2029 SSBUCI 7.61632
Model_1_goa_re_2021.dat 1 2029 SSBMedian 7.61419
Model_1_goa_re_2021.dat 1 2029 SSBMean 7.61433
Model_1_goa_re_2021.dat 1 2030 SSBF100 14.7763
Model_1_goa_re_2021.dat 1 2030 SSBFabc 5.91051
Model_1_goa_re_2021.dat 1 2030 SSBFofl 5.1717
Model_1_goa_re_2021.dat 1 2030 SSBLCI 7.44437
Model_1_goa_re_2021.dat 1 2030 SSBUCI 7.45319
Model_1_goa_re_2021.dat 1 2030 SSBMedian 7.44775
Model_1_goa_re_2021.dat 1 2030 SSBMean 7.44814
Model_1_goa_re_2021.dat 1 2031 SSBF100 14.7763
Model_1_goa_re_2021.dat 1 2031 SSBFabc 5.91051
Model_1_goa_re_2021.dat 1 2031 SSBFofl 5.1717
Model_1_goa_re_2021.dat 1 2031 SSBLCI 7.28448
Model_1_goa_re_2021.dat 1 2031 SSBUCI 7.30343
Model_1_goa_re_2021.dat 1 2031 SSBMedian 7.29184
Model_1_goa_re_2021.dat 1 2031 SSBMean 7.29277
Model_1_goa_re_2021.dat 1 2032 SSBF100 14.7763
Model_1_goa_re_2021.dat 1 2032 SSBFabc 5.91051
Model_1_goa_re_2021.dat 1 2032 SSBFofl 5.1717
Model_1_goa_re_2021.dat 1 2032 SSBLCI 7.12633
Model_1_goa_re_2021.dat 1 2032 SSBUCI 7.16415
Model_1_goa_re_2021.dat 1 2032 SSBMedian 7.14101
Model_1_goa_re_2021.dat 1 2032 SSBMean 7.14275
Model_1_goa_re_2021.dat 1 2033 SSBF100 14.7763
Model_1_goa_re_2021.dat 1 2033 SSBFabc 5.91051
Model_1_goa_re_2021.dat 1 2033 SSBFofl 5.1717
Model_1_goa_re_2021.dat 1 2033 SSBLCI 6.98035
Model_1_goa_re_2021.dat 1 2033 SSBUCI 7.04873
Model_1_goa_re_2021.dat 1 2033 SSBMedian 7.00658
Model_1_goa_re_2021.dat 1 2033 SSBMean 7.00986
Model_1_goa_re_2021.dat 1 2034 SSBF100 14.7763
Model_1_goa_re_2021.dat 1 2034 SSBFabc 5.91051
Model_1_goa_re_2021.dat 1 2034 SSBFofl 5.1717
Model_1_goa_re_2021.dat 1 2034 SSBLCI 6.84441
Model_1_goa_re_2021.dat 1 2034 SSBUCI 6.95913
Model_1_goa_re_2021.dat 1 2034 SSBMedian 6.89038
Model_1_goa_re_2021.dat 1 2034 SSBMean 6.89474
Model_1_goa_re_2021.dat 1 2021 F0 0 
Model_1_goa_re_2021.dat 1 2021 Fabc 0.0381281
Model_1_goa_re_2021.dat 1 2021 Fofl 0.0459618
Model_1_goa_re_2021.dat 1 2021  F_LCI 0.0202855
Model_1_goa_re_2021.dat 1 2021  F_UCI 0.0202855
Model_1_goa_re_2021.dat 1 2021  F_Median 0.0202855
Model_1_goa_re_2021.dat 1 2021  F_Mean 0.0202855
Model_1_goa_re_2021.dat 1 2022 F0 0 
Model_1_goa_re_2021.dat 1 2022 Fabc 0.0381281
Model_1_goa_re_2021.dat 1 2022 Fofl 0.0459618
Model_1_goa_re_2021.dat 1 2022  F_LCI 0.0180443
Model_1_goa_re_2021.dat 1 2022  F_UCI 0.0180443
Model_1_goa_re_2021.dat 1 2022  F_Median 0.0180443
Model_1_goa_re_2021.dat 1 2022  F_Mean 0.0180443
Model_1_goa_re_2021.dat 1 2023 F0 0 
Model_1_goa_re_2021.dat 1 2023 Fabc 0.0381281
Model_1_goa_re_2021.dat 1 2023 Fofl 0.0459618
Model_1_goa_re_2021.dat 1 2023  F_LCI 0.0176977
Model_1_goa_re_2021.dat 1 2023  F_UCI 0.0176978
Model_1_goa_re_2021.dat 1 2023  F_Median 0.0176978
Model_1_goa_re_2021.dat 1 2023  F_Mean 0.0176978
Model_1_goa_re_2021.dat 1 2024 F0 0 
Model_1_goa_re_2021.dat 1 2024 Fabc 0.0381281
Model_1_goa_re_2021.dat 1 2024 Fofl 0.0459618
Model_1_goa_re_2021.dat 1 2024  F_LCI 0.0381281
Model_1_goa_re_2021.dat 1 2024  F_UCI 0.0381281
Model_1_goa_re_2021.dat 1 2024  F_Median 0.0381281
Model_1_goa_re_2021.dat 1 2024  F_Mean 0.0381281
Model_1_goa_re_2021.dat 1 2025 F0 0 
Model_1_goa_re_2021.dat 1 2025 Fabc 0.0381281
Model_1_goa_re_2021.dat 1 2025 Fofl 0.0459618
Model_1_goa_re_2021.dat 1 2025  F_LCI 0.0381281
Model_1_goa_re_2021.dat 1 2025  F_UCI 0.0381281
Model_1_goa_re_2021.dat 1 2025  F_Median 0.0381281
Model_1_goa_re_2021.dat 1 2025  F_Mean 0.0381281
Model_1_goa_re_2021.dat 1 2026 F0 0 
Model_1_goa_re_2021.dat 1 2026 Fabc 0.0381281
Model_1_goa_re_2021.dat 1 2026 Fofl 0.0459618
Model_1_goa_re_2021.dat 1 2026  F_LCI 0.0381281
Model_1_goa_re_2021.dat 1 2026  F_UCI 0.0381281
Model_1_goa_re_2021.dat 1 2026  F_Median 0.0381281
Model_1_goa_re_2021.dat 1 2026  F_Mean 0.0381281
Model_1_goa_re_2021.dat 1 2027 F0 0 
Model_1_goa_re_2021.dat 1 2027 Fabc 0.0381281
Model_1_goa_re_2021.dat 1 2027 Fofl 0.0459618
Model_1_goa_re_2021.dat 1 2027  F_LCI 0.0381281
Model_1_goa_re_2021.dat 1 2027  F_UCI 0.0381281
Model_1_goa_re_2021.dat 1 2027  F_Median 0.0381281
Model_1_goa_re_2021.dat 1 2027  F_Mean 0.0381281
Model_1_goa_re_2021.dat 1 2028 F0 0 
Model_1_goa_re_2021.dat 1 2028 Fabc 0.0381281
Model_1_goa_re_2021.dat 1 2028 Fofl 0.0459618
Model_1_goa_re_2021.dat 1 2028  F_LCI 0.0381281
Model_1_goa_re_2021.dat 1 2028  F_UCI 0.0381281
Model_1_goa_re_2021.dat 1 2028  F_Median 0.0381281
Model_1_goa_re_2021.dat 1 2028  F_Mean 0.0381281
Model_1_goa_re_2021.dat 1 2029 F0 0 
Model_1_goa_re_2021.dat 1 2029 Fabc 0.0381281
Model_1_goa_re_2021.dat 1 2029 Fofl 0.0459618
Model_1_goa_re_2021.dat 1 2029  F_LCI 0.0381281
Model_1_goa_re_2021.dat 1 2029  F_UCI 0.0381281
Model_1_goa_re_2021.dat 1 2029  F_Median 0.0381281
Model_1_goa_re_2021.dat 1 2029  F_Mean 0.0381281
Model_1_goa_re_2021.dat 1 2030 F0 0 
Model_1_goa_re_2021.dat 1 2030 Fabc 0.0381281
Model_1_goa_re_2021.dat 1 2030 Fofl 0.0459618
Model_1_goa_re_2021.dat 1 2030  F_LCI 0.0381281
Model_1_goa_re_2021.dat 1 2030  F_UCI 0.0381281
Model_1_goa_re_2021.dat 1 2030  F_Median 0.0381281
Model_1_goa_re_2021.dat 1 2030  F_Mean 0.0381281
Model_1_goa_re_2021.dat 1 2031 F0 0 
Model_1_goa_re_2021.dat 1 2031 Fabc 0.0381281
Model_1_goa_re_2021.dat 1 2031 Fofl 0.0459618
Model_1_goa_re_2021.dat 1 2031  F_LCI 0.0381281
Model_1_goa_re_2021.dat 1 2031  F_UCI 0.0381281
Model_1_goa_re_2021.dat 1 2031  F_Median 0.0381281
Model_1_goa_re_2021.dat 1 2031  F_Mean 0.0381281
Model_1_goa_re_2021.dat 1 2032 F0 0 
Model_1_goa_re_2021.dat 1 2032 Fabc 0.0381281
Model_1_goa_re_2021.dat 1 2032 Fofl 0.0459618
Model_1_goa_re_2021.dat 1 2032  F_LCI 0.0381281
Model_1_goa_re_2021.dat 1 2032  F_UCI 0.0381281
Model_1_goa_re_2021.dat 1 2032  F_Median 0.0381281
Model_1_goa_re_2021.dat 1 2032  F_Mean 0.0381281
Model_1_goa_re_2021.dat 1 2033 F0 0 
Model_1_goa_re_2021.dat 1 2033 Fabc 0.0381281
Model_1_goa_re_2021.dat 1 2033 Fofl 0.0459618
Model_1_goa_re_2021.dat 1 2033  F_LCI 0.0381281
Model_1_goa_re_2021.dat 1 2033  F_UCI 0.0381281
Model_1_goa_re_2021.dat 1 2033  F_Median 0.0381281
Model_1_goa_re_2021.dat 1 2033  F_Mean 0.0381281
Model_1_goa_re_2021.dat 1 2034 F0 0 
Model_1_goa_re_2021.dat 1 2034 Fabc 0.0381281
Model_1_goa_re_2021.dat 1 2034 Fofl 0.0459618
Model_1_goa_re_2021.dat 1 2034  F_LCI 0.0381281
Model_1_goa_re_2021.dat 1 2034  F_UCI 0.0381281
Model_1_goa_re_2021.dat 1 2034  F_Median 0.0381281
Model_1_goa_re_2021.dat 1 2034  F_Mean 0.0381281
Model_1_goa_re_2021.dat 2 2021 Cabc 0.574153
Model_1_goa_re_2021.dat 2 2021 Cofl 0.615453
Model_1_goa_re_2021.dat 2 2021 CLCI 0.424885
Model_1_goa_re_2021.dat 2 2021 CUCI 0.424885
Model_1_goa_re_2021.dat 2 2021 CMedian 0.424885
Model_1_goa_re_2021.dat 2 2021 CMean 0.424885
Model_1_goa_re_2021.dat 2 2022 Cabc 0.574153
Model_1_goa_re_2021.dat 2 2022 Cofl 0.615453
Model_1_goa_re_2021.dat 2 2022 CLCI 0.376003
Model_1_goa_re_2021.dat 2 2022 CUCI 0.376003
Model_1_goa_re_2021.dat 2 2022 CMedian 0.376003
Model_1_goa_re_2021.dat 2 2022 CMean 0.376003
Model_1_goa_re_2021.dat 2 2023 Cabc 0.574153
Model_1_goa_re_2021.dat 2 2023 Cofl 0.615453
Model_1_goa_re_2021.dat 2 2023 CLCI 0.364902
Model_1_goa_re_2021.dat 2 2023 CUCI 0.364902
Model_1_goa_re_2021.dat 2 2023 CMedian 0.364902
Model_1_goa_re_2021.dat 2 2023 CMean 0.364902
Model_1_goa_re_2021.dat 2 2024 Cabc 0.574153
Model_1_goa_re_2021.dat 2 2024 Cofl 0.615453
Model_1_goa_re_2021.dat 2 2024 CLCI 0.374617
Model_1_goa_re_2021.dat 2 2024 CUCI 0.37463
Model_1_goa_re_2021.dat 2 2024 CMedian 0.374622
Model_1_goa_re_2021.dat 2 2024 CMean 0.374622
Model_1_goa_re_2021.dat 2 2025 Cabc 0.574153
Model_1_goa_re_2021.dat 2 2025 Cofl 0.615453
Model_1_goa_re_2021.dat 2 2025 CLCI 0.377047
Model_1_goa_re_2021.dat 2 2025 CUCI 0.377095
Model_1_goa_re_2021.dat 2 2025 CMedian 0.377066
Model_1_goa_re_2021.dat 2 2025 CMean 0.377068
Model_1_goa_re_2021.dat 2 2026 Cabc 0.574153
Model_1_goa_re_2021.dat 2 2026 Cofl 0.615453
Model_1_goa_re_2021.dat 2 2026 CLCI 0.383223
Model_1_goa_re_2021.dat 2 2026 CUCI 0.383378
Model_1_goa_re_2021.dat 2 2026 CMedian 0.383283
Model_1_goa_re_2021.dat 2 2026 CMean 0.383288
Model_1_goa_re_2021.dat 2 2027 Cabc 0.574153
Model_1_goa_re_2021.dat 2 2027 Cofl 0.615453
Model_1_goa_re_2021.dat 2 2027 CLCI 0.378617
Model_1_goa_re_2021.dat 2 2027 CUCI 0.37903
Model_1_goa_re_2021.dat 2 2027 CMedian 0.378776
Model_1_goa_re_2021.dat 2 2027 CMean 0.378793
Model_1_goa_re_2021.dat 2 2028 Cabc 0.574153
Model_1_goa_re_2021.dat 2 2028 Cofl 0.615453
Model_1_goa_re_2021.dat 2 2028 CLCI 0.373943
Model_1_goa_re_2021.dat 2 2028 CUCI 0.374812
Model_1_goa_re_2021.dat 2 2028 CMedian 0.374284
Model_1_goa_re_2021.dat 2 2028 CMean 0.374327
Model_1_goa_re_2021.dat 2 2029 Cabc 0.574153
Model_1_goa_re_2021.dat 2 2029 Cofl 0.615453
Model_1_goa_re_2021.dat 2 2029 CLCI 0.370723
Model_1_goa_re_2021.dat 2 2029 CUCI 0.372169
Model_1_goa_re_2021.dat 2 2029 CMedian 0.371287
Model_1_goa_re_2021.dat 2 2029 CMean 0.371348
Model_1_goa_re_2021.dat 2 2030 Cabc 0.574153
Model_1_goa_re_2021.dat 2 2030 Cofl 0.615453
Model_1_goa_re_2021.dat 2 2030 CLCI 0.36827
Model_1_goa_re_2021.dat 2 2030 CUCI 0.370148
Model_1_goa_re_2021.dat 2 2030 CMedian 0.369081
Model_1_goa_re_2021.dat 2 2030 CMean 0.369134
Model_1_goa_re_2021.dat 2 2031 Cabc 0.574153
Model_1_goa_re_2021.dat 2 2031 Cofl 0.615453
Model_1_goa_re_2021.dat 2 2031 CLCI 0.366069
Model_1_goa_re_2021.dat 2 2031 CUCI 0.368319
Model_1_goa_re_2021.dat 2 2031 CMedian 0.367069
Model_1_goa_re_2021.dat 2 2031 CMean 0.367123
Model_1_goa_re_2021.dat 2 2032 Cabc 0.574153
Model_1_goa_re_2021.dat 2 2032 Cofl 0.615453
Model_1_goa_re_2021.dat 2 2032 CLCI 0.364645
Model_1_goa_re_2021.dat 2 2032 CUCI 0.367244
Model_1_goa_re_2021.dat 2 2032 CMedian 0.365816
Model_1_goa_re_2021.dat 2 2032 CMean 0.365868
Model_1_goa_re_2021.dat 2 2033 Cabc 0.574153
Model_1_goa_re_2021.dat 2 2033 Cofl 0.615453
Model_1_goa_re_2021.dat 2 2033 CLCI 0.363756
Model_1_goa_re_2021.dat 2 2033 CUCI 0.36724
Model_1_goa_re_2021.dat 2 2033 CMedian 0.365286
Model_1_goa_re_2021.dat 2 2033 CMean 0.365318
Model_1_goa_re_2021.dat 2 2034 Cabc 0.574153
Model_1_goa_re_2021.dat 2 2034 Cofl 0.615453
Model_1_goa_re_2021.dat 2 2034 CLCI 0.3627
Model_1_goa_re_2021.dat 2 2034 CUCI 0.368904
Model_1_goa_re_2021.dat 2 2034 CMedian 0.365159
Model_1_goa_re_2021.dat 2 2034 CMean 0.365396
Model_1_goa_re_2021.dat 2 2021 SSBF100 14.7763
Model_1_goa_re_2021.dat 2 2021 SSBFabc 5.91051
Model_1_goa_re_2021.dat 2 2021 SSBFofl 5.1717
Model_1_goa_re_2021.dat 2 2021 SSBLCI 8.67785
Model_1_goa_re_2021.dat 2 2021 SSBUCI 8.67785
Model_1_goa_re_2021.dat 2 2021 SSBMedian 8.67785
Model_1_goa_re_2021.dat 2 2021 SSBMean 8.67785
Model_1_goa_re_2021.dat 2 2022 SSBF100 14.7763
Model_1_goa_re_2021.dat 2 2022 SSBFabc 5.91051
Model_1_goa_re_2021.dat 2 2022 SSBFofl 5.1717
Model_1_goa_re_2021.dat 2 2022 SSBLCI 8.62839
Model_1_goa_re_2021.dat 2 2022 SSBUCI 8.62839
Model_1_goa_re_2021.dat 2 2022 SSBMedian 8.62839
Model_1_goa_re_2021.dat 2 2022 SSBMean 8.62839
Model_1_goa_re_2021.dat 2 2023 SSBF100 14.7763
Model_1_goa_re_2021.dat 2 2023 SSBFabc 5.91051
Model_1_goa_re_2021.dat 2 2023 SSBFofl 5.1717
Model_1_goa_re_2021.dat 2 2023 SSBLCI 8.59895
Model_1_goa_re_2021.dat 2 2023 SSBUCI 8.59895
Model_1_goa_re_2021.dat 2 2023 SSBMedian 8.59895
Model_1_goa_re_2021.dat 2 2023 SSBMean 8.59895
Model_1_goa_re_2021.dat 2 2024 SSBF100 14.7763
Model_1_goa_re_2021.dat 2 2024 SSBFabc 5.91051
Model_1_goa_re_2021.dat 2 2024 SSBFofl 5.1717
Model_1_goa_re_2021.dat 2 2024 SSBLCI 8.56469
Model_1_goa_re_2021.dat 2 2024 SSBUCI 8.56469
Model_1_goa_re_2021.dat 2 2024 SSBMedian 8.56469
Model_1_goa_re_2021.dat 2 2024 SSBMean 8.56469
Model_1_goa_re_2021.dat 2 2025 SSBF100 14.7763
Model_1_goa_re_2021.dat 2 2025 SSBFabc 5.91051
Model_1_goa_re_2021.dat 2 2025 SSBFofl 5.1717
Model_1_goa_re_2021.dat 2 2025 SSBLCI 8.54159
Model_1_goa_re_2021.dat 2 2025 SSBUCI 8.54159
Model_1_goa_re_2021.dat 2 2025 SSBMedian 8.54159
Model_1_goa_re_2021.dat 2 2025 SSBMean 8.54159
Model_1_goa_re_2021.dat 2 2026 SSBF100 14.7763
Model_1_goa_re_2021.dat 2 2026 SSBFabc 5.91051
Model_1_goa_re_2021.dat 2 2026 SSBFofl 5.1717
Model_1_goa_re_2021.dat 2 2026 SSBLCI 8.52185
Model_1_goa_re_2021.dat 2 2026 SSBUCI 8.52205
Model_1_goa_re_2021.dat 2 2026 SSBMedian 8.52192
Model_1_goa_re_2021.dat 2 2026 SSBMean 8.52193
Model_1_goa_re_2021.dat 2 2027 SSBF100 14.7763
Model_1_goa_re_2021.dat 2 2027 SSBFabc 5.91051
Model_1_goa_re_2021.dat 2 2027 SSBFofl 5.1717
Model_1_goa_re_2021.dat 2 2027 SSBLCI 8.49714
Model_1_goa_re_2021.dat 2 2027 SSBUCI 8.49765
Model_1_goa_re_2021.dat 2 2027 SSBMedian 8.49734
Model_1_goa_re_2021.dat 2 2027 SSBMean 8.49736
Model_1_goa_re_2021.dat 2 2028 SSBF100 14.7763
Model_1_goa_re_2021.dat 2 2028 SSBFabc 5.91051
Model_1_goa_re_2021.dat 2 2028 SSBFofl 5.1717
Model_1_goa_re_2021.dat 2 2028 SSBLCI 8.46553
Model_1_goa_re_2021.dat 2 2028 SSBUCI 8.46676
Model_1_goa_re_2021.dat 2 2028 SSBMedian 8.46602
Model_1_goa_re_2021.dat 2 2028 SSBMean 8.46607
Model_1_goa_re_2021.dat 2 2029 SSBF100 14.7763
Model_1_goa_re_2021.dat 2 2029 SSBFabc 5.91051
Model_1_goa_re_2021.dat 2 2029 SSBFofl 5.1717
Model_1_goa_re_2021.dat 2 2029 SSBLCI 8.42827
Model_1_goa_re_2021.dat 2 2029 SSBUCI 8.43174
Model_1_goa_re_2021.dat 2 2029 SSBMedian 8.4296
Model_1_goa_re_2021.dat 2 2029 SSBMean 8.42974
Model_1_goa_re_2021.dat 2 2030 SSBF100 14.7763
Model_1_goa_re_2021.dat 2 2030 SSBFabc 5.91051
Model_1_goa_re_2021.dat 2 2030 SSBFofl 5.1717
Model_1_goa_re_2021.dat 2 2030 SSBLCI 8.38708
Model_1_goa_re_2021.dat 2 2030 SSBUCI 8.39596
Model_1_goa_re_2021.dat 2 2030 SSBMedian 8.39048
Model_1_goa_re_2021.dat 2 2030 SSBMean 8.39088
Model_1_goa_re_2021.dat 2 2031 SSBF100 14.7763
Model_1_goa_re_2021.dat 2 2031 SSBFabc 5.91051
Model_1_goa_re_2021.dat 2 2031 SSBFofl 5.1717
Model_1_goa_re_2021.dat 2 2031 SSBLCI 8.34692
Model_1_goa_re_2021.dat 2 2031 SSBUCI 8.36602
Model_1_goa_re_2021.dat 2 2031 SSBMedian 8.35433
Model_1_goa_re_2021.dat 2 2031 SSBMean 8.35528
Model_1_goa_re_2021.dat 2 2032 SSBF100 14.7763
Model_1_goa_re_2021.dat 2 2032 SSBFabc 5.91051
Model_1_goa_re_2021.dat 2 2032 SSBFofl 5.1717
Model_1_goa_re_2021.dat 2 2032 SSBLCI 8.2997
Model_1_goa_re_2021.dat 2 2032 SSBUCI 8.33788
Model_1_goa_re_2021.dat 2 2032 SSBMedian 8.31451
Model_1_goa_re_2021.dat 2 2032 SSBMean 8.31627
Model_1_goa_re_2021.dat 2 2033 SSBF100 14.7763
Model_1_goa_re_2021.dat 2 2033 SSBFabc 5.91051
Model_1_goa_re_2021.dat 2 2033 SSBFofl 5.1717
Model_1_goa_re_2021.dat 2 2033 SSBLCI 8.25781
Model_1_goa_re_2021.dat 2 2033 SSBUCI 8.32698
Model_1_goa_re_2021.dat 2 2033 SSBMedian 8.28437
Model_1_goa_re_2021.dat 2 2033 SSBMean 8.28765
Model_1_goa_re_2021.dat 2 2034 SSBF100 14.7763
Model_1_goa_re_2021.dat 2 2034 SSBFabc 5.91051
Model_1_goa_re_2021.dat 2 2034 SSBFofl 5.1717
Model_1_goa_re_2021.dat 2 2034 SSBLCI 8.2195
Model_1_goa_re_2021.dat 2 2034 SSBUCI 8.33564
Model_1_goa_re_2021.dat 2 2034 SSBMedian 8.26609
Model_1_goa_re_2021.dat 2 2034 SSBMean 8.27051
Model_1_goa_re_2021.dat 2 2021 F0 0 
Model_1_goa_re_2021.dat 2 2021 Fabc 0.0381281
Model_1_goa_re_2021.dat 2 2021 Fofl 0.0459618
Model_1_goa_re_2021.dat 2 2021  F_LCI 0.0202855
Model_1_goa_re_2021.dat 2 2021  F_UCI 0.0202855
Model_1_goa_re_2021.dat 2 2021  F_Median 0.0202855
Model_1_goa_re_2021.dat 2 2021  F_Mean 0.0202855
Model_1_goa_re_2021.dat 2 2022 F0 0 
Model_1_goa_re_2021.dat 2 2022 Fabc 0.0381281
Model_1_goa_re_2021.dat 2 2022 Fofl 0.0459618
Model_1_goa_re_2021.dat 2 2022  F_LCI 0.0180443
Model_1_goa_re_2021.dat 2 2022  F_UCI 0.0180443
Model_1_goa_re_2021.dat 2 2022  F_Median 0.0180443
Model_1_goa_re_2021.dat 2 2022  F_Mean 0.0180443
Model_1_goa_re_2021.dat 2 2023 F0 0 
Model_1_goa_re_2021.dat 2 2023 Fabc 0.0381281
Model_1_goa_re_2021.dat 2 2023 Fofl 0.0459618
Model_1_goa_re_2021.dat 2 2023  F_LCI 0.0176977
Model_1_goa_re_2021.dat 2 2023  F_UCI 0.0176978
Model_1_goa_re_2021.dat 2 2023  F_Median 0.0176978
Model_1_goa_re_2021.dat 2 2023  F_Mean 0.0176978
Model_1_goa_re_2021.dat 2 2024 F0 0 
Model_1_goa_re_2021.dat 2 2024 Fabc 0.0381281
Model_1_goa_re_2021.dat 2 2024 Fofl 0.0459618
Model_1_goa_re_2021.dat 2 2024  F_LCI 0.0182214
Model_1_goa_re_2021.dat 2 2024  F_UCI 0.0182214
Model_1_goa_re_2021.dat 2 2024  F_Median 0.0182214
Model_1_goa_re_2021.dat 2 2024  F_Mean 0.0182214
Model_1_goa_re_2021.dat 2 2025 F0 0 
Model_1_goa_re_2021.dat 2 2025 Fabc 0.0381281
Model_1_goa_re_2021.dat 2 2025 Fofl 0.0459618
Model_1_goa_re_2021.dat 2 2025  F_LCI 0.0182214
Model_1_goa_re_2021.dat 2 2025  F_UCI 0.0182214
Model_1_goa_re_2021.dat 2 2025  F_Median 0.0182214
Model_1_goa_re_2021.dat 2 2025  F_Mean 0.0182214
Model_1_goa_re_2021.dat 2 2026 F0 0 
Model_1_goa_re_2021.dat 2 2026 Fabc 0.0381281
Model_1_goa_re_2021.dat 2 2026 Fofl 0.0459618
Model_1_goa_re_2021.dat 2 2026  F_LCI 0.0182214
Model_1_goa_re_2021.dat 2 2026  F_UCI 0.0182214
Model_1_goa_re_2021.dat 2 2026  F_Median 0.0182214
Model_1_goa_re_2021.dat 2 2026  F_Mean 0.0182214
Model_1_goa_re_2021.dat 2 2027 F0 0 
Model_1_goa_re_2021.dat 2 2027 Fabc 0.0381281
Model_1_goa_re_2021.dat 2 2027 Fofl 0.0459618
Model_1_goa_re_2021.dat 2 2027  F_LCI 0.0182214
Model_1_goa_re_2021.dat 2 2027  F_UCI 0.0182214
Model_1_goa_re_2021.dat 2 2027  F_Median 0.0182214
Model_1_goa_re_2021.dat 2 2027  F_Mean 0.0182214
Model_1_goa_re_2021.dat 2 2028 F0 0 
Model_1_goa_re_2021.dat 2 2028 Fabc 0.0381281
Model_1_goa_re_2021.dat 2 2028 Fofl 0.0459618
Model_1_goa_re_2021.dat 2 2028  F_LCI 0.0182214
Model_1_goa_re_2021.dat 2 2028  F_UCI 0.0182214
Model_1_goa_re_2021.dat 2 2028  F_Median 0.0182214
Model_1_goa_re_2021.dat 2 2028  F_Mean 0.0182214
Model_1_goa_re_2021.dat 2 2029 F0 0 
Model_1_goa_re_2021.dat 2 2029 Fabc 0.0381281
Model_1_goa_re_2021.dat 2 2029 Fofl 0.0459618
Model_1_goa_re_2021.dat 2 2029  F_LCI 0.0182214
Model_1_goa_re_2021.dat 2 2029  F_UCI 0.0182214
Model_1_goa_re_2021.dat 2 2029  F_Median 0.0182214
Model_1_goa_re_2021.dat 2 2029  F_Mean 0.0182214
Model_1_goa_re_2021.dat 2 2030 F0 0 
Model_1_goa_re_2021.dat 2 2030 Fabc 0.0381281
Model_1_goa_re_2021.dat 2 2030 Fofl 0.0459618
Model_1_goa_re_2021.dat 2 2030  F_LCI 0.0182214
Model_1_goa_re_2021.dat 2 2030  F_UCI 0.0182214
Model_1_goa_re_2021.dat 2 2030  F_Median 0.0182214
Model_1_goa_re_2021.dat 2 2030  F_Mean 0.0182214
Model_1_goa_re_2021.dat 2 2031 F0 0 
Model_1_goa_re_2021.dat 2 2031 Fabc 0.0381281
Model_1_goa_re_2021.dat 2 2031 Fofl 0.0459618
Model_1_goa_re_2021.dat 2 2031  F_LCI 0.0182214
Model_1_goa_re_2021.dat 2 2031  F_UCI 0.0182214
Model_1_goa_re_2021.dat 2 2031  F_Median 0.0182214
Model_1_goa_re_2021.dat 2 2031  F_Mean 0.0182214
Model_1_goa_re_2021.dat 2 2032 F0 0 
Model_1_goa_re_2021.dat 2 2032 Fabc 0.0381281
Model_1_goa_re_2021.dat 2 2032 Fofl 0.0459618
Model_1_goa_re_2021.dat 2 2032  F_LCI 0.0182214
Model_1_goa_re_2021.dat 2 2032  F_UCI 0.0182214
Model_1_goa_re_2021.dat 2 2032  F_Median 0.0182214
Model_1_goa_re_2021.dat 2 2032  F_Mean 0.0182214
Model_1_goa_re_2021.dat 2 2033 F0 0 
Model_1_goa_re_2021.dat 2 2033 Fabc 0.0381281
Model_1_goa_re_2021.dat 2 2033 Fofl 0.0459618
Model_1_goa_re_2021.dat 2 2033  F_LCI 0.0182214
Model_1_goa_re_2021.dat 2 2033  F_UCI 0.0182214
Model_1_goa_re_2021.dat 2 2033  F_Median 0.0182214
Model_1_goa_re_2021.dat 2 2033  F_Mean 0.0182214
Model_1_goa_re_2021.dat 2 2034 F0 0 
Model_1_goa_re_2021.dat 2 2034 Fabc 0.0381281
Model_1_goa_re_2021.dat 2 2034 Fofl 0.0459618
Model_1_goa_re_2021.dat 2 2034  F_LCI 0.0182214
Model_1_goa_re_2021.dat 2 2034  F_UCI 0.0182214
Model_1_goa_re_2021.dat 2 2034  F_Median 0.0182214
Model_1_goa_re_2021.dat 2 2034  F_Mean 0.0182214
Model_1_goa_re_2021.dat 3 2021 Cabc 0.574153
Model_1_goa_re_2021.dat 3 2021 Cofl 0.615453
Model_1_goa_re_2021.dat 3 2021 CLCI 0.424885
Model_1_goa_re_2021.dat 3 2021 CUCI 0.424885
Model_1_goa_re_2021.dat 3 2021 CMedian 0.424885
Model_1_goa_re_2021.dat 3 2021 CMean 0.424885
Model_1_goa_re_2021.dat 3 2022 Cabc 0.574153
Model_1_goa_re_2021.dat 3 2022 Cofl 0.615453
Model_1_goa_re_2021.dat 3 2022 CLCI 0.376003
Model_1_goa_re_2021.dat 3 2022 CUCI 0.376003
Model_1_goa_re_2021.dat 3 2022 CMedian 0.376003
Model_1_goa_re_2021.dat 3 2022 CMean 0.376003
Model_1_goa_re_2021.dat 3 2023 Cabc 0.574153
Model_1_goa_re_2021.dat 3 2023 Cofl 0.615453
Model_1_goa_re_2021.dat 3 2023 CLCI 0.364902
Model_1_goa_re_2021.dat 3 2023 CUCI 0.364902
Model_1_goa_re_2021.dat 3 2023 CMedian 0.364902
Model_1_goa_re_2021.dat 3 2023 CMean 0.364902
Model_1_goa_re_2021.dat 3 2024 Cabc 0.574153
Model_1_goa_re_2021.dat 3 2024 Cofl 0.615453
Model_1_goa_re_2021.dat 3 2024 CLCI 0.391781
Model_1_goa_re_2021.dat 3 2024 CUCI 0.391795
Model_1_goa_re_2021.dat 3 2024 CMedian 0.391786
Model_1_goa_re_2021.dat 3 2024 CMean 0.391787
Model_1_goa_re_2021.dat 3 2025 Cabc 0.574153
Model_1_goa_re_2021.dat 3 2025 Cofl 0.615453
Model_1_goa_re_2021.dat 3 2025 CLCI 0.39401
Model_1_goa_re_2021.dat 3 2025 CUCI 0.39406
Model_1_goa_re_2021.dat 3 2025 CMedian 0.39403
Model_1_goa_re_2021.dat 3 2025 CMean 0.394031
Model_1_goa_re_2021.dat 3 2026 Cabc 0.574153
Model_1_goa_re_2021.dat 3 2026 Cofl 0.615453
Model_1_goa_re_2021.dat 3 2026 CLCI 0.400161
Model_1_goa_re_2021.dat 3 2026 CUCI 0.400323
Model_1_goa_re_2021.dat 3 2026 CMedian 0.400223
Model_1_goa_re_2021.dat 3 2026 CMean 0.40023
Model_1_goa_re_2021.dat 3 2027 Cabc 0.574153
Model_1_goa_re_2021.dat 3 2027 Cofl 0.615453
Model_1_goa_re_2021.dat 3 2027 CLCI 0.395045
Model_1_goa_re_2021.dat 3 2027 CUCI 0.395478
Model_1_goa_re_2021.dat 3 2027 CMedian 0.395211
Model_1_goa_re_2021.dat 3 2027 CMean 0.39523
Model_1_goa_re_2021.dat 3 2028 Cabc 0.574153
Model_1_goa_re_2021.dat 3 2028 Cofl 0.615453
Model_1_goa_re_2021.dat 3 2028 CLCI 0.389874
Model_1_goa_re_2021.dat 3 2028 CUCI 0.390784
Model_1_goa_re_2021.dat 3 2028 CMedian 0.390231
Model_1_goa_re_2021.dat 3 2028 CMean 0.390276
Model_1_goa_re_2021.dat 3 2029 Cabc 0.574153
Model_1_goa_re_2021.dat 3 2029 Cofl 0.615453
Model_1_goa_re_2021.dat 3 2029 CLCI 0.386238
Model_1_goa_re_2021.dat 3 2029 CUCI 0.387752
Model_1_goa_re_2021.dat 3 2029 CMedian 0.386829
Model_1_goa_re_2021.dat 3 2029 CMean 0.386893
Model_1_goa_re_2021.dat 3 2030 Cabc 0.574153
Model_1_goa_re_2021.dat 3 2030 Cofl 0.615453
Model_1_goa_re_2021.dat 3 2030 CLCI 0.383419
Model_1_goa_re_2021.dat 3 2030 CUCI 0.385383
Model_1_goa_re_2021.dat 3 2030 CMedian 0.384267
Model_1_goa_re_2021.dat 3 2030 CMean 0.384322
Model_1_goa_re_2021.dat 3 2031 Cabc 0.574153
Model_1_goa_re_2021.dat 3 2031 Cofl 0.615453
Model_1_goa_re_2021.dat 3 2031 CLCI 0.380875
Model_1_goa_re_2021.dat 3 2031 CUCI 0.383228
Model_1_goa_re_2021.dat 3 2031 CMedian 0.381921
Model_1_goa_re_2021.dat 3 2031 CMean 0.381977
Model_1_goa_re_2021.dat 3 2032 Cabc 0.574153
Model_1_goa_re_2021.dat 3 2032 Cofl 0.615453
Model_1_goa_re_2021.dat 3 2032 CLCI 0.379156
Model_1_goa_re_2021.dat 3 2032 CUCI 0.381875
Model_1_goa_re_2021.dat 3 2032 CMedian 0.380381
Model_1_goa_re_2021.dat 3 2032 CMean 0.380435
Model_1_goa_re_2021.dat 3 2033 Cabc 0.574153
Model_1_goa_re_2021.dat 3 2033 Cofl 0.615453
Model_1_goa_re_2021.dat 3 2033 CLCI 0.378007
Model_1_goa_re_2021.dat 3 2033 CUCI 0.381652
Model_1_goa_re_2021.dat 3 2033 CMedian 0.379608
Model_1_goa_re_2021.dat 3 2033 CMean 0.379642
Model_1_goa_re_2021.dat 3 2034 Cabc 0.574153
Model_1_goa_re_2021.dat 3 2034 Cofl 0.615453
Model_1_goa_re_2021.dat 3 2034 CLCI 0.376695
Model_1_goa_re_2021.dat 3 2034 CUCI 0.383182
Model_1_goa_re_2021.dat 3 2034 CMedian 0.379266
Model_1_goa_re_2021.dat 3 2034 CMean 0.379515
Model_1_goa_re_2021.dat 3 2021 SSBF100 14.7763
Model_1_goa_re_2021.dat 3 2021 SSBFabc 5.91051
Model_1_goa_re_2021.dat 3 2021 SSBFofl 5.1717
Model_1_goa_re_2021.dat 3 2021 SSBLCI 8.67785
Model_1_goa_re_2021.dat 3 2021 SSBUCI 8.67785
Model_1_goa_re_2021.dat 3 2021 SSBMedian 8.67785
Model_1_goa_re_2021.dat 3 2021 SSBMean 8.67785
Model_1_goa_re_2021.dat 3 2022 SSBF100 14.7763
Model_1_goa_re_2021.dat 3 2022 SSBFabc 5.91051
Model_1_goa_re_2021.dat 3 2022 SSBFofl 5.1717
Model_1_goa_re_2021.dat 3 2022 SSBLCI 8.62839
Model_1_goa_re_2021.dat 3 2022 SSBUCI 8.62839
Model_1_goa_re_2021.dat 3 2022 SSBMedian 8.62839
Model_1_goa_re_2021.dat 3 2022 SSBMean 8.62839
Model_1_goa_re_2021.dat 3 2023 SSBF100 14.7763
Model_1_goa_re_2021.dat 3 2023 SSBFabc 5.91051
Model_1_goa_re_2021.dat 3 2023 SSBFofl 5.1717
Model_1_goa_re_2021.dat 3 2023 SSBLCI 8.59895
Model_1_goa_re_2021.dat 3 2023 SSBUCI 8.59895
Model_1_goa_re_2021.dat 3 2023 SSBMedian 8.59895
Model_1_goa_re_2021.dat 3 2023 SSBMean 8.59895
Model_1_goa_re_2021.dat 3 2024 SSBF100 14.7763
Model_1_goa_re_2021.dat 3 2024 SSBFabc 5.91051
Model_1_goa_re_2021.dat 3 2024 SSBFofl 5.1717
Model_1_goa_re_2021.dat 3 2024 SSBLCI 8.56174
Model_1_goa_re_2021.dat 3 2024 SSBUCI 8.56174
Model_1_goa_re_2021.dat 3 2024 SSBMedian 8.56174
Model_1_goa_re_2021.dat 3 2024 SSBMean 8.56174
Model_1_goa_re_2021.dat 3 2025 SSBF100 14.7763
Model_1_goa_re_2021.dat 3 2025 SSBFabc 5.91051
Model_1_goa_re_2021.dat 3 2025 SSBFofl 5.1717
Model_1_goa_re_2021.dat 3 2025 SSBLCI 8.53169
Model_1_goa_re_2021.dat 3 2025 SSBUCI 8.53169
Model_1_goa_re_2021.dat 3 2025 SSBMedian 8.53169
Model_1_goa_re_2021.dat 3 2025 SSBMean 8.53169
Model_1_goa_re_2021.dat 3 2026 SSBF100 14.7763
Model_1_goa_re_2021.dat 3 2026 SSBFabc 5.91051
Model_1_goa_re_2021.dat 3 2026 SSBFofl 5.1717
Model_1_goa_re_2021.dat 3 2026 SSBLCI 8.5051
Model_1_goa_re_2021.dat 3 2026 SSBUCI 8.5053
Model_1_goa_re_2021.dat 3 2026 SSBMedian 8.50517
Model_1_goa_re_2021.dat 3 2026 SSBMean 8.50518
Model_1_goa_re_2021.dat 3 2027 SSBF100 14.7763
Model_1_goa_re_2021.dat 3 2027 SSBFabc 5.91051
Model_1_goa_re_2021.dat 3 2027 SSBFofl 5.1717
Model_1_goa_re_2021.dat 3 2027 SSBLCI 8.47367
Model_1_goa_re_2021.dat 3 2027 SSBUCI 8.47418
Model_1_goa_re_2021.dat 3 2027 SSBMedian 8.47387
Model_1_goa_re_2021.dat 3 2027 SSBMean 8.47389
Model_1_goa_re_2021.dat 3 2028 SSBF100 14.7763
Model_1_goa_re_2021.dat 3 2028 SSBFabc 5.91051
Model_1_goa_re_2021.dat 3 2028 SSBFofl 5.1717
Model_1_goa_re_2021.dat 3 2028 SSBLCI 8.43554
Model_1_goa_re_2021.dat 3 2028 SSBUCI 8.43677
Model_1_goa_re_2021.dat 3 2028 SSBMedian 8.43603
Model_1_goa_re_2021.dat 3 2028 SSBMean 8.43608
Model_1_goa_re_2021.dat 3 2029 SSBF100 14.7763
Model_1_goa_re_2021.dat 3 2029 SSBFabc 5.91051
Model_1_goa_re_2021.dat 3 2029 SSBFofl 5.1717
Model_1_goa_re_2021.dat 3 2029 SSBLCI 8.39198
Model_1_goa_re_2021.dat 3 2029 SSBUCI 8.39546
Model_1_goa_re_2021.dat 3 2029 SSBMedian 8.39331
Model_1_goa_re_2021.dat 3 2029 SSBMean 8.39345
Model_1_goa_re_2021.dat 3 2030 SSBF100 14.7763
Model_1_goa_re_2021.dat 3 2030 SSBFabc 5.91051
Model_1_goa_re_2021.dat 3 2030 SSBFofl 5.1717
Model_1_goa_re_2021.dat 3 2030 SSBLCI 8.34476
Model_1_goa_re_2021.dat 3 2030 SSBUCI 8.35364
Model_1_goa_re_2021.dat 3 2030 SSBMedian 8.34816
Model_1_goa_re_2021.dat 3 2030 SSBMean 8.34856
Model_1_goa_re_2021.dat 3 2031 SSBF100 14.7763
Model_1_goa_re_2021.dat 3 2031 SSBFabc 5.91051
Model_1_goa_re_2021.dat 3 2031 SSBFofl 5.1717
Model_1_goa_re_2021.dat 3 2031 SSBLCI 8.29881
Model_1_goa_re_2021.dat 3 2031 SSBUCI 8.3179
Model_1_goa_re_2021.dat 3 2031 SSBMedian 8.30622
Model_1_goa_re_2021.dat 3 2031 SSBMean 8.30716
Model_1_goa_re_2021.dat 3 2032 SSBF100 14.7763
Model_1_goa_re_2021.dat 3 2032 SSBFabc 5.91051
Model_1_goa_re_2021.dat 3 2032 SSBFofl 5.1717
Model_1_goa_re_2021.dat 3 2032 SSBLCI 8.24612
Model_1_goa_re_2021.dat 3 2032 SSBUCI 8.28427
Model_1_goa_re_2021.dat 3 2032 SSBMedian 8.26092
Model_1_goa_re_2021.dat 3 2032 SSBMean 8.26268
Model_1_goa_re_2021.dat 3 2033 SSBF100 14.7763
Model_1_goa_re_2021.dat 3 2033 SSBFabc 5.91051
Model_1_goa_re_2021.dat 3 2033 SSBFofl 5.1717
Model_1_goa_re_2021.dat 3 2033 SSBLCI 8.19898
Model_1_goa_re_2021.dat 3 2033 SSBUCI 8.26811
Model_1_goa_re_2021.dat 3 2033 SSBMedian 8.22552
Model_1_goa_re_2021.dat 3 2033 SSBMean 8.2288
Model_1_goa_re_2021.dat 3 2034 SSBF100 14.7763
Model_1_goa_re_2021.dat 3 2034 SSBFabc 5.91051
Model_1_goa_re_2021.dat 3 2034 SSBFofl 5.1717
Model_1_goa_re_2021.dat 3 2034 SSBLCI 8.15565
Model_1_goa_re_2021.dat 3 2034 SSBUCI 8.27174
Model_1_goa_re_2021.dat 3 2034 SSBMedian 8.20222
Model_1_goa_re_2021.dat 3 2034 SSBMean 8.20664
Model_1_goa_re_2021.dat 3 2021 F0 0 
Model_1_goa_re_2021.dat 3 2021 Fabc 0.0381281
Model_1_goa_re_2021.dat 3 2021 Fofl 0.0459618
Model_1_goa_re_2021.dat 3 2021  F_LCI 0.0202855
Model_1_goa_re_2021.dat 3 2021  F_UCI 0.0202855
Model_1_goa_re_2021.dat 3 2021  F_Median 0.0202855
Model_1_goa_re_2021.dat 3 2021  F_Mean 0.0202855
Model_1_goa_re_2021.dat 3 2022 F0 0 
Model_1_goa_re_2021.dat 3 2022 Fabc 0.0381281
Model_1_goa_re_2021.dat 3 2022 Fofl 0.0459618
Model_1_goa_re_2021.dat 3 2022  F_LCI 0.0180443
Model_1_goa_re_2021.dat 3 2022  F_UCI 0.0180443
Model_1_goa_re_2021.dat 3 2022  F_Median 0.0180443
Model_1_goa_re_2021.dat 3 2022  F_Mean 0.0180443
Model_1_goa_re_2021.dat 3 2023 F0 0 
Model_1_goa_re_2021.dat 3 2023 Fabc 0.0381281
Model_1_goa_re_2021.dat 3 2023 Fofl 0.0459618
Model_1_goa_re_2021.dat 3 2023  F_LCI 0.0176977
Model_1_goa_re_2021.dat 3 2023  F_UCI 0.0176978
Model_1_goa_re_2021.dat 3 2023  F_Median 0.0176978
Model_1_goa_re_2021.dat 3 2023  F_Mean 0.0176978
Model_1_goa_re_2021.dat 3 2024 F0 0 
Model_1_goa_re_2021.dat 3 2024 Fabc 0.0381281
Model_1_goa_re_2021.dat 3 2024 Fofl 0.0459618
Model_1_goa_re_2021.dat 3 2024  F_LCI 0.019064
Model_1_goa_re_2021.dat 3 2024  F_UCI 0.019064
Model_1_goa_re_2021.dat 3 2024  F_Median 0.019064
Model_1_goa_re_2021.dat 3 2024  F_Mean 0.019064
Model_1_goa_re_2021.dat 3 2025 F0 0 
Model_1_goa_re_2021.dat 3 2025 Fabc 0.0381281
Model_1_goa_re_2021.dat 3 2025 Fofl 0.0459618
Model_1_goa_re_2021.dat 3 2025  F_LCI 0.019064
Model_1_goa_re_2021.dat 3 2025  F_UCI 0.019064
Model_1_goa_re_2021.dat 3 2025  F_Median 0.019064
Model_1_goa_re_2021.dat 3 2025  F_Mean 0.019064
Model_1_goa_re_2021.dat 3 2026 F0 0 
Model_1_goa_re_2021.dat 3 2026 Fabc 0.0381281
Model_1_goa_re_2021.dat 3 2026 Fofl 0.0459618
Model_1_goa_re_2021.dat 3 2026  F_LCI 0.019064
Model_1_goa_re_2021.dat 3 2026  F_UCI 0.019064
Model_1_goa_re_2021.dat 3 2026  F_Median 0.019064
Model_1_goa_re_2021.dat 3 2026  F_Mean 0.019064
Model_1_goa_re_2021.dat 3 2027 F0 0 
Model_1_goa_re_2021.dat 3 2027 Fabc 0.0381281
Model_1_goa_re_2021.dat 3 2027 Fofl 0.0459618
Model_1_goa_re_2021.dat 3 2027  F_LCI 0.019064
Model_1_goa_re_2021.dat 3 2027  F_UCI 0.019064
Model_1_goa_re_2021.dat 3 2027  F_Median 0.019064
Model_1_goa_re_2021.dat 3 2027  F_Mean 0.019064
Model_1_goa_re_2021.dat 3 2028 F0 0 
Model_1_goa_re_2021.dat 3 2028 Fabc 0.0381281
Model_1_goa_re_2021.dat 3 2028 Fofl 0.0459618
Model_1_goa_re_2021.dat 3 2028  F_LCI 0.019064
Model_1_goa_re_2021.dat 3 2028  F_UCI 0.019064
Model_1_goa_re_2021.dat 3 2028  F_Median 0.019064
Model_1_goa_re_2021.dat 3 2028  F_Mean 0.019064
Model_1_goa_re_2021.dat 3 2029 F0 0 
Model_1_goa_re_2021.dat 3 2029 Fabc 0.0381281
Model_1_goa_re_2021.dat 3 2029 Fofl 0.0459618
Model_1_goa_re_2021.dat 3 2029  F_LCI 0.019064
Model_1_goa_re_2021.dat 3 2029  F_UCI 0.019064
Model_1_goa_re_2021.dat 3 2029  F_Median 0.019064
Model_1_goa_re_2021.dat 3 2029  F_Mean 0.019064
Model_1_goa_re_2021.dat 3 2030 F0 0 
Model_1_goa_re_2021.dat 3 2030 Fabc 0.0381281
Model_1_goa_re_2021.dat 3 2030 Fofl 0.0459618
Model_1_goa_re_2021.dat 3 2030  F_LCI 0.019064
Model_1_goa_re_2021.dat 3 2030  F_UCI 0.019064
Model_1_goa_re_2021.dat 3 2030  F_Median 0.019064
Model_1_goa_re_2021.dat 3 2030  F_Mean 0.019064
Model_1_goa_re_2021.dat 3 2031 F0 0 
Model_1_goa_re_2021.dat 3 2031 Fabc 0.0381281
Model_1_goa_re_2021.dat 3 2031 Fofl 0.0459618
Model_1_goa_re_2021.dat 3 2031  F_LCI 0.019064
Model_1_goa_re_2021.dat 3 2031  F_UCI 0.019064
Model_1_goa_re_2021.dat 3 2031  F_Median 0.019064
Model_1_goa_re_2021.dat 3 2031  F_Mean 0.019064
Model_1_goa_re_2021.dat 3 2032 F0 0 
Model_1_goa_re_2021.dat 3 2032 Fabc 0.0381281
Model_1_goa_re_2021.dat 3 2032 Fofl 0.0459618
Model_1_goa_re_2021.dat 3 2032  F_LCI 0.019064
Model_1_goa_re_2021.dat 3 2032  F_UCI 0.019064
Model_1_goa_re_2021.dat 3 2032  F_Median 0.019064
Model_1_goa_re_2021.dat 3 2032  F_Mean 0.019064
Model_1_goa_re_2021.dat 3 2033 F0 0 
Model_1_goa_re_2021.dat 3 2033 Fabc 0.0381281
Model_1_goa_re_2021.dat 3 2033 Fofl 0.0459618
Model_1_goa_re_2021.dat 3 2033  F_LCI 0.019064
Model_1_goa_re_2021.dat 3 2033  F_UCI 0.019064
Model_1_goa_re_2021.dat 3 2033  F_Median 0.019064
Model_1_goa_re_2021.dat 3 2033  F_Mean 0.019064
Model_1_goa_re_2021.dat 3 2034 F0 0 
Model_1_goa_re_2021.dat 3 2034 Fabc 0.0381281
Model_1_goa_re_2021.dat 3 2034 Fofl 0.0459618
Model_1_goa_re_2021.dat 3 2034  F_LCI 0.019064
Model_1_goa_re_2021.dat 3 2034  F_UCI 0.019064
Model_1_goa_re_2021.dat 3 2034  F_Median 0.019064
Model_1_goa_re_2021.dat 3 2034  F_Mean 0.019064
Model_1_goa_re_2021.dat 4 2021 Cabc 0.574153
Model_1_goa_re_2021.dat 4 2021 Cofl 0.615453
Model_1_goa_re_2021.dat 4 2021 CLCI 0.424885
Model_1_goa_re_2021.dat 4 2021 CUCI 0.424885
Model_1_goa_re_2021.dat 4 2021 CMedian 0.424885
Model_1_goa_re_2021.dat 4 2021 CMean 0.424885
Model_1_goa_re_2021.dat 4 2022 Cabc 0.574153
Model_1_goa_re_2021.dat 4 2022 Cofl 0.615453
Model_1_goa_re_2021.dat 4 2022 CLCI 0.376003
Model_1_goa_re_2021.dat 4 2022 CUCI 0.376003
Model_1_goa_re_2021.dat 4 2022 CMedian 0.376003
Model_1_goa_re_2021.dat 4 2022 CMean 0.376003
Model_1_goa_re_2021.dat 4 2023 Cabc 0.574153
Model_1_goa_re_2021.dat 4 2023 Cofl 0.615453
Model_1_goa_re_2021.dat 4 2023 CLCI 0.364902
Model_1_goa_re_2021.dat 4 2023 CUCI 0.364902
Model_1_goa_re_2021.dat 4 2023 CMedian 0.364902
Model_1_goa_re_2021.dat 4 2023 CMean 0.364902
Model_1_goa_re_2021.dat 4 2024 Cabc 0.574153
Model_1_goa_re_2021.dat 4 2024 Cofl 0.615453
Model_1_goa_re_2021.dat 4 2024 CLCI 0.531207
Model_1_goa_re_2021.dat 4 2024 CUCI 0.531226
Model_1_goa_re_2021.dat 4 2024 CMedian 0.531214
Model_1_goa_re_2021.dat 4 2024 CMean 0.531215
Model_1_goa_re_2021.dat 4 2025 Cabc 0.574153
Model_1_goa_re_2021.dat 4 2025 Cofl 0.615453
Model_1_goa_re_2021.dat 4 2025 CLCI 0.530784
Model_1_goa_re_2021.dat 4 2025 CUCI 0.530852
Model_1_goa_re_2021.dat 4 2025 CMedian 0.53081
Model_1_goa_re_2021.dat 4 2025 CMean 0.530813
Model_1_goa_re_2021.dat 4 2026 Cabc 0.574153
Model_1_goa_re_2021.dat 4 2026 Cofl 0.615453
Model_1_goa_re_2021.dat 4 2026 CLCI 0.535761
Model_1_goa_re_2021.dat 4 2026 CUCI 0.535982
Model_1_goa_re_2021.dat 4 2026 CMedian 0.535847
Model_1_goa_re_2021.dat 4 2026 CMean 0.535855
Model_1_goa_re_2021.dat 4 2027 Cabc 0.574153
Model_1_goa_re_2021.dat 4 2027 Cofl 0.615453
Model_1_goa_re_2021.dat 4 2027 CLCI 0.525586
Model_1_goa_re_2021.dat 4 2027 CUCI 0.526175
Model_1_goa_re_2021.dat 4 2027 CMedian 0.525813
Model_1_goa_re_2021.dat 4 2027 CMean 0.525838
Model_1_goa_re_2021.dat 4 2028 Cabc 0.574153
Model_1_goa_re_2021.dat 4 2028 Cofl 0.615453
Model_1_goa_re_2021.dat 4 2028 CLCI 0.515532
Model_1_goa_re_2021.dat 4 2028 CUCI 0.516768
Model_1_goa_re_2021.dat 4 2028 CMedian 0.516017
Model_1_goa_re_2021.dat 4 2028 CMean 0.516078
Model_1_goa_re_2021.dat 4 2029 Cabc 0.574153
Model_1_goa_re_2021.dat 4 2029 Cofl 0.615453
Model_1_goa_re_2021.dat 4 2029 CLCI 0.507741
Model_1_goa_re_2021.dat 4 2029 CUCI 0.509798
Model_1_goa_re_2021.dat 4 2029 CMedian 0.508543
Model_1_goa_re_2021.dat 4 2029 CMean 0.50863
Model_1_goa_re_2021.dat 4 2030 Cabc 0.574153
Model_1_goa_re_2021.dat 4 2030 Cofl 0.615453
Model_1_goa_re_2021.dat 4 2030 CLCI 0.50122
Model_1_goa_re_2021.dat 4 2030 CUCI 0.503887
Model_1_goa_re_2021.dat 4 2030 CMedian 0.502372
Model_1_goa_re_2021.dat 4 2030 CMean 0.502447
Model_1_goa_re_2021.dat 4 2031 Cabc 0.574153
Model_1_goa_re_2021.dat 4 2031 Cofl 0.615453
Model_1_goa_re_2021.dat 4 2031 CLCI 0.495229
Model_1_goa_re_2021.dat 4 2031 CUCI 0.498424
Model_1_goa_re_2021.dat 4 2031 CMedian 0.49665
Model_1_goa_re_2021.dat 4 2031 CMean 0.496726
Model_1_goa_re_2021.dat 4 2032 Cabc 0.574153
Model_1_goa_re_2021.dat 4 2032 Cofl 0.615453
Model_1_goa_re_2021.dat 4 2032 CLCI 0.490503
Model_1_goa_re_2021.dat 4 2032 CUCI 0.494193
Model_1_goa_re_2021.dat 4 2032 CMedian 0.492164
Model_1_goa_re_2021.dat 4 2032 CMean 0.492239
Model_1_goa_re_2021.dat 4 2033 Cabc 0.574153
Model_1_goa_re_2021.dat 4 2033 Cofl 0.615453
Model_1_goa_re_2021.dat 4 2033 CLCI 0.486684
Model_1_goa_re_2021.dat 4 2033 CUCI 0.491629
Model_1_goa_re_2021.dat 4 2033 CMedian 0.488856
Model_1_goa_re_2021.dat 4 2033 CMean 0.488902
Model_1_goa_re_2021.dat 4 2034 Cabc 0.574153
Model_1_goa_re_2021.dat 4 2034 Cofl 0.615453
Model_1_goa_re_2021.dat 4 2034 CLCI 0.482773
Model_1_goa_re_2021.dat 4 2034 CUCI 0.491558
Model_1_goa_re_2021.dat 4 2034 CMedian 0.486255
Model_1_goa_re_2021.dat 4 2034 CMean 0.486592
Model_1_goa_re_2021.dat 4 2021 SSBF100 14.7763
Model_1_goa_re_2021.dat 4 2021 SSBFabc 5.91051
Model_1_goa_re_2021.dat 4 2021 SSBFofl 5.1717
Model_1_goa_re_2021.dat 4 2021 SSBLCI 8.67785
Model_1_goa_re_2021.dat 4 2021 SSBUCI 8.67785
Model_1_goa_re_2021.dat 4 2021 SSBMedian 8.67785
Model_1_goa_re_2021.dat 4 2021 SSBMean 8.67785
Model_1_goa_re_2021.dat 4 2022 SSBF100 14.7763
Model_1_goa_re_2021.dat 4 2022 SSBFabc 5.91051
Model_1_goa_re_2021.dat 4 2022 SSBFofl 5.1717
Model_1_goa_re_2021.dat 4 2022 SSBLCI 8.62839
Model_1_goa_re_2021.dat 4 2022 SSBUCI 8.62839
Model_1_goa_re_2021.dat 4 2022 SSBMedian 8.62839
Model_1_goa_re_2021.dat 4 2022 SSBMean 8.62839
Model_1_goa_re_2021.dat 4 2023 SSBF100 14.7763
Model_1_goa_re_2021.dat 4 2023 SSBFabc 5.91051
Model_1_goa_re_2021.dat 4 2023 SSBFofl 5.1717
Model_1_goa_re_2021.dat 4 2023 SSBLCI 8.59895
Model_1_goa_re_2021.dat 4 2023 SSBUCI 8.59895
Model_1_goa_re_2021.dat 4 2023 SSBMedian 8.59895
Model_1_goa_re_2021.dat 4 2023 SSBMean 8.59895
Model_1_goa_re_2021.dat 4 2024 SSBF100 14.7763
Model_1_goa_re_2021.dat 4 2024 SSBFabc 5.91051
Model_1_goa_re_2021.dat 4 2024 SSBFofl 5.1717
Model_1_goa_re_2021.dat 4 2024 SSBLCI 8.53775
Model_1_goa_re_2021.dat 4 2024 SSBUCI 8.53775
Model_1_goa_re_2021.dat 4 2024 SSBMedian 8.53775
Model_1_goa_re_2021.dat 4 2024 SSBMean 8.53775
Model_1_goa_re_2021.dat 4 2025 SSBF100 14.7763
Model_1_goa_re_2021.dat 4 2025 SSBFabc 5.91051
Model_1_goa_re_2021.dat 4 2025 SSBFofl 5.1717
Model_1_goa_re_2021.dat 4 2025 SSBLCI 8.45136
Model_1_goa_re_2021.dat 4 2025 SSBUCI 8.45136
Model_1_goa_re_2021.dat 4 2025 SSBMedian 8.45136
Model_1_goa_re_2021.dat 4 2025 SSBMean 8.45136
Model_1_goa_re_2021.dat 4 2026 SSBF100 14.7763
Model_1_goa_re_2021.dat 4 2026 SSBFabc 5.91051
Model_1_goa_re_2021.dat 4 2026 SSBFofl 5.1717
Model_1_goa_re_2021.dat 4 2026 SSBLCI 8.36977
Model_1_goa_re_2021.dat 4 2026 SSBUCI 8.36998
Model_1_goa_re_2021.dat 4 2026 SSBMedian 8.36984
Model_1_goa_re_2021.dat 4 2026 SSBMean 8.36986
Model_1_goa_re_2021.dat 4 2027 SSBF100 14.7763
Model_1_goa_re_2021.dat 4 2027 SSBFabc 5.91051
Model_1_goa_re_2021.dat 4 2027 SSBFofl 5.1717
Model_1_goa_re_2021.dat 4 2027 SSBLCI 8.28476
Model_1_goa_re_2021.dat 4 2027 SSBUCI 8.28527
Model_1_goa_re_2021.dat 4 2027 SSBMedian 8.28496
Model_1_goa_re_2021.dat 4 2027 SSBMean 8.28498
Model_1_goa_re_2021.dat 4 2028 SSBF100 14.7763
Model_1_goa_re_2021.dat 4 2028 SSBFabc 5.91051
Model_1_goa_re_2021.dat 4 2028 SSBFofl 5.1717
Model_1_goa_re_2021.dat 4 2028 SSBLCI 8.19504
Model_1_goa_re_2021.dat 4 2028 SSBUCI 8.19626
Model_1_goa_re_2021.dat 4 2028 SSBMedian 8.19553
Model_1_goa_re_2021.dat 4 2028 SSBMean 8.19558
Model_1_goa_re_2021.dat 4 2029 SSBF100 14.7763
Model_1_goa_re_2021.dat 4 2029 SSBFabc 5.91051
Model_1_goa_re_2021.dat 4 2029 SSBFofl 5.1717
Model_1_goa_re_2021.dat 4 2029 SSBLCI 8.10211
Model_1_goa_re_2021.dat 4 2029 SSBUCI 8.10558
Model_1_goa_re_2021.dat 4 2029 SSBMedian 8.10344
Model_1_goa_re_2021.dat 4 2029 SSBMean 8.10358
Model_1_goa_re_2021.dat 4 2030 SSBF100 14.7763
Model_1_goa_re_2021.dat 4 2030 SSBFabc 5.91051
Model_1_goa_re_2021.dat 4 2030 SSBFofl 5.1717
Model_1_goa_re_2021.dat 4 2030 SSBLCI 8.00788
Model_1_goa_re_2021.dat 4 2030 SSBUCI 8.01674
Model_1_goa_re_2021.dat 4 2030 SSBMedian 8.01128
Model_1_goa_re_2021.dat 4 2030 SSBMean 8.01167
Model_1_goa_re_2021.dat 4 2031 SSBF100 14.7763
Model_1_goa_re_2021.dat 4 2031 SSBFabc 5.91051
Model_1_goa_re_2021.dat 4 2031 SSBFofl 5.1717
Model_1_goa_re_2021.dat 4 2031 SSBLCI 7.91721
Model_1_goa_re_2021.dat 4 2031 SSBUCI 7.93624
Model_1_goa_re_2021.dat 4 2031 SSBMedian 7.92459
Model_1_goa_re_2021.dat 4 2031 SSBMean 7.92553
Model_1_goa_re_2021.dat 4 2032 SSBF100 14.7763
Model_1_goa_re_2021.dat 4 2032 SSBFabc 5.91051
Model_1_goa_re_2021.dat 4 2032 SSBFofl 5.1717
Model_1_goa_re_2021.dat 4 2032 SSBLCI 7.82255
Model_1_goa_re_2021.dat 4 2032 SSBUCI 7.86059
Model_1_goa_re_2021.dat 4 2032 SSBMedian 7.83731
Model_1_goa_re_2021.dat 4 2032 SSBMean 7.83906
Model_1_goa_re_2021.dat 4 2033 SSBF100 14.7763
Model_1_goa_re_2021.dat 4 2033 SSBFabc 5.91051
Model_1_goa_re_2021.dat 4 2033 SSBFofl 5.1717
Model_1_goa_re_2021.dat 4 2033 SSBLCI 7.73558
Model_1_goa_re_2021.dat 4 2033 SSBUCI 7.80444
Model_1_goa_re_2021.dat 4 2033 SSBMedian 7.76201
Model_1_goa_re_2021.dat 4 2033 SSBMean 7.76529
Model_1_goa_re_2021.dat 4 2034 SSBF100 14.7763
Model_1_goa_re_2021.dat 4 2034 SSBFabc 5.91051
Model_1_goa_re_2021.dat 4 2034 SSBFofl 5.1717
Model_1_goa_re_2021.dat 4 2034 SSBLCI 7.65446
Model_1_goa_re_2021.dat 4 2034 SSBUCI 7.77005
Model_1_goa_re_2021.dat 4 2034 SSBMedian 7.70081
Model_1_goa_re_2021.dat 4 2034 SSBMean 7.70521
Model_1_goa_re_2021.dat 4 2021 F0 0 
Model_1_goa_re_2021.dat 4 2021 Fabc 0.0381281
Model_1_goa_re_2021.dat 4 2021 Fofl 0.0459618
Model_1_goa_re_2021.dat 4 2021  F_LCI 0.0202855
Model_1_goa_re_2021.dat 4 2021  F_UCI 0.0202855
Model_1_goa_re_2021.dat 4 2021  F_Median 0.0202855
Model_1_goa_re_2021.dat 4 2021  F_Mean 0.0202855
Model_1_goa_re_2021.dat 4 2022 F0 0 
Model_1_goa_re_2021.dat 4 2022 Fabc 0.0381281
Model_1_goa_re_2021.dat 4 2022 Fofl 0.0459618
Model_1_goa_re_2021.dat 4 2022  F_LCI 0.0180443
Model_1_goa_re_2021.dat 4 2022  F_UCI 0.0180443
Model_1_goa_re_2021.dat 4 2022  F_Median 0.0180443
Model_1_goa_re_2021.dat 4 2022  F_Mean 0.0180443
Model_1_goa_re_2021.dat 4 2023 F0 0 
Model_1_goa_re_2021.dat 4 2023 Fabc 0.0381281
Model_1_goa_re_2021.dat 4 2023 Fofl 0.0459618
Model_1_goa_re_2021.dat 4 2023  F_LCI 0.0176977
Model_1_goa_re_2021.dat 4 2023  F_UCI 0.0176978
Model_1_goa_re_2021.dat 4 2023  F_Median 0.0176978
Model_1_goa_re_2021.dat 4 2023  F_Mean 0.0176978
Model_1_goa_re_2021.dat 4 2024 F0 0 
Model_1_goa_re_2021.dat 4 2024 Fabc 0.0381281
Model_1_goa_re_2021.dat 4 2024 Fofl 0.0459618
Model_1_goa_re_2021.dat 4 2024  F_LCI 0.0259344
Model_1_goa_re_2021.dat 4 2024  F_UCI 0.0259344
Model_1_goa_re_2021.dat 4 2024  F_Median 0.0259344
Model_1_goa_re_2021.dat 4 2024  F_Mean 0.0259344
Model_1_goa_re_2021.dat 4 2025 F0 0 
Model_1_goa_re_2021.dat 4 2025 Fabc 0.0381281
Model_1_goa_re_2021.dat 4 2025 Fofl 0.0459618
Model_1_goa_re_2021.dat 4 2025  F_LCI 0.0259344
Model_1_goa_re_2021.dat 4 2025  F_UCI 0.0259344
Model_1_goa_re_2021.dat 4 2025  F_Median 0.0259344
Model_1_goa_re_2021.dat 4 2025  F_Mean 0.0259344
Model_1_goa_re_2021.dat 4 2026 F0 0 
Model_1_goa_re_2021.dat 4 2026 Fabc 0.0381281
Model_1_goa_re_2021.dat 4 2026 Fofl 0.0459618
Model_1_goa_re_2021.dat 4 2026  F_LCI 0.0259344
Model_1_goa_re_2021.dat 4 2026  F_UCI 0.0259344
Model_1_goa_re_2021.dat 4 2026  F_Median 0.0259344
Model_1_goa_re_2021.dat 4 2026  F_Mean 0.0259344
Model_1_goa_re_2021.dat 4 2027 F0 0 
Model_1_goa_re_2021.dat 4 2027 Fabc 0.0381281
Model_1_goa_re_2021.dat 4 2027 Fofl 0.0459618
Model_1_goa_re_2021.dat 4 2027  F_LCI 0.0259344
Model_1_goa_re_2021.dat 4 2027  F_UCI 0.0259344
Model_1_goa_re_2021.dat 4 2027  F_Median 0.0259344
Model_1_goa_re_2021.dat 4 2027  F_Mean 0.0259344
Model_1_goa_re_2021.dat 4 2028 F0 0 
Model_1_goa_re_2021.dat 4 2028 Fabc 0.0381281
Model_1_goa_re_2021.dat 4 2028 Fofl 0.0459618
Model_1_goa_re_2021.dat 4 2028  F_LCI 0.0259344
Model_1_goa_re_2021.dat 4 2028  F_UCI 0.0259344
Model_1_goa_re_2021.dat 4 2028  F_Median 0.0259344
Model_1_goa_re_2021.dat 4 2028  F_Mean 0.0259344
Model_1_goa_re_2021.dat 4 2029 F0 0 
Model_1_goa_re_2021.dat 4 2029 Fabc 0.0381281
Model_1_goa_re_2021.dat 4 2029 Fofl 0.0459618
Model_1_goa_re_2021.dat 4 2029  F_LCI 0.0259344
Model_1_goa_re_2021.dat 4 2029  F_UCI 0.0259344
Model_1_goa_re_2021.dat 4 2029  F_Median 0.0259344
Model_1_goa_re_2021.dat 4 2029  F_Mean 0.0259344
Model_1_goa_re_2021.dat 4 2030 F0 0 
Model_1_goa_re_2021.dat 4 2030 Fabc 0.0381281
Model_1_goa_re_2021.dat 4 2030 Fofl 0.0459618
Model_1_goa_re_2021.dat 4 2030  F_LCI 0.0259344
Model_1_goa_re_2021.dat 4 2030  F_UCI 0.0259344
Model_1_goa_re_2021.dat 4 2030  F_Median 0.0259344
Model_1_goa_re_2021.dat 4 2030  F_Mean 0.0259344
Model_1_goa_re_2021.dat 4 2031 F0 0 
Model_1_goa_re_2021.dat 4 2031 Fabc 0.0381281
Model_1_goa_re_2021.dat 4 2031 Fofl 0.0459618
Model_1_goa_re_2021.dat 4 2031  F_LCI 0.0259344
Model_1_goa_re_2021.dat 4 2031  F_UCI 0.0259344
Model_1_goa_re_2021.dat 4 2031  F_Median 0.0259344
Model_1_goa_re_2021.dat 4 2031  F_Mean 0.0259344
Model_1_goa_re_2021.dat 4 2032 F0 0 
Model_1_goa_re_2021.dat 4 2032 Fabc 0.0381281
Model_1_goa_re_2021.dat 4 2032 Fofl 0.0459618
Model_1_goa_re_2021.dat 4 2032  F_LCI 0.0259344
Model_1_goa_re_2021.dat 4 2032  F_UCI 0.0259344
Model_1_goa_re_2021.dat 4 2032  F_Median 0.0259344
Model_1_goa_re_2021.dat 4 2032  F_Mean 0.0259344
Model_1_goa_re_2021.dat 4 2033 F0 0 
Model_1_goa_re_2021.dat 4 2033 Fabc 0.0381281
Model_1_goa_re_2021.dat 4 2033 Fofl 0.0459618
Model_1_goa_re_2021.dat 4 2033  F_LCI 0.0259344
Model_1_goa_re_2021.dat 4 2033  F_UCI 0.0259344
Model_1_goa_re_2021.dat 4 2033  F_Median 0.0259344
Model_1_goa_re_2021.dat 4 2033  F_Mean 0.0259344
Model_1_goa_re_2021.dat 4 2034 F0 0 
Model_1_goa_re_2021.dat 4 2034 Fabc 0.0381281
Model_1_goa_re_2021.dat 4 2034 Fofl 0.0459618
Model_1_goa_re_2021.dat 4 2034  F_LCI 0.0259344
Model_1_goa_re_2021.dat 4 2034  F_UCI 0.0259344
Model_1_goa_re_2021.dat 4 2034  F_Median 0.0259344
Model_1_goa_re_2021.dat 4 2034  F_Mean 0.0259344
Model_1_goa_re_2021.dat 5 2021 Cabc 0.574153
Model_1_goa_re_2021.dat 5 2021 Cofl 0.615453
Model_1_goa_re_2021.dat 5 2021 CLCI 0.424885
Model_1_goa_re_2021.dat 5 2021 CUCI 0.424885
Model_1_goa_re_2021.dat 5 2021 CMedian 0.424885
Model_1_goa_re_2021.dat 5 2021 CMean 0.424885
Model_1_goa_re_2021.dat 5 2022 Cabc 0.574153
Model_1_goa_re_2021.dat 5 2022 Cofl 0.615453
Model_1_goa_re_2021.dat 5 2022 CLCI 0.376003
Model_1_goa_re_2021.dat 5 2022 CUCI 0.376003
Model_1_goa_re_2021.dat 5 2022 CMedian 0.376003
Model_1_goa_re_2021.dat 5 2022 CMean 0.376003
Model_1_goa_re_2021.dat 5 2023 Cabc 0.574153
Model_1_goa_re_2021.dat 5 2023 Cofl 0.615453
Model_1_goa_re_2021.dat 5 2023 CLCI 0.364902
Model_1_goa_re_2021.dat 5 2023 CUCI 0.364902
Model_1_goa_re_2021.dat 5 2023 CMedian 0.364902
Model_1_goa_re_2021.dat 5 2023 CMean 0.364902
Model_1_goa_re_2021.dat 5 2024 Cabc 0.574153
Model_1_goa_re_2021.dat 5 2024 Cofl 0.615453
Model_1_goa_re_2021.dat 5 2024 CLCI 0
Model_1_goa_re_2021.dat 5 2024 CUCI 0
Model_1_goa_re_2021.dat 5 2024 CMedian 0
Model_1_goa_re_2021.dat 5 2024 CMean 0
Model_1_goa_re_2021.dat 5 2025 Cabc 0.574153
Model_1_goa_re_2021.dat 5 2025 Cofl 0.615453
Model_1_goa_re_2021.dat 5 2025 CLCI 0
Model_1_goa_re_2021.dat 5 2025 CUCI 0
Model_1_goa_re_2021.dat 5 2025 CMedian 0
Model_1_goa_re_2021.dat 5 2025 CMean 0
Model_1_goa_re_2021.dat 5 2026 Cabc 0.574153
Model_1_goa_re_2021.dat 5 2026 Cofl 0.615453
Model_1_goa_re_2021.dat 5 2026 CLCI 0
Model_1_goa_re_2021.dat 5 2026 CUCI 0
Model_1_goa_re_2021.dat 5 2026 CMedian 0
Model_1_goa_re_2021.dat 5 2026 CMean 0
Model_1_goa_re_2021.dat 5 2027 Cabc 0.574153
Model_1_goa_re_2021.dat 5 2027 Cofl 0.615453
Model_1_goa_re_2021.dat 5 2027 CLCI 0
Model_1_goa_re_2021.dat 5 2027 CUCI 0
Model_1_goa_re_2021.dat 5 2027 CMedian 0
Model_1_goa_re_2021.dat 5 2027 CMean 0
Model_1_goa_re_2021.dat 5 2028 Cabc 0.574153
Model_1_goa_re_2021.dat 5 2028 Cofl 0.615453
Model_1_goa_re_2021.dat 5 2028 CLCI 0
Model_1_goa_re_2021.dat 5 2028 CUCI 0
Model_1_goa_re_2021.dat 5 2028 CMedian 0
Model_1_goa_re_2021.dat 5 2028 CMean 0
Model_1_goa_re_2021.dat 5 2029 Cabc 0.574153
Model_1_goa_re_2021.dat 5 2029 Cofl 0.615453
Model_1_goa_re_2021.dat 5 2029 CLCI 0
Model_1_goa_re_2021.dat 5 2029 CUCI 0
Model_1_goa_re_2021.dat 5 2029 CMedian 0
Model_1_goa_re_2021.dat 5 2029 CMean 0
Model_1_goa_re_2021.dat 5 2030 Cabc 0.574153
Model_1_goa_re_2021.dat 5 2030 Cofl 0.615453
Model_1_goa_re_2021.dat 5 2030 CLCI 0
Model_1_goa_re_2021.dat 5 2030 CUCI 0
Model_1_goa_re_2021.dat 5 2030 CMedian 0
Model_1_goa_re_2021.dat 5 2030 CMean 0
Model_1_goa_re_2021.dat 5 2031 Cabc 0.574153
Model_1_goa_re_2021.dat 5 2031 Cofl 0.615453
Model_1_goa_re_2021.dat 5 2031 CLCI 0
Model_1_goa_re_2021.dat 5 2031 CUCI 0
Model_1_goa_re_2021.dat 5 2031 CMedian 0
Model_1_goa_re_2021.dat 5 2031 CMean 0
Model_1_goa_re_2021.dat 5 2032 Cabc 0.574153
Model_1_goa_re_2021.dat 5 2032 Cofl 0.615453
Model_1_goa_re_2021.dat 5 2032 CLCI 0
Model_1_goa_re_2021.dat 5 2032 CUCI 0
Model_1_goa_re_2021.dat 5 2032 CMedian 0
Model_1_goa_re_2021.dat 5 2032 CMean 0
Model_1_goa_re_2021.dat 5 2033 Cabc 0.574153
Model_1_goa_re_2021.dat 5 2033 Cofl 0.615453
Model_1_goa_re_2021.dat 5 2033 CLCI 0
Model_1_goa_re_2021.dat 5 2033 CUCI 0
Model_1_goa_re_2021.dat 5 2033 CMedian 0
Model_1_goa_re_2021.dat 5 2033 CMean 0
Model_1_goa_re_2021.dat 5 2034 Cabc 0.574153
Model_1_goa_re_2021.dat 5 2034 Cofl 0.615453
Model_1_goa_re_2021.dat 5 2034 CLCI 0
Model_1_goa_re_2021.dat 5 2034 CUCI 0
Model_1_goa_re_2021.dat 5 2034 CMedian 0
Model_1_goa_re_2021.dat 5 2034 CMean 0
Model_1_goa_re_2021.dat 5 2021 SSBF100 14.7763
Model_1_goa_re_2021.dat 5 2021 SSBFabc 5.91051
Model_1_goa_re_2021.dat 5 2021 SSBFofl 5.1717
Model_1_goa_re_2021.dat 5 2021 SSBLCI 8.67785
Model_1_goa_re_2021.dat 5 2021 SSBUCI 8.67785
Model_1_goa_re_2021.dat 5 2021 SSBMedian 8.67785
Model_1_goa_re_2021.dat 5 2021 SSBMean 8.67785
Model_1_goa_re_2021.dat 5 2022 SSBF100 14.7763
Model_1_goa_re_2021.dat 5 2022 SSBFabc 5.91051
Model_1_goa_re_2021.dat 5 2022 SSBFofl 5.1717
Model_1_goa_re_2021.dat 5 2022 SSBLCI 8.62839
Model_1_goa_re_2021.dat 5 2022 SSBUCI 8.62839
Model_1_goa_re_2021.dat 5 2022 SSBMedian 8.62839
Model_1_goa_re_2021.dat 5 2022 SSBMean 8.62839
Model_1_goa_re_2021.dat 5 2023 SSBF100 14.7763
Model_1_goa_re_2021.dat 5 2023 SSBFabc 5.91051
Model_1_goa_re_2021.dat 5 2023 SSBFofl 5.1717
Model_1_goa_re_2021.dat 5 2023 SSBLCI 8.59895
Model_1_goa_re_2021.dat 5 2023 SSBUCI 8.59895
Model_1_goa_re_2021.dat 5 2023 SSBMedian 8.59895
Model_1_goa_re_2021.dat 5 2023 SSBMean 8.59895
Model_1_goa_re_2021.dat 5 2024 SSBF100 14.7763
Model_1_goa_re_2021.dat 5 2024 SSBFabc 5.91051
Model_1_goa_re_2021.dat 5 2024 SSBFofl 5.1717
Model_1_goa_re_2021.dat 5 2024 SSBLCI 8.62867
Model_1_goa_re_2021.dat 5 2024 SSBUCI 8.62868
Model_1_goa_re_2021.dat 5 2024 SSBMedian 8.62868
Model_1_goa_re_2021.dat 5 2024 SSBMean 8.62868
Model_1_goa_re_2021.dat 5 2025 SSBF100 14.7763
Model_1_goa_re_2021.dat 5 2025 SSBFabc 5.91051
Model_1_goa_re_2021.dat 5 2025 SSBFofl 5.1717
Model_1_goa_re_2021.dat 5 2025 SSBLCI 8.7587
Model_1_goa_re_2021.dat 5 2025 SSBUCI 8.7587
Model_1_goa_re_2021.dat 5 2025 SSBMedian 8.7587
Model_1_goa_re_2021.dat 5 2025 SSBMean 8.7587
Model_1_goa_re_2021.dat 5 2026 SSBF100 14.7763
Model_1_goa_re_2021.dat 5 2026 SSBFabc 5.91051
Model_1_goa_re_2021.dat 5 2026 SSBFofl 5.1717
Model_1_goa_re_2021.dat 5 2026 SSBLCI 8.89245
Model_1_goa_re_2021.dat 5 2026 SSBUCI 8.89265
Model_1_goa_re_2021.dat 5 2026 SSBMedian 8.89252
Model_1_goa_re_2021.dat 5 2026 SSBMean 8.89253
Model_1_goa_re_2021.dat 5 2027 SSBF100 14.7763
Model_1_goa_re_2021.dat 5 2027 SSBFabc 5.91051
Model_1_goa_re_2021.dat 5 2027 SSBFofl 5.1717
Model_1_goa_re_2021.dat 5 2027 SSBLCI 9.0213
Model_1_goa_re_2021.dat 5 2027 SSBUCI 9.02182
Model_1_goa_re_2021.dat 5 2027 SSBMedian 9.0215
Model_1_goa_re_2021.dat 5 2027 SSBMean 9.02152
Model_1_goa_re_2021.dat 5 2028 SSBF100 14.7763
Model_1_goa_re_2021.dat 5 2028 SSBFabc 5.91051
Model_1_goa_re_2021.dat 5 2028 SSBFofl 5.1717
Model_1_goa_re_2021.dat 5 2028 SSBLCI 9.14161
Model_1_goa_re_2021.dat 5 2028 SSBUCI 9.14284
Model_1_goa_re_2021.dat 5 2028 SSBMedian 9.1421
Model_1_goa_re_2021.dat 5 2028 SSBMean 9.14215
Model_1_goa_re_2021.dat 5 2029 SSBF100 14.7763
Model_1_goa_re_2021.dat 5 2029 SSBFabc 5.91051
Model_1_goa_re_2021.dat 5 2029 SSBFofl 5.1717
Model_1_goa_re_2021.dat 5 2029 SSBLCI 9.25373
Model_1_goa_re_2021.dat 5 2029 SSBUCI 9.25722
Model_1_goa_re_2021.dat 5 2029 SSBMedian 9.25507
Model_1_goa_re_2021.dat 5 2029 SSBMean 9.25521
Model_1_goa_re_2021.dat 5 2030 SSBF100 14.7763
Model_1_goa_re_2021.dat 5 2030 SSBFabc 5.91051
Model_1_goa_re_2021.dat 5 2030 SSBFofl 5.1717
Model_1_goa_re_2021.dat 5 2030 SSBLCI 9.3588
Model_1_goa_re_2021.dat 5 2030 SSBUCI 9.36772
Model_1_goa_re_2021.dat 5 2030 SSBMedian 9.36222
Model_1_goa_re_2021.dat 5 2030 SSBMean 9.36261
Model_1_goa_re_2021.dat 5 2031 SSBF100 14.7763
Model_1_goa_re_2021.dat 5 2031 SSBFabc 5.91051
Model_1_goa_re_2021.dat 5 2031 SSBFofl 5.1717
Model_1_goa_re_2021.dat 5 2031 SSBLCI 9.46171
Model_1_goa_re_2021.dat 5 2031 SSBUCI 9.48094
Model_1_goa_re_2021.dat 5 2031 SSBMedian 9.46917
Model_1_goa_re_2021.dat 5 2031 SSBMean 9.47012
Model_1_goa_re_2021.dat 5 2032 SSBF100 14.7763
Model_1_goa_re_2021.dat 5 2032 SSBFabc 5.91051
Model_1_goa_re_2021.dat 5 2032 SSBFofl 5.1717
Model_1_goa_re_2021.dat 5 2032 SSBLCI 9.55263
Model_1_goa_re_2021.dat 5 2032 SSBUCI 9.59114
Model_1_goa_re_2021.dat 5 2032 SSBMedian 9.56756
Model_1_goa_re_2021.dat 5 2032 SSBMean 9.56935
Model_1_goa_re_2021.dat 5 2033 SSBF100 14.7763
Model_1_goa_re_2021.dat 5 2033 SSBFabc 5.91051
Model_1_goa_re_2021.dat 5 2033 SSBFofl 5.1717
Model_1_goa_re_2021.dat 5 2033 SSBLCI 9.6456
Model_1_goa_re_2021.dat 5 2033 SSBUCI 9.71546
Model_1_goa_re_2021.dat 5 2033 SSBMedian 9.67244
Model_1_goa_re_2021.dat 5 2033 SSBMean 9.67574
Model_1_goa_re_2021.dat 5 2034 SSBF100 14.7763
Model_1_goa_re_2021.dat 5 2034 SSBFabc 5.91051
Model_1_goa_re_2021.dat 5 2034 SSBFofl 5.1717
Model_1_goa_re_2021.dat 5 2034 SSBLCI 9.73875
Model_1_goa_re_2021.dat 5 2034 SSBUCI 9.85626
Model_1_goa_re_2021.dat 5 2034 SSBMedian 9.78593
Model_1_goa_re_2021.dat 5 2034 SSBMean 9.7904
Model_1_goa_re_2021.dat 5 2021 F0 0 
Model_1_goa_re_2021.dat 5 2021 Fabc 0.0381281
Model_1_goa_re_2021.dat 5 2021 Fofl 0.0459618
Model_1_goa_re_2021.dat 5 2021  F_LCI 0.0202855
Model_1_goa_re_2021.dat 5 2021  F_UCI 0.0202855
Model_1_goa_re_2021.dat 5 2021  F_Median 0.0202855
Model_1_goa_re_2021.dat 5 2021  F_Mean 0.0202855
Model_1_goa_re_2021.dat 5 2022 F0 0 
Model_1_goa_re_2021.dat 5 2022 Fabc 0.0381281
Model_1_goa_re_2021.dat 5 2022 Fofl 0.0459618
Model_1_goa_re_2021.dat 5 2022  F_LCI 0.0180443
Model_1_goa_re_2021.dat 5 2022  F_UCI 0.0180443
Model_1_goa_re_2021.dat 5 2022  F_Median 0.0180443
Model_1_goa_re_2021.dat 5 2022  F_Mean 0.0180443
Model_1_goa_re_2021.dat 5 2023 F0 0 
Model_1_goa_re_2021.dat 5 2023 Fabc 0.0381281
Model_1_goa_re_2021.dat 5 2023 Fofl 0.0459618
Model_1_goa_re_2021.dat 5 2023  F_LCI 0.0176977
Model_1_goa_re_2021.dat 5 2023  F_UCI 0.0176978
Model_1_goa_re_2021.dat 5 2023  F_Median 0.0176978
Model_1_goa_re_2021.dat 5 2023  F_Mean 0.0176978
Model_1_goa_re_2021.dat 5 2024 F0 0 
Model_1_goa_re_2021.dat 5 2024 Fabc 0.0381281
Model_1_goa_re_2021.dat 5 2024 Fofl 0.0459618
Model_1_goa_re_2021.dat 5 2024  F_LCI 0
Model_1_goa_re_2021.dat 5 2024  F_UCI 0
Model_1_goa_re_2021.dat 5 2024  F_Median 0
Model_1_goa_re_2021.dat 5 2024  F_Mean 0
Model_1_goa_re_2021.dat 5 2025 F0 0 
Model_1_goa_re_2021.dat 5 2025 Fabc 0.0381281
Model_1_goa_re_2021.dat 5 2025 Fofl 0.0459618
Model_1_goa_re_2021.dat 5 2025  F_LCI 0
Model_1_goa_re_2021.dat 5 2025  F_UCI 0
Model_1_goa_re_2021.dat 5 2025  F_Median 0
Model_1_goa_re_2021.dat 5 2025  F_Mean 0
Model_1_goa_re_2021.dat 5 2026 F0 0 
Model_1_goa_re_2021.dat 5 2026 Fabc 0.0381281
Model_1_goa_re_2021.dat 5 2026 Fofl 0.0459618
Model_1_goa_re_2021.dat 5 2026  F_LCI 0
Model_1_goa_re_2021.dat 5 2026  F_UCI 0
Model_1_goa_re_2021.dat 5 2026  F_Median 0
Model_1_goa_re_2021.dat 5 2026  F_Mean 0
Model_1_goa_re_2021.dat 5 2027 F0 0 
Model_1_goa_re_2021.dat 5 2027 Fabc 0.0381281
Model_1_goa_re_2021.dat 5 2027 Fofl 0.0459618
Model_1_goa_re_2021.dat 5 2027  F_LCI 0
Model_1_goa_re_2021.dat 5 2027  F_UCI 0
Model_1_goa_re_2021.dat 5 2027  F_Median 0
Model_1_goa_re_2021.dat 5 2027  F_Mean 0
Model_1_goa_re_2021.dat 5 2028 F0 0 
Model_1_goa_re_2021.dat 5 2028 Fabc 0.0381281
Model_1_goa_re_2021.dat 5 2028 Fofl 0.0459618
Model_1_goa_re_2021.dat 5 2028  F_LCI 0
Model_1_goa_re_2021.dat 5 2028  F_UCI 0
Model_1_goa_re_2021.dat 5 2028  F_Median 0
Model_1_goa_re_2021.dat 5 2028  F_Mean 0
Model_1_goa_re_2021.dat 5 2029 F0 0 
Model_1_goa_re_2021.dat 5 2029 Fabc 0.0381281
Model_1_goa_re_2021.dat 5 2029 Fofl 0.0459618
Model_1_goa_re_2021.dat 5 2029  F_LCI 0
Model_1_goa_re_2021.dat 5 2029  F_UCI 0
Model_1_goa_re_2021.dat 5 2029  F_Median 0
Model_1_goa_re_2021.dat 5 2029  F_Mean 0
Model_1_goa_re_2021.dat 5 2030 F0 0 
Model_1_goa_re_2021.dat 5 2030 Fabc 0.0381281
Model_1_goa_re_2021.dat 5 2030 Fofl 0.0459618
Model_1_goa_re_2021.dat 5 2030  F_LCI 0
Model_1_goa_re_2021.dat 5 2030  F_UCI 0
Model_1_goa_re_2021.dat 5 2030  F_Median 0
Model_1_goa_re_2021.dat 5 2030  F_Mean 0
Model_1_goa_re_2021.dat 5 2031 F0 0 
Model_1_goa_re_2021.dat 5 2031 Fabc 0.0381281
Model_1_goa_re_2021.dat 5 2031 Fofl 0.0459618
Model_1_goa_re_2021.dat 5 2031  F_LCI 0
Model_1_goa_re_2021.dat 5 2031  F_UCI 0
Model_1_goa_re_2021.dat 5 2031  F_Median 0
Model_1_goa_re_2021.dat 5 2031  F_Mean 0
Model_1_goa_re_2021.dat 5 2032 F0 0 
Model_1_goa_re_2021.dat 5 2032 Fabc 0.0381281
Model_1_goa_re_2021.dat 5 2032 Fofl 0.0459618
Model_1_goa_re_2021.dat 5 2032  F_LCI 0
Model_1_goa_re_2021.dat 5 2032  F_UCI 0
Model_1_goa_re_2021.dat 5 2032  F_Median 0
Model_1_goa_re_2021.dat 5 2032  F_Mean 0
Model_1_goa_re_2021.dat 5 2033 F0 0 
Model_1_goa_re_2021.dat 5 2033 Fabc 0.0381281
Model_1_goa_re_2021.dat 5 2033 Fofl 0.0459618
Model_1_goa_re_2021.dat 5 2033  F_LCI 0
Model_1_goa_re_2021.dat 5 2033  F_UCI 0
Model_1_goa_re_2021.dat 5 2033  F_Median 0
Model_1_goa_re_2021.dat 5 2033  F_Mean 0
Model_1_goa_re_2021.dat 5 2034 F0 0 
Model_1_goa_re_2021.dat 5 2034 Fabc 0.0381281
Model_1_goa_re_2021.dat 5 2034 Fofl 0.0459618
Model_1_goa_re_2021.dat 5 2034  F_LCI 0
Model_1_goa_re_2021.dat 5 2034  F_UCI 0
Model_1_goa_re_2021.dat 5 2034  F_Median 0
Model_1_goa_re_2021.dat 5 2034  F_Mean 0
Model_1_goa_re_2021.dat 6 2021 Cabc 0.574153
Model_1_goa_re_2021.dat 6 2021 Cofl 0.615453
Model_1_goa_re_2021.dat 6 2021 CLCI 0.424885
Model_1_goa_re_2021.dat 6 2021 CUCI 0.424885
Model_1_goa_re_2021.dat 6 2021 CMedian 0.424885
Model_1_goa_re_2021.dat 6 2021 CMean 0.424885
Model_1_goa_re_2021.dat 6 2022 Cabc 0.574153
Model_1_goa_re_2021.dat 6 2022 Cofl 0.615453
Model_1_goa_re_2021.dat 6 2022 CLCI 0.944886
Model_1_goa_re_2021.dat 6 2022 CUCI 0.944888
Model_1_goa_re_2021.dat 6 2022 CMedian 0.944887
Model_1_goa_re_2021.dat 6 2022 CMean 0.944887
Model_1_goa_re_2021.dat 6 2023 Cabc 0.574153
Model_1_goa_re_2021.dat 6 2023 Cofl 0.615453
Model_1_goa_re_2021.dat 6 2023 CLCI 0.910143
Model_1_goa_re_2021.dat 6 2023 CUCI 0.910151
Model_1_goa_re_2021.dat 6 2023 CMedian 0.910146
Model_1_goa_re_2021.dat 6 2023 CMean 0.910146
Model_1_goa_re_2021.dat 6 2024 Cabc 0.574153
Model_1_goa_re_2021.dat 6 2024 Cofl 0.615453
Model_1_goa_re_2021.dat 6 2024 CLCI 0.884506
Model_1_goa_re_2021.dat 6 2024 CUCI 0.884539
Model_1_goa_re_2021.dat 6 2024 CMedian 0.884519
Model_1_goa_re_2021.dat 6 2024 CMean 0.88452
Model_1_goa_re_2021.dat 6 2025 Cabc 0.574153
Model_1_goa_re_2021.dat 6 2025 Cofl 0.615453
Model_1_goa_re_2021.dat 6 2025 CLCI 0.869263
Model_1_goa_re_2021.dat 6 2025 CUCI 0.869384
Model_1_goa_re_2021.dat 6 2025 CMedian 0.86931
Model_1_goa_re_2021.dat 6 2025 CMean 0.869314
Model_1_goa_re_2021.dat 6 2026 Cabc 0.574153
Model_1_goa_re_2021.dat 6 2026 Cofl 0.615453
Model_1_goa_re_2021.dat 6 2026 CLCI 0.864202
Model_1_goa_re_2021.dat 6 2026 CUCI 0.864593
Model_1_goa_re_2021.dat 6 2026 CMedian 0.864354
Model_1_goa_re_2021.dat 6 2026 CMean 0.864368
Model_1_goa_re_2021.dat 6 2027 Cabc 0.574153
Model_1_goa_re_2021.dat 6 2027 Cofl 0.615453
Model_1_goa_re_2021.dat 6 2027 CLCI 0.83357
Model_1_goa_re_2021.dat 6 2027 CUCI 0.834611
Model_1_goa_re_2021.dat 6 2027 CMedian 0.83397
Model_1_goa_re_2021.dat 6 2027 CMean 0.834014
Model_1_goa_re_2021.dat 6 2028 Cabc 0.574153
Model_1_goa_re_2021.dat 6 2028 Cofl 0.615453
Model_1_goa_re_2021.dat 6 2028 CLCI 0.80435
Model_1_goa_re_2021.dat 6 2028 CUCI 0.806536
Model_1_goa_re_2021.dat 6 2028 CMedian 0.805208
Model_1_goa_re_2021.dat 6 2028 CMean 0.805315
Model_1_goa_re_2021.dat 6 2029 Cabc 0.574153
Model_1_goa_re_2021.dat 6 2029 Cofl 0.615453
Model_1_goa_re_2021.dat 6 2029 CLCI 0.780188
Model_1_goa_re_2021.dat 6 2029 CUCI 0.783824
Model_1_goa_re_2021.dat 6 2029 CMedian 0.781605
Model_1_goa_re_2021.dat 6 2029 CMean 0.781759
Model_1_goa_re_2021.dat 6 2030 Cabc 0.574153
Model_1_goa_re_2021.dat 6 2030 Cofl 0.615453
Model_1_goa_re_2021.dat 6 2030 CLCI 0.759232
Model_1_goa_re_2021.dat 6 2030 CUCI 0.763937
Model_1_goa_re_2021.dat 6 2030 CMedian 0.761263
Model_1_goa_re_2021.dat 6 2030 CMean 0.761396
Model_1_goa_re_2021.dat 6 2031 Cabc 0.574153
Model_1_goa_re_2021.dat 6 2031 Cofl 0.615453
Model_1_goa_re_2021.dat 6 2031 CLCI 0.740111
Model_1_goa_re_2021.dat 6 2031 CUCI 0.74574
Model_1_goa_re_2021.dat 6 2031 CMedian 0.742611
Model_1_goa_re_2021.dat 6 2031 CMean 0.742748
Model_1_goa_re_2021.dat 6 2032 Cabc 0.574153
Model_1_goa_re_2021.dat 6 2032 Cofl 0.615453
Model_1_goa_re_2021.dat 6 2032 CLCI 0.724014
Model_1_goa_re_2021.dat 6 2032 CUCI 0.730507
Model_1_goa_re_2021.dat 6 2032 CMedian 0.726943
Model_1_goa_re_2021.dat 6 2032 CMean 0.727071
Model_1_goa_re_2021.dat 6 2033 Cabc 0.574153
Model_1_goa_re_2021.dat 6 2033 Cofl 0.615453
Model_1_goa_re_2021.dat 6 2033 CLCI 0.710216
Model_1_goa_re_2021.dat 6 2033 CUCI 0.718907
Model_1_goa_re_2021.dat 6 2033 CMedian 0.714033
Model_1_goa_re_2021.dat 6 2033 CMean 0.714118
Model_1_goa_re_2021.dat 6 2034 Cabc 0.574153
Model_1_goa_re_2021.dat 6 2034 Cofl 0.615453
Model_1_goa_re_2021.dat 6 2034 CLCI 0.696917
Model_1_goa_re_2021.dat 6 2034 CUCI 0.71227
Model_1_goa_re_2021.dat 6 2034 CMedian 0.702974
Model_1_goa_re_2021.dat 6 2034 CMean 0.703591
Model_1_goa_re_2021.dat 6 2021 SSBF100 14.7763
Model_1_goa_re_2021.dat 6 2021 SSBFabc 5.91051
Model_1_goa_re_2021.dat 6 2021 SSBFofl 5.1717
Model_1_goa_re_2021.dat 6 2021 SSBLCI 8.67785
Model_1_goa_re_2021.dat 6 2021 SSBUCI 8.67785
Model_1_goa_re_2021.dat 6 2021 SSBMedian 8.67785
Model_1_goa_re_2021.dat 6 2021 SSBMean 8.67785
Model_1_goa_re_2021.dat 6 2022 SSBF100 14.7763
Model_1_goa_re_2021.dat 6 2022 SSBFabc 5.91051
Model_1_goa_re_2021.dat 6 2022 SSBFofl 5.1717
Model_1_goa_re_2021.dat 6 2022 SSBLCI 8.53009
Model_1_goa_re_2021.dat 6 2022 SSBUCI 8.53009
Model_1_goa_re_2021.dat 6 2022 SSBMedian 8.53009
Model_1_goa_re_2021.dat 6 2022 SSBMean 8.53009
Model_1_goa_re_2021.dat 6 2023 SSBF100 14.7763
Model_1_goa_re_2021.dat 6 2023 SSBFabc 5.91051
Model_1_goa_re_2021.dat 6 2023 SSBFofl 5.1717
Model_1_goa_re_2021.dat 6 2023 SSBLCI 8.27204
Model_1_goa_re_2021.dat 6 2023 SSBUCI 8.27204
Model_1_goa_re_2021.dat 6 2023 SSBMedian 8.27204
Model_1_goa_re_2021.dat 6 2023 SSBMean 8.27204
Model_1_goa_re_2021.dat 6 2024 SSBF100 14.7763
Model_1_goa_re_2021.dat 6 2024 SSBFabc 5.91051
Model_1_goa_re_2021.dat 6 2024 SSBFofl 5.1717
Model_1_goa_re_2021.dat 6 2024 SSBLCI 8.0217
Model_1_goa_re_2021.dat 6 2024 SSBUCI 8.0217
Model_1_goa_re_2021.dat 6 2024 SSBMedian 8.0217
Model_1_goa_re_2021.dat 6 2024 SSBMean 8.0217
Model_1_goa_re_2021.dat 6 2025 SSBF100 14.7763
Model_1_goa_re_2021.dat 6 2025 SSBFabc 5.91051
Model_1_goa_re_2021.dat 6 2025 SSBFofl 5.1717
Model_1_goa_re_2021.dat 6 2025 SSBLCI 7.79611
Model_1_goa_re_2021.dat 6 2025 SSBUCI 7.79611
Model_1_goa_re_2021.dat 6 2025 SSBMedian 7.79611
Model_1_goa_re_2021.dat 6 2025 SSBMean 7.79611
Model_1_goa_re_2021.dat 6 2026 SSBF100 14.7763
Model_1_goa_re_2021.dat 6 2026 SSBFabc 5.91051
Model_1_goa_re_2021.dat 6 2026 SSBFofl 5.1717
Model_1_goa_re_2021.dat 6 2026 SSBLCI 7.58375
Model_1_goa_re_2021.dat 6 2026 SSBUCI 7.58396
Model_1_goa_re_2021.dat 6 2026 SSBMedian 7.58382
Model_1_goa_re_2021.dat 6 2026 SSBMean 7.58384
Model_1_goa_re_2021.dat 6 2027 SSBF100 14.7763
Model_1_goa_re_2021.dat 6 2027 SSBFabc 5.91051
Model_1_goa_re_2021.dat 6 2027 SSBFofl 5.1717
Model_1_goa_re_2021.dat 6 2027 SSBLCI 7.37625
Model_1_goa_re_2021.dat 6 2027 SSBUCI 7.37676
Model_1_goa_re_2021.dat 6 2027 SSBMedian 7.37645
Model_1_goa_re_2021.dat 6 2027 SSBMean 7.37647
Model_1_goa_re_2021.dat 6 2028 SSBF100 14.7763
Model_1_goa_re_2021.dat 6 2028 SSBFabc 5.91051
Model_1_goa_re_2021.dat 6 2028 SSBFofl 5.1717
Model_1_goa_re_2021.dat 6 2028 SSBLCI 7.17333
Model_1_goa_re_2021.dat 6 2028 SSBUCI 7.17455
Model_1_goa_re_2021.dat 6 2028 SSBMedian 7.17381
Model_1_goa_re_2021.dat 6 2028 SSBMean 7.17386
Model_1_goa_re_2021.dat 6 2029 SSBF100 14.7763
Model_1_goa_re_2021.dat 6 2029 SSBFabc 5.91051
Model_1_goa_re_2021.dat 6 2029 SSBFofl 5.1717
Model_1_goa_re_2021.dat 6 2029 SSBLCI 6.97638
Model_1_goa_re_2021.dat 6 2029 SSBUCI 6.97984
Model_1_goa_re_2021.dat 6 2029 SSBMedian 6.97771
Model_1_goa_re_2021.dat 6 2029 SSBMean 6.97785
Model_1_goa_re_2021.dat 6 2030 SSBF100 14.7763
Model_1_goa_re_2021.dat 6 2030 SSBFabc 5.91051
Model_1_goa_re_2021.dat 6 2030 SSBFofl 5.1717
Model_1_goa_re_2021.dat 6 2030 SSBLCI 6.78706
Model_1_goa_re_2021.dat 6 2030 SSBUCI 6.79587
Model_1_goa_re_2021.dat 6 2030 SSBMedian 6.79044
Model_1_goa_re_2021.dat 6 2030 SSBMean 6.79082
Model_1_goa_re_2021.dat 6 2031 SSBF100 14.7763
Model_1_goa_re_2021.dat 6 2031 SSBFabc 5.91051
Model_1_goa_re_2021.dat 6 2031 SSBFofl 5.1717
Model_1_goa_re_2021.dat 6 2031 SSBLCI 6.60933
Model_1_goa_re_2021.dat 6 2031 SSBUCI 6.62821
Model_1_goa_re_2021.dat 6 2031 SSBMedian 6.61665
Model_1_goa_re_2021.dat 6 2031 SSBMean 6.61759
Model_1_goa_re_2021.dat 6 2032 SSBF100 14.7763
Model_1_goa_re_2021.dat 6 2032 SSBFabc 5.91051
Model_1_goa_re_2021.dat 6 2032 SSBFofl 5.1717
Model_1_goa_re_2021.dat 6 2032 SSBLCI 6.43704
Model_1_goa_re_2021.dat 6 2032 SSBUCI 6.47473
Model_1_goa_re_2021.dat 6 2032 SSBMedian 6.45167
Model_1_goa_re_2021.dat 6 2032 SSBMean 6.4534
Model_1_goa_re_2021.dat 6 2033 SSBF100 14.7763
Model_1_goa_re_2021.dat 6 2033 SSBFabc 5.91051
Model_1_goa_re_2021.dat 6 2033 SSBFofl 5.1717
Model_1_goa_re_2021.dat 6 2033 SSBLCI 6.27932
Model_1_goa_re_2021.dat 6 2033 SSBUCI 6.34739
Model_1_goa_re_2021.dat 6 2033 SSBMedian 6.30543
Model_1_goa_re_2021.dat 6 2033 SSBMean 6.3087
Model_1_goa_re_2021.dat 6 2034 SSBF100 14.7763
Model_1_goa_re_2021.dat 6 2034 SSBFabc 5.91051
Model_1_goa_re_2021.dat 6 2034 SSBFofl 5.1717
Model_1_goa_re_2021.dat 6 2034 SSBLCI 6.13354
Model_1_goa_re_2021.dat 6 2034 SSBUCI 6.2477
Model_1_goa_re_2021.dat 6 2034 SSBMedian 6.17927
Model_1_goa_re_2021.dat 6 2034 SSBMean 6.18361
Model_1_goa_re_2021.dat 6 2021 F0 0 
Model_1_goa_re_2021.dat 6 2021 Fabc 0.0381281
Model_1_goa_re_2021.dat 6 2021 Fofl 0.0459618
Model_1_goa_re_2021.dat 6 2021  F_LCI 0.0202855
Model_1_goa_re_2021.dat 6 2021  F_UCI 0.0202855
Model_1_goa_re_2021.dat 6 2021  F_Median 0.0202855
Model_1_goa_re_2021.dat 6 2021  F_Mean 0.0202855
Model_1_goa_re_2021.dat 6 2022 F0 0 
Model_1_goa_re_2021.dat 6 2022 Fabc 0.0381281
Model_1_goa_re_2021.dat 6 2022 Fofl 0.0459618
Model_1_goa_re_2021.dat 6 2022  F_LCI 0.0459617
Model_1_goa_re_2021.dat 6 2022  F_UCI 0.0459617
Model_1_goa_re_2021.dat 6 2022  F_Median 0.0459617
Model_1_goa_re_2021.dat 6 2022  F_Mean 0.0459617
Model_1_goa_re_2021.dat 6 2023 F0 0 
Model_1_goa_re_2021.dat 6 2023 Fabc 0.0381281
Model_1_goa_re_2021.dat 6 2023 Fofl 0.0459618
Model_1_goa_re_2021.dat 6 2023  F_LCI 0.0459617
Model_1_goa_re_2021.dat 6 2023  F_UCI 0.0459617
Model_1_goa_re_2021.dat 6 2023  F_Median 0.0459617
Model_1_goa_re_2021.dat 6 2023  F_Mean 0.0459617
Model_1_goa_re_2021.dat 6 2024 F0 0 
Model_1_goa_re_2021.dat 6 2024 Fabc 0.0381281
Model_1_goa_re_2021.dat 6 2024 Fofl 0.0459618
Model_1_goa_re_2021.dat 6 2024  F_LCI 0.0459618
Model_1_goa_re_2021.dat 6 2024  F_UCI 0.0459618
Model_1_goa_re_2021.dat 6 2024  F_Median 0.0459618
Model_1_goa_re_2021.dat 6 2024  F_Mean 0.0459618
Model_1_goa_re_2021.dat 6 2025 F0 0 
Model_1_goa_re_2021.dat 6 2025 Fabc 0.0381281
Model_1_goa_re_2021.dat 6 2025 Fofl 0.0459618
Model_1_goa_re_2021.dat 6 2025  F_LCI 0.0459618
Model_1_goa_re_2021.dat 6 2025  F_UCI 0.0459618
Model_1_goa_re_2021.dat 6 2025  F_Median 0.0459618
Model_1_goa_re_2021.dat 6 2025  F_Mean 0.0459618
Model_1_goa_re_2021.dat 6 2026 F0 0 
Model_1_goa_re_2021.dat 6 2026 Fabc 0.0381281
Model_1_goa_re_2021.dat 6 2026 Fofl 0.0459618
Model_1_goa_re_2021.dat 6 2026  F_LCI 0.0459618
Model_1_goa_re_2021.dat 6 2026  F_UCI 0.0459618
Model_1_goa_re_2021.dat 6 2026  F_Median 0.0459618
Model_1_goa_re_2021.dat 6 2026  F_Mean 0.0459618
Model_1_goa_re_2021.dat 6 2027 F0 0 
Model_1_goa_re_2021.dat 6 2027 Fabc 0.0381281
Model_1_goa_re_2021.dat 6 2027 Fofl 0.0459618
Model_1_goa_re_2021.dat 6 2027  F_LCI 0.0459618
Model_1_goa_re_2021.dat 6 2027  F_UCI 0.0459618
Model_1_goa_re_2021.dat 6 2027  F_Median 0.0459618
Model_1_goa_re_2021.dat 6 2027  F_Mean 0.0459618
Model_1_goa_re_2021.dat 6 2028 F0 0 
Model_1_goa_re_2021.dat 6 2028 Fabc 0.0381281
Model_1_goa_re_2021.dat 6 2028 Fofl 0.0459618
Model_1_goa_re_2021.dat 6 2028  F_LCI 0.0459618
Model_1_goa_re_2021.dat 6 2028  F_UCI 0.0459618
Model_1_goa_re_2021.dat 6 2028  F_Median 0.0459618
Model_1_goa_re_2021.dat 6 2028  F_Mean 0.0459618
Model_1_goa_re_2021.dat 6 2029 F0 0 
Model_1_goa_re_2021.dat 6 2029 Fabc 0.0381281
Model_1_goa_re_2021.dat 6 2029 Fofl 0.0459618
Model_1_goa_re_2021.dat 6 2029  F_LCI 0.0459618
Model_1_goa_re_2021.dat 6 2029  F_UCI 0.0459618
Model_1_goa_re_2021.dat 6 2029  F_Median 0.0459618
Model_1_goa_re_2021.dat 6 2029  F_Mean 0.0459618
Model_1_goa_re_2021.dat 6 2030 F0 0 
Model_1_goa_re_2021.dat 6 2030 Fabc 0.0381281
Model_1_goa_re_2021.dat 6 2030 Fofl 0.0459618
Model_1_goa_re_2021.dat 6 2030  F_LCI 0.0459618
Model_1_goa_re_2021.dat 6 2030  F_UCI 0.0459618
Model_1_goa_re_2021.dat 6 2030  F_Median 0.0459618
Model_1_goa_re_2021.dat 6 2030  F_Mean 0.0459618
Model_1_goa_re_2021.dat 6 2031 F0 0 
Model_1_goa_re_2021.dat 6 2031 Fabc 0.0381281
Model_1_goa_re_2021.dat 6 2031 Fofl 0.0459618
Model_1_goa_re_2021.dat 6 2031  F_LCI 0.0459618
Model_1_goa_re_2021.dat 6 2031  F_UCI 0.0459618
Model_1_goa_re_2021.dat 6 2031  F_Median 0.0459618
Model_1_goa_re_2021.dat 6 2031  F_Mean 0.0459618
Model_1_goa_re_2021.dat 6 2032 F0 0 
Model_1_goa_re_2021.dat 6 2032 Fabc 0.0381281
Model_1_goa_re_2021.dat 6 2032 Fofl 0.0459618
Model_1_goa_re_2021.dat 6 2032  F_LCI 0.0459618
Model_1_goa_re_2021.dat 6 2032  F_UCI 0.0459618
Model_1_goa_re_2021.dat 6 2032  F_Median 0.0459618
Model_1_goa_re_2021.dat 6 2032  F_Mean 0.0459618
Model_1_goa_re_2021.dat 6 2033 F0 0 
Model_1_goa_re_2021.dat 6 2033 Fabc 0.0381281
Model_1_goa_re_2021.dat 6 2033 Fofl 0.0459618
Model_1_goa_re_2021.dat 6 2033  F_LCI 0.0459618
Model_1_goa_re_2021.dat 6 2033  F_UCI 0.0459618
Model_1_goa_re_2021.dat 6 2033  F_Median 0.0459618
Model_1_goa_re_2021.dat 6 2033  F_Mean 0.0459618
Model_1_goa_re_2021.dat 6 2034 F0 0 
Model_1_goa_re_2021.dat 6 2034 Fabc 0.0381281
Model_1_goa_re_2021.dat 6 2034 Fofl 0.0459618
Model_1_goa_re_2021.dat 6 2034  F_LCI 0.0459618
Model_1_goa_re_2021.dat 6 2034  F_UCI 0.0459618
Model_1_goa_re_2021.dat 6 2034  F_Median 0.0459618
Model_1_goa_re_2021.dat 6 2034  F_Mean 0.0459618
Model_1_goa_re_2021.dat 7 2021 Cabc 0.574153
Model_1_goa_re_2021.dat 7 2021 Cofl 0.615453
Model_1_goa_re_2021.dat 7 2021 CLCI 0.424885
Model_1_goa_re_2021.dat 7 2021 CUCI 0.424885
Model_1_goa_re_2021.dat 7 2021 CMedian 0.424885
Model_1_goa_re_2021.dat 7 2021 CMean 0.424885
Model_1_goa_re_2021.dat 7 2022 Cabc 0.574153
Model_1_goa_re_2021.dat 7 2022 Cofl 0.615453
Model_1_goa_re_2021.dat 7 2022 CLCI 0.786813
Model_1_goa_re_2021.dat 7 2022 CUCI 0.786815
Model_1_goa_re_2021.dat 7 2022 CMedian 0.786814
Model_1_goa_re_2021.dat 7 2022 CMean 0.786814
Model_1_goa_re_2021.dat 7 2023 Cabc 0.574153
Model_1_goa_re_2021.dat 7 2023 Cofl 0.615453
Model_1_goa_re_2021.dat 7 2023 CLCI 0.763582
Model_1_goa_re_2021.dat 7 2023 CUCI 0.763589
Model_1_goa_re_2021.dat 7 2023 CMedian 0.763585
Model_1_goa_re_2021.dat 7 2023 CMean 0.763585
Model_1_goa_re_2021.dat 7 2024 Cabc 0.574153
Model_1_goa_re_2021.dat 7 2024 Cofl 0.615453
Model_1_goa_re_2021.dat 7 2024 CLCI 0.897592
Model_1_goa_re_2021.dat 7 2024 CUCI 0.897625
Model_1_goa_re_2021.dat 7 2024 CMedian 0.897604
Model_1_goa_re_2021.dat 7 2024 CMean 0.897606
Model_1_goa_re_2021.dat 7 2025 Cabc 0.574153
Model_1_goa_re_2021.dat 7 2025 Cofl 0.615453
Model_1_goa_re_2021.dat 7 2025 CLCI 0.881559
Model_1_goa_re_2021.dat 7 2025 CUCI 0.88168
Model_1_goa_re_2021.dat 7 2025 CMedian 0.881606
Model_1_goa_re_2021.dat 7 2025 CMean 0.881611
Model_1_goa_re_2021.dat 7 2026 Cabc 0.574153
Model_1_goa_re_2021.dat 7 2026 Cofl 0.615453
Model_1_goa_re_2021.dat 7 2026 CLCI 0.875753
Model_1_goa_re_2021.dat 7 2026 CUCI 0.876144
Model_1_goa_re_2021.dat 7 2026 CMedian 0.875905
Model_1_goa_re_2021.dat 7 2026 CMean 0.875919
Model_1_goa_re_2021.dat 7 2027 Cabc 0.574153
Model_1_goa_re_2021.dat 7 2027 Cofl 0.615453
Model_1_goa_re_2021.dat 7 2027 CLCI 0.844375
Model_1_goa_re_2021.dat 7 2027 CUCI 0.845416
Model_1_goa_re_2021.dat 7 2027 CMedian 0.844775
Model_1_goa_re_2021.dat 7 2027 CMean 0.844819
Model_1_goa_re_2021.dat 7 2028 Cabc 0.574153
Model_1_goa_re_2021.dat 7 2028 Cofl 0.615453
Model_1_goa_re_2021.dat 7 2028 CLCI 0.814448
Model_1_goa_re_2021.dat 7 2028 CUCI 0.816635
Model_1_goa_re_2021.dat 7 2028 CMedian 0.815307
Model_1_goa_re_2021.dat 7 2028 CMean 0.815414
Model_1_goa_re_2021.dat 7 2029 Cabc 0.574153
Model_1_goa_re_2021.dat 7 2029 Cofl 0.615453
Model_1_goa_re_2021.dat 7 2029 CLCI 0.789619
Model_1_goa_re_2021.dat 7 2029 CUCI 0.793256
Model_1_goa_re_2021.dat 7 2029 CMedian 0.791037
Model_1_goa_re_2021.dat 7 2029 CMean 0.79119
Model_1_goa_re_2021.dat 7 2030 Cabc 0.574153
Model_1_goa_re_2021.dat 7 2030 Cofl 0.615453
Model_1_goa_re_2021.dat 7 2030 CLCI 0.768026
Model_1_goa_re_2021.dat 7 2030 CUCI 0.772731
Model_1_goa_re_2021.dat 7 2030 CMedian 0.770058
Model_1_goa_re_2021.dat 7 2030 CMean 0.77019
Model_1_goa_re_2021.dat 7 2031 Cabc 0.574153
Model_1_goa_re_2021.dat 7 2031 Cofl 0.615453
Model_1_goa_re_2021.dat 7 2031 CLCI 0.748297
Model_1_goa_re_2021.dat 7 2031 CUCI 0.753926
Model_1_goa_re_2021.dat 7 2031 CMedian 0.750797
Model_1_goa_re_2021.dat 7 2031 CMean 0.750934
Model_1_goa_re_2021.dat 7 2032 Cabc 0.574153
Model_1_goa_re_2021.dat 7 2032 Cofl 0.615453
Model_1_goa_re_2021.dat 7 2032 CLCI 0.731623
Model_1_goa_re_2021.dat 7 2032 CUCI 0.738117
Model_1_goa_re_2021.dat 7 2032 CMedian 0.734552
Model_1_goa_re_2021.dat 7 2032 CMean 0.734681
Model_1_goa_re_2021.dat 7 2033 Cabc 0.574153
Model_1_goa_re_2021.dat 7 2033 Cofl 0.615453
Model_1_goa_re_2021.dat 7 2033 CLCI 0.717282
Model_1_goa_re_2021.dat 7 2033 CUCI 0.725974
Model_1_goa_re_2021.dat 7 2033 CMedian 0.721099
Model_1_goa_re_2021.dat 7 2033 CMean 0.721184
Model_1_goa_re_2021.dat 7 2034 Cabc 0.574153
Model_1_goa_re_2021.dat 7 2034 Cofl 0.615453
Model_1_goa_re_2021.dat 7 2034 CLCI 0.703473
Model_1_goa_re_2021.dat 7 2034 CUCI 0.718826
Model_1_goa_re_2021.dat 7 2034 CMedian 0.70953
Model_1_goa_re_2021.dat 7 2034 CMean 0.710147
Model_1_goa_re_2021.dat 7 2021 SSBF100 14.7763
Model_1_goa_re_2021.dat 7 2021 SSBFabc 5.91051
Model_1_goa_re_2021.dat 7 2021 SSBFofl 5.1717
Model_1_goa_re_2021.dat 7 2021 SSBLCI 8.67785
Model_1_goa_re_2021.dat 7 2021 SSBUCI 8.67785
Model_1_goa_re_2021.dat 7 2021 SSBMedian 8.67785
Model_1_goa_re_2021.dat 7 2021 SSBMean 8.67785
Model_1_goa_re_2021.dat 7 2022 SSBF100 14.7763
Model_1_goa_re_2021.dat 7 2022 SSBFabc 5.91051
Model_1_goa_re_2021.dat 7 2022 SSBFofl 5.1717
Model_1_goa_re_2021.dat 7 2022 SSBLCI 8.55756
Model_1_goa_re_2021.dat 7 2022 SSBUCI 8.55756
Model_1_goa_re_2021.dat 7 2022 SSBMedian 8.55756
Model_1_goa_re_2021.dat 7 2022 SSBMean 8.55756
Model_1_goa_re_2021.dat 7 2023 SSBF100 14.7763
Model_1_goa_re_2021.dat 7 2023 SSBFabc 5.91051
Model_1_goa_re_2021.dat 7 2023 SSBFofl 5.1717
Model_1_goa_re_2021.dat 7 2023 SSBLCI 8.36214
Model_1_goa_re_2021.dat 7 2023 SSBUCI 8.36214
Model_1_goa_re_2021.dat 7 2023 SSBMedian 8.36214
Model_1_goa_re_2021.dat 7 2023 SSBMean 8.36214
Model_1_goa_re_2021.dat 7 2024 SSBF100 14.7763
Model_1_goa_re_2021.dat 7 2024 SSBFabc 5.91051
Model_1_goa_re_2021.dat 7 2024 SSBFofl 5.1717
Model_1_goa_re_2021.dat 7 2024 SSBLCI 8.14372
Model_1_goa_re_2021.dat 7 2024 SSBUCI 8.14372
Model_1_goa_re_2021.dat 7 2024 SSBMedian 8.14372
Model_1_goa_re_2021.dat 7 2024 SSBMean 8.14372
Model_1_goa_re_2021.dat 7 2025 SSBF100 14.7763
Model_1_goa_re_2021.dat 7 2025 SSBFabc 5.91051
Model_1_goa_re_2021.dat 7 2025 SSBFofl 5.1717
Model_1_goa_re_2021.dat 7 2025 SSBLCI 7.91238
Model_1_goa_re_2021.dat 7 2025 SSBUCI 7.91238
Model_1_goa_re_2021.dat 7 2025 SSBMedian 7.91238
Model_1_goa_re_2021.dat 7 2025 SSBMean 7.91238
Model_1_goa_re_2021.dat 7 2026 SSBF100 14.7763
Model_1_goa_re_2021.dat 7 2026 SSBFabc 5.91051
Model_1_goa_re_2021.dat 7 2026 SSBFofl 5.1717
Model_1_goa_re_2021.dat 7 2026 SSBLCI 7.69416
Model_1_goa_re_2021.dat 7 2026 SSBUCI 7.69437
Model_1_goa_re_2021.dat 7 2026 SSBMedian 7.69423
Model_1_goa_re_2021.dat 7 2026 SSBMean 7.69425
Model_1_goa_re_2021.dat 7 2027 SSBF100 14.7763
Model_1_goa_re_2021.dat 7 2027 SSBFabc 5.91051
Model_1_goa_re_2021.dat 7 2027 SSBFofl 5.1717
Model_1_goa_re_2021.dat 7 2027 SSBLCI 7.48069
Model_1_goa_re_2021.dat 7 2027 SSBUCI 7.4812
Model_1_goa_re_2021.dat 7 2027 SSBMedian 7.48089
Model_1_goa_re_2021.dat 7 2027 SSBMean 7.48091
Model_1_goa_re_2021.dat 7 2028 SSBF100 14.7763
Model_1_goa_re_2021.dat 7 2028 SSBFabc 5.91051
Model_1_goa_re_2021.dat 7 2028 SSBFofl 5.1717
Model_1_goa_re_2021.dat 7 2028 SSBLCI 7.27176
Model_1_goa_re_2021.dat 7 2028 SSBUCI 7.27298
Model_1_goa_re_2021.dat 7 2028 SSBMedian 7.27224
Model_1_goa_re_2021.dat 7 2028 SSBMean 7.27229
Model_1_goa_re_2021.dat 7 2029 SSBF100 14.7763
Model_1_goa_re_2021.dat 7 2029 SSBFabc 5.91051
Model_1_goa_re_2021.dat 7 2029 SSBFofl 5.1717
Model_1_goa_re_2021.dat 7 2029 SSBLCI 7.06889
Model_1_goa_re_2021.dat 7 2029 SSBUCI 7.07234
Model_1_goa_re_2021.dat 7 2029 SSBMedian 7.07021
Model_1_goa_re_2021.dat 7 2029 SSBMean 7.07035
Model_1_goa_re_2021.dat 7 2030 SSBF100 14.7763
Model_1_goa_re_2021.dat 7 2030 SSBFabc 5.91051
Model_1_goa_re_2021.dat 7 2030 SSBFofl 5.1717
Model_1_goa_re_2021.dat 7 2030 SSBLCI 6.87378
Model_1_goa_re_2021.dat 7 2030 SSBUCI 6.88259
Model_1_goa_re_2021.dat 7 2030 SSBMedian 6.87716
Model_1_goa_re_2021.dat 7 2030 SSBMean 6.87754
Model_1_goa_re_2021.dat 7 2031 SSBF100 14.7763
Model_1_goa_re_2021.dat 7 2031 SSBFabc 5.91051
Model_1_goa_re_2021.dat 7 2031 SSBFofl 5.1717
Model_1_goa_re_2021.dat 7 2031 SSBLCI 6.69049
Model_1_goa_re_2021.dat 7 2031 SSBUCI 6.70937
Model_1_goa_re_2021.dat 7 2031 SSBMedian 6.69782
Model_1_goa_re_2021.dat 7 2031 SSBMean 6.69875
Model_1_goa_re_2021.dat 7 2032 SSBF100 14.7763
Model_1_goa_re_2021.dat 7 2032 SSBFabc 5.91051
Model_1_goa_re_2021.dat 7 2032 SSBFofl 5.1717
Model_1_goa_re_2021.dat 7 2032 SSBLCI 6.51274
Model_1_goa_re_2021.dat 7 2032 SSBUCI 6.55042
Model_1_goa_re_2021.dat 7 2032 SSBMedian 6.52736
Model_1_goa_re_2021.dat 7 2032 SSBMean 6.5291
Model_1_goa_re_2021.dat 7 2033 SSBF100 14.7763
Model_1_goa_re_2021.dat 7 2033 SSBFabc 5.91051
Model_1_goa_re_2021.dat 7 2033 SSBFofl 5.1717
Model_1_goa_re_2021.dat 7 2033 SSBLCI 6.34977
Model_1_goa_re_2021.dat 7 2033 SSBUCI 6.41784
Model_1_goa_re_2021.dat 7 2033 SSBMedian 6.37588
Model_1_goa_re_2021.dat 7 2033 SSBMean 6.37915
Model_1_goa_re_2021.dat 7 2034 SSBF100 14.7763
Model_1_goa_re_2021.dat 7 2034 SSBFabc 5.91051
Model_1_goa_re_2021.dat 7 2034 SSBFofl 5.1717
Model_1_goa_re_2021.dat 7 2034 SSBLCI 6.19903
Model_1_goa_re_2021.dat 7 2034 SSBUCI 6.31319
Model_1_goa_re_2021.dat 7 2034 SSBMedian 6.24476
Model_1_goa_re_2021.dat 7 2034 SSBMean 6.2491
Model_1_goa_re_2021.dat 7 2021 F0 0 
Model_1_goa_re_2021.dat 7 2021 Fabc 0.0381281
Model_1_goa_re_2021.dat 7 2021 Fofl 0.0459618
Model_1_goa_re_2021.dat 7 2021  F_LCI 0.0202855
Model_1_goa_re_2021.dat 7 2021  F_UCI 0.0202855
Model_1_goa_re_2021.dat 7 2021  F_Median 0.0202855
Model_1_goa_re_2021.dat 7 2021  F_Mean 0.0202855
Model_1_goa_re_2021.dat 7 2022 F0 0 
Model_1_goa_re_2021.dat 7 2022 Fabc 0.0381281
Model_1_goa_re_2021.dat 7 2022 Fofl 0.0459618
Model_1_goa_re_2021.dat 7 2022  F_LCI 0.0381281
Model_1_goa_re_2021.dat 7 2022  F_UCI 0.0381281
Model_1_goa_re_2021.dat 7 2022  F_Median 0.0381281
Model_1_goa_re_2021.dat 7 2022  F_Mean 0.0381281
Model_1_goa_re_2021.dat 7 2023 F0 0 
Model_1_goa_re_2021.dat 7 2023 Fabc 0.0381281
Model_1_goa_re_2021.dat 7 2023 Fofl 0.0459618
Model_1_goa_re_2021.dat 7 2023  F_LCI 0.0381281
Model_1_goa_re_2021.dat 7 2023  F_UCI 0.0381281
Model_1_goa_re_2021.dat 7 2023  F_Median 0.0381281
Model_1_goa_re_2021.dat 7 2023  F_Mean 0.0381281
Model_1_goa_re_2021.dat 7 2024 F0 0 
Model_1_goa_re_2021.dat 7 2024 Fabc 0.0381281
Model_1_goa_re_2021.dat 7 2024 Fofl 0.0459618
Model_1_goa_re_2021.dat 7 2024  F_LCI 0.0459618
Model_1_goa_re_2021.dat 7 2024  F_UCI 0.0459618
Model_1_goa_re_2021.dat 7 2024  F_Median 0.0459618
Model_1_goa_re_2021.dat 7 2024  F_Mean 0.0459618
Model_1_goa_re_2021.dat 7 2025 F0 0 
Model_1_goa_re_2021.dat 7 2025 Fabc 0.0381281
Model_1_goa_re_2021.dat 7 2025 Fofl 0.0459618
Model_1_goa_re_2021.dat 7 2025  F_LCI 0.0459618
Model_1_goa_re_2021.dat 7 2025  F_UCI 0.0459618
Model_1_goa_re_2021.dat 7 2025  F_Median 0.0459618
Model_1_goa_re_2021.dat 7 2025  F_Mean 0.0459618
Model_1_goa_re_2021.dat 7 2026 F0 0 
Model_1_goa_re_2021.dat 7 2026 Fabc 0.0381281
Model_1_goa_re_2021.dat 7 2026 Fofl 0.0459618
Model_1_goa_re_2021.dat 7 2026  F_LCI 0.0459618
Model_1_goa_re_2021.dat 7 2026  F_UCI 0.0459618
Model_1_goa_re_2021.dat 7 2026  F_Median 0.0459618
Model_1_goa_re_2021.dat 7 2026  F_Mean 0.0459618
Model_1_goa_re_2021.dat 7 2027 F0 0 
Model_1_goa_re_2021.dat 7 2027 Fabc 0.0381281
Model_1_goa_re_2021.dat 7 2027 Fofl 0.0459618
Model_1_goa_re_2021.dat 7 2027  F_LCI 0.0459618
Model_1_goa_re_2021.dat 7 2027  F_UCI 0.0459618
Model_1_goa_re_2021.dat 7 2027  F_Median 0.0459618
Model_1_goa_re_2021.dat 7 2027  F_Mean 0.0459618
Model_1_goa_re_2021.dat 7 2028 F0 0 
Model_1_goa_re_2021.dat 7 2028 Fabc 0.0381281
Model_1_goa_re_2021.dat 7 2028 Fofl 0.0459618
Model_1_goa_re_2021.dat 7 2028  F_LCI 0.0459618
Model_1_goa_re_2021.dat 7 2028  F_UCI 0.0459618
Model_1_goa_re_2021.dat 7 2028  F_Median 0.0459618
Model_1_goa_re_2021.dat 7 2028  F_Mean 0.0459618
Model_1_goa_re_2021.dat 7 2029 F0 0 
Model_1_goa_re_2021.dat 7 2029 Fabc 0.0381281
Model_1_goa_re_2021.dat 7 2029 Fofl 0.0459618
Model_1_goa_re_2021.dat 7 2029  F_LCI 0.0459618
Model_1_goa_re_2021.dat 7 2029  F_UCI 0.0459618
Model_1_goa_re_2021.dat 7 2029  F_Median 0.0459618
Model_1_goa_re_2021.dat 7 2029  F_Mean 0.0459618
Model_1_goa_re_2021.dat 7 2030 F0 0 
Model_1_goa_re_2021.dat 7 2030 Fabc 0.0381281
Model_1_goa_re_2021.dat 7 2030 Fofl 0.0459618
Model_1_goa_re_2021.dat 7 2030  F_LCI 0.0459618
Model_1_goa_re_2021.dat 7 2030  F_UCI 0.0459618
Model_1_goa_re_2021.dat 7 2030  F_Median 0.0459618
Model_1_goa_re_2021.dat 7 2030  F_Mean 0.0459618
Model_1_goa_re_2021.dat 7 2031 F0 0 
Model_1_goa_re_2021.dat 7 2031 Fabc 0.0381281
Model_1_goa_re_2021.dat 7 2031 Fofl 0.0459618
Model_1_goa_re_2021.dat 7 2031  F_LCI 0.0459618
Model_1_goa_re_2021.dat 7 2031  F_UCI 0.0459618
Model_1_goa_re_2021.dat 7 2031  F_Median 0.0459618
Model_1_goa_re_2021.dat 7 2031  F_Mean 0.0459618
Model_1_goa_re_2021.dat 7 2032 F0 0 
Model_1_goa_re_2021.dat 7 2032 Fabc 0.0381281
Model_1_goa_re_2021.dat 7 2032 Fofl 0.0459618
Model_1_goa_re_2021.dat 7 2032  F_LCI 0.0459618
Model_1_goa_re_2021.dat 7 2032  F_UCI 0.0459618
Model_1_goa_re_2021.dat 7 2032  F_Median 0.0459618
Model_1_goa_re_2021.dat 7 2032  F_Mean 0.0459618
Model_1_goa_re_2021.dat 7 2033 F0 0 
Model_1_goa_re_2021.dat 7 2033 Fabc 0.0381281
Model_1_goa_re_2021.dat 7 2033 Fofl 0.0459618
Model_1_goa_re_2021.dat 7 2033  F_LCI 0.0459618
Model_1_goa_re_2021.dat 7 2033  F_UCI 0.0459618
Model_1_goa_re_2021.dat 7 2033  F_Median 0.0459618
Model_1_goa_re_2021.dat 7 2033  F_Mean 0.0459618
Model_1_goa_re_2021.dat 7 2034 F0 0 
Model_1_goa_re_2021.dat 7 2034 Fabc 0.0381281
Model_1_goa_re_2021.dat 7 2034 Fofl 0.0459618
Model_1_goa_re_2021.dat 7 2034  F_LCI 0.0459618
Model_1_goa_re_2021.dat 7 2034  F_UCI 0.0459618
Model_1_goa_re_2021.dat 7 2034  F_Median 0.0459618
Model_1_goa_re_2021.dat 7 2034  F_Mean 0.0459618
