Alternative 1 Catch
     Model_1_goa_re_2021.dat 
Equil_Fabc 0.574153 
Year 
2021 0.407204 
2022 0.487001 
2023 0.77504 
2024 0.758272 
2025 0.749783 
2026 0.749591 
2027 0.727866 
2028 0.707111 
2029 0.690275 
2030 0.675774 
2031 0.662407 
2032 0.651257 
2033 0.642156 
2034 0.634885 

Alternative 1 ABCs
     Model_1_goa_re_2021.dat 

Year 
2021  NA 
2022  NA 
2023 0.77504 
2024 0.758272 
2025 0.749783 
2026 0.749591 
2027 0.727866 
2028 0.707111 
2029 0.690275 
2030 0.675774 
2031 0.662407 
2032 0.651257 
2033 0.642156 
2034 0.634885 

Alternative 1 TACs
     Model_1_goa_re_2021.dat 

Year 
2021  NA 
2022  NA 
2023 0.77504 
2024 0.758272 
2025 0.749783 
2026 0.749591 
2027 0.727866 
2028 0.707111 
2029 0.690275 
2030 0.675774 
2031 0.662407 
2032 0.651257 
2033 0.642156 
2034 0.634885 

Alternative 1 Sp_Biomass
     Model_1_goa_re_2021.dat 
Equil_Fabc 5.91051 
Year 
2021 8.68089 
2022 8.61655 
2023 8.48982 
2024 8.29253 
2025 8.11571 
2026 7.94832 
2027 7.78208 
2028 7.61657 
2029 7.4538 
2030 7.29638 
2031 7.14956 
2032 7.00803 
2033 6.88344 
2034 6.77629 

Alternative 1 Fishing Mortality
     Model_1_goa_re_2021.dat 
Equil_Fabc 0.0381281 
Year 
2021 0.0194333 
2022 0.023413 
2023 0.0381281 
2024 0.0381281 
2025 0.0381281 
2026 0.0381281 
2027 0.0381281 
2028 0.0381281 
2029 0.0381281 
2030 0.0381281 
2031 0.0381281 
2032 0.0381281 
2033 0.0381281 
2034 0.0381281 

Alternative 1 Biomass
     Model_1_goa_re_2021.dat 

Year 
2021 26.1606 
2022 26.0373 
2023 25.8439 
2024 25.374 
2025 24.9418 
2026 24.5378 
2027 24.1529 
2028 23.8121 
2029 23.5102 
2030 23.2427 
2031 23.0056 
2032 22.7984 
2033 22.616 
2034 22.4537 

Alternative 1 Implied SPR rate 
     Model_1_goa_re_2021.dat 
Equil_Fabc 0.4 
Year 
2021 0.583304 
2022 0.533722 
2023 0.4 
2024 0.4 
2025 0.4 
2026 0.4 
2027 0.4 
2028 0.4 
2029 0.4 
2030 0.4 
2031 0.4 
2032 0.4 
2033 0.4 
2034 0.4 

  Model_1_goa_re_2021.dat 
EquilAvgAgeF0  24.2723 
EquilAvgAgeFabc  15.4863 
AvgAgeYr2034 17.3737 
Alternative 2 Catch
     Model_1_goa_re_2021.dat 
Equil_Fabc 0.574153 
Year 
2021 0.407204 
2022 0.487001 
2023 0.365205 
2024 0.364268 
2025 0.36686 
2026 0.373135 
2027 0.368944 
2028 0.364773 
2029 0.362048 
2030 0.360062 
2031 0.358269 
2032 0.357207 
2033 0.356828 
2034 0.357054 

Alternative 2 ABCs
     Model_1_goa_re_2021.dat 

Year 
2021  NA 
2022  NA 
2023 0.365205 
2024 0.364268 
2025 0.36686 
2026 0.373135 
2027 0.368944 
2028 0.364773 
2029 0.362048 
2030 0.360062 
2031 0.358269 
2032 0.357207 
2033 0.356828 
2034 0.357054 

Alternative 2 TACs
     Model_1_goa_re_2021.dat 

Year 
2021  NA 
2022  NA 
2023 0.365205 
2024 0.364268 
2025 0.36686 
2026 0.373135 
2027 0.368944 
2028 0.364773 
2029 0.362048 
2030 0.360062 
2031 0.358269 
2032 0.357207 
2033 0.356828 
2034 0.357054 

Alternative 2 Sp_Biomass
     Model_1_goa_re_2021.dat 
Equil_Fabc 5.91051 
Year 
2021 8.68089 
2022 8.61655 
2023 8.56076 
2024 8.52824 
2025 8.5095 
2026 8.49426 
2027 8.47416 
2028 8.44733 
2029 8.41541 
2030 8.38087 
2031 8.34946 
2032 8.31458 
2033 8.28995 
2034 8.27666 

Alternative 2 Fishing Mortality
     Model_1_goa_re_2021.dat 
Equil_Fabc 0.0381281 
Year 
2021 0.0194333 
2022 0.023413 
2023 0.0177906 
2024 0.0177906 
2025 0.0177906 
2026 0.0177906 
2027 0.0177906 
2028 0.0177906 
2029 0.0177906 
2030 0.0177906 
2031 0.0177906 
2032 0.0177906 
2033 0.0177906 
2034 0.0177906 

Alternative 2 Biomass
     Model_1_goa_re_2021.dat 

Year 
2021 26.1606 
2022 26.0373 
2023 25.8439 
2024 25.7834 
2025 25.737 
2026 25.7001 
2027 25.6683 
2028 25.6553 
2029 25.6568 
2030 25.6709 
2031 25.6956 
2032 25.7317 
2033 25.7759 
2034 25.8251 

Alternative 2 Implied SPR rate 
     Model_1_goa_re_2021.dat 
Equil_Fabc 0.4 
Year 
2021 0.583304 
2022 0.533722 
2023 0.606094 
2024 0.606094 
2025 0.606094 
2026 0.606094 
2027 0.606094 
2028 0.606094 
2029 0.606094 
2030 0.606094 
2031 0.606094 
2032 0.606094 
2033 0.606094 
2034 0.606094 

  Model_1_goa_re_2021.dat 
EquilAvgAgeF0  24.2723 
EquilAvgAgeFabc  15.4863 
AvgAgeYr2034 18.8263 
Alternative 3 Catch
     Model_1_goa_re_2021.dat 
Equil_Fabc 0.574153 
Year 
2021 0.407204 
2022 0.487001 
2023 0.391106 
2024 0.389631 
2025 0.391952 
2026 0.398224 
2027 0.393304 
2028 0.388427 
2029 0.385121 
2030 0.382626 
2031 0.380356 
2032 0.378888 
2033 0.378166 
2034 0.378109 

Alternative 3 ABCs
     Model_1_goa_re_2021.dat 

Year 
2021  NA 
2022  NA 
2023 0.391106 
2024 0.389631 
2025 0.391952 
2026 0.398224 
2027 0.393304 
2028 0.388427 
2029 0.385121 
2030 0.382626 
2031 0.380356 
2032 0.378888 
2033 0.378166 
2034 0.378109 

Alternative 3 TACs
     Model_1_goa_re_2021.dat 

Year 
2021  NA 
2022  NA 
2023 0.391106 
2024 0.389631 
2025 0.391952 
2026 0.398224 
2027 0.393304 
2028 0.388427 
2029 0.385121 
2030 0.382626 
2031 0.380356 
2032 0.378888 
2033 0.378166 
2034 0.378109 

Alternative 3 Sp_Biomass
     Model_1_goa_re_2021.dat 
Equil_Fabc 5.91051 
Year 
2021 8.68089 
2022 8.61655 
2023 8.5563 
2024 8.51329 
2025 8.48428 
2026 8.45896 
2027 8.42901 
2028 8.39266 
2029 8.35156 
2030 8.30824 
2031 8.26842 
2032 8.22559 
2033 8.19337 
2034 8.17282 

Alternative 3 Fishing Mortality
     Model_1_goa_re_2021.dat 
Equil_Fabc 0.0381281 
Year 
2021 0.0194333 
2022 0.023413 
2023 0.019064 
2024 0.019064 
2025 0.019064 
2026 0.019064 
2027 0.019064 
2028 0.019064 
2029 0.019064 
2030 0.019064 
2031 0.019064 
2032 0.019064 
2033 0.019064 
2034 0.019064 

Alternative 3 Biomass
     Model_1_goa_re_2021.dat 

Year 
2021 26.1606 
2022 26.0373 
2023 25.8439 
2024 25.7575 
2025 25.6863 
2026 25.6253 
2027 25.5699 
2028 25.5346 
2029 25.515 
2030 25.5092 
2031 25.515 
2032 25.5331 
2033 25.5603 
2034 25.5932 

Alternative 3 Implied SPR rate 
     Model_1_goa_re_2021.dat 
Equil_Fabc 0.4 
Year 
2021 0.583304 
2022 0.533722 
2023 0.588298 
2024 0.588298 
2025 0.588298 
2026 0.588298 
2027 0.588298 
2028 0.588298 
2029 0.588298 
2030 0.588298 
2031 0.588298 
2032 0.588298 
2033 0.588298 
2034 0.588298 

  Model_1_goa_re_2021.dat 
EquilAvgAgeF0  24.2723 
EquilAvgAgeFabc  15.4863 
AvgAgeYr2034 18.7329 
Alternative 4 Catch
     Model_1_goa_re_2021.dat 
Equil_Fabc 0.574153 
Year 
2021 0.407204 
2022 0.487001 
2023 0.530289 
2024 0.524854 
2025 0.524714 
2026 0.530012 
2027 0.520262 
2028 0.510762 
2029 0.503566 
2030 0.49763 
2031 0.492151 
2032 0.487901 
2033 0.484792 
2034 0.482702 

Alternative 4 ABCs
     Model_1_goa_re_2021.dat 

Year 
2021  NA 
2022  NA 
2023 0.530289 
2024 0.524854 
2025 0.524714 
2026 0.530012 
2027 0.520262 
2028 0.510762 
2029 0.503566 
2030 0.49763 
2031 0.492151 
2032 0.487901 
2033 0.484792 
2034 0.482702 

Alternative 4 TACs
     Model_1_goa_re_2021.dat 

Year 
2021  NA 
2022  NA 
2023 0.530289 
2024 0.524854 
2025 0.524714 
2026 0.530012 
2027 0.520262 
2028 0.510762 
2029 0.503566 
2030 0.49763 
2031 0.492151 
2032 0.487901 
2033 0.484792 
2034 0.482702 

Alternative 4 Sp_Biomass
     Model_1_goa_re_2021.dat 
Equil_Fabc 5.91051 
Year 
2021 8.68089 
2022 8.61655 
2023 8.53228 
2024 8.43305 
2025 8.34951 
2026 8.27115 
2027 8.1897 
2028 8.10393 
2029 8.0157 
2030 7.92761 
2031 7.84526 
2032 7.76266 
2033 7.69275 
2034 7.63642 

Alternative 4 Fishing Mortality
     Model_1_goa_re_2021.dat 
Equil_Fabc 0.0381281 
Year 
2021 0.0194333 
2022 0.023413 
2023 0.0259344 
2024 0.0259344 
2025 0.0259344 
2026 0.0259344 
2027 0.0259344 
2028 0.0259344 
2029 0.0259344 
2030 0.0259344 
2031 0.0259344 
2032 0.0259344 
2033 0.0259344 
2034 0.0259344 

Alternative 4 Biomass
     Model_1_goa_re_2021.dat 

Year 
2021 26.1606 
2022 26.0373 
2023 25.8439 
2024 25.6185 
2025 25.4148 
2026 25.2265 
2027 25.0473 
2028 24.8959 
2029 24.7675 
2030 24.6595 
2031 24.5693 
2032 24.4972 
2033 24.4394 
2034 24.3921 

Alternative 4 Implied SPR rate 
     Model_1_goa_re_2021.dat 
Equil_Fabc 0.4 
Year 
2021 0.583304 
2022 0.533722 
2023 0.505871 
2024 0.505871 
2025 0.505871 
2026 0.505871 
2027 0.505871 
2028 0.505871 
2029 0.505871 
2030 0.505871 
2031 0.505871 
2032 0.505871 
2033 0.505871 
2034 0.505871 

  Model_1_goa_re_2021.dat 
EquilAvgAgeF0  24.2723 
EquilAvgAgeFabc  15.4863 
AvgAgeYr2034 18.2342 
Alternative 5 Catch
     Model_1_goa_re_2021.dat 
Equil_Fabc 0.574153 
Year 
2021 0.407204 
2022 0.487001 
2023  NA 
2024  NA 
2025  NA 
2026  NA 
2027  NA 
2028  NA 
2029  NA 
2030  NA 
2031  NA 
2032  NA 
2033  NA 
2034  NA 

Alternative 5 ABCs
     Model_1_goa_re_2021.dat 

Year 
2021  NA 
2022  NA 
2023  NA 
2024  NA 
2025  NA 
2026  NA 
2027  NA 
2028  NA 
2029  NA 
2030  NA 
2031  NA 
2032  NA 
2033  NA 
2034  NA 

Alternative 5 TACs
     Model_1_goa_re_2021.dat 

Year 
2021  NA 
2022  NA 
2023  NA 
2024  NA 
2025  NA 
2026  NA 
2027  NA 
2028  NA 
2029  NA 
2030  NA 
2031  NA 
2032  NA 
2033  NA 
2034  NA 

Alternative 5 Sp_Biomass
     Model_1_goa_re_2021.dat 
Equil_Fabc 5.91051 
Year 
2021 8.68089 
2022 8.61655 
2023 8.62331 
2024 8.74005 
2025 8.87005 
2026 9.00345 
2027 9.13156 
2028 9.25089 
2029 9.36233 
2030 9.46786 
2031 9.57332 
2032 9.67029 
2033 9.77417 
2034 9.88622 

Alternative 5 Fishing Mortality
     Model_1_goa_re_2021.dat 
Equil_Fabc 0.0381281 
Year 
2021 0.0194333 
2022 0.023413 
2023  NA 
2024  NA 
2025  NA 
2026  NA 
2027  NA 
2028  NA 
2029  NA 
2030  NA 
2031  NA 
2032  NA 
2033  NA 
2034  NA 

Alternative 5 Biomass
     Model_1_goa_re_2021.dat 

Year 
2021 26.1606 
2022 26.0373 
2023 25.8439 
2024 26.1483 
2025 26.4588 
2026 26.7741 
2027 27.0936 
2028 27.4199 
2029 27.7481 
2030 28.0779 
2031 28.4081 
2032 28.7395 
2033 29.0697 
2034 29.3963 

Alternative 5 Implied SPR rate 
     Model_1_goa_re_2021.dat 
Equil_Fabc 0.4 
Year 
2021 0.583304 
2022 0.533722 
2023 1 
2024 1 
2025 1 
2026 1 
2027 1 
2028 1 
2029 1 
2030 1 
2031 1 
2032 1 
2033 1 
2034 1 

  Model_1_goa_re_2021.dat 
EquilAvgAgeF0  24.2723 
EquilAvgAgeFabc  15.4863 
AvgAgeYr2034 20.1597 
Alternative 6 Catch
     Model_1_goa_re_2021.dat 
Equil_Fabc 0.574153 
Year 
2021 0.407204 
2022 0.945654 
2023 0.910867 
2024 0.885195 
2025 0.869947 
2026 0.864962 
2027 0.834569 
2028 0.805833 
2029 0.782241 
2030 0.761844 
2031 0.743165 
2032 0.727458 
2033 0.714477 
2034 0.703923 

Alternative 6 ABCs
     Model_1_goa_re_2021.dat 

Year 
2021 0.950818 
2022 0.945654 
2023 0.910867 
2024 0.885195 
2025 0.869947 
2026 0.864962 
2027 0.834569 
2028 0.805833 
2029 0.782241 
2030 0.761844 
2031 0.743165 
2032 0.727458 
2033 0.714477 
2034 0.703923 

Alternative 6 TACs
     Model_1_goa_re_2021.dat 

Year 
2021  NA 
2022 0.945654 
2023 0.910867 
2024 0.885195 
2025 0.869947 
2026 0.864962 
2027 0.834569 
2028 0.805833 
2029 0.782241 
2030 0.761844 
2031 0.743165 
2032 0.727458 
2033 0.714477 
2034 0.703923 

Alternative 6 Sp_Biomass
     Model_1_goa_re_2021.dat 
Equil_Fabc 5.91051 
Year 
2021 8.68089 
2022 8.53718 
2023 8.27881 
2024 8.02813 
2025 7.80221 
2026 7.5896 
2027 7.3819 
2028 7.17895 
2029 6.98261 
2030 6.79528 
2031 6.62174 
2032 6.45726 
2033 6.31228 
2034 6.18694 

Alternative 6 Fishing Mortality
     Model_1_goa_re_2021.dat 
Equil_Fabc 0.0381281 
Year 
2021 0.0194333 
2022 0.0459617 
2023 0.0459618 
2024 0.0459618 
2025 0.0459618 
2026 0.0459618 
2027 0.0459618 
2028 0.0459618 
2029 0.0459618 
2030 0.0459618 
2031 0.0459618 
2032 0.0459618 
2033 0.0459618 
2034 0.0459618 

Alternative 6 Biomass
     Model_1_goa_re_2021.dat 

Year 
2021 26.1606 
2022 26.0373 
2023 25.3856 
2024 24.7887 
2025 24.2415 
2026 23.732 
2027 23.2488 
2028 22.8208 
2029 22.4422 
2030 22.1068 
2031 21.8098 
2032 21.5496 
2033 21.3204 
2034 21.1166 

Alternative 6 Implied SPR rate 
     Model_1_goa_re_2021.dat 
Equil_Fabc 0.4 
Year 
2021 0.583304 
2022 0.35 
2023 0.35 
2024 0.35 
2025 0.35 
2026 0.35 
2027 0.35 
2028 0.35 
2029 0.35 
2030 0.35 
2031 0.35 
2032 0.35 
2033 0.35 
2034 0.35 

  Model_1_goa_re_2021.dat 
EquilAvgAgeF0  24.2723 
EquilAvgAgeFabc  15.4863 
AvgAgeYr2034 16.7221 
Alternative 7 Catch
     Model_1_goa_re_2021.dat 
Equil_Fabc 0.574153 
Year 
2021 0.407204 
2022 0.787453 
2023 0.764189 
2024 0.898291 
2025 0.882254 
2026 0.876523 
2027 0.845383 
2028 0.815939 
2029 0.79168 
2030 0.770645 
2031 0.751357 
2032 0.735073 
2033 0.721548 
2034 0.710485 

Alternative 7 ABCs
     Model_1_goa_re_2021.dat 

Year 
2021 0.950818 
2022 0.945654 
2023 0.917726 
2024 0.898291 
2025 0.882254 
2026 0.876523 
2027 0.845383 
2028 0.815939 
2029 0.79168 
2030 0.770645 
2031 0.751357 
2032 0.735073 
2033 0.721548 
2034 0.710485 

Alternative 7 TACs
     Model_1_goa_re_2021.dat 

Year 
2021  NA 
2022 0.945654 
2023 0.917726 
2024 0.898291 
2025 0.882254 
2026 0.876523 
2027 0.845383 
2028 0.815939 
2029 0.79168 
2030 0.770645 
2031 0.751357 
2032 0.735073 
2033 0.721548 
2034 0.710485 

Alternative 7 Sp_Biomass
     Model_1_goa_re_2021.dat 
Equil_Fabc 5.91051 
Year 
2021 8.68089 
2022 8.56467 
2023 8.36898 
2024 8.15025 
2025 7.91858 
2026 7.7001 
2027 7.48642 
2028 7.27746 
2029 7.07519 
2030 6.88207 
2031 6.70297 
2032 6.53301 
2033 6.38279 
2034 6.25247 

Alternative 7 Fishing Mortality
     Model_1_goa_re_2021.dat 
Equil_Fabc 0.0381281 
Year 
2021 0.0194333 
2022 0.0381281 
2023 0.0381281 
2024 0.0459618 
2025 0.0459618 
2026 0.0459618 
2027 0.0459618 
2028 0.0459618 
2029 0.0459618 
2030 0.0459618 
2031 0.0459618 
2032 0.0459618 
2033 0.0459618 
2034 0.0459618 

Alternative 7 Biomass
     Model_1_goa_re_2021.dat 

Year 
2021 26.1606 
2022 26.0373 
2023 25.5436 
2024 25.0903 
2025 24.524 
2026 23.9963 
2027 23.4956 
2028 23.0511 
2029 22.6567 
2030 22.3065 
2031 21.9954 
2032 21.7221 
2033 21.4806 
2034 21.2652 

Alternative 7 Implied SPR rate 
     Model_1_goa_re_2021.dat 
Equil_Fabc 0.4 
Year 
2021 0.583304 
2022 0.4 
2023 0.4 
2024 0.35 
2025 0.35 
2026 0.35 
2027 0.35 
2028 0.35 
2029 0.35 
2030 0.35 
2031 0.35 
2032 0.35 
2033 0.35 
2034 0.35 

  Model_1_goa_re_2021.dat 
EquilAvgAgeF0  24.2723 
EquilAvgAgeFabc  15.4863 
AvgAgeYr2034 16.8041 
