
SB0 SB40 SB35 MeanRec HarMeanRec Bnow
14.7763 5.91051 5.1717 0.0012409 0.0010938 8.87677 
CV Recruit
0.366724 
Alternative 1 Alternative  Stock: Model_1_goa_re_2021.dat
Catch Model_1_goa_re_2021.dat
Year C0 Cabc Cofl LowCI_Catch Median_Catch Mean_Catch UpperCI_Catch Stdev_Catch 
2021  0 0.574153 0.615453 0.407204 0.407204 0.407204 0.407204 1.83187e-15 
2022  0 0.574153 0.615453 0.487001 0.487001 0.487001 0.487001 8.75927e-14 
2023  0 0.574153 0.615453 0.775037 0.77504 0.77504 0.775044 2.08733e-06 
2024  0 0.574153 0.615453 0.75826 0.758271 0.758272 0.758288 8.737e-06 
2025  0 0.574153 0.615453 0.74974 0.749779 0.749783 0.749841 3.20914e-05 
2026  0 0.574153 0.615453 0.749453 0.749578 0.749591 0.749777 0.000102102 
2027  0 0.574153 0.615453 0.727497 0.727829 0.727866 0.728361 0.0002724 
2028  0 0.574153 0.615453 0.70631 0.707022 0.707111 0.708125 0.000583516 
2029  0 0.574153 0.615453 0.68897 0.690148 0.690275 0.69199 0.000947775 
2030  0 0.574153 0.615453 0.673976 0.675664 0.675774 0.677886 0.00125378 
2031  0 0.574153 0.615453 0.660213 0.662295 0.662407 0.664894 0.00151406 
2032  0 0.574153 0.615453 0.648715 0.651148 0.651257 0.654116 0.00177178 
2033  0 0.574153 0.615453 0.63891 0.642087 0.642156 0.646143 0.00224513 
2034  0 0.574153 0.615453 0.629317 0.63438 0.634885 0.642124 0.00391739 

Spawning_Biomass Model_1_goa_re_2021.dat
Year SSB100 SSBabc SSBofl LowCI_SSB Median_SSB Mean_SSB UpperCI_SSB Stdev_SSB 
2021 14.7763 5.91051 5.1717 8.68089 8.68089 8.68089 8.68089 7.99361e-14 
2022 14.7763 5.91051 5.1717 8.61655 8.61655 8.61655 8.61655 4.42845e-08 
2023 14.7763 5.91051 5.1717 8.48982 8.48982 8.48982 8.48982 1.03579e-07 
2024 14.7763 5.91051 5.1717 8.29253 8.29253 8.29253 8.29253 9.9593e-08 
2025 14.7763 5.91051 5.1717 8.11571 8.11571 8.11571 8.11572 9.54896e-08 
2026 14.7763 5.91051 5.1717 7.94824 7.94831 7.94832 7.94844 6.44543e-05 
2027 14.7763 5.91051 5.1717 7.78185 7.78205 7.78208 7.78237 0.000163966 
2028 14.7763 5.91051 5.1717 7.61603 7.61652 7.61657 7.61725 0.000389577 
2029 14.7763 5.91051 5.1717 7.45233 7.45366 7.4538 7.45579 0.00108523 
2030 14.7763 5.91051 5.1717 7.29261 7.29599 7.29638 7.30144 0.00278769 
2031 14.7763 5.91051 5.1717 7.14127 7.14862 7.14956 7.16021 0.00607538 
2032 14.7763 5.91051 5.1717 6.99161 7.00629 7.00803 7.02944 0.0121898 
2033 14.7763 5.91051 5.1717 6.85394 6.88016 6.88344 6.92232 0.0221328 
2034 14.7763 5.91051 5.1717 6.72596 6.77193 6.77629 6.84067 0.0367919 

Fishing_mortalityModel_1_goa_re_2021.dat
Year F0 Fabc Fofl LowCI_F Median_F Mean_F UpperCI_F Stdev_F 
2021  0 0.0381281 0.0459618 0.0194333 0.0194333 0.0194333 0.0194333 2.42861e-17 
2022  0 0.0381281 0.0459618 0.023413 0.023413 0.023413 0.023413 1.25219e-08 
2023  0 0.0381281 0.0459618 0.0381281 0.0381281 0.0381281 0.0381281 2.77556e-17 
2024  0 0.0381281 0.0459618 0.0381281 0.0381281 0.0381281 0.0381281 2.77556e-17 
2025  0 0.0381281 0.0459618 0.0381281 0.0381281 0.0381281 0.0381281 2.77556e-17 
2026  0 0.0381281 0.0459618 0.0381281 0.0381281 0.0381281 0.0381281 2.77556e-17 
2027  0 0.0381281 0.0459618 0.0381281 0.0381281 0.0381281 0.0381281 2.77556e-17 
2028  0 0.0381281 0.0459618 0.0381281 0.0381281 0.0381281 0.0381281 2.77556e-17 
2029  0 0.0381281 0.0459618 0.0381281 0.0381281 0.0381281 0.0381281 2.77556e-17 
2030  0 0.0381281 0.0459618 0.0381281 0.0381281 0.0381281 0.0381281 2.77556e-17 
2031  0 0.0381281 0.0459618 0.0381281 0.0381281 0.0381281 0.0381281 2.77556e-17 
2032  0 0.0381281 0.0459618 0.0381281 0.0381281 0.0381281 0.0381281 2.77556e-17 
2033  0 0.0381281 0.0459618 0.0381281 0.0381281 0.0381281 0.0381281 2.77556e-17 
2034  0 0.0381281 0.0459618 0.0381281 0.0381281 0.0381281 0.0381281 2.77556e-17 

Total_BiomassModel_1_goa_re_2021.dat
Year B100 Babc Bofl LowCI_Biom Median_Biom Mean_Biom UpperCI_Biom Stdev_Biom 
2021 81.0512 20.7663 19.0773 26.1606 26.1606 26.1606 26.1606 8.17124e-14 
2022 81.0512 20.7663 19.0773 26.0044 26.0328 26.0373 26.0862 0.0257726 
2023 81.0512 20.7663 19.0773 25.7731 25.8373 25.8439 25.9311 0.0509435 
2024 81.0512 20.7663 19.0773 25.2552 25.3634 25.374 25.5278 0.084274 
2025 81.0512 20.7663 19.0773 24.7653 24.9307 24.9418 25.157 0.125847 
2026 81.0512 20.7663 19.0773 24.2896 24.5205 24.5378 24.8333 0.174492 
2027 81.0512 20.7663 19.0773 23.8258 24.1345 24.1529 24.5377 0.228824 
2028 81.0512 20.7663 19.0773 23.3973 23.7925 23.8121 24.2972 0.285789 
2029 81.0512 20.7663 19.0773 23.0063 23.4934 23.5102 24.1095 0.346231 
2030 81.0512 20.7663 19.0773 22.6204 23.2345 23.2427 23.9264 0.407285 
2031 81.0512 20.7663 19.0773 22.2951 23.0012 23.0056 23.807 0.470382 
2032 81.0512 20.7663 19.0773 21.9891 22.7994 22.7984 23.6646 0.533381 
2033 81.0512 20.7663 19.0773 21.7203 22.6013 22.616 23.5896 0.596327 
2034 81.0512 20.7663 19.0773 21.4686 22.4256 22.4537 23.4665 0.658658 
Alternative 2 Alternative  Stock: Model_1_goa_re_2021.dat
Catch Model_1_goa_re_2021.dat
Year C0 Cabc Cofl LowCI_Catch Median_Catch Mean_Catch UpperCI_Catch Stdev_Catch 
2021  0 0.574153 0.615453 0.407204 0.407204 0.407204 0.407204 1.83187e-15 
2022  0 0.574153 0.615453 0.487001 0.487001 0.487001 0.487001 8.75927e-14 
2023  0 0.574153 0.615453 0.365204 0.365205 0.365205 0.365207 9.74003e-07 
2024  0 0.574153 0.615453 0.364262 0.364267 0.364268 0.364275 4.07703e-06 
2025  0 0.574153 0.615453 0.36684 0.366858 0.36686 0.366887 1.49766e-05 
2026  0 0.574153 0.615453 0.37307 0.373129 0.373135 0.373222 4.76626e-05 
2027  0 0.574153 0.615453 0.368772 0.368927 0.368944 0.369175 0.000127236 
2028  0 0.574153 0.615453 0.364398 0.364731 0.364773 0.365247 0.000272849 
2029  0 0.574153 0.615453 0.361437 0.361988 0.362048 0.362849 0.000443778 
2030  0 0.574153 0.615453 0.359219 0.360011 0.360062 0.361052 0.000587796 
2031  0 0.574153 0.615453 0.35724 0.358216 0.358269 0.359437 0.000710596 
2032  0 0.574153 0.615453 0.356014 0.357157 0.357207 0.358551 0.000832515 
2033  0 0.574153 0.615453 0.355302 0.356796 0.356828 0.358705 0.00105722 
2034  0 0.574153 0.615453 0.354421 0.356822 0.357054 0.36048 0.0018547 

Spawning_Biomass Model_1_goa_re_2021.dat
Year SSB100 SSBabc SSBofl LowCI_SSB Median_SSB Mean_SSB UpperCI_SSB Stdev_SSB 
2021 14.7763 5.91051 5.1717 8.68089 8.68089 8.68089 8.68089 7.99361e-14 
2022 14.7763 5.91051 5.1717 8.61655 8.61655 8.61655 8.61655 4.42845e-08 
2023 14.7763 5.91051 5.1717 8.56076 8.56076 8.56076 8.56076 1.04459e-07 
2024 14.7763 5.91051 5.1717 8.52824 8.52824 8.52824 8.52824 1.02495e-07 
2025 14.7763 5.91051 5.1717 8.5095 8.5095 8.5095 8.5095 1.00281e-07 
2026 14.7763 5.91051 5.1717 8.49417 8.49425 8.49426 8.49438 6.44887e-05 
2027 14.7763 5.91051 5.1717 8.47393 8.47414 8.47416 8.47445 0.000164134 
2028 14.7763 5.91051 5.1717 8.44679 8.44728 8.44733 8.44802 0.000390388 
2029 14.7763 5.91051 5.1717 8.41394 8.41527 8.41541 8.41741 0.00108938 
2030 14.7763 5.91051 5.1717 8.37708 8.38047 8.38087 8.38595 0.00280393 
2031 14.7763 5.91051 5.1717 8.34111 8.34852 8.34946 8.36021 0.00612237 
2032 14.7763 5.91051 5.1717 8.29801 8.31282 8.31458 8.33619 0.012307 
2033 14.7763 5.91051 5.1717 8.26011 8.28666 8.28995 8.32928 0.0223915 
2034 14.7763 5.91051 5.1717 8.22563 8.27224 8.27666 8.34181 0.0373463 

Fishing_mortalityModel_1_goa_re_2021.dat
Year F0 Fabc Fofl LowCI_F Median_F Mean_F UpperCI_F Stdev_F 
2021  0 0.0381281 0.0459618 0.0194333 0.0194333 0.0194333 0.0194333 2.42861e-17 
2022  0 0.0381281 0.0459618 0.023413 0.023413 0.023413 0.023413 1.25219e-08 
2023  0 0.0381281 0.0459618 0.0177906 0.0177906 0.0177906 0.0177906 3.1225e-17 
2024  0 0.0381281 0.0459618 0.0177906 0.0177906 0.0177906 0.0177906 3.1225e-17 
2025  0 0.0381281 0.0459618 0.0177906 0.0177906 0.0177906 0.0177906 3.1225e-17 
2026  0 0.0381281 0.0459618 0.0177906 0.0177906 0.0177906 0.0177906 3.1225e-17 
2027  0 0.0381281 0.0459618 0.0177906 0.0177906 0.0177906 0.0177906 3.1225e-17 
2028  0 0.0381281 0.0459618 0.0177906 0.0177906 0.0177906 0.0177906 3.1225e-17 
2029  0 0.0381281 0.0459618 0.0177906 0.0177906 0.0177906 0.0177906 3.1225e-17 
2030  0 0.0381281 0.0459618 0.0177906 0.0177906 0.0177906 0.0177906 3.1225e-17 
2031  0 0.0381281 0.0459618 0.0177906 0.0177906 0.0177906 0.0177906 3.1225e-17 
2032  0 0.0381281 0.0459618 0.0177906 0.0177906 0.0177906 0.0177906 3.1225e-17 
2033  0 0.0381281 0.0459618 0.0177906 0.0177906 0.0177906 0.0177906 3.1225e-17 
2034  0 0.0381281 0.0459618 0.0177906 0.0177906 0.0177906 0.0177906 3.1225e-17 

Total_BiomassModel_1_goa_re_2021.dat
Year B100 Babc Bofl LowCI_Biom Median_Biom Mean_Biom UpperCI_Biom Stdev_Biom 
2021 81.0512 20.7663 19.0773 26.1606 26.1606 26.1606 26.1606 8.17124e-14 
2022 81.0512 20.7663 19.0773 26.0044 26.0328 26.0373 26.0862 0.0257726 
2023 81.0512 20.7663 19.0773 25.7731 25.8373 25.8439 25.9311 0.0509435 
2024 81.0512 20.7663 19.0773 25.6646 25.7729 25.7834 25.9372 0.0842756 
2025 81.0512 20.7663 19.0773 25.5605 25.7259 25.737 25.9522 0.125855 
2026 81.0512 20.7663 19.0773 25.4518 25.6827 25.7001 25.9956 0.174521 
2027 81.0512 20.7663 19.0773 25.341 25.6498 25.6683 26.0532 0.228913 
2028 81.0512 20.7663 19.0773 25.2402 25.6356 25.6553 26.141 0.286031 
2029 81.0512 20.7663 19.0773 25.152 25.6395 25.6568 26.2557 0.346792 
2030 81.0512 20.7663 19.0773 25.0466 25.6624 25.6709 26.3563 0.408371 
2031 81.0512 20.7663 19.0773 24.9834 25.6908 25.6956 26.5015 0.472179 
2032 81.0512 20.7663 19.0773 24.9167 25.7324 25.7317 26.6032 0.536053 
2033 81.0512 20.7663 19.0773 24.8739 25.7579 25.7759 26.7612 0.600014 
2034 81.0512 20.7663 19.0773 24.832 25.7964 25.8251 26.8527 0.663598 
Alternative 3 Alternative  Stock: Model_1_goa_re_2021.dat
Catch Model_1_goa_re_2021.dat
Year C0 Cabc Cofl LowCI_Catch Median_Catch Mean_Catch UpperCI_Catch Stdev_Catch 
2021  0 0.574153 0.615453 0.407204 0.407204 0.407204 0.407204 1.83187e-15 
2022  0 0.574153 0.615453 0.487001 0.487001 0.487001 0.487001 8.75927e-14 
2023  0 0.574153 0.615453 0.391105 0.391106 0.391106 0.391108 1.04372e-06 
2024  0 0.574153 0.615453 0.389625 0.38963 0.389631 0.389639 4.36885e-06 
2025  0 0.574153 0.615453 0.391931 0.39195 0.391952 0.391981 1.60484e-05 
2026  0 0.574153 0.615453 0.398155 0.398218 0.398224 0.398317 5.10729e-05 
2027  0 0.574153 0.615453 0.393119 0.393285 0.393304 0.393552 0.000136335 
2028  0 0.574153 0.615453 0.388026 0.388383 0.388427 0.388935 0.000292341 
2029  0 0.574153 0.615453 0.384466 0.385057 0.385121 0.38598 0.00047544 
2030  0 0.574153 0.615453 0.381723 0.382571 0.382626 0.383687 0.000629684 
2031  0 0.574153 0.615453 0.379254 0.3803 0.380356 0.381608 0.000761183 
2032  0 0.574153 0.615453 0.377609 0.378834 0.378888 0.380328 0.000891717 
2033  0 0.574153 0.615453 0.376532 0.378132 0.378166 0.380176 0.00113225 
2034  0 0.574153 0.615453 0.375289 0.37786 0.378109 0.381776 0.00198565 

Spawning_Biomass Model_1_goa_re_2021.dat
Year SSB100 SSBabc SSBofl LowCI_SSB Median_SSB Mean_SSB UpperCI_SSB Stdev_SSB 
2021 14.7763 5.91051 5.1717 8.68089 8.68089 8.68089 8.68089 7.99361e-14 
2022 14.7763 5.91051 5.1717 8.61655 8.61655 8.61655 8.61655 4.42845e-08 
2023 14.7763 5.91051 5.1717 8.5563 8.5563 8.5563 8.5563 1.04404e-07 
2024 14.7763 5.91051 5.1717 8.51329 8.51329 8.51329 8.51329 1.02311e-07 
2025 14.7763 5.91051 5.1717 8.48428 8.48428 8.48428 8.48428 9.99743e-08 
2026 14.7763 5.91051 5.1717 8.45888 8.45895 8.45896 8.45909 6.44865e-05 
2027 14.7763 5.91051 5.1717 8.42879 8.42899 8.42901 8.4293 0.000164124 
2028 14.7763 5.91051 5.1717 8.39212 8.39261 8.39266 8.39334 0.000390337 
2029 14.7763 5.91051 5.1717 8.35009 8.35142 8.35156 8.35356 0.00108912 
2030 14.7763 5.91051 5.1717 8.30445 8.30785 8.30824 8.31332 0.00280291 
2031 14.7763 5.91051 5.1717 8.26007 8.26747 8.26842 8.27915 0.00611942 
2032 14.7763 5.91051 5.1717 8.20903 8.22383 8.22559 8.24719 0.0122997 
2033 14.7763 5.91051 5.1717 8.16355 8.19009 8.19337 8.23268 0.0223752 
2034 14.7763 5.91051 5.1717 8.12184 8.1684 8.17282 8.23792 0.0373113 

Fishing_mortalityModel_1_goa_re_2021.dat
Year F0 Fabc Fofl LowCI_F Median_F Mean_F UpperCI_F Stdev_F 
2021  0 0.0381281 0.0459618 0.0194333 0.0194333 0.0194333 0.0194333 2.42861e-17 
2022  0 0.0381281 0.0459618 0.023413 0.023413 0.023413 0.023413 1.25219e-08 
2023  0 0.0381281 0.0459618 0.019064 0.019064 0.019064 0.019064 1.38778e-17 
2024  0 0.0381281 0.0459618 0.019064 0.019064 0.019064 0.019064 1.38778e-17 
2025  0 0.0381281 0.0459618 0.019064 0.019064 0.019064 0.019064 1.38778e-17 
2026  0 0.0381281 0.0459618 0.019064 0.019064 0.019064 0.019064 1.38778e-17 
2027  0 0.0381281 0.0459618 0.019064 0.019064 0.019064 0.019064 1.38778e-17 
2028  0 0.0381281 0.0459618 0.019064 0.019064 0.019064 0.019064 1.38778e-17 
2029  0 0.0381281 0.0459618 0.019064 0.019064 0.019064 0.019064 1.38778e-17 
2030  0 0.0381281 0.0459618 0.019064 0.019064 0.019064 0.019064 1.38778e-17 
2031  0 0.0381281 0.0459618 0.019064 0.019064 0.019064 0.019064 1.38778e-17 
2032  0 0.0381281 0.0459618 0.019064 0.019064 0.019064 0.019064 1.38778e-17 
2033  0 0.0381281 0.0459618 0.019064 0.019064 0.019064 0.019064 1.38778e-17 
2034  0 0.0381281 0.0459618 0.019064 0.019064 0.019064 0.019064 1.38778e-17 

Total_BiomassModel_1_goa_re_2021.dat
Year B100 Babc Bofl LowCI_Biom Median_Biom Mean_Biom UpperCI_Biom Stdev_Biom 
2021 81.0512 20.7663 19.0773 26.1606 26.1606 26.1606 26.1606 8.17124e-14 
2022 81.0512 20.7663 19.0773 26.0044 26.0328 26.0373 26.0862 0.0257726 
2023 81.0512 20.7663 19.0773 25.7731 25.8373 25.8439 25.9311 0.0509435 
2024 81.0512 20.7663 19.0773 25.6387 25.747 25.7575 25.9114 0.0842755 
2025 81.0512 20.7663 19.0773 25.5098 25.6752 25.6863 25.9015 0.125854 
2026 81.0512 20.7663 19.0773 25.377 25.6079 25.6253 25.9208 0.174519 
2027 81.0512 20.7663 19.0773 25.2426 25.5514 25.5699 25.9548 0.228908 
2028 81.0512 20.7663 19.0773 25.1195 25.5149 25.5346 26.0203 0.286016 
2029 81.0512 20.7663 19.0773 25.0102 25.4977 25.515 26.114 0.346756 
2030 81.0512 20.7663 19.0773 24.885 25.5007 25.5092 26.1944 0.408303 
2031 81.0512 20.7663 19.0773 24.8029 25.5101 25.515 26.3206 0.472066 
2032 81.0512 20.7663 19.0773 24.7184 25.5338 25.5331 26.4042 0.535885 
2033 81.0512 20.7663 19.0773 24.6586 25.5421 25.5603 26.5448 0.599782 
2034 81.0512 20.7663 19.0773 24.6006 25.5645 25.5932 26.6199 0.663287 
Alternative 4 Alternative  Stock: Model_1_goa_re_2021.dat
Catch Model_1_goa_re_2021.dat
Year C0 Cabc Cofl LowCI_Catch Median_Catch Mean_Catch UpperCI_Catch Stdev_Catch 
2021  0 0.574153 0.615453 0.407204 0.407204 0.407204 0.407204 1.83187e-15 
2022  0 0.574153 0.615453 0.487001 0.487001 0.487001 0.487001 8.75927e-14 
2023  0 0.574153 0.615453 0.530287 0.530289 0.530289 0.530291 1.41983e-06 
2024  0 0.574153 0.615453 0.524846 0.524853 0.524854 0.524864 5.94314e-06 
2025  0 0.574153 0.615453 0.524685 0.524711 0.524714 0.524753 2.18306e-05 
2026  0 0.574153 0.615453 0.529918 0.530004 0.530012 0.530139 6.94681e-05 
2027  0 0.574153 0.615453 0.520011 0.520237 0.520262 0.520599 0.000185401 
2028  0 0.574153 0.615453 0.510216 0.510701 0.510762 0.511452 0.000397409 
2029  0 0.574153 0.615453 0.502677 0.503479 0.503566 0.504734 0.000646018 
2030  0 0.574153 0.615453 0.496403 0.497555 0.49763 0.49907 0.00085524 
2031  0 0.574153 0.615453 0.490654 0.492076 0.492151 0.49385 0.00103346 
2032  0 0.574153 0.615453 0.486165 0.487826 0.487901 0.489854 0.00121021 
2033  0 0.574153 0.615453 0.482574 0.484746 0.484792 0.487518 0.00153553 
2034  0 0.574153 0.615453 0.478883 0.482365 0.482702 0.487667 0.00268796 

Spawning_Biomass Model_1_goa_re_2021.dat
Year SSB100 SSBabc SSBofl LowCI_SSB Median_SSB Mean_SSB UpperCI_SSB Stdev_SSB 
2021 14.7763 5.91051 5.1717 8.68089 8.68089 8.68089 8.68089 7.99361e-14 
2022 14.7763 5.91051 5.1717 8.61655 8.61655 8.61655 8.61655 4.42845e-08 
2023 14.7763 5.91051 5.1717 8.53228 8.53228 8.53228 8.53228 1.04106e-07 
2024 14.7763 5.91051 5.1717 8.43305 8.43305 8.43305 8.43305 1.01323e-07 
2025 14.7763 5.91051 5.1717 8.34951 8.34951 8.34951 8.34951 9.83342e-08 
2026 14.7763 5.91051 5.1717 8.27107 8.27114 8.27115 8.27127 6.44749e-05 
2027 14.7763 5.91051 5.1717 8.18948 8.18968 8.1897 8.18999 0.000164067 
2028 14.7763 5.91051 5.1717 8.10339 8.10388 8.10393 8.10462 0.000390063 
2029 14.7763 5.91051 5.1717 8.01423 8.01556 8.0157 8.0177 0.00108772 
2030 14.7763 5.91051 5.1717 7.92382 7.92721 7.92761 7.93268 0.00279741 
2031 14.7763 5.91051 5.1717 7.83693 7.84431 7.84526 7.85596 0.00610351 
2032 14.7763 5.91051 5.1717 7.74615 7.76091 7.76266 7.78419 0.01226 
2033 14.7763 5.91051 5.1717 7.66304 7.68947 7.69275 7.7319 0.0222876 
2034 14.7763 5.91051 5.1717 7.58567 7.63202 7.63642 7.70126 0.0371232 

Fishing_mortalityModel_1_goa_re_2021.dat
Year F0 Fabc Fofl LowCI_F Median_F Mean_F UpperCI_F Stdev_F 
2021  0 0.0381281 0.0459618 0.0194333 0.0194333 0.0194333 0.0194333 2.42861e-17 
2022  0 0.0381281 0.0459618 0.023413 0.023413 0.023413 0.023413 1.25219e-08 
2023  0 0.0381281 0.0459618 0.0259344 0.0259344 0.0259344 0.0259344 1.42247e-16 
2024  0 0.0381281 0.0459618 0.0259344 0.0259344 0.0259344 0.0259344 1.42247e-16 
2025  0 0.0381281 0.0459618 0.0259344 0.0259344 0.0259344 0.0259344 1.42247e-16 
2026  0 0.0381281 0.0459618 0.0259344 0.0259344 0.0259344 0.0259344 1.42247e-16 
2027  0 0.0381281 0.0459618 0.0259344 0.0259344 0.0259344 0.0259344 1.42247e-16 
2028  0 0.0381281 0.0459618 0.0259344 0.0259344 0.0259344 0.0259344 1.42247e-16 
2029  0 0.0381281 0.0459618 0.0259344 0.0259344 0.0259344 0.0259344 1.42247e-16 
2030  0 0.0381281 0.0459618 0.0259344 0.0259344 0.0259344 0.0259344 1.42247e-16 
2031  0 0.0381281 0.0459618 0.0259344 0.0259344 0.0259344 0.0259344 1.42247e-16 
2032  0 0.0381281 0.0459618 0.0259344 0.0259344 0.0259344 0.0259344 1.42247e-16 
2033  0 0.0381281 0.0459618 0.0259344 0.0259344 0.0259344 0.0259344 1.42247e-16 
2034  0 0.0381281 0.0459618 0.0259344 0.0259344 0.0259344 0.0259344 1.42247e-16 

Total_BiomassModel_1_goa_re_2021.dat
Year B100 Babc Bofl LowCI_Biom Median_Biom Mean_Biom UpperCI_Biom Stdev_Biom 
2021 81.0512 20.7663 19.0773 26.1606 26.1606 26.1606 26.1606 8.17124e-14 
2022 81.0512 20.7663 19.0773 26.0044 26.0328 26.0373 26.0862 0.0257726 
2023 81.0512 20.7663 19.0773 25.7731 25.8373 25.8439 25.9311 0.0509435 
2024 81.0512 20.7663 19.0773 25.4997 25.6079 25.6185 25.7723 0.084275 
2025 81.0512 20.7663 19.0773 25.2383 25.4037 25.4148 25.63 0.125852 
2026 81.0512 20.7663 19.0773 24.9783 25.2091 25.2265 25.522 0.17451 
2027 81.0512 20.7663 19.0773 24.7201 25.0289 25.0473 25.4322 0.228877 
2028 81.0512 20.7663 19.0773 24.4809 24.8762 24.8959 25.3813 0.285934 
2029 81.0512 20.7663 19.0773 24.2631 24.7504 24.7675 25.3666 0.346567 
2030 81.0512 20.7663 19.0773 24.036 24.6512 24.6595 25.3442 0.407935 
2031 81.0512 20.7663 19.0773 23.8578 24.5646 24.5693 25.3734 0.471458 
2032 81.0512 20.7663 19.0773 23.6845 24.498 24.4972 25.3666 0.53498 
2033 81.0512 20.7663 19.0773 23.5399 24.4222 24.4394 25.42 0.598532 
2034 81.0512 20.7663 19.0773 23.4022 24.3636 24.3921 25.4138 0.661612 
Alternative 5 Alternative  Stock: Model_1_goa_re_2021.dat
Catch Model_1_goa_re_2021.dat
Year C0 Cabc Cofl LowCI_Catch Median_Catch Mean_Catch UpperCI_Catch Stdev_Catch 
2021  0 0.574153 0.615453 0.407204 0.407204 0.407204 0.407204 1.83187e-15 
2022  0 0.574153 0.615453 0.487001 0.487001 0.487001 0.487001 8.75927e-14 
2023  0 0.574153 0.615453 0 0 0 0 0 
2024  0 0.574153 0.615453 0 0 0 0 0 
2025  0 0.574153 0.615453 0 0 0 0 0 
2026  0 0.574153 0.615453 0 0 0 0 0 
2027  0 0.574153 0.615453 0 0 0 0 0 
2028  0 0.574153 0.615453 0 0 0 0 0 
2029  0 0.574153 0.615453 0 0 0 0 0 
2030  0 0.574153 0.615453 0 0 0 0 0 
2031  0 0.574153 0.615453 0 0 0 0 0 
2032  0 0.574153 0.615453 0 0 0 0 0 
2033  0 0.574153 0.615453 0 0 0 0 0 
2034  0 0.574153 0.615453 0 0 0 0 0 

Spawning_Biomass Model_1_goa_re_2021.dat
Year SSB100 SSBabc SSBofl LowCI_SSB Median_SSB Mean_SSB UpperCI_SSB Stdev_SSB 
2021 14.7763 5.91051 5.1717 8.68089 8.68089 8.68089 8.68089 7.99361e-14 
2022 14.7763 5.91051 5.1717 8.61655 8.61655 8.61655 8.61655 4.42845e-08 
2023 14.7763 5.91051 5.1717 8.62331 8.62331 8.62331 8.62331 1.05235e-07 
2024 14.7763 5.91051 5.1717 8.74005 8.74005 8.74005 8.74005 1.05104e-07 
2025 14.7763 5.91051 5.1717 8.87005 8.87005 8.87005 8.87005 1.0467e-07 
2026 14.7763 5.91051 5.1717 9.00336 9.00344 9.00345 9.00357 6.45192e-05 
2027 14.7763 5.91051 5.1717 9.13134 9.13154 9.13156 9.13185 0.000164283 
2028 14.7763 5.91051 5.1717 9.25035 9.25084 9.25089 9.25158 0.0003911 
2029 14.7763 5.91051 5.1717 9.36086 9.36219 9.36233 9.36434 0.00109303 
2030 14.7763 5.91051 5.1717 9.46405 9.46747 9.46786 9.47297 0.00281821 
2031 14.7763 5.91051 5.1717 9.56491 9.57238 9.57332 9.58414 0.0061638 
2032 14.7763 5.91051 5.1717 9.65357 9.6685 9.67029 9.69209 0.0124105 
2033 14.7763 5.91051 5.1717 9.74402 9.77086 9.77417 9.81389 0.0226204 
2034 14.7763 5.91051 5.1717 9.83457 9.88174 9.88622 9.95208 0.0378384 

Fishing_mortalityModel_1_goa_re_2021.dat
Year F0 Fabc Fofl LowCI_F Median_F Mean_F UpperCI_F Stdev_F 
2021  0 0.0381281 0.0459618 0.0194333 0.0194333 0.0194333 0.0194333 2.42861e-17 
2022  0 0.0381281 0.0459618 0.023413 0.023413 0.023413 0.023413 1.25219e-08 
2023  0 0.0381281 0.0459618 0 0 0 0 0 
2024  0 0.0381281 0.0459618 0 0 0 0 0 
2025  0 0.0381281 0.0459618 0 0 0 0 0 
2026  0 0.0381281 0.0459618 0 0 0 0 0 
2027  0 0.0381281 0.0459618 0 0 0 0 0 
2028  0 0.0381281 0.0459618 0 0 0 0 0 
2029  0 0.0381281 0.0459618 0 0 0 0 0 
2030  0 0.0381281 0.0459618 0 0 0 0 0 
2031  0 0.0381281 0.0459618 0 0 0 0 0 
2032  0 0.0381281 0.0459618 0 0 0 0 0 
2033  0 0.0381281 0.0459618 0 0 0 0 0 
2034  0 0.0381281 0.0459618 0 0 0 0 0 

Total_BiomassModel_1_goa_re_2021.dat
Year B100 Babc Bofl LowCI_Biom Median_Biom Mean_Biom UpperCI_Biom Stdev_Biom 
2021 81.0512 20.7663 19.0773 26.1606 26.1606 26.1606 26.1606 8.17124e-14 
2022 81.0512 20.7663 19.0773 26.0044 26.0328 26.0373 26.0862 0.0257726 
2023 81.0512 20.7663 19.0773 25.7731 25.8373 25.8439 25.9311 0.0509435 
2024 81.0512 20.7663 19.0773 26.0295 26.1377 26.1483 26.3021 0.084277 
2025 81.0512 20.7663 19.0773 26.2823 26.4477 26.4588 26.674 0.125862 
2026 81.0512 20.7663 19.0773 26.5258 26.7567 26.7741 27.0698 0.174546 
2027 81.0512 20.7663 19.0773 26.7662 27.0751 27.0936 27.4786 0.228992 
2028 81.0512 20.7663 19.0773 27.0045 27.4001 27.4199 27.9061 0.286244 
2029 81.0512 20.7663 19.0773 27.2425 27.7305 27.7481 28.3468 0.347284 
2030 81.0512 20.7663 19.0773 27.4518 28.0691 28.0779 28.7651 0.409325 
2031 81.0512 20.7663 19.0773 27.6944 28.4028 28.4081 29.2179 0.473763 
2032 81.0512 20.7663 19.0773 27.9203 28.7398 28.7395 29.6156 0.53841 
2033 81.0512 20.7663 19.0773 28.1621 29.0549 29.0697 30.057 0.603273 
2034 81.0512 20.7663 19.0773 28.3952 29.3709 29.3963 30.4371 0.667975 
Alternative 6 Alternative  Stock: Model_1_goa_re_2021.dat
Catch Model_1_goa_re_2021.dat
Year C0 Cabc Cofl LowCI_Catch Median_Catch Mean_Catch UpperCI_Catch Stdev_Catch 
2021  0 0.574153 0.615453 0.407204 0.407204 0.407204 0.407204 1.83187e-15 
2022  0 0.574153 0.615453 0.945653 0.945654 0.945654 0.945655 5.05505e-07 
2023  0 0.574153 0.615453 0.910863 0.910866 0.910867 0.910871 2.50515e-06 
2024  0 0.574153 0.615453 0.885181 0.885194 0.885195 0.885214 1.05214e-05 
2025  0 0.574153 0.615453 0.869896 0.869943 0.869947 0.870017 3.86722e-05 
2026  0 0.574153 0.615453 0.864797 0.864948 0.864962 0.865187 0.000123049 
2027  0 0.574153 0.615453 0.834125 0.834525 0.834569 0.835166 0.000328222 
2028  0 0.574153 0.615453 0.804867 0.805725 0.805833 0.807054 0.000702814 
2029  0 0.574153 0.615453 0.78067 0.782088 0.782241 0.784307 0.00114095 
2030  0 0.574153 0.615453 0.759681 0.761712 0.761844 0.764386 0.00150861 
2031  0 0.574153 0.615453 0.740528 0.743028 0.743165 0.746157 0.00182103 
2032  0 0.574153 0.615453 0.724401 0.72733 0.727458 0.730894 0.00213005 
2033  0 0.574153 0.615453 0.710575 0.714391 0.714477 0.719266 0.00269686 
2034  0 0.574153 0.615453 0.69725 0.703306 0.703923 0.712602 0.00469581 

Spawning_Biomass Model_1_goa_re_2021.dat
Year SSB100 SSBabc SSBofl LowCI_SSB Median_SSB Mean_SSB UpperCI_SSB Stdev_SSB 
2021 14.7763 5.91051 5.1717 8.68089 8.68089 8.68089 8.68089 7.99361e-14 
2022 14.7763 5.91051 5.1717 8.53718 8.53718 8.53718 8.53718 1.47156e-13 
2023 14.7763 5.91051 5.1717 8.27881 8.27881 8.27881 8.27881 3.26756e-13 
2024 14.7763 5.91051 5.1717 8.02813 8.02813 8.02813 8.02813 3.11541e-13 
2025 14.7763 5.91051 5.1717 7.80221 7.80221 7.80221 7.80221 2.9653e-13 
2026 14.7763 5.91051 5.1717 7.58951 7.58958 7.5896 7.58972 6.43517e-05 
2027 14.7763 5.91051 5.1717 7.38167 7.38187 7.3819 7.38219 0.000163822 
2028 14.7763 5.91051 5.1717 7.17842 7.17891 7.17895 7.17964 0.00038919 
2029 14.7763 5.91051 5.1717 6.98115 6.98248 6.98261 6.98461 0.00108355 
2030 14.7763 5.91051 5.1717 6.79152 6.79489 6.79528 6.80032 0.00278138 
2031 14.7763 5.91051 5.1717 6.61348 6.6208 6.62174 6.63236 0.00605727 
2032 14.7763 5.91051 5.1717 6.4409 6.45553 6.45726 6.47859 0.0121449 
2033 14.7763 5.91051 5.1717 6.28291 6.30901 6.31228 6.35098 0.0220338 
2034 14.7763 5.91051 5.1717 6.13687 6.1826 6.18694 6.25103 0.0365805 

Fishing_mortalityModel_1_goa_re_2021.dat
Year F0 Fabc Fofl LowCI_F Median_F Mean_F UpperCI_F Stdev_F 
2021  0 0.0381281 0.0459618 0.0194333 0.0194333 0.0194333 0.0194333 2.42861e-17 
2022  0 0.0381281 0.0459618 0.0459617 0.0459617 0.0459617 0.0459617 4.04946e-14 
2023  0 0.0381281 0.0459618 0.0459618 0.0459618 0.0459618 0.0459618 4.71845e-16 
2024  0 0.0381281 0.0459618 0.0459618 0.0459618 0.0459618 0.0459618 4.71845e-16 
2025  0 0.0381281 0.0459618 0.0459618 0.0459618 0.0459618 0.0459618 4.71845e-16 
2026  0 0.0381281 0.0459618 0.0459618 0.0459618 0.0459618 0.0459618 4.71845e-16 
2027  0 0.0381281 0.0459618 0.0459618 0.0459618 0.0459618 0.0459618 4.71845e-16 
2028  0 0.0381281 0.0459618 0.0459618 0.0459618 0.0459618 0.0459618 4.71845e-16 
2029  0 0.0381281 0.0459618 0.0459618 0.0459618 0.0459618 0.0459618 4.71845e-16 
2030  0 0.0381281 0.0459618 0.0459618 0.0459618 0.0459618 0.0459618 4.71845e-16 
2031  0 0.0381281 0.0459618 0.0459618 0.0459618 0.0459618 0.0459618 4.71845e-16 
2032  0 0.0381281 0.0459618 0.0459618 0.0459618 0.0459618 0.0459618 4.71845e-16 
2033  0 0.0381281 0.0459618 0.0459618 0.0459618 0.0459618 0.0459618 4.71845e-16 
2034  0 0.0381281 0.0459618 0.0459618 0.0459618 0.0459618 0.0459618 4.71845e-16 

Total_BiomassModel_1_goa_re_2021.dat
Year B100 Babc Bofl LowCI_Biom Median_Biom Mean_Biom UpperCI_Biom Stdev_Biom 
2021 81.0512 20.7663 19.0773 26.1606 26.1606 26.1606 26.1606 8.17124e-14 
2022 81.0512 20.7663 19.0773 26.0044 26.0328 26.0373 26.0862 0.0257726 
2023 81.0512 20.7663 19.0773 25.3148 25.379 25.3856 25.4727 0.0509429 
2024 81.0512 20.7663 19.0773 24.6699 24.7782 24.7887 24.9425 0.0842727 
2025 81.0512 20.7663 19.0773 24.065 24.2303 24.2415 24.4566 0.125843 
2026 81.0512 20.7663 19.0773 23.4838 23.7146 23.732 24.0274 0.17448 
2027 81.0512 20.7663 19.0773 22.9217 23.2304 23.2488 23.6335 0.228788 
2028 81.0512 20.7663 19.0773 22.4062 22.8013 22.8208 23.3057 0.285694 
2029 81.0512 20.7663 19.0773 21.9384 22.4256 22.4422 23.0416 0.346014 
2030 81.0512 20.7663 19.0773 21.4853 22.0987 22.1068 22.7898 0.406868 
2031 81.0512 20.7663 19.0773 21.1004 21.8055 21.8098 22.6094 0.469692 
2032 81.0512 20.7663 19.0773 20.7425 21.551 21.5496 22.4138 0.532358 
2033 81.0512 20.7663 19.0773 20.4271 21.3073 21.3204 22.2895 0.594916 
2034 81.0512 20.7663 19.0773 20.1344 21.0887 21.1166 22.1237 0.656771 
Alternative 7 Alternative  Stock: Model_1_goa_re_2021.dat
Catch Model_1_goa_re_2021.dat
Year C0 Cabc Cofl LowCI_Catch Median_Catch Mean_Catch UpperCI_Catch Stdev_Catch 
2021  0 0.574153 0.615453 0.407204 0.407204 0.407204 0.407204 1.83187e-15 
2022  0 0.574153 0.615453 0.787452 0.787453 0.787453 0.787454 4.19348e-07 
2023  0 0.574153 0.615453 0.764187 0.764189 0.764189 0.764193 2.07819e-06 
2024  0 0.574153 0.615453 0.898277 0.89829 0.898291 0.89831 1.05216e-05 
2025  0 0.574153 0.615453 0.882202 0.882249 0.882254 0.882323 3.86727e-05 
2026  0 0.574153 0.615453 0.876357 0.876508 0.876523 0.876747 0.00012305 
2027  0 0.574153 0.615453 0.844938 0.845339 0.845383 0.84598 0.000328226 
2028  0 0.574153 0.615453 0.814974 0.815832 0.815939 0.81716 0.000702822 
2029  0 0.574153 0.615453 0.790109 0.791526 0.79168 0.793745 0.00114096 
2030  0 0.574153 0.615453 0.768482 0.770513 0.770645 0.773187 0.00150862 
2031  0 0.574153 0.615453 0.74872 0.75122 0.751357 0.754349 0.00182104 
2032  0 0.574153 0.615453 0.732016 0.734945 0.735073 0.738509 0.00213006 
2033  0 0.574153 0.615453 0.717647 0.721463 0.721548 0.726338 0.00269688 
2034  0 0.574153 0.615453 0.703811 0.709868 0.710485 0.719164 0.00469585 

Spawning_Biomass Model_1_goa_re_2021.dat
Year SSB100 SSBabc SSBofl LowCI_SSB Median_SSB Mean_SSB UpperCI_SSB Stdev_SSB 
2021 14.7763 5.91051 5.1717 8.68089 8.68089 8.68089 8.68089 7.99361e-14 
2022 14.7763 5.91051 5.1717 8.56467 8.56467 8.56467 8.56467 6.42792e-14 
2023 14.7763 5.91051 5.1717 8.36898 8.36898 8.36898 8.36898 1.48911e-13 
2024 14.7763 5.91051 5.1717 8.15025 8.15025 8.15025 8.15025 1.55329e-13 
2025 14.7763 5.91051 5.1717 7.91858 7.91858 7.91858 7.91858 1.35543e-13 
2026 14.7763 5.91051 5.1717 7.70001 7.70008 7.7001 7.70022 6.43525e-05 
2027 14.7763 5.91051 5.1717 7.48619 7.48639 7.48642 7.48671 0.000163824 
2028 14.7763 5.91051 5.1717 7.27693 7.27741 7.27746 7.27815 0.000389194 
2029 14.7763 5.91051 5.1717 7.07373 7.07506 7.07519 7.07718 0.00108357 
2030 14.7763 5.91051 5.1717 6.87831 6.88168 6.88207 6.88711 0.00278141 
2031 14.7763 5.91051 5.1717 6.6947 6.70203 6.70297 6.71358 0.00605733 
2032 14.7763 5.91051 5.1717 6.51666 6.53128 6.53301 6.55434 0.012145 
2033 14.7763 5.91051 5.1717 6.35341 6.37952 6.38279 6.42148 0.022034 
2034 14.7763 5.91051 5.1717 6.20241 6.24814 6.25247 6.31657 0.0365808 

Fishing_mortalityModel_1_goa_re_2021.dat
Year F0 Fabc Fofl LowCI_F Median_F Mean_F UpperCI_F Stdev_F 
2021  0 0.0381281 0.0459618 0.0194333 0.0194333 0.0194333 0.0194333 2.42861e-17 
2022  0 0.0381281 0.0459618 0.0381281 0.0381281 0.0381281 0.0381281 1.7238e-14 
2023  0 0.0381281 0.0459618 0.0381281 0.0381281 0.0381281 0.0381281 2.77556e-17 
2024  0 0.0381281 0.0459618 0.0459618 0.0459618 0.0459618 0.0459618 4.71845e-16 
2025  0 0.0381281 0.0459618 0.0459618 0.0459618 0.0459618 0.0459618 4.71845e-16 
2026  0 0.0381281 0.0459618 0.0459618 0.0459618 0.0459618 0.0459618 4.71845e-16 
2027  0 0.0381281 0.0459618 0.0459618 0.0459618 0.0459618 0.0459618 4.71845e-16 
2028  0 0.0381281 0.0459618 0.0459618 0.0459618 0.0459618 0.0459618 4.71845e-16 
2029  0 0.0381281 0.0459618 0.0459618 0.0459618 0.0459618 0.0459618 4.71845e-16 
2030  0 0.0381281 0.0459618 0.0459618 0.0459618 0.0459618 0.0459618 4.71845e-16 
2031  0 0.0381281 0.0459618 0.0459618 0.0459618 0.0459618 0.0459618 4.71845e-16 
2032  0 0.0381281 0.0459618 0.0459618 0.0459618 0.0459618 0.0459618 4.71845e-16 
2033  0 0.0381281 0.0459618 0.0459618 0.0459618 0.0459618 0.0459618 4.71845e-16 
2034  0 0.0381281 0.0459618 0.0459618 0.0459618 0.0459618 0.0459618 4.71845e-16 

Total_BiomassModel_1_goa_re_2021.dat
Year B100 Babc Bofl LowCI_Biom Median_Biom Mean_Biom UpperCI_Biom Stdev_Biom 
2021 81.0512 20.7663 19.0773 26.1606 26.1606 26.1606 26.1606 8.17124e-14 
2022 81.0512 20.7663 19.0773 26.0044 26.0328 26.0373 26.0862 0.0257726 
2023 81.0512 20.7663 19.0773 25.4728 25.5371 25.5436 25.6308 0.050943 
2024 81.0512 20.7663 19.0773 24.9715 25.0798 25.0903 25.2441 0.0842735 
2025 81.0512 20.7663 19.0773 24.3475 24.5129 24.524 24.7392 0.125844 
2026 81.0512 20.7663 19.0773 23.7481 23.9789 23.9963 24.2917 0.174482 
2027 81.0512 20.7663 19.0773 23.1685 23.4772 23.4956 23.8804 0.22879 
2028 81.0512 20.7663 19.0773 22.6365 23.0315 23.0511 23.536 0.285696 
2029 81.0512 20.7663 19.0773 22.153 22.6401 22.6567 23.2561 0.346016 
2030 81.0512 20.7663 19.0773 21.685 22.2984 22.3065 22.9895 0.40687 
2031 81.0512 20.7663 19.0773 21.2861 21.9911 21.9954 22.7951 0.469694 
2032 81.0512 20.7663 19.0773 20.915 21.7235 21.7221 22.5863 0.53236 
2033 81.0512 20.7663 19.0773 20.5873 21.4675 21.4806 22.4497 0.594918 
2034 81.0512 20.7663 19.0773 20.283 21.2373 21.2652 22.2723 0.656773 
