Model_1_goa_re_2021.dat 1 2021 Cabc 0.574153
Model_1_goa_re_2021.dat 1 2021 Cofl 0.615453
Model_1_goa_re_2021.dat 1 2021 CLCI 0.407204
Model_1_goa_re_2021.dat 1 2021 CUCI 0.407204
Model_1_goa_re_2021.dat 1 2021 CMedian 0.407204
Model_1_goa_re_2021.dat 1 2021 CMean 0.407204
Model_1_goa_re_2021.dat 1 2022 Cabc 0.574153
Model_1_goa_re_2021.dat 1 2022 Cofl 0.615453
Model_1_goa_re_2021.dat 1 2022 CLCI 0.487001
Model_1_goa_re_2021.dat 1 2022 CUCI 0.487001
Model_1_goa_re_2021.dat 1 2022 CMedian 0.487001
Model_1_goa_re_2021.dat 1 2022 CMean 0.487001
Model_1_goa_re_2021.dat 1 2023 Cabc 0.574153
Model_1_goa_re_2021.dat 1 2023 Cofl 0.615453
Model_1_goa_re_2021.dat 1 2023 CLCI 0.775037
Model_1_goa_re_2021.dat 1 2023 CUCI 0.775044
Model_1_goa_re_2021.dat 1 2023 CMedian 0.77504
Model_1_goa_re_2021.dat 1 2023 CMean 0.77504
Model_1_goa_re_2021.dat 1 2024 Cabc 0.574153
Model_1_goa_re_2021.dat 1 2024 Cofl 0.615453
Model_1_goa_re_2021.dat 1 2024 CLCI 0.75826
Model_1_goa_re_2021.dat 1 2024 CUCI 0.758288
Model_1_goa_re_2021.dat 1 2024 CMedian 0.758271
Model_1_goa_re_2021.dat 1 2024 CMean 0.758272
Model_1_goa_re_2021.dat 1 2025 Cabc 0.574153
Model_1_goa_re_2021.dat 1 2025 Cofl 0.615453
Model_1_goa_re_2021.dat 1 2025 CLCI 0.74974
Model_1_goa_re_2021.dat 1 2025 CUCI 0.749841
Model_1_goa_re_2021.dat 1 2025 CMedian 0.749779
Model_1_goa_re_2021.dat 1 2025 CMean 0.749783
Model_1_goa_re_2021.dat 1 2026 Cabc 0.574153
Model_1_goa_re_2021.dat 1 2026 Cofl 0.615453
Model_1_goa_re_2021.dat 1 2026 CLCI 0.749453
Model_1_goa_re_2021.dat 1 2026 CUCI 0.749777
Model_1_goa_re_2021.dat 1 2026 CMedian 0.749578
Model_1_goa_re_2021.dat 1 2026 CMean 0.749591
Model_1_goa_re_2021.dat 1 2027 Cabc 0.574153
Model_1_goa_re_2021.dat 1 2027 Cofl 0.615453
Model_1_goa_re_2021.dat 1 2027 CLCI 0.727497
Model_1_goa_re_2021.dat 1 2027 CUCI 0.728361
Model_1_goa_re_2021.dat 1 2027 CMedian 0.727829
Model_1_goa_re_2021.dat 1 2027 CMean 0.727866
Model_1_goa_re_2021.dat 1 2028 Cabc 0.574153
Model_1_goa_re_2021.dat 1 2028 Cofl 0.615453
Model_1_goa_re_2021.dat 1 2028 CLCI 0.70631
Model_1_goa_re_2021.dat 1 2028 CUCI 0.708125
Model_1_goa_re_2021.dat 1 2028 CMedian 0.707022
Model_1_goa_re_2021.dat 1 2028 CMean 0.707111
Model_1_goa_re_2021.dat 1 2029 Cabc 0.574153
Model_1_goa_re_2021.dat 1 2029 Cofl 0.615453
Model_1_goa_re_2021.dat 1 2029 CLCI 0.68897
Model_1_goa_re_2021.dat 1 2029 CUCI 0.69199
Model_1_goa_re_2021.dat 1 2029 CMedian 0.690148
Model_1_goa_re_2021.dat 1 2029 CMean 0.690275
Model_1_goa_re_2021.dat 1 2030 Cabc 0.574153
Model_1_goa_re_2021.dat 1 2030 Cofl 0.615453
Model_1_goa_re_2021.dat 1 2030 CLCI 0.673976
Model_1_goa_re_2021.dat 1 2030 CUCI 0.677886
Model_1_goa_re_2021.dat 1 2030 CMedian 0.675664
Model_1_goa_re_2021.dat 1 2030 CMean 0.675774
Model_1_goa_re_2021.dat 1 2031 Cabc 0.574153
Model_1_goa_re_2021.dat 1 2031 Cofl 0.615453
Model_1_goa_re_2021.dat 1 2031 CLCI 0.660213
Model_1_goa_re_2021.dat 1 2031 CUCI 0.664894
Model_1_goa_re_2021.dat 1 2031 CMedian 0.662295
Model_1_goa_re_2021.dat 1 2031 CMean 0.662407
Model_1_goa_re_2021.dat 1 2032 Cabc 0.574153
Model_1_goa_re_2021.dat 1 2032 Cofl 0.615453
Model_1_goa_re_2021.dat 1 2032 CLCI 0.648715
Model_1_goa_re_2021.dat 1 2032 CUCI 0.654116
Model_1_goa_re_2021.dat 1 2032 CMedian 0.651148
Model_1_goa_re_2021.dat 1 2032 CMean 0.651257
Model_1_goa_re_2021.dat 1 2033 Cabc 0.574153
Model_1_goa_re_2021.dat 1 2033 Cofl 0.615453
Model_1_goa_re_2021.dat 1 2033 CLCI 0.63891
Model_1_goa_re_2021.dat 1 2033 CUCI 0.646143
Model_1_goa_re_2021.dat 1 2033 CMedian 0.642087
Model_1_goa_re_2021.dat 1 2033 CMean 0.642156
Model_1_goa_re_2021.dat 1 2034 Cabc 0.574153
Model_1_goa_re_2021.dat 1 2034 Cofl 0.615453
Model_1_goa_re_2021.dat 1 2034 CLCI 0.629317
Model_1_goa_re_2021.dat 1 2034 CUCI 0.642124
Model_1_goa_re_2021.dat 1 2034 CMedian 0.63438
Model_1_goa_re_2021.dat 1 2034 CMean 0.634885
Model_1_goa_re_2021.dat 1 2021 SSBF100 14.7763
Model_1_goa_re_2021.dat 1 2021 SSBFabc 5.91051
Model_1_goa_re_2021.dat 1 2021 SSBFofl 5.1717
Model_1_goa_re_2021.dat 1 2021 SSBLCI 8.68089
Model_1_goa_re_2021.dat 1 2021 SSBUCI 8.68089
Model_1_goa_re_2021.dat 1 2021 SSBMedian 8.68089
Model_1_goa_re_2021.dat 1 2021 SSBMean 8.68089
Model_1_goa_re_2021.dat 1 2022 SSBF100 14.7763
Model_1_goa_re_2021.dat 1 2022 SSBFabc 5.91051
Model_1_goa_re_2021.dat 1 2022 SSBFofl 5.1717
Model_1_goa_re_2021.dat 1 2022 SSBLCI 8.61655
Model_1_goa_re_2021.dat 1 2022 SSBUCI 8.61655
Model_1_goa_re_2021.dat 1 2022 SSBMedian 8.61655
Model_1_goa_re_2021.dat 1 2022 SSBMean 8.61655
Model_1_goa_re_2021.dat 1 2023 SSBF100 14.7763
Model_1_goa_re_2021.dat 1 2023 SSBFabc 5.91051
Model_1_goa_re_2021.dat 1 2023 SSBFofl 5.1717
Model_1_goa_re_2021.dat 1 2023 SSBLCI 8.48982
Model_1_goa_re_2021.dat 1 2023 SSBUCI 8.48982
Model_1_goa_re_2021.dat 1 2023 SSBMedian 8.48982
Model_1_goa_re_2021.dat 1 2023 SSBMean 8.48982
Model_1_goa_re_2021.dat 1 2024 SSBF100 14.7763
Model_1_goa_re_2021.dat 1 2024 SSBFabc 5.91051
Model_1_goa_re_2021.dat 1 2024 SSBFofl 5.1717
Model_1_goa_re_2021.dat 1 2024 SSBLCI 8.29253
Model_1_goa_re_2021.dat 1 2024 SSBUCI 8.29253
Model_1_goa_re_2021.dat 1 2024 SSBMedian 8.29253
Model_1_goa_re_2021.dat 1 2024 SSBMean 8.29253
Model_1_goa_re_2021.dat 1 2025 SSBF100 14.7763
Model_1_goa_re_2021.dat 1 2025 SSBFabc 5.91051
Model_1_goa_re_2021.dat 1 2025 SSBFofl 5.1717
Model_1_goa_re_2021.dat 1 2025 SSBLCI 8.11571
Model_1_goa_re_2021.dat 1 2025 SSBUCI 8.11572
Model_1_goa_re_2021.dat 1 2025 SSBMedian 8.11571
Model_1_goa_re_2021.dat 1 2025 SSBMean 8.11571
Model_1_goa_re_2021.dat 1 2026 SSBF100 14.7763
Model_1_goa_re_2021.dat 1 2026 SSBFabc 5.91051
Model_1_goa_re_2021.dat 1 2026 SSBFofl 5.1717
Model_1_goa_re_2021.dat 1 2026 SSBLCI 7.94824
Model_1_goa_re_2021.dat 1 2026 SSBUCI 7.94844
Model_1_goa_re_2021.dat 1 2026 SSBMedian 7.94831
Model_1_goa_re_2021.dat 1 2026 SSBMean 7.94832
Model_1_goa_re_2021.dat 1 2027 SSBF100 14.7763
Model_1_goa_re_2021.dat 1 2027 SSBFabc 5.91051
Model_1_goa_re_2021.dat 1 2027 SSBFofl 5.1717
Model_1_goa_re_2021.dat 1 2027 SSBLCI 7.78185
Model_1_goa_re_2021.dat 1 2027 SSBUCI 7.78237
Model_1_goa_re_2021.dat 1 2027 SSBMedian 7.78205
Model_1_goa_re_2021.dat 1 2027 SSBMean 7.78208
Model_1_goa_re_2021.dat 1 2028 SSBF100 14.7763
Model_1_goa_re_2021.dat 1 2028 SSBFabc 5.91051
Model_1_goa_re_2021.dat 1 2028 SSBFofl 5.1717
Model_1_goa_re_2021.dat 1 2028 SSBLCI 7.61603
Model_1_goa_re_2021.dat 1 2028 SSBUCI 7.61725
Model_1_goa_re_2021.dat 1 2028 SSBMedian 7.61652
Model_1_goa_re_2021.dat 1 2028 SSBMean 7.61657
Model_1_goa_re_2021.dat 1 2029 SSBF100 14.7763
Model_1_goa_re_2021.dat 1 2029 SSBFabc 5.91051
Model_1_goa_re_2021.dat 1 2029 SSBFofl 5.1717
Model_1_goa_re_2021.dat 1 2029 SSBLCI 7.45233
Model_1_goa_re_2021.dat 1 2029 SSBUCI 7.45579
Model_1_goa_re_2021.dat 1 2029 SSBMedian 7.45366
Model_1_goa_re_2021.dat 1 2029 SSBMean 7.4538
Model_1_goa_re_2021.dat 1 2030 SSBF100 14.7763
Model_1_goa_re_2021.dat 1 2030 SSBFabc 5.91051
Model_1_goa_re_2021.dat 1 2030 SSBFofl 5.1717
Model_1_goa_re_2021.dat 1 2030 SSBLCI 7.29261
Model_1_goa_re_2021.dat 1 2030 SSBUCI 7.30144
Model_1_goa_re_2021.dat 1 2030 SSBMedian 7.29599
Model_1_goa_re_2021.dat 1 2030 SSBMean 7.29638
Model_1_goa_re_2021.dat 1 2031 SSBF100 14.7763
Model_1_goa_re_2021.dat 1 2031 SSBFabc 5.91051
Model_1_goa_re_2021.dat 1 2031 SSBFofl 5.1717
Model_1_goa_re_2021.dat 1 2031 SSBLCI 7.14127
Model_1_goa_re_2021.dat 1 2031 SSBUCI 7.16021
Model_1_goa_re_2021.dat 1 2031 SSBMedian 7.14862
Model_1_goa_re_2021.dat 1 2031 SSBMean 7.14956
Model_1_goa_re_2021.dat 1 2032 SSBF100 14.7763
Model_1_goa_re_2021.dat 1 2032 SSBFabc 5.91051
Model_1_goa_re_2021.dat 1 2032 SSBFofl 5.1717
Model_1_goa_re_2021.dat 1 2032 SSBLCI 6.99161
Model_1_goa_re_2021.dat 1 2032 SSBUCI 7.02944
Model_1_goa_re_2021.dat 1 2032 SSBMedian 7.00629
Model_1_goa_re_2021.dat 1 2032 SSBMean 7.00803
Model_1_goa_re_2021.dat 1 2033 SSBF100 14.7763
Model_1_goa_re_2021.dat 1 2033 SSBFabc 5.91051
Model_1_goa_re_2021.dat 1 2033 SSBFofl 5.1717
Model_1_goa_re_2021.dat 1 2033 SSBLCI 6.85394
Model_1_goa_re_2021.dat 1 2033 SSBUCI 6.92232
Model_1_goa_re_2021.dat 1 2033 SSBMedian 6.88016
Model_1_goa_re_2021.dat 1 2033 SSBMean 6.88344
Model_1_goa_re_2021.dat 1 2034 SSBF100 14.7763
Model_1_goa_re_2021.dat 1 2034 SSBFabc 5.91051
Model_1_goa_re_2021.dat 1 2034 SSBFofl 5.1717
Model_1_goa_re_2021.dat 1 2034 SSBLCI 6.72596
Model_1_goa_re_2021.dat 1 2034 SSBUCI 6.84067
Model_1_goa_re_2021.dat 1 2034 SSBMedian 6.77193
Model_1_goa_re_2021.dat 1 2034 SSBMean 6.77629
Model_1_goa_re_2021.dat 1 2021 F0 0 
Model_1_goa_re_2021.dat 1 2021 Fabc 0.0381281
Model_1_goa_re_2021.dat 1 2021 Fofl 0.0459618
Model_1_goa_re_2021.dat 1 2021  F_LCI 0.0194333
Model_1_goa_re_2021.dat 1 2021  F_UCI 0.0194333
Model_1_goa_re_2021.dat 1 2021  F_Median 0.0194333
Model_1_goa_re_2021.dat 1 2021  F_Mean 0.0194333
Model_1_goa_re_2021.dat 1 2022 F0 0 
Model_1_goa_re_2021.dat 1 2022 Fabc 0.0381281
Model_1_goa_re_2021.dat 1 2022 Fofl 0.0459618
Model_1_goa_re_2021.dat 1 2022  F_LCI 0.023413
Model_1_goa_re_2021.dat 1 2022  F_UCI 0.023413
Model_1_goa_re_2021.dat 1 2022  F_Median 0.023413
Model_1_goa_re_2021.dat 1 2022  F_Mean 0.023413
Model_1_goa_re_2021.dat 1 2023 F0 0 
Model_1_goa_re_2021.dat 1 2023 Fabc 0.0381281
Model_1_goa_re_2021.dat 1 2023 Fofl 0.0459618
Model_1_goa_re_2021.dat 1 2023  F_LCI 0.0381281
Model_1_goa_re_2021.dat 1 2023  F_UCI 0.0381281
Model_1_goa_re_2021.dat 1 2023  F_Median 0.0381281
Model_1_goa_re_2021.dat 1 2023  F_Mean 0.0381281
Model_1_goa_re_2021.dat 1 2024 F0 0 
Model_1_goa_re_2021.dat 1 2024 Fabc 0.0381281
Model_1_goa_re_2021.dat 1 2024 Fofl 0.0459618
Model_1_goa_re_2021.dat 1 2024  F_LCI 0.0381281
Model_1_goa_re_2021.dat 1 2024  F_UCI 0.0381281
Model_1_goa_re_2021.dat 1 2024  F_Median 0.0381281
Model_1_goa_re_2021.dat 1 2024  F_Mean 0.0381281
Model_1_goa_re_2021.dat 1 2025 F0 0 
Model_1_goa_re_2021.dat 1 2025 Fabc 0.0381281
Model_1_goa_re_2021.dat 1 2025 Fofl 0.0459618
Model_1_goa_re_2021.dat 1 2025  F_LCI 0.0381281
Model_1_goa_re_2021.dat 1 2025  F_UCI 0.0381281
Model_1_goa_re_2021.dat 1 2025  F_Median 0.0381281
Model_1_goa_re_2021.dat 1 2025  F_Mean 0.0381281
Model_1_goa_re_2021.dat 1 2026 F0 0 
Model_1_goa_re_2021.dat 1 2026 Fabc 0.0381281
Model_1_goa_re_2021.dat 1 2026 Fofl 0.0459618
Model_1_goa_re_2021.dat 1 2026  F_LCI 0.0381281
Model_1_goa_re_2021.dat 1 2026  F_UCI 0.0381281
Model_1_goa_re_2021.dat 1 2026  F_Median 0.0381281
Model_1_goa_re_2021.dat 1 2026  F_Mean 0.0381281
Model_1_goa_re_2021.dat 1 2027 F0 0 
Model_1_goa_re_2021.dat 1 2027 Fabc 0.0381281
Model_1_goa_re_2021.dat 1 2027 Fofl 0.0459618
Model_1_goa_re_2021.dat 1 2027  F_LCI 0.0381281
Model_1_goa_re_2021.dat 1 2027  F_UCI 0.0381281
Model_1_goa_re_2021.dat 1 2027  F_Median 0.0381281
Model_1_goa_re_2021.dat 1 2027  F_Mean 0.0381281
Model_1_goa_re_2021.dat 1 2028 F0 0 
Model_1_goa_re_2021.dat 1 2028 Fabc 0.0381281
Model_1_goa_re_2021.dat 1 2028 Fofl 0.0459618
Model_1_goa_re_2021.dat 1 2028  F_LCI 0.0381281
Model_1_goa_re_2021.dat 1 2028  F_UCI 0.0381281
Model_1_goa_re_2021.dat 1 2028  F_Median 0.0381281
Model_1_goa_re_2021.dat 1 2028  F_Mean 0.0381281
Model_1_goa_re_2021.dat 1 2029 F0 0 
Model_1_goa_re_2021.dat 1 2029 Fabc 0.0381281
Model_1_goa_re_2021.dat 1 2029 Fofl 0.0459618
Model_1_goa_re_2021.dat 1 2029  F_LCI 0.0381281
Model_1_goa_re_2021.dat 1 2029  F_UCI 0.0381281
Model_1_goa_re_2021.dat 1 2029  F_Median 0.0381281
Model_1_goa_re_2021.dat 1 2029  F_Mean 0.0381281
Model_1_goa_re_2021.dat 1 2030 F0 0 
Model_1_goa_re_2021.dat 1 2030 Fabc 0.0381281
Model_1_goa_re_2021.dat 1 2030 Fofl 0.0459618
Model_1_goa_re_2021.dat 1 2030  F_LCI 0.0381281
Model_1_goa_re_2021.dat 1 2030  F_UCI 0.0381281
Model_1_goa_re_2021.dat 1 2030  F_Median 0.0381281
Model_1_goa_re_2021.dat 1 2030  F_Mean 0.0381281
Model_1_goa_re_2021.dat 1 2031 F0 0 
Model_1_goa_re_2021.dat 1 2031 Fabc 0.0381281
Model_1_goa_re_2021.dat 1 2031 Fofl 0.0459618
Model_1_goa_re_2021.dat 1 2031  F_LCI 0.0381281
Model_1_goa_re_2021.dat 1 2031  F_UCI 0.0381281
Model_1_goa_re_2021.dat 1 2031  F_Median 0.0381281
Model_1_goa_re_2021.dat 1 2031  F_Mean 0.0381281
Model_1_goa_re_2021.dat 1 2032 F0 0 
Model_1_goa_re_2021.dat 1 2032 Fabc 0.0381281
Model_1_goa_re_2021.dat 1 2032 Fofl 0.0459618
Model_1_goa_re_2021.dat 1 2032  F_LCI 0.0381281
Model_1_goa_re_2021.dat 1 2032  F_UCI 0.0381281
Model_1_goa_re_2021.dat 1 2032  F_Median 0.0381281
Model_1_goa_re_2021.dat 1 2032  F_Mean 0.0381281
Model_1_goa_re_2021.dat 1 2033 F0 0 
Model_1_goa_re_2021.dat 1 2033 Fabc 0.0381281
Model_1_goa_re_2021.dat 1 2033 Fofl 0.0459618
Model_1_goa_re_2021.dat 1 2033  F_LCI 0.0381281
Model_1_goa_re_2021.dat 1 2033  F_UCI 0.0381281
Model_1_goa_re_2021.dat 1 2033  F_Median 0.0381281
Model_1_goa_re_2021.dat 1 2033  F_Mean 0.0381281
Model_1_goa_re_2021.dat 1 2034 F0 0 
Model_1_goa_re_2021.dat 1 2034 Fabc 0.0381281
Model_1_goa_re_2021.dat 1 2034 Fofl 0.0459618
Model_1_goa_re_2021.dat 1 2034  F_LCI 0.0381281
Model_1_goa_re_2021.dat 1 2034  F_UCI 0.0381281
Model_1_goa_re_2021.dat 1 2034  F_Median 0.0381281
Model_1_goa_re_2021.dat 1 2034  F_Mean 0.0381281
Model_1_goa_re_2021.dat 2 2021 Cabc 0.574153
Model_1_goa_re_2021.dat 2 2021 Cofl 0.615453
Model_1_goa_re_2021.dat 2 2021 CLCI 0.407204
Model_1_goa_re_2021.dat 2 2021 CUCI 0.407204
Model_1_goa_re_2021.dat 2 2021 CMedian 0.407204
Model_1_goa_re_2021.dat 2 2021 CMean 0.407204
Model_1_goa_re_2021.dat 2 2022 Cabc 0.574153
Model_1_goa_re_2021.dat 2 2022 Cofl 0.615453
Model_1_goa_re_2021.dat 2 2022 CLCI 0.487001
Model_1_goa_re_2021.dat 2 2022 CUCI 0.487001
Model_1_goa_re_2021.dat 2 2022 CMedian 0.487001
Model_1_goa_re_2021.dat 2 2022 CMean 0.487001
Model_1_goa_re_2021.dat 2 2023 Cabc 0.574153
Model_1_goa_re_2021.dat 2 2023 Cofl 0.615453
Model_1_goa_re_2021.dat 2 2023 CLCI 0.365204
Model_1_goa_re_2021.dat 2 2023 CUCI 0.365207
Model_1_goa_re_2021.dat 2 2023 CMedian 0.365205
Model_1_goa_re_2021.dat 2 2023 CMean 0.365205
Model_1_goa_re_2021.dat 2 2024 Cabc 0.574153
Model_1_goa_re_2021.dat 2 2024 Cofl 0.615453
Model_1_goa_re_2021.dat 2 2024 CLCI 0.364262
Model_1_goa_re_2021.dat 2 2024 CUCI 0.364275
Model_1_goa_re_2021.dat 2 2024 CMedian 0.364267
Model_1_goa_re_2021.dat 2 2024 CMean 0.364268
Model_1_goa_re_2021.dat 2 2025 Cabc 0.574153
Model_1_goa_re_2021.dat 2 2025 Cofl 0.615453
Model_1_goa_re_2021.dat 2 2025 CLCI 0.36684
Model_1_goa_re_2021.dat 2 2025 CUCI 0.366887
Model_1_goa_re_2021.dat 2 2025 CMedian 0.366858
Model_1_goa_re_2021.dat 2 2025 CMean 0.36686
Model_1_goa_re_2021.dat 2 2026 Cabc 0.574153
Model_1_goa_re_2021.dat 2 2026 Cofl 0.615453
Model_1_goa_re_2021.dat 2 2026 CLCI 0.37307
Model_1_goa_re_2021.dat 2 2026 CUCI 0.373222
Model_1_goa_re_2021.dat 2 2026 CMedian 0.373129
Model_1_goa_re_2021.dat 2 2026 CMean 0.373135
Model_1_goa_re_2021.dat 2 2027 Cabc 0.574153
Model_1_goa_re_2021.dat 2 2027 Cofl 0.615453
Model_1_goa_re_2021.dat 2 2027 CLCI 0.368772
Model_1_goa_re_2021.dat 2 2027 CUCI 0.369175
Model_1_goa_re_2021.dat 2 2027 CMedian 0.368927
Model_1_goa_re_2021.dat 2 2027 CMean 0.368944
Model_1_goa_re_2021.dat 2 2028 Cabc 0.574153
Model_1_goa_re_2021.dat 2 2028 Cofl 0.615453
Model_1_goa_re_2021.dat 2 2028 CLCI 0.364398
Model_1_goa_re_2021.dat 2 2028 CUCI 0.365247
Model_1_goa_re_2021.dat 2 2028 CMedian 0.364731
Model_1_goa_re_2021.dat 2 2028 CMean 0.364773
Model_1_goa_re_2021.dat 2 2029 Cabc 0.574153
Model_1_goa_re_2021.dat 2 2029 Cofl 0.615453
Model_1_goa_re_2021.dat 2 2029 CLCI 0.361437
Model_1_goa_re_2021.dat 2 2029 CUCI 0.362849
Model_1_goa_re_2021.dat 2 2029 CMedian 0.361988
Model_1_goa_re_2021.dat 2 2029 CMean 0.362048
Model_1_goa_re_2021.dat 2 2030 Cabc 0.574153
Model_1_goa_re_2021.dat 2 2030 Cofl 0.615453
Model_1_goa_re_2021.dat 2 2030 CLCI 0.359219
Model_1_goa_re_2021.dat 2 2030 CUCI 0.361052
Model_1_goa_re_2021.dat 2 2030 CMedian 0.360011
Model_1_goa_re_2021.dat 2 2030 CMean 0.360062
Model_1_goa_re_2021.dat 2 2031 Cabc 0.574153
Model_1_goa_re_2021.dat 2 2031 Cofl 0.615453
Model_1_goa_re_2021.dat 2 2031 CLCI 0.35724
Model_1_goa_re_2021.dat 2 2031 CUCI 0.359437
Model_1_goa_re_2021.dat 2 2031 CMedian 0.358216
Model_1_goa_re_2021.dat 2 2031 CMean 0.358269
Model_1_goa_re_2021.dat 2 2032 Cabc 0.574153
Model_1_goa_re_2021.dat 2 2032 Cofl 0.615453
Model_1_goa_re_2021.dat 2 2032 CLCI 0.356014
Model_1_goa_re_2021.dat 2 2032 CUCI 0.358551
Model_1_goa_re_2021.dat 2 2032 CMedian 0.357157
Model_1_goa_re_2021.dat 2 2032 CMean 0.357207
Model_1_goa_re_2021.dat 2 2033 Cabc 0.574153
Model_1_goa_re_2021.dat 2 2033 Cofl 0.615453
Model_1_goa_re_2021.dat 2 2033 CLCI 0.355302
Model_1_goa_re_2021.dat 2 2033 CUCI 0.358705
Model_1_goa_re_2021.dat 2 2033 CMedian 0.356796
Model_1_goa_re_2021.dat 2 2033 CMean 0.356828
Model_1_goa_re_2021.dat 2 2034 Cabc 0.574153
Model_1_goa_re_2021.dat 2 2034 Cofl 0.615453
Model_1_goa_re_2021.dat 2 2034 CLCI 0.354421
Model_1_goa_re_2021.dat 2 2034 CUCI 0.36048
Model_1_goa_re_2021.dat 2 2034 CMedian 0.356822
Model_1_goa_re_2021.dat 2 2034 CMean 0.357054
Model_1_goa_re_2021.dat 2 2021 SSBF100 14.7763
Model_1_goa_re_2021.dat 2 2021 SSBFabc 5.91051
Model_1_goa_re_2021.dat 2 2021 SSBFofl 5.1717
Model_1_goa_re_2021.dat 2 2021 SSBLCI 8.68089
Model_1_goa_re_2021.dat 2 2021 SSBUCI 8.68089
Model_1_goa_re_2021.dat 2 2021 SSBMedian 8.68089
Model_1_goa_re_2021.dat 2 2021 SSBMean 8.68089
Model_1_goa_re_2021.dat 2 2022 SSBF100 14.7763
Model_1_goa_re_2021.dat 2 2022 SSBFabc 5.91051
Model_1_goa_re_2021.dat 2 2022 SSBFofl 5.1717
Model_1_goa_re_2021.dat 2 2022 SSBLCI 8.61655
Model_1_goa_re_2021.dat 2 2022 SSBUCI 8.61655
Model_1_goa_re_2021.dat 2 2022 SSBMedian 8.61655
Model_1_goa_re_2021.dat 2 2022 SSBMean 8.61655
Model_1_goa_re_2021.dat 2 2023 SSBF100 14.7763
Model_1_goa_re_2021.dat 2 2023 SSBFabc 5.91051
Model_1_goa_re_2021.dat 2 2023 SSBFofl 5.1717
Model_1_goa_re_2021.dat 2 2023 SSBLCI 8.56076
Model_1_goa_re_2021.dat 2 2023 SSBUCI 8.56076
Model_1_goa_re_2021.dat 2 2023 SSBMedian 8.56076
Model_1_goa_re_2021.dat 2 2023 SSBMean 8.56076
Model_1_goa_re_2021.dat 2 2024 SSBF100 14.7763
Model_1_goa_re_2021.dat 2 2024 SSBFabc 5.91051
Model_1_goa_re_2021.dat 2 2024 SSBFofl 5.1717
Model_1_goa_re_2021.dat 2 2024 SSBLCI 8.52824
Model_1_goa_re_2021.dat 2 2024 SSBUCI 8.52824
Model_1_goa_re_2021.dat 2 2024 SSBMedian 8.52824
Model_1_goa_re_2021.dat 2 2024 SSBMean 8.52824
Model_1_goa_re_2021.dat 2 2025 SSBF100 14.7763
Model_1_goa_re_2021.dat 2 2025 SSBFabc 5.91051
Model_1_goa_re_2021.dat 2 2025 SSBFofl 5.1717
Model_1_goa_re_2021.dat 2 2025 SSBLCI 8.5095
Model_1_goa_re_2021.dat 2 2025 SSBUCI 8.5095
Model_1_goa_re_2021.dat 2 2025 SSBMedian 8.5095
Model_1_goa_re_2021.dat 2 2025 SSBMean 8.5095
Model_1_goa_re_2021.dat 2 2026 SSBF100 14.7763
Model_1_goa_re_2021.dat 2 2026 SSBFabc 5.91051
Model_1_goa_re_2021.dat 2 2026 SSBFofl 5.1717
Model_1_goa_re_2021.dat 2 2026 SSBLCI 8.49417
Model_1_goa_re_2021.dat 2 2026 SSBUCI 8.49438
Model_1_goa_re_2021.dat 2 2026 SSBMedian 8.49425
Model_1_goa_re_2021.dat 2 2026 SSBMean 8.49426
Model_1_goa_re_2021.dat 2 2027 SSBF100 14.7763
Model_1_goa_re_2021.dat 2 2027 SSBFabc 5.91051
Model_1_goa_re_2021.dat 2 2027 SSBFofl 5.1717
Model_1_goa_re_2021.dat 2 2027 SSBLCI 8.47393
Model_1_goa_re_2021.dat 2 2027 SSBUCI 8.47445
Model_1_goa_re_2021.dat 2 2027 SSBMedian 8.47414
Model_1_goa_re_2021.dat 2 2027 SSBMean 8.47416
Model_1_goa_re_2021.dat 2 2028 SSBF100 14.7763
Model_1_goa_re_2021.dat 2 2028 SSBFabc 5.91051
Model_1_goa_re_2021.dat 2 2028 SSBFofl 5.1717
Model_1_goa_re_2021.dat 2 2028 SSBLCI 8.44679
Model_1_goa_re_2021.dat 2 2028 SSBUCI 8.44802
Model_1_goa_re_2021.dat 2 2028 SSBMedian 8.44728
Model_1_goa_re_2021.dat 2 2028 SSBMean 8.44733
Model_1_goa_re_2021.dat 2 2029 SSBF100 14.7763
Model_1_goa_re_2021.dat 2 2029 SSBFabc 5.91051
Model_1_goa_re_2021.dat 2 2029 SSBFofl 5.1717
Model_1_goa_re_2021.dat 2 2029 SSBLCI 8.41394
Model_1_goa_re_2021.dat 2 2029 SSBUCI 8.41741
Model_1_goa_re_2021.dat 2 2029 SSBMedian 8.41527
Model_1_goa_re_2021.dat 2 2029 SSBMean 8.41541
Model_1_goa_re_2021.dat 2 2030 SSBF100 14.7763
Model_1_goa_re_2021.dat 2 2030 SSBFabc 5.91051
Model_1_goa_re_2021.dat 2 2030 SSBFofl 5.1717
Model_1_goa_re_2021.dat 2 2030 SSBLCI 8.37708
Model_1_goa_re_2021.dat 2 2030 SSBUCI 8.38595
Model_1_goa_re_2021.dat 2 2030 SSBMedian 8.38047
Model_1_goa_re_2021.dat 2 2030 SSBMean 8.38087
Model_1_goa_re_2021.dat 2 2031 SSBF100 14.7763
Model_1_goa_re_2021.dat 2 2031 SSBFabc 5.91051
Model_1_goa_re_2021.dat 2 2031 SSBFofl 5.1717
Model_1_goa_re_2021.dat 2 2031 SSBLCI 8.34111
Model_1_goa_re_2021.dat 2 2031 SSBUCI 8.36021
Model_1_goa_re_2021.dat 2 2031 SSBMedian 8.34852
Model_1_goa_re_2021.dat 2 2031 SSBMean 8.34946
Model_1_goa_re_2021.dat 2 2032 SSBF100 14.7763
Model_1_goa_re_2021.dat 2 2032 SSBFabc 5.91051
Model_1_goa_re_2021.dat 2 2032 SSBFofl 5.1717
Model_1_goa_re_2021.dat 2 2032 SSBLCI 8.29801
Model_1_goa_re_2021.dat 2 2032 SSBUCI 8.33619
Model_1_goa_re_2021.dat 2 2032 SSBMedian 8.31282
Model_1_goa_re_2021.dat 2 2032 SSBMean 8.31458
Model_1_goa_re_2021.dat 2 2033 SSBF100 14.7763
Model_1_goa_re_2021.dat 2 2033 SSBFabc 5.91051
Model_1_goa_re_2021.dat 2 2033 SSBFofl 5.1717
Model_1_goa_re_2021.dat 2 2033 SSBLCI 8.26011
Model_1_goa_re_2021.dat 2 2033 SSBUCI 8.32928
Model_1_goa_re_2021.dat 2 2033 SSBMedian 8.28666
Model_1_goa_re_2021.dat 2 2033 SSBMean 8.28995
Model_1_goa_re_2021.dat 2 2034 SSBF100 14.7763
Model_1_goa_re_2021.dat 2 2034 SSBFabc 5.91051
Model_1_goa_re_2021.dat 2 2034 SSBFofl 5.1717
Model_1_goa_re_2021.dat 2 2034 SSBLCI 8.22563
Model_1_goa_re_2021.dat 2 2034 SSBUCI 8.34181
Model_1_goa_re_2021.dat 2 2034 SSBMedian 8.27224
Model_1_goa_re_2021.dat 2 2034 SSBMean 8.27666
Model_1_goa_re_2021.dat 2 2021 F0 0 
Model_1_goa_re_2021.dat 2 2021 Fabc 0.0381281
Model_1_goa_re_2021.dat 2 2021 Fofl 0.0459618
Model_1_goa_re_2021.dat 2 2021  F_LCI 0.0194333
Model_1_goa_re_2021.dat 2 2021  F_UCI 0.0194333
Model_1_goa_re_2021.dat 2 2021  F_Median 0.0194333
Model_1_goa_re_2021.dat 2 2021  F_Mean 0.0194333
Model_1_goa_re_2021.dat 2 2022 F0 0 
Model_1_goa_re_2021.dat 2 2022 Fabc 0.0381281
Model_1_goa_re_2021.dat 2 2022 Fofl 0.0459618
Model_1_goa_re_2021.dat 2 2022  F_LCI 0.023413
Model_1_goa_re_2021.dat 2 2022  F_UCI 0.023413
Model_1_goa_re_2021.dat 2 2022  F_Median 0.023413
Model_1_goa_re_2021.dat 2 2022  F_Mean 0.023413
Model_1_goa_re_2021.dat 2 2023 F0 0 
Model_1_goa_re_2021.dat 2 2023 Fabc 0.0381281
Model_1_goa_re_2021.dat 2 2023 Fofl 0.0459618
Model_1_goa_re_2021.dat 2 2023  F_LCI 0.0177906
Model_1_goa_re_2021.dat 2 2023  F_UCI 0.0177906
Model_1_goa_re_2021.dat 2 2023  F_Median 0.0177906
Model_1_goa_re_2021.dat 2 2023  F_Mean 0.0177906
Model_1_goa_re_2021.dat 2 2024 F0 0 
Model_1_goa_re_2021.dat 2 2024 Fabc 0.0381281
Model_1_goa_re_2021.dat 2 2024 Fofl 0.0459618
Model_1_goa_re_2021.dat 2 2024  F_LCI 0.0177906
Model_1_goa_re_2021.dat 2 2024  F_UCI 0.0177906
Model_1_goa_re_2021.dat 2 2024  F_Median 0.0177906
Model_1_goa_re_2021.dat 2 2024  F_Mean 0.0177906
Model_1_goa_re_2021.dat 2 2025 F0 0 
Model_1_goa_re_2021.dat 2 2025 Fabc 0.0381281
Model_1_goa_re_2021.dat 2 2025 Fofl 0.0459618
Model_1_goa_re_2021.dat 2 2025  F_LCI 0.0177906
Model_1_goa_re_2021.dat 2 2025  F_UCI 0.0177906
Model_1_goa_re_2021.dat 2 2025  F_Median 0.0177906
Model_1_goa_re_2021.dat 2 2025  F_Mean 0.0177906
Model_1_goa_re_2021.dat 2 2026 F0 0 
Model_1_goa_re_2021.dat 2 2026 Fabc 0.0381281
Model_1_goa_re_2021.dat 2 2026 Fofl 0.0459618
Model_1_goa_re_2021.dat 2 2026  F_LCI 0.0177906
Model_1_goa_re_2021.dat 2 2026  F_UCI 0.0177906
Model_1_goa_re_2021.dat 2 2026  F_Median 0.0177906
Model_1_goa_re_2021.dat 2 2026  F_Mean 0.0177906
Model_1_goa_re_2021.dat 2 2027 F0 0 
Model_1_goa_re_2021.dat 2 2027 Fabc 0.0381281
Model_1_goa_re_2021.dat 2 2027 Fofl 0.0459618
Model_1_goa_re_2021.dat 2 2027  F_LCI 0.0177906
Model_1_goa_re_2021.dat 2 2027  F_UCI 0.0177906
Model_1_goa_re_2021.dat 2 2027  F_Median 0.0177906
Model_1_goa_re_2021.dat 2 2027  F_Mean 0.0177906
Model_1_goa_re_2021.dat 2 2028 F0 0 
Model_1_goa_re_2021.dat 2 2028 Fabc 0.0381281
Model_1_goa_re_2021.dat 2 2028 Fofl 0.0459618
Model_1_goa_re_2021.dat 2 2028  F_LCI 0.0177906
Model_1_goa_re_2021.dat 2 2028  F_UCI 0.0177906
Model_1_goa_re_2021.dat 2 2028  F_Median 0.0177906
Model_1_goa_re_2021.dat 2 2028  F_Mean 0.0177906
Model_1_goa_re_2021.dat 2 2029 F0 0 
Model_1_goa_re_2021.dat 2 2029 Fabc 0.0381281
Model_1_goa_re_2021.dat 2 2029 Fofl 0.0459618
Model_1_goa_re_2021.dat 2 2029  F_LCI 0.0177906
Model_1_goa_re_2021.dat 2 2029  F_UCI 0.0177906
Model_1_goa_re_2021.dat 2 2029  F_Median 0.0177906
Model_1_goa_re_2021.dat 2 2029  F_Mean 0.0177906
Model_1_goa_re_2021.dat 2 2030 F0 0 
Model_1_goa_re_2021.dat 2 2030 Fabc 0.0381281
Model_1_goa_re_2021.dat 2 2030 Fofl 0.0459618
Model_1_goa_re_2021.dat 2 2030  F_LCI 0.0177906
Model_1_goa_re_2021.dat 2 2030  F_UCI 0.0177906
Model_1_goa_re_2021.dat 2 2030  F_Median 0.0177906
Model_1_goa_re_2021.dat 2 2030  F_Mean 0.0177906
Model_1_goa_re_2021.dat 2 2031 F0 0 
Model_1_goa_re_2021.dat 2 2031 Fabc 0.0381281
Model_1_goa_re_2021.dat 2 2031 Fofl 0.0459618
Model_1_goa_re_2021.dat 2 2031  F_LCI 0.0177906
Model_1_goa_re_2021.dat 2 2031  F_UCI 0.0177906
Model_1_goa_re_2021.dat 2 2031  F_Median 0.0177906
Model_1_goa_re_2021.dat 2 2031  F_Mean 0.0177906
Model_1_goa_re_2021.dat 2 2032 F0 0 
Model_1_goa_re_2021.dat 2 2032 Fabc 0.0381281
Model_1_goa_re_2021.dat 2 2032 Fofl 0.0459618
Model_1_goa_re_2021.dat 2 2032  F_LCI 0.0177906
Model_1_goa_re_2021.dat 2 2032  F_UCI 0.0177906
Model_1_goa_re_2021.dat 2 2032  F_Median 0.0177906
Model_1_goa_re_2021.dat 2 2032  F_Mean 0.0177906
Model_1_goa_re_2021.dat 2 2033 F0 0 
Model_1_goa_re_2021.dat 2 2033 Fabc 0.0381281
Model_1_goa_re_2021.dat 2 2033 Fofl 0.0459618
Model_1_goa_re_2021.dat 2 2033  F_LCI 0.0177906
Model_1_goa_re_2021.dat 2 2033  F_UCI 0.0177906
Model_1_goa_re_2021.dat 2 2033  F_Median 0.0177906
Model_1_goa_re_2021.dat 2 2033  F_Mean 0.0177906
Model_1_goa_re_2021.dat 2 2034 F0 0 
Model_1_goa_re_2021.dat 2 2034 Fabc 0.0381281
Model_1_goa_re_2021.dat 2 2034 Fofl 0.0459618
Model_1_goa_re_2021.dat 2 2034  F_LCI 0.0177906
Model_1_goa_re_2021.dat 2 2034  F_UCI 0.0177906
Model_1_goa_re_2021.dat 2 2034  F_Median 0.0177906
Model_1_goa_re_2021.dat 2 2034  F_Mean 0.0177906
Model_1_goa_re_2021.dat 3 2021 Cabc 0.574153
Model_1_goa_re_2021.dat 3 2021 Cofl 0.615453
Model_1_goa_re_2021.dat 3 2021 CLCI 0.407204
Model_1_goa_re_2021.dat 3 2021 CUCI 0.407204
Model_1_goa_re_2021.dat 3 2021 CMedian 0.407204
Model_1_goa_re_2021.dat 3 2021 CMean 0.407204
Model_1_goa_re_2021.dat 3 2022 Cabc 0.574153
Model_1_goa_re_2021.dat 3 2022 Cofl 0.615453
Model_1_goa_re_2021.dat 3 2022 CLCI 0.487001
Model_1_goa_re_2021.dat 3 2022 CUCI 0.487001
Model_1_goa_re_2021.dat 3 2022 CMedian 0.487001
Model_1_goa_re_2021.dat 3 2022 CMean 0.487001
Model_1_goa_re_2021.dat 3 2023 Cabc 0.574153
Model_1_goa_re_2021.dat 3 2023 Cofl 0.615453
Model_1_goa_re_2021.dat 3 2023 CLCI 0.391105
Model_1_goa_re_2021.dat 3 2023 CUCI 0.391108
Model_1_goa_re_2021.dat 3 2023 CMedian 0.391106
Model_1_goa_re_2021.dat 3 2023 CMean 0.391106
Model_1_goa_re_2021.dat 3 2024 Cabc 0.574153
Model_1_goa_re_2021.dat 3 2024 Cofl 0.615453
Model_1_goa_re_2021.dat 3 2024 CLCI 0.389625
Model_1_goa_re_2021.dat 3 2024 CUCI 0.389639
Model_1_goa_re_2021.dat 3 2024 CMedian 0.38963
Model_1_goa_re_2021.dat 3 2024 CMean 0.389631
Model_1_goa_re_2021.dat 3 2025 Cabc 0.574153
Model_1_goa_re_2021.dat 3 2025 Cofl 0.615453
Model_1_goa_re_2021.dat 3 2025 CLCI 0.391931
Model_1_goa_re_2021.dat 3 2025 CUCI 0.391981
Model_1_goa_re_2021.dat 3 2025 CMedian 0.39195
Model_1_goa_re_2021.dat 3 2025 CMean 0.391952
Model_1_goa_re_2021.dat 3 2026 Cabc 0.574153
Model_1_goa_re_2021.dat 3 2026 Cofl 0.615453
Model_1_goa_re_2021.dat 3 2026 CLCI 0.398155
Model_1_goa_re_2021.dat 3 2026 CUCI 0.398317
Model_1_goa_re_2021.dat 3 2026 CMedian 0.398218
Model_1_goa_re_2021.dat 3 2026 CMean 0.398224
Model_1_goa_re_2021.dat 3 2027 Cabc 0.574153
Model_1_goa_re_2021.dat 3 2027 Cofl 0.615453
Model_1_goa_re_2021.dat 3 2027 CLCI 0.393119
Model_1_goa_re_2021.dat 3 2027 CUCI 0.393552
Model_1_goa_re_2021.dat 3 2027 CMedian 0.393285
Model_1_goa_re_2021.dat 3 2027 CMean 0.393304
Model_1_goa_re_2021.dat 3 2028 Cabc 0.574153
Model_1_goa_re_2021.dat 3 2028 Cofl 0.615453
Model_1_goa_re_2021.dat 3 2028 CLCI 0.388026
Model_1_goa_re_2021.dat 3 2028 CUCI 0.388935
Model_1_goa_re_2021.dat 3 2028 CMedian 0.388383
Model_1_goa_re_2021.dat 3 2028 CMean 0.388427
Model_1_goa_re_2021.dat 3 2029 Cabc 0.574153
Model_1_goa_re_2021.dat 3 2029 Cofl 0.615453
Model_1_goa_re_2021.dat 3 2029 CLCI 0.384466
Model_1_goa_re_2021.dat 3 2029 CUCI 0.38598
Model_1_goa_re_2021.dat 3 2029 CMedian 0.385057
Model_1_goa_re_2021.dat 3 2029 CMean 0.385121
Model_1_goa_re_2021.dat 3 2030 Cabc 0.574153
Model_1_goa_re_2021.dat 3 2030 Cofl 0.615453
Model_1_goa_re_2021.dat 3 2030 CLCI 0.381723
Model_1_goa_re_2021.dat 3 2030 CUCI 0.383687
Model_1_goa_re_2021.dat 3 2030 CMedian 0.382571
Model_1_goa_re_2021.dat 3 2030 CMean 0.382626
Model_1_goa_re_2021.dat 3 2031 Cabc 0.574153
Model_1_goa_re_2021.dat 3 2031 Cofl 0.615453
Model_1_goa_re_2021.dat 3 2031 CLCI 0.379254
Model_1_goa_re_2021.dat 3 2031 CUCI 0.381608
Model_1_goa_re_2021.dat 3 2031 CMedian 0.3803
Model_1_goa_re_2021.dat 3 2031 CMean 0.380356
Model_1_goa_re_2021.dat 3 2032 Cabc 0.574153
Model_1_goa_re_2021.dat 3 2032 Cofl 0.615453
Model_1_goa_re_2021.dat 3 2032 CLCI 0.377609
Model_1_goa_re_2021.dat 3 2032 CUCI 0.380328
Model_1_goa_re_2021.dat 3 2032 CMedian 0.378834
Model_1_goa_re_2021.dat 3 2032 CMean 0.378888
Model_1_goa_re_2021.dat 3 2033 Cabc 0.574153
Model_1_goa_re_2021.dat 3 2033 Cofl 0.615453
Model_1_goa_re_2021.dat 3 2033 CLCI 0.376532
Model_1_goa_re_2021.dat 3 2033 CUCI 0.380176
Model_1_goa_re_2021.dat 3 2033 CMedian 0.378132
Model_1_goa_re_2021.dat 3 2033 CMean 0.378166
Model_1_goa_re_2021.dat 3 2034 Cabc 0.574153
Model_1_goa_re_2021.dat 3 2034 Cofl 0.615453
Model_1_goa_re_2021.dat 3 2034 CLCI 0.375289
Model_1_goa_re_2021.dat 3 2034 CUCI 0.381776
Model_1_goa_re_2021.dat 3 2034 CMedian 0.37786
Model_1_goa_re_2021.dat 3 2034 CMean 0.378109
Model_1_goa_re_2021.dat 3 2021 SSBF100 14.7763
Model_1_goa_re_2021.dat 3 2021 SSBFabc 5.91051
Model_1_goa_re_2021.dat 3 2021 SSBFofl 5.1717
Model_1_goa_re_2021.dat 3 2021 SSBLCI 8.68089
Model_1_goa_re_2021.dat 3 2021 SSBUCI 8.68089
Model_1_goa_re_2021.dat 3 2021 SSBMedian 8.68089
Model_1_goa_re_2021.dat 3 2021 SSBMean 8.68089
Model_1_goa_re_2021.dat 3 2022 SSBF100 14.7763
Model_1_goa_re_2021.dat 3 2022 SSBFabc 5.91051
Model_1_goa_re_2021.dat 3 2022 SSBFofl 5.1717
Model_1_goa_re_2021.dat 3 2022 SSBLCI 8.61655
Model_1_goa_re_2021.dat 3 2022 SSBUCI 8.61655
Model_1_goa_re_2021.dat 3 2022 SSBMedian 8.61655
Model_1_goa_re_2021.dat 3 2022 SSBMean 8.61655
Model_1_goa_re_2021.dat 3 2023 SSBF100 14.7763
Model_1_goa_re_2021.dat 3 2023 SSBFabc 5.91051
Model_1_goa_re_2021.dat 3 2023 SSBFofl 5.1717
Model_1_goa_re_2021.dat 3 2023 SSBLCI 8.5563
Model_1_goa_re_2021.dat 3 2023 SSBUCI 8.5563
Model_1_goa_re_2021.dat 3 2023 SSBMedian 8.5563
Model_1_goa_re_2021.dat 3 2023 SSBMean 8.5563
Model_1_goa_re_2021.dat 3 2024 SSBF100 14.7763
Model_1_goa_re_2021.dat 3 2024 SSBFabc 5.91051
Model_1_goa_re_2021.dat 3 2024 SSBFofl 5.1717
Model_1_goa_re_2021.dat 3 2024 SSBLCI 8.51329
Model_1_goa_re_2021.dat 3 2024 SSBUCI 8.51329
Model_1_goa_re_2021.dat 3 2024 SSBMedian 8.51329
Model_1_goa_re_2021.dat 3 2024 SSBMean 8.51329
Model_1_goa_re_2021.dat 3 2025 SSBF100 14.7763
Model_1_goa_re_2021.dat 3 2025 SSBFabc 5.91051
Model_1_goa_re_2021.dat 3 2025 SSBFofl 5.1717
Model_1_goa_re_2021.dat 3 2025 SSBLCI 8.48428
Model_1_goa_re_2021.dat 3 2025 SSBUCI 8.48428
Model_1_goa_re_2021.dat 3 2025 SSBMedian 8.48428
Model_1_goa_re_2021.dat 3 2025 SSBMean 8.48428
Model_1_goa_re_2021.dat 3 2026 SSBF100 14.7763
Model_1_goa_re_2021.dat 3 2026 SSBFabc 5.91051
Model_1_goa_re_2021.dat 3 2026 SSBFofl 5.1717
Model_1_goa_re_2021.dat 3 2026 SSBLCI 8.45888
Model_1_goa_re_2021.dat 3 2026 SSBUCI 8.45909
Model_1_goa_re_2021.dat 3 2026 SSBMedian 8.45895
Model_1_goa_re_2021.dat 3 2026 SSBMean 8.45896
Model_1_goa_re_2021.dat 3 2027 SSBF100 14.7763
Model_1_goa_re_2021.dat 3 2027 SSBFabc 5.91051
Model_1_goa_re_2021.dat 3 2027 SSBFofl 5.1717
Model_1_goa_re_2021.dat 3 2027 SSBLCI 8.42879
Model_1_goa_re_2021.dat 3 2027 SSBUCI 8.4293
Model_1_goa_re_2021.dat 3 2027 SSBMedian 8.42899
Model_1_goa_re_2021.dat 3 2027 SSBMean 8.42901
Model_1_goa_re_2021.dat 3 2028 SSBF100 14.7763
Model_1_goa_re_2021.dat 3 2028 SSBFabc 5.91051
Model_1_goa_re_2021.dat 3 2028 SSBFofl 5.1717
Model_1_goa_re_2021.dat 3 2028 SSBLCI 8.39212
Model_1_goa_re_2021.dat 3 2028 SSBUCI 8.39334
Model_1_goa_re_2021.dat 3 2028 SSBMedian 8.39261
Model_1_goa_re_2021.dat 3 2028 SSBMean 8.39266
Model_1_goa_re_2021.dat 3 2029 SSBF100 14.7763
Model_1_goa_re_2021.dat 3 2029 SSBFabc 5.91051
Model_1_goa_re_2021.dat 3 2029 SSBFofl 5.1717
Model_1_goa_re_2021.dat 3 2029 SSBLCI 8.35009
Model_1_goa_re_2021.dat 3 2029 SSBUCI 8.35356
Model_1_goa_re_2021.dat 3 2029 SSBMedian 8.35142
Model_1_goa_re_2021.dat 3 2029 SSBMean 8.35156
Model_1_goa_re_2021.dat 3 2030 SSBF100 14.7763
Model_1_goa_re_2021.dat 3 2030 SSBFabc 5.91051
Model_1_goa_re_2021.dat 3 2030 SSBFofl 5.1717
Model_1_goa_re_2021.dat 3 2030 SSBLCI 8.30445
Model_1_goa_re_2021.dat 3 2030 SSBUCI 8.31332
Model_1_goa_re_2021.dat 3 2030 SSBMedian 8.30785
Model_1_goa_re_2021.dat 3 2030 SSBMean 8.30824
Model_1_goa_re_2021.dat 3 2031 SSBF100 14.7763
Model_1_goa_re_2021.dat 3 2031 SSBFabc 5.91051
Model_1_goa_re_2021.dat 3 2031 SSBFofl 5.1717
Model_1_goa_re_2021.dat 3 2031 SSBLCI 8.26007
Model_1_goa_re_2021.dat 3 2031 SSBUCI 8.27915
Model_1_goa_re_2021.dat 3 2031 SSBMedian 8.26747
Model_1_goa_re_2021.dat 3 2031 SSBMean 8.26842
Model_1_goa_re_2021.dat 3 2032 SSBF100 14.7763
Model_1_goa_re_2021.dat 3 2032 SSBFabc 5.91051
Model_1_goa_re_2021.dat 3 2032 SSBFofl 5.1717
Model_1_goa_re_2021.dat 3 2032 SSBLCI 8.20903
Model_1_goa_re_2021.dat 3 2032 SSBUCI 8.24719
Model_1_goa_re_2021.dat 3 2032 SSBMedian 8.22383
Model_1_goa_re_2021.dat 3 2032 SSBMean 8.22559
Model_1_goa_re_2021.dat 3 2033 SSBF100 14.7763
Model_1_goa_re_2021.dat 3 2033 SSBFabc 5.91051
Model_1_goa_re_2021.dat 3 2033 SSBFofl 5.1717
Model_1_goa_re_2021.dat 3 2033 SSBLCI 8.16355
Model_1_goa_re_2021.dat 3 2033 SSBUCI 8.23268
Model_1_goa_re_2021.dat 3 2033 SSBMedian 8.19009
Model_1_goa_re_2021.dat 3 2033 SSBMean 8.19337
Model_1_goa_re_2021.dat 3 2034 SSBF100 14.7763
Model_1_goa_re_2021.dat 3 2034 SSBFabc 5.91051
Model_1_goa_re_2021.dat 3 2034 SSBFofl 5.1717
Model_1_goa_re_2021.dat 3 2034 SSBLCI 8.12184
Model_1_goa_re_2021.dat 3 2034 SSBUCI 8.23792
Model_1_goa_re_2021.dat 3 2034 SSBMedian 8.1684
Model_1_goa_re_2021.dat 3 2034 SSBMean 8.17282
Model_1_goa_re_2021.dat 3 2021 F0 0 
Model_1_goa_re_2021.dat 3 2021 Fabc 0.0381281
Model_1_goa_re_2021.dat 3 2021 Fofl 0.0459618
Model_1_goa_re_2021.dat 3 2021  F_LCI 0.0194333
Model_1_goa_re_2021.dat 3 2021  F_UCI 0.0194333
Model_1_goa_re_2021.dat 3 2021  F_Median 0.0194333
Model_1_goa_re_2021.dat 3 2021  F_Mean 0.0194333
Model_1_goa_re_2021.dat 3 2022 F0 0 
Model_1_goa_re_2021.dat 3 2022 Fabc 0.0381281
Model_1_goa_re_2021.dat 3 2022 Fofl 0.0459618
Model_1_goa_re_2021.dat 3 2022  F_LCI 0.023413
Model_1_goa_re_2021.dat 3 2022  F_UCI 0.023413
Model_1_goa_re_2021.dat 3 2022  F_Median 0.023413
Model_1_goa_re_2021.dat 3 2022  F_Mean 0.023413
Model_1_goa_re_2021.dat 3 2023 F0 0 
Model_1_goa_re_2021.dat 3 2023 Fabc 0.0381281
Model_1_goa_re_2021.dat 3 2023 Fofl 0.0459618
Model_1_goa_re_2021.dat 3 2023  F_LCI 0.019064
Model_1_goa_re_2021.dat 3 2023  F_UCI 0.019064
Model_1_goa_re_2021.dat 3 2023  F_Median 0.019064
Model_1_goa_re_2021.dat 3 2023  F_Mean 0.019064
Model_1_goa_re_2021.dat 3 2024 F0 0 
Model_1_goa_re_2021.dat 3 2024 Fabc 0.0381281
Model_1_goa_re_2021.dat 3 2024 Fofl 0.0459618
Model_1_goa_re_2021.dat 3 2024  F_LCI 0.019064
Model_1_goa_re_2021.dat 3 2024  F_UCI 0.019064
Model_1_goa_re_2021.dat 3 2024  F_Median 0.019064
Model_1_goa_re_2021.dat 3 2024  F_Mean 0.019064
Model_1_goa_re_2021.dat 3 2025 F0 0 
Model_1_goa_re_2021.dat 3 2025 Fabc 0.0381281
Model_1_goa_re_2021.dat 3 2025 Fofl 0.0459618
Model_1_goa_re_2021.dat 3 2025  F_LCI 0.019064
Model_1_goa_re_2021.dat 3 2025  F_UCI 0.019064
Model_1_goa_re_2021.dat 3 2025  F_Median 0.019064
Model_1_goa_re_2021.dat 3 2025  F_Mean 0.019064
Model_1_goa_re_2021.dat 3 2026 F0 0 
Model_1_goa_re_2021.dat 3 2026 Fabc 0.0381281
Model_1_goa_re_2021.dat 3 2026 Fofl 0.0459618
Model_1_goa_re_2021.dat 3 2026  F_LCI 0.019064
Model_1_goa_re_2021.dat 3 2026  F_UCI 0.019064
Model_1_goa_re_2021.dat 3 2026  F_Median 0.019064
Model_1_goa_re_2021.dat 3 2026  F_Mean 0.019064
Model_1_goa_re_2021.dat 3 2027 F0 0 
Model_1_goa_re_2021.dat 3 2027 Fabc 0.0381281
Model_1_goa_re_2021.dat 3 2027 Fofl 0.0459618
Model_1_goa_re_2021.dat 3 2027  F_LCI 0.019064
Model_1_goa_re_2021.dat 3 2027  F_UCI 0.019064
Model_1_goa_re_2021.dat 3 2027  F_Median 0.019064
Model_1_goa_re_2021.dat 3 2027  F_Mean 0.019064
Model_1_goa_re_2021.dat 3 2028 F0 0 
Model_1_goa_re_2021.dat 3 2028 Fabc 0.0381281
Model_1_goa_re_2021.dat 3 2028 Fofl 0.0459618
Model_1_goa_re_2021.dat 3 2028  F_LCI 0.019064
Model_1_goa_re_2021.dat 3 2028  F_UCI 0.019064
Model_1_goa_re_2021.dat 3 2028  F_Median 0.019064
Model_1_goa_re_2021.dat 3 2028  F_Mean 0.019064
Model_1_goa_re_2021.dat 3 2029 F0 0 
Model_1_goa_re_2021.dat 3 2029 Fabc 0.0381281
Model_1_goa_re_2021.dat 3 2029 Fofl 0.0459618
Model_1_goa_re_2021.dat 3 2029  F_LCI 0.019064
Model_1_goa_re_2021.dat 3 2029  F_UCI 0.019064
Model_1_goa_re_2021.dat 3 2029  F_Median 0.019064
Model_1_goa_re_2021.dat 3 2029  F_Mean 0.019064
Model_1_goa_re_2021.dat 3 2030 F0 0 
Model_1_goa_re_2021.dat 3 2030 Fabc 0.0381281
Model_1_goa_re_2021.dat 3 2030 Fofl 0.0459618
Model_1_goa_re_2021.dat 3 2030  F_LCI 0.019064
Model_1_goa_re_2021.dat 3 2030  F_UCI 0.019064
Model_1_goa_re_2021.dat 3 2030  F_Median 0.019064
Model_1_goa_re_2021.dat 3 2030  F_Mean 0.019064
Model_1_goa_re_2021.dat 3 2031 F0 0 
Model_1_goa_re_2021.dat 3 2031 Fabc 0.0381281
Model_1_goa_re_2021.dat 3 2031 Fofl 0.0459618
Model_1_goa_re_2021.dat 3 2031  F_LCI 0.019064
Model_1_goa_re_2021.dat 3 2031  F_UCI 0.019064
Model_1_goa_re_2021.dat 3 2031  F_Median 0.019064
Model_1_goa_re_2021.dat 3 2031  F_Mean 0.019064
Model_1_goa_re_2021.dat 3 2032 F0 0 
Model_1_goa_re_2021.dat 3 2032 Fabc 0.0381281
Model_1_goa_re_2021.dat 3 2032 Fofl 0.0459618
Model_1_goa_re_2021.dat 3 2032  F_LCI 0.019064
Model_1_goa_re_2021.dat 3 2032  F_UCI 0.019064
Model_1_goa_re_2021.dat 3 2032  F_Median 0.019064
Model_1_goa_re_2021.dat 3 2032  F_Mean 0.019064
Model_1_goa_re_2021.dat 3 2033 F0 0 
Model_1_goa_re_2021.dat 3 2033 Fabc 0.0381281
Model_1_goa_re_2021.dat 3 2033 Fofl 0.0459618
Model_1_goa_re_2021.dat 3 2033  F_LCI 0.019064
Model_1_goa_re_2021.dat 3 2033  F_UCI 0.019064
Model_1_goa_re_2021.dat 3 2033  F_Median 0.019064
Model_1_goa_re_2021.dat 3 2033  F_Mean 0.019064
Model_1_goa_re_2021.dat 3 2034 F0 0 
Model_1_goa_re_2021.dat 3 2034 Fabc 0.0381281
Model_1_goa_re_2021.dat 3 2034 Fofl 0.0459618
Model_1_goa_re_2021.dat 3 2034  F_LCI 0.019064
Model_1_goa_re_2021.dat 3 2034  F_UCI 0.019064
Model_1_goa_re_2021.dat 3 2034  F_Median 0.019064
Model_1_goa_re_2021.dat 3 2034  F_Mean 0.019064
Model_1_goa_re_2021.dat 4 2021 Cabc 0.574153
Model_1_goa_re_2021.dat 4 2021 Cofl 0.615453
Model_1_goa_re_2021.dat 4 2021 CLCI 0.407204
Model_1_goa_re_2021.dat 4 2021 CUCI 0.407204
Model_1_goa_re_2021.dat 4 2021 CMedian 0.407204
Model_1_goa_re_2021.dat 4 2021 CMean 0.407204
Model_1_goa_re_2021.dat 4 2022 Cabc 0.574153
Model_1_goa_re_2021.dat 4 2022 Cofl 0.615453
Model_1_goa_re_2021.dat 4 2022 CLCI 0.487001
Model_1_goa_re_2021.dat 4 2022 CUCI 0.487001
Model_1_goa_re_2021.dat 4 2022 CMedian 0.487001
Model_1_goa_re_2021.dat 4 2022 CMean 0.487001
Model_1_goa_re_2021.dat 4 2023 Cabc 0.574153
Model_1_goa_re_2021.dat 4 2023 Cofl 0.615453
Model_1_goa_re_2021.dat 4 2023 CLCI 0.530287
Model_1_goa_re_2021.dat 4 2023 CUCI 0.530291
Model_1_goa_re_2021.dat 4 2023 CMedian 0.530289
Model_1_goa_re_2021.dat 4 2023 CMean 0.530289
Model_1_goa_re_2021.dat 4 2024 Cabc 0.574153
Model_1_goa_re_2021.dat 4 2024 Cofl 0.615453
Model_1_goa_re_2021.dat 4 2024 CLCI 0.524846
Model_1_goa_re_2021.dat 4 2024 CUCI 0.524864
Model_1_goa_re_2021.dat 4 2024 CMedian 0.524853
Model_1_goa_re_2021.dat 4 2024 CMean 0.524854
Model_1_goa_re_2021.dat 4 2025 Cabc 0.574153
Model_1_goa_re_2021.dat 4 2025 Cofl 0.615453
Model_1_goa_re_2021.dat 4 2025 CLCI 0.524685
Model_1_goa_re_2021.dat 4 2025 CUCI 0.524753
Model_1_goa_re_2021.dat 4 2025 CMedian 0.524711
Model_1_goa_re_2021.dat 4 2025 CMean 0.524714
Model_1_goa_re_2021.dat 4 2026 Cabc 0.574153
Model_1_goa_re_2021.dat 4 2026 Cofl 0.615453
Model_1_goa_re_2021.dat 4 2026 CLCI 0.529918
Model_1_goa_re_2021.dat 4 2026 CUCI 0.530139
Model_1_goa_re_2021.dat 4 2026 CMedian 0.530004
Model_1_goa_re_2021.dat 4 2026 CMean 0.530012
Model_1_goa_re_2021.dat 4 2027 Cabc 0.574153
Model_1_goa_re_2021.dat 4 2027 Cofl 0.615453
Model_1_goa_re_2021.dat 4 2027 CLCI 0.520011
Model_1_goa_re_2021.dat 4 2027 CUCI 0.520599
Model_1_goa_re_2021.dat 4 2027 CMedian 0.520237
Model_1_goa_re_2021.dat 4 2027 CMean 0.520262
Model_1_goa_re_2021.dat 4 2028 Cabc 0.574153
Model_1_goa_re_2021.dat 4 2028 Cofl 0.615453
Model_1_goa_re_2021.dat 4 2028 CLCI 0.510216
Model_1_goa_re_2021.dat 4 2028 CUCI 0.511452
Model_1_goa_re_2021.dat 4 2028 CMedian 0.510701
Model_1_goa_re_2021.dat 4 2028 CMean 0.510762
Model_1_goa_re_2021.dat 4 2029 Cabc 0.574153
Model_1_goa_re_2021.dat 4 2029 Cofl 0.615453
Model_1_goa_re_2021.dat 4 2029 CLCI 0.502677
Model_1_goa_re_2021.dat 4 2029 CUCI 0.504734
Model_1_goa_re_2021.dat 4 2029 CMedian 0.503479
Model_1_goa_re_2021.dat 4 2029 CMean 0.503566
Model_1_goa_re_2021.dat 4 2030 Cabc 0.574153
Model_1_goa_re_2021.dat 4 2030 Cofl 0.615453
Model_1_goa_re_2021.dat 4 2030 CLCI 0.496403
Model_1_goa_re_2021.dat 4 2030 CUCI 0.49907
Model_1_goa_re_2021.dat 4 2030 CMedian 0.497555
Model_1_goa_re_2021.dat 4 2030 CMean 0.49763
Model_1_goa_re_2021.dat 4 2031 Cabc 0.574153
Model_1_goa_re_2021.dat 4 2031 Cofl 0.615453
Model_1_goa_re_2021.dat 4 2031 CLCI 0.490654
Model_1_goa_re_2021.dat 4 2031 CUCI 0.49385
Model_1_goa_re_2021.dat 4 2031 CMedian 0.492076
Model_1_goa_re_2021.dat 4 2031 CMean 0.492151
Model_1_goa_re_2021.dat 4 2032 Cabc 0.574153
Model_1_goa_re_2021.dat 4 2032 Cofl 0.615453
Model_1_goa_re_2021.dat 4 2032 CLCI 0.486165
Model_1_goa_re_2021.dat 4 2032 CUCI 0.489854
Model_1_goa_re_2021.dat 4 2032 CMedian 0.487826
Model_1_goa_re_2021.dat 4 2032 CMean 0.487901
Model_1_goa_re_2021.dat 4 2033 Cabc 0.574153
Model_1_goa_re_2021.dat 4 2033 Cofl 0.615453
Model_1_goa_re_2021.dat 4 2033 CLCI 0.482574
Model_1_goa_re_2021.dat 4 2033 CUCI 0.487518
Model_1_goa_re_2021.dat 4 2033 CMedian 0.484746
Model_1_goa_re_2021.dat 4 2033 CMean 0.484792
Model_1_goa_re_2021.dat 4 2034 Cabc 0.574153
Model_1_goa_re_2021.dat 4 2034 Cofl 0.615453
Model_1_goa_re_2021.dat 4 2034 CLCI 0.478883
Model_1_goa_re_2021.dat 4 2034 CUCI 0.487667
Model_1_goa_re_2021.dat 4 2034 CMedian 0.482365
Model_1_goa_re_2021.dat 4 2034 CMean 0.482702
Model_1_goa_re_2021.dat 4 2021 SSBF100 14.7763
Model_1_goa_re_2021.dat 4 2021 SSBFabc 5.91051
Model_1_goa_re_2021.dat 4 2021 SSBFofl 5.1717
Model_1_goa_re_2021.dat 4 2021 SSBLCI 8.68089
Model_1_goa_re_2021.dat 4 2021 SSBUCI 8.68089
Model_1_goa_re_2021.dat 4 2021 SSBMedian 8.68089
Model_1_goa_re_2021.dat 4 2021 SSBMean 8.68089
Model_1_goa_re_2021.dat 4 2022 SSBF100 14.7763
Model_1_goa_re_2021.dat 4 2022 SSBFabc 5.91051
Model_1_goa_re_2021.dat 4 2022 SSBFofl 5.1717
Model_1_goa_re_2021.dat 4 2022 SSBLCI 8.61655
Model_1_goa_re_2021.dat 4 2022 SSBUCI 8.61655
Model_1_goa_re_2021.dat 4 2022 SSBMedian 8.61655
Model_1_goa_re_2021.dat 4 2022 SSBMean 8.61655
Model_1_goa_re_2021.dat 4 2023 SSBF100 14.7763
Model_1_goa_re_2021.dat 4 2023 SSBFabc 5.91051
Model_1_goa_re_2021.dat 4 2023 SSBFofl 5.1717
Model_1_goa_re_2021.dat 4 2023 SSBLCI 8.53228
Model_1_goa_re_2021.dat 4 2023 SSBUCI 8.53228
Model_1_goa_re_2021.dat 4 2023 SSBMedian 8.53228
Model_1_goa_re_2021.dat 4 2023 SSBMean 8.53228
Model_1_goa_re_2021.dat 4 2024 SSBF100 14.7763
Model_1_goa_re_2021.dat 4 2024 SSBFabc 5.91051
Model_1_goa_re_2021.dat 4 2024 SSBFofl 5.1717
Model_1_goa_re_2021.dat 4 2024 SSBLCI 8.43305
Model_1_goa_re_2021.dat 4 2024 SSBUCI 8.43305
Model_1_goa_re_2021.dat 4 2024 SSBMedian 8.43305
Model_1_goa_re_2021.dat 4 2024 SSBMean 8.43305
Model_1_goa_re_2021.dat 4 2025 SSBF100 14.7763
Model_1_goa_re_2021.dat 4 2025 SSBFabc 5.91051
Model_1_goa_re_2021.dat 4 2025 SSBFofl 5.1717
Model_1_goa_re_2021.dat 4 2025 SSBLCI 8.34951
Model_1_goa_re_2021.dat 4 2025 SSBUCI 8.34951
Model_1_goa_re_2021.dat 4 2025 SSBMedian 8.34951
Model_1_goa_re_2021.dat 4 2025 SSBMean 8.34951
Model_1_goa_re_2021.dat 4 2026 SSBF100 14.7763
Model_1_goa_re_2021.dat 4 2026 SSBFabc 5.91051
Model_1_goa_re_2021.dat 4 2026 SSBFofl 5.1717
Model_1_goa_re_2021.dat 4 2026 SSBLCI 8.27107
Model_1_goa_re_2021.dat 4 2026 SSBUCI 8.27127
Model_1_goa_re_2021.dat 4 2026 SSBMedian 8.27114
Model_1_goa_re_2021.dat 4 2026 SSBMean 8.27115
Model_1_goa_re_2021.dat 4 2027 SSBF100 14.7763
Model_1_goa_re_2021.dat 4 2027 SSBFabc 5.91051
Model_1_goa_re_2021.dat 4 2027 SSBFofl 5.1717
Model_1_goa_re_2021.dat 4 2027 SSBLCI 8.18948
Model_1_goa_re_2021.dat 4 2027 SSBUCI 8.18999
Model_1_goa_re_2021.dat 4 2027 SSBMedian 8.18968
Model_1_goa_re_2021.dat 4 2027 SSBMean 8.1897
Model_1_goa_re_2021.dat 4 2028 SSBF100 14.7763
Model_1_goa_re_2021.dat 4 2028 SSBFabc 5.91051
Model_1_goa_re_2021.dat 4 2028 SSBFofl 5.1717
Model_1_goa_re_2021.dat 4 2028 SSBLCI 8.10339
Model_1_goa_re_2021.dat 4 2028 SSBUCI 8.10462
Model_1_goa_re_2021.dat 4 2028 SSBMedian 8.10388
Model_1_goa_re_2021.dat 4 2028 SSBMean 8.10393
Model_1_goa_re_2021.dat 4 2029 SSBF100 14.7763
Model_1_goa_re_2021.dat 4 2029 SSBFabc 5.91051
Model_1_goa_re_2021.dat 4 2029 SSBFofl 5.1717
Model_1_goa_re_2021.dat 4 2029 SSBLCI 8.01423
Model_1_goa_re_2021.dat 4 2029 SSBUCI 8.0177
Model_1_goa_re_2021.dat 4 2029 SSBMedian 8.01556
Model_1_goa_re_2021.dat 4 2029 SSBMean 8.0157
Model_1_goa_re_2021.dat 4 2030 SSBF100 14.7763
Model_1_goa_re_2021.dat 4 2030 SSBFabc 5.91051
Model_1_goa_re_2021.dat 4 2030 SSBFofl 5.1717
Model_1_goa_re_2021.dat 4 2030 SSBLCI 7.92382
Model_1_goa_re_2021.dat 4 2030 SSBUCI 7.93268
Model_1_goa_re_2021.dat 4 2030 SSBMedian 7.92721
Model_1_goa_re_2021.dat 4 2030 SSBMean 7.92761
Model_1_goa_re_2021.dat 4 2031 SSBF100 14.7763
Model_1_goa_re_2021.dat 4 2031 SSBFabc 5.91051
Model_1_goa_re_2021.dat 4 2031 SSBFofl 5.1717
Model_1_goa_re_2021.dat 4 2031 SSBLCI 7.83693
Model_1_goa_re_2021.dat 4 2031 SSBUCI 7.85596
Model_1_goa_re_2021.dat 4 2031 SSBMedian 7.84431
Model_1_goa_re_2021.dat 4 2031 SSBMean 7.84526
Model_1_goa_re_2021.dat 4 2032 SSBF100 14.7763
Model_1_goa_re_2021.dat 4 2032 SSBFabc 5.91051
Model_1_goa_re_2021.dat 4 2032 SSBFofl 5.1717
Model_1_goa_re_2021.dat 4 2032 SSBLCI 7.74615
Model_1_goa_re_2021.dat 4 2032 SSBUCI 7.78419
Model_1_goa_re_2021.dat 4 2032 SSBMedian 7.76091
Model_1_goa_re_2021.dat 4 2032 SSBMean 7.76266
Model_1_goa_re_2021.dat 4 2033 SSBF100 14.7763
Model_1_goa_re_2021.dat 4 2033 SSBFabc 5.91051
Model_1_goa_re_2021.dat 4 2033 SSBFofl 5.1717
Model_1_goa_re_2021.dat 4 2033 SSBLCI 7.66304
Model_1_goa_re_2021.dat 4 2033 SSBUCI 7.7319
Model_1_goa_re_2021.dat 4 2033 SSBMedian 7.68947
Model_1_goa_re_2021.dat 4 2033 SSBMean 7.69275
Model_1_goa_re_2021.dat 4 2034 SSBF100 14.7763
Model_1_goa_re_2021.dat 4 2034 SSBFabc 5.91051
Model_1_goa_re_2021.dat 4 2034 SSBFofl 5.1717
Model_1_goa_re_2021.dat 4 2034 SSBLCI 7.58567
Model_1_goa_re_2021.dat 4 2034 SSBUCI 7.70126
Model_1_goa_re_2021.dat 4 2034 SSBMedian 7.63202
Model_1_goa_re_2021.dat 4 2034 SSBMean 7.63642
Model_1_goa_re_2021.dat 4 2021 F0 0 
Model_1_goa_re_2021.dat 4 2021 Fabc 0.0381281
Model_1_goa_re_2021.dat 4 2021 Fofl 0.0459618
Model_1_goa_re_2021.dat 4 2021  F_LCI 0.0194333
Model_1_goa_re_2021.dat 4 2021  F_UCI 0.0194333
Model_1_goa_re_2021.dat 4 2021  F_Median 0.0194333
Model_1_goa_re_2021.dat 4 2021  F_Mean 0.0194333
Model_1_goa_re_2021.dat 4 2022 F0 0 
Model_1_goa_re_2021.dat 4 2022 Fabc 0.0381281
Model_1_goa_re_2021.dat 4 2022 Fofl 0.0459618
Model_1_goa_re_2021.dat 4 2022  F_LCI 0.023413
Model_1_goa_re_2021.dat 4 2022  F_UCI 0.023413
Model_1_goa_re_2021.dat 4 2022  F_Median 0.023413
Model_1_goa_re_2021.dat 4 2022  F_Mean 0.023413
Model_1_goa_re_2021.dat 4 2023 F0 0 
Model_1_goa_re_2021.dat 4 2023 Fabc 0.0381281
Model_1_goa_re_2021.dat 4 2023 Fofl 0.0459618
Model_1_goa_re_2021.dat 4 2023  F_LCI 0.0259344
Model_1_goa_re_2021.dat 4 2023  F_UCI 0.0259344
Model_1_goa_re_2021.dat 4 2023  F_Median 0.0259344
Model_1_goa_re_2021.dat 4 2023  F_Mean 0.0259344
Model_1_goa_re_2021.dat 4 2024 F0 0 
Model_1_goa_re_2021.dat 4 2024 Fabc 0.0381281
Model_1_goa_re_2021.dat 4 2024 Fofl 0.0459618
Model_1_goa_re_2021.dat 4 2024  F_LCI 0.0259344
Model_1_goa_re_2021.dat 4 2024  F_UCI 0.0259344
Model_1_goa_re_2021.dat 4 2024  F_Median 0.0259344
Model_1_goa_re_2021.dat 4 2024  F_Mean 0.0259344
Model_1_goa_re_2021.dat 4 2025 F0 0 
Model_1_goa_re_2021.dat 4 2025 Fabc 0.0381281
Model_1_goa_re_2021.dat 4 2025 Fofl 0.0459618
Model_1_goa_re_2021.dat 4 2025  F_LCI 0.0259344
Model_1_goa_re_2021.dat 4 2025  F_UCI 0.0259344
Model_1_goa_re_2021.dat 4 2025  F_Median 0.0259344
Model_1_goa_re_2021.dat 4 2025  F_Mean 0.0259344
Model_1_goa_re_2021.dat 4 2026 F0 0 
Model_1_goa_re_2021.dat 4 2026 Fabc 0.0381281
Model_1_goa_re_2021.dat 4 2026 Fofl 0.0459618
Model_1_goa_re_2021.dat 4 2026  F_LCI 0.0259344
Model_1_goa_re_2021.dat 4 2026  F_UCI 0.0259344
Model_1_goa_re_2021.dat 4 2026  F_Median 0.0259344
Model_1_goa_re_2021.dat 4 2026  F_Mean 0.0259344
Model_1_goa_re_2021.dat 4 2027 F0 0 
Model_1_goa_re_2021.dat 4 2027 Fabc 0.0381281
Model_1_goa_re_2021.dat 4 2027 Fofl 0.0459618
Model_1_goa_re_2021.dat 4 2027  F_LCI 0.0259344
Model_1_goa_re_2021.dat 4 2027  F_UCI 0.0259344
Model_1_goa_re_2021.dat 4 2027  F_Median 0.0259344
Model_1_goa_re_2021.dat 4 2027  F_Mean 0.0259344
Model_1_goa_re_2021.dat 4 2028 F0 0 
Model_1_goa_re_2021.dat 4 2028 Fabc 0.0381281
Model_1_goa_re_2021.dat 4 2028 Fofl 0.0459618
Model_1_goa_re_2021.dat 4 2028  F_LCI 0.0259344
Model_1_goa_re_2021.dat 4 2028  F_UCI 0.0259344
Model_1_goa_re_2021.dat 4 2028  F_Median 0.0259344
Model_1_goa_re_2021.dat 4 2028  F_Mean 0.0259344
Model_1_goa_re_2021.dat 4 2029 F0 0 
Model_1_goa_re_2021.dat 4 2029 Fabc 0.0381281
Model_1_goa_re_2021.dat 4 2029 Fofl 0.0459618
Model_1_goa_re_2021.dat 4 2029  F_LCI 0.0259344
Model_1_goa_re_2021.dat 4 2029  F_UCI 0.0259344
Model_1_goa_re_2021.dat 4 2029  F_Median 0.0259344
Model_1_goa_re_2021.dat 4 2029  F_Mean 0.0259344
Model_1_goa_re_2021.dat 4 2030 F0 0 
Model_1_goa_re_2021.dat 4 2030 Fabc 0.0381281
Model_1_goa_re_2021.dat 4 2030 Fofl 0.0459618
Model_1_goa_re_2021.dat 4 2030  F_LCI 0.0259344
Model_1_goa_re_2021.dat 4 2030  F_UCI 0.0259344
Model_1_goa_re_2021.dat 4 2030  F_Median 0.0259344
Model_1_goa_re_2021.dat 4 2030  F_Mean 0.0259344
Model_1_goa_re_2021.dat 4 2031 F0 0 
Model_1_goa_re_2021.dat 4 2031 Fabc 0.0381281
Model_1_goa_re_2021.dat 4 2031 Fofl 0.0459618
Model_1_goa_re_2021.dat 4 2031  F_LCI 0.0259344
Model_1_goa_re_2021.dat 4 2031  F_UCI 0.0259344
Model_1_goa_re_2021.dat 4 2031  F_Median 0.0259344
Model_1_goa_re_2021.dat 4 2031  F_Mean 0.0259344
Model_1_goa_re_2021.dat 4 2032 F0 0 
Model_1_goa_re_2021.dat 4 2032 Fabc 0.0381281
Model_1_goa_re_2021.dat 4 2032 Fofl 0.0459618
Model_1_goa_re_2021.dat 4 2032  F_LCI 0.0259344
Model_1_goa_re_2021.dat 4 2032  F_UCI 0.0259344
Model_1_goa_re_2021.dat 4 2032  F_Median 0.0259344
Model_1_goa_re_2021.dat 4 2032  F_Mean 0.0259344
Model_1_goa_re_2021.dat 4 2033 F0 0 
Model_1_goa_re_2021.dat 4 2033 Fabc 0.0381281
Model_1_goa_re_2021.dat 4 2033 Fofl 0.0459618
Model_1_goa_re_2021.dat 4 2033  F_LCI 0.0259344
Model_1_goa_re_2021.dat 4 2033  F_UCI 0.0259344
Model_1_goa_re_2021.dat 4 2033  F_Median 0.0259344
Model_1_goa_re_2021.dat 4 2033  F_Mean 0.0259344
Model_1_goa_re_2021.dat 4 2034 F0 0 
Model_1_goa_re_2021.dat 4 2034 Fabc 0.0381281
Model_1_goa_re_2021.dat 4 2034 Fofl 0.0459618
Model_1_goa_re_2021.dat 4 2034  F_LCI 0.0259344
Model_1_goa_re_2021.dat 4 2034  F_UCI 0.0259344
Model_1_goa_re_2021.dat 4 2034  F_Median 0.0259344
Model_1_goa_re_2021.dat 4 2034  F_Mean 0.0259344
Model_1_goa_re_2021.dat 5 2021 Cabc 0.574153
Model_1_goa_re_2021.dat 5 2021 Cofl 0.615453
Model_1_goa_re_2021.dat 5 2021 CLCI 0.407204
Model_1_goa_re_2021.dat 5 2021 CUCI 0.407204
Model_1_goa_re_2021.dat 5 2021 CMedian 0.407204
Model_1_goa_re_2021.dat 5 2021 CMean 0.407204
Model_1_goa_re_2021.dat 5 2022 Cabc 0.574153
Model_1_goa_re_2021.dat 5 2022 Cofl 0.615453
Model_1_goa_re_2021.dat 5 2022 CLCI 0.487001
Model_1_goa_re_2021.dat 5 2022 CUCI 0.487001
Model_1_goa_re_2021.dat 5 2022 CMedian 0.487001
Model_1_goa_re_2021.dat 5 2022 CMean 0.487001
Model_1_goa_re_2021.dat 5 2023 Cabc 0.574153
Model_1_goa_re_2021.dat 5 2023 Cofl 0.615453
Model_1_goa_re_2021.dat 5 2023 CLCI 0
Model_1_goa_re_2021.dat 5 2023 CUCI 0
Model_1_goa_re_2021.dat 5 2023 CMedian 0
Model_1_goa_re_2021.dat 5 2023 CMean 0
Model_1_goa_re_2021.dat 5 2024 Cabc 0.574153
Model_1_goa_re_2021.dat 5 2024 Cofl 0.615453
Model_1_goa_re_2021.dat 5 2024 CLCI 0
Model_1_goa_re_2021.dat 5 2024 CUCI 0
Model_1_goa_re_2021.dat 5 2024 CMedian 0
Model_1_goa_re_2021.dat 5 2024 CMean 0
Model_1_goa_re_2021.dat 5 2025 Cabc 0.574153
Model_1_goa_re_2021.dat 5 2025 Cofl 0.615453
Model_1_goa_re_2021.dat 5 2025 CLCI 0
Model_1_goa_re_2021.dat 5 2025 CUCI 0
Model_1_goa_re_2021.dat 5 2025 CMedian 0
Model_1_goa_re_2021.dat 5 2025 CMean 0
Model_1_goa_re_2021.dat 5 2026 Cabc 0.574153
Model_1_goa_re_2021.dat 5 2026 Cofl 0.615453
Model_1_goa_re_2021.dat 5 2026 CLCI 0
Model_1_goa_re_2021.dat 5 2026 CUCI 0
Model_1_goa_re_2021.dat 5 2026 CMedian 0
Model_1_goa_re_2021.dat 5 2026 CMean 0
Model_1_goa_re_2021.dat 5 2027 Cabc 0.574153
Model_1_goa_re_2021.dat 5 2027 Cofl 0.615453
Model_1_goa_re_2021.dat 5 2027 CLCI 0
Model_1_goa_re_2021.dat 5 2027 CUCI 0
Model_1_goa_re_2021.dat 5 2027 CMedian 0
Model_1_goa_re_2021.dat 5 2027 CMean 0
Model_1_goa_re_2021.dat 5 2028 Cabc 0.574153
Model_1_goa_re_2021.dat 5 2028 Cofl 0.615453
Model_1_goa_re_2021.dat 5 2028 CLCI 0
Model_1_goa_re_2021.dat 5 2028 CUCI 0
Model_1_goa_re_2021.dat 5 2028 CMedian 0
Model_1_goa_re_2021.dat 5 2028 CMean 0
Model_1_goa_re_2021.dat 5 2029 Cabc 0.574153
Model_1_goa_re_2021.dat 5 2029 Cofl 0.615453
Model_1_goa_re_2021.dat 5 2029 CLCI 0
Model_1_goa_re_2021.dat 5 2029 CUCI 0
Model_1_goa_re_2021.dat 5 2029 CMedian 0
Model_1_goa_re_2021.dat 5 2029 CMean 0
Model_1_goa_re_2021.dat 5 2030 Cabc 0.574153
Model_1_goa_re_2021.dat 5 2030 Cofl 0.615453
Model_1_goa_re_2021.dat 5 2030 CLCI 0
Model_1_goa_re_2021.dat 5 2030 CUCI 0
Model_1_goa_re_2021.dat 5 2030 CMedian 0
Model_1_goa_re_2021.dat 5 2030 CMean 0
Model_1_goa_re_2021.dat 5 2031 Cabc 0.574153
Model_1_goa_re_2021.dat 5 2031 Cofl 0.615453
Model_1_goa_re_2021.dat 5 2031 CLCI 0
Model_1_goa_re_2021.dat 5 2031 CUCI 0
Model_1_goa_re_2021.dat 5 2031 CMedian 0
Model_1_goa_re_2021.dat 5 2031 CMean 0
Model_1_goa_re_2021.dat 5 2032 Cabc 0.574153
Model_1_goa_re_2021.dat 5 2032 Cofl 0.615453
Model_1_goa_re_2021.dat 5 2032 CLCI 0
Model_1_goa_re_2021.dat 5 2032 CUCI 0
Model_1_goa_re_2021.dat 5 2032 CMedian 0
Model_1_goa_re_2021.dat 5 2032 CMean 0
Model_1_goa_re_2021.dat 5 2033 Cabc 0.574153
Model_1_goa_re_2021.dat 5 2033 Cofl 0.615453
Model_1_goa_re_2021.dat 5 2033 CLCI 0
Model_1_goa_re_2021.dat 5 2033 CUCI 0
Model_1_goa_re_2021.dat 5 2033 CMedian 0
Model_1_goa_re_2021.dat 5 2033 CMean 0
Model_1_goa_re_2021.dat 5 2034 Cabc 0.574153
Model_1_goa_re_2021.dat 5 2034 Cofl 0.615453
Model_1_goa_re_2021.dat 5 2034 CLCI 0
Model_1_goa_re_2021.dat 5 2034 CUCI 0
Model_1_goa_re_2021.dat 5 2034 CMedian 0
Model_1_goa_re_2021.dat 5 2034 CMean 0
Model_1_goa_re_2021.dat 5 2021 SSBF100 14.7763
Model_1_goa_re_2021.dat 5 2021 SSBFabc 5.91051
Model_1_goa_re_2021.dat 5 2021 SSBFofl 5.1717
Model_1_goa_re_2021.dat 5 2021 SSBLCI 8.68089
Model_1_goa_re_2021.dat 5 2021 SSBUCI 8.68089
Model_1_goa_re_2021.dat 5 2021 SSBMedian 8.68089
Model_1_goa_re_2021.dat 5 2021 SSBMean 8.68089
Model_1_goa_re_2021.dat 5 2022 SSBF100 14.7763
Model_1_goa_re_2021.dat 5 2022 SSBFabc 5.91051
Model_1_goa_re_2021.dat 5 2022 SSBFofl 5.1717
Model_1_goa_re_2021.dat 5 2022 SSBLCI 8.61655
Model_1_goa_re_2021.dat 5 2022 SSBUCI 8.61655
Model_1_goa_re_2021.dat 5 2022 SSBMedian 8.61655
Model_1_goa_re_2021.dat 5 2022 SSBMean 8.61655
Model_1_goa_re_2021.dat 5 2023 SSBF100 14.7763
Model_1_goa_re_2021.dat 5 2023 SSBFabc 5.91051
Model_1_goa_re_2021.dat 5 2023 SSBFofl 5.1717
Model_1_goa_re_2021.dat 5 2023 SSBLCI 8.62331
Model_1_goa_re_2021.dat 5 2023 SSBUCI 8.62331
Model_1_goa_re_2021.dat 5 2023 SSBMedian 8.62331
Model_1_goa_re_2021.dat 5 2023 SSBMean 8.62331
Model_1_goa_re_2021.dat 5 2024 SSBF100 14.7763
Model_1_goa_re_2021.dat 5 2024 SSBFabc 5.91051
Model_1_goa_re_2021.dat 5 2024 SSBFofl 5.1717
Model_1_goa_re_2021.dat 5 2024 SSBLCI 8.74005
Model_1_goa_re_2021.dat 5 2024 SSBUCI 8.74005
Model_1_goa_re_2021.dat 5 2024 SSBMedian 8.74005
Model_1_goa_re_2021.dat 5 2024 SSBMean 8.74005
Model_1_goa_re_2021.dat 5 2025 SSBF100 14.7763
Model_1_goa_re_2021.dat 5 2025 SSBFabc 5.91051
Model_1_goa_re_2021.dat 5 2025 SSBFofl 5.1717
Model_1_goa_re_2021.dat 5 2025 SSBLCI 8.87005
Model_1_goa_re_2021.dat 5 2025 SSBUCI 8.87005
Model_1_goa_re_2021.dat 5 2025 SSBMedian 8.87005
Model_1_goa_re_2021.dat 5 2025 SSBMean 8.87005
Model_1_goa_re_2021.dat 5 2026 SSBF100 14.7763
Model_1_goa_re_2021.dat 5 2026 SSBFabc 5.91051
Model_1_goa_re_2021.dat 5 2026 SSBFofl 5.1717
Model_1_goa_re_2021.dat 5 2026 SSBLCI 9.00336
Model_1_goa_re_2021.dat 5 2026 SSBUCI 9.00357
Model_1_goa_re_2021.dat 5 2026 SSBMedian 9.00344
Model_1_goa_re_2021.dat 5 2026 SSBMean 9.00345
Model_1_goa_re_2021.dat 5 2027 SSBF100 14.7763
Model_1_goa_re_2021.dat 5 2027 SSBFabc 5.91051
Model_1_goa_re_2021.dat 5 2027 SSBFofl 5.1717
Model_1_goa_re_2021.dat 5 2027 SSBLCI 9.13134
Model_1_goa_re_2021.dat 5 2027 SSBUCI 9.13185
Model_1_goa_re_2021.dat 5 2027 SSBMedian 9.13154
Model_1_goa_re_2021.dat 5 2027 SSBMean 9.13156
Model_1_goa_re_2021.dat 5 2028 SSBF100 14.7763
Model_1_goa_re_2021.dat 5 2028 SSBFabc 5.91051
Model_1_goa_re_2021.dat 5 2028 SSBFofl 5.1717
Model_1_goa_re_2021.dat 5 2028 SSBLCI 9.25035
Model_1_goa_re_2021.dat 5 2028 SSBUCI 9.25158
Model_1_goa_re_2021.dat 5 2028 SSBMedian 9.25084
Model_1_goa_re_2021.dat 5 2028 SSBMean 9.25089
Model_1_goa_re_2021.dat 5 2029 SSBF100 14.7763
Model_1_goa_re_2021.dat 5 2029 SSBFabc 5.91051
Model_1_goa_re_2021.dat 5 2029 SSBFofl 5.1717
Model_1_goa_re_2021.dat 5 2029 SSBLCI 9.36086
Model_1_goa_re_2021.dat 5 2029 SSBUCI 9.36434
Model_1_goa_re_2021.dat 5 2029 SSBMedian 9.36219
Model_1_goa_re_2021.dat 5 2029 SSBMean 9.36233
Model_1_goa_re_2021.dat 5 2030 SSBF100 14.7763
Model_1_goa_re_2021.dat 5 2030 SSBFabc 5.91051
Model_1_goa_re_2021.dat 5 2030 SSBFofl 5.1717
Model_1_goa_re_2021.dat 5 2030 SSBLCI 9.46405
Model_1_goa_re_2021.dat 5 2030 SSBUCI 9.47297
Model_1_goa_re_2021.dat 5 2030 SSBMedian 9.46747
Model_1_goa_re_2021.dat 5 2030 SSBMean 9.46786
Model_1_goa_re_2021.dat 5 2031 SSBF100 14.7763
Model_1_goa_re_2021.dat 5 2031 SSBFabc 5.91051
Model_1_goa_re_2021.dat 5 2031 SSBFofl 5.1717
Model_1_goa_re_2021.dat 5 2031 SSBLCI 9.56491
Model_1_goa_re_2021.dat 5 2031 SSBUCI 9.58414
Model_1_goa_re_2021.dat 5 2031 SSBMedian 9.57238
Model_1_goa_re_2021.dat 5 2031 SSBMean 9.57332
Model_1_goa_re_2021.dat 5 2032 SSBF100 14.7763
Model_1_goa_re_2021.dat 5 2032 SSBFabc 5.91051
Model_1_goa_re_2021.dat 5 2032 SSBFofl 5.1717
Model_1_goa_re_2021.dat 5 2032 SSBLCI 9.65357
Model_1_goa_re_2021.dat 5 2032 SSBUCI 9.69209
Model_1_goa_re_2021.dat 5 2032 SSBMedian 9.6685
Model_1_goa_re_2021.dat 5 2032 SSBMean 9.67029
Model_1_goa_re_2021.dat 5 2033 SSBF100 14.7763
Model_1_goa_re_2021.dat 5 2033 SSBFabc 5.91051
Model_1_goa_re_2021.dat 5 2033 SSBFofl 5.1717
Model_1_goa_re_2021.dat 5 2033 SSBLCI 9.74402
Model_1_goa_re_2021.dat 5 2033 SSBUCI 9.81389
Model_1_goa_re_2021.dat 5 2033 SSBMedian 9.77086
Model_1_goa_re_2021.dat 5 2033 SSBMean 9.77417
Model_1_goa_re_2021.dat 5 2034 SSBF100 14.7763
Model_1_goa_re_2021.dat 5 2034 SSBFabc 5.91051
Model_1_goa_re_2021.dat 5 2034 SSBFofl 5.1717
Model_1_goa_re_2021.dat 5 2034 SSBLCI 9.83457
Model_1_goa_re_2021.dat 5 2034 SSBUCI 9.95208
Model_1_goa_re_2021.dat 5 2034 SSBMedian 9.88174
Model_1_goa_re_2021.dat 5 2034 SSBMean 9.88622
Model_1_goa_re_2021.dat 5 2021 F0 0 
Model_1_goa_re_2021.dat 5 2021 Fabc 0.0381281
Model_1_goa_re_2021.dat 5 2021 Fofl 0.0459618
Model_1_goa_re_2021.dat 5 2021  F_LCI 0.0194333
Model_1_goa_re_2021.dat 5 2021  F_UCI 0.0194333
Model_1_goa_re_2021.dat 5 2021  F_Median 0.0194333
Model_1_goa_re_2021.dat 5 2021  F_Mean 0.0194333
Model_1_goa_re_2021.dat 5 2022 F0 0 
Model_1_goa_re_2021.dat 5 2022 Fabc 0.0381281
Model_1_goa_re_2021.dat 5 2022 Fofl 0.0459618
Model_1_goa_re_2021.dat 5 2022  F_LCI 0.023413
Model_1_goa_re_2021.dat 5 2022  F_UCI 0.023413
Model_1_goa_re_2021.dat 5 2022  F_Median 0.023413
Model_1_goa_re_2021.dat 5 2022  F_Mean 0.023413
Model_1_goa_re_2021.dat 5 2023 F0 0 
Model_1_goa_re_2021.dat 5 2023 Fabc 0.0381281
Model_1_goa_re_2021.dat 5 2023 Fofl 0.0459618
Model_1_goa_re_2021.dat 5 2023  F_LCI 0
Model_1_goa_re_2021.dat 5 2023  F_UCI 0
Model_1_goa_re_2021.dat 5 2023  F_Median 0
Model_1_goa_re_2021.dat 5 2023  F_Mean 0
Model_1_goa_re_2021.dat 5 2024 F0 0 
Model_1_goa_re_2021.dat 5 2024 Fabc 0.0381281
Model_1_goa_re_2021.dat 5 2024 Fofl 0.0459618
Model_1_goa_re_2021.dat 5 2024  F_LCI 0
Model_1_goa_re_2021.dat 5 2024  F_UCI 0
Model_1_goa_re_2021.dat 5 2024  F_Median 0
Model_1_goa_re_2021.dat 5 2024  F_Mean 0
Model_1_goa_re_2021.dat 5 2025 F0 0 
Model_1_goa_re_2021.dat 5 2025 Fabc 0.0381281
Model_1_goa_re_2021.dat 5 2025 Fofl 0.0459618
Model_1_goa_re_2021.dat 5 2025  F_LCI 0
Model_1_goa_re_2021.dat 5 2025  F_UCI 0
Model_1_goa_re_2021.dat 5 2025  F_Median 0
Model_1_goa_re_2021.dat 5 2025  F_Mean 0
Model_1_goa_re_2021.dat 5 2026 F0 0 
Model_1_goa_re_2021.dat 5 2026 Fabc 0.0381281
Model_1_goa_re_2021.dat 5 2026 Fofl 0.0459618
Model_1_goa_re_2021.dat 5 2026  F_LCI 0
Model_1_goa_re_2021.dat 5 2026  F_UCI 0
Model_1_goa_re_2021.dat 5 2026  F_Median 0
Model_1_goa_re_2021.dat 5 2026  F_Mean 0
Model_1_goa_re_2021.dat 5 2027 F0 0 
Model_1_goa_re_2021.dat 5 2027 Fabc 0.0381281
Model_1_goa_re_2021.dat 5 2027 Fofl 0.0459618
Model_1_goa_re_2021.dat 5 2027  F_LCI 0
Model_1_goa_re_2021.dat 5 2027  F_UCI 0
Model_1_goa_re_2021.dat 5 2027  F_Median 0
Model_1_goa_re_2021.dat 5 2027  F_Mean 0
Model_1_goa_re_2021.dat 5 2028 F0 0 
Model_1_goa_re_2021.dat 5 2028 Fabc 0.0381281
Model_1_goa_re_2021.dat 5 2028 Fofl 0.0459618
Model_1_goa_re_2021.dat 5 2028  F_LCI 0
Model_1_goa_re_2021.dat 5 2028  F_UCI 0
Model_1_goa_re_2021.dat 5 2028  F_Median 0
Model_1_goa_re_2021.dat 5 2028  F_Mean 0
Model_1_goa_re_2021.dat 5 2029 F0 0 
Model_1_goa_re_2021.dat 5 2029 Fabc 0.0381281
Model_1_goa_re_2021.dat 5 2029 Fofl 0.0459618
Model_1_goa_re_2021.dat 5 2029  F_LCI 0
Model_1_goa_re_2021.dat 5 2029  F_UCI 0
Model_1_goa_re_2021.dat 5 2029  F_Median 0
Model_1_goa_re_2021.dat 5 2029  F_Mean 0
Model_1_goa_re_2021.dat 5 2030 F0 0 
Model_1_goa_re_2021.dat 5 2030 Fabc 0.0381281
Model_1_goa_re_2021.dat 5 2030 Fofl 0.0459618
Model_1_goa_re_2021.dat 5 2030  F_LCI 0
Model_1_goa_re_2021.dat 5 2030  F_UCI 0
Model_1_goa_re_2021.dat 5 2030  F_Median 0
Model_1_goa_re_2021.dat 5 2030  F_Mean 0
Model_1_goa_re_2021.dat 5 2031 F0 0 
Model_1_goa_re_2021.dat 5 2031 Fabc 0.0381281
Model_1_goa_re_2021.dat 5 2031 Fofl 0.0459618
Model_1_goa_re_2021.dat 5 2031  F_LCI 0
Model_1_goa_re_2021.dat 5 2031  F_UCI 0
Model_1_goa_re_2021.dat 5 2031  F_Median 0
Model_1_goa_re_2021.dat 5 2031  F_Mean 0
Model_1_goa_re_2021.dat 5 2032 F0 0 
Model_1_goa_re_2021.dat 5 2032 Fabc 0.0381281
Model_1_goa_re_2021.dat 5 2032 Fofl 0.0459618
Model_1_goa_re_2021.dat 5 2032  F_LCI 0
Model_1_goa_re_2021.dat 5 2032  F_UCI 0
Model_1_goa_re_2021.dat 5 2032  F_Median 0
Model_1_goa_re_2021.dat 5 2032  F_Mean 0
Model_1_goa_re_2021.dat 5 2033 F0 0 
Model_1_goa_re_2021.dat 5 2033 Fabc 0.0381281
Model_1_goa_re_2021.dat 5 2033 Fofl 0.0459618
Model_1_goa_re_2021.dat 5 2033  F_LCI 0
Model_1_goa_re_2021.dat 5 2033  F_UCI 0
Model_1_goa_re_2021.dat 5 2033  F_Median 0
Model_1_goa_re_2021.dat 5 2033  F_Mean 0
Model_1_goa_re_2021.dat 5 2034 F0 0 
Model_1_goa_re_2021.dat 5 2034 Fabc 0.0381281
Model_1_goa_re_2021.dat 5 2034 Fofl 0.0459618
Model_1_goa_re_2021.dat 5 2034  F_LCI 0
Model_1_goa_re_2021.dat 5 2034  F_UCI 0
Model_1_goa_re_2021.dat 5 2034  F_Median 0
Model_1_goa_re_2021.dat 5 2034  F_Mean 0
Model_1_goa_re_2021.dat 6 2021 Cabc 0.574153
Model_1_goa_re_2021.dat 6 2021 Cofl 0.615453
Model_1_goa_re_2021.dat 6 2021 CLCI 0.407204
Model_1_goa_re_2021.dat 6 2021 CUCI 0.407204
Model_1_goa_re_2021.dat 6 2021 CMedian 0.407204
Model_1_goa_re_2021.dat 6 2021 CMean 0.407204
Model_1_goa_re_2021.dat 6 2022 Cabc 0.574153
Model_1_goa_re_2021.dat 6 2022 Cofl 0.615453
Model_1_goa_re_2021.dat 6 2022 CLCI 0.945653
Model_1_goa_re_2021.dat 6 2022 CUCI 0.945655
Model_1_goa_re_2021.dat 6 2022 CMedian 0.945654
Model_1_goa_re_2021.dat 6 2022 CMean 0.945654
Model_1_goa_re_2021.dat 6 2023 Cabc 0.574153
Model_1_goa_re_2021.dat 6 2023 Cofl 0.615453
Model_1_goa_re_2021.dat 6 2023 CLCI 0.910863
Model_1_goa_re_2021.dat 6 2023 CUCI 0.910871
Model_1_goa_re_2021.dat 6 2023 CMedian 0.910866
Model_1_goa_re_2021.dat 6 2023 CMean 0.910867
Model_1_goa_re_2021.dat 6 2024 Cabc 0.574153
Model_1_goa_re_2021.dat 6 2024 Cofl 0.615453
Model_1_goa_re_2021.dat 6 2024 CLCI 0.885181
Model_1_goa_re_2021.dat 6 2024 CUCI 0.885214
Model_1_goa_re_2021.dat 6 2024 CMedian 0.885194
Model_1_goa_re_2021.dat 6 2024 CMean 0.885195
Model_1_goa_re_2021.dat 6 2025 Cabc 0.574153
Model_1_goa_re_2021.dat 6 2025 Cofl 0.615453
Model_1_goa_re_2021.dat 6 2025 CLCI 0.869896
Model_1_goa_re_2021.dat 6 2025 CUCI 0.870017
Model_1_goa_re_2021.dat 6 2025 CMedian 0.869943
Model_1_goa_re_2021.dat 6 2025 CMean 0.869947
Model_1_goa_re_2021.dat 6 2026 Cabc 0.574153
Model_1_goa_re_2021.dat 6 2026 Cofl 0.615453
Model_1_goa_re_2021.dat 6 2026 CLCI 0.864797
Model_1_goa_re_2021.dat 6 2026 CUCI 0.865187
Model_1_goa_re_2021.dat 6 2026 CMedian 0.864948
Model_1_goa_re_2021.dat 6 2026 CMean 0.864962
Model_1_goa_re_2021.dat 6 2027 Cabc 0.574153
Model_1_goa_re_2021.dat 6 2027 Cofl 0.615453
Model_1_goa_re_2021.dat 6 2027 CLCI 0.834125
Model_1_goa_re_2021.dat 6 2027 CUCI 0.835166
Model_1_goa_re_2021.dat 6 2027 CMedian 0.834525
Model_1_goa_re_2021.dat 6 2027 CMean 0.834569
Model_1_goa_re_2021.dat 6 2028 Cabc 0.574153
Model_1_goa_re_2021.dat 6 2028 Cofl 0.615453
Model_1_goa_re_2021.dat 6 2028 CLCI 0.804867
Model_1_goa_re_2021.dat 6 2028 CUCI 0.807054
Model_1_goa_re_2021.dat 6 2028 CMedian 0.805725
Model_1_goa_re_2021.dat 6 2028 CMean 0.805833
Model_1_goa_re_2021.dat 6 2029 Cabc 0.574153
Model_1_goa_re_2021.dat 6 2029 Cofl 0.615453
Model_1_goa_re_2021.dat 6 2029 CLCI 0.78067
Model_1_goa_re_2021.dat 6 2029 CUCI 0.784307
Model_1_goa_re_2021.dat 6 2029 CMedian 0.782088
Model_1_goa_re_2021.dat 6 2029 CMean 0.782241
Model_1_goa_re_2021.dat 6 2030 Cabc 0.574153
Model_1_goa_re_2021.dat 6 2030 Cofl 0.615453
Model_1_goa_re_2021.dat 6 2030 CLCI 0.759681
Model_1_goa_re_2021.dat 6 2030 CUCI 0.764386
Model_1_goa_re_2021.dat 6 2030 CMedian 0.761712
Model_1_goa_re_2021.dat 6 2030 CMean 0.761844
Model_1_goa_re_2021.dat 6 2031 Cabc 0.574153
Model_1_goa_re_2021.dat 6 2031 Cofl 0.615453
Model_1_goa_re_2021.dat 6 2031 CLCI 0.740528
Model_1_goa_re_2021.dat 6 2031 CUCI 0.746157
Model_1_goa_re_2021.dat 6 2031 CMedian 0.743028
Model_1_goa_re_2021.dat 6 2031 CMean 0.743165
Model_1_goa_re_2021.dat 6 2032 Cabc 0.574153
Model_1_goa_re_2021.dat 6 2032 Cofl 0.615453
Model_1_goa_re_2021.dat 6 2032 CLCI 0.724401
Model_1_goa_re_2021.dat 6 2032 CUCI 0.730894
Model_1_goa_re_2021.dat 6 2032 CMedian 0.72733
Model_1_goa_re_2021.dat 6 2032 CMean 0.727458
Model_1_goa_re_2021.dat 6 2033 Cabc 0.574153
Model_1_goa_re_2021.dat 6 2033 Cofl 0.615453
Model_1_goa_re_2021.dat 6 2033 CLCI 0.710575
Model_1_goa_re_2021.dat 6 2033 CUCI 0.719266
Model_1_goa_re_2021.dat 6 2033 CMedian 0.714391
Model_1_goa_re_2021.dat 6 2033 CMean 0.714477
Model_1_goa_re_2021.dat 6 2034 Cabc 0.574153
Model_1_goa_re_2021.dat 6 2034 Cofl 0.615453
Model_1_goa_re_2021.dat 6 2034 CLCI 0.69725
Model_1_goa_re_2021.dat 6 2034 CUCI 0.712602
Model_1_goa_re_2021.dat 6 2034 CMedian 0.703306
Model_1_goa_re_2021.dat 6 2034 CMean 0.703923
Model_1_goa_re_2021.dat 6 2021 SSBF100 14.7763
Model_1_goa_re_2021.dat 6 2021 SSBFabc 5.91051
Model_1_goa_re_2021.dat 6 2021 SSBFofl 5.1717
Model_1_goa_re_2021.dat 6 2021 SSBLCI 8.68089
Model_1_goa_re_2021.dat 6 2021 SSBUCI 8.68089
Model_1_goa_re_2021.dat 6 2021 SSBMedian 8.68089
Model_1_goa_re_2021.dat 6 2021 SSBMean 8.68089
Model_1_goa_re_2021.dat 6 2022 SSBF100 14.7763
Model_1_goa_re_2021.dat 6 2022 SSBFabc 5.91051
Model_1_goa_re_2021.dat 6 2022 SSBFofl 5.1717
Model_1_goa_re_2021.dat 6 2022 SSBLCI 8.53718
Model_1_goa_re_2021.dat 6 2022 SSBUCI 8.53718
Model_1_goa_re_2021.dat 6 2022 SSBMedian 8.53718
Model_1_goa_re_2021.dat 6 2022 SSBMean 8.53718
Model_1_goa_re_2021.dat 6 2023 SSBF100 14.7763
Model_1_goa_re_2021.dat 6 2023 SSBFabc 5.91051
Model_1_goa_re_2021.dat 6 2023 SSBFofl 5.1717
Model_1_goa_re_2021.dat 6 2023 SSBLCI 8.27881
Model_1_goa_re_2021.dat 6 2023 SSBUCI 8.27881
Model_1_goa_re_2021.dat 6 2023 SSBMedian 8.27881
Model_1_goa_re_2021.dat 6 2023 SSBMean 8.27881
Model_1_goa_re_2021.dat 6 2024 SSBF100 14.7763
Model_1_goa_re_2021.dat 6 2024 SSBFabc 5.91051
Model_1_goa_re_2021.dat 6 2024 SSBFofl 5.1717
Model_1_goa_re_2021.dat 6 2024 SSBLCI 8.02813
Model_1_goa_re_2021.dat 6 2024 SSBUCI 8.02813
Model_1_goa_re_2021.dat 6 2024 SSBMedian 8.02813
Model_1_goa_re_2021.dat 6 2024 SSBMean 8.02813
Model_1_goa_re_2021.dat 6 2025 SSBF100 14.7763
Model_1_goa_re_2021.dat 6 2025 SSBFabc 5.91051
Model_1_goa_re_2021.dat 6 2025 SSBFofl 5.1717
Model_1_goa_re_2021.dat 6 2025 SSBLCI 7.80221
Model_1_goa_re_2021.dat 6 2025 SSBUCI 7.80221
Model_1_goa_re_2021.dat 6 2025 SSBMedian 7.80221
Model_1_goa_re_2021.dat 6 2025 SSBMean 7.80221
Model_1_goa_re_2021.dat 6 2026 SSBF100 14.7763
Model_1_goa_re_2021.dat 6 2026 SSBFabc 5.91051
Model_1_goa_re_2021.dat 6 2026 SSBFofl 5.1717
Model_1_goa_re_2021.dat 6 2026 SSBLCI 7.58951
Model_1_goa_re_2021.dat 6 2026 SSBUCI 7.58972
Model_1_goa_re_2021.dat 6 2026 SSBMedian 7.58958
Model_1_goa_re_2021.dat 6 2026 SSBMean 7.5896
Model_1_goa_re_2021.dat 6 2027 SSBF100 14.7763
Model_1_goa_re_2021.dat 6 2027 SSBFabc 5.91051
Model_1_goa_re_2021.dat 6 2027 SSBFofl 5.1717
Model_1_goa_re_2021.dat 6 2027 SSBLCI 7.38167
Model_1_goa_re_2021.dat 6 2027 SSBUCI 7.38219
Model_1_goa_re_2021.dat 6 2027 SSBMedian 7.38187
Model_1_goa_re_2021.dat 6 2027 SSBMean 7.3819
Model_1_goa_re_2021.dat 6 2028 SSBF100 14.7763
Model_1_goa_re_2021.dat 6 2028 SSBFabc 5.91051
Model_1_goa_re_2021.dat 6 2028 SSBFofl 5.1717
Model_1_goa_re_2021.dat 6 2028 SSBLCI 7.17842
Model_1_goa_re_2021.dat 6 2028 SSBUCI 7.17964
Model_1_goa_re_2021.dat 6 2028 SSBMedian 7.17891
Model_1_goa_re_2021.dat 6 2028 SSBMean 7.17895
Model_1_goa_re_2021.dat 6 2029 SSBF100 14.7763
Model_1_goa_re_2021.dat 6 2029 SSBFabc 5.91051
Model_1_goa_re_2021.dat 6 2029 SSBFofl 5.1717
Model_1_goa_re_2021.dat 6 2029 SSBLCI 6.98115
Model_1_goa_re_2021.dat 6 2029 SSBUCI 6.98461
Model_1_goa_re_2021.dat 6 2029 SSBMedian 6.98248
Model_1_goa_re_2021.dat 6 2029 SSBMean 6.98261
Model_1_goa_re_2021.dat 6 2030 SSBF100 14.7763
Model_1_goa_re_2021.dat 6 2030 SSBFabc 5.91051
Model_1_goa_re_2021.dat 6 2030 SSBFofl 5.1717
Model_1_goa_re_2021.dat 6 2030 SSBLCI 6.79152
Model_1_goa_re_2021.dat 6 2030 SSBUCI 6.80032
Model_1_goa_re_2021.dat 6 2030 SSBMedian 6.79489
Model_1_goa_re_2021.dat 6 2030 SSBMean 6.79528
Model_1_goa_re_2021.dat 6 2031 SSBF100 14.7763
Model_1_goa_re_2021.dat 6 2031 SSBFabc 5.91051
Model_1_goa_re_2021.dat 6 2031 SSBFofl 5.1717
Model_1_goa_re_2021.dat 6 2031 SSBLCI 6.61348
Model_1_goa_re_2021.dat 6 2031 SSBUCI 6.63236
Model_1_goa_re_2021.dat 6 2031 SSBMedian 6.6208
Model_1_goa_re_2021.dat 6 2031 SSBMean 6.62174
Model_1_goa_re_2021.dat 6 2032 SSBF100 14.7763
Model_1_goa_re_2021.dat 6 2032 SSBFabc 5.91051
Model_1_goa_re_2021.dat 6 2032 SSBFofl 5.1717
Model_1_goa_re_2021.dat 6 2032 SSBLCI 6.4409
Model_1_goa_re_2021.dat 6 2032 SSBUCI 6.47859
Model_1_goa_re_2021.dat 6 2032 SSBMedian 6.45553
Model_1_goa_re_2021.dat 6 2032 SSBMean 6.45726
Model_1_goa_re_2021.dat 6 2033 SSBF100 14.7763
Model_1_goa_re_2021.dat 6 2033 SSBFabc 5.91051
Model_1_goa_re_2021.dat 6 2033 SSBFofl 5.1717
Model_1_goa_re_2021.dat 6 2033 SSBLCI 6.28291
Model_1_goa_re_2021.dat 6 2033 SSBUCI 6.35098
Model_1_goa_re_2021.dat 6 2033 SSBMedian 6.30901
Model_1_goa_re_2021.dat 6 2033 SSBMean 6.31228
Model_1_goa_re_2021.dat 6 2034 SSBF100 14.7763
Model_1_goa_re_2021.dat 6 2034 SSBFabc 5.91051
Model_1_goa_re_2021.dat 6 2034 SSBFofl 5.1717
Model_1_goa_re_2021.dat 6 2034 SSBLCI 6.13687
Model_1_goa_re_2021.dat 6 2034 SSBUCI 6.25103
Model_1_goa_re_2021.dat 6 2034 SSBMedian 6.1826
Model_1_goa_re_2021.dat 6 2034 SSBMean 6.18694
Model_1_goa_re_2021.dat 6 2021 F0 0 
Model_1_goa_re_2021.dat 6 2021 Fabc 0.0381281
Model_1_goa_re_2021.dat 6 2021 Fofl 0.0459618
Model_1_goa_re_2021.dat 6 2021  F_LCI 0.0194333
Model_1_goa_re_2021.dat 6 2021  F_UCI 0.0194333
Model_1_goa_re_2021.dat 6 2021  F_Median 0.0194333
Model_1_goa_re_2021.dat 6 2021  F_Mean 0.0194333
Model_1_goa_re_2021.dat 6 2022 F0 0 
Model_1_goa_re_2021.dat 6 2022 Fabc 0.0381281
Model_1_goa_re_2021.dat 6 2022 Fofl 0.0459618
Model_1_goa_re_2021.dat 6 2022  F_LCI 0.0459617
Model_1_goa_re_2021.dat 6 2022  F_UCI 0.0459617
Model_1_goa_re_2021.dat 6 2022  F_Median 0.0459617
Model_1_goa_re_2021.dat 6 2022  F_Mean 0.0459617
Model_1_goa_re_2021.dat 6 2023 F0 0 
Model_1_goa_re_2021.dat 6 2023 Fabc 0.0381281
Model_1_goa_re_2021.dat 6 2023 Fofl 0.0459618
Model_1_goa_re_2021.dat 6 2023  F_LCI 0.0459618
Model_1_goa_re_2021.dat 6 2023  F_UCI 0.0459618
Model_1_goa_re_2021.dat 6 2023  F_Median 0.0459618
Model_1_goa_re_2021.dat 6 2023  F_Mean 0.0459618
Model_1_goa_re_2021.dat 6 2024 F0 0 
Model_1_goa_re_2021.dat 6 2024 Fabc 0.0381281
Model_1_goa_re_2021.dat 6 2024 Fofl 0.0459618
Model_1_goa_re_2021.dat 6 2024  F_LCI 0.0459618
Model_1_goa_re_2021.dat 6 2024  F_UCI 0.0459618
Model_1_goa_re_2021.dat 6 2024  F_Median 0.0459618
Model_1_goa_re_2021.dat 6 2024  F_Mean 0.0459618
Model_1_goa_re_2021.dat 6 2025 F0 0 
Model_1_goa_re_2021.dat 6 2025 Fabc 0.0381281
Model_1_goa_re_2021.dat 6 2025 Fofl 0.0459618
Model_1_goa_re_2021.dat 6 2025  F_LCI 0.0459618
Model_1_goa_re_2021.dat 6 2025  F_UCI 0.0459618
Model_1_goa_re_2021.dat 6 2025  F_Median 0.0459618
Model_1_goa_re_2021.dat 6 2025  F_Mean 0.0459618
Model_1_goa_re_2021.dat 6 2026 F0 0 
Model_1_goa_re_2021.dat 6 2026 Fabc 0.0381281
Model_1_goa_re_2021.dat 6 2026 Fofl 0.0459618
Model_1_goa_re_2021.dat 6 2026  F_LCI 0.0459618
Model_1_goa_re_2021.dat 6 2026  F_UCI 0.0459618
Model_1_goa_re_2021.dat 6 2026  F_Median 0.0459618
Model_1_goa_re_2021.dat 6 2026  F_Mean 0.0459618
Model_1_goa_re_2021.dat 6 2027 F0 0 
Model_1_goa_re_2021.dat 6 2027 Fabc 0.0381281
Model_1_goa_re_2021.dat 6 2027 Fofl 0.0459618
Model_1_goa_re_2021.dat 6 2027  F_LCI 0.0459618
Model_1_goa_re_2021.dat 6 2027  F_UCI 0.0459618
Model_1_goa_re_2021.dat 6 2027  F_Median 0.0459618
Model_1_goa_re_2021.dat 6 2027  F_Mean 0.0459618
Model_1_goa_re_2021.dat 6 2028 F0 0 
Model_1_goa_re_2021.dat 6 2028 Fabc 0.0381281
Model_1_goa_re_2021.dat 6 2028 Fofl 0.0459618
Model_1_goa_re_2021.dat 6 2028  F_LCI 0.0459618
Model_1_goa_re_2021.dat 6 2028  F_UCI 0.0459618
Model_1_goa_re_2021.dat 6 2028  F_Median 0.0459618
Model_1_goa_re_2021.dat 6 2028  F_Mean 0.0459618
Model_1_goa_re_2021.dat 6 2029 F0 0 
Model_1_goa_re_2021.dat 6 2029 Fabc 0.0381281
Model_1_goa_re_2021.dat 6 2029 Fofl 0.0459618
Model_1_goa_re_2021.dat 6 2029  F_LCI 0.0459618
Model_1_goa_re_2021.dat 6 2029  F_UCI 0.0459618
Model_1_goa_re_2021.dat 6 2029  F_Median 0.0459618
Model_1_goa_re_2021.dat 6 2029  F_Mean 0.0459618
Model_1_goa_re_2021.dat 6 2030 F0 0 
Model_1_goa_re_2021.dat 6 2030 Fabc 0.0381281
Model_1_goa_re_2021.dat 6 2030 Fofl 0.0459618
Model_1_goa_re_2021.dat 6 2030  F_LCI 0.0459618
Model_1_goa_re_2021.dat 6 2030  F_UCI 0.0459618
Model_1_goa_re_2021.dat 6 2030  F_Median 0.0459618
Model_1_goa_re_2021.dat 6 2030  F_Mean 0.0459618
Model_1_goa_re_2021.dat 6 2031 F0 0 
Model_1_goa_re_2021.dat 6 2031 Fabc 0.0381281
Model_1_goa_re_2021.dat 6 2031 Fofl 0.0459618
Model_1_goa_re_2021.dat 6 2031  F_LCI 0.0459618
Model_1_goa_re_2021.dat 6 2031  F_UCI 0.0459618
Model_1_goa_re_2021.dat 6 2031  F_Median 0.0459618
Model_1_goa_re_2021.dat 6 2031  F_Mean 0.0459618
Model_1_goa_re_2021.dat 6 2032 F0 0 
Model_1_goa_re_2021.dat 6 2032 Fabc 0.0381281
Model_1_goa_re_2021.dat 6 2032 Fofl 0.0459618
Model_1_goa_re_2021.dat 6 2032  F_LCI 0.0459618
Model_1_goa_re_2021.dat 6 2032  F_UCI 0.0459618
Model_1_goa_re_2021.dat 6 2032  F_Median 0.0459618
Model_1_goa_re_2021.dat 6 2032  F_Mean 0.0459618
Model_1_goa_re_2021.dat 6 2033 F0 0 
Model_1_goa_re_2021.dat 6 2033 Fabc 0.0381281
Model_1_goa_re_2021.dat 6 2033 Fofl 0.0459618
Model_1_goa_re_2021.dat 6 2033  F_LCI 0.0459618
Model_1_goa_re_2021.dat 6 2033  F_UCI 0.0459618
Model_1_goa_re_2021.dat 6 2033  F_Median 0.0459618
Model_1_goa_re_2021.dat 6 2033  F_Mean 0.0459618
Model_1_goa_re_2021.dat 6 2034 F0 0 
Model_1_goa_re_2021.dat 6 2034 Fabc 0.0381281
Model_1_goa_re_2021.dat 6 2034 Fofl 0.0459618
Model_1_goa_re_2021.dat 6 2034  F_LCI 0.0459618
Model_1_goa_re_2021.dat 6 2034  F_UCI 0.0459618
Model_1_goa_re_2021.dat 6 2034  F_Median 0.0459618
Model_1_goa_re_2021.dat 6 2034  F_Mean 0.0459618
Model_1_goa_re_2021.dat 7 2021 Cabc 0.574153
Model_1_goa_re_2021.dat 7 2021 Cofl 0.615453
Model_1_goa_re_2021.dat 7 2021 CLCI 0.407204
Model_1_goa_re_2021.dat 7 2021 CUCI 0.407204
Model_1_goa_re_2021.dat 7 2021 CMedian 0.407204
Model_1_goa_re_2021.dat 7 2021 CMean 0.407204
Model_1_goa_re_2021.dat 7 2022 Cabc 0.574153
Model_1_goa_re_2021.dat 7 2022 Cofl 0.615453
Model_1_goa_re_2021.dat 7 2022 CLCI 0.787452
Model_1_goa_re_2021.dat 7 2022 CUCI 0.787454
Model_1_goa_re_2021.dat 7 2022 CMedian 0.787453
Model_1_goa_re_2021.dat 7 2022 CMean 0.787453
Model_1_goa_re_2021.dat 7 2023 Cabc 0.574153
Model_1_goa_re_2021.dat 7 2023 Cofl 0.615453
Model_1_goa_re_2021.dat 7 2023 CLCI 0.764187
Model_1_goa_re_2021.dat 7 2023 CUCI 0.764193
Model_1_goa_re_2021.dat 7 2023 CMedian 0.764189
Model_1_goa_re_2021.dat 7 2023 CMean 0.764189
Model_1_goa_re_2021.dat 7 2024 Cabc 0.574153
Model_1_goa_re_2021.dat 7 2024 Cofl 0.615453
Model_1_goa_re_2021.dat 7 2024 CLCI 0.898277
Model_1_goa_re_2021.dat 7 2024 CUCI 0.89831
Model_1_goa_re_2021.dat 7 2024 CMedian 0.89829
Model_1_goa_re_2021.dat 7 2024 CMean 0.898291
Model_1_goa_re_2021.dat 7 2025 Cabc 0.574153
Model_1_goa_re_2021.dat 7 2025 Cofl 0.615453
Model_1_goa_re_2021.dat 7 2025 CLCI 0.882202
Model_1_goa_re_2021.dat 7 2025 CUCI 0.882323
Model_1_goa_re_2021.dat 7 2025 CMedian 0.882249
Model_1_goa_re_2021.dat 7 2025 CMean 0.882254
Model_1_goa_re_2021.dat 7 2026 Cabc 0.574153
Model_1_goa_re_2021.dat 7 2026 Cofl 0.615453
Model_1_goa_re_2021.dat 7 2026 CLCI 0.876357
Model_1_goa_re_2021.dat 7 2026 CUCI 0.876747
Model_1_goa_re_2021.dat 7 2026 CMedian 0.876508
Model_1_goa_re_2021.dat 7 2026 CMean 0.876523
Model_1_goa_re_2021.dat 7 2027 Cabc 0.574153
Model_1_goa_re_2021.dat 7 2027 Cofl 0.615453
Model_1_goa_re_2021.dat 7 2027 CLCI 0.844938
Model_1_goa_re_2021.dat 7 2027 CUCI 0.84598
Model_1_goa_re_2021.dat 7 2027 CMedian 0.845339
Model_1_goa_re_2021.dat 7 2027 CMean 0.845383
Model_1_goa_re_2021.dat 7 2028 Cabc 0.574153
Model_1_goa_re_2021.dat 7 2028 Cofl 0.615453
Model_1_goa_re_2021.dat 7 2028 CLCI 0.814974
Model_1_goa_re_2021.dat 7 2028 CUCI 0.81716
Model_1_goa_re_2021.dat 7 2028 CMedian 0.815832
Model_1_goa_re_2021.dat 7 2028 CMean 0.815939
Model_1_goa_re_2021.dat 7 2029 Cabc 0.574153
Model_1_goa_re_2021.dat 7 2029 Cofl 0.615453
Model_1_goa_re_2021.dat 7 2029 CLCI 0.790109
Model_1_goa_re_2021.dat 7 2029 CUCI 0.793745
Model_1_goa_re_2021.dat 7 2029 CMedian 0.791526
Model_1_goa_re_2021.dat 7 2029 CMean 0.79168
Model_1_goa_re_2021.dat 7 2030 Cabc 0.574153
Model_1_goa_re_2021.dat 7 2030 Cofl 0.615453
Model_1_goa_re_2021.dat 7 2030 CLCI 0.768482
Model_1_goa_re_2021.dat 7 2030 CUCI 0.773187
Model_1_goa_re_2021.dat 7 2030 CMedian 0.770513
Model_1_goa_re_2021.dat 7 2030 CMean 0.770645
Model_1_goa_re_2021.dat 7 2031 Cabc 0.574153
Model_1_goa_re_2021.dat 7 2031 Cofl 0.615453
Model_1_goa_re_2021.dat 7 2031 CLCI 0.74872
Model_1_goa_re_2021.dat 7 2031 CUCI 0.754349
Model_1_goa_re_2021.dat 7 2031 CMedian 0.75122
Model_1_goa_re_2021.dat 7 2031 CMean 0.751357
Model_1_goa_re_2021.dat 7 2032 Cabc 0.574153
Model_1_goa_re_2021.dat 7 2032 Cofl 0.615453
Model_1_goa_re_2021.dat 7 2032 CLCI 0.732016
Model_1_goa_re_2021.dat 7 2032 CUCI 0.738509
Model_1_goa_re_2021.dat 7 2032 CMedian 0.734945
Model_1_goa_re_2021.dat 7 2032 CMean 0.735073
Model_1_goa_re_2021.dat 7 2033 Cabc 0.574153
Model_1_goa_re_2021.dat 7 2033 Cofl 0.615453
Model_1_goa_re_2021.dat 7 2033 CLCI 0.717647
Model_1_goa_re_2021.dat 7 2033 CUCI 0.726338
Model_1_goa_re_2021.dat 7 2033 CMedian 0.721463
Model_1_goa_re_2021.dat 7 2033 CMean 0.721548
Model_1_goa_re_2021.dat 7 2034 Cabc 0.574153
Model_1_goa_re_2021.dat 7 2034 Cofl 0.615453
Model_1_goa_re_2021.dat 7 2034 CLCI 0.703811
Model_1_goa_re_2021.dat 7 2034 CUCI 0.719164
Model_1_goa_re_2021.dat 7 2034 CMedian 0.709868
Model_1_goa_re_2021.dat 7 2034 CMean 0.710485
Model_1_goa_re_2021.dat 7 2021 SSBF100 14.7763
Model_1_goa_re_2021.dat 7 2021 SSBFabc 5.91051
Model_1_goa_re_2021.dat 7 2021 SSBFofl 5.1717
Model_1_goa_re_2021.dat 7 2021 SSBLCI 8.68089
Model_1_goa_re_2021.dat 7 2021 SSBUCI 8.68089
Model_1_goa_re_2021.dat 7 2021 SSBMedian 8.68089
Model_1_goa_re_2021.dat 7 2021 SSBMean 8.68089
Model_1_goa_re_2021.dat 7 2022 SSBF100 14.7763
Model_1_goa_re_2021.dat 7 2022 SSBFabc 5.91051
Model_1_goa_re_2021.dat 7 2022 SSBFofl 5.1717
Model_1_goa_re_2021.dat 7 2022 SSBLCI 8.56467
Model_1_goa_re_2021.dat 7 2022 SSBUCI 8.56467
Model_1_goa_re_2021.dat 7 2022 SSBMedian 8.56467
Model_1_goa_re_2021.dat 7 2022 SSBMean 8.56467
Model_1_goa_re_2021.dat 7 2023 SSBF100 14.7763
Model_1_goa_re_2021.dat 7 2023 SSBFabc 5.91051
Model_1_goa_re_2021.dat 7 2023 SSBFofl 5.1717
Model_1_goa_re_2021.dat 7 2023 SSBLCI 8.36898
Model_1_goa_re_2021.dat 7 2023 SSBUCI 8.36898
Model_1_goa_re_2021.dat 7 2023 SSBMedian 8.36898
Model_1_goa_re_2021.dat 7 2023 SSBMean 8.36898
Model_1_goa_re_2021.dat 7 2024 SSBF100 14.7763
Model_1_goa_re_2021.dat 7 2024 SSBFabc 5.91051
Model_1_goa_re_2021.dat 7 2024 SSBFofl 5.1717
Model_1_goa_re_2021.dat 7 2024 SSBLCI 8.15025
Model_1_goa_re_2021.dat 7 2024 SSBUCI 8.15025
Model_1_goa_re_2021.dat 7 2024 SSBMedian 8.15025
Model_1_goa_re_2021.dat 7 2024 SSBMean 8.15025
Model_1_goa_re_2021.dat 7 2025 SSBF100 14.7763
Model_1_goa_re_2021.dat 7 2025 SSBFabc 5.91051
Model_1_goa_re_2021.dat 7 2025 SSBFofl 5.1717
Model_1_goa_re_2021.dat 7 2025 SSBLCI 7.91858
Model_1_goa_re_2021.dat 7 2025 SSBUCI 7.91858
Model_1_goa_re_2021.dat 7 2025 SSBMedian 7.91858
Model_1_goa_re_2021.dat 7 2025 SSBMean 7.91858
Model_1_goa_re_2021.dat 7 2026 SSBF100 14.7763
Model_1_goa_re_2021.dat 7 2026 SSBFabc 5.91051
Model_1_goa_re_2021.dat 7 2026 SSBFofl 5.1717
Model_1_goa_re_2021.dat 7 2026 SSBLCI 7.70001
Model_1_goa_re_2021.dat 7 2026 SSBUCI 7.70022
Model_1_goa_re_2021.dat 7 2026 SSBMedian 7.70008
Model_1_goa_re_2021.dat 7 2026 SSBMean 7.7001
Model_1_goa_re_2021.dat 7 2027 SSBF100 14.7763
Model_1_goa_re_2021.dat 7 2027 SSBFabc 5.91051
Model_1_goa_re_2021.dat 7 2027 SSBFofl 5.1717
Model_1_goa_re_2021.dat 7 2027 SSBLCI 7.48619
Model_1_goa_re_2021.dat 7 2027 SSBUCI 7.48671
Model_1_goa_re_2021.dat 7 2027 SSBMedian 7.48639
Model_1_goa_re_2021.dat 7 2027 SSBMean 7.48642
Model_1_goa_re_2021.dat 7 2028 SSBF100 14.7763
Model_1_goa_re_2021.dat 7 2028 SSBFabc 5.91051
Model_1_goa_re_2021.dat 7 2028 SSBFofl 5.1717
Model_1_goa_re_2021.dat 7 2028 SSBLCI 7.27693
Model_1_goa_re_2021.dat 7 2028 SSBUCI 7.27815
Model_1_goa_re_2021.dat 7 2028 SSBMedian 7.27741
Model_1_goa_re_2021.dat 7 2028 SSBMean 7.27746
Model_1_goa_re_2021.dat 7 2029 SSBF100 14.7763
Model_1_goa_re_2021.dat 7 2029 SSBFabc 5.91051
Model_1_goa_re_2021.dat 7 2029 SSBFofl 5.1717
Model_1_goa_re_2021.dat 7 2029 SSBLCI 7.07373
Model_1_goa_re_2021.dat 7 2029 SSBUCI 7.07718
Model_1_goa_re_2021.dat 7 2029 SSBMedian 7.07506
Model_1_goa_re_2021.dat 7 2029 SSBMean 7.07519
Model_1_goa_re_2021.dat 7 2030 SSBF100 14.7763
Model_1_goa_re_2021.dat 7 2030 SSBFabc 5.91051
Model_1_goa_re_2021.dat 7 2030 SSBFofl 5.1717
Model_1_goa_re_2021.dat 7 2030 SSBLCI 6.87831
Model_1_goa_re_2021.dat 7 2030 SSBUCI 6.88711
Model_1_goa_re_2021.dat 7 2030 SSBMedian 6.88168
Model_1_goa_re_2021.dat 7 2030 SSBMean 6.88207
Model_1_goa_re_2021.dat 7 2031 SSBF100 14.7763
Model_1_goa_re_2021.dat 7 2031 SSBFabc 5.91051
Model_1_goa_re_2021.dat 7 2031 SSBFofl 5.1717
Model_1_goa_re_2021.dat 7 2031 SSBLCI 6.6947
Model_1_goa_re_2021.dat 7 2031 SSBUCI 6.71358
Model_1_goa_re_2021.dat 7 2031 SSBMedian 6.70203
Model_1_goa_re_2021.dat 7 2031 SSBMean 6.70297
Model_1_goa_re_2021.dat 7 2032 SSBF100 14.7763
Model_1_goa_re_2021.dat 7 2032 SSBFabc 5.91051
Model_1_goa_re_2021.dat 7 2032 SSBFofl 5.1717
Model_1_goa_re_2021.dat 7 2032 SSBLCI 6.51666
Model_1_goa_re_2021.dat 7 2032 SSBUCI 6.55434
Model_1_goa_re_2021.dat 7 2032 SSBMedian 6.53128
Model_1_goa_re_2021.dat 7 2032 SSBMean 6.53301
Model_1_goa_re_2021.dat 7 2033 SSBF100 14.7763
Model_1_goa_re_2021.dat 7 2033 SSBFabc 5.91051
Model_1_goa_re_2021.dat 7 2033 SSBFofl 5.1717
Model_1_goa_re_2021.dat 7 2033 SSBLCI 6.35341
Model_1_goa_re_2021.dat 7 2033 SSBUCI 6.42148
Model_1_goa_re_2021.dat 7 2033 SSBMedian 6.37952
Model_1_goa_re_2021.dat 7 2033 SSBMean 6.38279
Model_1_goa_re_2021.dat 7 2034 SSBF100 14.7763
Model_1_goa_re_2021.dat 7 2034 SSBFabc 5.91051
Model_1_goa_re_2021.dat 7 2034 SSBFofl 5.1717
Model_1_goa_re_2021.dat 7 2034 SSBLCI 6.20241
Model_1_goa_re_2021.dat 7 2034 SSBUCI 6.31657
Model_1_goa_re_2021.dat 7 2034 SSBMedian 6.24814
Model_1_goa_re_2021.dat 7 2034 SSBMean 6.25247
Model_1_goa_re_2021.dat 7 2021 F0 0 
Model_1_goa_re_2021.dat 7 2021 Fabc 0.0381281
Model_1_goa_re_2021.dat 7 2021 Fofl 0.0459618
Model_1_goa_re_2021.dat 7 2021  F_LCI 0.0194333
Model_1_goa_re_2021.dat 7 2021  F_UCI 0.0194333
Model_1_goa_re_2021.dat 7 2021  F_Median 0.0194333
Model_1_goa_re_2021.dat 7 2021  F_Mean 0.0194333
Model_1_goa_re_2021.dat 7 2022 F0 0 
Model_1_goa_re_2021.dat 7 2022 Fabc 0.0381281
Model_1_goa_re_2021.dat 7 2022 Fofl 0.0459618
Model_1_goa_re_2021.dat 7 2022  F_LCI 0.0381281
Model_1_goa_re_2021.dat 7 2022  F_UCI 0.0381281
Model_1_goa_re_2021.dat 7 2022  F_Median 0.0381281
Model_1_goa_re_2021.dat 7 2022  F_Mean 0.0381281
Model_1_goa_re_2021.dat 7 2023 F0 0 
Model_1_goa_re_2021.dat 7 2023 Fabc 0.0381281
Model_1_goa_re_2021.dat 7 2023 Fofl 0.0459618
Model_1_goa_re_2021.dat 7 2023  F_LCI 0.0381281
Model_1_goa_re_2021.dat 7 2023  F_UCI 0.0381281
Model_1_goa_re_2021.dat 7 2023  F_Median 0.0381281
Model_1_goa_re_2021.dat 7 2023  F_Mean 0.0381281
Model_1_goa_re_2021.dat 7 2024 F0 0 
Model_1_goa_re_2021.dat 7 2024 Fabc 0.0381281
Model_1_goa_re_2021.dat 7 2024 Fofl 0.0459618
Model_1_goa_re_2021.dat 7 2024  F_LCI 0.0459618
Model_1_goa_re_2021.dat 7 2024  F_UCI 0.0459618
Model_1_goa_re_2021.dat 7 2024  F_Median 0.0459618
Model_1_goa_re_2021.dat 7 2024  F_Mean 0.0459618
Model_1_goa_re_2021.dat 7 2025 F0 0 
Model_1_goa_re_2021.dat 7 2025 Fabc 0.0381281
Model_1_goa_re_2021.dat 7 2025 Fofl 0.0459618
Model_1_goa_re_2021.dat 7 2025  F_LCI 0.0459618
Model_1_goa_re_2021.dat 7 2025  F_UCI 0.0459618
Model_1_goa_re_2021.dat 7 2025  F_Median 0.0459618
Model_1_goa_re_2021.dat 7 2025  F_Mean 0.0459618
Model_1_goa_re_2021.dat 7 2026 F0 0 
Model_1_goa_re_2021.dat 7 2026 Fabc 0.0381281
Model_1_goa_re_2021.dat 7 2026 Fofl 0.0459618
Model_1_goa_re_2021.dat 7 2026  F_LCI 0.0459618
Model_1_goa_re_2021.dat 7 2026  F_UCI 0.0459618
Model_1_goa_re_2021.dat 7 2026  F_Median 0.0459618
Model_1_goa_re_2021.dat 7 2026  F_Mean 0.0459618
Model_1_goa_re_2021.dat 7 2027 F0 0 
Model_1_goa_re_2021.dat 7 2027 Fabc 0.0381281
Model_1_goa_re_2021.dat 7 2027 Fofl 0.0459618
Model_1_goa_re_2021.dat 7 2027  F_LCI 0.0459618
Model_1_goa_re_2021.dat 7 2027  F_UCI 0.0459618
Model_1_goa_re_2021.dat 7 2027  F_Median 0.0459618
Model_1_goa_re_2021.dat 7 2027  F_Mean 0.0459618
Model_1_goa_re_2021.dat 7 2028 F0 0 
Model_1_goa_re_2021.dat 7 2028 Fabc 0.0381281
Model_1_goa_re_2021.dat 7 2028 Fofl 0.0459618
Model_1_goa_re_2021.dat 7 2028  F_LCI 0.0459618
Model_1_goa_re_2021.dat 7 2028  F_UCI 0.0459618
Model_1_goa_re_2021.dat 7 2028  F_Median 0.0459618
Model_1_goa_re_2021.dat 7 2028  F_Mean 0.0459618
Model_1_goa_re_2021.dat 7 2029 F0 0 
Model_1_goa_re_2021.dat 7 2029 Fabc 0.0381281
Model_1_goa_re_2021.dat 7 2029 Fofl 0.0459618
Model_1_goa_re_2021.dat 7 2029  F_LCI 0.0459618
Model_1_goa_re_2021.dat 7 2029  F_UCI 0.0459618
Model_1_goa_re_2021.dat 7 2029  F_Median 0.0459618
Model_1_goa_re_2021.dat 7 2029  F_Mean 0.0459618
Model_1_goa_re_2021.dat 7 2030 F0 0 
Model_1_goa_re_2021.dat 7 2030 Fabc 0.0381281
Model_1_goa_re_2021.dat 7 2030 Fofl 0.0459618
Model_1_goa_re_2021.dat 7 2030  F_LCI 0.0459618
Model_1_goa_re_2021.dat 7 2030  F_UCI 0.0459618
Model_1_goa_re_2021.dat 7 2030  F_Median 0.0459618
Model_1_goa_re_2021.dat 7 2030  F_Mean 0.0459618
Model_1_goa_re_2021.dat 7 2031 F0 0 
Model_1_goa_re_2021.dat 7 2031 Fabc 0.0381281
Model_1_goa_re_2021.dat 7 2031 Fofl 0.0459618
Model_1_goa_re_2021.dat 7 2031  F_LCI 0.0459618
Model_1_goa_re_2021.dat 7 2031  F_UCI 0.0459618
Model_1_goa_re_2021.dat 7 2031  F_Median 0.0459618
Model_1_goa_re_2021.dat 7 2031  F_Mean 0.0459618
Model_1_goa_re_2021.dat 7 2032 F0 0 
Model_1_goa_re_2021.dat 7 2032 Fabc 0.0381281
Model_1_goa_re_2021.dat 7 2032 Fofl 0.0459618
Model_1_goa_re_2021.dat 7 2032  F_LCI 0.0459618
Model_1_goa_re_2021.dat 7 2032  F_UCI 0.0459618
Model_1_goa_re_2021.dat 7 2032  F_Median 0.0459618
Model_1_goa_re_2021.dat 7 2032  F_Mean 0.0459618
Model_1_goa_re_2021.dat 7 2033 F0 0 
Model_1_goa_re_2021.dat 7 2033 Fabc 0.0381281
Model_1_goa_re_2021.dat 7 2033 Fofl 0.0459618
Model_1_goa_re_2021.dat 7 2033  F_LCI 0.0459618
Model_1_goa_re_2021.dat 7 2033  F_UCI 0.0459618
Model_1_goa_re_2021.dat 7 2033  F_Median 0.0459618
Model_1_goa_re_2021.dat 7 2033  F_Mean 0.0459618
Model_1_goa_re_2021.dat 7 2034 F0 0 
Model_1_goa_re_2021.dat 7 2034 Fabc 0.0381281
Model_1_goa_re_2021.dat 7 2034 Fofl 0.0459618
Model_1_goa_re_2021.dat 7 2034  F_LCI 0.0459618
Model_1_goa_re_2021.dat 7 2034  F_UCI 0.0459618
Model_1_goa_re_2021.dat 7 2034  F_Median 0.0459618
Model_1_goa_re_2021.dat 7 2034  F_Mean 0.0459618
