Alternative 1 Catch
     Model_1_goa_re_2021.dat 
Equil_Fabc 0.574153 
Year 
2021 0.424885 
2022 0.376003 
2023 0.364902 
2024 0.776403 
2025 0.766963 
2026 0.765855 
2027 0.7432 
2028 0.721557 
2029 0.703876 
2030 0.688561 
2031 0.674407 
2032 0.662503 
2033 0.652683 
2034 0.644731 

Alternative 1 ABCs
     Model_1_goa_re_2021.dat 

Year 
2021  NA 
2022  NA 
2023  NA 
2024 0.776403 
2025 0.766963 
2026 0.765855 
2027 0.7432 
2028 0.721557 
2029 0.703876 
2030 0.688561 
2031 0.674407 
2032 0.662503 
2033 0.652683 
2034 0.644731 

Alternative 1 TACs
     Model_1_goa_re_2021.dat 

Year 
2021  NA 
2022  NA 
2023  NA 
2024 0.776403 
2025 0.766963 
2026 0.765855 
2027 0.7432 
2028 0.721557 
2029 0.703876 
2030 0.688561 
2031 0.674407 
2032 0.662503 
2033 0.652683 
2034 0.644731 

Alternative 1 Sp_Biomass
     Model_1_goa_re_2021.dat 
Equil_Fabc 5.91051 
Year 
2021 8.67785 
2022 8.62839 
2023 8.59895 
2024 8.49533 
2025 8.31068 
2026 8.13508 
2027 7.96026 
2028 7.78594 
2029 7.61433 
2030 7.44814 
2031 7.29277 
2032 7.14275 
2033 7.00986 
2034 6.89474 

Alternative 1 Fishing Mortality
     Model_1_goa_re_2021.dat 
Equil_Fabc 0.0381281 
Year 
2021 0.0202855 
2022 0.0180443 
2023 0.0176978 
2024 0.0381281 
2025 0.0381281 
2026 0.0381281 
2027 0.0381281 
2028 0.0381281 
2029 0.0381281 
2030 0.0381281 
2031 0.0381281 
2032 0.0381281 
2033 0.0381281 
2034 0.0381281 

Alternative 1 Biomass
     Model_1_goa_re_2021.dat 

Year 
2021 26.1606 
2022 26.0197 
2023 25.9375 
2024 25.8755 
2025 25.4155 
2026 24.9845 
2027 24.5734 
2028 24.2076 
2029 23.8816 
2030 23.5912 
2031 23.3323 
2032 23.1043 
2033 22.9023 
2034 22.7215 

Alternative 1 Implied SPR rate 
     Model_1_goa_re_2021.dat 
Equil_Fabc 0.4 
Year 
2021 0.572047 
2022 0.602476 
2023 0.607427 
2024 0.4 
2025 0.4 
2026 0.4 
2027 0.4 
2028 0.4 
2029 0.4 
2030 0.4 
2031 0.4 
2032 0.4 
2033 0.4 
2034 0.4 

  Model_1_goa_re_2021.dat 
EquilAvgAgeF0  24.2723 
EquilAvgAgeFabc  15.4863 
AvgAgeYr2034 17.5118 
Alternative 2 Catch
     Model_1_goa_re_2021.dat 
Equil_Fabc 0.574153 
Year 
2021 0.424885 
2022 0.376003 
2023 0.364902 
2024 0.374622 
2025 0.377068 
2026 0.383288 
2027 0.378793 
2028 0.374327 
2029 0.371348 
2030 0.369134 
2031 0.367123 
2032 0.365868 
2033 0.365318 
2034 0.365396 

Alternative 2 ABCs
     Model_1_goa_re_2021.dat 

Year 
2021  NA 
2022  NA 
2023  NA 
2024 0.374622 
2025 0.377068 
2026 0.383288 
2027 0.378793 
2028 0.374327 
2029 0.371348 
2030 0.369134 
2031 0.367123 
2032 0.365868 
2033 0.365318 
2034 0.365396 

Alternative 2 TACs
     Model_1_goa_re_2021.dat 

Year 
2021  NA 
2022  NA 
2023  NA 
2024 0.374622 
2025 0.377068 
2026 0.383288 
2027 0.378793 
2028 0.374327 
2029 0.371348 
2030 0.369134 
2031 0.367123 
2032 0.365868 
2033 0.365318 
2034 0.365396 

Alternative 2 Sp_Biomass
     Model_1_goa_re_2021.dat 
Equil_Fabc 5.91051 
Year 
2021 8.67785 
2022 8.62839 
2023 8.59895 
2024 8.56469 
2025 8.54159 
2026 8.52193 
2027 8.49736 
2028 8.46607 
2029 8.42974 
2030 8.39088 
2031 8.35528 
2032 8.31627 
2033 8.28765 
2034 8.27051 

Alternative 2 Fishing Mortality
     Model_1_goa_re_2021.dat 
Equil_Fabc 0.0381281 
Year 
2021 0.0202855 
2022 0.0180443 
2023 0.0176978 
2024 0.0182214 
2025 0.0182214 
2026 0.0182214 
2027 0.0182214 
2028 0.0182214 
2029 0.0182214 
2030 0.0182214 
2031 0.0182214 
2032 0.0182214 
2033 0.0182214 
2034 0.0182214 

Alternative 2 Biomass
     Model_1_goa_re_2021.dat 

Year 
2021 26.1606 
2022 26.0197 
2023 25.9375 
2024 25.8755 
2025 25.8169 
2026 25.768 
2027 25.7244 
2028 25.7002 
2029 25.6908 
2030 25.6946 
2031 25.7094 
2032 25.7359 
2033 25.7711 
2034 25.8115 

Alternative 2 Implied SPR rate 
     Model_1_goa_re_2021.dat 
Equil_Fabc 0.4 
Year 
2021 0.572047 
2022 0.602476 
2023 0.607427 
2024 0.599972 
2025 0.599972 
2026 0.599972 
2027 0.599972 
2028 0.599972 
2029 0.599972 
2030 0.599972 
2031 0.599972 
2032 0.599972 
2033 0.599972 
2034 0.599972 

  Model_1_goa_re_2021.dat 
EquilAvgAgeF0  24.2723 
EquilAvgAgeFabc  15.4863 
AvgAgeYr2034 18.8246 
Alternative 3 Catch
     Model_1_goa_re_2021.dat 
Equil_Fabc 0.574153 
Year 
2021 0.424885 
2022 0.376003 
2023 0.364902 
2024 0.391787 
2025 0.394031 
2026 0.40023 
2027 0.39523 
2028 0.390276 
2029 0.386893 
2030 0.384322 
2031 0.381977 
2032 0.380435 
2033 0.379642 
2034 0.379515 

Alternative 3 ABCs
     Model_1_goa_re_2021.dat 

Year 
2021  NA 
2022  NA 
2023  NA 
2024 0.391787 
2025 0.394031 
2026 0.40023 
2027 0.39523 
2028 0.390276 
2029 0.386893 
2030 0.384322 
2031 0.381977 
2032 0.380435 
2033 0.379642 
2034 0.379515 

Alternative 3 TACs
     Model_1_goa_re_2021.dat 

Year 
2021  NA 
2022  NA 
2023  NA 
2024 0.391787 
2025 0.394031 
2026 0.40023 
2027 0.39523 
2028 0.390276 
2029 0.386893 
2030 0.384322 
2031 0.381977 
2032 0.380435 
2033 0.379642 
2034 0.379515 

Alternative 3 Sp_Biomass
     Model_1_goa_re_2021.dat 
Equil_Fabc 5.91051 
Year 
2021 8.67785 
2022 8.62839 
2023 8.59895 
2024 8.56174 
2025 8.53169 
2026 8.50518 
2027 8.47389 
2028 8.43608 
2029 8.39345 
2030 8.34856 
2031 8.30716 
2032 8.26268 
2033 8.2288 
2034 8.20664 

Alternative 3 Fishing Mortality
     Model_1_goa_re_2021.dat 
Equil_Fabc 0.0381281 
Year 
2021 0.0202855 
2022 0.0180443 
2023 0.0176978 
2024 0.019064 
2025 0.019064 
2026 0.019064 
2027 0.019064 
2028 0.019064 
2029 0.019064 
2030 0.019064 
2031 0.019064 
2032 0.019064 
2033 0.019064 
2034 0.019064 

Alternative 3 Biomass
     Model_1_goa_re_2021.dat 

Year 
2021 26.1606 
2022 26.0197 
2023 25.9375 
2024 25.8755 
2025 25.7997 
2026 25.7343 
2027 25.6744 
2028 25.6347 
2029 25.6107 
2030 25.6007 
2031 25.6023 
2032 25.6164 
2033 25.6397 
2034 25.6689 

Alternative 3 Implied SPR rate 
     Model_1_goa_re_2021.dat 
Equil_Fabc 0.4 
Year 
2021 0.572047 
2022 0.602476 
2023 0.607427 
2024 0.588298 
2025 0.588298 
2026 0.588298 
2027 0.588298 
2028 0.588298 
2029 0.588298 
2030 0.588298 
2031 0.588298 
2032 0.588298 
2033 0.588298 
2034 0.588298 

  Model_1_goa_re_2021.dat 
EquilAvgAgeF0  24.2723 
EquilAvgAgeFabc  15.4863 
AvgAgeYr2034 18.7678 
Alternative 4 Catch
     Model_1_goa_re_2021.dat 
Equil_Fabc 0.574153 
Year 
2021 0.424885 
2022 0.376003 
2023 0.364902 
2024 0.531215 
2025 0.530813 
2026 0.535855 
2027 0.525838 
2028 0.516078 
2029 0.50863 
2030 0.502447 
2031 0.496726 
2032 0.492239 
2033 0.488902 
2034 0.486592 

Alternative 4 ABCs
     Model_1_goa_re_2021.dat 

Year 
2021  NA 
2022  NA 
2023  NA 
2024 0.531215 
2025 0.530813 
2026 0.535855 
2027 0.525838 
2028 0.516078 
2029 0.50863 
2030 0.502447 
2031 0.496726 
2032 0.492239 
2033 0.488902 
2034 0.486592 

Alternative 4 TACs
     Model_1_goa_re_2021.dat 

Year 
2021  NA 
2022  NA 
2023  NA 
2024 0.531215 
2025 0.530813 
2026 0.535855 
2027 0.525838 
2028 0.516078 
2029 0.50863 
2030 0.502447 
2031 0.496726 
2032 0.492239 
2033 0.488902 
2034 0.486592 

Alternative 4 Sp_Biomass
     Model_1_goa_re_2021.dat 
Equil_Fabc 5.91051 
Year 
2021 8.67785 
2022 8.62839 
2023 8.59895 
2024 8.53775 
2025 8.45136 
2026 8.36986 
2027 8.28498 
2028 8.19558 
2029 8.10358 
2030 8.01167 
2031 7.92553 
2032 7.83906 
2033 7.76529 
2034 7.70521 

Alternative 4 Fishing Mortality
     Model_1_goa_re_2021.dat 
Equil_Fabc 0.0381281 
Year 
2021 0.0202855 
2022 0.0180443 
2023 0.0176978 
2024 0.0259344 
2025 0.0259344 
2026 0.0259344 
2027 0.0259344 
2028 0.0259344 
2029 0.0259344 
2030 0.0259344 
2031 0.0259344 
2032 0.0259344 
2033 0.0259344 
2034 0.0259344 

Alternative 4 Biomass
     Model_1_goa_re_2021.dat 

Year 
2021 26.1606 
2022 26.0197 
2023 25.9375 
2024 25.8755 
2025 25.6604 
2026 25.4609 
2027 25.2706 
2028 25.1084 
2029 24.9695 
2030 24.8513 
2031 24.7513 
2032 24.6696 
2033 24.6027 
2034 24.5467 

Alternative 4 Implied SPR rate 
     Model_1_goa_re_2021.dat 
Equil_Fabc 0.4 
Year 
2021 0.572047 
2022 0.602476 
2023 0.607427 
2024 0.505871 
2025 0.505871 
2026 0.505871 
2027 0.505871 
2028 0.505871 
2029 0.505871 
2030 0.505871 
2031 0.505871 
2032 0.505871 
2033 0.505871 
2034 0.505871 

  Model_1_goa_re_2021.dat 
EquilAvgAgeF0  24.2723 
EquilAvgAgeFabc  15.4863 
AvgAgeYr2034 18.3082 
Alternative 5 Catch
     Model_1_goa_re_2021.dat 
Equil_Fabc 0.574153 
Year 
2021 0.424885 
2022 0.376003 
2023 0.364902 
2024  NA 
2025  NA 
2026  NA 
2027  NA 
2028  NA 
2029  NA 
2030  NA 
2031  NA 
2032  NA 
2033  NA 
2034  NA 

Alternative 5 ABCs
     Model_1_goa_re_2021.dat 

Year 
2021  NA 
2022  NA 
2023  NA 
2024  NA 
2025  NA 
2026  NA 
2027  NA 
2028  NA 
2029  NA 
2030  NA 
2031  NA 
2032  NA 
2033  NA 
2034  NA 

Alternative 5 TACs
     Model_1_goa_re_2021.dat 

Year 
2021  NA 
2022  NA 
2023  NA 
2024  NA 
2025  NA 
2026  NA 
2027  NA 
2028  NA 
2029  NA 
2030  NA 
2031  NA 
2032  NA 
2033  NA 
2034  NA 

Alternative 5 Sp_Biomass
     Model_1_goa_re_2021.dat 
Equil_Fabc 5.91051 
Year 
2021 8.67785 
2022 8.62839 
2023 8.59895 
2024 8.62868 
2025 8.7587 
2026 8.89253 
2027 9.02152 
2028 9.14215 
2029 9.25521 
2030 9.36261 
2031 9.47012 
2032 9.56935 
2033 9.67574 
2034 9.7904 

Alternative 5 Fishing Mortality
     Model_1_goa_re_2021.dat 
Equil_Fabc 0.0381281 
Year 
2021 0.0202855 
2022 0.0180443 
2023 0.0176978 
2024  NA 
2025  NA 
2026  NA 
2027  NA 
2028  NA 
2029  NA 
2030  NA 
2031  NA 
2032  NA 
2033  NA 
2034  NA 

Alternative 5 Biomass
     Model_1_goa_re_2021.dat 

Year 
2021 26.1606 
2022 26.0197 
2023 25.9375 
2024 25.8755 
2025 26.1912 
2026 26.5121 
2027 26.8373 
2028 27.1695 
2029 27.5038 
2030 27.8399 
2031 28.1763 
2032 28.5139 
2033 28.8504 
2034 29.1833 

Alternative 5 Implied SPR rate 
     Model_1_goa_re_2021.dat 
Equil_Fabc 0.4 
Year 
2021 0.572047 
2022 0.602476 
2023 0.607427 
2024 1 
2025 1 
2026 1 
2027 1 
2028 1 
2029 1 
2030 1 
2031 1 
2032 1 
2033 1 
2034 1 

  Model_1_goa_re_2021.dat 
EquilAvgAgeF0  24.2723 
EquilAvgAgeFabc  15.4863 
AvgAgeYr2034 20.0764 
Alternative 6 Catch
     Model_1_goa_re_2021.dat 
Equil_Fabc 0.574153 
Year 
2021 0.424885 
2022 0.944887 
2023 0.910146 
2024 0.88452 
2025 0.869314 
2026 0.864368 
2027 0.834014 
2028 0.805315 
2029 0.781759 
2030 0.761396 
2031 0.742748 
2032 0.727071 
2033 0.714118 
2034 0.703591 

Alternative 6 ABCs
     Model_1_goa_re_2021.dat 

Year 
2021 0.950818 
2022 0.944887 
2023 0.910147 
2024 0.88452 
2025 0.869314 
2026 0.864368 
2027 0.834014 
2028 0.805315 
2029 0.781759 
2030 0.761396 
2031 0.742748 
2032 0.727071 
2033 0.714118 
2034 0.703591 

Alternative 6 TACs
     Model_1_goa_re_2021.dat 

Year 
2021  NA 
2022 0.944887 
2023 0.910147 
2024 0.88452 
2025 0.869314 
2026 0.864368 
2027 0.834014 
2028 0.805315 
2029 0.781759 
2030 0.761396 
2031 0.742748 
2032 0.727071 
2033 0.714118 
2034 0.703591 

Alternative 6 Sp_Biomass
     Model_1_goa_re_2021.dat 
Equil_Fabc 5.91051 
Year 
2021 8.67785 
2022 8.53009 
2023 8.27204 
2024 8.0217 
2025 7.79611 
2026 7.58384 
2027 7.37647 
2028 7.17386 
2029 6.97785 
2030 6.79082 
2031 6.61759 
2032 6.4534 
2033 6.3087 
2034 6.18361 

Alternative 6 Fishing Mortality
     Model_1_goa_re_2021.dat 
Equil_Fabc 0.0381281 
Year 
2021 0.0202855 
2022 0.0459617 
2023 0.0459617 
2024 0.0459618 
2025 0.0459618 
2026 0.0459618 
2027 0.0459618 
2028 0.0459618 
2029 0.0459618 
2030 0.0459618 
2031 0.0459618 
2032 0.0459618 
2033 0.0459618 
2034 0.0459618 

Alternative 6 Biomass
     Model_1_goa_re_2021.dat 

Year 
2021 26.1606 
2022 26.0197 
2023 25.369 
2024 24.7732 
2025 24.227 
2026 23.7184 
2027 23.2362 
2028 22.8091 
2029 22.4312 
2030 22.0966 
2031 21.8003 
2032 21.5408 
2033 21.3123 
2034 21.1091 

Alternative 6 Implied SPR rate 
     Model_1_goa_re_2021.dat 
Equil_Fabc 0.4 
Year 
2021 0.572047 
2022 0.35 
2023 0.35 
2024 0.35 
2025 0.35 
2026 0.35 
2027 0.35 
2028 0.35 
2029 0.35 
2030 0.35 
2031 0.35 
2032 0.35 
2033 0.35 
2034 0.35 

  Model_1_goa_re_2021.dat 
EquilAvgAgeF0  24.2723 
EquilAvgAgeFabc  15.4863 
AvgAgeYr2034 16.7177 
Alternative 7 Catch
     Model_1_goa_re_2021.dat 
Equil_Fabc 0.574153 
Year 
2021 0.424885 
2022 0.786814 
2023 0.763585 
2024 0.897606 
2025 0.881611 
2026 0.875919 
2027 0.844819 
2028 0.815414 
2029 0.79119 
2030 0.77019 
2031 0.750934 
2032 0.734681 
2033 0.721184 
2034 0.710147 

Alternative 7 ABCs
     Model_1_goa_re_2021.dat 

Year 
2021 0.950818 
2022 0.944887 
2023 0.917 
2024 0.897606 
2025 0.881611 
2026 0.875919 
2027 0.844819 
2028 0.815414 
2029 0.79119 
2030 0.77019 
2031 0.750934 
2032 0.734681 
2033 0.721184 
2034 0.710147 

Alternative 7 TACs
     Model_1_goa_re_2021.dat 

Year 
2021  NA 
2022 0.944887 
2023 0.917 
2024 0.897606 
2025 0.881611 
2026 0.875919 
2027 0.844819 
2028 0.815414 
2029 0.79119 
2030 0.77019 
2031 0.750934 
2032 0.734681 
2033 0.721184 
2034 0.710147 

Alternative 7 Sp_Biomass
     Model_1_goa_re_2021.dat 
Equil_Fabc 5.91051 
Year 
2021 8.67785 
2022 8.55756 
2023 8.36214 
2024 8.14372 
2025 7.91238 
2026 7.69425 
2027 7.48091 
2028 7.27229 
2029 7.07035 
2030 6.87754 
2031 6.69875 
2032 6.5291 
2033 6.37915 
2034 6.2491 

Alternative 7 Fishing Mortality
     Model_1_goa_re_2021.dat 
Equil_Fabc 0.0381281 
Year 
2021 0.0202855 
2022 0.0381281 
2023 0.0381281 
2024 0.0459618 
2025 0.0459618 
2026 0.0459618 
2027 0.0459618 
2028 0.0459618 
2029 0.0459618 
2030 0.0459618 
2031 0.0459618 
2032 0.0459618 
2033 0.0459618 
2034 0.0459618 

Alternative 7 Biomass
     Model_1_goa_re_2021.dat 

Year 
2021 26.1606 
2022 26.0197 
2023 25.527 
2024 25.0746 
2025 24.5093 
2026 23.9825 
2027 23.4828 
2028 23.0392 
2029 22.6456 
2030 22.2962 
2031 21.9859 
2032 21.7132 
2033 21.4723 
2034 21.2575 

Alternative 7 Implied SPR rate 
     Model_1_goa_re_2021.dat 
Equil_Fabc 0.4 
Year 
2021 0.572047 
2022 0.4 
2023 0.4 
2024 0.35 
2025 0.35 
2026 0.35 
2027 0.35 
2028 0.35 
2029 0.35 
2030 0.35 
2031 0.35 
2032 0.35 
2033 0.35 
2034 0.35 

  Model_1_goa_re_2021.dat 
EquilAvgAgeF0  24.2723 
EquilAvgAgeFabc  15.4863 
AvgAgeYr2034 16.7997 
