Model_1_goa_re_2021.dat 1 2021 Cabc 0.574153
Model_1_goa_re_2021.dat 1 2021 Cofl 0.615453
Model_1_goa_re_2021.dat 1 2021 CLCI 0.407204
Model_1_goa_re_2021.dat 1 2021 CUCI 0.407204
Model_1_goa_re_2021.dat 1 2021 CMedian 0.407204
Model_1_goa_re_2021.dat 1 2021 CMean 0.407204
Model_1_goa_re_2021.dat 1 2022 Cabc 0.574153
Model_1_goa_re_2021.dat 1 2022 Cofl 0.615453
Model_1_goa_re_2021.dat 1 2022 CLCI 0.487001
Model_1_goa_re_2021.dat 1 2022 CUCI 0.487001
Model_1_goa_re_2021.dat 1 2022 CMedian 0.487001
Model_1_goa_re_2021.dat 1 2022 CMean 0.487001
Model_1_goa_re_2021.dat 1 2023 Cabc 0.574153
Model_1_goa_re_2021.dat 1 2023 Cofl 0.615453
Model_1_goa_re_2021.dat 1 2023 CLCI 0.361636
Model_1_goa_re_2021.dat 1 2023 CUCI 0.361636
Model_1_goa_re_2021.dat 1 2023 CMedian 0.361636
Model_1_goa_re_2021.dat 1 2023 CMean 0.361636
Model_1_goa_re_2021.dat 1 2024 Cabc 0.574153
Model_1_goa_re_2021.dat 1 2024 Cofl 0.615453
Model_1_goa_re_2021.dat 1 2024 CLCI 0.353812
Model_1_goa_re_2021.dat 1 2024 CUCI 0.353812
Model_1_goa_re_2021.dat 1 2024 CMedian 0.353812
Model_1_goa_re_2021.dat 1 2024 CMean 0.353812
Model_1_goa_re_2021.dat 1 2025 Cabc 0.574153
Model_1_goa_re_2021.dat 1 2025 Cofl 0.615453
Model_1_goa_re_2021.dat 1 2025 CLCI 0.779034
Model_1_goa_re_2021.dat 1 2025 CUCI 0.779135
Model_1_goa_re_2021.dat 1 2025 CMedian 0.779073
Model_1_goa_re_2021.dat 1 2025 CMean 0.779077
Model_1_goa_re_2021.dat 1 2026 Cabc 0.574153
Model_1_goa_re_2021.dat 1 2026 Cofl 0.615453
Model_1_goa_re_2021.dat 1 2026 CLCI 0.777233
Model_1_goa_re_2021.dat 1 2026 CUCI 0.777558
Model_1_goa_re_2021.dat 1 2026 CMedian 0.777359
Model_1_goa_re_2021.dat 1 2026 CMean 0.777371
Model_1_goa_re_2021.dat 1 2027 Cabc 0.574153
Model_1_goa_re_2021.dat 1 2027 Cofl 0.615453
Model_1_goa_re_2021.dat 1 2027 CLCI 0.753706
Model_1_goa_re_2021.dat 1 2027 CUCI 0.754571
Model_1_goa_re_2021.dat 1 2027 CMedian 0.754039
Model_1_goa_re_2021.dat 1 2027 CMean 0.754076
Model_1_goa_re_2021.dat 1 2028 Cabc 0.574153
Model_1_goa_re_2021.dat 1 2028 Cofl 0.615453
Model_1_goa_re_2021.dat 1 2028 CLCI 0.731016
Model_1_goa_re_2021.dat 1 2028 CUCI 0.732832
Model_1_goa_re_2021.dat 1 2028 CMedian 0.731728
Model_1_goa_re_2021.dat 1 2028 CMean 0.731818
Model_1_goa_re_2021.dat 1 2029 Cabc 0.574153
Model_1_goa_re_2021.dat 1 2029 Cofl 0.615453
Model_1_goa_re_2021.dat 1 2029 CLCI 0.712249
Model_1_goa_re_2021.dat 1 2029 CUCI 0.715269
Model_1_goa_re_2021.dat 1 2029 CMedian 0.713426
Model_1_goa_re_2021.dat 1 2029 CMean 0.713554
Model_1_goa_re_2021.dat 1 2030 Cabc 0.574153
Model_1_goa_re_2021.dat 1 2030 Cofl 0.615453
Model_1_goa_re_2021.dat 1 2030 CLCI 0.695887
Model_1_goa_re_2021.dat 1 2030 CUCI 0.699797
Model_1_goa_re_2021.dat 1 2030 CMedian 0.697576
Model_1_goa_re_2021.dat 1 2030 CMean 0.697685
Model_1_goa_re_2021.dat 1 2031 Cabc 0.574153
Model_1_goa_re_2021.dat 1 2031 Cofl 0.615453
Model_1_goa_re_2021.dat 1 2031 CLCI 0.680802
Model_1_goa_re_2021.dat 1 2031 CUCI 0.685484
Model_1_goa_re_2021.dat 1 2031 CMedian 0.682884
Model_1_goa_re_2021.dat 1 2031 CMean 0.682996
Model_1_goa_re_2021.dat 1 2032 Cabc 0.574153
Model_1_goa_re_2021.dat 1 2032 Cofl 0.615453
Model_1_goa_re_2021.dat 1 2032 CLCI 0.66803
Model_1_goa_re_2021.dat 1 2032 CUCI 0.673431
Model_1_goa_re_2021.dat 1 2032 CMedian 0.670463
Model_1_goa_re_2021.dat 1 2032 CMean 0.670572
Model_1_goa_re_2021.dat 1 2033 Cabc 0.574153
Model_1_goa_re_2021.dat 1 2033 Cofl 0.615453
Model_1_goa_re_2021.dat 1 2033 CLCI 0.657005
Model_1_goa_re_2021.dat 1 2033 CUCI 0.664238
Model_1_goa_re_2021.dat 1 2033 CMedian 0.660182
Model_1_goa_re_2021.dat 1 2033 CMean 0.660251
Model_1_goa_re_2021.dat 1 2034 Cabc 0.574153
Model_1_goa_re_2021.dat 1 2034 Cofl 0.615453
Model_1_goa_re_2021.dat 1 2034 CLCI 0.64625
Model_1_goa_re_2021.dat 1 2034 CUCI 0.659059
Model_1_goa_re_2021.dat 1 2034 CMedian 0.651314
Model_1_goa_re_2021.dat 1 2034 CMean 0.651819
Model_1_goa_re_2021.dat 1 2021 SSBF100 14.7763
Model_1_goa_re_2021.dat 1 2021 SSBFabc 5.91051
Model_1_goa_re_2021.dat 1 2021 SSBFofl 5.1717
Model_1_goa_re_2021.dat 1 2021 SSBLCI 8.68089
Model_1_goa_re_2021.dat 1 2021 SSBUCI 8.68089
Model_1_goa_re_2021.dat 1 2021 SSBMedian 8.68089
Model_1_goa_re_2021.dat 1 2021 SSBMean 8.68089
Model_1_goa_re_2021.dat 1 2022 SSBF100 14.7763
Model_1_goa_re_2021.dat 1 2022 SSBFabc 5.91051
Model_1_goa_re_2021.dat 1 2022 SSBFofl 5.1717
Model_1_goa_re_2021.dat 1 2022 SSBLCI 8.61655
Model_1_goa_re_2021.dat 1 2022 SSBUCI 8.61655
Model_1_goa_re_2021.dat 1 2022 SSBMedian 8.61655
Model_1_goa_re_2021.dat 1 2022 SSBMean 8.61655
Model_1_goa_re_2021.dat 1 2023 SSBF100 14.7763
Model_1_goa_re_2021.dat 1 2023 SSBFabc 5.91051
Model_1_goa_re_2021.dat 1 2023 SSBFofl 5.1717
Model_1_goa_re_2021.dat 1 2023 SSBLCI 8.56137
Model_1_goa_re_2021.dat 1 2023 SSBUCI 8.56137
Model_1_goa_re_2021.dat 1 2023 SSBMedian 8.56137
Model_1_goa_re_2021.dat 1 2023 SSBMean 8.56137
Model_1_goa_re_2021.dat 1 2024 SSBF100 14.7763
Model_1_goa_re_2021.dat 1 2024 SSBFabc 5.91051
Model_1_goa_re_2021.dat 1 2024 SSBFofl 5.1717
Model_1_goa_re_2021.dat 1 2024 SSBLCI 8.5315
Model_1_goa_re_2021.dat 1 2024 SSBUCI 8.5315
Model_1_goa_re_2021.dat 1 2024 SSBMedian 8.5315
Model_1_goa_re_2021.dat 1 2024 SSBMean 8.5315
Model_1_goa_re_2021.dat 1 2025 SSBF100 14.7763
Model_1_goa_re_2021.dat 1 2025 SSBFabc 5.91051
Model_1_goa_re_2021.dat 1 2025 SSBFofl 5.1717
Model_1_goa_re_2021.dat 1 2025 SSBLCI 8.44467
Model_1_goa_re_2021.dat 1 2025 SSBUCI 8.44467
Model_1_goa_re_2021.dat 1 2025 SSBMedian 8.44467
Model_1_goa_re_2021.dat 1 2025 SSBMean 8.44467
Model_1_goa_re_2021.dat 1 2026 SSBF100 14.7763
Model_1_goa_re_2021.dat 1 2026 SSBFabc 5.91051
Model_1_goa_re_2021.dat 1 2026 SSBFofl 5.1717
Model_1_goa_re_2021.dat 1 2026 SSBLCI 8.26415
Model_1_goa_re_2021.dat 1 2026 SSBUCI 8.26436
Model_1_goa_re_2021.dat 1 2026 SSBMedian 8.26422
Model_1_goa_re_2021.dat 1 2026 SSBMean 8.26424
Model_1_goa_re_2021.dat 1 2027 SSBF100 14.7763
Model_1_goa_re_2021.dat 1 2027 SSBFabc 5.91051
Model_1_goa_re_2021.dat 1 2027 SSBFofl 5.1717
Model_1_goa_re_2021.dat 1 2027 SSBLCI 8.08402
Model_1_goa_re_2021.dat 1 2027 SSBUCI 8.08454
Model_1_goa_re_2021.dat 1 2027 SSBMedian 8.08422
Model_1_goa_re_2021.dat 1 2027 SSBMean 8.08424
Model_1_goa_re_2021.dat 1 2028 SSBF100 14.7763
Model_1_goa_re_2021.dat 1 2028 SSBFabc 5.91051
Model_1_goa_re_2021.dat 1 2028 SSBFofl 5.1717
Model_1_goa_re_2021.dat 1 2028 SSBLCI 7.90392
Model_1_goa_re_2021.dat 1 2028 SSBUCI 7.90515
Model_1_goa_re_2021.dat 1 2028 SSBMedian 7.90441
Model_1_goa_re_2021.dat 1 2028 SSBMean 7.90446
Model_1_goa_re_2021.dat 1 2029 SSBF100 14.7763
Model_1_goa_re_2021.dat 1 2029 SSBFabc 5.91051
Model_1_goa_re_2021.dat 1 2029 SSBFofl 5.1717
Model_1_goa_re_2021.dat 1 2029 SSBLCI 7.72575
Model_1_goa_re_2021.dat 1 2029 SSBUCI 7.72922
Model_1_goa_re_2021.dat 1 2029 SSBMedian 7.72708
Model_1_goa_re_2021.dat 1 2029 SSBMean 7.72722
Model_1_goa_re_2021.dat 1 2030 SSBF100 14.7763
Model_1_goa_re_2021.dat 1 2030 SSBFabc 5.91051
Model_1_goa_re_2021.dat 1 2030 SSBFofl 5.1717
Model_1_goa_re_2021.dat 1 2030 SSBLCI 7.55156
Model_1_goa_re_2021.dat 1 2030 SSBUCI 7.56039
Model_1_goa_re_2021.dat 1 2030 SSBMedian 7.55495
Model_1_goa_re_2021.dat 1 2030 SSBMean 7.55534
Model_1_goa_re_2021.dat 1 2031 SSBF100 14.7763
Model_1_goa_re_2021.dat 1 2031 SSBFabc 5.91051
Model_1_goa_re_2021.dat 1 2031 SSBFofl 5.1717
Model_1_goa_re_2021.dat 1 2031 SSBLCI 7.38604
Model_1_goa_re_2021.dat 1 2031 SSBUCI 7.40498
Model_1_goa_re_2021.dat 1 2031 SSBMedian 7.39339
Model_1_goa_re_2021.dat 1 2031 SSBMean 7.39433
Model_1_goa_re_2021.dat 1 2032 SSBF100 14.7763
Model_1_goa_re_2021.dat 1 2032 SSBFabc 5.91051
Model_1_goa_re_2021.dat 1 2032 SSBFofl 5.1717
Model_1_goa_re_2021.dat 1 2032 SSBLCI 7.22225
Model_1_goa_re_2021.dat 1 2032 SSBUCI 7.26008
Model_1_goa_re_2021.dat 1 2032 SSBMedian 7.23693
Model_1_goa_re_2021.dat 1 2032 SSBMean 7.23867
Model_1_goa_re_2021.dat 1 2033 SSBF100 14.7763
Model_1_goa_re_2021.dat 1 2033 SSBFabc 5.91051
Model_1_goa_re_2021.dat 1 2033 SSBFofl 5.1717
Model_1_goa_re_2021.dat 1 2033 SSBLCI 7.07082
Model_1_goa_re_2021.dat 1 2033 SSBUCI 7.13921
Model_1_goa_re_2021.dat 1 2033 SSBMedian 7.09705
Model_1_goa_re_2021.dat 1 2033 SSBMean 7.10033
Model_1_goa_re_2021.dat 1 2034 SSBF100 14.7763
Model_1_goa_re_2021.dat 1 2034 SSBFabc 5.91051
Model_1_goa_re_2021.dat 1 2034 SSBFofl 5.1717
Model_1_goa_re_2021.dat 1 2034 SSBLCI 6.92941
Model_1_goa_re_2021.dat 1 2034 SSBUCI 7.04413
Model_1_goa_re_2021.dat 1 2034 SSBMedian 6.97539
Model_1_goa_re_2021.dat 1 2034 SSBMean 6.97975
Model_1_goa_re_2021.dat 1 2021 F0 0 
Model_1_goa_re_2021.dat 1 2021 Fabc 0.0381281
Model_1_goa_re_2021.dat 1 2021 Fofl 0.0459618
Model_1_goa_re_2021.dat 1 2021  F_LCI 0.0194333
Model_1_goa_re_2021.dat 1 2021  F_UCI 0.0194333
Model_1_goa_re_2021.dat 1 2021  F_Median 0.0194333
Model_1_goa_re_2021.dat 1 2021  F_Mean 0.0194333
Model_1_goa_re_2021.dat 1 2022 F0 0 
Model_1_goa_re_2021.dat 1 2022 Fabc 0.0381281
Model_1_goa_re_2021.dat 1 2022 Fofl 0.0459618
Model_1_goa_re_2021.dat 1 2022  F_LCI 0.023413
Model_1_goa_re_2021.dat 1 2022  F_UCI 0.023413
Model_1_goa_re_2021.dat 1 2022  F_Median 0.023413
Model_1_goa_re_2021.dat 1 2022  F_Mean 0.023413
Model_1_goa_re_2021.dat 1 2023 F0 0 
Model_1_goa_re_2021.dat 1 2023 Fabc 0.0381281
Model_1_goa_re_2021.dat 1 2023 Fofl 0.0459618
Model_1_goa_re_2021.dat 1 2023  F_LCI 0.0176151
Model_1_goa_re_2021.dat 1 2023  F_UCI 0.0176153
Model_1_goa_re_2021.dat 1 2023  F_Median 0.0176152
Model_1_goa_re_2021.dat 1 2023  F_Mean 0.0176152
Model_1_goa_re_2021.dat 1 2024 F0 0 
Model_1_goa_re_2021.dat 1 2024 Fabc 0.0381281
Model_1_goa_re_2021.dat 1 2024 Fofl 0.0459618
Model_1_goa_re_2021.dat 1 2024  F_LCI 0.0172723
Model_1_goa_re_2021.dat 1 2024  F_UCI 0.017273
Model_1_goa_re_2021.dat 1 2024  F_Median 0.0172727
Model_1_goa_re_2021.dat 1 2024  F_Mean 0.0172727
Model_1_goa_re_2021.dat 1 2025 F0 0 
Model_1_goa_re_2021.dat 1 2025 Fabc 0.0381281
Model_1_goa_re_2021.dat 1 2025 Fofl 0.0459618
Model_1_goa_re_2021.dat 1 2025  F_LCI 0.0381281
Model_1_goa_re_2021.dat 1 2025  F_UCI 0.0381281
Model_1_goa_re_2021.dat 1 2025  F_Median 0.0381281
Model_1_goa_re_2021.dat 1 2025  F_Mean 0.0381281
Model_1_goa_re_2021.dat 1 2026 F0 0 
Model_1_goa_re_2021.dat 1 2026 Fabc 0.0381281
Model_1_goa_re_2021.dat 1 2026 Fofl 0.0459618
Model_1_goa_re_2021.dat 1 2026  F_LCI 0.0381281
Model_1_goa_re_2021.dat 1 2026  F_UCI 0.0381281
Model_1_goa_re_2021.dat 1 2026  F_Median 0.0381281
Model_1_goa_re_2021.dat 1 2026  F_Mean 0.0381281
Model_1_goa_re_2021.dat 1 2027 F0 0 
Model_1_goa_re_2021.dat 1 2027 Fabc 0.0381281
Model_1_goa_re_2021.dat 1 2027 Fofl 0.0459618
Model_1_goa_re_2021.dat 1 2027  F_LCI 0.0381281
Model_1_goa_re_2021.dat 1 2027  F_UCI 0.0381281
Model_1_goa_re_2021.dat 1 2027  F_Median 0.0381281
Model_1_goa_re_2021.dat 1 2027  F_Mean 0.0381281
Model_1_goa_re_2021.dat 1 2028 F0 0 
Model_1_goa_re_2021.dat 1 2028 Fabc 0.0381281
Model_1_goa_re_2021.dat 1 2028 Fofl 0.0459618
Model_1_goa_re_2021.dat 1 2028  F_LCI 0.0381281
Model_1_goa_re_2021.dat 1 2028  F_UCI 0.0381281
Model_1_goa_re_2021.dat 1 2028  F_Median 0.0381281
Model_1_goa_re_2021.dat 1 2028  F_Mean 0.0381281
Model_1_goa_re_2021.dat 1 2029 F0 0 
Model_1_goa_re_2021.dat 1 2029 Fabc 0.0381281
Model_1_goa_re_2021.dat 1 2029 Fofl 0.0459618
Model_1_goa_re_2021.dat 1 2029  F_LCI 0.0381281
Model_1_goa_re_2021.dat 1 2029  F_UCI 0.0381281
Model_1_goa_re_2021.dat 1 2029  F_Median 0.0381281
Model_1_goa_re_2021.dat 1 2029  F_Mean 0.0381281
Model_1_goa_re_2021.dat 1 2030 F0 0 
Model_1_goa_re_2021.dat 1 2030 Fabc 0.0381281
Model_1_goa_re_2021.dat 1 2030 Fofl 0.0459618
Model_1_goa_re_2021.dat 1 2030  F_LCI 0.0381281
Model_1_goa_re_2021.dat 1 2030  F_UCI 0.0381281
Model_1_goa_re_2021.dat 1 2030  F_Median 0.0381281
Model_1_goa_re_2021.dat 1 2030  F_Mean 0.0381281
Model_1_goa_re_2021.dat 1 2031 F0 0 
Model_1_goa_re_2021.dat 1 2031 Fabc 0.0381281
Model_1_goa_re_2021.dat 1 2031 Fofl 0.0459618
Model_1_goa_re_2021.dat 1 2031  F_LCI 0.0381281
Model_1_goa_re_2021.dat 1 2031  F_UCI 0.0381281
Model_1_goa_re_2021.dat 1 2031  F_Median 0.0381281
Model_1_goa_re_2021.dat 1 2031  F_Mean 0.0381281
Model_1_goa_re_2021.dat 1 2032 F0 0 
Model_1_goa_re_2021.dat 1 2032 Fabc 0.0381281
Model_1_goa_re_2021.dat 1 2032 Fofl 0.0459618
Model_1_goa_re_2021.dat 1 2032  F_LCI 0.0381281
Model_1_goa_re_2021.dat 1 2032  F_UCI 0.0381281
Model_1_goa_re_2021.dat 1 2032  F_Median 0.0381281
Model_1_goa_re_2021.dat 1 2032  F_Mean 0.0381281
Model_1_goa_re_2021.dat 1 2033 F0 0 
Model_1_goa_re_2021.dat 1 2033 Fabc 0.0381281
Model_1_goa_re_2021.dat 1 2033 Fofl 0.0459618
Model_1_goa_re_2021.dat 1 2033  F_LCI 0.0381281
Model_1_goa_re_2021.dat 1 2033  F_UCI 0.0381281
Model_1_goa_re_2021.dat 1 2033  F_Median 0.0381281
Model_1_goa_re_2021.dat 1 2033  F_Mean 0.0381281
Model_1_goa_re_2021.dat 1 2034 F0 0 
Model_1_goa_re_2021.dat 1 2034 Fabc 0.0381281
Model_1_goa_re_2021.dat 1 2034 Fofl 0.0459618
Model_1_goa_re_2021.dat 1 2034  F_LCI 0.0381281
Model_1_goa_re_2021.dat 1 2034  F_UCI 0.0381281
Model_1_goa_re_2021.dat 1 2034  F_Median 0.0381281
Model_1_goa_re_2021.dat 1 2034  F_Mean 0.0381281
Model_1_goa_re_2021.dat 2 2021 Cabc 0.574153
Model_1_goa_re_2021.dat 2 2021 Cofl 0.615453
Model_1_goa_re_2021.dat 2 2021 CLCI 0.407204
Model_1_goa_re_2021.dat 2 2021 CUCI 0.407204
Model_1_goa_re_2021.dat 2 2021 CMedian 0.407204
Model_1_goa_re_2021.dat 2 2021 CMean 0.407204
Model_1_goa_re_2021.dat 2 2022 Cabc 0.574153
Model_1_goa_re_2021.dat 2 2022 Cofl 0.615453
Model_1_goa_re_2021.dat 2 2022 CLCI 0.487001
Model_1_goa_re_2021.dat 2 2022 CUCI 0.487001
Model_1_goa_re_2021.dat 2 2022 CMedian 0.487001
Model_1_goa_re_2021.dat 2 2022 CMean 0.487001
Model_1_goa_re_2021.dat 2 2023 Cabc 0.574153
Model_1_goa_re_2021.dat 2 2023 Cofl 0.615453
Model_1_goa_re_2021.dat 2 2023 CLCI 0.361636
Model_1_goa_re_2021.dat 2 2023 CUCI 0.361636
Model_1_goa_re_2021.dat 2 2023 CMedian 0.361636
Model_1_goa_re_2021.dat 2 2023 CMean 0.361636
Model_1_goa_re_2021.dat 2 2024 Cabc 0.574153
Model_1_goa_re_2021.dat 2 2024 Cofl 0.615453
Model_1_goa_re_2021.dat 2 2024 CLCI 0.353812
Model_1_goa_re_2021.dat 2 2024 CUCI 0.353812
Model_1_goa_re_2021.dat 2 2024 CMedian 0.353812
Model_1_goa_re_2021.dat 2 2024 CMean 0.353812
Model_1_goa_re_2021.dat 2 2025 Cabc 0.574153
Model_1_goa_re_2021.dat 2 2025 Cofl 0.615453
Model_1_goa_re_2021.dat 2 2025 CLCI 0.367078
Model_1_goa_re_2021.dat 2 2025 CUCI 0.367125
Model_1_goa_re_2021.dat 2 2025 CMedian 0.367096
Model_1_goa_re_2021.dat 2 2025 CMean 0.367098
Model_1_goa_re_2021.dat 2 2026 Cabc 0.574153
Model_1_goa_re_2021.dat 2 2026 Cofl 0.615453
Model_1_goa_re_2021.dat 2 2026 CLCI 0.3733
Model_1_goa_re_2021.dat 2 2026 CUCI 0.373452
Model_1_goa_re_2021.dat 2 2026 CMedian 0.373359
Model_1_goa_re_2021.dat 2 2026 CMean 0.373365
Model_1_goa_re_2021.dat 2 2027 Cabc 0.574153
Model_1_goa_re_2021.dat 2 2027 Cofl 0.615453
Model_1_goa_re_2021.dat 2 2027 CLCI 0.368993
Model_1_goa_re_2021.dat 2 2027 CUCI 0.369397
Model_1_goa_re_2021.dat 2 2027 CMedian 0.369149
Model_1_goa_re_2021.dat 2 2027 CMean 0.369166
Model_1_goa_re_2021.dat 2 2028 Cabc 0.574153
Model_1_goa_re_2021.dat 2 2028 Cofl 0.615453
Model_1_goa_re_2021.dat 2 2028 CLCI 0.364611
Model_1_goa_re_2021.dat 2 2028 CUCI 0.365461
Model_1_goa_re_2021.dat 2 2028 CMedian 0.364945
Model_1_goa_re_2021.dat 2 2028 CMean 0.364986
Model_1_goa_re_2021.dat 2 2029 Cabc 0.574153
Model_1_goa_re_2021.dat 2 2029 Cofl 0.615453
Model_1_goa_re_2021.dat 2 2029 CLCI 0.361642
Model_1_goa_re_2021.dat 2 2029 CUCI 0.363054
Model_1_goa_re_2021.dat 2 2029 CMedian 0.362193
Model_1_goa_re_2021.dat 2 2029 CMean 0.362253
Model_1_goa_re_2021.dat 2 2030 Cabc 0.574153
Model_1_goa_re_2021.dat 2 2030 Cofl 0.615453
Model_1_goa_re_2021.dat 2 2030 CLCI 0.359416
Model_1_goa_re_2021.dat 2 2030 CUCI 0.361249
Model_1_goa_re_2021.dat 2 2030 CMedian 0.360208
Model_1_goa_re_2021.dat 2 2030 CMean 0.360259
Model_1_goa_re_2021.dat 2 2031 Cabc 0.574153
Model_1_goa_re_2021.dat 2 2031 Cofl 0.615453
Model_1_goa_re_2021.dat 2 2031 CLCI 0.357429
Model_1_goa_re_2021.dat 2 2031 CUCI 0.359626
Model_1_goa_re_2021.dat 2 2031 CMedian 0.358405
Model_1_goa_re_2021.dat 2 2031 CMean 0.358458
Model_1_goa_re_2021.dat 2 2032 Cabc 0.574153
Model_1_goa_re_2021.dat 2 2032 Cofl 0.615453
Model_1_goa_re_2021.dat 2 2032 CLCI 0.356194
Model_1_goa_re_2021.dat 2 2032 CUCI 0.358732
Model_1_goa_re_2021.dat 2 2032 CMedian 0.357338
Model_1_goa_re_2021.dat 2 2032 CMean 0.357388
Model_1_goa_re_2021.dat 2 2033 Cabc 0.574153
Model_1_goa_re_2021.dat 2 2033 Cofl 0.615453
Model_1_goa_re_2021.dat 2 2033 CLCI 0.355475
Model_1_goa_re_2021.dat 2 2033 CUCI 0.358878
Model_1_goa_re_2021.dat 2 2033 CMedian 0.356969
Model_1_goa_re_2021.dat 2 2033 CMean 0.357001
Model_1_goa_re_2021.dat 2 2034 Cabc 0.574153
Model_1_goa_re_2021.dat 2 2034 Cofl 0.615453
Model_1_goa_re_2021.dat 2 2034 CLCI 0.354586
Model_1_goa_re_2021.dat 2 2034 CUCI 0.360646
Model_1_goa_re_2021.dat 2 2034 CMedian 0.356987
Model_1_goa_re_2021.dat 2 2034 CMean 0.35722
Model_1_goa_re_2021.dat 2 2021 SSBF100 14.7763
Model_1_goa_re_2021.dat 2 2021 SSBFabc 5.91051
Model_1_goa_re_2021.dat 2 2021 SSBFofl 5.1717
Model_1_goa_re_2021.dat 2 2021 SSBLCI 8.68089
Model_1_goa_re_2021.dat 2 2021 SSBUCI 8.68089
Model_1_goa_re_2021.dat 2 2021 SSBMedian 8.68089
Model_1_goa_re_2021.dat 2 2021 SSBMean 8.68089
Model_1_goa_re_2021.dat 2 2022 SSBF100 14.7763
Model_1_goa_re_2021.dat 2 2022 SSBFabc 5.91051
Model_1_goa_re_2021.dat 2 2022 SSBFofl 5.1717
Model_1_goa_re_2021.dat 2 2022 SSBLCI 8.61655
Model_1_goa_re_2021.dat 2 2022 SSBUCI 8.61655
Model_1_goa_re_2021.dat 2 2022 SSBMedian 8.61655
Model_1_goa_re_2021.dat 2 2022 SSBMean 8.61655
Model_1_goa_re_2021.dat 2 2023 SSBF100 14.7763
Model_1_goa_re_2021.dat 2 2023 SSBFabc 5.91051
Model_1_goa_re_2021.dat 2 2023 SSBFofl 5.1717
Model_1_goa_re_2021.dat 2 2023 SSBLCI 8.56137
Model_1_goa_re_2021.dat 2 2023 SSBUCI 8.56137
Model_1_goa_re_2021.dat 2 2023 SSBMedian 8.56137
Model_1_goa_re_2021.dat 2 2023 SSBMean 8.56137
Model_1_goa_re_2021.dat 2 2024 SSBF100 14.7763
Model_1_goa_re_2021.dat 2 2024 SSBFabc 5.91051
Model_1_goa_re_2021.dat 2 2024 SSBFofl 5.1717
Model_1_goa_re_2021.dat 2 2024 SSBLCI 8.5315
Model_1_goa_re_2021.dat 2 2024 SSBUCI 8.5315
Model_1_goa_re_2021.dat 2 2024 SSBMedian 8.5315
Model_1_goa_re_2021.dat 2 2024 SSBMean 8.5315
Model_1_goa_re_2021.dat 2 2025 SSBF100 14.7763
Model_1_goa_re_2021.dat 2 2025 SSBFabc 5.91051
Model_1_goa_re_2021.dat 2 2025 SSBFofl 5.1717
Model_1_goa_re_2021.dat 2 2025 SSBLCI 8.51519
Model_1_goa_re_2021.dat 2 2025 SSBUCI 8.5152
Model_1_goa_re_2021.dat 2 2025 SSBMedian 8.51519
Model_1_goa_re_2021.dat 2 2025 SSBMean 8.51519
Model_1_goa_re_2021.dat 2 2026 SSBF100 14.7763
Model_1_goa_re_2021.dat 2 2026 SSBFabc 5.91051
Model_1_goa_re_2021.dat 2 2026 SSBFofl 5.1717
Model_1_goa_re_2021.dat 2 2026 SSBLCI 8.49976
Model_1_goa_re_2021.dat 2 2026 SSBUCI 8.49997
Model_1_goa_re_2021.dat 2 2026 SSBMedian 8.49983
Model_1_goa_re_2021.dat 2 2026 SSBMean 8.49984
Model_1_goa_re_2021.dat 2 2027 SSBF100 14.7763
Model_1_goa_re_2021.dat 2 2027 SSBFabc 5.91051
Model_1_goa_re_2021.dat 2 2027 SSBFofl 5.1717
Model_1_goa_re_2021.dat 2 2027 SSBLCI 8.47939
Model_1_goa_re_2021.dat 2 2027 SSBUCI 8.47991
Model_1_goa_re_2021.dat 2 2027 SSBMedian 8.47959
Model_1_goa_re_2021.dat 2 2027 SSBMean 8.47961
Model_1_goa_re_2021.dat 2 2028 SSBF100 14.7763
Model_1_goa_re_2021.dat 2 2028 SSBFabc 5.91051
Model_1_goa_re_2021.dat 2 2028 SSBFofl 5.1717
Model_1_goa_re_2021.dat 2 2028 SSBLCI 8.4521
Model_1_goa_re_2021.dat 2 2028 SSBUCI 8.45333
Model_1_goa_re_2021.dat 2 2028 SSBMedian 8.45259
Model_1_goa_re_2021.dat 2 2028 SSBMean 8.45264
Model_1_goa_re_2021.dat 2 2029 SSBF100 14.7763
Model_1_goa_re_2021.dat 2 2029 SSBFabc 5.91051
Model_1_goa_re_2021.dat 2 2029 SSBFofl 5.1717
Model_1_goa_re_2021.dat 2 2029 SSBLCI 8.41908
Model_1_goa_re_2021.dat 2 2029 SSBUCI 8.42256
Model_1_goa_re_2021.dat 2 2029 SSBMedian 8.42042
Model_1_goa_re_2021.dat 2 2029 SSBMean 8.42056
Model_1_goa_re_2021.dat 2 2030 SSBF100 14.7763
Model_1_goa_re_2021.dat 2 2030 SSBFabc 5.91051
Model_1_goa_re_2021.dat 2 2030 SSBFofl 5.1717
Model_1_goa_re_2021.dat 2 2030 SSBLCI 8.38205
Model_1_goa_re_2021.dat 2 2030 SSBUCI 8.39093
Model_1_goa_re_2021.dat 2 2030 SSBMedian 8.38545
Model_1_goa_re_2021.dat 2 2030 SSBMean 8.38585
Model_1_goa_re_2021.dat 2 2031 SSBF100 14.7763
Model_1_goa_re_2021.dat 2 2031 SSBFabc 5.91051
Model_1_goa_re_2021.dat 2 2031 SSBFofl 5.1717
Model_1_goa_re_2021.dat 2 2031 SSBLCI 8.34591
Model_1_goa_re_2021.dat 2 2031 SSBUCI 8.36501
Model_1_goa_re_2021.dat 2 2031 SSBMedian 8.35332
Model_1_goa_re_2021.dat 2 2031 SSBMean 8.35427
Model_1_goa_re_2021.dat 2 2032 SSBF100 14.7763
Model_1_goa_re_2021.dat 2 2032 SSBFabc 5.91051
Model_1_goa_re_2021.dat 2 2032 SSBFofl 5.1717
Model_1_goa_re_2021.dat 2 2032 SSBLCI 8.30263
Model_1_goa_re_2021.dat 2 2032 SSBUCI 8.34081
Model_1_goa_re_2021.dat 2 2032 SSBMedian 8.31744
Model_1_goa_re_2021.dat 2 2032 SSBMean 8.3192
Model_1_goa_re_2021.dat 2 2033 SSBF100 14.7763
Model_1_goa_re_2021.dat 2 2033 SSBFabc 5.91051
Model_1_goa_re_2021.dat 2 2033 SSBFofl 5.1717
Model_1_goa_re_2021.dat 2 2033 SSBLCI 8.26454
Model_1_goa_re_2021.dat 2 2033 SSBUCI 8.33372
Model_1_goa_re_2021.dat 2 2033 SSBMedian 8.2911
Model_1_goa_re_2021.dat 2 2033 SSBMean 8.29439
Model_1_goa_re_2021.dat 2 2034 SSBF100 14.7763
Model_1_goa_re_2021.dat 2 2034 SSBFabc 5.91051
Model_1_goa_re_2021.dat 2 2034 SSBFofl 5.1717
Model_1_goa_re_2021.dat 2 2034 SSBLCI 8.22988
Model_1_goa_re_2021.dat 2 2034 SSBUCI 8.34606
Model_1_goa_re_2021.dat 2 2034 SSBMedian 8.27649
Model_1_goa_re_2021.dat 2 2034 SSBMean 8.28091
Model_1_goa_re_2021.dat 2 2021 F0 0 
Model_1_goa_re_2021.dat 2 2021 Fabc 0.0381281
Model_1_goa_re_2021.dat 2 2021 Fofl 0.0459618
Model_1_goa_re_2021.dat 2 2021  F_LCI 0.0194333
Model_1_goa_re_2021.dat 2 2021  F_UCI 0.0194333
Model_1_goa_re_2021.dat 2 2021  F_Median 0.0194333
Model_1_goa_re_2021.dat 2 2021  F_Mean 0.0194333
Model_1_goa_re_2021.dat 2 2022 F0 0 
Model_1_goa_re_2021.dat 2 2022 Fabc 0.0381281
Model_1_goa_re_2021.dat 2 2022 Fofl 0.0459618
Model_1_goa_re_2021.dat 2 2022  F_LCI 0.023413
Model_1_goa_re_2021.dat 2 2022  F_UCI 0.023413
Model_1_goa_re_2021.dat 2 2022  F_Median 0.023413
Model_1_goa_re_2021.dat 2 2022  F_Mean 0.023413
Model_1_goa_re_2021.dat 2 2023 F0 0 
Model_1_goa_re_2021.dat 2 2023 Fabc 0.0381281
Model_1_goa_re_2021.dat 2 2023 Fofl 0.0459618
Model_1_goa_re_2021.dat 2 2023  F_LCI 0.0176151
Model_1_goa_re_2021.dat 2 2023  F_UCI 0.0176153
Model_1_goa_re_2021.dat 2 2023  F_Median 0.0176152
Model_1_goa_re_2021.dat 2 2023  F_Mean 0.0176152
Model_1_goa_re_2021.dat 2 2024 F0 0 
Model_1_goa_re_2021.dat 2 2024 Fabc 0.0381281
Model_1_goa_re_2021.dat 2 2024 Fofl 0.0459618
Model_1_goa_re_2021.dat 2 2024  F_LCI 0.0172723
Model_1_goa_re_2021.dat 2 2024  F_UCI 0.017273
Model_1_goa_re_2021.dat 2 2024  F_Median 0.0172727
Model_1_goa_re_2021.dat 2 2024  F_Mean 0.0172727
Model_1_goa_re_2021.dat 2 2025 F0 0 
Model_1_goa_re_2021.dat 2 2025 Fabc 0.0381281
Model_1_goa_re_2021.dat 2 2025 Fofl 0.0459618
Model_1_goa_re_2021.dat 2 2025  F_LCI 0.0177906
Model_1_goa_re_2021.dat 2 2025  F_UCI 0.0177906
Model_1_goa_re_2021.dat 2 2025  F_Median 0.0177906
Model_1_goa_re_2021.dat 2 2025  F_Mean 0.0177906
Model_1_goa_re_2021.dat 2 2026 F0 0 
Model_1_goa_re_2021.dat 2 2026 Fabc 0.0381281
Model_1_goa_re_2021.dat 2 2026 Fofl 0.0459618
Model_1_goa_re_2021.dat 2 2026  F_LCI 0.0177906
Model_1_goa_re_2021.dat 2 2026  F_UCI 0.0177906
Model_1_goa_re_2021.dat 2 2026  F_Median 0.0177906
Model_1_goa_re_2021.dat 2 2026  F_Mean 0.0177906
Model_1_goa_re_2021.dat 2 2027 F0 0 
Model_1_goa_re_2021.dat 2 2027 Fabc 0.0381281
Model_1_goa_re_2021.dat 2 2027 Fofl 0.0459618
Model_1_goa_re_2021.dat 2 2027  F_LCI 0.0177906
Model_1_goa_re_2021.dat 2 2027  F_UCI 0.0177906
Model_1_goa_re_2021.dat 2 2027  F_Median 0.0177906
Model_1_goa_re_2021.dat 2 2027  F_Mean 0.0177906
Model_1_goa_re_2021.dat 2 2028 F0 0 
Model_1_goa_re_2021.dat 2 2028 Fabc 0.0381281
Model_1_goa_re_2021.dat 2 2028 Fofl 0.0459618
Model_1_goa_re_2021.dat 2 2028  F_LCI 0.0177906
Model_1_goa_re_2021.dat 2 2028  F_UCI 0.0177906
Model_1_goa_re_2021.dat 2 2028  F_Median 0.0177906
Model_1_goa_re_2021.dat 2 2028  F_Mean 0.0177906
Model_1_goa_re_2021.dat 2 2029 F0 0 
Model_1_goa_re_2021.dat 2 2029 Fabc 0.0381281
Model_1_goa_re_2021.dat 2 2029 Fofl 0.0459618
Model_1_goa_re_2021.dat 2 2029  F_LCI 0.0177906
Model_1_goa_re_2021.dat 2 2029  F_UCI 0.0177906
Model_1_goa_re_2021.dat 2 2029  F_Median 0.0177906
Model_1_goa_re_2021.dat 2 2029  F_Mean 0.0177906
Model_1_goa_re_2021.dat 2 2030 F0 0 
Model_1_goa_re_2021.dat 2 2030 Fabc 0.0381281
Model_1_goa_re_2021.dat 2 2030 Fofl 0.0459618
Model_1_goa_re_2021.dat 2 2030  F_LCI 0.0177906
Model_1_goa_re_2021.dat 2 2030  F_UCI 0.0177906
Model_1_goa_re_2021.dat 2 2030  F_Median 0.0177906
Model_1_goa_re_2021.dat 2 2030  F_Mean 0.0177906
Model_1_goa_re_2021.dat 2 2031 F0 0 
Model_1_goa_re_2021.dat 2 2031 Fabc 0.0381281
Model_1_goa_re_2021.dat 2 2031 Fofl 0.0459618
Model_1_goa_re_2021.dat 2 2031  F_LCI 0.0177906
Model_1_goa_re_2021.dat 2 2031  F_UCI 0.0177906
Model_1_goa_re_2021.dat 2 2031  F_Median 0.0177906
Model_1_goa_re_2021.dat 2 2031  F_Mean 0.0177906
Model_1_goa_re_2021.dat 2 2032 F0 0 
Model_1_goa_re_2021.dat 2 2032 Fabc 0.0381281
Model_1_goa_re_2021.dat 2 2032 Fofl 0.0459618
Model_1_goa_re_2021.dat 2 2032  F_LCI 0.0177906
Model_1_goa_re_2021.dat 2 2032  F_UCI 0.0177906
Model_1_goa_re_2021.dat 2 2032  F_Median 0.0177906
Model_1_goa_re_2021.dat 2 2032  F_Mean 0.0177906
Model_1_goa_re_2021.dat 2 2033 F0 0 
Model_1_goa_re_2021.dat 2 2033 Fabc 0.0381281
Model_1_goa_re_2021.dat 2 2033 Fofl 0.0459618
Model_1_goa_re_2021.dat 2 2033  F_LCI 0.0177906
Model_1_goa_re_2021.dat 2 2033  F_UCI 0.0177906
Model_1_goa_re_2021.dat 2 2033  F_Median 0.0177906
Model_1_goa_re_2021.dat 2 2033  F_Mean 0.0177906
Model_1_goa_re_2021.dat 2 2034 F0 0 
Model_1_goa_re_2021.dat 2 2034 Fabc 0.0381281
Model_1_goa_re_2021.dat 2 2034 Fofl 0.0459618
Model_1_goa_re_2021.dat 2 2034  F_LCI 0.0177906
Model_1_goa_re_2021.dat 2 2034  F_UCI 0.0177906
Model_1_goa_re_2021.dat 2 2034  F_Median 0.0177906
Model_1_goa_re_2021.dat 2 2034  F_Mean 0.0177906
Model_1_goa_re_2021.dat 3 2021 Cabc 0.574153
Model_1_goa_re_2021.dat 3 2021 Cofl 0.615453
Model_1_goa_re_2021.dat 3 2021 CLCI 0.407204
Model_1_goa_re_2021.dat 3 2021 CUCI 0.407204
Model_1_goa_re_2021.dat 3 2021 CMedian 0.407204
Model_1_goa_re_2021.dat 3 2021 CMean 0.407204
Model_1_goa_re_2021.dat 3 2022 Cabc 0.574153
Model_1_goa_re_2021.dat 3 2022 Cofl 0.615453
Model_1_goa_re_2021.dat 3 2022 CLCI 0.487001
Model_1_goa_re_2021.dat 3 2022 CUCI 0.487001
Model_1_goa_re_2021.dat 3 2022 CMedian 0.487001
Model_1_goa_re_2021.dat 3 2022 CMean 0.487001
Model_1_goa_re_2021.dat 3 2023 Cabc 0.574153
Model_1_goa_re_2021.dat 3 2023 Cofl 0.615453
Model_1_goa_re_2021.dat 3 2023 CLCI 0.361636
Model_1_goa_re_2021.dat 3 2023 CUCI 0.361636
Model_1_goa_re_2021.dat 3 2023 CMedian 0.361636
Model_1_goa_re_2021.dat 3 2023 CMean 0.361636
Model_1_goa_re_2021.dat 3 2024 Cabc 0.574153
Model_1_goa_re_2021.dat 3 2024 Cofl 0.615453
Model_1_goa_re_2021.dat 3 2024 CLCI 0.353812
Model_1_goa_re_2021.dat 3 2024 CUCI 0.353812
Model_1_goa_re_2021.dat 3 2024 CMedian 0.353812
Model_1_goa_re_2021.dat 3 2024 CMean 0.353812
Model_1_goa_re_2021.dat 3 2025 Cabc 0.574153
Model_1_goa_re_2021.dat 3 2025 Cofl 0.615453
Model_1_goa_re_2021.dat 3 2025 CLCI 0.393112
Model_1_goa_re_2021.dat 3 2025 CUCI 0.393163
Model_1_goa_re_2021.dat 3 2025 CMedian 0.393132
Model_1_goa_re_2021.dat 3 2025 CMean 0.393134
Model_1_goa_re_2021.dat 3 2026 Cabc 0.574153
Model_1_goa_re_2021.dat 3 2026 Cofl 0.615453
Model_1_goa_re_2021.dat 3 2026 CLCI 0.399297
Model_1_goa_re_2021.dat 3 2026 CUCI 0.39946
Model_1_goa_re_2021.dat 3 2026 CMedian 0.39936
Model_1_goa_re_2021.dat 3 2026 CMean 0.399366
Model_1_goa_re_2021.dat 3 2027 Cabc 0.574153
Model_1_goa_re_2021.dat 3 2027 Cofl 0.615453
Model_1_goa_re_2021.dat 3 2027 CLCI 0.394217
Model_1_goa_re_2021.dat 3 2027 CUCI 0.39465
Model_1_goa_re_2021.dat 3 2027 CMedian 0.394383
Model_1_goa_re_2021.dat 3 2027 CMean 0.394402
Model_1_goa_re_2021.dat 3 2028 Cabc 0.574153
Model_1_goa_re_2021.dat 3 2028 Cofl 0.615453
Model_1_goa_re_2021.dat 3 2028 CLCI 0.389081
Model_1_goa_re_2021.dat 3 2028 CUCI 0.38999
Model_1_goa_re_2021.dat 3 2028 CMedian 0.389438
Model_1_goa_re_2021.dat 3 2028 CMean 0.389482
Model_1_goa_re_2021.dat 3 2029 Cabc 0.574153
Model_1_goa_re_2021.dat 3 2029 Cofl 0.615453
Model_1_goa_re_2021.dat 3 2029 CLCI 0.385479
Model_1_goa_re_2021.dat 3 2029 CUCI 0.386993
Model_1_goa_re_2021.dat 3 2029 CMedian 0.38607
Model_1_goa_re_2021.dat 3 2029 CMean 0.386133
Model_1_goa_re_2021.dat 3 2030 Cabc 0.574153
Model_1_goa_re_2021.dat 3 2030 Cofl 0.615453
Model_1_goa_re_2021.dat 3 2030 CLCI 0.382694
Model_1_goa_re_2021.dat 3 2030 CUCI 0.384658
Model_1_goa_re_2021.dat 3 2030 CMedian 0.383543
Model_1_goa_re_2021.dat 3 2030 CMean 0.383597
Model_1_goa_re_2021.dat 3 2031 Cabc 0.574153
Model_1_goa_re_2021.dat 3 2031 Cofl 0.615453
Model_1_goa_re_2021.dat 3 2031 CLCI 0.380184
Model_1_goa_re_2021.dat 3 2031 CUCI 0.382538
Model_1_goa_re_2021.dat 3 2031 CMedian 0.38123
Model_1_goa_re_2021.dat 3 2031 CMean 0.381286
Model_1_goa_re_2021.dat 3 2032 Cabc 0.574153
Model_1_goa_re_2021.dat 3 2032 Cofl 0.615453
Model_1_goa_re_2021.dat 3 2032 CLCI 0.378498
Model_1_goa_re_2021.dat 3 2032 CUCI 0.381217
Model_1_goa_re_2021.dat 3 2032 CMedian 0.379723
Model_1_goa_re_2021.dat 3 2032 CMean 0.379777
Model_1_goa_re_2021.dat 3 2033 Cabc 0.574153
Model_1_goa_re_2021.dat 3 2033 Cofl 0.615453
Model_1_goa_re_2021.dat 3 2033 CLCI 0.377381
Model_1_goa_re_2021.dat 3 2033 CUCI 0.381025
Model_1_goa_re_2021.dat 3 2033 CMedian 0.378981
Model_1_goa_re_2021.dat 3 2033 CMean 0.379015
Model_1_goa_re_2021.dat 3 2034 Cabc 0.574153
Model_1_goa_re_2021.dat 3 2034 Cofl 0.615453
Model_1_goa_re_2021.dat 3 2034 CLCI 0.376099
Model_1_goa_re_2021.dat 3 2034 CUCI 0.382586
Model_1_goa_re_2021.dat 3 2034 CMedian 0.37867
Model_1_goa_re_2021.dat 3 2034 CMean 0.378918
Model_1_goa_re_2021.dat 3 2021 SSBF100 14.7763
Model_1_goa_re_2021.dat 3 2021 SSBFabc 5.91051
Model_1_goa_re_2021.dat 3 2021 SSBFofl 5.1717
Model_1_goa_re_2021.dat 3 2021 SSBLCI 8.68089
Model_1_goa_re_2021.dat 3 2021 SSBUCI 8.68089
Model_1_goa_re_2021.dat 3 2021 SSBMedian 8.68089
Model_1_goa_re_2021.dat 3 2021 SSBMean 8.68089
Model_1_goa_re_2021.dat 3 2022 SSBF100 14.7763
Model_1_goa_re_2021.dat 3 2022 SSBFabc 5.91051
Model_1_goa_re_2021.dat 3 2022 SSBFofl 5.1717
Model_1_goa_re_2021.dat 3 2022 SSBLCI 8.61655
Model_1_goa_re_2021.dat 3 2022 SSBUCI 8.61655
Model_1_goa_re_2021.dat 3 2022 SSBMedian 8.61655
Model_1_goa_re_2021.dat 3 2022 SSBMean 8.61655
Model_1_goa_re_2021.dat 3 2023 SSBF100 14.7763
Model_1_goa_re_2021.dat 3 2023 SSBFabc 5.91051
Model_1_goa_re_2021.dat 3 2023 SSBFofl 5.1717
Model_1_goa_re_2021.dat 3 2023 SSBLCI 8.56137
Model_1_goa_re_2021.dat 3 2023 SSBUCI 8.56137
Model_1_goa_re_2021.dat 3 2023 SSBMedian 8.56137
Model_1_goa_re_2021.dat 3 2023 SSBMean 8.56137
Model_1_goa_re_2021.dat 3 2024 SSBF100 14.7763
Model_1_goa_re_2021.dat 3 2024 SSBFabc 5.91051
Model_1_goa_re_2021.dat 3 2024 SSBFofl 5.1717
Model_1_goa_re_2021.dat 3 2024 SSBLCI 8.5315
Model_1_goa_re_2021.dat 3 2024 SSBUCI 8.5315
Model_1_goa_re_2021.dat 3 2024 SSBMedian 8.5315
Model_1_goa_re_2021.dat 3 2024 SSBMean 8.5315
Model_1_goa_re_2021.dat 3 2025 SSBF100 14.7763
Model_1_goa_re_2021.dat 3 2025 SSBFabc 5.91051
Model_1_goa_re_2021.dat 3 2025 SSBFofl 5.1717
Model_1_goa_re_2021.dat 3 2025 SSBLCI 8.51076
Model_1_goa_re_2021.dat 3 2025 SSBUCI 8.51076
Model_1_goa_re_2021.dat 3 2025 SSBMedian 8.51076
Model_1_goa_re_2021.dat 3 2025 SSBMean 8.51076
Model_1_goa_re_2021.dat 3 2026 SSBF100 14.7763
Model_1_goa_re_2021.dat 3 2026 SSBFabc 5.91051
Model_1_goa_re_2021.dat 3 2026 SSBFofl 5.1717
Model_1_goa_re_2021.dat 3 2026 SSBLCI 8.4848
Model_1_goa_re_2021.dat 3 2026 SSBUCI 8.48501
Model_1_goa_re_2021.dat 3 2026 SSBMedian 8.48488
Model_1_goa_re_2021.dat 3 2026 SSBMean 8.48489
Model_1_goa_re_2021.dat 3 2027 SSBF100 14.7763
Model_1_goa_re_2021.dat 3 2027 SSBFabc 5.91051
Model_1_goa_re_2021.dat 3 2027 SSBFofl 5.1717
Model_1_goa_re_2021.dat 3 2027 SSBLCI 8.45406
Model_1_goa_re_2021.dat 3 2027 SSBUCI 8.45458
Model_1_goa_re_2021.dat 3 2027 SSBMedian 8.45426
Model_1_goa_re_2021.dat 3 2027 SSBMean 8.45429
Model_1_goa_re_2021.dat 3 2028 SSBF100 14.7763
Model_1_goa_re_2021.dat 3 2028 SSBFabc 5.91051
Model_1_goa_re_2021.dat 3 2028 SSBFofl 5.1717
Model_1_goa_re_2021.dat 3 2028 SSBLCI 8.41666
Model_1_goa_re_2021.dat 3 2028 SSBUCI 8.41789
Model_1_goa_re_2021.dat 3 2028 SSBMedian 8.41715
Model_1_goa_re_2021.dat 3 2028 SSBMean 8.4172
Model_1_goa_re_2021.dat 3 2029 SSBF100 14.7763
Model_1_goa_re_2021.dat 3 2029 SSBFabc 5.91051
Model_1_goa_re_2021.dat 3 2029 SSBFofl 5.1717
Model_1_goa_re_2021.dat 3 2029 SSBLCI 8.37385
Model_1_goa_re_2021.dat 3 2029 SSBUCI 8.37733
Model_1_goa_re_2021.dat 3 2029 SSBMedian 8.37518
Model_1_goa_re_2021.dat 3 2029 SSBMean 8.37532
Model_1_goa_re_2021.dat 3 2030 SSBF100 14.7763
Model_1_goa_re_2021.dat 3 2030 SSBFabc 5.91051
Model_1_goa_re_2021.dat 3 2030 SSBFofl 5.1717
Model_1_goa_re_2021.dat 3 2030 SSBLCI 8.32738
Model_1_goa_re_2021.dat 3 2030 SSBUCI 8.33625
Model_1_goa_re_2021.dat 3 2030 SSBMedian 8.33078
Model_1_goa_re_2021.dat 3 2030 SSBMean 8.33117
Model_1_goa_re_2021.dat 3 2031 SSBF100 14.7763
Model_1_goa_re_2021.dat 3 2031 SSBFabc 5.91051
Model_1_goa_re_2021.dat 3 2031 SSBFofl 5.1717
Model_1_goa_re_2021.dat 3 2031 SSBLCI 8.28216
Model_1_goa_re_2021.dat 3 2031 SSBUCI 8.30125
Model_1_goa_re_2021.dat 3 2031 SSBMedian 8.28957
Model_1_goa_re_2021.dat 3 2031 SSBMean 8.29051
Model_1_goa_re_2021.dat 3 2032 SSBF100 14.7763
Model_1_goa_re_2021.dat 3 2032 SSBFabc 5.91051
Model_1_goa_re_2021.dat 3 2032 SSBFofl 5.1717
Model_1_goa_re_2021.dat 3 2032 SSBLCI 8.23025
Model_1_goa_re_2021.dat 3 2032 SSBUCI 8.26841
Model_1_goa_re_2021.dat 3 2032 SSBMedian 8.24505
Model_1_goa_re_2021.dat 3 2032 SSBMean 8.24681
Model_1_goa_re_2021.dat 3 2033 SSBF100 14.7763
Model_1_goa_re_2021.dat 3 2033 SSBFabc 5.91051
Model_1_goa_re_2021.dat 3 2033 SSBFofl 5.1717
Model_1_goa_re_2021.dat 3 2033 SSBLCI 8.18388
Model_1_goa_re_2021.dat 3 2033 SSBUCI 8.25301
Model_1_goa_re_2021.dat 3 2033 SSBMedian 8.21042
Model_1_goa_re_2021.dat 3 2033 SSBMean 8.2137
Model_1_goa_re_2021.dat 3 2034 SSBF100 14.7763
Model_1_goa_re_2021.dat 3 2034 SSBFabc 5.91051
Model_1_goa_re_2021.dat 3 2034 SSBFofl 5.1717
Model_1_goa_re_2021.dat 3 2034 SSBLCI 8.14127
Model_1_goa_re_2021.dat 3 2034 SSBUCI 8.25736
Model_1_goa_re_2021.dat 3 2034 SSBMedian 8.18784
Model_1_goa_re_2021.dat 3 2034 SSBMean 8.19226
Model_1_goa_re_2021.dat 3 2021 F0 0 
Model_1_goa_re_2021.dat 3 2021 Fabc 0.0381281
Model_1_goa_re_2021.dat 3 2021 Fofl 0.0459618
Model_1_goa_re_2021.dat 3 2021  F_LCI 0.0194333
Model_1_goa_re_2021.dat 3 2021  F_UCI 0.0194333
Model_1_goa_re_2021.dat 3 2021  F_Median 0.0194333
Model_1_goa_re_2021.dat 3 2021  F_Mean 0.0194333
Model_1_goa_re_2021.dat 3 2022 F0 0 
Model_1_goa_re_2021.dat 3 2022 Fabc 0.0381281
Model_1_goa_re_2021.dat 3 2022 Fofl 0.0459618
Model_1_goa_re_2021.dat 3 2022  F_LCI 0.023413
Model_1_goa_re_2021.dat 3 2022  F_UCI 0.023413
Model_1_goa_re_2021.dat 3 2022  F_Median 0.023413
Model_1_goa_re_2021.dat 3 2022  F_Mean 0.023413
Model_1_goa_re_2021.dat 3 2023 F0 0 
Model_1_goa_re_2021.dat 3 2023 Fabc 0.0381281
Model_1_goa_re_2021.dat 3 2023 Fofl 0.0459618
Model_1_goa_re_2021.dat 3 2023  F_LCI 0.0176151
Model_1_goa_re_2021.dat 3 2023  F_UCI 0.0176153
Model_1_goa_re_2021.dat 3 2023  F_Median 0.0176152
Model_1_goa_re_2021.dat 3 2023  F_Mean 0.0176152
Model_1_goa_re_2021.dat 3 2024 F0 0 
Model_1_goa_re_2021.dat 3 2024 Fabc 0.0381281
Model_1_goa_re_2021.dat 3 2024 Fofl 0.0459618
Model_1_goa_re_2021.dat 3 2024  F_LCI 0.0172723
Model_1_goa_re_2021.dat 3 2024  F_UCI 0.017273
Model_1_goa_re_2021.dat 3 2024  F_Median 0.0172727
Model_1_goa_re_2021.dat 3 2024  F_Mean 0.0172727
Model_1_goa_re_2021.dat 3 2025 F0 0 
Model_1_goa_re_2021.dat 3 2025 Fabc 0.0381281
Model_1_goa_re_2021.dat 3 2025 Fofl 0.0459618
Model_1_goa_re_2021.dat 3 2025  F_LCI 0.019064
Model_1_goa_re_2021.dat 3 2025  F_UCI 0.019064
Model_1_goa_re_2021.dat 3 2025  F_Median 0.019064
Model_1_goa_re_2021.dat 3 2025  F_Mean 0.019064
Model_1_goa_re_2021.dat 3 2026 F0 0 
Model_1_goa_re_2021.dat 3 2026 Fabc 0.0381281
Model_1_goa_re_2021.dat 3 2026 Fofl 0.0459618
Model_1_goa_re_2021.dat 3 2026  F_LCI 0.019064
Model_1_goa_re_2021.dat 3 2026  F_UCI 0.019064
Model_1_goa_re_2021.dat 3 2026  F_Median 0.019064
Model_1_goa_re_2021.dat 3 2026  F_Mean 0.019064
Model_1_goa_re_2021.dat 3 2027 F0 0 
Model_1_goa_re_2021.dat 3 2027 Fabc 0.0381281
Model_1_goa_re_2021.dat 3 2027 Fofl 0.0459618
Model_1_goa_re_2021.dat 3 2027  F_LCI 0.019064
Model_1_goa_re_2021.dat 3 2027  F_UCI 0.019064
Model_1_goa_re_2021.dat 3 2027  F_Median 0.019064
Model_1_goa_re_2021.dat 3 2027  F_Mean 0.019064
Model_1_goa_re_2021.dat 3 2028 F0 0 
Model_1_goa_re_2021.dat 3 2028 Fabc 0.0381281
Model_1_goa_re_2021.dat 3 2028 Fofl 0.0459618
Model_1_goa_re_2021.dat 3 2028  F_LCI 0.019064
Model_1_goa_re_2021.dat 3 2028  F_UCI 0.019064
Model_1_goa_re_2021.dat 3 2028  F_Median 0.019064
Model_1_goa_re_2021.dat 3 2028  F_Mean 0.019064
Model_1_goa_re_2021.dat 3 2029 F0 0 
Model_1_goa_re_2021.dat 3 2029 Fabc 0.0381281
Model_1_goa_re_2021.dat 3 2029 Fofl 0.0459618
Model_1_goa_re_2021.dat 3 2029  F_LCI 0.019064
Model_1_goa_re_2021.dat 3 2029  F_UCI 0.019064
Model_1_goa_re_2021.dat 3 2029  F_Median 0.019064
Model_1_goa_re_2021.dat 3 2029  F_Mean 0.019064
Model_1_goa_re_2021.dat 3 2030 F0 0 
Model_1_goa_re_2021.dat 3 2030 Fabc 0.0381281
Model_1_goa_re_2021.dat 3 2030 Fofl 0.0459618
Model_1_goa_re_2021.dat 3 2030  F_LCI 0.019064
Model_1_goa_re_2021.dat 3 2030  F_UCI 0.019064
Model_1_goa_re_2021.dat 3 2030  F_Median 0.019064
Model_1_goa_re_2021.dat 3 2030  F_Mean 0.019064
Model_1_goa_re_2021.dat 3 2031 F0 0 
Model_1_goa_re_2021.dat 3 2031 Fabc 0.0381281
Model_1_goa_re_2021.dat 3 2031 Fofl 0.0459618
Model_1_goa_re_2021.dat 3 2031  F_LCI 0.019064
Model_1_goa_re_2021.dat 3 2031  F_UCI 0.019064
Model_1_goa_re_2021.dat 3 2031  F_Median 0.019064
Model_1_goa_re_2021.dat 3 2031  F_Mean 0.019064
Model_1_goa_re_2021.dat 3 2032 F0 0 
Model_1_goa_re_2021.dat 3 2032 Fabc 0.0381281
Model_1_goa_re_2021.dat 3 2032 Fofl 0.0459618
Model_1_goa_re_2021.dat 3 2032  F_LCI 0.019064
Model_1_goa_re_2021.dat 3 2032  F_UCI 0.019064
Model_1_goa_re_2021.dat 3 2032  F_Median 0.019064
Model_1_goa_re_2021.dat 3 2032  F_Mean 0.019064
Model_1_goa_re_2021.dat 3 2033 F0 0 
Model_1_goa_re_2021.dat 3 2033 Fabc 0.0381281
Model_1_goa_re_2021.dat 3 2033 Fofl 0.0459618
Model_1_goa_re_2021.dat 3 2033  F_LCI 0.019064
Model_1_goa_re_2021.dat 3 2033  F_UCI 0.019064
Model_1_goa_re_2021.dat 3 2033  F_Median 0.019064
Model_1_goa_re_2021.dat 3 2033  F_Mean 0.019064
Model_1_goa_re_2021.dat 3 2034 F0 0 
Model_1_goa_re_2021.dat 3 2034 Fabc 0.0381281
Model_1_goa_re_2021.dat 3 2034 Fofl 0.0459618
Model_1_goa_re_2021.dat 3 2034  F_LCI 0.019064
Model_1_goa_re_2021.dat 3 2034  F_UCI 0.019064
Model_1_goa_re_2021.dat 3 2034  F_Median 0.019064
Model_1_goa_re_2021.dat 3 2034  F_Mean 0.019064
Model_1_goa_re_2021.dat 4 2021 Cabc 0.574153
Model_1_goa_re_2021.dat 4 2021 Cofl 0.615453
Model_1_goa_re_2021.dat 4 2021 CLCI 0.407204
Model_1_goa_re_2021.dat 4 2021 CUCI 0.407204
Model_1_goa_re_2021.dat 4 2021 CMedian 0.407204
Model_1_goa_re_2021.dat 4 2021 CMean 0.407204
Model_1_goa_re_2021.dat 4 2022 Cabc 0.574153
Model_1_goa_re_2021.dat 4 2022 Cofl 0.615453
Model_1_goa_re_2021.dat 4 2022 CLCI 0.487001
Model_1_goa_re_2021.dat 4 2022 CUCI 0.487001
Model_1_goa_re_2021.dat 4 2022 CMedian 0.487001
Model_1_goa_re_2021.dat 4 2022 CMean 0.487001
Model_1_goa_re_2021.dat 4 2023 Cabc 0.574153
Model_1_goa_re_2021.dat 4 2023 Cofl 0.615453
Model_1_goa_re_2021.dat 4 2023 CLCI 0.361636
Model_1_goa_re_2021.dat 4 2023 CUCI 0.361636
Model_1_goa_re_2021.dat 4 2023 CMedian 0.361636
Model_1_goa_re_2021.dat 4 2023 CMean 0.361636
Model_1_goa_re_2021.dat 4 2024 Cabc 0.574153
Model_1_goa_re_2021.dat 4 2024 Cofl 0.615453
Model_1_goa_re_2021.dat 4 2024 CLCI 0.353812
Model_1_goa_re_2021.dat 4 2024 CUCI 0.353812
Model_1_goa_re_2021.dat 4 2024 CMedian 0.353812
Model_1_goa_re_2021.dat 4 2024 CMean 0.353812
Model_1_goa_re_2021.dat 4 2025 Cabc 0.574153
Model_1_goa_re_2021.dat 4 2025 Cofl 0.615453
Model_1_goa_re_2021.dat 4 2025 CLCI 0.533013
Model_1_goa_re_2021.dat 4 2025 CUCI 0.533082
Model_1_goa_re_2021.dat 4 2025 CMedian 0.53304
Model_1_goa_re_2021.dat 4 2025 CMean 0.533042
Model_1_goa_re_2021.dat 4 2026 Cabc 0.574153
Model_1_goa_re_2021.dat 4 2026 Cofl 0.615453
Model_1_goa_re_2021.dat 4 2026 CLCI 0.537912
Model_1_goa_re_2021.dat 4 2026 CUCI 0.538133
Model_1_goa_re_2021.dat 4 2026 CMedian 0.537998
Model_1_goa_re_2021.dat 4 2026 CMean 0.538006
Model_1_goa_re_2021.dat 4 2027 Cabc 0.574153
Model_1_goa_re_2021.dat 4 2027 Cofl 0.615453
Model_1_goa_re_2021.dat 4 2027 CLCI 0.527644
Model_1_goa_re_2021.dat 4 2027 CUCI 0.528233
Model_1_goa_re_2021.dat 4 2027 CMedian 0.527871
Model_1_goa_re_2021.dat 4 2027 CMean 0.527896
Model_1_goa_re_2021.dat 4 2028 Cabc 0.574153
Model_1_goa_re_2021.dat 4 2028 Cofl 0.615453
Model_1_goa_re_2021.dat 4 2028 CLCI 0.517499
Model_1_goa_re_2021.dat 4 2028 CUCI 0.518736
Model_1_goa_re_2021.dat 4 2028 CMedian 0.517985
Model_1_goa_re_2021.dat 4 2028 CMean 0.518045
Model_1_goa_re_2021.dat 4 2029 Cabc 0.574153
Model_1_goa_re_2021.dat 4 2029 Cofl 0.615453
Model_1_goa_re_2021.dat 4 2029 CLCI 0.509622
Model_1_goa_re_2021.dat 4 2029 CUCI 0.511679
Model_1_goa_re_2021.dat 4 2029 CMedian 0.510424
Model_1_goa_re_2021.dat 4 2029 CMean 0.510511
Model_1_goa_re_2021.dat 4 2030 Cabc 0.574153
Model_1_goa_re_2021.dat 4 2030 Cofl 0.615453
Model_1_goa_re_2021.dat 4 2030 CLCI 0.503019
Model_1_goa_re_2021.dat 4 2030 CUCI 0.505686
Model_1_goa_re_2021.dat 4 2030 CMedian 0.504171
Model_1_goa_re_2021.dat 4 2030 CMean 0.504245
Model_1_goa_re_2021.dat 4 2031 Cabc 0.574153
Model_1_goa_re_2021.dat 4 2031 Cofl 0.615453
Model_1_goa_re_2021.dat 4 2031 CLCI 0.496946
Model_1_goa_re_2021.dat 4 2031 CUCI 0.500142
Model_1_goa_re_2021.dat 4 2031 CMedian 0.498367
Model_1_goa_re_2021.dat 4 2031 CMean 0.498443
Model_1_goa_re_2021.dat 4 2032 Cabc 0.574153
Model_1_goa_re_2021.dat 4 2032 Cofl 0.615453
Model_1_goa_re_2021.dat 4 2032 CLCI 0.492139
Model_1_goa_re_2021.dat 4 2032 CUCI 0.495828
Model_1_goa_re_2021.dat 4 2032 CMedian 0.493799
Model_1_goa_re_2021.dat 4 2032 CMean 0.493875
Model_1_goa_re_2021.dat 4 2033 Cabc 0.574153
Model_1_goa_re_2021.dat 4 2033 Cofl 0.615453
Model_1_goa_re_2021.dat 4 2033 CLCI 0.488238
Model_1_goa_re_2021.dat 4 2033 CUCI 0.493183
Model_1_goa_re_2021.dat 4 2033 CMedian 0.49041
Model_1_goa_re_2021.dat 4 2033 CMean 0.490456
Model_1_goa_re_2021.dat 4 2034 Cabc 0.574153
Model_1_goa_re_2021.dat 4 2034 Cofl 0.615453
Model_1_goa_re_2021.dat 4 2034 CLCI 0.484248
Model_1_goa_re_2021.dat 4 2034 CUCI 0.493033
Model_1_goa_re_2021.dat 4 2034 CMedian 0.48773
Model_1_goa_re_2021.dat 4 2034 CMean 0.488067
Model_1_goa_re_2021.dat 4 2021 SSBF100 14.7763
Model_1_goa_re_2021.dat 4 2021 SSBFabc 5.91051
Model_1_goa_re_2021.dat 4 2021 SSBFofl 5.1717
Model_1_goa_re_2021.dat 4 2021 SSBLCI 8.68089
Model_1_goa_re_2021.dat 4 2021 SSBUCI 8.68089
Model_1_goa_re_2021.dat 4 2021 SSBMedian 8.68089
Model_1_goa_re_2021.dat 4 2021 SSBMean 8.68089
Model_1_goa_re_2021.dat 4 2022 SSBF100 14.7763
Model_1_goa_re_2021.dat 4 2022 SSBFabc 5.91051
Model_1_goa_re_2021.dat 4 2022 SSBFofl 5.1717
Model_1_goa_re_2021.dat 4 2022 SSBLCI 8.61655
Model_1_goa_re_2021.dat 4 2022 SSBUCI 8.61655
Model_1_goa_re_2021.dat 4 2022 SSBMedian 8.61655
Model_1_goa_re_2021.dat 4 2022 SSBMean 8.61655
Model_1_goa_re_2021.dat 4 2023 SSBF100 14.7763
Model_1_goa_re_2021.dat 4 2023 SSBFabc 5.91051
Model_1_goa_re_2021.dat 4 2023 SSBFofl 5.1717
Model_1_goa_re_2021.dat 4 2023 SSBLCI 8.56137
Model_1_goa_re_2021.dat 4 2023 SSBUCI 8.56137
Model_1_goa_re_2021.dat 4 2023 SSBMedian 8.56137
Model_1_goa_re_2021.dat 4 2023 SSBMean 8.56137
Model_1_goa_re_2021.dat 4 2024 SSBF100 14.7763
Model_1_goa_re_2021.dat 4 2024 SSBFabc 5.91051
Model_1_goa_re_2021.dat 4 2024 SSBFofl 5.1717
Model_1_goa_re_2021.dat 4 2024 SSBLCI 8.5315
Model_1_goa_re_2021.dat 4 2024 SSBUCI 8.5315
Model_1_goa_re_2021.dat 4 2024 SSBMedian 8.5315
Model_1_goa_re_2021.dat 4 2024 SSBMean 8.5315
Model_1_goa_re_2021.dat 4 2025 SSBF100 14.7763
Model_1_goa_re_2021.dat 4 2025 SSBFabc 5.91051
Model_1_goa_re_2021.dat 4 2025 SSBFofl 5.1717
Model_1_goa_re_2021.dat 4 2025 SSBLCI 8.48688
Model_1_goa_re_2021.dat 4 2025 SSBUCI 8.48689
Model_1_goa_re_2021.dat 4 2025 SSBMedian 8.48688
Model_1_goa_re_2021.dat 4 2025 SSBMean 8.48688
Model_1_goa_re_2021.dat 4 2026 SSBF100 14.7763
Model_1_goa_re_2021.dat 4 2026 SSBFabc 5.91051
Model_1_goa_re_2021.dat 4 2026 SSBFofl 5.1717
Model_1_goa_re_2021.dat 4 2026 SSBLCI 8.4046
Model_1_goa_re_2021.dat 4 2026 SSBUCI 8.40481
Model_1_goa_re_2021.dat 4 2026 SSBMedian 8.40467
Model_1_goa_re_2021.dat 4 2026 SSBMean 8.40469
Model_1_goa_re_2021.dat 4 2027 SSBF100 14.7763
Model_1_goa_re_2021.dat 4 2027 SSBFabc 5.91051
Model_1_goa_re_2021.dat 4 2027 SSBFofl 5.1717
Model_1_goa_re_2021.dat 4 2027 SSBLCI 8.31876
Model_1_goa_re_2021.dat 4 2027 SSBUCI 8.31928
Model_1_goa_re_2021.dat 4 2027 SSBMedian 8.31896
Model_1_goa_re_2021.dat 4 2027 SSBMean 8.31898
Model_1_goa_re_2021.dat 4 2028 SSBF100 14.7763
Model_1_goa_re_2021.dat 4 2028 SSBFabc 5.91051
Model_1_goa_re_2021.dat 4 2028 SSBFofl 5.1717
Model_1_goa_re_2021.dat 4 2028 SSBLCI 8.22807
Model_1_goa_re_2021.dat 4 2028 SSBUCI 8.2293
Model_1_goa_re_2021.dat 4 2028 SSBMedian 8.22856
Model_1_goa_re_2021.dat 4 2028 SSBMean 8.22861
Model_1_goa_re_2021.dat 4 2029 SSBF100 14.7763
Model_1_goa_re_2021.dat 4 2029 SSBFabc 5.91051
Model_1_goa_re_2021.dat 4 2029 SSBFofl 5.1717
Model_1_goa_re_2021.dat 4 2029 SSBLCI 8.13408
Model_1_goa_re_2021.dat 4 2029 SSBUCI 8.13755
Model_1_goa_re_2021.dat 4 2029 SSBMedian 8.13541
Model_1_goa_re_2021.dat 4 2029 SSBMean 8.13555
Model_1_goa_re_2021.dat 4 2030 SSBF100 14.7763
Model_1_goa_re_2021.dat 4 2030 SSBFabc 5.91051
Model_1_goa_re_2021.dat 4 2030 SSBFofl 5.1717
Model_1_goa_re_2021.dat 4 2030 SSBLCI 8.0387
Model_1_goa_re_2021.dat 4 2030 SSBUCI 8.04756
Model_1_goa_re_2021.dat 4 2030 SSBMedian 8.0421
Model_1_goa_re_2021.dat 4 2030 SSBMean 8.04249
Model_1_goa_re_2021.dat 4 2031 SSBF100 14.7763
Model_1_goa_re_2021.dat 4 2031 SSBFabc 5.91051
Model_1_goa_re_2021.dat 4 2031 SSBFofl 5.1717
Model_1_goa_re_2021.dat 4 2031 SSBLCI 7.94684
Model_1_goa_re_2021.dat 4 2031 SSBUCI 7.96588
Model_1_goa_re_2021.dat 4 2031 SSBMedian 7.95422
Model_1_goa_re_2021.dat 4 2031 SSBMean 7.95517
Model_1_goa_re_2021.dat 4 2032 SSBF100 14.7763
Model_1_goa_re_2021.dat 4 2032 SSBFabc 5.91051
Model_1_goa_re_2021.dat 4 2032 SSBFofl 5.1717
Model_1_goa_re_2021.dat 4 2032 SSBLCI 7.85097
Model_1_goa_re_2021.dat 4 2032 SSBUCI 7.88901
Model_1_goa_re_2021.dat 4 2032 SSBMedian 7.86573
Model_1_goa_re_2021.dat 4 2032 SSBMean 7.86748
Model_1_goa_re_2021.dat 4 2033 SSBF100 14.7763
Model_1_goa_re_2021.dat 4 2033 SSBFabc 5.91051
Model_1_goa_re_2021.dat 4 2033 SSBFofl 5.1717
Model_1_goa_re_2021.dat 4 2033 SSBLCI 7.7628
Model_1_goa_re_2021.dat 4 2033 SSBUCI 7.83166
Model_1_goa_re_2021.dat 4 2033 SSBMedian 7.78923
Model_1_goa_re_2021.dat 4 2033 SSBMean 7.79251
Model_1_goa_re_2021.dat 4 2034 SSBF100 14.7763
Model_1_goa_re_2021.dat 4 2034 SSBFabc 5.91051
Model_1_goa_re_2021.dat 4 2034 SSBFofl 5.1717
Model_1_goa_re_2021.dat 4 2034 SSBLCI 7.68039
Model_1_goa_re_2021.dat 4 2034 SSBUCI 7.79598
Model_1_goa_re_2021.dat 4 2034 SSBMedian 7.72674
Model_1_goa_re_2021.dat 4 2034 SSBMean 7.73114
Model_1_goa_re_2021.dat 4 2021 F0 0 
Model_1_goa_re_2021.dat 4 2021 Fabc 0.0381281
Model_1_goa_re_2021.dat 4 2021 Fofl 0.0459618
Model_1_goa_re_2021.dat 4 2021  F_LCI 0.0194333
Model_1_goa_re_2021.dat 4 2021  F_UCI 0.0194333
Model_1_goa_re_2021.dat 4 2021  F_Median 0.0194333
Model_1_goa_re_2021.dat 4 2021  F_Mean 0.0194333
Model_1_goa_re_2021.dat 4 2022 F0 0 
Model_1_goa_re_2021.dat 4 2022 Fabc 0.0381281
Model_1_goa_re_2021.dat 4 2022 Fofl 0.0459618
Model_1_goa_re_2021.dat 4 2022  F_LCI 0.023413
Model_1_goa_re_2021.dat 4 2022  F_UCI 0.023413
Model_1_goa_re_2021.dat 4 2022  F_Median 0.023413
Model_1_goa_re_2021.dat 4 2022  F_Mean 0.023413
Model_1_goa_re_2021.dat 4 2023 F0 0 
Model_1_goa_re_2021.dat 4 2023 Fabc 0.0381281
Model_1_goa_re_2021.dat 4 2023 Fofl 0.0459618
Model_1_goa_re_2021.dat 4 2023  F_LCI 0.0176151
Model_1_goa_re_2021.dat 4 2023  F_UCI 0.0176153
Model_1_goa_re_2021.dat 4 2023  F_Median 0.0176152
Model_1_goa_re_2021.dat 4 2023  F_Mean 0.0176152
Model_1_goa_re_2021.dat 4 2024 F0 0 
Model_1_goa_re_2021.dat 4 2024 Fabc 0.0381281
Model_1_goa_re_2021.dat 4 2024 Fofl 0.0459618
Model_1_goa_re_2021.dat 4 2024  F_LCI 0.0172723
Model_1_goa_re_2021.dat 4 2024  F_UCI 0.017273
Model_1_goa_re_2021.dat 4 2024  F_Median 0.0172727
Model_1_goa_re_2021.dat 4 2024  F_Mean 0.0172727
Model_1_goa_re_2021.dat 4 2025 F0 0 
Model_1_goa_re_2021.dat 4 2025 Fabc 0.0381281
Model_1_goa_re_2021.dat 4 2025 Fofl 0.0459618
Model_1_goa_re_2021.dat 4 2025  F_LCI 0.0259344
Model_1_goa_re_2021.dat 4 2025  F_UCI 0.0259344
Model_1_goa_re_2021.dat 4 2025  F_Median 0.0259344
Model_1_goa_re_2021.dat 4 2025  F_Mean 0.0259344
Model_1_goa_re_2021.dat 4 2026 F0 0 
Model_1_goa_re_2021.dat 4 2026 Fabc 0.0381281
Model_1_goa_re_2021.dat 4 2026 Fofl 0.0459618
Model_1_goa_re_2021.dat 4 2026  F_LCI 0.0259344
Model_1_goa_re_2021.dat 4 2026  F_UCI 0.0259344
Model_1_goa_re_2021.dat 4 2026  F_Median 0.0259344
Model_1_goa_re_2021.dat 4 2026  F_Mean 0.0259344
Model_1_goa_re_2021.dat 4 2027 F0 0 
Model_1_goa_re_2021.dat 4 2027 Fabc 0.0381281
Model_1_goa_re_2021.dat 4 2027 Fofl 0.0459618
Model_1_goa_re_2021.dat 4 2027  F_LCI 0.0259344
Model_1_goa_re_2021.dat 4 2027  F_UCI 0.0259344
Model_1_goa_re_2021.dat 4 2027  F_Median 0.0259344
Model_1_goa_re_2021.dat 4 2027  F_Mean 0.0259344
Model_1_goa_re_2021.dat 4 2028 F0 0 
Model_1_goa_re_2021.dat 4 2028 Fabc 0.0381281
Model_1_goa_re_2021.dat 4 2028 Fofl 0.0459618
Model_1_goa_re_2021.dat 4 2028  F_LCI 0.0259344
Model_1_goa_re_2021.dat 4 2028  F_UCI 0.0259344
Model_1_goa_re_2021.dat 4 2028  F_Median 0.0259344
Model_1_goa_re_2021.dat 4 2028  F_Mean 0.0259344
Model_1_goa_re_2021.dat 4 2029 F0 0 
Model_1_goa_re_2021.dat 4 2029 Fabc 0.0381281
Model_1_goa_re_2021.dat 4 2029 Fofl 0.0459618
Model_1_goa_re_2021.dat 4 2029  F_LCI 0.0259344
Model_1_goa_re_2021.dat 4 2029  F_UCI 0.0259344
Model_1_goa_re_2021.dat 4 2029  F_Median 0.0259344
Model_1_goa_re_2021.dat 4 2029  F_Mean 0.0259344
Model_1_goa_re_2021.dat 4 2030 F0 0 
Model_1_goa_re_2021.dat 4 2030 Fabc 0.0381281
Model_1_goa_re_2021.dat 4 2030 Fofl 0.0459618
Model_1_goa_re_2021.dat 4 2030  F_LCI 0.0259344
Model_1_goa_re_2021.dat 4 2030  F_UCI 0.0259344
Model_1_goa_re_2021.dat 4 2030  F_Median 0.0259344
Model_1_goa_re_2021.dat 4 2030  F_Mean 0.0259344
Model_1_goa_re_2021.dat 4 2031 F0 0 
Model_1_goa_re_2021.dat 4 2031 Fabc 0.0381281
Model_1_goa_re_2021.dat 4 2031 Fofl 0.0459618
Model_1_goa_re_2021.dat 4 2031  F_LCI 0.0259344
Model_1_goa_re_2021.dat 4 2031  F_UCI 0.0259344
Model_1_goa_re_2021.dat 4 2031  F_Median 0.0259344
Model_1_goa_re_2021.dat 4 2031  F_Mean 0.0259344
Model_1_goa_re_2021.dat 4 2032 F0 0 
Model_1_goa_re_2021.dat 4 2032 Fabc 0.0381281
Model_1_goa_re_2021.dat 4 2032 Fofl 0.0459618
Model_1_goa_re_2021.dat 4 2032  F_LCI 0.0259344
Model_1_goa_re_2021.dat 4 2032  F_UCI 0.0259344
Model_1_goa_re_2021.dat 4 2032  F_Median 0.0259344
Model_1_goa_re_2021.dat 4 2032  F_Mean 0.0259344
Model_1_goa_re_2021.dat 4 2033 F0 0 
Model_1_goa_re_2021.dat 4 2033 Fabc 0.0381281
Model_1_goa_re_2021.dat 4 2033 Fofl 0.0459618
Model_1_goa_re_2021.dat 4 2033  F_LCI 0.0259344
Model_1_goa_re_2021.dat 4 2033  F_UCI 0.0259344
Model_1_goa_re_2021.dat 4 2033  F_Median 0.0259344
Model_1_goa_re_2021.dat 4 2033  F_Mean 0.0259344
Model_1_goa_re_2021.dat 4 2034 F0 0 
Model_1_goa_re_2021.dat 4 2034 Fabc 0.0381281
Model_1_goa_re_2021.dat 4 2034 Fofl 0.0459618
Model_1_goa_re_2021.dat 4 2034  F_LCI 0.0259344
Model_1_goa_re_2021.dat 4 2034  F_UCI 0.0259344
Model_1_goa_re_2021.dat 4 2034  F_Median 0.0259344
Model_1_goa_re_2021.dat 4 2034  F_Mean 0.0259344
Model_1_goa_re_2021.dat 5 2021 Cabc 0.574153
Model_1_goa_re_2021.dat 5 2021 Cofl 0.615453
Model_1_goa_re_2021.dat 5 2021 CLCI 0.407204
Model_1_goa_re_2021.dat 5 2021 CUCI 0.407204
Model_1_goa_re_2021.dat 5 2021 CMedian 0.407204
Model_1_goa_re_2021.dat 5 2021 CMean 0.407204
Model_1_goa_re_2021.dat 5 2022 Cabc 0.574153
Model_1_goa_re_2021.dat 5 2022 Cofl 0.615453
Model_1_goa_re_2021.dat 5 2022 CLCI 0.487001
Model_1_goa_re_2021.dat 5 2022 CUCI 0.487001
Model_1_goa_re_2021.dat 5 2022 CMedian 0.487001
Model_1_goa_re_2021.dat 5 2022 CMean 0.487001
Model_1_goa_re_2021.dat 5 2023 Cabc 0.574153
Model_1_goa_re_2021.dat 5 2023 Cofl 0.615453
Model_1_goa_re_2021.dat 5 2023 CLCI 0.361636
Model_1_goa_re_2021.dat 5 2023 CUCI 0.361636
Model_1_goa_re_2021.dat 5 2023 CMedian 0.361636
Model_1_goa_re_2021.dat 5 2023 CMean 0.361636
Model_1_goa_re_2021.dat 5 2024 Cabc 0.574153
Model_1_goa_re_2021.dat 5 2024 Cofl 0.615453
Model_1_goa_re_2021.dat 5 2024 CLCI 0.353812
Model_1_goa_re_2021.dat 5 2024 CUCI 0.353812
Model_1_goa_re_2021.dat 5 2024 CMedian 0.353812
Model_1_goa_re_2021.dat 5 2024 CMean 0.353812
Model_1_goa_re_2021.dat 5 2025 Cabc 0.574153
Model_1_goa_re_2021.dat 5 2025 Cofl 0.615453
Model_1_goa_re_2021.dat 5 2025 CLCI 0
Model_1_goa_re_2021.dat 5 2025 CUCI 0
Model_1_goa_re_2021.dat 5 2025 CMedian 0
Model_1_goa_re_2021.dat 5 2025 CMean 0
Model_1_goa_re_2021.dat 5 2026 Cabc 0.574153
Model_1_goa_re_2021.dat 5 2026 Cofl 0.615453
Model_1_goa_re_2021.dat 5 2026 CLCI 0
Model_1_goa_re_2021.dat 5 2026 CUCI 0
Model_1_goa_re_2021.dat 5 2026 CMedian 0
Model_1_goa_re_2021.dat 5 2026 CMean 0
Model_1_goa_re_2021.dat 5 2027 Cabc 0.574153
Model_1_goa_re_2021.dat 5 2027 Cofl 0.615453
Model_1_goa_re_2021.dat 5 2027 CLCI 0
Model_1_goa_re_2021.dat 5 2027 CUCI 0
Model_1_goa_re_2021.dat 5 2027 CMedian 0
Model_1_goa_re_2021.dat 5 2027 CMean 0
Model_1_goa_re_2021.dat 5 2028 Cabc 0.574153
Model_1_goa_re_2021.dat 5 2028 Cofl 0.615453
Model_1_goa_re_2021.dat 5 2028 CLCI 0
Model_1_goa_re_2021.dat 5 2028 CUCI 0
Model_1_goa_re_2021.dat 5 2028 CMedian 0
Model_1_goa_re_2021.dat 5 2028 CMean 0
Model_1_goa_re_2021.dat 5 2029 Cabc 0.574153
Model_1_goa_re_2021.dat 5 2029 Cofl 0.615453
Model_1_goa_re_2021.dat 5 2029 CLCI 0
Model_1_goa_re_2021.dat 5 2029 CUCI 0
Model_1_goa_re_2021.dat 5 2029 CMedian 0
Model_1_goa_re_2021.dat 5 2029 CMean 0
Model_1_goa_re_2021.dat 5 2030 Cabc 0.574153
Model_1_goa_re_2021.dat 5 2030 Cofl 0.615453
Model_1_goa_re_2021.dat 5 2030 CLCI 0
Model_1_goa_re_2021.dat 5 2030 CUCI 0
Model_1_goa_re_2021.dat 5 2030 CMedian 0
Model_1_goa_re_2021.dat 5 2030 CMean 0
Model_1_goa_re_2021.dat 5 2031 Cabc 0.574153
Model_1_goa_re_2021.dat 5 2031 Cofl 0.615453
Model_1_goa_re_2021.dat 5 2031 CLCI 0
Model_1_goa_re_2021.dat 5 2031 CUCI 0
Model_1_goa_re_2021.dat 5 2031 CMedian 0
Model_1_goa_re_2021.dat 5 2031 CMean 0
Model_1_goa_re_2021.dat 5 2032 Cabc 0.574153
Model_1_goa_re_2021.dat 5 2032 Cofl 0.615453
Model_1_goa_re_2021.dat 5 2032 CLCI 0
Model_1_goa_re_2021.dat 5 2032 CUCI 0
Model_1_goa_re_2021.dat 5 2032 CMedian 0
Model_1_goa_re_2021.dat 5 2032 CMean 0
Model_1_goa_re_2021.dat 5 2033 Cabc 0.574153
Model_1_goa_re_2021.dat 5 2033 Cofl 0.615453
Model_1_goa_re_2021.dat 5 2033 CLCI 0
Model_1_goa_re_2021.dat 5 2033 CUCI 0
Model_1_goa_re_2021.dat 5 2033 CMedian 0
Model_1_goa_re_2021.dat 5 2033 CMean 0
Model_1_goa_re_2021.dat 5 2034 Cabc 0.574153
Model_1_goa_re_2021.dat 5 2034 Cofl 0.615453
Model_1_goa_re_2021.dat 5 2034 CLCI 0
Model_1_goa_re_2021.dat 5 2034 CUCI 0
Model_1_goa_re_2021.dat 5 2034 CMedian 0
Model_1_goa_re_2021.dat 5 2034 CMean 0
Model_1_goa_re_2021.dat 5 2021 SSBF100 14.7763
Model_1_goa_re_2021.dat 5 2021 SSBFabc 5.91051
Model_1_goa_re_2021.dat 5 2021 SSBFofl 5.1717
Model_1_goa_re_2021.dat 5 2021 SSBLCI 8.68089
Model_1_goa_re_2021.dat 5 2021 SSBUCI 8.68089
Model_1_goa_re_2021.dat 5 2021 SSBMedian 8.68089
Model_1_goa_re_2021.dat 5 2021 SSBMean 8.68089
Model_1_goa_re_2021.dat 5 2022 SSBF100 14.7763
Model_1_goa_re_2021.dat 5 2022 SSBFabc 5.91051
Model_1_goa_re_2021.dat 5 2022 SSBFofl 5.1717
Model_1_goa_re_2021.dat 5 2022 SSBLCI 8.61655
Model_1_goa_re_2021.dat 5 2022 SSBUCI 8.61655
Model_1_goa_re_2021.dat 5 2022 SSBMedian 8.61655
Model_1_goa_re_2021.dat 5 2022 SSBMean 8.61655
Model_1_goa_re_2021.dat 5 2023 SSBF100 14.7763
Model_1_goa_re_2021.dat 5 2023 SSBFabc 5.91051
Model_1_goa_re_2021.dat 5 2023 SSBFofl 5.1717
Model_1_goa_re_2021.dat 5 2023 SSBLCI 8.56137
Model_1_goa_re_2021.dat 5 2023 SSBUCI 8.56137
Model_1_goa_re_2021.dat 5 2023 SSBMedian 8.56137
Model_1_goa_re_2021.dat 5 2023 SSBMean 8.56137
Model_1_goa_re_2021.dat 5 2024 SSBF100 14.7763
Model_1_goa_re_2021.dat 5 2024 SSBFabc 5.91051
Model_1_goa_re_2021.dat 5 2024 SSBFofl 5.1717
Model_1_goa_re_2021.dat 5 2024 SSBLCI 8.5315
Model_1_goa_re_2021.dat 5 2024 SSBUCI 8.5315
Model_1_goa_re_2021.dat 5 2024 SSBMedian 8.5315
Model_1_goa_re_2021.dat 5 2024 SSBMean 8.5315
Model_1_goa_re_2021.dat 5 2025 SSBF100 14.7763
Model_1_goa_re_2021.dat 5 2025 SSBFabc 5.91051
Model_1_goa_re_2021.dat 5 2025 SSBFofl 5.1717
Model_1_goa_re_2021.dat 5 2025 SSBLCI 8.57737
Model_1_goa_re_2021.dat 5 2025 SSBUCI 8.57738
Model_1_goa_re_2021.dat 5 2025 SSBMedian 8.57738
Model_1_goa_re_2021.dat 5 2025 SSBMean 8.57738
Model_1_goa_re_2021.dat 5 2026 SSBF100 14.7763
Model_1_goa_re_2021.dat 5 2026 SSBFabc 5.91051
Model_1_goa_re_2021.dat 5 2026 SSBFofl 5.1717
Model_1_goa_re_2021.dat 5 2026 SSBLCI 8.71145
Model_1_goa_re_2021.dat 5 2026 SSBUCI 8.71166
Model_1_goa_re_2021.dat 5 2026 SSBMedian 8.71152
Model_1_goa_re_2021.dat 5 2026 SSBMean 8.71153
Model_1_goa_re_2021.dat 5 2027 SSBF100 14.7763
Model_1_goa_re_2021.dat 5 2027 SSBFabc 5.91051
Model_1_goa_re_2021.dat 5 2027 SSBFofl 5.1717
Model_1_goa_re_2021.dat 5 2027 SSBLCI 8.84137
Model_1_goa_re_2021.dat 5 2027 SSBUCI 8.84189
Model_1_goa_re_2021.dat 5 2027 SSBMedian 8.84157
Model_1_goa_re_2021.dat 5 2027 SSBMean 8.84159
Model_1_goa_re_2021.dat 5 2028 SSBF100 14.7763
Model_1_goa_re_2021.dat 5 2028 SSBFabc 5.91051
Model_1_goa_re_2021.dat 5 2028 SSBFofl 5.1717
Model_1_goa_re_2021.dat 5 2028 SSBLCI 8.96344
Model_1_goa_re_2021.dat 5 2028 SSBUCI 8.96468
Model_1_goa_re_2021.dat 5 2028 SSBMedian 8.96393
Model_1_goa_re_2021.dat 5 2028 SSBMean 8.96399
Model_1_goa_re_2021.dat 5 2029 SSBF100 14.7763
Model_1_goa_re_2021.dat 5 2029 SSBFabc 5.91051
Model_1_goa_re_2021.dat 5 2029 SSBFofl 5.1717
Model_1_goa_re_2021.dat 5 2029 SSBLCI 9.07791
Model_1_goa_re_2021.dat 5 2029 SSBUCI 9.0814
Model_1_goa_re_2021.dat 5 2029 SSBMedian 9.07924
Model_1_goa_re_2021.dat 5 2029 SSBMean 9.07939
Model_1_goa_re_2021.dat 5 2030 SSBF100 14.7763
Model_1_goa_re_2021.dat 5 2030 SSBFabc 5.91051
Model_1_goa_re_2021.dat 5 2030 SSBFofl 5.1717
Model_1_goa_re_2021.dat 5 2030 SSBLCI 9.18578
Model_1_goa_re_2021.dat 5 2030 SSBUCI 9.19471
Model_1_goa_re_2021.dat 5 2030 SSBMedian 9.1892
Model_1_goa_re_2021.dat 5 2030 SSBMean 9.1896
Model_1_goa_re_2021.dat 5 2031 SSBF100 14.7763
Model_1_goa_re_2021.dat 5 2031 SSBFabc 5.91051
Model_1_goa_re_2021.dat 5 2031 SSBFofl 5.1717
Model_1_goa_re_2021.dat 5 2031 SSBLCI 9.29179
Model_1_goa_re_2021.dat 5 2031 SSBUCI 9.31103
Model_1_goa_re_2021.dat 5 2031 SSBMedian 9.29926
Model_1_goa_re_2021.dat 5 2031 SSBMean 9.3002
Model_1_goa_re_2021.dat 5 2032 SSBF100 14.7763
Model_1_goa_re_2021.dat 5 2032 SSBFabc 5.91051
Model_1_goa_re_2021.dat 5 2032 SSBFofl 5.1717
Model_1_goa_re_2021.dat 5 2032 SSBLCI 9.38635
Model_1_goa_re_2021.dat 5 2032 SSBUCI 9.42486
Model_1_goa_re_2021.dat 5 2032 SSBMedian 9.40128
Model_1_goa_re_2021.dat 5 2032 SSBMean 9.40307
Model_1_goa_re_2021.dat 5 2033 SSBF100 14.7763
Model_1_goa_re_2021.dat 5 2033 SSBFabc 5.91051
Model_1_goa_re_2021.dat 5 2033 SSBFofl 5.1717
Model_1_goa_re_2021.dat 5 2033 SSBLCI 9.4831
Model_1_goa_re_2021.dat 5 2033 SSBUCI 9.55296
Model_1_goa_re_2021.dat 5 2033 SSBMedian 9.50994
Model_1_goa_re_2021.dat 5 2033 SSBMean 9.51324
Model_1_goa_re_2021.dat 5 2034 SSBF100 14.7763
Model_1_goa_re_2021.dat 5 2034 SSBFabc 5.91051
Model_1_goa_re_2021.dat 5 2034 SSBFofl 5.1717
Model_1_goa_re_2021.dat 5 2034 SSBLCI 9.5804
Model_1_goa_re_2021.dat 5 2034 SSBUCI 9.6979
Model_1_goa_re_2021.dat 5 2034 SSBMedian 9.62757
Model_1_goa_re_2021.dat 5 2034 SSBMean 9.63204
Model_1_goa_re_2021.dat 5 2021 F0 0 
Model_1_goa_re_2021.dat 5 2021 Fabc 0.0381281
Model_1_goa_re_2021.dat 5 2021 Fofl 0.0459618
Model_1_goa_re_2021.dat 5 2021  F_LCI 0.0194333
Model_1_goa_re_2021.dat 5 2021  F_UCI 0.0194333
Model_1_goa_re_2021.dat 5 2021  F_Median 0.0194333
Model_1_goa_re_2021.dat 5 2021  F_Mean 0.0194333
Model_1_goa_re_2021.dat 5 2022 F0 0 
Model_1_goa_re_2021.dat 5 2022 Fabc 0.0381281
Model_1_goa_re_2021.dat 5 2022 Fofl 0.0459618
Model_1_goa_re_2021.dat 5 2022  F_LCI 0.023413
Model_1_goa_re_2021.dat 5 2022  F_UCI 0.023413
Model_1_goa_re_2021.dat 5 2022  F_Median 0.023413
Model_1_goa_re_2021.dat 5 2022  F_Mean 0.023413
Model_1_goa_re_2021.dat 5 2023 F0 0 
Model_1_goa_re_2021.dat 5 2023 Fabc 0.0381281
Model_1_goa_re_2021.dat 5 2023 Fofl 0.0459618
Model_1_goa_re_2021.dat 5 2023  F_LCI 0.0176151
Model_1_goa_re_2021.dat 5 2023  F_UCI 0.0176153
Model_1_goa_re_2021.dat 5 2023  F_Median 0.0176152
Model_1_goa_re_2021.dat 5 2023  F_Mean 0.0176152
Model_1_goa_re_2021.dat 5 2024 F0 0 
Model_1_goa_re_2021.dat 5 2024 Fabc 0.0381281
Model_1_goa_re_2021.dat 5 2024 Fofl 0.0459618
Model_1_goa_re_2021.dat 5 2024  F_LCI 0.0172723
Model_1_goa_re_2021.dat 5 2024  F_UCI 0.017273
Model_1_goa_re_2021.dat 5 2024  F_Median 0.0172727
Model_1_goa_re_2021.dat 5 2024  F_Mean 0.0172727
Model_1_goa_re_2021.dat 5 2025 F0 0 
Model_1_goa_re_2021.dat 5 2025 Fabc 0.0381281
Model_1_goa_re_2021.dat 5 2025 Fofl 0.0459618
Model_1_goa_re_2021.dat 5 2025  F_LCI 0
Model_1_goa_re_2021.dat 5 2025  F_UCI 0
Model_1_goa_re_2021.dat 5 2025  F_Median 0
Model_1_goa_re_2021.dat 5 2025  F_Mean 0
Model_1_goa_re_2021.dat 5 2026 F0 0 
Model_1_goa_re_2021.dat 5 2026 Fabc 0.0381281
Model_1_goa_re_2021.dat 5 2026 Fofl 0.0459618
Model_1_goa_re_2021.dat 5 2026  F_LCI 0
Model_1_goa_re_2021.dat 5 2026  F_UCI 0
Model_1_goa_re_2021.dat 5 2026  F_Median 0
Model_1_goa_re_2021.dat 5 2026  F_Mean 0
Model_1_goa_re_2021.dat 5 2027 F0 0 
Model_1_goa_re_2021.dat 5 2027 Fabc 0.0381281
Model_1_goa_re_2021.dat 5 2027 Fofl 0.0459618
Model_1_goa_re_2021.dat 5 2027  F_LCI 0
Model_1_goa_re_2021.dat 5 2027  F_UCI 0
Model_1_goa_re_2021.dat 5 2027  F_Median 0
Model_1_goa_re_2021.dat 5 2027  F_Mean 0
Model_1_goa_re_2021.dat 5 2028 F0 0 
Model_1_goa_re_2021.dat 5 2028 Fabc 0.0381281
Model_1_goa_re_2021.dat 5 2028 Fofl 0.0459618
Model_1_goa_re_2021.dat 5 2028  F_LCI 0
Model_1_goa_re_2021.dat 5 2028  F_UCI 0
Model_1_goa_re_2021.dat 5 2028  F_Median 0
Model_1_goa_re_2021.dat 5 2028  F_Mean 0
Model_1_goa_re_2021.dat 5 2029 F0 0 
Model_1_goa_re_2021.dat 5 2029 Fabc 0.0381281
Model_1_goa_re_2021.dat 5 2029 Fofl 0.0459618
Model_1_goa_re_2021.dat 5 2029  F_LCI 0
Model_1_goa_re_2021.dat 5 2029  F_UCI 0
Model_1_goa_re_2021.dat 5 2029  F_Median 0
Model_1_goa_re_2021.dat 5 2029  F_Mean 0
Model_1_goa_re_2021.dat 5 2030 F0 0 
Model_1_goa_re_2021.dat 5 2030 Fabc 0.0381281
Model_1_goa_re_2021.dat 5 2030 Fofl 0.0459618
Model_1_goa_re_2021.dat 5 2030  F_LCI 0
Model_1_goa_re_2021.dat 5 2030  F_UCI 0
Model_1_goa_re_2021.dat 5 2030  F_Median 0
Model_1_goa_re_2021.dat 5 2030  F_Mean 0
Model_1_goa_re_2021.dat 5 2031 F0 0 
Model_1_goa_re_2021.dat 5 2031 Fabc 0.0381281
Model_1_goa_re_2021.dat 5 2031 Fofl 0.0459618
Model_1_goa_re_2021.dat 5 2031  F_LCI 0
Model_1_goa_re_2021.dat 5 2031  F_UCI 0
Model_1_goa_re_2021.dat 5 2031  F_Median 0
Model_1_goa_re_2021.dat 5 2031  F_Mean 0
Model_1_goa_re_2021.dat 5 2032 F0 0 
Model_1_goa_re_2021.dat 5 2032 Fabc 0.0381281
Model_1_goa_re_2021.dat 5 2032 Fofl 0.0459618
Model_1_goa_re_2021.dat 5 2032  F_LCI 0
Model_1_goa_re_2021.dat 5 2032  F_UCI 0
Model_1_goa_re_2021.dat 5 2032  F_Median 0
Model_1_goa_re_2021.dat 5 2032  F_Mean 0
Model_1_goa_re_2021.dat 5 2033 F0 0 
Model_1_goa_re_2021.dat 5 2033 Fabc 0.0381281
Model_1_goa_re_2021.dat 5 2033 Fofl 0.0459618
Model_1_goa_re_2021.dat 5 2033  F_LCI 0
Model_1_goa_re_2021.dat 5 2033  F_UCI 0
Model_1_goa_re_2021.dat 5 2033  F_Median 0
Model_1_goa_re_2021.dat 5 2033  F_Mean 0
Model_1_goa_re_2021.dat 5 2034 F0 0 
Model_1_goa_re_2021.dat 5 2034 Fabc 0.0381281
Model_1_goa_re_2021.dat 5 2034 Fofl 0.0459618
Model_1_goa_re_2021.dat 5 2034  F_LCI 0
Model_1_goa_re_2021.dat 5 2034  F_UCI 0
Model_1_goa_re_2021.dat 5 2034  F_Median 0
Model_1_goa_re_2021.dat 5 2034  F_Mean 0
Model_1_goa_re_2021.dat 6 2021 Cabc 0.574153
Model_1_goa_re_2021.dat 6 2021 Cofl 0.615453
Model_1_goa_re_2021.dat 6 2021 CLCI 0.407204
Model_1_goa_re_2021.dat 6 2021 CUCI 0.407204
Model_1_goa_re_2021.dat 6 2021 CMedian 0.407204
Model_1_goa_re_2021.dat 6 2021 CMean 0.407204
Model_1_goa_re_2021.dat 6 2022 Cabc 0.574153
Model_1_goa_re_2021.dat 6 2022 Cofl 0.615453
Model_1_goa_re_2021.dat 6 2022 CLCI 0.945653
Model_1_goa_re_2021.dat 6 2022 CUCI 0.945655
Model_1_goa_re_2021.dat 6 2022 CMedian 0.945654
Model_1_goa_re_2021.dat 6 2022 CMean 0.945654
Model_1_goa_re_2021.dat 6 2023 Cabc 0.574153
Model_1_goa_re_2021.dat 6 2023 Cofl 0.615453
Model_1_goa_re_2021.dat 6 2023 CLCI 0.910863
Model_1_goa_re_2021.dat 6 2023 CUCI 0.910871
Model_1_goa_re_2021.dat 6 2023 CMedian 0.910866
Model_1_goa_re_2021.dat 6 2023 CMean 0.910866
Model_1_goa_re_2021.dat 6 2024 Cabc 0.574153
Model_1_goa_re_2021.dat 6 2024 Cofl 0.615453
Model_1_goa_re_2021.dat 6 2024 CLCI 0.885181
Model_1_goa_re_2021.dat 6 2024 CUCI 0.885214
Model_1_goa_re_2021.dat 6 2024 CMedian 0.885193
Model_1_goa_re_2021.dat 6 2024 CMean 0.885195
Model_1_goa_re_2021.dat 6 2025 Cabc 0.574153
Model_1_goa_re_2021.dat 6 2025 Cofl 0.615453
Model_1_goa_re_2021.dat 6 2025 CLCI 0.869896
Model_1_goa_re_2021.dat 6 2025 CUCI 0.870017
Model_1_goa_re_2021.dat 6 2025 CMedian 0.869943
Model_1_goa_re_2021.dat 6 2025 CMean 0.869947
Model_1_goa_re_2021.dat 6 2026 Cabc 0.574153
Model_1_goa_re_2021.dat 6 2026 Cofl 0.615453
Model_1_goa_re_2021.dat 6 2026 CLCI 0.864797
Model_1_goa_re_2021.dat 6 2026 CUCI 0.865187
Model_1_goa_re_2021.dat 6 2026 CMedian 0.864948
Model_1_goa_re_2021.dat 6 2026 CMean 0.864962
Model_1_goa_re_2021.dat 6 2027 Cabc 0.574153
Model_1_goa_re_2021.dat 6 2027 Cofl 0.615453
Model_1_goa_re_2021.dat 6 2027 CLCI 0.834125
Model_1_goa_re_2021.dat 6 2027 CUCI 0.835166
Model_1_goa_re_2021.dat 6 2027 CMedian 0.834525
Model_1_goa_re_2021.dat 6 2027 CMean 0.834569
Model_1_goa_re_2021.dat 6 2028 Cabc 0.574153
Model_1_goa_re_2021.dat 6 2028 Cofl 0.615453
Model_1_goa_re_2021.dat 6 2028 CLCI 0.804867
Model_1_goa_re_2021.dat 6 2028 CUCI 0.807054
Model_1_goa_re_2021.dat 6 2028 CMedian 0.805725
Model_1_goa_re_2021.dat 6 2028 CMean 0.805833
Model_1_goa_re_2021.dat 6 2029 Cabc 0.574153
Model_1_goa_re_2021.dat 6 2029 Cofl 0.615453
Model_1_goa_re_2021.dat 6 2029 CLCI 0.78067
Model_1_goa_re_2021.dat 6 2029 CUCI 0.784307
Model_1_goa_re_2021.dat 6 2029 CMedian 0.782088
Model_1_goa_re_2021.dat 6 2029 CMean 0.782241
Model_1_goa_re_2021.dat 6 2030 Cabc 0.574153
Model_1_goa_re_2021.dat 6 2030 Cofl 0.615453
Model_1_goa_re_2021.dat 6 2030 CLCI 0.759681
Model_1_goa_re_2021.dat 6 2030 CUCI 0.764386
Model_1_goa_re_2021.dat 6 2030 CMedian 0.761712
Model_1_goa_re_2021.dat 6 2030 CMean 0.761844
Model_1_goa_re_2021.dat 6 2031 Cabc 0.574153
Model_1_goa_re_2021.dat 6 2031 Cofl 0.615453
Model_1_goa_re_2021.dat 6 2031 CLCI 0.740528
Model_1_goa_re_2021.dat 6 2031 CUCI 0.746157
Model_1_goa_re_2021.dat 6 2031 CMedian 0.743028
Model_1_goa_re_2021.dat 6 2031 CMean 0.743165
Model_1_goa_re_2021.dat 6 2032 Cabc 0.574153
Model_1_goa_re_2021.dat 6 2032 Cofl 0.615453
Model_1_goa_re_2021.dat 6 2032 CLCI 0.724401
Model_1_goa_re_2021.dat 6 2032 CUCI 0.730894
Model_1_goa_re_2021.dat 6 2032 CMedian 0.72733
Model_1_goa_re_2021.dat 6 2032 CMean 0.727458
Model_1_goa_re_2021.dat 6 2033 Cabc 0.574153
Model_1_goa_re_2021.dat 6 2033 Cofl 0.615453
Model_1_goa_re_2021.dat 6 2033 CLCI 0.710575
Model_1_goa_re_2021.dat 6 2033 CUCI 0.719266
Model_1_goa_re_2021.dat 6 2033 CMedian 0.714391
Model_1_goa_re_2021.dat 6 2033 CMean 0.714477
Model_1_goa_re_2021.dat 6 2034 Cabc 0.574153
Model_1_goa_re_2021.dat 6 2034 Cofl 0.615453
Model_1_goa_re_2021.dat 6 2034 CLCI 0.69725
Model_1_goa_re_2021.dat 6 2034 CUCI 0.712602
Model_1_goa_re_2021.dat 6 2034 CMedian 0.703306
Model_1_goa_re_2021.dat 6 2034 CMean 0.703924
Model_1_goa_re_2021.dat 6 2021 SSBF100 14.7763
Model_1_goa_re_2021.dat 6 2021 SSBFabc 5.91051
Model_1_goa_re_2021.dat 6 2021 SSBFofl 5.1717
Model_1_goa_re_2021.dat 6 2021 SSBLCI 8.68089
Model_1_goa_re_2021.dat 6 2021 SSBUCI 8.68089
Model_1_goa_re_2021.dat 6 2021 SSBMedian 8.68089
Model_1_goa_re_2021.dat 6 2021 SSBMean 8.68089
Model_1_goa_re_2021.dat 6 2022 SSBF100 14.7763
Model_1_goa_re_2021.dat 6 2022 SSBFabc 5.91051
Model_1_goa_re_2021.dat 6 2022 SSBFofl 5.1717
Model_1_goa_re_2021.dat 6 2022 SSBLCI 8.53718
Model_1_goa_re_2021.dat 6 2022 SSBUCI 8.53718
Model_1_goa_re_2021.dat 6 2022 SSBMedian 8.53718
Model_1_goa_re_2021.dat 6 2022 SSBMean 8.53718
Model_1_goa_re_2021.dat 6 2023 SSBF100 14.7763
Model_1_goa_re_2021.dat 6 2023 SSBFabc 5.91051
Model_1_goa_re_2021.dat 6 2023 SSBFofl 5.1717
Model_1_goa_re_2021.dat 6 2023 SSBLCI 8.27881
Model_1_goa_re_2021.dat 6 2023 SSBUCI 8.27881
Model_1_goa_re_2021.dat 6 2023 SSBMedian 8.27881
Model_1_goa_re_2021.dat 6 2023 SSBMean 8.27881
Model_1_goa_re_2021.dat 6 2024 SSBF100 14.7763
Model_1_goa_re_2021.dat 6 2024 SSBFabc 5.91051
Model_1_goa_re_2021.dat 6 2024 SSBFofl 5.1717
Model_1_goa_re_2021.dat 6 2024 SSBLCI 8.02813
Model_1_goa_re_2021.dat 6 2024 SSBUCI 8.02813
Model_1_goa_re_2021.dat 6 2024 SSBMedian 8.02813
Model_1_goa_re_2021.dat 6 2024 SSBMean 8.02813
Model_1_goa_re_2021.dat 6 2025 SSBF100 14.7763
Model_1_goa_re_2021.dat 6 2025 SSBFabc 5.91051
Model_1_goa_re_2021.dat 6 2025 SSBFofl 5.1717
Model_1_goa_re_2021.dat 6 2025 SSBLCI 7.80221
Model_1_goa_re_2021.dat 6 2025 SSBUCI 7.80221
Model_1_goa_re_2021.dat 6 2025 SSBMedian 7.80221
Model_1_goa_re_2021.dat 6 2025 SSBMean 7.80221
Model_1_goa_re_2021.dat 6 2026 SSBF100 14.7763
Model_1_goa_re_2021.dat 6 2026 SSBFabc 5.91051
Model_1_goa_re_2021.dat 6 2026 SSBFofl 5.1717
Model_1_goa_re_2021.dat 6 2026 SSBLCI 7.58951
Model_1_goa_re_2021.dat 6 2026 SSBUCI 7.58972
Model_1_goa_re_2021.dat 6 2026 SSBMedian 7.58958
Model_1_goa_re_2021.dat 6 2026 SSBMean 7.5896
Model_1_goa_re_2021.dat 6 2027 SSBF100 14.7763
Model_1_goa_re_2021.dat 6 2027 SSBFabc 5.91051
Model_1_goa_re_2021.dat 6 2027 SSBFofl 5.1717
Model_1_goa_re_2021.dat 6 2027 SSBLCI 7.38167
Model_1_goa_re_2021.dat 6 2027 SSBUCI 7.38219
Model_1_goa_re_2021.dat 6 2027 SSBMedian 7.38187
Model_1_goa_re_2021.dat 6 2027 SSBMean 7.3819
Model_1_goa_re_2021.dat 6 2028 SSBF100 14.7763
Model_1_goa_re_2021.dat 6 2028 SSBFabc 5.91051
Model_1_goa_re_2021.dat 6 2028 SSBFofl 5.1717
Model_1_goa_re_2021.dat 6 2028 SSBLCI 7.17842
Model_1_goa_re_2021.dat 6 2028 SSBUCI 7.17964
Model_1_goa_re_2021.dat 6 2028 SSBMedian 7.17891
Model_1_goa_re_2021.dat 6 2028 SSBMean 7.17895
Model_1_goa_re_2021.dat 6 2029 SSBF100 14.7763
Model_1_goa_re_2021.dat 6 2029 SSBFabc 5.91051
Model_1_goa_re_2021.dat 6 2029 SSBFofl 5.1717
Model_1_goa_re_2021.dat 6 2029 SSBLCI 6.98115
Model_1_goa_re_2021.dat 6 2029 SSBUCI 6.98461
Model_1_goa_re_2021.dat 6 2029 SSBMedian 6.98248
Model_1_goa_re_2021.dat 6 2029 SSBMean 6.98262
Model_1_goa_re_2021.dat 6 2030 SSBF100 14.7763
Model_1_goa_re_2021.dat 6 2030 SSBFabc 5.91051
Model_1_goa_re_2021.dat 6 2030 SSBFofl 5.1717
Model_1_goa_re_2021.dat 6 2030 SSBLCI 6.79152
Model_1_goa_re_2021.dat 6 2030 SSBUCI 6.80032
Model_1_goa_re_2021.dat 6 2030 SSBMedian 6.79489
Model_1_goa_re_2021.dat 6 2030 SSBMean 6.79528
Model_1_goa_re_2021.dat 6 2031 SSBF100 14.7763
Model_1_goa_re_2021.dat 6 2031 SSBFabc 5.91051
Model_1_goa_re_2021.dat 6 2031 SSBFofl 5.1717
Model_1_goa_re_2021.dat 6 2031 SSBLCI 6.61348
Model_1_goa_re_2021.dat 6 2031 SSBUCI 6.63236
Model_1_goa_re_2021.dat 6 2031 SSBMedian 6.6208
Model_1_goa_re_2021.dat 6 2031 SSBMean 6.62174
Model_1_goa_re_2021.dat 6 2032 SSBF100 14.7763
Model_1_goa_re_2021.dat 6 2032 SSBFabc 5.91051
Model_1_goa_re_2021.dat 6 2032 SSBFofl 5.1717
Model_1_goa_re_2021.dat 6 2032 SSBLCI 6.4409
Model_1_goa_re_2021.dat 6 2032 SSBUCI 6.47859
Model_1_goa_re_2021.dat 6 2032 SSBMedian 6.45553
Model_1_goa_re_2021.dat 6 2032 SSBMean 6.45726
Model_1_goa_re_2021.dat 6 2033 SSBF100 14.7763
Model_1_goa_re_2021.dat 6 2033 SSBFabc 5.91051
Model_1_goa_re_2021.dat 6 2033 SSBFofl 5.1717
Model_1_goa_re_2021.dat 6 2033 SSBLCI 6.28291
Model_1_goa_re_2021.dat 6 2033 SSBUCI 6.35098
Model_1_goa_re_2021.dat 6 2033 SSBMedian 6.30901
Model_1_goa_re_2021.dat 6 2033 SSBMean 6.31228
Model_1_goa_re_2021.dat 6 2034 SSBF100 14.7763
Model_1_goa_re_2021.dat 6 2034 SSBFabc 5.91051
Model_1_goa_re_2021.dat 6 2034 SSBFofl 5.1717
Model_1_goa_re_2021.dat 6 2034 SSBLCI 6.13687
Model_1_goa_re_2021.dat 6 2034 SSBUCI 6.25103
Model_1_goa_re_2021.dat 6 2034 SSBMedian 6.1826
Model_1_goa_re_2021.dat 6 2034 SSBMean 6.18694
Model_1_goa_re_2021.dat 6 2021 F0 0 
Model_1_goa_re_2021.dat 6 2021 Fabc 0.0381281
Model_1_goa_re_2021.dat 6 2021 Fofl 0.0459618
Model_1_goa_re_2021.dat 6 2021  F_LCI 0.0194333
Model_1_goa_re_2021.dat 6 2021  F_UCI 0.0194333
Model_1_goa_re_2021.dat 6 2021  F_Median 0.0194333
Model_1_goa_re_2021.dat 6 2021  F_Mean 0.0194333
Model_1_goa_re_2021.dat 6 2022 F0 0 
Model_1_goa_re_2021.dat 6 2022 Fabc 0.0381281
Model_1_goa_re_2021.dat 6 2022 Fofl 0.0459618
Model_1_goa_re_2021.dat 6 2022  F_LCI 0.0459617
Model_1_goa_re_2021.dat 6 2022  F_UCI 0.0459617
Model_1_goa_re_2021.dat 6 2022  F_Median 0.0459617
Model_1_goa_re_2021.dat 6 2022  F_Mean 0.0459617
Model_1_goa_re_2021.dat 6 2023 F0 0 
Model_1_goa_re_2021.dat 6 2023 Fabc 0.0381281
Model_1_goa_re_2021.dat 6 2023 Fofl 0.0459618
Model_1_goa_re_2021.dat 6 2023  F_LCI 0.0459617
Model_1_goa_re_2021.dat 6 2023  F_UCI 0.0459617
Model_1_goa_re_2021.dat 6 2023  F_Median 0.0459617
Model_1_goa_re_2021.dat 6 2023  F_Mean 0.0459617
Model_1_goa_re_2021.dat 6 2024 F0 0 
Model_1_goa_re_2021.dat 6 2024 Fabc 0.0381281
Model_1_goa_re_2021.dat 6 2024 Fofl 0.0459618
Model_1_goa_re_2021.dat 6 2024  F_LCI 0.0459617
Model_1_goa_re_2021.dat 6 2024  F_UCI 0.0459617
Model_1_goa_re_2021.dat 6 2024  F_Median 0.0459617
Model_1_goa_re_2021.dat 6 2024  F_Mean 0.0459617
Model_1_goa_re_2021.dat 6 2025 F0 0 
Model_1_goa_re_2021.dat 6 2025 Fabc 0.0381281
Model_1_goa_re_2021.dat 6 2025 Fofl 0.0459618
Model_1_goa_re_2021.dat 6 2025  F_LCI 0.0459618
Model_1_goa_re_2021.dat 6 2025  F_UCI 0.0459618
Model_1_goa_re_2021.dat 6 2025  F_Median 0.0459618
Model_1_goa_re_2021.dat 6 2025  F_Mean 0.0459618
Model_1_goa_re_2021.dat 6 2026 F0 0 
Model_1_goa_re_2021.dat 6 2026 Fabc 0.0381281
Model_1_goa_re_2021.dat 6 2026 Fofl 0.0459618
Model_1_goa_re_2021.dat 6 2026  F_LCI 0.0459618
Model_1_goa_re_2021.dat 6 2026  F_UCI 0.0459618
Model_1_goa_re_2021.dat 6 2026  F_Median 0.0459618
Model_1_goa_re_2021.dat 6 2026  F_Mean 0.0459618
Model_1_goa_re_2021.dat 6 2027 F0 0 
Model_1_goa_re_2021.dat 6 2027 Fabc 0.0381281
Model_1_goa_re_2021.dat 6 2027 Fofl 0.0459618
Model_1_goa_re_2021.dat 6 2027  F_LCI 0.0459618
Model_1_goa_re_2021.dat 6 2027  F_UCI 0.0459618
Model_1_goa_re_2021.dat 6 2027  F_Median 0.0459618
Model_1_goa_re_2021.dat 6 2027  F_Mean 0.0459618
Model_1_goa_re_2021.dat 6 2028 F0 0 
Model_1_goa_re_2021.dat 6 2028 Fabc 0.0381281
Model_1_goa_re_2021.dat 6 2028 Fofl 0.0459618
Model_1_goa_re_2021.dat 6 2028  F_LCI 0.0459618
Model_1_goa_re_2021.dat 6 2028  F_UCI 0.0459618
Model_1_goa_re_2021.dat 6 2028  F_Median 0.0459618
Model_1_goa_re_2021.dat 6 2028  F_Mean 0.0459618
Model_1_goa_re_2021.dat 6 2029 F0 0 
Model_1_goa_re_2021.dat 6 2029 Fabc 0.0381281
Model_1_goa_re_2021.dat 6 2029 Fofl 0.0459618
Model_1_goa_re_2021.dat 6 2029  F_LCI 0.0459618
Model_1_goa_re_2021.dat 6 2029  F_UCI 0.0459618
Model_1_goa_re_2021.dat 6 2029  F_Median 0.0459618
Model_1_goa_re_2021.dat 6 2029  F_Mean 0.0459618
Model_1_goa_re_2021.dat 6 2030 F0 0 
Model_1_goa_re_2021.dat 6 2030 Fabc 0.0381281
Model_1_goa_re_2021.dat 6 2030 Fofl 0.0459618
Model_1_goa_re_2021.dat 6 2030  F_LCI 0.0459618
Model_1_goa_re_2021.dat 6 2030  F_UCI 0.0459618
Model_1_goa_re_2021.dat 6 2030  F_Median 0.0459618
Model_1_goa_re_2021.dat 6 2030  F_Mean 0.0459618
Model_1_goa_re_2021.dat 6 2031 F0 0 
Model_1_goa_re_2021.dat 6 2031 Fabc 0.0381281
Model_1_goa_re_2021.dat 6 2031 Fofl 0.0459618
Model_1_goa_re_2021.dat 6 2031  F_LCI 0.0459618
Model_1_goa_re_2021.dat 6 2031  F_UCI 0.0459618
Model_1_goa_re_2021.dat 6 2031  F_Median 0.0459618
Model_1_goa_re_2021.dat 6 2031  F_Mean 0.0459618
Model_1_goa_re_2021.dat 6 2032 F0 0 
Model_1_goa_re_2021.dat 6 2032 Fabc 0.0381281
Model_1_goa_re_2021.dat 6 2032 Fofl 0.0459618
Model_1_goa_re_2021.dat 6 2032  F_LCI 0.0459618
Model_1_goa_re_2021.dat 6 2032  F_UCI 0.0459618
Model_1_goa_re_2021.dat 6 2032  F_Median 0.0459618
Model_1_goa_re_2021.dat 6 2032  F_Mean 0.0459618
Model_1_goa_re_2021.dat 6 2033 F0 0 
Model_1_goa_re_2021.dat 6 2033 Fabc 0.0381281
Model_1_goa_re_2021.dat 6 2033 Fofl 0.0459618
Model_1_goa_re_2021.dat 6 2033  F_LCI 0.0459618
Model_1_goa_re_2021.dat 6 2033  F_UCI 0.0459618
Model_1_goa_re_2021.dat 6 2033  F_Median 0.0459618
Model_1_goa_re_2021.dat 6 2033  F_Mean 0.0459618
Model_1_goa_re_2021.dat 6 2034 F0 0 
Model_1_goa_re_2021.dat 6 2034 Fabc 0.0381281
Model_1_goa_re_2021.dat 6 2034 Fofl 0.0459618
Model_1_goa_re_2021.dat 6 2034  F_LCI 0.0459618
Model_1_goa_re_2021.dat 6 2034  F_UCI 0.0459618
Model_1_goa_re_2021.dat 6 2034  F_Median 0.0459618
Model_1_goa_re_2021.dat 6 2034  F_Mean 0.0459618
Model_1_goa_re_2021.dat 7 2021 Cabc 0.574153
Model_1_goa_re_2021.dat 7 2021 Cofl 0.615453
Model_1_goa_re_2021.dat 7 2021 CLCI 0.407204
Model_1_goa_re_2021.dat 7 2021 CUCI 0.407204
Model_1_goa_re_2021.dat 7 2021 CMedian 0.407204
Model_1_goa_re_2021.dat 7 2021 CMean 0.407204
Model_1_goa_re_2021.dat 7 2022 Cabc 0.574153
Model_1_goa_re_2021.dat 7 2022 Cofl 0.615453
Model_1_goa_re_2021.dat 7 2022 CLCI 0.787452
Model_1_goa_re_2021.dat 7 2022 CUCI 0.787454
Model_1_goa_re_2021.dat 7 2022 CMedian 0.787453
Model_1_goa_re_2021.dat 7 2022 CMean 0.787453
Model_1_goa_re_2021.dat 7 2023 Cabc 0.574153
Model_1_goa_re_2021.dat 7 2023 Cofl 0.615453
Model_1_goa_re_2021.dat 7 2023 CLCI 0.764186
Model_1_goa_re_2021.dat 7 2023 CUCI 0.764193
Model_1_goa_re_2021.dat 7 2023 CMedian 0.764189
Model_1_goa_re_2021.dat 7 2023 CMean 0.764189
Model_1_goa_re_2021.dat 7 2024 Cabc 0.574153
Model_1_goa_re_2021.dat 7 2024 Cofl 0.615453
Model_1_goa_re_2021.dat 7 2024 CLCI 0.898277
Model_1_goa_re_2021.dat 7 2024 CUCI 0.89831
Model_1_goa_re_2021.dat 7 2024 CMedian 0.898289
Model_1_goa_re_2021.dat 7 2024 CMean 0.898291
Model_1_goa_re_2021.dat 7 2025 Cabc 0.574153
Model_1_goa_re_2021.dat 7 2025 Cofl 0.615453
Model_1_goa_re_2021.dat 7 2025 CLCI 0.882202
Model_1_goa_re_2021.dat 7 2025 CUCI 0.882323
Model_1_goa_re_2021.dat 7 2025 CMedian 0.882249
Model_1_goa_re_2021.dat 7 2025 CMean 0.882254
Model_1_goa_re_2021.dat 7 2026 Cabc 0.574153
Model_1_goa_re_2021.dat 7 2026 Cofl 0.615453
Model_1_goa_re_2021.dat 7 2026 CLCI 0.876357
Model_1_goa_re_2021.dat 7 2026 CUCI 0.876747
Model_1_goa_re_2021.dat 7 2026 CMedian 0.876508
Model_1_goa_re_2021.dat 7 2026 CMean 0.876523
Model_1_goa_re_2021.dat 7 2027 Cabc 0.574153
Model_1_goa_re_2021.dat 7 2027 Cofl 0.615453
Model_1_goa_re_2021.dat 7 2027 CLCI 0.844938
Model_1_goa_re_2021.dat 7 2027 CUCI 0.84598
Model_1_goa_re_2021.dat 7 2027 CMedian 0.845339
Model_1_goa_re_2021.dat 7 2027 CMean 0.845383
Model_1_goa_re_2021.dat 7 2028 Cabc 0.574153
Model_1_goa_re_2021.dat 7 2028 Cofl 0.615453
Model_1_goa_re_2021.dat 7 2028 CLCI 0.814974
Model_1_goa_re_2021.dat 7 2028 CUCI 0.81716
Model_1_goa_re_2021.dat 7 2028 CMedian 0.815832
Model_1_goa_re_2021.dat 7 2028 CMean 0.815939
Model_1_goa_re_2021.dat 7 2029 Cabc 0.574153
Model_1_goa_re_2021.dat 7 2029 Cofl 0.615453
Model_1_goa_re_2021.dat 7 2029 CLCI 0.790109
Model_1_goa_re_2021.dat 7 2029 CUCI 0.793745
Model_1_goa_re_2021.dat 7 2029 CMedian 0.791526
Model_1_goa_re_2021.dat 7 2029 CMean 0.79168
Model_1_goa_re_2021.dat 7 2030 Cabc 0.574153
Model_1_goa_re_2021.dat 7 2030 Cofl 0.615453
Model_1_goa_re_2021.dat 7 2030 CLCI 0.768482
Model_1_goa_re_2021.dat 7 2030 CUCI 0.773187
Model_1_goa_re_2021.dat 7 2030 CMedian 0.770513
Model_1_goa_re_2021.dat 7 2030 CMean 0.770645
Model_1_goa_re_2021.dat 7 2031 Cabc 0.574153
Model_1_goa_re_2021.dat 7 2031 Cofl 0.615453
Model_1_goa_re_2021.dat 7 2031 CLCI 0.74872
Model_1_goa_re_2021.dat 7 2031 CUCI 0.754349
Model_1_goa_re_2021.dat 7 2031 CMedian 0.75122
Model_1_goa_re_2021.dat 7 2031 CMean 0.751357
Model_1_goa_re_2021.dat 7 2032 Cabc 0.574153
Model_1_goa_re_2021.dat 7 2032 Cofl 0.615453
Model_1_goa_re_2021.dat 7 2032 CLCI 0.732016
Model_1_goa_re_2021.dat 7 2032 CUCI 0.738509
Model_1_goa_re_2021.dat 7 2032 CMedian 0.734945
Model_1_goa_re_2021.dat 7 2032 CMean 0.735073
Model_1_goa_re_2021.dat 7 2033 Cabc 0.574153
Model_1_goa_re_2021.dat 7 2033 Cofl 0.615453
Model_1_goa_re_2021.dat 7 2033 CLCI 0.717647
Model_1_goa_re_2021.dat 7 2033 CUCI 0.726338
Model_1_goa_re_2021.dat 7 2033 CMedian 0.721463
Model_1_goa_re_2021.dat 7 2033 CMean 0.721548
Model_1_goa_re_2021.dat 7 2034 Cabc 0.574153
Model_1_goa_re_2021.dat 7 2034 Cofl 0.615453
Model_1_goa_re_2021.dat 7 2034 CLCI 0.703811
Model_1_goa_re_2021.dat 7 2034 CUCI 0.719164
Model_1_goa_re_2021.dat 7 2034 CMedian 0.709868
Model_1_goa_re_2021.dat 7 2034 CMean 0.710485
Model_1_goa_re_2021.dat 7 2021 SSBF100 14.7763
Model_1_goa_re_2021.dat 7 2021 SSBFabc 5.91051
Model_1_goa_re_2021.dat 7 2021 SSBFofl 5.1717
Model_1_goa_re_2021.dat 7 2021 SSBLCI 8.68089
Model_1_goa_re_2021.dat 7 2021 SSBUCI 8.68089
Model_1_goa_re_2021.dat 7 2021 SSBMedian 8.68089
Model_1_goa_re_2021.dat 7 2021 SSBMean 8.68089
Model_1_goa_re_2021.dat 7 2022 SSBF100 14.7763
Model_1_goa_re_2021.dat 7 2022 SSBFabc 5.91051
Model_1_goa_re_2021.dat 7 2022 SSBFofl 5.1717
Model_1_goa_re_2021.dat 7 2022 SSBLCI 8.56467
Model_1_goa_re_2021.dat 7 2022 SSBUCI 8.56467
Model_1_goa_re_2021.dat 7 2022 SSBMedian 8.56467
Model_1_goa_re_2021.dat 7 2022 SSBMean 8.56467
Model_1_goa_re_2021.dat 7 2023 SSBF100 14.7763
Model_1_goa_re_2021.dat 7 2023 SSBFabc 5.91051
Model_1_goa_re_2021.dat 7 2023 SSBFofl 5.1717
Model_1_goa_re_2021.dat 7 2023 SSBLCI 8.36898
Model_1_goa_re_2021.dat 7 2023 SSBUCI 8.36898
Model_1_goa_re_2021.dat 7 2023 SSBMedian 8.36898
Model_1_goa_re_2021.dat 7 2023 SSBMean 8.36898
Model_1_goa_re_2021.dat 7 2024 SSBF100 14.7763
Model_1_goa_re_2021.dat 7 2024 SSBFabc 5.91051
Model_1_goa_re_2021.dat 7 2024 SSBFofl 5.1717
Model_1_goa_re_2021.dat 7 2024 SSBLCI 8.15025
Model_1_goa_re_2021.dat 7 2024 SSBUCI 8.15025
Model_1_goa_re_2021.dat 7 2024 SSBMedian 8.15025
Model_1_goa_re_2021.dat 7 2024 SSBMean 8.15025
Model_1_goa_re_2021.dat 7 2025 SSBF100 14.7763
Model_1_goa_re_2021.dat 7 2025 SSBFabc 5.91051
Model_1_goa_re_2021.dat 7 2025 SSBFofl 5.1717
Model_1_goa_re_2021.dat 7 2025 SSBLCI 7.91858
Model_1_goa_re_2021.dat 7 2025 SSBUCI 7.91858
Model_1_goa_re_2021.dat 7 2025 SSBMedian 7.91858
Model_1_goa_re_2021.dat 7 2025 SSBMean 7.91858
Model_1_goa_re_2021.dat 7 2026 SSBF100 14.7763
Model_1_goa_re_2021.dat 7 2026 SSBFabc 5.91051
Model_1_goa_re_2021.dat 7 2026 SSBFofl 5.1717
Model_1_goa_re_2021.dat 7 2026 SSBLCI 7.70001
Model_1_goa_re_2021.dat 7 2026 SSBUCI 7.70022
Model_1_goa_re_2021.dat 7 2026 SSBMedian 7.70008
Model_1_goa_re_2021.dat 7 2026 SSBMean 7.7001
Model_1_goa_re_2021.dat 7 2027 SSBF100 14.7763
Model_1_goa_re_2021.dat 7 2027 SSBFabc 5.91051
Model_1_goa_re_2021.dat 7 2027 SSBFofl 5.1717
Model_1_goa_re_2021.dat 7 2027 SSBLCI 7.48619
Model_1_goa_re_2021.dat 7 2027 SSBUCI 7.48671
Model_1_goa_re_2021.dat 7 2027 SSBMedian 7.48639
Model_1_goa_re_2021.dat 7 2027 SSBMean 7.48642
Model_1_goa_re_2021.dat 7 2028 SSBF100 14.7763
Model_1_goa_re_2021.dat 7 2028 SSBFabc 5.91051
Model_1_goa_re_2021.dat 7 2028 SSBFofl 5.1717
Model_1_goa_re_2021.dat 7 2028 SSBLCI 7.27693
Model_1_goa_re_2021.dat 7 2028 SSBUCI 7.27815
Model_1_goa_re_2021.dat 7 2028 SSBMedian 7.27741
Model_1_goa_re_2021.dat 7 2028 SSBMean 7.27746
Model_1_goa_re_2021.dat 7 2029 SSBF100 14.7763
Model_1_goa_re_2021.dat 7 2029 SSBFabc 5.91051
Model_1_goa_re_2021.dat 7 2029 SSBFofl 5.1717
Model_1_goa_re_2021.dat 7 2029 SSBLCI 7.07373
Model_1_goa_re_2021.dat 7 2029 SSBUCI 7.07718
Model_1_goa_re_2021.dat 7 2029 SSBMedian 7.07506
Model_1_goa_re_2021.dat 7 2029 SSBMean 7.07519
Model_1_goa_re_2021.dat 7 2030 SSBF100 14.7763
Model_1_goa_re_2021.dat 7 2030 SSBFabc 5.91051
Model_1_goa_re_2021.dat 7 2030 SSBFofl 5.1717
Model_1_goa_re_2021.dat 7 2030 SSBLCI 6.87831
Model_1_goa_re_2021.dat 7 2030 SSBUCI 6.88711
Model_1_goa_re_2021.dat 7 2030 SSBMedian 6.88168
Model_1_goa_re_2021.dat 7 2030 SSBMean 6.88207
Model_1_goa_re_2021.dat 7 2031 SSBF100 14.7763
Model_1_goa_re_2021.dat 7 2031 SSBFabc 5.91051
Model_1_goa_re_2021.dat 7 2031 SSBFofl 5.1717
Model_1_goa_re_2021.dat 7 2031 SSBLCI 6.6947
Model_1_goa_re_2021.dat 7 2031 SSBUCI 6.71358
Model_1_goa_re_2021.dat 7 2031 SSBMedian 6.70203
Model_1_goa_re_2021.dat 7 2031 SSBMean 6.70297
Model_1_goa_re_2021.dat 7 2032 SSBF100 14.7763
Model_1_goa_re_2021.dat 7 2032 SSBFabc 5.91051
Model_1_goa_re_2021.dat 7 2032 SSBFofl 5.1717
Model_1_goa_re_2021.dat 7 2032 SSBLCI 6.51666
Model_1_goa_re_2021.dat 7 2032 SSBUCI 6.55434
Model_1_goa_re_2021.dat 7 2032 SSBMedian 6.53128
Model_1_goa_re_2021.dat 7 2032 SSBMean 6.53301
Model_1_goa_re_2021.dat 7 2033 SSBF100 14.7763
Model_1_goa_re_2021.dat 7 2033 SSBFabc 5.91051
Model_1_goa_re_2021.dat 7 2033 SSBFofl 5.1717
Model_1_goa_re_2021.dat 7 2033 SSBLCI 6.35341
Model_1_goa_re_2021.dat 7 2033 SSBUCI 6.42148
Model_1_goa_re_2021.dat 7 2033 SSBMedian 6.37952
Model_1_goa_re_2021.dat 7 2033 SSBMean 6.38279
Model_1_goa_re_2021.dat 7 2034 SSBF100 14.7763
Model_1_goa_re_2021.dat 7 2034 SSBFabc 5.91051
Model_1_goa_re_2021.dat 7 2034 SSBFofl 5.1717
Model_1_goa_re_2021.dat 7 2034 SSBLCI 6.20241
Model_1_goa_re_2021.dat 7 2034 SSBUCI 6.31657
Model_1_goa_re_2021.dat 7 2034 SSBMedian 6.24814
Model_1_goa_re_2021.dat 7 2034 SSBMean 6.25247
Model_1_goa_re_2021.dat 7 2021 F0 0 
Model_1_goa_re_2021.dat 7 2021 Fabc 0.0381281
Model_1_goa_re_2021.dat 7 2021 Fofl 0.0459618
Model_1_goa_re_2021.dat 7 2021  F_LCI 0.0194333
Model_1_goa_re_2021.dat 7 2021  F_UCI 0.0194333
Model_1_goa_re_2021.dat 7 2021  F_Median 0.0194333
Model_1_goa_re_2021.dat 7 2021  F_Mean 0.0194333
Model_1_goa_re_2021.dat 7 2022 F0 0 
Model_1_goa_re_2021.dat 7 2022 Fabc 0.0381281
Model_1_goa_re_2021.dat 7 2022 Fofl 0.0459618
Model_1_goa_re_2021.dat 7 2022  F_LCI 0.0381281
Model_1_goa_re_2021.dat 7 2022  F_UCI 0.0381281
Model_1_goa_re_2021.dat 7 2022  F_Median 0.0381281
Model_1_goa_re_2021.dat 7 2022  F_Mean 0.0381281
Model_1_goa_re_2021.dat 7 2023 F0 0 
Model_1_goa_re_2021.dat 7 2023 Fabc 0.0381281
Model_1_goa_re_2021.dat 7 2023 Fofl 0.0459618
Model_1_goa_re_2021.dat 7 2023  F_LCI 0.0381281
Model_1_goa_re_2021.dat 7 2023  F_UCI 0.0381281
Model_1_goa_re_2021.dat 7 2023  F_Median 0.0381281
Model_1_goa_re_2021.dat 7 2023  F_Mean 0.0381281
Model_1_goa_re_2021.dat 7 2024 F0 0 
Model_1_goa_re_2021.dat 7 2024 Fabc 0.0381281
Model_1_goa_re_2021.dat 7 2024 Fofl 0.0459618
Model_1_goa_re_2021.dat 7 2024  F_LCI 0.0459617
Model_1_goa_re_2021.dat 7 2024  F_UCI 0.0459617
Model_1_goa_re_2021.dat 7 2024  F_Median 0.0459617
Model_1_goa_re_2021.dat 7 2024  F_Mean 0.0459617
Model_1_goa_re_2021.dat 7 2025 F0 0 
Model_1_goa_re_2021.dat 7 2025 Fabc 0.0381281
Model_1_goa_re_2021.dat 7 2025 Fofl 0.0459618
Model_1_goa_re_2021.dat 7 2025  F_LCI 0.0459618
Model_1_goa_re_2021.dat 7 2025  F_UCI 0.0459618
Model_1_goa_re_2021.dat 7 2025  F_Median 0.0459618
Model_1_goa_re_2021.dat 7 2025  F_Mean 0.0459618
Model_1_goa_re_2021.dat 7 2026 F0 0 
Model_1_goa_re_2021.dat 7 2026 Fabc 0.0381281
Model_1_goa_re_2021.dat 7 2026 Fofl 0.0459618
Model_1_goa_re_2021.dat 7 2026  F_LCI 0.0459618
Model_1_goa_re_2021.dat 7 2026  F_UCI 0.0459618
Model_1_goa_re_2021.dat 7 2026  F_Median 0.0459618
Model_1_goa_re_2021.dat 7 2026  F_Mean 0.0459618
Model_1_goa_re_2021.dat 7 2027 F0 0 
Model_1_goa_re_2021.dat 7 2027 Fabc 0.0381281
Model_1_goa_re_2021.dat 7 2027 Fofl 0.0459618
Model_1_goa_re_2021.dat 7 2027  F_LCI 0.0459618
Model_1_goa_re_2021.dat 7 2027  F_UCI 0.0459618
Model_1_goa_re_2021.dat 7 2027  F_Median 0.0459618
Model_1_goa_re_2021.dat 7 2027  F_Mean 0.0459618
Model_1_goa_re_2021.dat 7 2028 F0 0 
Model_1_goa_re_2021.dat 7 2028 Fabc 0.0381281
Model_1_goa_re_2021.dat 7 2028 Fofl 0.0459618
Model_1_goa_re_2021.dat 7 2028  F_LCI 0.0459618
Model_1_goa_re_2021.dat 7 2028  F_UCI 0.0459618
Model_1_goa_re_2021.dat 7 2028  F_Median 0.0459618
Model_1_goa_re_2021.dat 7 2028  F_Mean 0.0459618
Model_1_goa_re_2021.dat 7 2029 F0 0 
Model_1_goa_re_2021.dat 7 2029 Fabc 0.0381281
Model_1_goa_re_2021.dat 7 2029 Fofl 0.0459618
Model_1_goa_re_2021.dat 7 2029  F_LCI 0.0459618
Model_1_goa_re_2021.dat 7 2029  F_UCI 0.0459618
Model_1_goa_re_2021.dat 7 2029  F_Median 0.0459618
Model_1_goa_re_2021.dat 7 2029  F_Mean 0.0459618
Model_1_goa_re_2021.dat 7 2030 F0 0 
Model_1_goa_re_2021.dat 7 2030 Fabc 0.0381281
Model_1_goa_re_2021.dat 7 2030 Fofl 0.0459618
Model_1_goa_re_2021.dat 7 2030  F_LCI 0.0459618
Model_1_goa_re_2021.dat 7 2030  F_UCI 0.0459618
Model_1_goa_re_2021.dat 7 2030  F_Median 0.0459618
Model_1_goa_re_2021.dat 7 2030  F_Mean 0.0459618
Model_1_goa_re_2021.dat 7 2031 F0 0 
Model_1_goa_re_2021.dat 7 2031 Fabc 0.0381281
Model_1_goa_re_2021.dat 7 2031 Fofl 0.0459618
Model_1_goa_re_2021.dat 7 2031  F_LCI 0.0459618
Model_1_goa_re_2021.dat 7 2031  F_UCI 0.0459618
Model_1_goa_re_2021.dat 7 2031  F_Median 0.0459618
Model_1_goa_re_2021.dat 7 2031  F_Mean 0.0459618
Model_1_goa_re_2021.dat 7 2032 F0 0 
Model_1_goa_re_2021.dat 7 2032 Fabc 0.0381281
Model_1_goa_re_2021.dat 7 2032 Fofl 0.0459618
Model_1_goa_re_2021.dat 7 2032  F_LCI 0.0459618
Model_1_goa_re_2021.dat 7 2032  F_UCI 0.0459618
Model_1_goa_re_2021.dat 7 2032  F_Median 0.0459618
Model_1_goa_re_2021.dat 7 2032  F_Mean 0.0459618
Model_1_goa_re_2021.dat 7 2033 F0 0 
Model_1_goa_re_2021.dat 7 2033 Fabc 0.0381281
Model_1_goa_re_2021.dat 7 2033 Fofl 0.0459618
Model_1_goa_re_2021.dat 7 2033  F_LCI 0.0459618
Model_1_goa_re_2021.dat 7 2033  F_UCI 0.0459618
Model_1_goa_re_2021.dat 7 2033  F_Median 0.0459618
Model_1_goa_re_2021.dat 7 2033  F_Mean 0.0459618
Model_1_goa_re_2021.dat 7 2034 F0 0 
Model_1_goa_re_2021.dat 7 2034 Fabc 0.0381281
Model_1_goa_re_2021.dat 7 2034 Fofl 0.0459618
Model_1_goa_re_2021.dat 7 2034  F_LCI 0.0459618
Model_1_goa_re_2021.dat 7 2034  F_UCI 0.0459618
Model_1_goa_re_2021.dat 7 2034  F_Median 0.0459618
Model_1_goa_re_2021.dat 7 2034  F_Mean 0.0459618
