Alternative 1 Catch
     Model_1_goa_re_2019.dat 
Equil_Fabc 0.840752 
Year 
2019 0.790419 
2020 0.418805 
2021 1.20859 
2022 1.19402 
2023 1.16436 
2024 1.14893 
2025 1.15082 
2026 1.17607 
2027 1.14488 
2028 1.11525 
2029 1.09361 
2030 1.07416 
2031 1.05278 
2032 1.03357 

Alternative 1 ABCs
     Model_1_goa_re_2019.dat 

Year 
2019  NA 
2020  NA 
2021 1.20859 
2022 1.19402 
2023 1.16436 
2024 1.14893 
2025 1.15082 
2026 1.17607 
2027 1.14488 
2028 1.11525 
2029 1.09361 
2030 1.07416 
2031 1.05278 
2032 1.03357 

Alternative 1 TACs
     Model_1_goa_re_2019.dat 

Year 
2019  NA 
2020  NA 
2021 1.20859 
2022 1.19402 
2023 1.16436 
2024 1.14893 
2025 1.15082 
2026 1.17607 
2027 1.14488 
2028 1.11525 
2029 1.09361 
2030 1.07416 
2031 1.05278 
2032 1.03357 

Alternative 1 Sp_Biomass
     Model_1_goa_re_2019.dat 
Equil_Fabc 8.26323 
Year 
2019 12.477 
2020 12.4609 
2021 12.3959 
2022 12.1687 
2023 11.9719 
2024 11.788 
2025 11.6415 
2026 11.5075 
2027 11.3666 
2028 11.2165 
2029 11.0554 
2030 10.8904 
2031 10.7278 
2032 10.5522 

Alternative 1 Fishing Mortality
     Model_1_goa_re_2019.dat 
Equil_Fabc 0.0399647 
Year 
2019 0.0258654 
2020 0.0137612 
2021 0.0399647 
2022 0.0399647 
2023 0.0399647 
2024 0.0399647 
2025 0.0399647 
2026 0.0399647 
2027 0.0399647 
2028 0.0399647 
2029 0.0399647 
2030 0.0399647 
2031 0.0399647 
2032 0.0399647 

Alternative 1 Biomass
     Model_1_goa_re_2019.dat 

Year 
2019 40.2895 
2020 40.135 
2021 40.34 
2022 39.7355 
2023 39.1467 
2024 38.5896 
2025 38.0504 
2026 37.517 
2027 36.9641 
2028 36.4506 
2029 35.9739 
2030 35.5308 
2031 35.1179 
2032 34.7361 

Alternative 1 Implied SPR rate 
     Model_1_goa_re_2019.dat 
Equil_Fabc 0.4 
Year 
2019 0.519169 
2020 0.679379 
2021 0.4 
2022 0.4 
2023 0.4 
2024 0.4 
2025 0.4 
2026 0.4 
2027 0.4 
2028 0.4 
2029 0.4 
2030 0.4 
2031 0.4 
2032 0.4 

  Model_1_goa_re_2019.dat 
EquilAvgAgeF0  23.6246 
EquilAvgAgeFabc  15.0231 
AvgAgeYr2032 17.1817 
Alternative 2 Catch
     Model_1_goa_re_2019.dat 
Equil_Fabc 0.840752 
Year 
2019 0.790419 
2020 0.418805 
2021 0.618477 
2022 0.622468 
2023 0.618126 
2024 0.620379 
2025 0.631 
2026 0.653464 
2027 0.64663 
2028 0.639886 
2029 0.636605 
2030 0.633879 
2031 0.6296 
2032 0.625891 

Alternative 2 ABCs
     Model_1_goa_re_2019.dat 

Year 
2019  NA 
2020  NA 
2021 0.618477 
2022 0.622468 
2023 0.618126 
2024 0.620379 
2025 0.631 
2026 0.653464 
2027 0.64663 
2028 0.639886 
2029 0.636605 
2030 0.633879 
2031 0.6296 
2032 0.625891 

Alternative 2 TACs
     Model_1_goa_re_2019.dat 

Year 
2019  NA 
2020  NA 
2021 0.618477 
2022 0.622468 
2023 0.618126 
2024 0.620379 
2025 0.631 
2026 0.653464 
2027 0.64663 
2028 0.639886 
2029 0.636605 
2030 0.633879 
2031 0.6296 
2032 0.625891 

Alternative 2 Sp_Biomass
     Model_1_goa_re_2019.dat 
Equil_Fabc 8.26323 
Year 
2019 12.477 
2020 12.4609 
2021 12.496 
2022 12.5025 
2023 12.5313 
2024 12.5629 
2025 12.6238 
2026 12.691 
2027 12.7447 
2028 12.7797 
2029 12.7934 
2030 12.7932 
2031 12.7853 
2032 12.7497 

Alternative 2 Fishing Mortality
     Model_1_goa_re_2019.dat 
Equil_Fabc 0.0399647 
Year 
2019 0.0258654 
2020 0.0137612 
2021 0.0202581 
2022 0.0202581 
2023 0.0202581 
2024 0.0202581 
2025 0.0202581 
2026 0.0202581 
2027 0.0202581 
2028 0.0202581 
2029 0.0202581 
2030 0.0202581 
2031 0.0202581 
2032 0.0202581 

Alternative 2 Biomass
     Model_1_goa_re_2019.dat 

Year 
2019 40.2895 
2020 40.135 
2021 40.34 
2022 40.3256 
2023 40.297 
2024 40.2631 
2025 40.2178 
2026 40.1587 
2027 40.0722 
2028 39.9898 
2029 39.9097 
2030 39.8337 
2031 39.7605 
2032 39.6912 

Alternative 2 Implied SPR rate 
     Model_1_goa_re_2019.dat 
Equil_Fabc 0.4 
Year 
2019 0.519169 
2020 0.679379 
2021 0.584368 
2022 0.584368 
2023 0.584368 
2024 0.584368 
2025 0.584368 
2026 0.584368 
2027 0.584368 
2028 0.584368 
2029 0.584368 
2030 0.584368 
2031 0.584368 
2032 0.584368 

  Model_1_goa_re_2019.dat 
EquilAvgAgeF0  23.6246 
EquilAvgAgeFabc  15.0231 
AvgAgeYr2032 18.5127 
Alternative 3 Catch
     Model_1_goa_re_2019.dat 
Equil_Fabc 0.840752 
Year 
2019 0.790419 
2020 0.418805 
2021 0.61014 
2022 0.614236 
2023 0.610106 
2024 0.612477 
2025 0.623097 
2026 0.645402 
2027 0.6388 
2028 0.632278 
2029 0.629166 
2030 0.626595 
2031 0.622485 
2032 0.61893 

Alternative 3 ABCs
     Model_1_goa_re_2019.dat 

Year 
2019  NA 
2020  NA 
2021 0.61014 
2022 0.614236 
2023 0.610106 
2024 0.612477 
2025 0.623097 
2026 0.645402 
2027 0.6388 
2028 0.632278 
2029 0.629166 
2030 0.626595 
2031 0.622485 
2032 0.61893 

Alternative 3 TACs
     Model_1_goa_re_2019.dat 

Year 
2019  NA 
2020  NA 
2021 0.61014 
2022 0.614236 
2023 0.610106 
2024 0.612477 
2025 0.623097 
2026 0.645402 
2027 0.6388 
2028 0.632278 
2029 0.629166 
2030 0.626595 
2031 0.622485 
2032 0.61893 

Alternative 3 Sp_Biomass
     Model_1_goa_re_2019.dat 
Equil_Fabc 8.26323 
Year 
2019 12.477 
2020 12.4609 
2021 12.4974 
2022 12.5072 
2023 12.5394 
2024 12.5741 
2025 12.6382 
2026 12.7084 
2027 12.7652 
2028 12.8032 
2029 12.8197 
2030 12.8222 
2031 12.817 
2032 12.7838 

Alternative 3 Fishing Mortality
     Model_1_goa_re_2019.dat 
Equil_Fabc 0.0399647 
Year 
2019 0.0258654 
2020 0.0137612 
2021 0.0199823 
2022 0.0199823 
2023 0.0199823 
2024 0.0199823 
2025 0.0199823 
2026 0.0199823 
2027 0.0199823 
2028 0.0199823 
2029 0.0199823 
2030 0.0199823 
2031 0.0199823 
2032 0.0199823 

Alternative 3 Biomass
     Model_1_goa_re_2019.dat 

Year 
2019 40.2895 
2020 40.135 
2021 40.34 
2022 40.3339 
2023 40.3134 
2024 40.2872 
2025 40.2493 
2026 40.1974 
2027 40.1182 
2028 40.0426 
2029 39.9689 
2030 39.899 
2031 39.8315 
2032 39.7676 

Alternative 3 Implied SPR rate 
     Model_1_goa_re_2019.dat 
Equil_Fabc 0.4 
Year 
2019 0.519169 
2020 0.679379 
2021 0.587931 
2022 0.587931 
2023 0.587931 
2024 0.587931 
2025 0.587931 
2026 0.587931 
2027 0.587931 
2028 0.587931 
2029 0.587931 
2030 0.587931 
2031 0.587931 
2032 0.587931 

  Model_1_goa_re_2019.dat 
EquilAvgAgeF0  23.6246 
EquilAvgAgeFabc  15.0231 
AvgAgeYr2032 18.5318 
Alternative 4 Catch
     Model_1_goa_re_2019.dat 
Equil_Fabc 0.840752 
Year 
2019 0.790419 
2020 0.418805 
2021 0.608503 
2022 0.612619 
2023 0.608531 
2024 0.610924 
2025 0.621544 
2026 0.643817 
2027 0.63726 
2028 0.630782 
2029 0.627702 
2030 0.625161 
2031 0.621084 
2032 0.617559 

Alternative 4 ABCs
     Model_1_goa_re_2019.dat 

Year 
2019  NA 
2020  NA 
2021 0.608503 
2022 0.612619 
2023 0.608531 
2024 0.610924 
2025 0.621544 
2026 0.643817 
2027 0.63726 
2028 0.630782 
2029 0.627702 
2030 0.625161 
2031 0.621084 
2032 0.617559 

Alternative 4 TACs
     Model_1_goa_re_2019.dat 

Year 
2019  NA 
2020  NA 
2021 0.608503 
2022 0.612619 
2023 0.608531 
2024 0.610924 
2025 0.621544 
2026 0.643817 
2027 0.63726 
2028 0.630782 
2029 0.627702 
2030 0.625161 
2031 0.621084 
2032 0.617559 

Alternative 4 Sp_Biomass
     Model_1_goa_re_2019.dat 
Equil_Fabc 8.26323 
Year 
2019 12.477 
2020 12.4609 
2021 12.4977 
2022 12.5081 
2023 12.5409 
2024 12.5763 
2025 12.641 
2026 12.7118 
2027 12.7692 
2028 12.8078 
2029 12.8249 
2030 12.8279 
2031 12.8232 
2032 12.7905 

Alternative 4 Fishing Mortality
     Model_1_goa_re_2019.dat 
Equil_Fabc 0.0399647 
Year 
2019 0.0258654 
2020 0.0137612 
2021 0.0199282 
2022 0.0199282 
2023 0.0199282 
2024 0.0199282 
2025 0.0199282 
2026 0.0199282 
2027 0.0199282 
2028 0.0199282 
2029 0.0199282 
2030 0.0199282 
2031 0.0199282 
2032 0.0199282 

Alternative 4 Biomass
     Model_1_goa_re_2019.dat 

Year 
2019 40.2895 
2020 40.135 
2021 40.34 
2022 40.3355 
2023 40.3166 
2024 40.2919 
2025 40.2555 
2026 40.205 
2027 40.1272 
2028 40.053 
2029 39.9805 
2030 39.9119 
2031 39.8455 
2032 39.7826 

Alternative 4 Implied SPR rate 
     Model_1_goa_re_2019.dat 
Equil_Fabc 0.4 
Year 
2019 0.519169 
2020 0.679379 
2021 0.588634 
2022 0.588634 
2023 0.588634 
2024 0.588634 
2025 0.588634 
2026 0.588634 
2027 0.588634 
2028 0.588634 
2029 0.588634 
2030 0.588634 
2031 0.588634 
2032 0.588634 

  Model_1_goa_re_2019.dat 
EquilAvgAgeF0  23.6246 
EquilAvgAgeFabc  15.0231 
AvgAgeYr2032 18.5356 
Alternative 5 Catch
     Model_1_goa_re_2019.dat 
Equil_Fabc 0.840752 
Year 
2019 0.790419 
2020 0.418805 
2021  NA 
2022  NA 
2023  NA 
2024  NA 
2025  NA 
2026  NA 
2027  NA 
2028  NA 
2029  NA 
2030  NA 
2031  NA 
2032  NA 

Alternative 5 ABCs
     Model_1_goa_re_2019.dat 

Year 
2019  NA 
2020  NA 
2021  NA 
2022  NA 
2023  NA 
2024  NA 
2025  NA 
2026  NA 
2027  NA 
2028  NA 
2029  NA 
2030  NA 
2031  NA 
2032  NA 

Alternative 5 TACs
     Model_1_goa_re_2019.dat 

Year 
2019  NA 
2020  NA 
2021  NA 
2022  NA 
2023  NA 
2024  NA 
2025  NA 
2026  NA 
2027  NA 
2028  NA 
2029  NA 
2030  NA 
2031  NA 
2032  NA 

Alternative 5 Sp_Biomass
     Model_1_goa_re_2019.dat 
Equil_Fabc 8.26323 
Year 
2019 12.477 
2020 12.4609 
2021 12.5997 
2022 12.8553 
2023 13.1345 
2024 13.4149 
2025 13.7249 
2026 14.0424 
2027 14.3474 
2028 14.6309 
2029 14.8885 
2030 15.1274 
2031 15.3534 
2032 15.5397 

Alternative 5 Fishing Mortality
     Model_1_goa_re_2019.dat 
Equil_Fabc 0.0399647 
Year 
2019 0.0258654 
2020 0.0137612 
2021  NA 
2022  NA 
2023  NA 
2024  NA 
2025  NA 
2026  NA 
2027  NA 
2028  NA 
2029  NA 
2030  NA 
2031  NA 
2032  NA 

Alternative 5 Biomass
     Model_1_goa_re_2019.dat 

Year 
2019 40.2895 
2020 40.135 
2021 40.34 
2022 40.944 
2023 41.526 
2024 42.0854 
2025 42.6224 
2026 43.1427 
2027 43.6451 
2028 44.1302 
2029 44.5955 
2030 45.0462 
2031 45.4815 
2032 45.9011 

Alternative 5 Implied SPR rate 
     Model_1_goa_re_2019.dat 
Equil_Fabc 0.4 
Year 
2019 0.519169 
2020 0.679379 
2021 1 
2022 1 
2023 1 
2024 1 
2025 1 
2026 1 
2027 1 
2028 1 
2029 1 
2030 1 
2031 1 
2032 1 

  Model_1_goa_re_2019.dat 
EquilAvgAgeF0  23.6246 
EquilAvgAgeFabc  15.0231 
AvgAgeYr2032 19.9482 
Alternative 6 Catch
     Model_1_goa_re_2019.dat 
Equil_Fabc 0.840752 
Year 
2019 0.790419 
2020 1.44295 
2021 1.40562 
2022 1.37992 
2023 1.33695 
2024 1.31183 
2025 1.30801 
2026 1.33236 
2027 1.28952 
2028 1.24927 
2029 1.21923 
2030 1.19234 
2031 1.16361 
2032 1.13796 

Alternative 6 ABCs
     Model_1_goa_re_2019.dat 

Year 
2019 1.45735 
2020 1.44295 
2021 1.40562 
2022 1.37992 
2023 1.33695 
2024 1.31183 
2025 1.30801 
2026 1.33236 
2027 1.28952 
2028 1.24927 
2029 1.21923 
2030 1.19234 
2031 1.16361 
2032 1.13796 

Alternative 6 TACs
     Model_1_goa_re_2019.dat 

Year 
2019  NA 
2020 1.44295 
2021 1.40562 
2022 1.37992 
2023 1.33695 
2024 1.31183 
2025 1.30801 
2026 1.33236 
2027 1.28952 
2028 1.24927 
2029 1.21923 
2030 1.19234 
2031 1.16361 
2032 1.13796 

Alternative 6 Sp_Biomass
     Model_1_goa_re_2019.dat 
Equil_Fabc 8.26323 
Year 
2019 12.477 
2020 12.2869 
2021 11.95 
2022 11.6458 
2023 11.3785 
2024 11.1315 
2025 10.927 
2026 10.7394 
2027 10.549 
2028 10.3544 
2029 10.1536 
2030 9.95368 
2031 9.76022 
2032 9.55903 

Alternative 6 Fishing Mortality
     Model_1_goa_re_2019.dat 
Equil_Fabc 0.0399647 
Year 
2019 0.0258654 
2020 0.048207 
2021 0.048207 
2022 0.048207 
2023 0.048207 
2024 0.048207 
2025 0.048207 
2026 0.048207 
2027 0.048207 
2028 0.048207 
2029 0.048207 
2030 0.048207 
2031 0.048207 
2032 0.048207 

Alternative 6 Biomass
     Model_1_goa_re_2019.dat 

Year 
2019 40.2895 
2020 40.135 
2021 39.3161 
2022 38.5344 
2023 37.7843 
2024 37.0838 
2025 36.4149 
2026 35.7613 
2027 35.0922 
2028 34.4773 
2029 33.9132 
2030 33.394 
2031 32.9148 
2032 32.4766 

Alternative 6 Implied SPR rate 
     Model_1_goa_re_2019.dat 
Equil_Fabc 0.4 
Year 
2019 0.519169 
2020 0.35 
2021 0.35 
2022 0.35 
2023 0.35 
2024 0.35 
2025 0.35 
2026 0.35 
2027 0.35 
2028 0.35 
2029 0.35 
2030 0.35 
2031 0.35 
2032 0.35 

  Model_1_goa_re_2019.dat 
EquilAvgAgeF0  23.6246 
EquilAvgAgeFabc  15.0231 
AvgAgeYr2032 16.4851 
Alternative 7 Catch
     Model_1_goa_re_2019.dat 
Equil_Fabc 0.840752 
Year 
2019 0.790419 
2020 1.20099 
2021 1.17905 
2022 1.40101 
2023 1.35667 
2024 1.33026 
2025 1.32525 
2026 1.34849 
2027 1.30454 
2028 1.26321 
2029 1.23217 
2030 1.20433 
2031 1.17471 
2032 1.14822 

Alternative 7 ABCs
     Model_1_goa_re_2019.dat 

Year 
2019 1.45735 
2020 1.44295 
2021 1.4166 
2022 1.40101 
2023 1.35667 
2024 1.33026 
2025 1.32525 
2026 1.34849 
2027 1.30454 
2028 1.26321 
2029 1.23217 
2030 1.20433 
2031 1.17471 
2032 1.14822 

Alternative 7 TACs
     Model_1_goa_re_2019.dat 

Year 
2019  NA 
2020 1.44295 
2021 1.4166 
2022 1.40101 
2023 1.35667 
2024 1.33026 
2025 1.32525 
2026 1.34849 
2027 1.30454 
2028 1.26321 
2029 1.23217 
2030 1.20433 
2031 1.17471 
2032 1.14822 

Alternative 7 Sp_Biomass
     Model_1_goa_re_2019.dat 
Equil_Fabc 8.26323 
Year 
2019 12.477 
2020 12.3283 
2021 12.086 
2022 11.8305 
2023 11.5547 
2024 11.2986 
2025 11.085 
2026 10.8883 
2027 10.6889 
2028 10.4853 
2029 10.2758 
2030 10.0673 
2031 9.86569 
2032 9.65674 

Alternative 7 Fishing Mortality
     Model_1_goa_re_2019.dat 
Equil_Fabc 0.0399647 
Year 
2019 0.0258654 
2020 0.0399646 
2021 0.0399647 
2022 0.048207 
2023 0.048207 
2024 0.048207 
2025 0.048207 
2026 0.048207 
2027 0.048207 
2028 0.048207 
2029 0.048207 
2030 0.048207 
2031 0.048207 
2032 0.048207 

Alternative 7 Biomass
     Model_1_goa_re_2019.dat 

Year 
2019 40.2895 
2020 40.135 
2021 39.558 
2022 38.9982 
2023 38.2177 
2024 37.4882 
2025 36.7917 
2026 36.1119 
2027 35.4178 
2028 34.7795 
2029 34.1933 
2030 33.6533 
2031 33.1548 
2032 32.6985 

Alternative 7 Implied SPR rate 
     Model_1_goa_re_2019.dat 
Equil_Fabc 0.4 
Year 
2019 0.519169 
2020 0.4 
2021 0.4 
2022 0.35 
2023 0.35 
2024 0.35 
2025 0.35 
2026 0.35 
2027 0.35 
2028 0.35 
2029 0.35 
2030 0.35 
2031 0.35 
2032 0.35 

  Model_1_goa_re_2019.dat 
EquilAvgAgeF0  23.6246 
EquilAvgAgeFabc  15.0231 
AvgAgeYr2032 16.5641 
