Model_1_goa_re_2019.dat 1 2019 Cabc 0.840752
Model_1_goa_re_2019.dat 1 2019 Cofl 0.901601
Model_1_goa_re_2019.dat 1 2019 CLCI 0.790419
Model_1_goa_re_2019.dat 1 2019 CUCI 0.790419
Model_1_goa_re_2019.dat 1 2019 CMedian 0.790419
Model_1_goa_re_2019.dat 1 2019 CMean 0.790419
Model_1_goa_re_2019.dat 1 2020 Cabc 0.840752
Model_1_goa_re_2019.dat 1 2020 Cofl 0.901601
Model_1_goa_re_2019.dat 1 2020 CLCI 0.418805
Model_1_goa_re_2019.dat 1 2020 CUCI 0.418805
Model_1_goa_re_2019.dat 1 2020 CMedian 0.418805
Model_1_goa_re_2019.dat 1 2020 CMean 0.418805
Model_1_goa_re_2019.dat 1 2021 Cabc 0.840752
Model_1_goa_re_2019.dat 1 2021 Cofl 0.901601
Model_1_goa_re_2019.dat 1 2021 CLCI 1.20859
Model_1_goa_re_2019.dat 1 2021 CUCI 1.2086
Model_1_goa_re_2019.dat 1 2021 CMedian 1.20859
Model_1_goa_re_2019.dat 1 2021 CMean 1.20859
Model_1_goa_re_2019.dat 1 2022 Cabc 0.840752
Model_1_goa_re_2019.dat 1 2022 Cofl 0.901601
Model_1_goa_re_2019.dat 1 2022 CLCI 1.19401
Model_1_goa_re_2019.dat 1 2022 CUCI 1.19404
Model_1_goa_re_2019.dat 1 2022 CMedian 1.19402
Model_1_goa_re_2019.dat 1 2022 CMean 1.19402
Model_1_goa_re_2019.dat 1 2023 Cabc 0.840752
Model_1_goa_re_2019.dat 1 2023 Cofl 0.901601
Model_1_goa_re_2019.dat 1 2023 CLCI 1.1643
Model_1_goa_re_2019.dat 1 2023 CUCI 1.16443
Model_1_goa_re_2019.dat 1 2023 CMedian 1.16435
Model_1_goa_re_2019.dat 1 2023 CMean 1.16436
Model_1_goa_re_2019.dat 1 2024 Cabc 0.840752
Model_1_goa_re_2019.dat 1 2024 Cofl 0.901601
Model_1_goa_re_2019.dat 1 2024 CLCI 1.14876
Model_1_goa_re_2019.dat 1 2024 CUCI 1.14917
Model_1_goa_re_2019.dat 1 2024 CMedian 1.14891
Model_1_goa_re_2019.dat 1 2024 CMean 1.14893
Model_1_goa_re_2019.dat 1 2025 Cabc 0.840752
Model_1_goa_re_2019.dat 1 2025 Cofl 0.901601
Model_1_goa_re_2019.dat 1 2025 CLCI 1.15039
Model_1_goa_re_2019.dat 1 2025 CUCI 1.15144
Model_1_goa_re_2019.dat 1 2025 CMedian 1.15077
Model_1_goa_re_2019.dat 1 2025 CMean 1.15082
Model_1_goa_re_2019.dat 1 2026 Cabc 0.840752
Model_1_goa_re_2019.dat 1 2026 Cofl 0.901601
Model_1_goa_re_2019.dat 1 2026 CLCI 1.17514
Model_1_goa_re_2019.dat 1 2026 CUCI 1.17734
Model_1_goa_re_2019.dat 1 2026 CMedian 1.17597
Model_1_goa_re_2019.dat 1 2026 CMean 1.17607
Model_1_goa_re_2019.dat 1 2027 Cabc 0.840752
Model_1_goa_re_2019.dat 1 2027 Cofl 0.901601
Model_1_goa_re_2019.dat 1 2027 CLCI 1.14334
Model_1_goa_re_2019.dat 1 2027 CUCI 1.14702
Model_1_goa_re_2019.dat 1 2027 CMedian 1.14472
Model_1_goa_re_2019.dat 1 2027 CMean 1.14488
Model_1_goa_re_2019.dat 1 2028 Cabc 0.840752
Model_1_goa_re_2019.dat 1 2028 Cofl 0.901601
Model_1_goa_re_2019.dat 1 2028 CLCI 1.11302
Model_1_goa_re_2019.dat 1 2028 CUCI 1.11802
Model_1_goa_re_2019.dat 1 2028 CMedian 1.11508
Model_1_goa_re_2019.dat 1 2028 CMean 1.11525
Model_1_goa_re_2019.dat 1 2029 Cabc 0.840752
Model_1_goa_re_2019.dat 1 2029 Cofl 0.901601
Model_1_goa_re_2019.dat 1 2029 CLCI 1.09094
Model_1_goa_re_2019.dat 1 2029 CUCI 1.09677
Model_1_goa_re_2019.dat 1 2029 CMedian 1.09342
Model_1_goa_re_2019.dat 1 2029 CMean 1.09361
Model_1_goa_re_2019.dat 1 2030 Cabc 0.840752
Model_1_goa_re_2019.dat 1 2030 Cofl 0.901601
Model_1_goa_re_2019.dat 1 2030 CLCI 1.07091
Model_1_goa_re_2019.dat 1 2030 CUCI 1.07801
Model_1_goa_re_2019.dat 1 2030 CMedian 1.07395
Model_1_goa_re_2019.dat 1 2030 CMean 1.07416
Model_1_goa_re_2019.dat 1 2031 Cabc 0.840752
Model_1_goa_re_2019.dat 1 2031 Cofl 0.901601
Model_1_goa_re_2019.dat 1 2031 CLCI 1.04857
Model_1_goa_re_2019.dat 1 2031 CUCI 1.05847
Model_1_goa_re_2019.dat 1 2031 CMedian 1.05256
Model_1_goa_re_2019.dat 1 2031 CMean 1.05278
Model_1_goa_re_2019.dat 1 2032 Cabc 0.840752
Model_1_goa_re_2019.dat 1 2032 Cofl 0.901601
Model_1_goa_re_2019.dat 1 2032 CLCI 1.02577
Model_1_goa_re_2019.dat 1 2032 CUCI 1.04473
Model_1_goa_re_2019.dat 1 2032 CMedian 1.03259
Model_1_goa_re_2019.dat 1 2032 CMean 1.03357
Model_1_goa_re_2019.dat 1 2019 SSBF100 20.6581
Model_1_goa_re_2019.dat 1 2019 SSBFabc 8.26323
Model_1_goa_re_2019.dat 1 2019 SSBFofl 7.23033
Model_1_goa_re_2019.dat 1 2019 SSBLCI 12.477
Model_1_goa_re_2019.dat 1 2019 SSBUCI 12.477
Model_1_goa_re_2019.dat 1 2019 SSBMedian 12.477
Model_1_goa_re_2019.dat 1 2019 SSBMean 12.477
Model_1_goa_re_2019.dat 1 2020 SSBF100 20.6581
Model_1_goa_re_2019.dat 1 2020 SSBFabc 8.26323
Model_1_goa_re_2019.dat 1 2020 SSBFofl 7.23033
Model_1_goa_re_2019.dat 1 2020 SSBLCI 12.4609
Model_1_goa_re_2019.dat 1 2020 SSBUCI 12.4609
Model_1_goa_re_2019.dat 1 2020 SSBMedian 12.4609
Model_1_goa_re_2019.dat 1 2020 SSBMean 12.4609
Model_1_goa_re_2019.dat 1 2021 SSBF100 20.6581
Model_1_goa_re_2019.dat 1 2021 SSBFabc 8.26323
Model_1_goa_re_2019.dat 1 2021 SSBFofl 7.23033
Model_1_goa_re_2019.dat 1 2021 SSBLCI 12.3959
Model_1_goa_re_2019.dat 1 2021 SSBUCI 12.3959
Model_1_goa_re_2019.dat 1 2021 SSBMedian 12.3959
Model_1_goa_re_2019.dat 1 2021 SSBMean 12.3959
Model_1_goa_re_2019.dat 1 2022 SSBF100 20.6581
Model_1_goa_re_2019.dat 1 2022 SSBFabc 8.26323
Model_1_goa_re_2019.dat 1 2022 SSBFofl 7.23033
Model_1_goa_re_2019.dat 1 2022 SSBLCI 12.1687
Model_1_goa_re_2019.dat 1 2022 SSBUCI 12.1687
Model_1_goa_re_2019.dat 1 2022 SSBMedian 12.1687
Model_1_goa_re_2019.dat 1 2022 SSBMean 12.1687
Model_1_goa_re_2019.dat 1 2023 SSBF100 20.6581
Model_1_goa_re_2019.dat 1 2023 SSBFabc 8.26323
Model_1_goa_re_2019.dat 1 2023 SSBFofl 7.23033
Model_1_goa_re_2019.dat 1 2023 SSBLCI 11.9719
Model_1_goa_re_2019.dat 1 2023 SSBUCI 11.9719
Model_1_goa_re_2019.dat 1 2023 SSBMedian 11.9719
Model_1_goa_re_2019.dat 1 2023 SSBMean 11.9719
Model_1_goa_re_2019.dat 1 2024 SSBF100 20.6581
Model_1_goa_re_2019.dat 1 2024 SSBFabc 8.26323
Model_1_goa_re_2019.dat 1 2024 SSBFofl 7.23033
Model_1_goa_re_2019.dat 1 2024 SSBLCI 11.7879
Model_1_goa_re_2019.dat 1 2024 SSBUCI 11.7882
Model_1_goa_re_2019.dat 1 2024 SSBMedian 11.788
Model_1_goa_re_2019.dat 1 2024 SSBMean 11.788
Model_1_goa_re_2019.dat 1 2025 SSBF100 20.6581
Model_1_goa_re_2019.dat 1 2025 SSBFabc 8.26323
Model_1_goa_re_2019.dat 1 2025 SSBFofl 7.23033
Model_1_goa_re_2019.dat 1 2025 SSBLCI 11.6411
Model_1_goa_re_2019.dat 1 2025 SSBUCI 11.642
Model_1_goa_re_2019.dat 1 2025 SSBMedian 11.6414
Model_1_goa_re_2019.dat 1 2025 SSBMean 11.6415
Model_1_goa_re_2019.dat 1 2026 SSBF100 20.6581
Model_1_goa_re_2019.dat 1 2026 SSBFabc 8.26323
Model_1_goa_re_2019.dat 1 2026 SSBFofl 7.23033
Model_1_goa_re_2019.dat 1 2026 SSBLCI 11.5067
Model_1_goa_re_2019.dat 1 2026 SSBUCI 11.5087
Model_1_goa_re_2019.dat 1 2026 SSBMedian 11.5074
Model_1_goa_re_2019.dat 1 2026 SSBMean 11.5075
Model_1_goa_re_2019.dat 1 2027 SSBF100 20.6581
Model_1_goa_re_2019.dat 1 2027 SSBFabc 8.26323
Model_1_goa_re_2019.dat 1 2027 SSBFofl 7.23033
Model_1_goa_re_2019.dat 1 2027 SSBLCI 11.3642
Model_1_goa_re_2019.dat 1 2027 SSBUCI 11.37
Model_1_goa_re_2019.dat 1 2027 SSBMedian 11.3664
Model_1_goa_re_2019.dat 1 2027 SSBMean 11.3666
Model_1_goa_re_2019.dat 1 2028 SSBF100 20.6581
Model_1_goa_re_2019.dat 1 2028 SSBFabc 8.26323
Model_1_goa_re_2019.dat 1 2028 SSBFofl 7.23033
Model_1_goa_re_2019.dat 1 2028 SSBLCI 11.2105
Model_1_goa_re_2019.dat 1 2028 SSBUCI 11.2251
Model_1_goa_re_2019.dat 1 2028 SSBMedian 11.2158
Model_1_goa_re_2019.dat 1 2028 SSBMean 11.2165
Model_1_goa_re_2019.dat 1 2029 SSBF100 20.6581
Model_1_goa_re_2019.dat 1 2029 SSBFabc 8.26323
Model_1_goa_re_2019.dat 1 2029 SSBFofl 7.23033
Model_1_goa_re_2019.dat 1 2029 SSBLCI 11.0421
Model_1_goa_re_2019.dat 1 2029 SSBUCI 11.0735
Model_1_goa_re_2019.dat 1 2029 SSBMedian 11.0539
Model_1_goa_re_2019.dat 1 2029 SSBMean 11.0554
Model_1_goa_re_2019.dat 1 2030 SSBF100 20.6581
Model_1_goa_re_2019.dat 1 2030 SSBFabc 8.26323
Model_1_goa_re_2019.dat 1 2030 SSBFofl 7.23033
Model_1_goa_re_2019.dat 1 2030 SSBLCI 10.8639
Model_1_goa_re_2019.dat 1 2030 SSBUCI 10.9271
Model_1_goa_re_2019.dat 1 2030 SSBMedian 10.8874
Model_1_goa_re_2019.dat 1 2030 SSBMean 10.8904
Model_1_goa_re_2019.dat 1 2031 SSBF100 20.6581
Model_1_goa_re_2019.dat 1 2031 SSBFabc 8.26323
Model_1_goa_re_2019.dat 1 2031 SSBFofl 7.23033
Model_1_goa_re_2019.dat 1 2031 SSBLCI 10.6802
Model_1_goa_re_2019.dat 1 2031 SSBUCI 10.7939
Model_1_goa_re_2019.dat 1 2031 SSBMedian 10.7229
Model_1_goa_re_2019.dat 1 2031 SSBMean 10.7278
Model_1_goa_re_2019.dat 1 2032 SSBF100 20.6581
Model_1_goa_re_2019.dat 1 2032 SSBFabc 8.26323
Model_1_goa_re_2019.dat 1 2032 SSBFofl 7.23033
Model_1_goa_re_2019.dat 1 2032 SSBLCI 10.471
Model_1_goa_re_2019.dat 1 2032 SSBUCI 10.662
Model_1_goa_re_2019.dat 1 2032 SSBMedian 10.5427
Model_1_goa_re_2019.dat 1 2032 SSBMean 10.5522
Model_1_goa_re_2019.dat 1 2019 F0 0 
Model_1_goa_re_2019.dat 1 2019 Fabc 0.0399647
Model_1_goa_re_2019.dat 1 2019 Fofl 0.048207
Model_1_goa_re_2019.dat 1 2019  F_LCI 0.0258654
Model_1_goa_re_2019.dat 1 2019  F_UCI 0.0258654
Model_1_goa_re_2019.dat 1 2019  F_Median 0.0258654
Model_1_goa_re_2019.dat 1 2019  F_Mean 0.0258654
Model_1_goa_re_2019.dat 1 2020 F0 0 
Model_1_goa_re_2019.dat 1 2020 Fabc 0.0399647
Model_1_goa_re_2019.dat 1 2020 Fofl 0.048207
Model_1_goa_re_2019.dat 1 2020  F_LCI 0.0137612
Model_1_goa_re_2019.dat 1 2020  F_UCI 0.0137612
Model_1_goa_re_2019.dat 1 2020  F_Median 0.0137612
Model_1_goa_re_2019.dat 1 2020  F_Mean 0.0137612
Model_1_goa_re_2019.dat 1 2021 F0 0 
Model_1_goa_re_2019.dat 1 2021 Fabc 0.0399647
Model_1_goa_re_2019.dat 1 2021 Fofl 0.048207
Model_1_goa_re_2019.dat 1 2021  F_LCI 0.0399647
Model_1_goa_re_2019.dat 1 2021  F_UCI 0.0399647
Model_1_goa_re_2019.dat 1 2021  F_Median 0.0399647
Model_1_goa_re_2019.dat 1 2021  F_Mean 0.0399647
Model_1_goa_re_2019.dat 1 2022 F0 0 
Model_1_goa_re_2019.dat 1 2022 Fabc 0.0399647
Model_1_goa_re_2019.dat 1 2022 Fofl 0.048207
Model_1_goa_re_2019.dat 1 2022  F_LCI 0.0399647
Model_1_goa_re_2019.dat 1 2022  F_UCI 0.0399647
Model_1_goa_re_2019.dat 1 2022  F_Median 0.0399647
Model_1_goa_re_2019.dat 1 2022  F_Mean 0.0399647
Model_1_goa_re_2019.dat 1 2023 F0 0 
Model_1_goa_re_2019.dat 1 2023 Fabc 0.0399647
Model_1_goa_re_2019.dat 1 2023 Fofl 0.048207
Model_1_goa_re_2019.dat 1 2023  F_LCI 0.0399647
Model_1_goa_re_2019.dat 1 2023  F_UCI 0.0399647
Model_1_goa_re_2019.dat 1 2023  F_Median 0.0399647
Model_1_goa_re_2019.dat 1 2023  F_Mean 0.0399647
Model_1_goa_re_2019.dat 1 2024 F0 0 
Model_1_goa_re_2019.dat 1 2024 Fabc 0.0399647
Model_1_goa_re_2019.dat 1 2024 Fofl 0.048207
Model_1_goa_re_2019.dat 1 2024  F_LCI 0.0399647
Model_1_goa_re_2019.dat 1 2024  F_UCI 0.0399647
Model_1_goa_re_2019.dat 1 2024  F_Median 0.0399647
Model_1_goa_re_2019.dat 1 2024  F_Mean 0.0399647
Model_1_goa_re_2019.dat 1 2025 F0 0 
Model_1_goa_re_2019.dat 1 2025 Fabc 0.0399647
Model_1_goa_re_2019.dat 1 2025 Fofl 0.048207
Model_1_goa_re_2019.dat 1 2025  F_LCI 0.0399647
Model_1_goa_re_2019.dat 1 2025  F_UCI 0.0399647
Model_1_goa_re_2019.dat 1 2025  F_Median 0.0399647
Model_1_goa_re_2019.dat 1 2025  F_Mean 0.0399647
Model_1_goa_re_2019.dat 1 2026 F0 0 
Model_1_goa_re_2019.dat 1 2026 Fabc 0.0399647
Model_1_goa_re_2019.dat 1 2026 Fofl 0.048207
Model_1_goa_re_2019.dat 1 2026  F_LCI 0.0399647
Model_1_goa_re_2019.dat 1 2026  F_UCI 0.0399647
Model_1_goa_re_2019.dat 1 2026  F_Median 0.0399647
Model_1_goa_re_2019.dat 1 2026  F_Mean 0.0399647
Model_1_goa_re_2019.dat 1 2027 F0 0 
Model_1_goa_re_2019.dat 1 2027 Fabc 0.0399647
Model_1_goa_re_2019.dat 1 2027 Fofl 0.048207
Model_1_goa_re_2019.dat 1 2027  F_LCI 0.0399647
Model_1_goa_re_2019.dat 1 2027  F_UCI 0.0399647
Model_1_goa_re_2019.dat 1 2027  F_Median 0.0399647
Model_1_goa_re_2019.dat 1 2027  F_Mean 0.0399647
Model_1_goa_re_2019.dat 1 2028 F0 0 
Model_1_goa_re_2019.dat 1 2028 Fabc 0.0399647
Model_1_goa_re_2019.dat 1 2028 Fofl 0.048207
Model_1_goa_re_2019.dat 1 2028  F_LCI 0.0399647
Model_1_goa_re_2019.dat 1 2028  F_UCI 0.0399647
Model_1_goa_re_2019.dat 1 2028  F_Median 0.0399647
Model_1_goa_re_2019.dat 1 2028  F_Mean 0.0399647
Model_1_goa_re_2019.dat 1 2029 F0 0 
Model_1_goa_re_2019.dat 1 2029 Fabc 0.0399647
Model_1_goa_re_2019.dat 1 2029 Fofl 0.048207
Model_1_goa_re_2019.dat 1 2029  F_LCI 0.0399647
Model_1_goa_re_2019.dat 1 2029  F_UCI 0.0399647
Model_1_goa_re_2019.dat 1 2029  F_Median 0.0399647
Model_1_goa_re_2019.dat 1 2029  F_Mean 0.0399647
Model_1_goa_re_2019.dat 1 2030 F0 0 
Model_1_goa_re_2019.dat 1 2030 Fabc 0.0399647
Model_1_goa_re_2019.dat 1 2030 Fofl 0.048207
Model_1_goa_re_2019.dat 1 2030  F_LCI 0.0399647
Model_1_goa_re_2019.dat 1 2030  F_UCI 0.0399647
Model_1_goa_re_2019.dat 1 2030  F_Median 0.0399647
Model_1_goa_re_2019.dat 1 2030  F_Mean 0.0399647
Model_1_goa_re_2019.dat 1 2031 F0 0 
Model_1_goa_re_2019.dat 1 2031 Fabc 0.0399647
Model_1_goa_re_2019.dat 1 2031 Fofl 0.048207
Model_1_goa_re_2019.dat 1 2031  F_LCI 0.0399647
Model_1_goa_re_2019.dat 1 2031  F_UCI 0.0399647
Model_1_goa_re_2019.dat 1 2031  F_Median 0.0399647
Model_1_goa_re_2019.dat 1 2031  F_Mean 0.0399647
Model_1_goa_re_2019.dat 1 2032 F0 0 
Model_1_goa_re_2019.dat 1 2032 Fabc 0.0399647
Model_1_goa_re_2019.dat 1 2032 Fofl 0.048207
Model_1_goa_re_2019.dat 1 2032  F_LCI 0.0399647
Model_1_goa_re_2019.dat 1 2032  F_UCI 0.0399647
Model_1_goa_re_2019.dat 1 2032  F_Median 0.0399647
Model_1_goa_re_2019.dat 1 2032  F_Mean 0.0399647
Model_1_goa_re_2019.dat 2 2019 Cabc 0.840752
Model_1_goa_re_2019.dat 2 2019 Cofl 0.901601
Model_1_goa_re_2019.dat 2 2019 CLCI 0.790419
Model_1_goa_re_2019.dat 2 2019 CUCI 0.790419
Model_1_goa_re_2019.dat 2 2019 CMedian 0.790419
Model_1_goa_re_2019.dat 2 2019 CMean 0.790419
Model_1_goa_re_2019.dat 2 2020 Cabc 0.840752
Model_1_goa_re_2019.dat 2 2020 Cofl 0.901601
Model_1_goa_re_2019.dat 2 2020 CLCI 0.418805
Model_1_goa_re_2019.dat 2 2020 CUCI 0.418805
Model_1_goa_re_2019.dat 2 2020 CMedian 0.418805
Model_1_goa_re_2019.dat 2 2020 CMean 0.418805
Model_1_goa_re_2019.dat 2 2021 Cabc 0.840752
Model_1_goa_re_2019.dat 2 2021 Cofl 0.901601
Model_1_goa_re_2019.dat 2 2021 CLCI 0.618475
Model_1_goa_re_2019.dat 2 2021 CUCI 0.61848
Model_1_goa_re_2019.dat 2 2021 CMedian 0.618477
Model_1_goa_re_2019.dat 2 2021 CMean 0.618477
Model_1_goa_re_2019.dat 2 2022 Cabc 0.840752
Model_1_goa_re_2019.dat 2 2022 Cofl 0.901601
Model_1_goa_re_2019.dat 2 2022 CLCI 0.62246
Model_1_goa_re_2019.dat 2 2022 CUCI 0.622478
Model_1_goa_re_2019.dat 2 2022 CMedian 0.622467
Model_1_goa_re_2019.dat 2 2022 CMean 0.622468
Model_1_goa_re_2019.dat 2 2023 Cabc 0.840752
Model_1_goa_re_2019.dat 2 2023 Cofl 0.901601
Model_1_goa_re_2019.dat 2 2023 CLCI 0.618099
Model_1_goa_re_2019.dat 2 2023 CUCI 0.618164
Model_1_goa_re_2019.dat 2 2023 CMedian 0.618123
Model_1_goa_re_2019.dat 2 2023 CMean 0.618126
Model_1_goa_re_2019.dat 2 2024 Cabc 0.840752
Model_1_goa_re_2019.dat 2 2024 Cofl 0.901601
Model_1_goa_re_2019.dat 2 2024 CLCI 0.620293
Model_1_goa_re_2019.dat 2 2024 CUCI 0.620501
Model_1_goa_re_2019.dat 2 2024 CMedian 0.620369
Model_1_goa_re_2019.dat 2 2024 CMean 0.620379
Model_1_goa_re_2019.dat 2 2025 Cabc 0.840752
Model_1_goa_re_2019.dat 2 2025 Cofl 0.901601
Model_1_goa_re_2019.dat 2 2025 CLCI 0.630778
Model_1_goa_re_2019.dat 2 2025 CUCI 0.631315
Model_1_goa_re_2019.dat 2 2025 CMedian 0.630975
Model_1_goa_re_2019.dat 2 2025 CMean 0.631
Model_1_goa_re_2019.dat 2 2026 Cabc 0.840752
Model_1_goa_re_2019.dat 2 2026 Cofl 0.901601
Model_1_goa_re_2019.dat 2 2026 CLCI 0.652992
Model_1_goa_re_2019.dat 2 2026 CUCI 0.654106
Model_1_goa_re_2019.dat 2 2026 CMedian 0.653411
Model_1_goa_re_2019.dat 2 2026 CMean 0.653464
Model_1_goa_re_2019.dat 2 2027 Cabc 0.840752
Model_1_goa_re_2019.dat 2 2027 Cofl 0.901601
Model_1_goa_re_2019.dat 2 2027 CLCI 0.645846
Model_1_goa_re_2019.dat 2 2027 CUCI 0.647719
Model_1_goa_re_2019.dat 2 2027 CMedian 0.646545
Model_1_goa_re_2019.dat 2 2027 CMean 0.64663
Model_1_goa_re_2019.dat 2 2028 Cabc 0.840752
Model_1_goa_re_2019.dat 2 2028 Cofl 0.901601
Model_1_goa_re_2019.dat 2 2028 CLCI 0.638754
Model_1_goa_re_2019.dat 2 2028 CUCI 0.641298
Model_1_goa_re_2019.dat 2 2028 CMedian 0.639801
Model_1_goa_re_2019.dat 2 2028 CMean 0.639886
Model_1_goa_re_2019.dat 2 2029 Cabc 0.840752
Model_1_goa_re_2019.dat 2 2029 Cofl 0.901601
Model_1_goa_re_2019.dat 2 2029 CLCI 0.635248
Model_1_goa_re_2019.dat 2 2029 CUCI 0.638214
Model_1_goa_re_2019.dat 2 2029 CMedian 0.636509
Model_1_goa_re_2019.dat 2 2029 CMean 0.636605
Model_1_goa_re_2019.dat 2 2030 Cabc 0.840752
Model_1_goa_re_2019.dat 2 2030 Cofl 0.901601
Model_1_goa_re_2019.dat 2 2030 CLCI 0.632227
Model_1_goa_re_2019.dat 2 2030 CUCI 0.635843
Model_1_goa_re_2019.dat 2 2030 CMedian 0.633774
Model_1_goa_re_2019.dat 2 2030 CMean 0.633879
Model_1_goa_re_2019.dat 2 2031 Cabc 0.840752
Model_1_goa_re_2019.dat 2 2031 Cofl 0.901601
Model_1_goa_re_2019.dat 2 2031 CLCI 0.627454
Model_1_goa_re_2019.dat 2 2031 CUCI 0.632505
Model_1_goa_re_2019.dat 2 2031 CMedian 0.629488
Model_1_goa_re_2019.dat 2 2031 CMean 0.6296
Model_1_goa_re_2019.dat 2 2032 Cabc 0.840752
Model_1_goa_re_2019.dat 2 2032 Cofl 0.901601
Model_1_goa_re_2019.dat 2 2032 CLCI 0.621895
Model_1_goa_re_2019.dat 2 2032 CUCI 0.631608
Model_1_goa_re_2019.dat 2 2032 CMedian 0.625405
Model_1_goa_re_2019.dat 2 2032 CMean 0.625891
Model_1_goa_re_2019.dat 2 2019 SSBF100 20.6581
Model_1_goa_re_2019.dat 2 2019 SSBFabc 8.26323
Model_1_goa_re_2019.dat 2 2019 SSBFofl 7.23033
Model_1_goa_re_2019.dat 2 2019 SSBLCI 12.477
Model_1_goa_re_2019.dat 2 2019 SSBUCI 12.477
Model_1_goa_re_2019.dat 2 2019 SSBMedian 12.477
Model_1_goa_re_2019.dat 2 2019 SSBMean 12.477
Model_1_goa_re_2019.dat 2 2020 SSBF100 20.6581
Model_1_goa_re_2019.dat 2 2020 SSBFabc 8.26323
Model_1_goa_re_2019.dat 2 2020 SSBFofl 7.23033
Model_1_goa_re_2019.dat 2 2020 SSBLCI 12.4609
Model_1_goa_re_2019.dat 2 2020 SSBUCI 12.4609
Model_1_goa_re_2019.dat 2 2020 SSBMedian 12.4609
Model_1_goa_re_2019.dat 2 2020 SSBMean 12.4609
Model_1_goa_re_2019.dat 2 2021 SSBF100 20.6581
Model_1_goa_re_2019.dat 2 2021 SSBFabc 8.26323
Model_1_goa_re_2019.dat 2 2021 SSBFofl 7.23033
Model_1_goa_re_2019.dat 2 2021 SSBLCI 12.496
Model_1_goa_re_2019.dat 2 2021 SSBUCI 12.496
Model_1_goa_re_2019.dat 2 2021 SSBMedian 12.496
Model_1_goa_re_2019.dat 2 2021 SSBMean 12.496
Model_1_goa_re_2019.dat 2 2022 SSBF100 20.6581
Model_1_goa_re_2019.dat 2 2022 SSBFabc 8.26323
Model_1_goa_re_2019.dat 2 2022 SSBFofl 7.23033
Model_1_goa_re_2019.dat 2 2022 SSBLCI 12.5025
Model_1_goa_re_2019.dat 2 2022 SSBUCI 12.5025
Model_1_goa_re_2019.dat 2 2022 SSBMedian 12.5025
Model_1_goa_re_2019.dat 2 2022 SSBMean 12.5025
Model_1_goa_re_2019.dat 2 2023 SSBF100 20.6581
Model_1_goa_re_2019.dat 2 2023 SSBFabc 8.26323
Model_1_goa_re_2019.dat 2 2023 SSBFofl 7.23033
Model_1_goa_re_2019.dat 2 2023 SSBLCI 12.5313
Model_1_goa_re_2019.dat 2 2023 SSBUCI 12.5313
Model_1_goa_re_2019.dat 2 2023 SSBMedian 12.5313
Model_1_goa_re_2019.dat 2 2023 SSBMean 12.5313
Model_1_goa_re_2019.dat 2 2024 SSBF100 20.6581
Model_1_goa_re_2019.dat 2 2024 SSBFabc 8.26323
Model_1_goa_re_2019.dat 2 2024 SSBFofl 7.23033
Model_1_goa_re_2019.dat 2 2024 SSBLCI 12.5627
Model_1_goa_re_2019.dat 2 2024 SSBUCI 12.5631
Model_1_goa_re_2019.dat 2 2024 SSBMedian 12.5628
Model_1_goa_re_2019.dat 2 2024 SSBMean 12.5629
Model_1_goa_re_2019.dat 2 2025 SSBF100 20.6581
Model_1_goa_re_2019.dat 2 2025 SSBFabc 8.26323
Model_1_goa_re_2019.dat 2 2025 SSBFofl 7.23033
Model_1_goa_re_2019.dat 2 2025 SSBLCI 12.6235
Model_1_goa_re_2019.dat 2 2025 SSBUCI 12.6243
Model_1_goa_re_2019.dat 2 2025 SSBMedian 12.6238
Model_1_goa_re_2019.dat 2 2025 SSBMean 12.6238
Model_1_goa_re_2019.dat 2 2026 SSBF100 20.6581
Model_1_goa_re_2019.dat 2 2026 SSBFabc 8.26323
Model_1_goa_re_2019.dat 2 2026 SSBFofl 7.23033
Model_1_goa_re_2019.dat 2 2026 SSBLCI 12.6901
Model_1_goa_re_2019.dat 2 2026 SSBUCI 12.6921
Model_1_goa_re_2019.dat 2 2026 SSBMedian 12.6909
Model_1_goa_re_2019.dat 2 2026 SSBMean 12.691
Model_1_goa_re_2019.dat 2 2027 SSBF100 20.6581
Model_1_goa_re_2019.dat 2 2027 SSBFabc 8.26323
Model_1_goa_re_2019.dat 2 2027 SSBFofl 7.23033
Model_1_goa_re_2019.dat 2 2027 SSBLCI 12.7423
Model_1_goa_re_2019.dat 2 2027 SSBUCI 12.7481
Model_1_goa_re_2019.dat 2 2027 SSBMedian 12.7444
Model_1_goa_re_2019.dat 2 2027 SSBMean 12.7447
Model_1_goa_re_2019.dat 2 2028 SSBF100 20.6581
Model_1_goa_re_2019.dat 2 2028 SSBFabc 8.26323
Model_1_goa_re_2019.dat 2 2028 SSBFofl 7.23033
Model_1_goa_re_2019.dat 2 2028 SSBLCI 12.7737
Model_1_goa_re_2019.dat 2 2028 SSBUCI 12.7884
Model_1_goa_re_2019.dat 2 2028 SSBMedian 12.7791
Model_1_goa_re_2019.dat 2 2028 SSBMean 12.7797
Model_1_goa_re_2019.dat 2 2029 SSBF100 20.6581
Model_1_goa_re_2019.dat 2 2029 SSBFabc 8.26323
Model_1_goa_re_2019.dat 2 2029 SSBFofl 7.23033
Model_1_goa_re_2019.dat 2 2029 SSBLCI 12.7801
Model_1_goa_re_2019.dat 2 2029 SSBUCI 12.8117
Model_1_goa_re_2019.dat 2 2029 SSBMedian 12.792
Model_1_goa_re_2019.dat 2 2029 SSBMean 12.7934
Model_1_goa_re_2019.dat 2 2030 SSBF100 20.6581
Model_1_goa_re_2019.dat 2 2030 SSBFabc 8.26323
Model_1_goa_re_2019.dat 2 2030 SSBFofl 7.23033
Model_1_goa_re_2019.dat 2 2030 SSBLCI 12.7666
Model_1_goa_re_2019.dat 2 2030 SSBUCI 12.8301
Model_1_goa_re_2019.dat 2 2030 SSBMedian 12.7902
Model_1_goa_re_2019.dat 2 2030 SSBMean 12.7932
Model_1_goa_re_2019.dat 2 2031 SSBF100 20.6581
Model_1_goa_re_2019.dat 2 2031 SSBFabc 8.26323
Model_1_goa_re_2019.dat 2 2031 SSBFofl 7.23033
Model_1_goa_re_2019.dat 2 2031 SSBLCI 12.7373
Model_1_goa_re_2019.dat 2 2031 SSBUCI 12.8519
Model_1_goa_re_2019.dat 2 2031 SSBMedian 12.7804
Model_1_goa_re_2019.dat 2 2031 SSBMean 12.7853
Model_1_goa_re_2019.dat 2 2032 SSBF100 20.6581
Model_1_goa_re_2019.dat 2 2032 SSBFabc 8.26323
Model_1_goa_re_2019.dat 2 2032 SSBFofl 7.23033
Model_1_goa_re_2019.dat 2 2032 SSBLCI 12.6677
Model_1_goa_re_2019.dat 2 2032 SSBUCI 12.8607
Model_1_goa_re_2019.dat 2 2032 SSBMedian 12.7403
Model_1_goa_re_2019.dat 2 2032 SSBMean 12.7497
Model_1_goa_re_2019.dat 2 2019 F0 0 
Model_1_goa_re_2019.dat 2 2019 Fabc 0.0399647
Model_1_goa_re_2019.dat 2 2019 Fofl 0.048207
Model_1_goa_re_2019.dat 2 2019  F_LCI 0.0258654
Model_1_goa_re_2019.dat 2 2019  F_UCI 0.0258654
Model_1_goa_re_2019.dat 2 2019  F_Median 0.0258654
Model_1_goa_re_2019.dat 2 2019  F_Mean 0.0258654
Model_1_goa_re_2019.dat 2 2020 F0 0 
Model_1_goa_re_2019.dat 2 2020 Fabc 0.0399647
Model_1_goa_re_2019.dat 2 2020 Fofl 0.048207
Model_1_goa_re_2019.dat 2 2020  F_LCI 0.0137612
Model_1_goa_re_2019.dat 2 2020  F_UCI 0.0137612
Model_1_goa_re_2019.dat 2 2020  F_Median 0.0137612
Model_1_goa_re_2019.dat 2 2020  F_Mean 0.0137612
Model_1_goa_re_2019.dat 2 2021 F0 0 
Model_1_goa_re_2019.dat 2 2021 Fabc 0.0399647
Model_1_goa_re_2019.dat 2 2021 Fofl 0.048207
Model_1_goa_re_2019.dat 2 2021  F_LCI 0.0202581
Model_1_goa_re_2019.dat 2 2021  F_UCI 0.0202581
Model_1_goa_re_2019.dat 2 2021  F_Median 0.0202581
Model_1_goa_re_2019.dat 2 2021  F_Mean 0.0202581
Model_1_goa_re_2019.dat 2 2022 F0 0 
Model_1_goa_re_2019.dat 2 2022 Fabc 0.0399647
Model_1_goa_re_2019.dat 2 2022 Fofl 0.048207
Model_1_goa_re_2019.dat 2 2022  F_LCI 0.0202581
Model_1_goa_re_2019.dat 2 2022  F_UCI 0.0202581
Model_1_goa_re_2019.dat 2 2022  F_Median 0.0202581
Model_1_goa_re_2019.dat 2 2022  F_Mean 0.0202581
Model_1_goa_re_2019.dat 2 2023 F0 0 
Model_1_goa_re_2019.dat 2 2023 Fabc 0.0399647
Model_1_goa_re_2019.dat 2 2023 Fofl 0.048207
Model_1_goa_re_2019.dat 2 2023  F_LCI 0.0202581
Model_1_goa_re_2019.dat 2 2023  F_UCI 0.0202581
Model_1_goa_re_2019.dat 2 2023  F_Median 0.0202581
Model_1_goa_re_2019.dat 2 2023  F_Mean 0.0202581
Model_1_goa_re_2019.dat 2 2024 F0 0 
Model_1_goa_re_2019.dat 2 2024 Fabc 0.0399647
Model_1_goa_re_2019.dat 2 2024 Fofl 0.048207
Model_1_goa_re_2019.dat 2 2024  F_LCI 0.0202581
Model_1_goa_re_2019.dat 2 2024  F_UCI 0.0202581
Model_1_goa_re_2019.dat 2 2024  F_Median 0.0202581
Model_1_goa_re_2019.dat 2 2024  F_Mean 0.0202581
Model_1_goa_re_2019.dat 2 2025 F0 0 
Model_1_goa_re_2019.dat 2 2025 Fabc 0.0399647
Model_1_goa_re_2019.dat 2 2025 Fofl 0.048207
Model_1_goa_re_2019.dat 2 2025  F_LCI 0.0202581
Model_1_goa_re_2019.dat 2 2025  F_UCI 0.0202581
Model_1_goa_re_2019.dat 2 2025  F_Median 0.0202581
Model_1_goa_re_2019.dat 2 2025  F_Mean 0.0202581
Model_1_goa_re_2019.dat 2 2026 F0 0 
Model_1_goa_re_2019.dat 2 2026 Fabc 0.0399647
Model_1_goa_re_2019.dat 2 2026 Fofl 0.048207
Model_1_goa_re_2019.dat 2 2026  F_LCI 0.0202581
Model_1_goa_re_2019.dat 2 2026  F_UCI 0.0202581
Model_1_goa_re_2019.dat 2 2026  F_Median 0.0202581
Model_1_goa_re_2019.dat 2 2026  F_Mean 0.0202581
Model_1_goa_re_2019.dat 2 2027 F0 0 
Model_1_goa_re_2019.dat 2 2027 Fabc 0.0399647
Model_1_goa_re_2019.dat 2 2027 Fofl 0.048207
Model_1_goa_re_2019.dat 2 2027  F_LCI 0.0202581
Model_1_goa_re_2019.dat 2 2027  F_UCI 0.0202581
Model_1_goa_re_2019.dat 2 2027  F_Median 0.0202581
Model_1_goa_re_2019.dat 2 2027  F_Mean 0.0202581
Model_1_goa_re_2019.dat 2 2028 F0 0 
Model_1_goa_re_2019.dat 2 2028 Fabc 0.0399647
Model_1_goa_re_2019.dat 2 2028 Fofl 0.048207
Model_1_goa_re_2019.dat 2 2028  F_LCI 0.0202581
Model_1_goa_re_2019.dat 2 2028  F_UCI 0.0202581
Model_1_goa_re_2019.dat 2 2028  F_Median 0.0202581
Model_1_goa_re_2019.dat 2 2028  F_Mean 0.0202581
Model_1_goa_re_2019.dat 2 2029 F0 0 
Model_1_goa_re_2019.dat 2 2029 Fabc 0.0399647
Model_1_goa_re_2019.dat 2 2029 Fofl 0.048207
Model_1_goa_re_2019.dat 2 2029  F_LCI 0.0202581
Model_1_goa_re_2019.dat 2 2029  F_UCI 0.0202581
Model_1_goa_re_2019.dat 2 2029  F_Median 0.0202581
Model_1_goa_re_2019.dat 2 2029  F_Mean 0.0202581
Model_1_goa_re_2019.dat 2 2030 F0 0 
Model_1_goa_re_2019.dat 2 2030 Fabc 0.0399647
Model_1_goa_re_2019.dat 2 2030 Fofl 0.048207
Model_1_goa_re_2019.dat 2 2030  F_LCI 0.0202581
Model_1_goa_re_2019.dat 2 2030  F_UCI 0.0202581
Model_1_goa_re_2019.dat 2 2030  F_Median 0.0202581
Model_1_goa_re_2019.dat 2 2030  F_Mean 0.0202581
Model_1_goa_re_2019.dat 2 2031 F0 0 
Model_1_goa_re_2019.dat 2 2031 Fabc 0.0399647
Model_1_goa_re_2019.dat 2 2031 Fofl 0.048207
Model_1_goa_re_2019.dat 2 2031  F_LCI 0.0202581
Model_1_goa_re_2019.dat 2 2031  F_UCI 0.0202581
Model_1_goa_re_2019.dat 2 2031  F_Median 0.0202581
Model_1_goa_re_2019.dat 2 2031  F_Mean 0.0202581
Model_1_goa_re_2019.dat 2 2032 F0 0 
Model_1_goa_re_2019.dat 2 2032 Fabc 0.0399647
Model_1_goa_re_2019.dat 2 2032 Fofl 0.048207
Model_1_goa_re_2019.dat 2 2032  F_LCI 0.0202581
Model_1_goa_re_2019.dat 2 2032  F_UCI 0.0202581
Model_1_goa_re_2019.dat 2 2032  F_Median 0.0202581
Model_1_goa_re_2019.dat 2 2032  F_Mean 0.0202581
Model_1_goa_re_2019.dat 3 2019 Cabc 0.840752
Model_1_goa_re_2019.dat 3 2019 Cofl 0.901601
Model_1_goa_re_2019.dat 3 2019 CLCI 0.790419
Model_1_goa_re_2019.dat 3 2019 CUCI 0.790419
Model_1_goa_re_2019.dat 3 2019 CMedian 0.790419
Model_1_goa_re_2019.dat 3 2019 CMean 0.790419
Model_1_goa_re_2019.dat 3 2020 Cabc 0.840752
Model_1_goa_re_2019.dat 3 2020 Cofl 0.901601
Model_1_goa_re_2019.dat 3 2020 CLCI 0.418805
Model_1_goa_re_2019.dat 3 2020 CUCI 0.418805
Model_1_goa_re_2019.dat 3 2020 CMedian 0.418805
Model_1_goa_re_2019.dat 3 2020 CMean 0.418805
Model_1_goa_re_2019.dat 3 2021 Cabc 0.840752
Model_1_goa_re_2019.dat 3 2021 Cofl 0.901601
Model_1_goa_re_2019.dat 3 2021 CLCI 0.610138
Model_1_goa_re_2019.dat 3 2021 CUCI 0.610142
Model_1_goa_re_2019.dat 3 2021 CMedian 0.610139
Model_1_goa_re_2019.dat 3 2021 CMean 0.61014
Model_1_goa_re_2019.dat 3 2022 Cabc 0.840752
Model_1_goa_re_2019.dat 3 2022 Cofl 0.901601
Model_1_goa_re_2019.dat 3 2022 CLCI 0.614229
Model_1_goa_re_2019.dat 3 2022 CUCI 0.614247
Model_1_goa_re_2019.dat 3 2022 CMedian 0.614235
Model_1_goa_re_2019.dat 3 2022 CMean 0.614236
Model_1_goa_re_2019.dat 3 2023 Cabc 0.840752
Model_1_goa_re_2019.dat 3 2023 Cofl 0.901601
Model_1_goa_re_2019.dat 3 2023 CLCI 0.61008
Model_1_goa_re_2019.dat 3 2023 CUCI 0.610144
Model_1_goa_re_2019.dat 3 2023 CMedian 0.610104
Model_1_goa_re_2019.dat 3 2023 CMean 0.610106
Model_1_goa_re_2019.dat 3 2024 Cabc 0.840752
Model_1_goa_re_2019.dat 3 2024 Cofl 0.901601
Model_1_goa_re_2019.dat 3 2024 CLCI 0.612392
Model_1_goa_re_2019.dat 3 2024 CUCI 0.612597
Model_1_goa_re_2019.dat 3 2024 CMedian 0.612467
Model_1_goa_re_2019.dat 3 2024 CMean 0.612477
Model_1_goa_re_2019.dat 3 2025 Cabc 0.840752
Model_1_goa_re_2019.dat 3 2025 Cofl 0.901601
Model_1_goa_re_2019.dat 3 2025 CLCI 0.622879
Model_1_goa_re_2019.dat 3 2025 CUCI 0.623408
Model_1_goa_re_2019.dat 3 2025 CMedian 0.623073
Model_1_goa_re_2019.dat 3 2025 CMean 0.623097
Model_1_goa_re_2019.dat 3 2026 Cabc 0.840752
Model_1_goa_re_2019.dat 3 2026 Cofl 0.901601
Model_1_goa_re_2019.dat 3 2026 CLCI 0.644937
Model_1_goa_re_2019.dat 3 2026 CUCI 0.646035
Model_1_goa_re_2019.dat 3 2026 CMedian 0.64535
Model_1_goa_re_2019.dat 3 2026 CMean 0.645402
Model_1_goa_re_2019.dat 3 2027 Cabc 0.840752
Model_1_goa_re_2019.dat 3 2027 Cofl 0.901601
Model_1_goa_re_2019.dat 3 2027 CLCI 0.638026
Model_1_goa_re_2019.dat 3 2027 CUCI 0.639873
Model_1_goa_re_2019.dat 3 2027 CMedian 0.638716
Model_1_goa_re_2019.dat 3 2027 CMean 0.6388
Model_1_goa_re_2019.dat 3 2028 Cabc 0.840752
Model_1_goa_re_2019.dat 3 2028 Cofl 0.901601
Model_1_goa_re_2019.dat 3 2028 CLCI 0.631161
Model_1_goa_re_2019.dat 3 2028 CUCI 0.633671
Model_1_goa_re_2019.dat 3 2028 CMedian 0.632194
Model_1_goa_re_2019.dat 3 2028 CMean 0.632278
Model_1_goa_re_2019.dat 3 2029 Cabc 0.840752
Model_1_goa_re_2019.dat 3 2029 Cofl 0.901601
Model_1_goa_re_2019.dat 3 2029 CLCI 0.627827
Model_1_goa_re_2019.dat 3 2029 CUCI 0.630753
Model_1_goa_re_2019.dat 3 2029 CMedian 0.629072
Model_1_goa_re_2019.dat 3 2029 CMean 0.629166
Model_1_goa_re_2019.dat 3 2030 Cabc 0.840752
Model_1_goa_re_2019.dat 3 2030 Cofl 0.901601
Model_1_goa_re_2019.dat 3 2030 CLCI 0.624965
Model_1_goa_re_2019.dat 3 2030 CUCI 0.628532
Model_1_goa_re_2019.dat 3 2030 CMedian 0.626491
Model_1_goa_re_2019.dat 3 2030 CMean 0.626595
Model_1_goa_re_2019.dat 3 2031 Cabc 0.840752
Model_1_goa_re_2019.dat 3 2031 Cofl 0.901601
Model_1_goa_re_2019.dat 3 2031 CLCI 0.620368
Model_1_goa_re_2019.dat 3 2031 CUCI 0.62535
Model_1_goa_re_2019.dat 3 2031 CMedian 0.622374
Model_1_goa_re_2019.dat 3 2031 CMean 0.622485
Model_1_goa_re_2019.dat 3 2032 Cabc 0.840752
Model_1_goa_re_2019.dat 3 2032 Cofl 0.901601
Model_1_goa_re_2019.dat 3 2032 CLCI 0.614988
Model_1_goa_re_2019.dat 3 2032 CUCI 0.62457
Model_1_goa_re_2019.dat 3 2032 CMedian 0.618451
Model_1_goa_re_2019.dat 3 2032 CMean 0.61893
Model_1_goa_re_2019.dat 3 2019 SSBF100 20.6581
Model_1_goa_re_2019.dat 3 2019 SSBFabc 8.26323
Model_1_goa_re_2019.dat 3 2019 SSBFofl 7.23033
Model_1_goa_re_2019.dat 3 2019 SSBLCI 12.477
Model_1_goa_re_2019.dat 3 2019 SSBUCI 12.477
Model_1_goa_re_2019.dat 3 2019 SSBMedian 12.477
Model_1_goa_re_2019.dat 3 2019 SSBMean 12.477
Model_1_goa_re_2019.dat 3 2020 SSBF100 20.6581
Model_1_goa_re_2019.dat 3 2020 SSBFabc 8.26323
Model_1_goa_re_2019.dat 3 2020 SSBFofl 7.23033
Model_1_goa_re_2019.dat 3 2020 SSBLCI 12.4609
Model_1_goa_re_2019.dat 3 2020 SSBUCI 12.4609
Model_1_goa_re_2019.dat 3 2020 SSBMedian 12.4609
Model_1_goa_re_2019.dat 3 2020 SSBMean 12.4609
Model_1_goa_re_2019.dat 3 2021 SSBF100 20.6581
Model_1_goa_re_2019.dat 3 2021 SSBFabc 8.26323
Model_1_goa_re_2019.dat 3 2021 SSBFofl 7.23033
Model_1_goa_re_2019.dat 3 2021 SSBLCI 12.4974
Model_1_goa_re_2019.dat 3 2021 SSBUCI 12.4974
Model_1_goa_re_2019.dat 3 2021 SSBMedian 12.4974
Model_1_goa_re_2019.dat 3 2021 SSBMean 12.4974
Model_1_goa_re_2019.dat 3 2022 SSBF100 20.6581
Model_1_goa_re_2019.dat 3 2022 SSBFabc 8.26323
Model_1_goa_re_2019.dat 3 2022 SSBFofl 7.23033
Model_1_goa_re_2019.dat 3 2022 SSBLCI 12.5072
Model_1_goa_re_2019.dat 3 2022 SSBUCI 12.5072
Model_1_goa_re_2019.dat 3 2022 SSBMedian 12.5072
Model_1_goa_re_2019.dat 3 2022 SSBMean 12.5072
Model_1_goa_re_2019.dat 3 2023 SSBF100 20.6581
Model_1_goa_re_2019.dat 3 2023 SSBFabc 8.26323
Model_1_goa_re_2019.dat 3 2023 SSBFofl 7.23033
Model_1_goa_re_2019.dat 3 2023 SSBLCI 12.5394
Model_1_goa_re_2019.dat 3 2023 SSBUCI 12.5394
Model_1_goa_re_2019.dat 3 2023 SSBMedian 12.5394
Model_1_goa_re_2019.dat 3 2023 SSBMean 12.5394
Model_1_goa_re_2019.dat 3 2024 SSBF100 20.6581
Model_1_goa_re_2019.dat 3 2024 SSBFabc 8.26323
Model_1_goa_re_2019.dat 3 2024 SSBFofl 7.23033
Model_1_goa_re_2019.dat 3 2024 SSBLCI 12.5739
Model_1_goa_re_2019.dat 3 2024 SSBUCI 12.5743
Model_1_goa_re_2019.dat 3 2024 SSBMedian 12.5741
Model_1_goa_re_2019.dat 3 2024 SSBMean 12.5741
Model_1_goa_re_2019.dat 3 2025 SSBF100 20.6581
Model_1_goa_re_2019.dat 3 2025 SSBFabc 8.26323
Model_1_goa_re_2019.dat 3 2025 SSBFofl 7.23033
Model_1_goa_re_2019.dat 3 2025 SSBLCI 12.6378
Model_1_goa_re_2019.dat 3 2025 SSBUCI 12.6387
Model_1_goa_re_2019.dat 3 2025 SSBMedian 12.6382
Model_1_goa_re_2019.dat 3 2025 SSBMean 12.6382
Model_1_goa_re_2019.dat 3 2026 SSBF100 20.6581
Model_1_goa_re_2019.dat 3 2026 SSBFabc 8.26323
Model_1_goa_re_2019.dat 3 2026 SSBFofl 7.23033
Model_1_goa_re_2019.dat 3 2026 SSBLCI 12.7075
Model_1_goa_re_2019.dat 3 2026 SSBUCI 12.7096
Model_1_goa_re_2019.dat 3 2026 SSBMedian 12.7083
Model_1_goa_re_2019.dat 3 2026 SSBMean 12.7084
Model_1_goa_re_2019.dat 3 2027 SSBF100 20.6581
Model_1_goa_re_2019.dat 3 2027 SSBFabc 8.26323
Model_1_goa_re_2019.dat 3 2027 SSBFofl 7.23033
Model_1_goa_re_2019.dat 3 2027 SSBLCI 12.7628
Model_1_goa_re_2019.dat 3 2027 SSBUCI 12.7686
Model_1_goa_re_2019.dat 3 2027 SSBMedian 12.7649
Model_1_goa_re_2019.dat 3 2027 SSBMean 12.7652
Model_1_goa_re_2019.dat 3 2028 SSBF100 20.6581
Model_1_goa_re_2019.dat 3 2028 SSBFabc 8.26323
Model_1_goa_re_2019.dat 3 2028 SSBFofl 7.23033
Model_1_goa_re_2019.dat 3 2028 SSBLCI 12.7972
Model_1_goa_re_2019.dat 3 2028 SSBUCI 12.8118
Model_1_goa_re_2019.dat 3 2028 SSBMedian 12.8025
Model_1_goa_re_2019.dat 3 2028 SSBMean 12.8032
Model_1_goa_re_2019.dat 3 2029 SSBF100 20.6581
Model_1_goa_re_2019.dat 3 2029 SSBFabc 8.26323
Model_1_goa_re_2019.dat 3 2029 SSBFofl 7.23033
Model_1_goa_re_2019.dat 3 2029 SSBLCI 12.8064
Model_1_goa_re_2019.dat 3 2029 SSBUCI 12.838
Model_1_goa_re_2019.dat 3 2029 SSBMedian 12.8183
Model_1_goa_re_2019.dat 3 2029 SSBMean 12.8197
Model_1_goa_re_2019.dat 3 2030 SSBF100 20.6581
Model_1_goa_re_2019.dat 3 2030 SSBFabc 8.26323
Model_1_goa_re_2019.dat 3 2030 SSBFofl 7.23033
Model_1_goa_re_2019.dat 3 2030 SSBLCI 12.7956
Model_1_goa_re_2019.dat 3 2030 SSBUCI 12.8592
Model_1_goa_re_2019.dat 3 2030 SSBMedian 12.8193
Model_1_goa_re_2019.dat 3 2030 SSBMean 12.8222
Model_1_goa_re_2019.dat 3 2031 SSBF100 20.6581
Model_1_goa_re_2019.dat 3 2031 SSBFabc 8.26323
Model_1_goa_re_2019.dat 3 2031 SSBFofl 7.23033
Model_1_goa_re_2019.dat 3 2031 SSBLCI 12.7689
Model_1_goa_re_2019.dat 3 2031 SSBUCI 12.8836
Model_1_goa_re_2019.dat 3 2031 SSBMedian 12.8121
Model_1_goa_re_2019.dat 3 2031 SSBMean 12.817
Model_1_goa_re_2019.dat 3 2032 SSBF100 20.6581
Model_1_goa_re_2019.dat 3 2032 SSBFabc 8.26323
Model_1_goa_re_2019.dat 3 2032 SSBFofl 7.23033
Model_1_goa_re_2019.dat 3 2032 SSBLCI 12.7018
Model_1_goa_re_2019.dat 3 2032 SSBUCI 12.8949
Model_1_goa_re_2019.dat 3 2032 SSBMedian 12.7744
Model_1_goa_re_2019.dat 3 2032 SSBMean 12.7838
Model_1_goa_re_2019.dat 3 2019 F0 0 
Model_1_goa_re_2019.dat 3 2019 Fabc 0.0399647
Model_1_goa_re_2019.dat 3 2019 Fofl 0.048207
Model_1_goa_re_2019.dat 3 2019  F_LCI 0.0258654
Model_1_goa_re_2019.dat 3 2019  F_UCI 0.0258654
Model_1_goa_re_2019.dat 3 2019  F_Median 0.0258654
Model_1_goa_re_2019.dat 3 2019  F_Mean 0.0258654
Model_1_goa_re_2019.dat 3 2020 F0 0 
Model_1_goa_re_2019.dat 3 2020 Fabc 0.0399647
Model_1_goa_re_2019.dat 3 2020 Fofl 0.048207
Model_1_goa_re_2019.dat 3 2020  F_LCI 0.0137612
Model_1_goa_re_2019.dat 3 2020  F_UCI 0.0137612
Model_1_goa_re_2019.dat 3 2020  F_Median 0.0137612
Model_1_goa_re_2019.dat 3 2020  F_Mean 0.0137612
Model_1_goa_re_2019.dat 3 2021 F0 0 
Model_1_goa_re_2019.dat 3 2021 Fabc 0.0399647
Model_1_goa_re_2019.dat 3 2021 Fofl 0.048207
Model_1_goa_re_2019.dat 3 2021  F_LCI 0.0199823
Model_1_goa_re_2019.dat 3 2021  F_UCI 0.0199823
Model_1_goa_re_2019.dat 3 2021  F_Median 0.0199823
Model_1_goa_re_2019.dat 3 2021  F_Mean 0.0199823
Model_1_goa_re_2019.dat 3 2022 F0 0 
Model_1_goa_re_2019.dat 3 2022 Fabc 0.0399647
Model_1_goa_re_2019.dat 3 2022 Fofl 0.048207
Model_1_goa_re_2019.dat 3 2022  F_LCI 0.0199823
Model_1_goa_re_2019.dat 3 2022  F_UCI 0.0199823
Model_1_goa_re_2019.dat 3 2022  F_Median 0.0199823
Model_1_goa_re_2019.dat 3 2022  F_Mean 0.0199823
Model_1_goa_re_2019.dat 3 2023 F0 0 
Model_1_goa_re_2019.dat 3 2023 Fabc 0.0399647
Model_1_goa_re_2019.dat 3 2023 Fofl 0.048207
Model_1_goa_re_2019.dat 3 2023  F_LCI 0.0199823
Model_1_goa_re_2019.dat 3 2023  F_UCI 0.0199823
Model_1_goa_re_2019.dat 3 2023  F_Median 0.0199823
Model_1_goa_re_2019.dat 3 2023  F_Mean 0.0199823
Model_1_goa_re_2019.dat 3 2024 F0 0 
Model_1_goa_re_2019.dat 3 2024 Fabc 0.0399647
Model_1_goa_re_2019.dat 3 2024 Fofl 0.048207
Model_1_goa_re_2019.dat 3 2024  F_LCI 0.0199823
Model_1_goa_re_2019.dat 3 2024  F_UCI 0.0199823
Model_1_goa_re_2019.dat 3 2024  F_Median 0.0199823
Model_1_goa_re_2019.dat 3 2024  F_Mean 0.0199823
Model_1_goa_re_2019.dat 3 2025 F0 0 
Model_1_goa_re_2019.dat 3 2025 Fabc 0.0399647
Model_1_goa_re_2019.dat 3 2025 Fofl 0.048207
Model_1_goa_re_2019.dat 3 2025  F_LCI 0.0199823
Model_1_goa_re_2019.dat 3 2025  F_UCI 0.0199823
Model_1_goa_re_2019.dat 3 2025  F_Median 0.0199823
Model_1_goa_re_2019.dat 3 2025  F_Mean 0.0199823
Model_1_goa_re_2019.dat 3 2026 F0 0 
Model_1_goa_re_2019.dat 3 2026 Fabc 0.0399647
Model_1_goa_re_2019.dat 3 2026 Fofl 0.048207
Model_1_goa_re_2019.dat 3 2026  F_LCI 0.0199823
Model_1_goa_re_2019.dat 3 2026  F_UCI 0.0199823
Model_1_goa_re_2019.dat 3 2026  F_Median 0.0199823
Model_1_goa_re_2019.dat 3 2026  F_Mean 0.0199823
Model_1_goa_re_2019.dat 3 2027 F0 0 
Model_1_goa_re_2019.dat 3 2027 Fabc 0.0399647
Model_1_goa_re_2019.dat 3 2027 Fofl 0.048207
Model_1_goa_re_2019.dat 3 2027  F_LCI 0.0199823
Model_1_goa_re_2019.dat 3 2027  F_UCI 0.0199823
Model_1_goa_re_2019.dat 3 2027  F_Median 0.0199823
Model_1_goa_re_2019.dat 3 2027  F_Mean 0.0199823
Model_1_goa_re_2019.dat 3 2028 F0 0 
Model_1_goa_re_2019.dat 3 2028 Fabc 0.0399647
Model_1_goa_re_2019.dat 3 2028 Fofl 0.048207
Model_1_goa_re_2019.dat 3 2028  F_LCI 0.0199823
Model_1_goa_re_2019.dat 3 2028  F_UCI 0.0199823
Model_1_goa_re_2019.dat 3 2028  F_Median 0.0199823
Model_1_goa_re_2019.dat 3 2028  F_Mean 0.0199823
Model_1_goa_re_2019.dat 3 2029 F0 0 
Model_1_goa_re_2019.dat 3 2029 Fabc 0.0399647
Model_1_goa_re_2019.dat 3 2029 Fofl 0.048207
Model_1_goa_re_2019.dat 3 2029  F_LCI 0.0199823
Model_1_goa_re_2019.dat 3 2029  F_UCI 0.0199823
Model_1_goa_re_2019.dat 3 2029  F_Median 0.0199823
Model_1_goa_re_2019.dat 3 2029  F_Mean 0.0199823
Model_1_goa_re_2019.dat 3 2030 F0 0 
Model_1_goa_re_2019.dat 3 2030 Fabc 0.0399647
Model_1_goa_re_2019.dat 3 2030 Fofl 0.048207
Model_1_goa_re_2019.dat 3 2030  F_LCI 0.0199823
Model_1_goa_re_2019.dat 3 2030  F_UCI 0.0199823
Model_1_goa_re_2019.dat 3 2030  F_Median 0.0199823
Model_1_goa_re_2019.dat 3 2030  F_Mean 0.0199823
Model_1_goa_re_2019.dat 3 2031 F0 0 
Model_1_goa_re_2019.dat 3 2031 Fabc 0.0399647
Model_1_goa_re_2019.dat 3 2031 Fofl 0.048207
Model_1_goa_re_2019.dat 3 2031  F_LCI 0.0199823
Model_1_goa_re_2019.dat 3 2031  F_UCI 0.0199823
Model_1_goa_re_2019.dat 3 2031  F_Median 0.0199823
Model_1_goa_re_2019.dat 3 2031  F_Mean 0.0199823
Model_1_goa_re_2019.dat 3 2032 F0 0 
Model_1_goa_re_2019.dat 3 2032 Fabc 0.0399647
Model_1_goa_re_2019.dat 3 2032 Fofl 0.048207
Model_1_goa_re_2019.dat 3 2032  F_LCI 0.0199823
Model_1_goa_re_2019.dat 3 2032  F_UCI 0.0199823
Model_1_goa_re_2019.dat 3 2032  F_Median 0.0199823
Model_1_goa_re_2019.dat 3 2032  F_Mean 0.0199823
Model_1_goa_re_2019.dat 4 2019 Cabc 0.840752
Model_1_goa_re_2019.dat 4 2019 Cofl 0.901601
Model_1_goa_re_2019.dat 4 2019 CLCI 0.790419
Model_1_goa_re_2019.dat 4 2019 CUCI 0.790419
Model_1_goa_re_2019.dat 4 2019 CMedian 0.790419
Model_1_goa_re_2019.dat 4 2019 CMean 0.790419
Model_1_goa_re_2019.dat 4 2020 Cabc 0.840752
Model_1_goa_re_2019.dat 4 2020 Cofl 0.901601
Model_1_goa_re_2019.dat 4 2020 CLCI 0.418805
Model_1_goa_re_2019.dat 4 2020 CUCI 0.418805
Model_1_goa_re_2019.dat 4 2020 CMedian 0.418805
Model_1_goa_re_2019.dat 4 2020 CMean 0.418805
Model_1_goa_re_2019.dat 4 2021 Cabc 0.840752
Model_1_goa_re_2019.dat 4 2021 Cofl 0.901601
Model_1_goa_re_2019.dat 4 2021 CLCI 0.608501
Model_1_goa_re_2019.dat 4 2021 CUCI 0.608505
Model_1_goa_re_2019.dat 4 2021 CMedian 0.608503
Model_1_goa_re_2019.dat 4 2021 CMean 0.608503
Model_1_goa_re_2019.dat 4 2022 Cabc 0.840752
Model_1_goa_re_2019.dat 4 2022 Cofl 0.901601
Model_1_goa_re_2019.dat 4 2022 CLCI 0.612612
Model_1_goa_re_2019.dat 4 2022 CUCI 0.61263
Model_1_goa_re_2019.dat 4 2022 CMedian 0.612619
Model_1_goa_re_2019.dat 4 2022 CMean 0.612619
Model_1_goa_re_2019.dat 4 2023 Cabc 0.840752
Model_1_goa_re_2019.dat 4 2023 Cofl 0.901601
Model_1_goa_re_2019.dat 4 2023 CLCI 0.608505
Model_1_goa_re_2019.dat 4 2023 CUCI 0.608569
Model_1_goa_re_2019.dat 4 2023 CMedian 0.608528
Model_1_goa_re_2019.dat 4 2023 CMean 0.608531
Model_1_goa_re_2019.dat 4 2024 Cabc 0.840752
Model_1_goa_re_2019.dat 4 2024 Cofl 0.901601
Model_1_goa_re_2019.dat 4 2024 CLCI 0.61084
Model_1_goa_re_2019.dat 4 2024 CUCI 0.611044
Model_1_goa_re_2019.dat 4 2024 CMedian 0.610915
Model_1_goa_re_2019.dat 4 2024 CMean 0.610924
Model_1_goa_re_2019.dat 4 2025 Cabc 0.840752
Model_1_goa_re_2019.dat 4 2025 Cofl 0.901601
Model_1_goa_re_2019.dat 4 2025 CLCI 0.621326
Model_1_goa_re_2019.dat 4 2025 CUCI 0.621854
Model_1_goa_re_2019.dat 4 2025 CMedian 0.621519
Model_1_goa_re_2019.dat 4 2025 CMean 0.621544
Model_1_goa_re_2019.dat 4 2026 Cabc 0.840752
Model_1_goa_re_2019.dat 4 2026 Cofl 0.901601
Model_1_goa_re_2019.dat 4 2026 CLCI 0.643353
Model_1_goa_re_2019.dat 4 2026 CUCI 0.644448
Model_1_goa_re_2019.dat 4 2026 CMedian 0.643765
Model_1_goa_re_2019.dat 4 2026 CMean 0.643817
Model_1_goa_re_2019.dat 4 2027 Cabc 0.840752
Model_1_goa_re_2019.dat 4 2027 Cofl 0.901601
Model_1_goa_re_2019.dat 4 2027 CLCI 0.636488
Model_1_goa_re_2019.dat 4 2027 CUCI 0.638331
Model_1_goa_re_2019.dat 4 2027 CMedian 0.637176
Model_1_goa_re_2019.dat 4 2027 CMean 0.63726
Model_1_goa_re_2019.dat 4 2028 Cabc 0.840752
Model_1_goa_re_2019.dat 4 2028 Cofl 0.901601
Model_1_goa_re_2019.dat 4 2028 CLCI 0.629668
Model_1_goa_re_2019.dat 4 2028 CUCI 0.632171
Model_1_goa_re_2019.dat 4 2028 CMedian 0.630698
Model_1_goa_re_2019.dat 4 2028 CMean 0.630782
Model_1_goa_re_2019.dat 4 2029 Cabc 0.840752
Model_1_goa_re_2019.dat 4 2029 Cofl 0.901601
Model_1_goa_re_2019.dat 4 2029 CLCI 0.626367
Model_1_goa_re_2019.dat 4 2029 CUCI 0.629285
Model_1_goa_re_2019.dat 4 2029 CMedian 0.627608
Model_1_goa_re_2019.dat 4 2029 CMean 0.627702
Model_1_goa_re_2019.dat 4 2030 Cabc 0.840752
Model_1_goa_re_2019.dat 4 2030 Cofl 0.901601
Model_1_goa_re_2019.dat 4 2030 CLCI 0.623535
Model_1_goa_re_2019.dat 4 2030 CUCI 0.627093
Model_1_goa_re_2019.dat 4 2030 CMedian 0.625057
Model_1_goa_re_2019.dat 4 2030 CMean 0.625161
Model_1_goa_re_2019.dat 4 2031 Cabc 0.840752
Model_1_goa_re_2019.dat 4 2031 Cofl 0.901601
Model_1_goa_re_2019.dat 4 2031 CLCI 0.618972
Model_1_goa_re_2019.dat 4 2031 CUCI 0.623941
Model_1_goa_re_2019.dat 4 2031 CMedian 0.620974
Model_1_goa_re_2019.dat 4 2031 CMean 0.621084
Model_1_goa_re_2019.dat 4 2032 Cabc 0.840752
Model_1_goa_re_2019.dat 4 2032 Cofl 0.901601
Model_1_goa_re_2019.dat 4 2032 CLCI 0.613627
Model_1_goa_re_2019.dat 4 2032 CUCI 0.623183
Model_1_goa_re_2019.dat 4 2032 CMedian 0.617081
Model_1_goa_re_2019.dat 4 2032 CMean 0.617559
Model_1_goa_re_2019.dat 4 2019 SSBF100 20.6581
Model_1_goa_re_2019.dat 4 2019 SSBFabc 8.26323
Model_1_goa_re_2019.dat 4 2019 SSBFofl 7.23033
Model_1_goa_re_2019.dat 4 2019 SSBLCI 12.477
Model_1_goa_re_2019.dat 4 2019 SSBUCI 12.477
Model_1_goa_re_2019.dat 4 2019 SSBMedian 12.477
Model_1_goa_re_2019.dat 4 2019 SSBMean 12.477
Model_1_goa_re_2019.dat 4 2020 SSBF100 20.6581
Model_1_goa_re_2019.dat 4 2020 SSBFabc 8.26323
Model_1_goa_re_2019.dat 4 2020 SSBFofl 7.23033
Model_1_goa_re_2019.dat 4 2020 SSBLCI 12.4609
Model_1_goa_re_2019.dat 4 2020 SSBUCI 12.4609
Model_1_goa_re_2019.dat 4 2020 SSBMedian 12.4609
Model_1_goa_re_2019.dat 4 2020 SSBMean 12.4609
Model_1_goa_re_2019.dat 4 2021 SSBF100 20.6581
Model_1_goa_re_2019.dat 4 2021 SSBFabc 8.26323
Model_1_goa_re_2019.dat 4 2021 SSBFofl 7.23033
Model_1_goa_re_2019.dat 4 2021 SSBLCI 12.4977
Model_1_goa_re_2019.dat 4 2021 SSBUCI 12.4977
Model_1_goa_re_2019.dat 4 2021 SSBMedian 12.4977
Model_1_goa_re_2019.dat 4 2021 SSBMean 12.4977
Model_1_goa_re_2019.dat 4 2022 SSBF100 20.6581
Model_1_goa_re_2019.dat 4 2022 SSBFabc 8.26323
Model_1_goa_re_2019.dat 4 2022 SSBFofl 7.23033
Model_1_goa_re_2019.dat 4 2022 SSBLCI 12.5081
Model_1_goa_re_2019.dat 4 2022 SSBUCI 12.5081
Model_1_goa_re_2019.dat 4 2022 SSBMedian 12.5081
Model_1_goa_re_2019.dat 4 2022 SSBMean 12.5081
Model_1_goa_re_2019.dat 4 2023 SSBF100 20.6581
Model_1_goa_re_2019.dat 4 2023 SSBFabc 8.26323
Model_1_goa_re_2019.dat 4 2023 SSBFofl 7.23033
Model_1_goa_re_2019.dat 4 2023 SSBLCI 12.5409
Model_1_goa_re_2019.dat 4 2023 SSBUCI 12.5409
Model_1_goa_re_2019.dat 4 2023 SSBMedian 12.5409
Model_1_goa_re_2019.dat 4 2023 SSBMean 12.5409
Model_1_goa_re_2019.dat 4 2024 SSBF100 20.6581
Model_1_goa_re_2019.dat 4 2024 SSBFabc 8.26323
Model_1_goa_re_2019.dat 4 2024 SSBFofl 7.23033
Model_1_goa_re_2019.dat 4 2024 SSBLCI 12.5761
Model_1_goa_re_2019.dat 4 2024 SSBUCI 12.5765
Model_1_goa_re_2019.dat 4 2024 SSBMedian 12.5763
Model_1_goa_re_2019.dat 4 2024 SSBMean 12.5763
Model_1_goa_re_2019.dat 4 2025 SSBF100 20.6581
Model_1_goa_re_2019.dat 4 2025 SSBFabc 8.26323
Model_1_goa_re_2019.dat 4 2025 SSBFofl 7.23033
Model_1_goa_re_2019.dat 4 2025 SSBLCI 12.6406
Model_1_goa_re_2019.dat 4 2025 SSBUCI 12.6415
Model_1_goa_re_2019.dat 4 2025 SSBMedian 12.641
Model_1_goa_re_2019.dat 4 2025 SSBMean 12.641
Model_1_goa_re_2019.dat 4 2026 SSBF100 20.6581
Model_1_goa_re_2019.dat 4 2026 SSBFabc 8.26323
Model_1_goa_re_2019.dat 4 2026 SSBFofl 7.23033
Model_1_goa_re_2019.dat 4 2026 SSBLCI 12.711
Model_1_goa_re_2019.dat 4 2026 SSBUCI 12.713
Model_1_goa_re_2019.dat 4 2026 SSBMedian 12.7117
Model_1_goa_re_2019.dat 4 2026 SSBMean 12.7118
Model_1_goa_re_2019.dat 4 2027 SSBF100 20.6581
Model_1_goa_re_2019.dat 4 2027 SSBFabc 8.26323
Model_1_goa_re_2019.dat 4 2027 SSBFofl 7.23033
Model_1_goa_re_2019.dat 4 2027 SSBLCI 12.7668
Model_1_goa_re_2019.dat 4 2027 SSBUCI 12.7726
Model_1_goa_re_2019.dat 4 2027 SSBMedian 12.7689
Model_1_goa_re_2019.dat 4 2027 SSBMean 12.7692
Model_1_goa_re_2019.dat 4 2028 SSBF100 20.6581
Model_1_goa_re_2019.dat 4 2028 SSBFabc 8.26323
Model_1_goa_re_2019.dat 4 2028 SSBFofl 7.23033
Model_1_goa_re_2019.dat 4 2028 SSBLCI 12.8018
Model_1_goa_re_2019.dat 4 2028 SSBUCI 12.8165
Model_1_goa_re_2019.dat 4 2028 SSBMedian 12.8071
Model_1_goa_re_2019.dat 4 2028 SSBMean 12.8078
Model_1_goa_re_2019.dat 4 2029 SSBF100 20.6581
Model_1_goa_re_2019.dat 4 2029 SSBFabc 8.26323
Model_1_goa_re_2019.dat 4 2029 SSBFofl 7.23033
Model_1_goa_re_2019.dat 4 2029 SSBLCI 12.8116
Model_1_goa_re_2019.dat 4 2029 SSBUCI 12.8432
Model_1_goa_re_2019.dat 4 2029 SSBMedian 12.8235
Model_1_goa_re_2019.dat 4 2029 SSBMean 12.8249
Model_1_goa_re_2019.dat 4 2030 SSBF100 20.6581
Model_1_goa_re_2019.dat 4 2030 SSBFabc 8.26323
Model_1_goa_re_2019.dat 4 2030 SSBFofl 7.23033
Model_1_goa_re_2019.dat 4 2030 SSBLCI 12.8013
Model_1_goa_re_2019.dat 4 2030 SSBUCI 12.8649
Model_1_goa_re_2019.dat 4 2030 SSBMedian 12.825
Model_1_goa_re_2019.dat 4 2030 SSBMean 12.8279
Model_1_goa_re_2019.dat 4 2031 SSBF100 20.6581
Model_1_goa_re_2019.dat 4 2031 SSBFabc 8.26323
Model_1_goa_re_2019.dat 4 2031 SSBFofl 7.23033
Model_1_goa_re_2019.dat 4 2031 SSBLCI 12.7752
Model_1_goa_re_2019.dat 4 2031 SSBUCI 12.8898
Model_1_goa_re_2019.dat 4 2031 SSBMedian 12.8183
Model_1_goa_re_2019.dat 4 2031 SSBMean 12.8232
Model_1_goa_re_2019.dat 4 2032 SSBF100 20.6581
Model_1_goa_re_2019.dat 4 2032 SSBFabc 8.26323
Model_1_goa_re_2019.dat 4 2032 SSBFofl 7.23033
Model_1_goa_re_2019.dat 4 2032 SSBLCI 12.7085
Model_1_goa_re_2019.dat 4 2032 SSBUCI 12.9016
Model_1_goa_re_2019.dat 4 2032 SSBMedian 12.7811
Model_1_goa_re_2019.dat 4 2032 SSBMean 12.7905
Model_1_goa_re_2019.dat 4 2019 F0 0 
Model_1_goa_re_2019.dat 4 2019 Fabc 0.0399647
Model_1_goa_re_2019.dat 4 2019 Fofl 0.048207
Model_1_goa_re_2019.dat 4 2019  F_LCI 0.0258654
Model_1_goa_re_2019.dat 4 2019  F_UCI 0.0258654
Model_1_goa_re_2019.dat 4 2019  F_Median 0.0258654
Model_1_goa_re_2019.dat 4 2019  F_Mean 0.0258654
Model_1_goa_re_2019.dat 4 2020 F0 0 
Model_1_goa_re_2019.dat 4 2020 Fabc 0.0399647
Model_1_goa_re_2019.dat 4 2020 Fofl 0.048207
Model_1_goa_re_2019.dat 4 2020  F_LCI 0.0137612
Model_1_goa_re_2019.dat 4 2020  F_UCI 0.0137612
Model_1_goa_re_2019.dat 4 2020  F_Median 0.0137612
Model_1_goa_re_2019.dat 4 2020  F_Mean 0.0137612
Model_1_goa_re_2019.dat 4 2021 F0 0 
Model_1_goa_re_2019.dat 4 2021 Fabc 0.0399647
Model_1_goa_re_2019.dat 4 2021 Fofl 0.048207
Model_1_goa_re_2019.dat 4 2021  F_LCI 0.0199282
Model_1_goa_re_2019.dat 4 2021  F_UCI 0.0199282
Model_1_goa_re_2019.dat 4 2021  F_Median 0.0199282
Model_1_goa_re_2019.dat 4 2021  F_Mean 0.0199282
Model_1_goa_re_2019.dat 4 2022 F0 0 
Model_1_goa_re_2019.dat 4 2022 Fabc 0.0399647
Model_1_goa_re_2019.dat 4 2022 Fofl 0.048207
Model_1_goa_re_2019.dat 4 2022  F_LCI 0.0199282
Model_1_goa_re_2019.dat 4 2022  F_UCI 0.0199282
Model_1_goa_re_2019.dat 4 2022  F_Median 0.0199282
Model_1_goa_re_2019.dat 4 2022  F_Mean 0.0199282
Model_1_goa_re_2019.dat 4 2023 F0 0 
Model_1_goa_re_2019.dat 4 2023 Fabc 0.0399647
Model_1_goa_re_2019.dat 4 2023 Fofl 0.048207
Model_1_goa_re_2019.dat 4 2023  F_LCI 0.0199282
Model_1_goa_re_2019.dat 4 2023  F_UCI 0.0199282
Model_1_goa_re_2019.dat 4 2023  F_Median 0.0199282
Model_1_goa_re_2019.dat 4 2023  F_Mean 0.0199282
Model_1_goa_re_2019.dat 4 2024 F0 0 
Model_1_goa_re_2019.dat 4 2024 Fabc 0.0399647
Model_1_goa_re_2019.dat 4 2024 Fofl 0.048207
Model_1_goa_re_2019.dat 4 2024  F_LCI 0.0199282
Model_1_goa_re_2019.dat 4 2024  F_UCI 0.0199282
Model_1_goa_re_2019.dat 4 2024  F_Median 0.0199282
Model_1_goa_re_2019.dat 4 2024  F_Mean 0.0199282
Model_1_goa_re_2019.dat 4 2025 F0 0 
Model_1_goa_re_2019.dat 4 2025 Fabc 0.0399647
Model_1_goa_re_2019.dat 4 2025 Fofl 0.048207
Model_1_goa_re_2019.dat 4 2025  F_LCI 0.0199282
Model_1_goa_re_2019.dat 4 2025  F_UCI 0.0199282
Model_1_goa_re_2019.dat 4 2025  F_Median 0.0199282
Model_1_goa_re_2019.dat 4 2025  F_Mean 0.0199282
Model_1_goa_re_2019.dat 4 2026 F0 0 
Model_1_goa_re_2019.dat 4 2026 Fabc 0.0399647
Model_1_goa_re_2019.dat 4 2026 Fofl 0.048207
Model_1_goa_re_2019.dat 4 2026  F_LCI 0.0199282
Model_1_goa_re_2019.dat 4 2026  F_UCI 0.0199282
Model_1_goa_re_2019.dat 4 2026  F_Median 0.0199282
Model_1_goa_re_2019.dat 4 2026  F_Mean 0.0199282
Model_1_goa_re_2019.dat 4 2027 F0 0 
Model_1_goa_re_2019.dat 4 2027 Fabc 0.0399647
Model_1_goa_re_2019.dat 4 2027 Fofl 0.048207
Model_1_goa_re_2019.dat 4 2027  F_LCI 0.0199282
Model_1_goa_re_2019.dat 4 2027  F_UCI 0.0199282
Model_1_goa_re_2019.dat 4 2027  F_Median 0.0199282
Model_1_goa_re_2019.dat 4 2027  F_Mean 0.0199282
Model_1_goa_re_2019.dat 4 2028 F0 0 
Model_1_goa_re_2019.dat 4 2028 Fabc 0.0399647
Model_1_goa_re_2019.dat 4 2028 Fofl 0.048207
Model_1_goa_re_2019.dat 4 2028  F_LCI 0.0199282
Model_1_goa_re_2019.dat 4 2028  F_UCI 0.0199282
Model_1_goa_re_2019.dat 4 2028  F_Median 0.0199282
Model_1_goa_re_2019.dat 4 2028  F_Mean 0.0199282
Model_1_goa_re_2019.dat 4 2029 F0 0 
Model_1_goa_re_2019.dat 4 2029 Fabc 0.0399647
Model_1_goa_re_2019.dat 4 2029 Fofl 0.048207
Model_1_goa_re_2019.dat 4 2029  F_LCI 0.0199282
Model_1_goa_re_2019.dat 4 2029  F_UCI 0.0199282
Model_1_goa_re_2019.dat 4 2029  F_Median 0.0199282
Model_1_goa_re_2019.dat 4 2029  F_Mean 0.0199282
Model_1_goa_re_2019.dat 4 2030 F0 0 
Model_1_goa_re_2019.dat 4 2030 Fabc 0.0399647
Model_1_goa_re_2019.dat 4 2030 Fofl 0.048207
Model_1_goa_re_2019.dat 4 2030  F_LCI 0.0199282
Model_1_goa_re_2019.dat 4 2030  F_UCI 0.0199282
Model_1_goa_re_2019.dat 4 2030  F_Median 0.0199282
Model_1_goa_re_2019.dat 4 2030  F_Mean 0.0199282
Model_1_goa_re_2019.dat 4 2031 F0 0 
Model_1_goa_re_2019.dat 4 2031 Fabc 0.0399647
Model_1_goa_re_2019.dat 4 2031 Fofl 0.048207
Model_1_goa_re_2019.dat 4 2031  F_LCI 0.0199282
Model_1_goa_re_2019.dat 4 2031  F_UCI 0.0199282
Model_1_goa_re_2019.dat 4 2031  F_Median 0.0199282
Model_1_goa_re_2019.dat 4 2031  F_Mean 0.0199282
Model_1_goa_re_2019.dat 4 2032 F0 0 
Model_1_goa_re_2019.dat 4 2032 Fabc 0.0399647
Model_1_goa_re_2019.dat 4 2032 Fofl 0.048207
Model_1_goa_re_2019.dat 4 2032  F_LCI 0.0199282
Model_1_goa_re_2019.dat 4 2032  F_UCI 0.0199282
Model_1_goa_re_2019.dat 4 2032  F_Median 0.0199282
Model_1_goa_re_2019.dat 4 2032  F_Mean 0.0199282
Model_1_goa_re_2019.dat 5 2019 Cabc 0.840752
Model_1_goa_re_2019.dat 5 2019 Cofl 0.901601
Model_1_goa_re_2019.dat 5 2019 CLCI 0.790419
Model_1_goa_re_2019.dat 5 2019 CUCI 0.790419
Model_1_goa_re_2019.dat 5 2019 CMedian 0.790419
Model_1_goa_re_2019.dat 5 2019 CMean 0.790419
Model_1_goa_re_2019.dat 5 2020 Cabc 0.840752
Model_1_goa_re_2019.dat 5 2020 Cofl 0.901601
Model_1_goa_re_2019.dat 5 2020 CLCI 0.418805
Model_1_goa_re_2019.dat 5 2020 CUCI 0.418805
Model_1_goa_re_2019.dat 5 2020 CMedian 0.418805
Model_1_goa_re_2019.dat 5 2020 CMean 0.418805
Model_1_goa_re_2019.dat 5 2021 Cabc 0.840752
Model_1_goa_re_2019.dat 5 2021 Cofl 0.901601
Model_1_goa_re_2019.dat 5 2021 CLCI 0
Model_1_goa_re_2019.dat 5 2021 CUCI 0
Model_1_goa_re_2019.dat 5 2021 CMedian 0
Model_1_goa_re_2019.dat 5 2021 CMean 0
Model_1_goa_re_2019.dat 5 2022 Cabc 0.840752
Model_1_goa_re_2019.dat 5 2022 Cofl 0.901601
Model_1_goa_re_2019.dat 5 2022 CLCI 0
Model_1_goa_re_2019.dat 5 2022 CUCI 0
Model_1_goa_re_2019.dat 5 2022 CMedian 0
Model_1_goa_re_2019.dat 5 2022 CMean 0
Model_1_goa_re_2019.dat 5 2023 Cabc 0.840752
Model_1_goa_re_2019.dat 5 2023 Cofl 0.901601
Model_1_goa_re_2019.dat 5 2023 CLCI 0
Model_1_goa_re_2019.dat 5 2023 CUCI 0
Model_1_goa_re_2019.dat 5 2023 CMedian 0
Model_1_goa_re_2019.dat 5 2023 CMean 0
Model_1_goa_re_2019.dat 5 2024 Cabc 0.840752
Model_1_goa_re_2019.dat 5 2024 Cofl 0.901601
Model_1_goa_re_2019.dat 5 2024 CLCI 0
Model_1_goa_re_2019.dat 5 2024 CUCI 0
Model_1_goa_re_2019.dat 5 2024 CMedian 0
Model_1_goa_re_2019.dat 5 2024 CMean 0
Model_1_goa_re_2019.dat 5 2025 Cabc 0.840752
Model_1_goa_re_2019.dat 5 2025 Cofl 0.901601
Model_1_goa_re_2019.dat 5 2025 CLCI 0
Model_1_goa_re_2019.dat 5 2025 CUCI 0
Model_1_goa_re_2019.dat 5 2025 CMedian 0
Model_1_goa_re_2019.dat 5 2025 CMean 0
Model_1_goa_re_2019.dat 5 2026 Cabc 0.840752
Model_1_goa_re_2019.dat 5 2026 Cofl 0.901601
Model_1_goa_re_2019.dat 5 2026 CLCI 0
Model_1_goa_re_2019.dat 5 2026 CUCI 0
Model_1_goa_re_2019.dat 5 2026 CMedian 0
Model_1_goa_re_2019.dat 5 2026 CMean 0
Model_1_goa_re_2019.dat 5 2027 Cabc 0.840752
Model_1_goa_re_2019.dat 5 2027 Cofl 0.901601
Model_1_goa_re_2019.dat 5 2027 CLCI 0
Model_1_goa_re_2019.dat 5 2027 CUCI 0
Model_1_goa_re_2019.dat 5 2027 CMedian 0
Model_1_goa_re_2019.dat 5 2027 CMean 0
Model_1_goa_re_2019.dat 5 2028 Cabc 0.840752
Model_1_goa_re_2019.dat 5 2028 Cofl 0.901601
Model_1_goa_re_2019.dat 5 2028 CLCI 0
Model_1_goa_re_2019.dat 5 2028 CUCI 0
Model_1_goa_re_2019.dat 5 2028 CMedian 0
Model_1_goa_re_2019.dat 5 2028 CMean 0
Model_1_goa_re_2019.dat 5 2029 Cabc 0.840752
Model_1_goa_re_2019.dat 5 2029 Cofl 0.901601
Model_1_goa_re_2019.dat 5 2029 CLCI 0
Model_1_goa_re_2019.dat 5 2029 CUCI 0
Model_1_goa_re_2019.dat 5 2029 CMedian 0
Model_1_goa_re_2019.dat 5 2029 CMean 0
Model_1_goa_re_2019.dat 5 2030 Cabc 0.840752
Model_1_goa_re_2019.dat 5 2030 Cofl 0.901601
Model_1_goa_re_2019.dat 5 2030 CLCI 0
Model_1_goa_re_2019.dat 5 2030 CUCI 0
Model_1_goa_re_2019.dat 5 2030 CMedian 0
Model_1_goa_re_2019.dat 5 2030 CMean 0
Model_1_goa_re_2019.dat 5 2031 Cabc 0.840752
Model_1_goa_re_2019.dat 5 2031 Cofl 0.901601
Model_1_goa_re_2019.dat 5 2031 CLCI 0
Model_1_goa_re_2019.dat 5 2031 CUCI 0
Model_1_goa_re_2019.dat 5 2031 CMedian 0
Model_1_goa_re_2019.dat 5 2031 CMean 0
Model_1_goa_re_2019.dat 5 2032 Cabc 0.840752
Model_1_goa_re_2019.dat 5 2032 Cofl 0.901601
Model_1_goa_re_2019.dat 5 2032 CLCI 0
Model_1_goa_re_2019.dat 5 2032 CUCI 0
Model_1_goa_re_2019.dat 5 2032 CMedian 0
Model_1_goa_re_2019.dat 5 2032 CMean 0
Model_1_goa_re_2019.dat 5 2019 SSBF100 20.6581
Model_1_goa_re_2019.dat 5 2019 SSBFabc 8.26323
Model_1_goa_re_2019.dat 5 2019 SSBFofl 7.23033
Model_1_goa_re_2019.dat 5 2019 SSBLCI 12.477
Model_1_goa_re_2019.dat 5 2019 SSBUCI 12.477
Model_1_goa_re_2019.dat 5 2019 SSBMedian 12.477
Model_1_goa_re_2019.dat 5 2019 SSBMean 12.477
Model_1_goa_re_2019.dat 5 2020 SSBF100 20.6581
Model_1_goa_re_2019.dat 5 2020 SSBFabc 8.26323
Model_1_goa_re_2019.dat 5 2020 SSBFofl 7.23033
Model_1_goa_re_2019.dat 5 2020 SSBLCI 12.4609
Model_1_goa_re_2019.dat 5 2020 SSBUCI 12.4609
Model_1_goa_re_2019.dat 5 2020 SSBMedian 12.4609
Model_1_goa_re_2019.dat 5 2020 SSBMean 12.4609
Model_1_goa_re_2019.dat 5 2021 SSBF100 20.6581
Model_1_goa_re_2019.dat 5 2021 SSBFabc 8.26323
Model_1_goa_re_2019.dat 5 2021 SSBFofl 7.23033
Model_1_goa_re_2019.dat 5 2021 SSBLCI 12.5997
Model_1_goa_re_2019.dat 5 2021 SSBUCI 12.5997
Model_1_goa_re_2019.dat 5 2021 SSBMedian 12.5997
Model_1_goa_re_2019.dat 5 2021 SSBMean 12.5997
Model_1_goa_re_2019.dat 5 2022 SSBF100 20.6581
Model_1_goa_re_2019.dat 5 2022 SSBFabc 8.26323
Model_1_goa_re_2019.dat 5 2022 SSBFofl 7.23033
Model_1_goa_re_2019.dat 5 2022 SSBLCI 12.8553
Model_1_goa_re_2019.dat 5 2022 SSBUCI 12.8553
Model_1_goa_re_2019.dat 5 2022 SSBMedian 12.8553
Model_1_goa_re_2019.dat 5 2022 SSBMean 12.8553
Model_1_goa_re_2019.dat 5 2023 SSBF100 20.6581
Model_1_goa_re_2019.dat 5 2023 SSBFabc 8.26323
Model_1_goa_re_2019.dat 5 2023 SSBFofl 7.23033
Model_1_goa_re_2019.dat 5 2023 SSBLCI 13.1345
Model_1_goa_re_2019.dat 5 2023 SSBUCI 13.1345
Model_1_goa_re_2019.dat 5 2023 SSBMedian 13.1345
Model_1_goa_re_2019.dat 5 2023 SSBMean 13.1345
Model_1_goa_re_2019.dat 5 2024 SSBF100 20.6581
Model_1_goa_re_2019.dat 5 2024 SSBFabc 8.26323
Model_1_goa_re_2019.dat 5 2024 SSBFofl 7.23033
Model_1_goa_re_2019.dat 5 2024 SSBLCI 13.4147
Model_1_goa_re_2019.dat 5 2024 SSBUCI 13.4151
Model_1_goa_re_2019.dat 5 2024 SSBMedian 13.4148
Model_1_goa_re_2019.dat 5 2024 SSBMean 13.4149
Model_1_goa_re_2019.dat 5 2025 SSBF100 20.6581
Model_1_goa_re_2019.dat 5 2025 SSBFabc 8.26323
Model_1_goa_re_2019.dat 5 2025 SSBFofl 7.23033
Model_1_goa_re_2019.dat 5 2025 SSBLCI 13.7246
Model_1_goa_re_2019.dat 5 2025 SSBUCI 13.7254
Model_1_goa_re_2019.dat 5 2025 SSBMedian 13.7249
Model_1_goa_re_2019.dat 5 2025 SSBMean 13.7249
Model_1_goa_re_2019.dat 5 2026 SSBF100 20.6581
Model_1_goa_re_2019.dat 5 2026 SSBFabc 8.26323
Model_1_goa_re_2019.dat 5 2026 SSBFofl 7.23033
Model_1_goa_re_2019.dat 5 2026 SSBLCI 14.0415
Model_1_goa_re_2019.dat 5 2026 SSBUCI 14.0436
Model_1_goa_re_2019.dat 5 2026 SSBMedian 14.0423
Model_1_goa_re_2019.dat 5 2026 SSBMean 14.0424
Model_1_goa_re_2019.dat 5 2027 SSBF100 20.6581
Model_1_goa_re_2019.dat 5 2027 SSBFabc 8.26323
Model_1_goa_re_2019.dat 5 2027 SSBFofl 7.23033
Model_1_goa_re_2019.dat 5 2027 SSBLCI 14.345
Model_1_goa_re_2019.dat 5 2027 SSBUCI 14.3508
Model_1_goa_re_2019.dat 5 2027 SSBMedian 14.3471
Model_1_goa_re_2019.dat 5 2027 SSBMean 14.3474
Model_1_goa_re_2019.dat 5 2028 SSBF100 20.6581
Model_1_goa_re_2019.dat 5 2028 SSBFabc 8.26323
Model_1_goa_re_2019.dat 5 2028 SSBFofl 7.23033
Model_1_goa_re_2019.dat 5 2028 SSBLCI 14.6248
Model_1_goa_re_2019.dat 5 2028 SSBUCI 14.6395
Model_1_goa_re_2019.dat 5 2028 SSBMedian 14.6302
Model_1_goa_re_2019.dat 5 2028 SSBMean 14.6309
Model_1_goa_re_2019.dat 5 2029 SSBF100 20.6581
Model_1_goa_re_2019.dat 5 2029 SSBFabc 8.26323
Model_1_goa_re_2019.dat 5 2029 SSBFofl 7.23033
Model_1_goa_re_2019.dat 5 2029 SSBLCI 14.8751
Model_1_goa_re_2019.dat 5 2029 SSBUCI 14.9068
Model_1_goa_re_2019.dat 5 2029 SSBMedian 14.887
Model_1_goa_re_2019.dat 5 2029 SSBMean 14.8885
Model_1_goa_re_2019.dat 5 2030 SSBF100 20.6581
Model_1_goa_re_2019.dat 5 2030 SSBFabc 8.26323
Model_1_goa_re_2019.dat 5 2030 SSBFofl 7.23033
Model_1_goa_re_2019.dat 5 2030 SSBLCI 15.1006
Model_1_goa_re_2019.dat 5 2030 SSBUCI 15.1647
Model_1_goa_re_2019.dat 5 2030 SSBMedian 15.1244
Model_1_goa_re_2019.dat 5 2030 SSBMean 15.1274
Model_1_goa_re_2019.dat 5 2031 SSBF100 20.6581
Model_1_goa_re_2019.dat 5 2031 SSBFabc 8.26323
Model_1_goa_re_2019.dat 5 2031 SSBFofl 7.23033
Model_1_goa_re_2019.dat 5 2031 SSBLCI 15.3049
Model_1_goa_re_2019.dat 5 2031 SSBUCI 15.4204
Model_1_goa_re_2019.dat 5 2031 SSBMedian 15.3484
Model_1_goa_re_2019.dat 5 2031 SSBMean 15.3534
Model_1_goa_re_2019.dat 5 2032 SSBF100 20.6581
Model_1_goa_re_2019.dat 5 2032 SSBFabc 8.26323
Model_1_goa_re_2019.dat 5 2032 SSBFofl 7.23033
Model_1_goa_re_2019.dat 5 2032 SSBLCI 15.4568
Model_1_goa_re_2019.dat 5 2032 SSBUCI 15.6522
Model_1_goa_re_2019.dat 5 2032 SSBMedian 15.5301
Model_1_goa_re_2019.dat 5 2032 SSBMean 15.5397
Model_1_goa_re_2019.dat 5 2019 F0 0 
Model_1_goa_re_2019.dat 5 2019 Fabc 0.0399647
Model_1_goa_re_2019.dat 5 2019 Fofl 0.048207
Model_1_goa_re_2019.dat 5 2019  F_LCI 0.0258654
Model_1_goa_re_2019.dat 5 2019  F_UCI 0.0258654
Model_1_goa_re_2019.dat 5 2019  F_Median 0.0258654
Model_1_goa_re_2019.dat 5 2019  F_Mean 0.0258654
Model_1_goa_re_2019.dat 5 2020 F0 0 
Model_1_goa_re_2019.dat 5 2020 Fabc 0.0399647
Model_1_goa_re_2019.dat 5 2020 Fofl 0.048207
Model_1_goa_re_2019.dat 5 2020  F_LCI 0.0137612
Model_1_goa_re_2019.dat 5 2020  F_UCI 0.0137612
Model_1_goa_re_2019.dat 5 2020  F_Median 0.0137612
Model_1_goa_re_2019.dat 5 2020  F_Mean 0.0137612
Model_1_goa_re_2019.dat 5 2021 F0 0 
Model_1_goa_re_2019.dat 5 2021 Fabc 0.0399647
Model_1_goa_re_2019.dat 5 2021 Fofl 0.048207
Model_1_goa_re_2019.dat 5 2021  F_LCI 0
Model_1_goa_re_2019.dat 5 2021  F_UCI 0
Model_1_goa_re_2019.dat 5 2021  F_Median 0
Model_1_goa_re_2019.dat 5 2021  F_Mean 0
Model_1_goa_re_2019.dat 5 2022 F0 0 
Model_1_goa_re_2019.dat 5 2022 Fabc 0.0399647
Model_1_goa_re_2019.dat 5 2022 Fofl 0.048207
Model_1_goa_re_2019.dat 5 2022  F_LCI 0
Model_1_goa_re_2019.dat 5 2022  F_UCI 0
Model_1_goa_re_2019.dat 5 2022  F_Median 0
Model_1_goa_re_2019.dat 5 2022  F_Mean 0
Model_1_goa_re_2019.dat 5 2023 F0 0 
Model_1_goa_re_2019.dat 5 2023 Fabc 0.0399647
Model_1_goa_re_2019.dat 5 2023 Fofl 0.048207
Model_1_goa_re_2019.dat 5 2023  F_LCI 0
Model_1_goa_re_2019.dat 5 2023  F_UCI 0
Model_1_goa_re_2019.dat 5 2023  F_Median 0
Model_1_goa_re_2019.dat 5 2023  F_Mean 0
Model_1_goa_re_2019.dat 5 2024 F0 0 
Model_1_goa_re_2019.dat 5 2024 Fabc 0.0399647
Model_1_goa_re_2019.dat 5 2024 Fofl 0.048207
Model_1_goa_re_2019.dat 5 2024  F_LCI 0
Model_1_goa_re_2019.dat 5 2024  F_UCI 0
Model_1_goa_re_2019.dat 5 2024  F_Median 0
Model_1_goa_re_2019.dat 5 2024  F_Mean 0
Model_1_goa_re_2019.dat 5 2025 F0 0 
Model_1_goa_re_2019.dat 5 2025 Fabc 0.0399647
Model_1_goa_re_2019.dat 5 2025 Fofl 0.048207
Model_1_goa_re_2019.dat 5 2025  F_LCI 0
Model_1_goa_re_2019.dat 5 2025  F_UCI 0
Model_1_goa_re_2019.dat 5 2025  F_Median 0
Model_1_goa_re_2019.dat 5 2025  F_Mean 0
Model_1_goa_re_2019.dat 5 2026 F0 0 
Model_1_goa_re_2019.dat 5 2026 Fabc 0.0399647
Model_1_goa_re_2019.dat 5 2026 Fofl 0.048207
Model_1_goa_re_2019.dat 5 2026  F_LCI 0
Model_1_goa_re_2019.dat 5 2026  F_UCI 0
Model_1_goa_re_2019.dat 5 2026  F_Median 0
Model_1_goa_re_2019.dat 5 2026  F_Mean 0
Model_1_goa_re_2019.dat 5 2027 F0 0 
Model_1_goa_re_2019.dat 5 2027 Fabc 0.0399647
Model_1_goa_re_2019.dat 5 2027 Fofl 0.048207
Model_1_goa_re_2019.dat 5 2027  F_LCI 0
Model_1_goa_re_2019.dat 5 2027  F_UCI 0
Model_1_goa_re_2019.dat 5 2027  F_Median 0
Model_1_goa_re_2019.dat 5 2027  F_Mean 0
Model_1_goa_re_2019.dat 5 2028 F0 0 
Model_1_goa_re_2019.dat 5 2028 Fabc 0.0399647
Model_1_goa_re_2019.dat 5 2028 Fofl 0.048207
Model_1_goa_re_2019.dat 5 2028  F_LCI 0
Model_1_goa_re_2019.dat 5 2028  F_UCI 0
Model_1_goa_re_2019.dat 5 2028  F_Median 0
Model_1_goa_re_2019.dat 5 2028  F_Mean 0
Model_1_goa_re_2019.dat 5 2029 F0 0 
Model_1_goa_re_2019.dat 5 2029 Fabc 0.0399647
Model_1_goa_re_2019.dat 5 2029 Fofl 0.048207
Model_1_goa_re_2019.dat 5 2029  F_LCI 0
Model_1_goa_re_2019.dat 5 2029  F_UCI 0
Model_1_goa_re_2019.dat 5 2029  F_Median 0
Model_1_goa_re_2019.dat 5 2029  F_Mean 0
Model_1_goa_re_2019.dat 5 2030 F0 0 
Model_1_goa_re_2019.dat 5 2030 Fabc 0.0399647
Model_1_goa_re_2019.dat 5 2030 Fofl 0.048207
Model_1_goa_re_2019.dat 5 2030  F_LCI 0
Model_1_goa_re_2019.dat 5 2030  F_UCI 0
Model_1_goa_re_2019.dat 5 2030  F_Median 0
Model_1_goa_re_2019.dat 5 2030  F_Mean 0
Model_1_goa_re_2019.dat 5 2031 F0 0 
Model_1_goa_re_2019.dat 5 2031 Fabc 0.0399647
Model_1_goa_re_2019.dat 5 2031 Fofl 0.048207
Model_1_goa_re_2019.dat 5 2031  F_LCI 0
Model_1_goa_re_2019.dat 5 2031  F_UCI 0
Model_1_goa_re_2019.dat 5 2031  F_Median 0
Model_1_goa_re_2019.dat 5 2031  F_Mean 0
Model_1_goa_re_2019.dat 5 2032 F0 0 
Model_1_goa_re_2019.dat 5 2032 Fabc 0.0399647
Model_1_goa_re_2019.dat 5 2032 Fofl 0.048207
Model_1_goa_re_2019.dat 5 2032  F_LCI 0
Model_1_goa_re_2019.dat 5 2032  F_UCI 0
Model_1_goa_re_2019.dat 5 2032  F_Median 0
Model_1_goa_re_2019.dat 5 2032  F_Mean 0
Model_1_goa_re_2019.dat 6 2019 Cabc 0.840752
Model_1_goa_re_2019.dat 6 2019 Cofl 0.901601
Model_1_goa_re_2019.dat 6 2019 CLCI 0.790419
Model_1_goa_re_2019.dat 6 2019 CUCI 0.790419
Model_1_goa_re_2019.dat 6 2019 CMedian 0.790419
Model_1_goa_re_2019.dat 6 2019 CMean 0.790419
Model_1_goa_re_2019.dat 6 2020 Cabc 0.840752
Model_1_goa_re_2019.dat 6 2020 Cofl 0.901601
Model_1_goa_re_2019.dat 6 2020 CLCI 1.44295
Model_1_goa_re_2019.dat 6 2020 CUCI 1.44296
Model_1_goa_re_2019.dat 6 2020 CMedian 1.44295
Model_1_goa_re_2019.dat 6 2020 CMean 1.44295
Model_1_goa_re_2019.dat 6 2021 Cabc 0.840752
Model_1_goa_re_2019.dat 6 2021 Cofl 0.901601
Model_1_goa_re_2019.dat 6 2021 CLCI 1.40562
Model_1_goa_re_2019.dat 6 2021 CUCI 1.40563
Model_1_goa_re_2019.dat 6 2021 CMedian 1.40562
Model_1_goa_re_2019.dat 6 2021 CMean 1.40562
Model_1_goa_re_2019.dat 6 2022 Cabc 0.840752
Model_1_goa_re_2019.dat 6 2022 Cofl 0.901601
Model_1_goa_re_2019.dat 6 2022 CLCI 1.37991
Model_1_goa_re_2019.dat 6 2022 CUCI 1.37995
Model_1_goa_re_2019.dat 6 2022 CMedian 1.37992
Model_1_goa_re_2019.dat 6 2022 CMean 1.37992
Model_1_goa_re_2019.dat 6 2023 Cabc 0.840752
Model_1_goa_re_2019.dat 6 2023 Cofl 0.901601
Model_1_goa_re_2019.dat 6 2023 CLCI 1.33689
Model_1_goa_re_2019.dat 6 2023 CUCI 1.33704
Model_1_goa_re_2019.dat 6 2023 CMedian 1.33695
Model_1_goa_re_2019.dat 6 2023 CMean 1.33695
Model_1_goa_re_2019.dat 6 2024 Cabc 0.840752
Model_1_goa_re_2019.dat 6 2024 Cofl 0.901601
Model_1_goa_re_2019.dat 6 2024 CLCI 1.31163
Model_1_goa_re_2019.dat 6 2024 CUCI 1.31212
Model_1_goa_re_2019.dat 6 2024 CMedian 1.31181
Model_1_goa_re_2019.dat 6 2024 CMean 1.31183
Model_1_goa_re_2019.dat 6 2025 Cabc 0.840752
Model_1_goa_re_2019.dat 6 2025 Cofl 0.901601
Model_1_goa_re_2019.dat 6 2025 CLCI 1.30749
Model_1_goa_re_2019.dat 6 2025 CUCI 1.30876
Model_1_goa_re_2019.dat 6 2025 CMedian 1.30796
Model_1_goa_re_2019.dat 6 2025 CMean 1.30801
Model_1_goa_re_2019.dat 6 2026 Cabc 0.840752
Model_1_goa_re_2019.dat 6 2026 Cofl 0.901601
Model_1_goa_re_2019.dat 6 2026 CLCI 1.33124
Model_1_goa_re_2019.dat 6 2026 CUCI 1.33388
Model_1_goa_re_2019.dat 6 2026 CMedian 1.33223
Model_1_goa_re_2019.dat 6 2026 CMean 1.33236
Model_1_goa_re_2019.dat 6 2027 Cabc 0.840752
Model_1_goa_re_2019.dat 6 2027 Cofl 0.901601
Model_1_goa_re_2019.dat 6 2027 CLCI 1.28767
Model_1_goa_re_2019.dat 6 2027 CUCI 1.2921
Model_1_goa_re_2019.dat 6 2027 CMedian 1.28932
Model_1_goa_re_2019.dat 6 2027 CMean 1.28952
Model_1_goa_re_2019.dat 6 2028 Cabc 0.840752
Model_1_goa_re_2019.dat 6 2028 Cofl 0.901601
Model_1_goa_re_2019.dat 6 2028 CLCI 1.24658
Model_1_goa_re_2019.dat 6 2028 CUCI 1.25261
Model_1_goa_re_2019.dat 6 2028 CMedian 1.24906
Model_1_goa_re_2019.dat 6 2028 CMean 1.24927
Model_1_goa_re_2019.dat 6 2029 Cabc 0.840752
Model_1_goa_re_2019.dat 6 2029 Cofl 0.901601
Model_1_goa_re_2019.dat 6 2029 CLCI 1.21602
Model_1_goa_re_2019.dat 6 2029 CUCI 1.22303
Model_1_goa_re_2019.dat 6 2029 CMedian 1.219
Model_1_goa_re_2019.dat 6 2029 CMean 1.21923
Model_1_goa_re_2019.dat 6 2030 Cabc 0.840752
Model_1_goa_re_2019.dat 6 2030 Cofl 0.901601
Model_1_goa_re_2019.dat 6 2030 CLCI 1.18842
Model_1_goa_re_2019.dat 6 2030 CUCI 1.19696
Model_1_goa_re_2019.dat 6 2030 CMedian 1.19209
Model_1_goa_re_2019.dat 6 2030 CMean 1.19234
Model_1_goa_re_2019.dat 6 2031 Cabc 0.840752
Model_1_goa_re_2019.dat 6 2031 Cofl 0.901601
Model_1_goa_re_2019.dat 6 2031 CLCI 1.15856
Model_1_goa_re_2019.dat 6 2031 CUCI 1.17045
Model_1_goa_re_2019.dat 6 2031 CMedian 1.16336
Model_1_goa_re_2019.dat 6 2031 CMean 1.16361
Model_1_goa_re_2019.dat 6 2032 Cabc 0.840752
Model_1_goa_re_2019.dat 6 2032 Cofl 0.901601
Model_1_goa_re_2019.dat 6 2032 CLCI 1.12859
Model_1_goa_re_2019.dat 6 2032 CUCI 1.15136
Model_1_goa_re_2019.dat 6 2032 CMedian 1.13677
Model_1_goa_re_2019.dat 6 2032 CMean 1.13796
Model_1_goa_re_2019.dat 6 2019 SSBF100 20.6581
Model_1_goa_re_2019.dat 6 2019 SSBFabc 8.26323
Model_1_goa_re_2019.dat 6 2019 SSBFofl 7.23033
Model_1_goa_re_2019.dat 6 2019 SSBLCI 12.477
Model_1_goa_re_2019.dat 6 2019 SSBUCI 12.477
Model_1_goa_re_2019.dat 6 2019 SSBMedian 12.477
Model_1_goa_re_2019.dat 6 2019 SSBMean 12.477
Model_1_goa_re_2019.dat 6 2020 SSBF100 20.6581
Model_1_goa_re_2019.dat 6 2020 SSBFabc 8.26323
Model_1_goa_re_2019.dat 6 2020 SSBFofl 7.23033
Model_1_goa_re_2019.dat 6 2020 SSBLCI 12.2869
Model_1_goa_re_2019.dat 6 2020 SSBUCI 12.2869
Model_1_goa_re_2019.dat 6 2020 SSBMedian 12.2869
Model_1_goa_re_2019.dat 6 2020 SSBMean 12.2869
Model_1_goa_re_2019.dat 6 2021 SSBF100 20.6581
Model_1_goa_re_2019.dat 6 2021 SSBFabc 8.26323
Model_1_goa_re_2019.dat 6 2021 SSBFofl 7.23033
Model_1_goa_re_2019.dat 6 2021 SSBLCI 11.95
Model_1_goa_re_2019.dat 6 2021 SSBUCI 11.95
Model_1_goa_re_2019.dat 6 2021 SSBMedian 11.95
Model_1_goa_re_2019.dat 6 2021 SSBMean 11.95
Model_1_goa_re_2019.dat 6 2022 SSBF100 20.6581
Model_1_goa_re_2019.dat 6 2022 SSBFabc 8.26323
Model_1_goa_re_2019.dat 6 2022 SSBFofl 7.23033
Model_1_goa_re_2019.dat 6 2022 SSBLCI 11.6458
Model_1_goa_re_2019.dat 6 2022 SSBUCI 11.6458
Model_1_goa_re_2019.dat 6 2022 SSBMedian 11.6458
Model_1_goa_re_2019.dat 6 2022 SSBMean 11.6458
Model_1_goa_re_2019.dat 6 2023 SSBF100 20.6581
Model_1_goa_re_2019.dat 6 2023 SSBFabc 8.26323
Model_1_goa_re_2019.dat 6 2023 SSBFofl 7.23033
Model_1_goa_re_2019.dat 6 2023 SSBLCI 11.3785
Model_1_goa_re_2019.dat 6 2023 SSBUCI 11.3785
Model_1_goa_re_2019.dat 6 2023 SSBMedian 11.3785
Model_1_goa_re_2019.dat 6 2023 SSBMean 11.3785
Model_1_goa_re_2019.dat 6 2024 SSBF100 20.6581
Model_1_goa_re_2019.dat 6 2024 SSBFabc 8.26323
Model_1_goa_re_2019.dat 6 2024 SSBFofl 7.23033
Model_1_goa_re_2019.dat 6 2024 SSBLCI 11.1314
Model_1_goa_re_2019.dat 6 2024 SSBUCI 11.1317
Model_1_goa_re_2019.dat 6 2024 SSBMedian 11.1315
Model_1_goa_re_2019.dat 6 2024 SSBMean 11.1315
Model_1_goa_re_2019.dat 6 2025 SSBF100 20.6581
Model_1_goa_re_2019.dat 6 2025 SSBFabc 8.26323
Model_1_goa_re_2019.dat 6 2025 SSBFofl 7.23033
Model_1_goa_re_2019.dat 6 2025 SSBLCI 10.9266
Model_1_goa_re_2019.dat 6 2025 SSBUCI 10.9275
Model_1_goa_re_2019.dat 6 2025 SSBMedian 10.9269
Model_1_goa_re_2019.dat 6 2025 SSBMean 10.927
Model_1_goa_re_2019.dat 6 2026 SSBF100 20.6581
Model_1_goa_re_2019.dat 6 2026 SSBFabc 8.26323
Model_1_goa_re_2019.dat 6 2026 SSBFofl 7.23033
Model_1_goa_re_2019.dat 6 2026 SSBLCI 10.7386
Model_1_goa_re_2019.dat 6 2026 SSBUCI 10.7406
Model_1_goa_re_2019.dat 6 2026 SSBMedian 10.7393
Model_1_goa_re_2019.dat 6 2026 SSBMean 10.7394
Model_1_goa_re_2019.dat 6 2027 SSBF100 20.6581
Model_1_goa_re_2019.dat 6 2027 SSBFabc 8.26323
Model_1_goa_re_2019.dat 6 2027 SSBFofl 7.23033
Model_1_goa_re_2019.dat 6 2027 SSBLCI 10.5467
Model_1_goa_re_2019.dat 6 2027 SSBUCI 10.5525
Model_1_goa_re_2019.dat 6 2027 SSBMedian 10.5488
Model_1_goa_re_2019.dat 6 2027 SSBMean 10.549
Model_1_goa_re_2019.dat 6 2028 SSBF100 20.6581
Model_1_goa_re_2019.dat 6 2028 SSBFabc 8.26323
Model_1_goa_re_2019.dat 6 2028 SSBFofl 7.23033
Model_1_goa_re_2019.dat 6 2028 SSBLCI 10.3484
Model_1_goa_re_2019.dat 6 2028 SSBUCI 10.363
Model_1_goa_re_2019.dat 6 2028 SSBMedian 10.3537
Model_1_goa_re_2019.dat 6 2028 SSBMean 10.3544
Model_1_goa_re_2019.dat 6 2029 SSBF100 20.6581
Model_1_goa_re_2019.dat 6 2029 SSBFabc 8.26323
Model_1_goa_re_2019.dat 6 2029 SSBFofl 7.23033
Model_1_goa_re_2019.dat 6 2029 SSBLCI 10.1404
Model_1_goa_re_2019.dat 6 2029 SSBUCI 10.1717
Model_1_goa_re_2019.dat 6 2029 SSBMedian 10.1522
Model_1_goa_re_2019.dat 6 2029 SSBMean 10.1536
Model_1_goa_re_2019.dat 6 2030 SSBF100 20.6581
Model_1_goa_re_2019.dat 6 2030 SSBFabc 8.26323
Model_1_goa_re_2019.dat 6 2030 SSBFofl 7.23033
Model_1_goa_re_2019.dat 6 2030 SSBLCI 9.92734
Model_1_goa_re_2019.dat 6 2030 SSBUCI 9.99027
Model_1_goa_re_2019.dat 6 2030 SSBMedian 9.95078
Model_1_goa_re_2019.dat 6 2030 SSBMean 9.95368
Model_1_goa_re_2019.dat 6 2031 SSBF100 20.6581
Model_1_goa_re_2019.dat 6 2031 SSBFabc 8.26323
Model_1_goa_re_2019.dat 6 2031 SSBFofl 7.23033
Model_1_goa_re_2019.dat 6 2031 SSBLCI 9.71273
Model_1_goa_re_2019.dat 6 2031 SSBUCI 9.82609
Model_1_goa_re_2019.dat 6 2031 SSBMedian 9.75531
Model_1_goa_re_2019.dat 6 2031 SSBMean 9.76022
Model_1_goa_re_2019.dat 6 2032 SSBF100 20.6581
Model_1_goa_re_2019.dat 6 2032 SSBFabc 8.26323
Model_1_goa_re_2019.dat 6 2032 SSBFofl 7.23033
Model_1_goa_re_2019.dat 6 2032 SSBLCI 9.47816
Model_1_goa_re_2019.dat 6 2032 SSBUCI 9.66853
Model_1_goa_re_2019.dat 6 2032 SSBMedian 9.54954
Model_1_goa_re_2019.dat 6 2032 SSBMean 9.55903
Model_1_goa_re_2019.dat 6 2019 F0 0 
Model_1_goa_re_2019.dat 6 2019 Fabc 0.0399647
Model_1_goa_re_2019.dat 6 2019 Fofl 0.048207
Model_1_goa_re_2019.dat 6 2019  F_LCI 0.0258654
Model_1_goa_re_2019.dat 6 2019  F_UCI 0.0258654
Model_1_goa_re_2019.dat 6 2019  F_Median 0.0258654
Model_1_goa_re_2019.dat 6 2019  F_Mean 0.0258654
Model_1_goa_re_2019.dat 6 2020 F0 0 
Model_1_goa_re_2019.dat 6 2020 Fabc 0.0399647
Model_1_goa_re_2019.dat 6 2020 Fofl 0.048207
Model_1_goa_re_2019.dat 6 2020  F_LCI 0.048207
Model_1_goa_re_2019.dat 6 2020  F_UCI 0.048207
Model_1_goa_re_2019.dat 6 2020  F_Median 0.048207
Model_1_goa_re_2019.dat 6 2020  F_Mean 0.048207
Model_1_goa_re_2019.dat 6 2021 F0 0 
Model_1_goa_re_2019.dat 6 2021 Fabc 0.0399647
Model_1_goa_re_2019.dat 6 2021 Fofl 0.048207
Model_1_goa_re_2019.dat 6 2021  F_LCI 0.048207
Model_1_goa_re_2019.dat 6 2021  F_UCI 0.048207
Model_1_goa_re_2019.dat 6 2021  F_Median 0.048207
Model_1_goa_re_2019.dat 6 2021  F_Mean 0.048207
Model_1_goa_re_2019.dat 6 2022 F0 0 
Model_1_goa_re_2019.dat 6 2022 Fabc 0.0399647
Model_1_goa_re_2019.dat 6 2022 Fofl 0.048207
Model_1_goa_re_2019.dat 6 2022  F_LCI 0.048207
Model_1_goa_re_2019.dat 6 2022  F_UCI 0.048207
Model_1_goa_re_2019.dat 6 2022  F_Median 0.048207
Model_1_goa_re_2019.dat 6 2022  F_Mean 0.048207
Model_1_goa_re_2019.dat 6 2023 F0 0 
Model_1_goa_re_2019.dat 6 2023 Fabc 0.0399647
Model_1_goa_re_2019.dat 6 2023 Fofl 0.048207
Model_1_goa_re_2019.dat 6 2023  F_LCI 0.048207
Model_1_goa_re_2019.dat 6 2023  F_UCI 0.048207
Model_1_goa_re_2019.dat 6 2023  F_Median 0.048207
Model_1_goa_re_2019.dat 6 2023  F_Mean 0.048207
Model_1_goa_re_2019.dat 6 2024 F0 0 
Model_1_goa_re_2019.dat 6 2024 Fabc 0.0399647
Model_1_goa_re_2019.dat 6 2024 Fofl 0.048207
Model_1_goa_re_2019.dat 6 2024  F_LCI 0.048207
Model_1_goa_re_2019.dat 6 2024  F_UCI 0.048207
Model_1_goa_re_2019.dat 6 2024  F_Median 0.048207
Model_1_goa_re_2019.dat 6 2024  F_Mean 0.048207
Model_1_goa_re_2019.dat 6 2025 F0 0 
Model_1_goa_re_2019.dat 6 2025 Fabc 0.0399647
Model_1_goa_re_2019.dat 6 2025 Fofl 0.048207
Model_1_goa_re_2019.dat 6 2025  F_LCI 0.048207
Model_1_goa_re_2019.dat 6 2025  F_UCI 0.048207
Model_1_goa_re_2019.dat 6 2025  F_Median 0.048207
Model_1_goa_re_2019.dat 6 2025  F_Mean 0.048207
Model_1_goa_re_2019.dat 6 2026 F0 0 
Model_1_goa_re_2019.dat 6 2026 Fabc 0.0399647
Model_1_goa_re_2019.dat 6 2026 Fofl 0.048207
Model_1_goa_re_2019.dat 6 2026  F_LCI 0.048207
Model_1_goa_re_2019.dat 6 2026  F_UCI 0.048207
Model_1_goa_re_2019.dat 6 2026  F_Median 0.048207
Model_1_goa_re_2019.dat 6 2026  F_Mean 0.048207
Model_1_goa_re_2019.dat 6 2027 F0 0 
Model_1_goa_re_2019.dat 6 2027 Fabc 0.0399647
Model_1_goa_re_2019.dat 6 2027 Fofl 0.048207
Model_1_goa_re_2019.dat 6 2027  F_LCI 0.048207
Model_1_goa_re_2019.dat 6 2027  F_UCI 0.048207
Model_1_goa_re_2019.dat 6 2027  F_Median 0.048207
Model_1_goa_re_2019.dat 6 2027  F_Mean 0.048207
Model_1_goa_re_2019.dat 6 2028 F0 0 
Model_1_goa_re_2019.dat 6 2028 Fabc 0.0399647
Model_1_goa_re_2019.dat 6 2028 Fofl 0.048207
Model_1_goa_re_2019.dat 6 2028  F_LCI 0.048207
Model_1_goa_re_2019.dat 6 2028  F_UCI 0.048207
Model_1_goa_re_2019.dat 6 2028  F_Median 0.048207
Model_1_goa_re_2019.dat 6 2028  F_Mean 0.048207
Model_1_goa_re_2019.dat 6 2029 F0 0 
Model_1_goa_re_2019.dat 6 2029 Fabc 0.0399647
Model_1_goa_re_2019.dat 6 2029 Fofl 0.048207
Model_1_goa_re_2019.dat 6 2029  F_LCI 0.048207
Model_1_goa_re_2019.dat 6 2029  F_UCI 0.048207
Model_1_goa_re_2019.dat 6 2029  F_Median 0.048207
Model_1_goa_re_2019.dat 6 2029  F_Mean 0.048207
Model_1_goa_re_2019.dat 6 2030 F0 0 
Model_1_goa_re_2019.dat 6 2030 Fabc 0.0399647
Model_1_goa_re_2019.dat 6 2030 Fofl 0.048207
Model_1_goa_re_2019.dat 6 2030  F_LCI 0.048207
Model_1_goa_re_2019.dat 6 2030  F_UCI 0.048207
Model_1_goa_re_2019.dat 6 2030  F_Median 0.048207
Model_1_goa_re_2019.dat 6 2030  F_Mean 0.048207
Model_1_goa_re_2019.dat 6 2031 F0 0 
Model_1_goa_re_2019.dat 6 2031 Fabc 0.0399647
Model_1_goa_re_2019.dat 6 2031 Fofl 0.048207
Model_1_goa_re_2019.dat 6 2031  F_LCI 0.048207
Model_1_goa_re_2019.dat 6 2031  F_UCI 0.048207
Model_1_goa_re_2019.dat 6 2031  F_Median 0.048207
Model_1_goa_re_2019.dat 6 2031  F_Mean 0.048207
Model_1_goa_re_2019.dat 6 2032 F0 0 
Model_1_goa_re_2019.dat 6 2032 Fabc 0.0399647
Model_1_goa_re_2019.dat 6 2032 Fofl 0.048207
Model_1_goa_re_2019.dat 6 2032  F_LCI 0.048207
Model_1_goa_re_2019.dat 6 2032  F_UCI 0.048207
Model_1_goa_re_2019.dat 6 2032  F_Median 0.048207
Model_1_goa_re_2019.dat 6 2032  F_Mean 0.048207
Model_1_goa_re_2019.dat 7 2019 Cabc 0.840752
Model_1_goa_re_2019.dat 7 2019 Cofl 0.901601
Model_1_goa_re_2019.dat 7 2019 CLCI 0.790419
Model_1_goa_re_2019.dat 7 2019 CUCI 0.790419
Model_1_goa_re_2019.dat 7 2019 CMedian 0.790419
Model_1_goa_re_2019.dat 7 2019 CMean 0.790419
Model_1_goa_re_2019.dat 7 2020 Cabc 0.840752
Model_1_goa_re_2019.dat 7 2020 Cofl 0.901601
Model_1_goa_re_2019.dat 7 2020 CLCI 1.20099
Model_1_goa_re_2019.dat 7 2020 CUCI 1.20099
Model_1_goa_re_2019.dat 7 2020 CMedian 1.20099
Model_1_goa_re_2019.dat 7 2020 CMean 1.20099
Model_1_goa_re_2019.dat 7 2021 Cabc 0.840752
Model_1_goa_re_2019.dat 7 2021 Cofl 0.901601
Model_1_goa_re_2019.dat 7 2021 CLCI 1.17904
Model_1_goa_re_2019.dat 7 2021 CUCI 1.17905
Model_1_goa_re_2019.dat 7 2021 CMedian 1.17905
Model_1_goa_re_2019.dat 7 2021 CMean 1.17905
Model_1_goa_re_2019.dat 7 2022 Cabc 0.840752
Model_1_goa_re_2019.dat 7 2022 Cofl 0.901601
Model_1_goa_re_2019.dat 7 2022 CLCI 1.40099
Model_1_goa_re_2019.dat 7 2022 CUCI 1.40103
Model_1_goa_re_2019.dat 7 2022 CMedian 1.401
Model_1_goa_re_2019.dat 7 2022 CMean 1.40101
Model_1_goa_re_2019.dat 7 2023 Cabc 0.840752
Model_1_goa_re_2019.dat 7 2023 Cofl 0.901601
Model_1_goa_re_2019.dat 7 2023 CLCI 1.35661
Model_1_goa_re_2019.dat 7 2023 CUCI 1.35676
Model_1_goa_re_2019.dat 7 2023 CMedian 1.35666
Model_1_goa_re_2019.dat 7 2023 CMean 1.35667
Model_1_goa_re_2019.dat 7 2024 Cabc 0.840752
Model_1_goa_re_2019.dat 7 2024 Cofl 0.901601
Model_1_goa_re_2019.dat 7 2024 CLCI 1.33005
Model_1_goa_re_2019.dat 7 2024 CUCI 1.33055
Model_1_goa_re_2019.dat 7 2024 CMedian 1.33024
Model_1_goa_re_2019.dat 7 2024 CMean 1.33026
Model_1_goa_re_2019.dat 7 2025 Cabc 0.840752
Model_1_goa_re_2019.dat 7 2025 Cofl 0.901601
Model_1_goa_re_2019.dat 7 2025 CLCI 1.32472
Model_1_goa_re_2019.dat 7 2025 CUCI 1.326
Model_1_goa_re_2019.dat 7 2025 CMedian 1.32519
Model_1_goa_re_2019.dat 7 2025 CMean 1.32525
Model_1_goa_re_2019.dat 7 2026 Cabc 0.840752
Model_1_goa_re_2019.dat 7 2026 Cofl 0.901601
Model_1_goa_re_2019.dat 7 2026 CLCI 1.34737
Model_1_goa_re_2019.dat 7 2026 CUCI 1.35002
Model_1_goa_re_2019.dat 7 2026 CMedian 1.34837
Model_1_goa_re_2019.dat 7 2026 CMean 1.34849
Model_1_goa_re_2019.dat 7 2027 Cabc 0.840752
Model_1_goa_re_2019.dat 7 2027 Cofl 0.901601
Model_1_goa_re_2019.dat 7 2027 CLCI 1.30268
Model_1_goa_re_2019.dat 7 2027 CUCI 1.30712
Model_1_goa_re_2019.dat 7 2027 CMedian 1.30433
Model_1_goa_re_2019.dat 7 2027 CMean 1.30454
Model_1_goa_re_2019.dat 7 2028 Cabc 0.840752
Model_1_goa_re_2019.dat 7 2028 Cofl 0.901601
Model_1_goa_re_2019.dat 7 2028 CLCI 1.26053
Model_1_goa_re_2019.dat 7 2028 CUCI 1.26656
Model_1_goa_re_2019.dat 7 2028 CMedian 1.26301
Model_1_goa_re_2019.dat 7 2028 CMean 1.26321
Model_1_goa_re_2019.dat 7 2029 Cabc 0.840752
Model_1_goa_re_2019.dat 7 2029 Cofl 0.901601
Model_1_goa_re_2019.dat 7 2029 CLCI 1.22896
Model_1_goa_re_2019.dat 7 2029 CUCI 1.23597
Model_1_goa_re_2019.dat 7 2029 CMedian 1.23194
Model_1_goa_re_2019.dat 7 2029 CMean 1.23217
Model_1_goa_re_2019.dat 7 2030 Cabc 0.840752
Model_1_goa_re_2019.dat 7 2030 Cofl 0.901601
Model_1_goa_re_2019.dat 7 2030 CLCI 1.20041
Model_1_goa_re_2019.dat 7 2030 CUCI 1.20895
Model_1_goa_re_2019.dat 7 2030 CMedian 1.20408
Model_1_goa_re_2019.dat 7 2030 CMean 1.20433
Model_1_goa_re_2019.dat 7 2031 Cabc 0.840752
Model_1_goa_re_2019.dat 7 2031 Cofl 0.901601
Model_1_goa_re_2019.dat 7 2031 CLCI 1.16965
Model_1_goa_re_2019.dat 7 2031 CUCI 1.18155
Model_1_goa_re_2019.dat 7 2031 CMedian 1.17446
Model_1_goa_re_2019.dat 7 2031 CMean 1.17471
Model_1_goa_re_2019.dat 7 2032 Cabc 0.840752
Model_1_goa_re_2019.dat 7 2032 Cofl 0.901601
Model_1_goa_re_2019.dat 7 2032 CLCI 1.13885
Model_1_goa_re_2019.dat 7 2032 CUCI 1.16162
Model_1_goa_re_2019.dat 7 2032 CMedian 1.14703
Model_1_goa_re_2019.dat 7 2032 CMean 1.14822
Model_1_goa_re_2019.dat 7 2019 SSBF100 20.6581
Model_1_goa_re_2019.dat 7 2019 SSBFabc 8.26323
Model_1_goa_re_2019.dat 7 2019 SSBFofl 7.23033
Model_1_goa_re_2019.dat 7 2019 SSBLCI 12.477
Model_1_goa_re_2019.dat 7 2019 SSBUCI 12.477
Model_1_goa_re_2019.dat 7 2019 SSBMedian 12.477
Model_1_goa_re_2019.dat 7 2019 SSBMean 12.477
Model_1_goa_re_2019.dat 7 2020 SSBF100 20.6581
Model_1_goa_re_2019.dat 7 2020 SSBFabc 8.26323
Model_1_goa_re_2019.dat 7 2020 SSBFofl 7.23033
Model_1_goa_re_2019.dat 7 2020 SSBLCI 12.3283
Model_1_goa_re_2019.dat 7 2020 SSBUCI 12.3283
Model_1_goa_re_2019.dat 7 2020 SSBMedian 12.3283
Model_1_goa_re_2019.dat 7 2020 SSBMean 12.3283
Model_1_goa_re_2019.dat 7 2021 SSBF100 20.6581
Model_1_goa_re_2019.dat 7 2021 SSBFabc 8.26323
Model_1_goa_re_2019.dat 7 2021 SSBFofl 7.23033
Model_1_goa_re_2019.dat 7 2021 SSBLCI 12.086
Model_1_goa_re_2019.dat 7 2021 SSBUCI 12.086
Model_1_goa_re_2019.dat 7 2021 SSBMedian 12.086
Model_1_goa_re_2019.dat 7 2021 SSBMean 12.086
Model_1_goa_re_2019.dat 7 2022 SSBF100 20.6581
Model_1_goa_re_2019.dat 7 2022 SSBFabc 8.26323
Model_1_goa_re_2019.dat 7 2022 SSBFofl 7.23033
Model_1_goa_re_2019.dat 7 2022 SSBLCI 11.8305
Model_1_goa_re_2019.dat 7 2022 SSBUCI 11.8305
Model_1_goa_re_2019.dat 7 2022 SSBMedian 11.8305
Model_1_goa_re_2019.dat 7 2022 SSBMean 11.8305
Model_1_goa_re_2019.dat 7 2023 SSBF100 20.6581
Model_1_goa_re_2019.dat 7 2023 SSBFabc 8.26323
Model_1_goa_re_2019.dat 7 2023 SSBFofl 7.23033
Model_1_goa_re_2019.dat 7 2023 SSBLCI 11.5547
Model_1_goa_re_2019.dat 7 2023 SSBUCI 11.5547
Model_1_goa_re_2019.dat 7 2023 SSBMedian 11.5547
Model_1_goa_re_2019.dat 7 2023 SSBMean 11.5547
Model_1_goa_re_2019.dat 7 2024 SSBF100 20.6581
Model_1_goa_re_2019.dat 7 2024 SSBFabc 8.26323
Model_1_goa_re_2019.dat 7 2024 SSBFofl 7.23033
Model_1_goa_re_2019.dat 7 2024 SSBLCI 11.2984
Model_1_goa_re_2019.dat 7 2024 SSBUCI 11.2988
Model_1_goa_re_2019.dat 7 2024 SSBMedian 11.2985
Model_1_goa_re_2019.dat 7 2024 SSBMean 11.2986
Model_1_goa_re_2019.dat 7 2025 SSBF100 20.6581
Model_1_goa_re_2019.dat 7 2025 SSBFabc 8.26323
Model_1_goa_re_2019.dat 7 2025 SSBFofl 7.23033
Model_1_goa_re_2019.dat 7 2025 SSBLCI 11.0846
Model_1_goa_re_2019.dat 7 2025 SSBUCI 11.0855
Model_1_goa_re_2019.dat 7 2025 SSBMedian 11.0849
Model_1_goa_re_2019.dat 7 2025 SSBMean 11.085
Model_1_goa_re_2019.dat 7 2026 SSBF100 20.6581
Model_1_goa_re_2019.dat 7 2026 SSBFabc 8.26323
Model_1_goa_re_2019.dat 7 2026 SSBFofl 7.23033
Model_1_goa_re_2019.dat 7 2026 SSBLCI 10.8875
Model_1_goa_re_2019.dat 7 2026 SSBUCI 10.8895
Model_1_goa_re_2019.dat 7 2026 SSBMedian 10.8882
Model_1_goa_re_2019.dat 7 2026 SSBMean 10.8883
Model_1_goa_re_2019.dat 7 2027 SSBF100 20.6581
Model_1_goa_re_2019.dat 7 2027 SSBFabc 8.26323
Model_1_goa_re_2019.dat 7 2027 SSBFofl 7.23033
Model_1_goa_re_2019.dat 7 2027 SSBLCI 10.6865
Model_1_goa_re_2019.dat 7 2027 SSBUCI 10.6923
Model_1_goa_re_2019.dat 7 2027 SSBMedian 10.6886
Model_1_goa_re_2019.dat 7 2027 SSBMean 10.6889
Model_1_goa_re_2019.dat 7 2028 SSBF100 20.6581
Model_1_goa_re_2019.dat 7 2028 SSBFabc 8.26323
Model_1_goa_re_2019.dat 7 2028 SSBFofl 7.23033
Model_1_goa_re_2019.dat 7 2028 SSBLCI 10.4792
Model_1_goa_re_2019.dat 7 2028 SSBUCI 10.4939
Model_1_goa_re_2019.dat 7 2028 SSBMedian 10.4846
Model_1_goa_re_2019.dat 7 2028 SSBMean 10.4853
Model_1_goa_re_2019.dat 7 2029 SSBF100 20.6581
Model_1_goa_re_2019.dat 7 2029 SSBFabc 8.26323
Model_1_goa_re_2019.dat 7 2029 SSBFofl 7.23033
Model_1_goa_re_2019.dat 7 2029 SSBLCI 10.2625
Model_1_goa_re_2019.dat 7 2029 SSBUCI 10.2939
Model_1_goa_re_2019.dat 7 2029 SSBMedian 10.2743
Model_1_goa_re_2019.dat 7 2029 SSBMean 10.2758
Model_1_goa_re_2019.dat 7 2030 SSBF100 20.6581
Model_1_goa_re_2019.dat 7 2030 SSBFabc 8.26323
Model_1_goa_re_2019.dat 7 2030 SSBFofl 7.23033
Model_1_goa_re_2019.dat 7 2030 SSBLCI 10.041
Model_1_goa_re_2019.dat 7 2030 SSBUCI 10.1039
Model_1_goa_re_2019.dat 7 2030 SSBMedian 10.0644
Model_1_goa_re_2019.dat 7 2030 SSBMean 10.0673
Model_1_goa_re_2019.dat 7 2031 SSBF100 20.6581
Model_1_goa_re_2019.dat 7 2031 SSBFabc 8.26323
Model_1_goa_re_2019.dat 7 2031 SSBFofl 7.23033
Model_1_goa_re_2019.dat 7 2031 SSBLCI 9.81821
Model_1_goa_re_2019.dat 7 2031 SSBUCI 9.93157
Model_1_goa_re_2019.dat 7 2031 SSBMedian 9.86079
Model_1_goa_re_2019.dat 7 2031 SSBMean 9.86569
Model_1_goa_re_2019.dat 7 2032 SSBF100 20.6581
Model_1_goa_re_2019.dat 7 2032 SSBFabc 8.26323
Model_1_goa_re_2019.dat 7 2032 SSBFofl 7.23033
Model_1_goa_re_2019.dat 7 2032 SSBLCI 9.57587
Model_1_goa_re_2019.dat 7 2032 SSBUCI 9.76625
Model_1_goa_re_2019.dat 7 2032 SSBMedian 9.64725
Model_1_goa_re_2019.dat 7 2032 SSBMean 9.65674
Model_1_goa_re_2019.dat 7 2019 F0 0 
Model_1_goa_re_2019.dat 7 2019 Fabc 0.0399647
Model_1_goa_re_2019.dat 7 2019 Fofl 0.048207
Model_1_goa_re_2019.dat 7 2019  F_LCI 0.0258654
Model_1_goa_re_2019.dat 7 2019  F_UCI 0.0258654
Model_1_goa_re_2019.dat 7 2019  F_Median 0.0258654
Model_1_goa_re_2019.dat 7 2019  F_Mean 0.0258654
Model_1_goa_re_2019.dat 7 2020 F0 0 
Model_1_goa_re_2019.dat 7 2020 Fabc 0.0399647
Model_1_goa_re_2019.dat 7 2020 Fofl 0.048207
Model_1_goa_re_2019.dat 7 2020  F_LCI 0.0399646
Model_1_goa_re_2019.dat 7 2020  F_UCI 0.0399646
Model_1_goa_re_2019.dat 7 2020  F_Median 0.0399646
Model_1_goa_re_2019.dat 7 2020  F_Mean 0.0399646
Model_1_goa_re_2019.dat 7 2021 F0 0 
Model_1_goa_re_2019.dat 7 2021 Fabc 0.0399647
Model_1_goa_re_2019.dat 7 2021 Fofl 0.048207
Model_1_goa_re_2019.dat 7 2021  F_LCI 0.0399647
Model_1_goa_re_2019.dat 7 2021  F_UCI 0.0399647
Model_1_goa_re_2019.dat 7 2021  F_Median 0.0399647
Model_1_goa_re_2019.dat 7 2021  F_Mean 0.0399647
Model_1_goa_re_2019.dat 7 2022 F0 0 
Model_1_goa_re_2019.dat 7 2022 Fabc 0.0399647
Model_1_goa_re_2019.dat 7 2022 Fofl 0.048207
Model_1_goa_re_2019.dat 7 2022  F_LCI 0.048207
Model_1_goa_re_2019.dat 7 2022  F_UCI 0.048207
Model_1_goa_re_2019.dat 7 2022  F_Median 0.048207
Model_1_goa_re_2019.dat 7 2022  F_Mean 0.048207
Model_1_goa_re_2019.dat 7 2023 F0 0 
Model_1_goa_re_2019.dat 7 2023 Fabc 0.0399647
Model_1_goa_re_2019.dat 7 2023 Fofl 0.048207
Model_1_goa_re_2019.dat 7 2023  F_LCI 0.048207
Model_1_goa_re_2019.dat 7 2023  F_UCI 0.048207
Model_1_goa_re_2019.dat 7 2023  F_Median 0.048207
Model_1_goa_re_2019.dat 7 2023  F_Mean 0.048207
Model_1_goa_re_2019.dat 7 2024 F0 0 
Model_1_goa_re_2019.dat 7 2024 Fabc 0.0399647
Model_1_goa_re_2019.dat 7 2024 Fofl 0.048207
Model_1_goa_re_2019.dat 7 2024  F_LCI 0.048207
Model_1_goa_re_2019.dat 7 2024  F_UCI 0.048207
Model_1_goa_re_2019.dat 7 2024  F_Median 0.048207
Model_1_goa_re_2019.dat 7 2024  F_Mean 0.048207
Model_1_goa_re_2019.dat 7 2025 F0 0 
Model_1_goa_re_2019.dat 7 2025 Fabc 0.0399647
Model_1_goa_re_2019.dat 7 2025 Fofl 0.048207
Model_1_goa_re_2019.dat 7 2025  F_LCI 0.048207
Model_1_goa_re_2019.dat 7 2025  F_UCI 0.048207
Model_1_goa_re_2019.dat 7 2025  F_Median 0.048207
Model_1_goa_re_2019.dat 7 2025  F_Mean 0.048207
Model_1_goa_re_2019.dat 7 2026 F0 0 
Model_1_goa_re_2019.dat 7 2026 Fabc 0.0399647
Model_1_goa_re_2019.dat 7 2026 Fofl 0.048207
Model_1_goa_re_2019.dat 7 2026  F_LCI 0.048207
Model_1_goa_re_2019.dat 7 2026  F_UCI 0.048207
Model_1_goa_re_2019.dat 7 2026  F_Median 0.048207
Model_1_goa_re_2019.dat 7 2026  F_Mean 0.048207
Model_1_goa_re_2019.dat 7 2027 F0 0 
Model_1_goa_re_2019.dat 7 2027 Fabc 0.0399647
Model_1_goa_re_2019.dat 7 2027 Fofl 0.048207
Model_1_goa_re_2019.dat 7 2027  F_LCI 0.048207
Model_1_goa_re_2019.dat 7 2027  F_UCI 0.048207
Model_1_goa_re_2019.dat 7 2027  F_Median 0.048207
Model_1_goa_re_2019.dat 7 2027  F_Mean 0.048207
Model_1_goa_re_2019.dat 7 2028 F0 0 
Model_1_goa_re_2019.dat 7 2028 Fabc 0.0399647
Model_1_goa_re_2019.dat 7 2028 Fofl 0.048207
Model_1_goa_re_2019.dat 7 2028  F_LCI 0.048207
Model_1_goa_re_2019.dat 7 2028  F_UCI 0.048207
Model_1_goa_re_2019.dat 7 2028  F_Median 0.048207
Model_1_goa_re_2019.dat 7 2028  F_Mean 0.048207
Model_1_goa_re_2019.dat 7 2029 F0 0 
Model_1_goa_re_2019.dat 7 2029 Fabc 0.0399647
Model_1_goa_re_2019.dat 7 2029 Fofl 0.048207
Model_1_goa_re_2019.dat 7 2029  F_LCI 0.048207
Model_1_goa_re_2019.dat 7 2029  F_UCI 0.048207
Model_1_goa_re_2019.dat 7 2029  F_Median 0.048207
Model_1_goa_re_2019.dat 7 2029  F_Mean 0.048207
Model_1_goa_re_2019.dat 7 2030 F0 0 
Model_1_goa_re_2019.dat 7 2030 Fabc 0.0399647
Model_1_goa_re_2019.dat 7 2030 Fofl 0.048207
Model_1_goa_re_2019.dat 7 2030  F_LCI 0.048207
Model_1_goa_re_2019.dat 7 2030  F_UCI 0.048207
Model_1_goa_re_2019.dat 7 2030  F_Median 0.048207
Model_1_goa_re_2019.dat 7 2030  F_Mean 0.048207
Model_1_goa_re_2019.dat 7 2031 F0 0 
Model_1_goa_re_2019.dat 7 2031 Fabc 0.0399647
Model_1_goa_re_2019.dat 7 2031 Fofl 0.048207
Model_1_goa_re_2019.dat 7 2031  F_LCI 0.048207
Model_1_goa_re_2019.dat 7 2031  F_UCI 0.048207
Model_1_goa_re_2019.dat 7 2031  F_Median 0.048207
Model_1_goa_re_2019.dat 7 2031  F_Mean 0.048207
Model_1_goa_re_2019.dat 7 2032 F0 0 
Model_1_goa_re_2019.dat 7 2032 Fabc 0.0399647
Model_1_goa_re_2019.dat 7 2032 Fofl 0.048207
Model_1_goa_re_2019.dat 7 2032  F_LCI 0.048207
Model_1_goa_re_2019.dat 7 2032  F_UCI 0.048207
Model_1_goa_re_2019.dat 7 2032  F_Median 0.048207
Model_1_goa_re_2019.dat 7 2032  F_Mean 0.048207
