Alternative 1 Catch
     Model_1_goa_re_2021.dat 
Equil_Fabc 0.574153 
Year 
2021 0.424885 
2022 0.786814 
2023 0.763585 
2024 0.747428 
2025 0.739526 
2026 0.739886 
2027 0.718721 
2028 0.698503 
2029 0.682181 
2030 0.668176 
2031 0.655286 
2032 0.644591 
2033 0.63592 
2034 0.629056 

Alternative 1 ABCs
     Model_1_goa_re_2021.dat 

Year 
2021  NA 
2022 0.786814 
2023 0.763585 
2024 0.747428 
2025 0.739526 
2026 0.739886 
2027 0.718721 
2028 0.698503 
2029 0.682181 
2030 0.668176 
2031 0.655286 
2032 0.644591 
2033 0.63592 
2034 0.629056 

Alternative 1 TACs
     Model_1_goa_re_2021.dat 

Year 
2021  NA 
2022 0.786814 
2023 0.763585 
2024 0.747428 
2025 0.739526 
2026 0.739886 
2027 0.718721 
2028 0.698503 
2029 0.682181 
2030 0.668176 
2031 0.655286 
2032 0.644591 
2033 0.63592 
2034 0.629056 

Alternative 1 Sp_Biomass
     Model_1_goa_re_2021.dat 
Equil_Fabc 5.91051 
Year 
2021 8.67785 
2022 8.55756 
2023 8.36214 
2024 8.16979 
2025 7.99805 
2026 7.83592 
2027 7.67511 
2028 7.51511 
2029 7.35784 
2030 7.20584 
2031 7.06426 
2032 6.92799 
2033 6.80843 
2034 6.70606 

Alternative 1 Fishing Mortality
     Model_1_goa_re_2021.dat 
Equil_Fabc 0.0381281 
Year 
2021 0.0202855 
2022 0.0381281 
2023 0.0381281 
2024 0.0381281 
2025 0.0381281 
2026 0.0381281 
2027 0.0381281 
2028 0.0381281 
2029 0.0381281 
2030 0.0381281 
2031 0.0381281 
2032 0.0381281 
2033 0.0381281 
2034 0.0381281 

Alternative 1 Biomass
     Model_1_goa_re_2021.dat 

Year 
2021 26.1606 
2022 26.0197 
2023 25.527 
2024 25.0746 
2025 24.6593 
2026 24.2718 
2027 23.9027 
2028 23.577 
2029 23.2896 
2030 23.0359 
2031 22.8119 
2032 22.6171 
2033 22.4465 
2034 22.2952 

Alternative 1 Implied SPR rate 
     Model_1_goa_re_2021.dat 
Equil_Fabc 0.4 
Year 
2021 0.572047 
2022 0.4 
2023 0.4 
2024 0.4 
2025 0.4 
2026 0.4 
2027 0.4 
2028 0.4 
2029 0.4 
2030 0.4 
2031 0.4 
2032 0.4 
2033 0.4 
2034 0.4 

  Model_1_goa_re_2021.dat 
EquilAvgAgeF0  24.2723 
EquilAvgAgeFabc  15.4863 
AvgAgeYr2034 17.2894 
Alternative 2 Catch
     Model_1_goa_re_2021.dat 
Equil_Fabc 0.574153 
Year 
2021 0.424885 
2022 0.379661 
2023 0.37554 
2024 0.374374 
2025 0.376828 
2026 0.383057 
2027 0.378571 
2028 0.374113 
2029 0.371143 
2030 0.368937 
2031 0.366934 
2032 0.365688 
2033 0.365147 
2034 0.365232 

Alternative 2 ABCs
     Model_1_goa_re_2021.dat 

Year 
2021  NA 
2022 0.379661 
2023 0.37554 
2024 0.374374 
2025 0.376828 
2026 0.383057 
2027 0.378571 
2028 0.374113 
2029 0.371143 
2030 0.368937 
2031 0.366934 
2032 0.365688 
2033 0.365147 
2034 0.365232 

Alternative 2 TACs
     Model_1_goa_re_2021.dat 

Year 
2021  NA 
2022 0.379661 
2023 0.37554 
2024 0.374374 
2025 0.376828 
2026 0.383057 
2027 0.378571 
2028 0.374113 
2029 0.371143 
2030 0.368937 
2031 0.366934 
2032 0.365688 
2033 0.365147 
2034 0.365232 

Alternative 2 Sp_Biomass
     Model_1_goa_re_2021.dat 
Equil_Fabc 5.91051 
Year 
2021 8.67785 
2022 8.62777 
2023 8.59562 
2024 8.55888 
2025 8.5359 
2026 8.51637 
2027 8.49195 
2028 8.46083 
2029 8.42467 
2030 8.38599 
2031 8.35058 
2032 8.31176 
2033 8.28334 
2034 8.26639 

Alternative 2 Fishing Mortality
     Model_1_goa_re_2021.dat 
Equil_Fabc 0.0381281 
Year 
2021 0.0202855 
2022 0.0182214 
2023 0.0182214 
2024 0.0182214 
2025 0.0182214 
2026 0.0182214 
2027 0.0182214 
2028 0.0182214 
2029 0.0182214 
2030 0.0182214 
2031 0.0182214 
2032 0.0182214 
2033 0.0182214 
2034 0.0182214 

Alternative 2 Biomass
     Model_1_goa_re_2021.dat 

Year 
2021 26.1606 
2022 26.0197 
2023 25.9338 
2024 25.8613 
2025 25.8032 
2026 25.7549 
2027 25.7118 
2028 25.6881 
2029 25.6792 
2030 25.6835 
2031 25.6988 
2032 25.7258 
2033 25.7614 
2034 25.8023 

Alternative 2 Implied SPR rate 
     Model_1_goa_re_2021.dat 
Equil_Fabc 0.4 
Year 
2021 0.572047 
2022 0.599972 
2023 0.599972 
2024 0.599972 
2025 0.599972 
2026 0.599972 
2027 0.599972 
2028 0.599972 
2029 0.599972 
2030 0.599972 
2031 0.599972 
2032 0.599972 
2033 0.599972 
2034 0.599972 

  Model_1_goa_re_2021.dat 
EquilAvgAgeF0  24.2723 
EquilAvgAgeFabc  15.4863 
AvgAgeYr2034 18.8204 
Alternative 3 Catch
     Model_1_goa_re_2021.dat 
Equil_Fabc 0.574153 
Year 
2021 0.424885 
2022 0.397056 
2023 0.392429 
2024 0.390908 
2025 0.393183 
2026 0.399411 
2027 0.394444 
2028 0.389522 
2029 0.386169 
2030 0.38363 
2031 0.381315 
2032 0.379803 
2033 0.379039 
2034 0.37894 

Alternative 3 ABCs
     Model_1_goa_re_2021.dat 

Year 
2021  NA 
2022 0.397056 
2023 0.392429 
2024 0.390908 
2025 0.393183 
2026 0.399411 
2027 0.394444 
2028 0.389522 
2029 0.386169 
2030 0.38363 
2031 0.381315 
2032 0.379803 
2033 0.379039 
2034 0.37894 

Alternative 3 TACs
     Model_1_goa_re_2021.dat 

Year 
2021  NA 
2022 0.397056 
2023 0.392429 
2024 0.390908 
2025 0.393183 
2026 0.399411 
2027 0.394444 
2028 0.389522 
2029 0.386169 
2030 0.38363 
2031 0.381315 
2032 0.379803 
2033 0.379039 
2034 0.37894 

Alternative 3 Sp_Biomass
     Model_1_goa_re_2021.dat 
Equil_Fabc 5.91051 
Year 
2021 8.67785 
2022 8.62478 
2023 8.58561 
2024 8.54203 
2025 8.51239 
2026 8.48636 
2027 8.45561 
2028 8.41838 
2029 8.37637 
2030 8.33211 
2031 8.29136 
2032 8.24754 
2033 8.21433 
2034 8.19282 

Alternative 3 Fishing Mortality
     Model_1_goa_re_2021.dat 
Equil_Fabc 0.0381281 
Year 
2021 0.0202855 
2022 0.019064 
2023 0.019064 
2024 0.019064 
2025 0.019064 
2026 0.019064 
2027 0.019064 
2028 0.019064 
2029 0.019064 
2030 0.019064 
2031 0.019064 
2032 0.019064 
2033 0.019064 
2034 0.019064 

Alternative 3 Biomass
     Model_1_goa_re_2021.dat 

Year 
2021 26.1606 
2022 26.0197 
2023 25.9164 
2024 25.8274 
2025 25.7534 
2026 25.6898 
2027 25.6317 
2028 25.5938 
2029 25.5716 
2030 25.5633 
2031 25.5667 
2032 25.5824 
2033 25.6073 
2034 25.638 

Alternative 3 Implied SPR rate 
     Model_1_goa_re_2021.dat 
Equil_Fabc 0.4 
Year 
2021 0.572047 
2022 0.588298 
2023 0.588298 
2024 0.588298 
2025 0.588298 
2026 0.588298 
2027 0.588298 
2028 0.588298 
2029 0.588298 
2030 0.588298 
2031 0.588298 
2032 0.588298 
2033 0.588298 
2034 0.588298 

  Model_1_goa_re_2021.dat 
EquilAvgAgeF0  24.2723 
EquilAvgAgeFabc  15.4863 
AvgAgeYr2034 18.7536 
Alternative 4 Catch
     Model_1_goa_re_2021.dat 
Equil_Fabc 0.574153 
Year 
2021 0.424885 
2022 0.538352 
2023 0.52859 
2024 0.523227 
2025 0.523157 
2026 0.528521 
2027 0.51884 
2028 0.509408 
2029 0.502278 
2030 0.496406 
2031 0.490991 
2032 0.486802 
2033 0.483751 
2034 0.481717 

Alternative 4 ABCs
     Model_1_goa_re_2021.dat 

Year 
2021  NA 
2022 0.538352 
2023 0.52859 
2024 0.523227 
2025 0.523157 
2026 0.528521 
2027 0.51884 
2028 0.509408 
2029 0.502278 
2030 0.496406 
2031 0.490991 
2032 0.486802 
2033 0.483751 
2034 0.481717 

Alternative 4 TACs
     Model_1_goa_re_2021.dat 

Year 
2021  NA 
2022 0.538352 
2023 0.52859 
2024 0.523227 
2025 0.523157 
2026 0.528521 
2027 0.51884 
2028 0.509408 
2029 0.502278 
2030 0.496406 
2031 0.490991 
2032 0.486802 
2033 0.483751 
2034 0.481717 

Alternative 4 Sp_Biomass
     Model_1_goa_re_2021.dat 
Equil_Fabc 5.91051 
Year 
2021 8.67785 
2022 8.6005 
2023 8.50438 
2024 8.40592 
2025 8.32321 
2026 8.24574 
2027 8.16523 
2028 8.08046 
2029 7.99324 
2030 7.90617 
2031 7.82483 
2032 7.74326 
2033 7.67435 
2034 7.61899 

Alternative 4 Fishing Mortality
     Model_1_goa_re_2021.dat 
Equil_Fabc 0.0381281 
Year 
2021 0.0202855 
2022 0.0259344 
2023 0.0259344 
2024 0.0259344 
2025 0.0259344 
2026 0.0259344 
2027 0.0259344 
2028 0.0259344 
2029 0.0259344 
2030 0.0259344 
2031 0.0259344 
2032 0.0259344 
2033 0.0259344 
2034 0.0259344 

Alternative 4 Biomass
     Model_1_goa_re_2021.dat 

Year 
2021 26.1606 
2022 26.0197 
2023 25.7752 
2024 25.5529 
2025 25.3522 
2026 25.1668 
2027 24.9905 
2028 24.8419 
2029 24.7162 
2030 24.6109 
2031 24.5232 
2032 24.4535 
2033 24.398 
2034 24.353 

Alternative 4 Implied SPR rate 
     Model_1_goa_re_2021.dat 
Equil_Fabc 0.4 
Year 
2021 0.572047 
2022 0.505871 
2023 0.505871 
2024 0.505871 
2025 0.505871 
2026 0.505871 
2027 0.505871 
2028 0.505871 
2029 0.505871 
2030 0.505871 
2031 0.505871 
2032 0.505871 
2033 0.505871 
2034 0.505871 

  Model_1_goa_re_2021.dat 
EquilAvgAgeF0  24.2723 
EquilAvgAgeFabc  15.4863 
AvgAgeYr2034 18.2149 
Alternative 5 Catch
     Model_1_goa_re_2021.dat 
Equil_Fabc 0.574153 
Year 
2021 0.424885 
2022  NA 
2023  NA 
2024  NA 
2025  NA 
2026  NA 
2027  NA 
2028  NA 
2029  NA 
2030  NA 
2031  NA 
2032  NA 
2033  NA 
2034  NA 

Alternative 5 ABCs
     Model_1_goa_re_2021.dat 

Year 
2021  NA 
2022  NA 
2023  NA 
2024  NA 
2025  NA 
2026  NA 
2027  NA 
2028  NA 
2029  NA 
2030  NA 
2031  NA 
2032  NA 
2033  NA 
2034  NA 

Alternative 5 TACs
     Model_1_goa_re_2021.dat 

Year 
2021  NA 
2022  NA 
2023  NA 
2024  NA 
2025  NA 
2026  NA 
2027  NA 
2028  NA 
2029  NA 
2030  NA 
2031  NA 
2032  NA 
2033  NA 
2034  NA 

Alternative 5 Sp_Biomass
     Model_1_goa_re_2021.dat 
Equil_Fabc 5.91051 
Year 
2021 8.67785 
2022 8.69254 
2023 8.81516 
2024 8.93169 
2025 9.06092 
2026 9.19287 
2027 9.31882 
2028 9.43537 
2029 9.54356 
2030 9.64547 
2031 9.74712 
2032 9.83967 
2033 9.93902 
2034 10.0465 

Alternative 5 Fishing Mortality
     Model_1_goa_re_2021.dat 
Equil_Fabc 0.0381281 
Year 
2021 0.0202855 
2022  NA 
2023  NA 
2024  NA 
2025  NA 
2026  NA 
2027  NA 
2028  NA 
2029  NA 
2030  NA 
2031  NA 
2032  NA 
2033  NA 
2034  NA 

Alternative 5 Biomass
     Model_1_goa_re_2021.dat 

Year 
2021 26.1606 
2022 26.0197 
2023 26.3132 
2024 26.6086 
2025 26.9096 
2026 27.2151 
2027 27.5243 
2028 27.8401 
2029 28.1577 
2030 28.4767 
2031 28.7961 
2032 29.1167 
2033 29.4362 
2034 29.7522 

Alternative 5 Implied SPR rate 
     Model_1_goa_re_2021.dat 
Equil_Fabc 0.4 
Year 
2021 0.572047 
2022 1 
2023 1 
2024 1 
2025 1 
2026 1 
2027 1 
2028 1 
2029 1 
2030 1 
2031 1 
2032 1 
2033 1 
2034 1 

  Model_1_goa_re_2021.dat 
EquilAvgAgeF0  24.2723 
EquilAvgAgeFabc  15.4863 
AvgAgeYr2034 20.3018 
Alternative 6 Catch
     Model_1_goa_re_2021.dat 
Equil_Fabc 0.574153 
Year 
2021 0.424885 
2022 0.944887 
2023 0.910147 
2024 0.88452 
2025 0.869314 
2026 0.864368 
2027 0.834014 
2028 0.805315 
2029 0.781759 
2030 0.761396 
2031 0.742748 
2032 0.727071 
2033 0.714118 
2034 0.703591 

Alternative 6 ABCs
     Model_1_goa_re_2021.dat 

Year 
2021 0.950818 
2022 0.944887 
2023 0.910147 
2024 0.88452 
2025 0.869314 
2026 0.864368 
2027 0.834014 
2028 0.805315 
2029 0.781759 
2030 0.761396 
2031 0.742748 
2032 0.727071 
2033 0.714118 
2034 0.703591 

Alternative 6 TACs
     Model_1_goa_re_2021.dat 

Year 
2021  NA 
2022 0.944887 
2023 0.910147 
2024 0.88452 
2025 0.869314 
2026 0.864368 
2027 0.834014 
2028 0.805315 
2029 0.781759 
2030 0.761396 
2031 0.742748 
2032 0.727071 
2033 0.714118 
2034 0.703591 

Alternative 6 Sp_Biomass
     Model_1_goa_re_2021.dat 
Equil_Fabc 5.91051 
Year 
2021 8.67785 
2022 8.53009 
2023 8.27204 
2024 8.0217 
2025 7.79611 
2026 7.58384 
2027 7.37647 
2028 7.17386 
2029 6.97785 
2030 6.79082 
2031 6.61759 
2032 6.4534 
2033 6.3087 
2034 6.18361 

Alternative 6 Fishing Mortality
     Model_1_goa_re_2021.dat 
Equil_Fabc 0.0381281 
Year 
2021 0.0202855 
2022 0.0459618 
2023 0.0459618 
2024 0.0459618 
2025 0.0459618 
2026 0.0459618 
2027 0.0459618 
2028 0.0459618 
2029 0.0459618 
2030 0.0459618 
2031 0.0459618 
2032 0.0459618 
2033 0.0459618 
2034 0.0459618 

Alternative 6 Biomass
     Model_1_goa_re_2021.dat 

Year 
2021 26.1606 
2022 26.0197 
2023 25.369 
2024 24.7732 
2025 24.227 
2026 23.7184 
2027 23.2362 
2028 22.8091 
2029 22.4312 
2030 22.0966 
2031 21.8003 
2032 21.5408 
2033 21.3123 
2034 21.1091 

Alternative 6 Implied SPR rate 
     Model_1_goa_re_2021.dat 
Equil_Fabc 0.4 
Year 
2021 0.572047 
2022 0.35 
2023 0.35 
2024 0.35 
2025 0.35 
2026 0.35 
2027 0.35 
2028 0.35 
2029 0.35 
2030 0.35 
2031 0.35 
2032 0.35 
2033 0.35 
2034 0.35 

  Model_1_goa_re_2021.dat 
EquilAvgAgeF0  24.2723 
EquilAvgAgeFabc  15.4863 
AvgAgeYr2034 16.7177 
Alternative 7 Catch
     Model_1_goa_re_2021.dat 
Equil_Fabc 0.574153 
Year 
2021 0.424885 
2022 0.786814 
2023 0.763585 
2024 0.897606 
2025 0.881611 
2026 0.875919 
2027 0.844819 
2028 0.815414 
2029 0.79119 
2030 0.77019 
2031 0.750934 
2032 0.734681 
2033 0.721184 
2034 0.710147 

Alternative 7 ABCs
     Model_1_goa_re_2021.dat 

Year 
2021 0.950818 
2022 0.944887 
2023 0.917 
2024 0.897606 
2025 0.881611 
2026 0.875919 
2027 0.844819 
2028 0.815414 
2029 0.79119 
2030 0.77019 
2031 0.750934 
2032 0.734681 
2033 0.721184 
2034 0.710147 

Alternative 7 TACs
     Model_1_goa_re_2021.dat 

Year 
2021  NA 
2022 0.944887 
2023 0.917 
2024 0.897606 
2025 0.881611 
2026 0.875919 
2027 0.844819 
2028 0.815414 
2029 0.79119 
2030 0.77019 
2031 0.750934 
2032 0.734681 
2033 0.721184 
2034 0.710147 

Alternative 7 Sp_Biomass
     Model_1_goa_re_2021.dat 
Equil_Fabc 5.91051 
Year 
2021 8.67785 
2022 8.55756 
2023 8.36214 
2024 8.14372 
2025 7.91238 
2026 7.69425 
2027 7.48091 
2028 7.27229 
2029 7.07035 
2030 6.87754 
2031 6.69875 
2032 6.5291 
2033 6.37915 
2034 6.2491 

Alternative 7 Fishing Mortality
     Model_1_goa_re_2021.dat 
Equil_Fabc 0.0381281 
Year 
2021 0.0202855 
2022 0.0381281 
2023 0.0381281 
2024 0.0459618 
2025 0.0459618 
2026 0.0459618 
2027 0.0459618 
2028 0.0459618 
2029 0.0459618 
2030 0.0459618 
2031 0.0459618 
2032 0.0459618 
2033 0.0459618 
2034 0.0459618 

Alternative 7 Biomass
     Model_1_goa_re_2021.dat 

Year 
2021 26.1606 
2022 26.0197 
2023 25.527 
2024 25.0746 
2025 24.5093 
2026 23.9825 
2027 23.4828 
2028 23.0392 
2029 22.6456 
2030 22.2962 
2031 21.9859 
2032 21.7132 
2033 21.4723 
2034 21.2575 

Alternative 7 Implied SPR rate 
     Model_1_goa_re_2021.dat 
Equil_Fabc 0.4 
Year 
2021 0.572047 
2022 0.4 
2023 0.4 
2024 0.35 
2025 0.35 
2026 0.35 
2027 0.35 
2028 0.35 
2029 0.35 
2030 0.35 
2031 0.35 
2032 0.35 
2033 0.35 
2034 0.35 

  Model_1_goa_re_2021.dat 
EquilAvgAgeF0  24.2723 
EquilAvgAgeFabc  15.4863 
AvgAgeYr2034 16.7997 
