Model_1_goa_re_2021.dat 1 2021 Cabc 0.574153
Model_1_goa_re_2021.dat 1 2021 Cofl 0.615453
Model_1_goa_re_2021.dat 1 2021 CLCI 0.424885
Model_1_goa_re_2021.dat 1 2021 CUCI 0.424885
Model_1_goa_re_2021.dat 1 2021 CMedian 0.424885
Model_1_goa_re_2021.dat 1 2021 CMean 0.424885
Model_1_goa_re_2021.dat 1 2022 Cabc 0.574153
Model_1_goa_re_2021.dat 1 2022 Cofl 0.615453
Model_1_goa_re_2021.dat 1 2022 CLCI 0.786813
Model_1_goa_re_2021.dat 1 2022 CUCI 0.786815
Model_1_goa_re_2021.dat 1 2022 CMedian 0.786814
Model_1_goa_re_2021.dat 1 2022 CMean 0.786814
Model_1_goa_re_2021.dat 1 2023 Cabc 0.574153
Model_1_goa_re_2021.dat 1 2023 Cofl 0.615453
Model_1_goa_re_2021.dat 1 2023 CLCI 0.763582
Model_1_goa_re_2021.dat 1 2023 CUCI 0.763589
Model_1_goa_re_2021.dat 1 2023 CMedian 0.763585
Model_1_goa_re_2021.dat 1 2023 CMean 0.763585
Model_1_goa_re_2021.dat 1 2024 Cabc 0.574153
Model_1_goa_re_2021.dat 1 2024 Cofl 0.615453
Model_1_goa_re_2021.dat 1 2024 CLCI 0.747416
Model_1_goa_re_2021.dat 1 2024 CUCI 0.747444
Model_1_goa_re_2021.dat 1 2024 CMedian 0.747427
Model_1_goa_re_2021.dat 1 2024 CMean 0.747428
Model_1_goa_re_2021.dat 1 2025 Cabc 0.574153
Model_1_goa_re_2021.dat 1 2025 Cofl 0.615453
Model_1_goa_re_2021.dat 1 2025 CLCI 0.739484
Model_1_goa_re_2021.dat 1 2025 CUCI 0.739584
Model_1_goa_re_2021.dat 1 2025 CMedian 0.739523
Model_1_goa_re_2021.dat 1 2025 CMean 0.739526
Model_1_goa_re_2021.dat 1 2026 Cabc 0.574153
Model_1_goa_re_2021.dat 1 2026 Cofl 0.615453
Model_1_goa_re_2021.dat 1 2026 CLCI 0.739748
Model_1_goa_re_2021.dat 1 2026 CUCI 0.740072
Model_1_goa_re_2021.dat 1 2026 CMedian 0.739874
Model_1_goa_re_2021.dat 1 2026 CMean 0.739886
Model_1_goa_re_2021.dat 1 2027 Cabc 0.574153
Model_1_goa_re_2021.dat 1 2027 Cofl 0.615453
Model_1_goa_re_2021.dat 1 2027 CLCI 0.718352
Model_1_goa_re_2021.dat 1 2027 CUCI 0.719216
Model_1_goa_re_2021.dat 1 2027 CMedian 0.718684
Model_1_goa_re_2021.dat 1 2027 CMean 0.718721
Model_1_goa_re_2021.dat 1 2028 Cabc 0.574153
Model_1_goa_re_2021.dat 1 2028 Cofl 0.615453
Model_1_goa_re_2021.dat 1 2028 CLCI 0.697701
Model_1_goa_re_2021.dat 1 2028 CUCI 0.699517
Model_1_goa_re_2021.dat 1 2028 CMedian 0.698414
Model_1_goa_re_2021.dat 1 2028 CMean 0.698503
Model_1_goa_re_2021.dat 1 2029 Cabc 0.574153
Model_1_goa_re_2021.dat 1 2029 Cofl 0.615453
Model_1_goa_re_2021.dat 1 2029 CLCI 0.680876
Model_1_goa_re_2021.dat 1 2029 CUCI 0.683896
Model_1_goa_re_2021.dat 1 2029 CMedian 0.682054
Model_1_goa_re_2021.dat 1 2029 CMean 0.682181
Model_1_goa_re_2021.dat 1 2030 Cabc 0.574153
Model_1_goa_re_2021.dat 1 2030 Cofl 0.615453
Model_1_goa_re_2021.dat 1 2030 CLCI 0.666378
Model_1_goa_re_2021.dat 1 2030 CUCI 0.670288
Model_1_goa_re_2021.dat 1 2030 CMedian 0.668066
Model_1_goa_re_2021.dat 1 2030 CMean 0.668176
Model_1_goa_re_2021.dat 1 2031 Cabc 0.574153
Model_1_goa_re_2021.dat 1 2031 Cofl 0.615453
Model_1_goa_re_2021.dat 1 2031 CLCI 0.653092
Model_1_goa_re_2021.dat 1 2031 CUCI 0.657774
Model_1_goa_re_2021.dat 1 2031 CMedian 0.655174
Model_1_goa_re_2021.dat 1 2031 CMean 0.655286
Model_1_goa_re_2021.dat 1 2032 Cabc 0.574153
Model_1_goa_re_2021.dat 1 2032 Cofl 0.615453
Model_1_goa_re_2021.dat 1 2032 CLCI 0.642048
Model_1_goa_re_2021.dat 1 2032 CUCI 0.647449
Model_1_goa_re_2021.dat 1 2032 CMedian 0.644481
Model_1_goa_re_2021.dat 1 2032 CMean 0.644591
Model_1_goa_re_2021.dat 1 2033 Cabc 0.574153
Model_1_goa_re_2021.dat 1 2033 Cofl 0.615453
Model_1_goa_re_2021.dat 1 2033 CLCI 0.632674
Model_1_goa_re_2021.dat 1 2033 CUCI 0.639907
Model_1_goa_re_2021.dat 1 2033 CMedian 0.635851
Model_1_goa_re_2021.dat 1 2033 CMean 0.63592
Model_1_goa_re_2021.dat 1 2034 Cabc 0.574153
Model_1_goa_re_2021.dat 1 2034 Cofl 0.615453
Model_1_goa_re_2021.dat 1 2034 CLCI 0.623488
Model_1_goa_re_2021.dat 1 2034 CUCI 0.636295
Model_1_goa_re_2021.dat 1 2034 CMedian 0.62855
Model_1_goa_re_2021.dat 1 2034 CMean 0.629056
Model_1_goa_re_2021.dat 1 2021 SSBF100 14.7763
Model_1_goa_re_2021.dat 1 2021 SSBFabc 5.91051
Model_1_goa_re_2021.dat 1 2021 SSBFofl 5.1717
Model_1_goa_re_2021.dat 1 2021 SSBLCI 8.67785
Model_1_goa_re_2021.dat 1 2021 SSBUCI 8.67785
Model_1_goa_re_2021.dat 1 2021 SSBMedian 8.67785
Model_1_goa_re_2021.dat 1 2021 SSBMean 8.67785
Model_1_goa_re_2021.dat 1 2022 SSBF100 14.7763
Model_1_goa_re_2021.dat 1 2022 SSBFabc 5.91051
Model_1_goa_re_2021.dat 1 2022 SSBFofl 5.1717
Model_1_goa_re_2021.dat 1 2022 SSBLCI 8.55756
Model_1_goa_re_2021.dat 1 2022 SSBUCI 8.55756
Model_1_goa_re_2021.dat 1 2022 SSBMedian 8.55756
Model_1_goa_re_2021.dat 1 2022 SSBMean 8.55756
Model_1_goa_re_2021.dat 1 2023 SSBF100 14.7763
Model_1_goa_re_2021.dat 1 2023 SSBFabc 5.91051
Model_1_goa_re_2021.dat 1 2023 SSBFofl 5.1717
Model_1_goa_re_2021.dat 1 2023 SSBLCI 8.36214
Model_1_goa_re_2021.dat 1 2023 SSBUCI 8.36214
Model_1_goa_re_2021.dat 1 2023 SSBMedian 8.36214
Model_1_goa_re_2021.dat 1 2023 SSBMean 8.36214
Model_1_goa_re_2021.dat 1 2024 SSBF100 14.7763
Model_1_goa_re_2021.dat 1 2024 SSBFabc 5.91051
Model_1_goa_re_2021.dat 1 2024 SSBFofl 5.1717
Model_1_goa_re_2021.dat 1 2024 SSBLCI 8.16979
Model_1_goa_re_2021.dat 1 2024 SSBUCI 8.16979
Model_1_goa_re_2021.dat 1 2024 SSBMedian 8.16979
Model_1_goa_re_2021.dat 1 2024 SSBMean 8.16979
Model_1_goa_re_2021.dat 1 2025 SSBF100 14.7763
Model_1_goa_re_2021.dat 1 2025 SSBFabc 5.91051
Model_1_goa_re_2021.dat 1 2025 SSBFofl 5.1717
Model_1_goa_re_2021.dat 1 2025 SSBLCI 7.99805
Model_1_goa_re_2021.dat 1 2025 SSBUCI 7.99805
Model_1_goa_re_2021.dat 1 2025 SSBMedian 7.99805
Model_1_goa_re_2021.dat 1 2025 SSBMean 7.99805
Model_1_goa_re_2021.dat 1 2026 SSBF100 14.7763
Model_1_goa_re_2021.dat 1 2026 SSBFabc 5.91051
Model_1_goa_re_2021.dat 1 2026 SSBFofl 5.1717
Model_1_goa_re_2021.dat 1 2026 SSBLCI 7.83584
Model_1_goa_re_2021.dat 1 2026 SSBUCI 7.83604
Model_1_goa_re_2021.dat 1 2026 SSBMedian 7.83591
Model_1_goa_re_2021.dat 1 2026 SSBMean 7.83592
Model_1_goa_re_2021.dat 1 2027 SSBF100 14.7763
Model_1_goa_re_2021.dat 1 2027 SSBFabc 5.91051
Model_1_goa_re_2021.dat 1 2027 SSBFofl 5.1717
Model_1_goa_re_2021.dat 1 2027 SSBLCI 7.67489
Model_1_goa_re_2021.dat 1 2027 SSBUCI 7.6754
Model_1_goa_re_2021.dat 1 2027 SSBMedian 7.67509
Model_1_goa_re_2021.dat 1 2027 SSBMean 7.67511
Model_1_goa_re_2021.dat 1 2028 SSBF100 14.7763
Model_1_goa_re_2021.dat 1 2028 SSBFabc 5.91051
Model_1_goa_re_2021.dat 1 2028 SSBFofl 5.1717
Model_1_goa_re_2021.dat 1 2028 SSBLCI 7.51458
Model_1_goa_re_2021.dat 1 2028 SSBUCI 7.5158
Model_1_goa_re_2021.dat 1 2028 SSBMedian 7.51506
Model_1_goa_re_2021.dat 1 2028 SSBMean 7.51511
Model_1_goa_re_2021.dat 1 2029 SSBF100 14.7763
Model_1_goa_re_2021.dat 1 2029 SSBFabc 5.91051
Model_1_goa_re_2021.dat 1 2029 SSBFofl 5.1717
Model_1_goa_re_2021.dat 1 2029 SSBLCI 7.35638
Model_1_goa_re_2021.dat 1 2029 SSBUCI 7.35984
Model_1_goa_re_2021.dat 1 2029 SSBMedian 7.35771
Model_1_goa_re_2021.dat 1 2029 SSBMean 7.35784
Model_1_goa_re_2021.dat 1 2030 SSBF100 14.7763
Model_1_goa_re_2021.dat 1 2030 SSBFabc 5.91051
Model_1_goa_re_2021.dat 1 2030 SSBFofl 5.1717
Model_1_goa_re_2021.dat 1 2030 SSBLCI 7.20207
Model_1_goa_re_2021.dat 1 2030 SSBUCI 7.21089
Model_1_goa_re_2021.dat 1 2030 SSBMedian 7.20545
Model_1_goa_re_2021.dat 1 2030 SSBMean 7.20584
Model_1_goa_re_2021.dat 1 2031 SSBF100 14.7763
Model_1_goa_re_2021.dat 1 2031 SSBFabc 5.91051
Model_1_goa_re_2021.dat 1 2031 SSBFofl 5.1717
Model_1_goa_re_2021.dat 1 2031 SSBLCI 7.05597
Model_1_goa_re_2021.dat 1 2031 SSBUCI 7.07491
Model_1_goa_re_2021.dat 1 2031 SSBMedian 7.06332
Model_1_goa_re_2021.dat 1 2031 SSBMean 7.06426
Model_1_goa_re_2021.dat 1 2032 SSBF100 14.7763
Model_1_goa_re_2021.dat 1 2032 SSBFabc 5.91051
Model_1_goa_re_2021.dat 1 2032 SSBFofl 5.1717
Model_1_goa_re_2021.dat 1 2032 SSBLCI 6.91157
Model_1_goa_re_2021.dat 1 2032 SSBUCI 6.9494
Model_1_goa_re_2021.dat 1 2032 SSBMedian 6.92625
Model_1_goa_re_2021.dat 1 2032 SSBMean 6.92799
Model_1_goa_re_2021.dat 1 2033 SSBF100 14.7763
Model_1_goa_re_2021.dat 1 2033 SSBFabc 5.91051
Model_1_goa_re_2021.dat 1 2033 SSBFofl 5.1717
Model_1_goa_re_2021.dat 1 2033 SSBLCI 6.77893
Model_1_goa_re_2021.dat 1 2033 SSBUCI 6.84731
Model_1_goa_re_2021.dat 1 2033 SSBMedian 6.80515
Model_1_goa_re_2021.dat 1 2033 SSBMean 6.80843
Model_1_goa_re_2021.dat 1 2034 SSBF100 14.7763
Model_1_goa_re_2021.dat 1 2034 SSBFabc 5.91051
Model_1_goa_re_2021.dat 1 2034 SSBFofl 5.1717
Model_1_goa_re_2021.dat 1 2034 SSBLCI 6.65573
Model_1_goa_re_2021.dat 1 2034 SSBUCI 6.77045
Model_1_goa_re_2021.dat 1 2034 SSBMedian 6.7017
Model_1_goa_re_2021.dat 1 2034 SSBMean 6.70606
Model_1_goa_re_2021.dat 1 2021 F0 0 
Model_1_goa_re_2021.dat 1 2021 Fabc 0.0381281
Model_1_goa_re_2021.dat 1 2021 Fofl 0.0459618
Model_1_goa_re_2021.dat 1 2021  F_LCI 0.0202855
Model_1_goa_re_2021.dat 1 2021  F_UCI 0.0202855
Model_1_goa_re_2021.dat 1 2021  F_Median 0.0202855
Model_1_goa_re_2021.dat 1 2021  F_Mean 0.0202855
Model_1_goa_re_2021.dat 1 2022 F0 0 
Model_1_goa_re_2021.dat 1 2022 Fabc 0.0381281
Model_1_goa_re_2021.dat 1 2022 Fofl 0.0459618
Model_1_goa_re_2021.dat 1 2022  F_LCI 0.0381281
Model_1_goa_re_2021.dat 1 2022  F_UCI 0.0381281
Model_1_goa_re_2021.dat 1 2022  F_Median 0.0381281
Model_1_goa_re_2021.dat 1 2022  F_Mean 0.0381281
Model_1_goa_re_2021.dat 1 2023 F0 0 
Model_1_goa_re_2021.dat 1 2023 Fabc 0.0381281
Model_1_goa_re_2021.dat 1 2023 Fofl 0.0459618
Model_1_goa_re_2021.dat 1 2023  F_LCI 0.0381281
Model_1_goa_re_2021.dat 1 2023  F_UCI 0.0381281
Model_1_goa_re_2021.dat 1 2023  F_Median 0.0381281
Model_1_goa_re_2021.dat 1 2023  F_Mean 0.0381281
Model_1_goa_re_2021.dat 1 2024 F0 0 
Model_1_goa_re_2021.dat 1 2024 Fabc 0.0381281
Model_1_goa_re_2021.dat 1 2024 Fofl 0.0459618
Model_1_goa_re_2021.dat 1 2024  F_LCI 0.0381281
Model_1_goa_re_2021.dat 1 2024  F_UCI 0.0381281
Model_1_goa_re_2021.dat 1 2024  F_Median 0.0381281
Model_1_goa_re_2021.dat 1 2024  F_Mean 0.0381281
Model_1_goa_re_2021.dat 1 2025 F0 0 
Model_1_goa_re_2021.dat 1 2025 Fabc 0.0381281
Model_1_goa_re_2021.dat 1 2025 Fofl 0.0459618
Model_1_goa_re_2021.dat 1 2025  F_LCI 0.0381281
Model_1_goa_re_2021.dat 1 2025  F_UCI 0.0381281
Model_1_goa_re_2021.dat 1 2025  F_Median 0.0381281
Model_1_goa_re_2021.dat 1 2025  F_Mean 0.0381281
Model_1_goa_re_2021.dat 1 2026 F0 0 
Model_1_goa_re_2021.dat 1 2026 Fabc 0.0381281
Model_1_goa_re_2021.dat 1 2026 Fofl 0.0459618
Model_1_goa_re_2021.dat 1 2026  F_LCI 0.0381281
Model_1_goa_re_2021.dat 1 2026  F_UCI 0.0381281
Model_1_goa_re_2021.dat 1 2026  F_Median 0.0381281
Model_1_goa_re_2021.dat 1 2026  F_Mean 0.0381281
Model_1_goa_re_2021.dat 1 2027 F0 0 
Model_1_goa_re_2021.dat 1 2027 Fabc 0.0381281
Model_1_goa_re_2021.dat 1 2027 Fofl 0.0459618
Model_1_goa_re_2021.dat 1 2027  F_LCI 0.0381281
Model_1_goa_re_2021.dat 1 2027  F_UCI 0.0381281
Model_1_goa_re_2021.dat 1 2027  F_Median 0.0381281
Model_1_goa_re_2021.dat 1 2027  F_Mean 0.0381281
Model_1_goa_re_2021.dat 1 2028 F0 0 
Model_1_goa_re_2021.dat 1 2028 Fabc 0.0381281
Model_1_goa_re_2021.dat 1 2028 Fofl 0.0459618
Model_1_goa_re_2021.dat 1 2028  F_LCI 0.0381281
Model_1_goa_re_2021.dat 1 2028  F_UCI 0.0381281
Model_1_goa_re_2021.dat 1 2028  F_Median 0.0381281
Model_1_goa_re_2021.dat 1 2028  F_Mean 0.0381281
Model_1_goa_re_2021.dat 1 2029 F0 0 
Model_1_goa_re_2021.dat 1 2029 Fabc 0.0381281
Model_1_goa_re_2021.dat 1 2029 Fofl 0.0459618
Model_1_goa_re_2021.dat 1 2029  F_LCI 0.0381281
Model_1_goa_re_2021.dat 1 2029  F_UCI 0.0381281
Model_1_goa_re_2021.dat 1 2029  F_Median 0.0381281
Model_1_goa_re_2021.dat 1 2029  F_Mean 0.0381281
Model_1_goa_re_2021.dat 1 2030 F0 0 
Model_1_goa_re_2021.dat 1 2030 Fabc 0.0381281
Model_1_goa_re_2021.dat 1 2030 Fofl 0.0459618
Model_1_goa_re_2021.dat 1 2030  F_LCI 0.0381281
Model_1_goa_re_2021.dat 1 2030  F_UCI 0.0381281
Model_1_goa_re_2021.dat 1 2030  F_Median 0.0381281
Model_1_goa_re_2021.dat 1 2030  F_Mean 0.0381281
Model_1_goa_re_2021.dat 1 2031 F0 0 
Model_1_goa_re_2021.dat 1 2031 Fabc 0.0381281
Model_1_goa_re_2021.dat 1 2031 Fofl 0.0459618
Model_1_goa_re_2021.dat 1 2031  F_LCI 0.0381281
Model_1_goa_re_2021.dat 1 2031  F_UCI 0.0381281
Model_1_goa_re_2021.dat 1 2031  F_Median 0.0381281
Model_1_goa_re_2021.dat 1 2031  F_Mean 0.0381281
Model_1_goa_re_2021.dat 1 2032 F0 0 
Model_1_goa_re_2021.dat 1 2032 Fabc 0.0381281
Model_1_goa_re_2021.dat 1 2032 Fofl 0.0459618
Model_1_goa_re_2021.dat 1 2032  F_LCI 0.0381281
Model_1_goa_re_2021.dat 1 2032  F_UCI 0.0381281
Model_1_goa_re_2021.dat 1 2032  F_Median 0.0381281
Model_1_goa_re_2021.dat 1 2032  F_Mean 0.0381281
Model_1_goa_re_2021.dat 1 2033 F0 0 
Model_1_goa_re_2021.dat 1 2033 Fabc 0.0381281
Model_1_goa_re_2021.dat 1 2033 Fofl 0.0459618
Model_1_goa_re_2021.dat 1 2033  F_LCI 0.0381281
Model_1_goa_re_2021.dat 1 2033  F_UCI 0.0381281
Model_1_goa_re_2021.dat 1 2033  F_Median 0.0381281
Model_1_goa_re_2021.dat 1 2033  F_Mean 0.0381281
Model_1_goa_re_2021.dat 1 2034 F0 0 
Model_1_goa_re_2021.dat 1 2034 Fabc 0.0381281
Model_1_goa_re_2021.dat 1 2034 Fofl 0.0459618
Model_1_goa_re_2021.dat 1 2034  F_LCI 0.0381281
Model_1_goa_re_2021.dat 1 2034  F_UCI 0.0381281
Model_1_goa_re_2021.dat 1 2034  F_Median 0.0381281
Model_1_goa_re_2021.dat 1 2034  F_Mean 0.0381281
Model_1_goa_re_2021.dat 2 2021 Cabc 0.574153
Model_1_goa_re_2021.dat 2 2021 Cofl 0.615453
Model_1_goa_re_2021.dat 2 2021 CLCI 0.424885
Model_1_goa_re_2021.dat 2 2021 CUCI 0.424885
Model_1_goa_re_2021.dat 2 2021 CMedian 0.424885
Model_1_goa_re_2021.dat 2 2021 CMean 0.424885
Model_1_goa_re_2021.dat 2 2022 Cabc 0.574153
Model_1_goa_re_2021.dat 2 2022 Cofl 0.615453
Model_1_goa_re_2021.dat 2 2022 CLCI 0.379661
Model_1_goa_re_2021.dat 2 2022 CUCI 0.379661
Model_1_goa_re_2021.dat 2 2022 CMedian 0.379661
Model_1_goa_re_2021.dat 2 2022 CMean 0.379661
Model_1_goa_re_2021.dat 2 2023 Cabc 0.574153
Model_1_goa_re_2021.dat 2 2023 Cofl 0.615453
Model_1_goa_re_2021.dat 2 2023 CLCI 0.375539
Model_1_goa_re_2021.dat 2 2023 CUCI 0.375542
Model_1_goa_re_2021.dat 2 2023 CMedian 0.37554
Model_1_goa_re_2021.dat 2 2023 CMean 0.37554
Model_1_goa_re_2021.dat 2 2024 Cabc 0.574153
Model_1_goa_re_2021.dat 2 2024 Cofl 0.615453
Model_1_goa_re_2021.dat 2 2024 CLCI 0.374369
Model_1_goa_re_2021.dat 2 2024 CUCI 0.374382
Model_1_goa_re_2021.dat 2 2024 CMedian 0.374374
Model_1_goa_re_2021.dat 2 2024 CMean 0.374374
Model_1_goa_re_2021.dat 2 2025 Cabc 0.574153
Model_1_goa_re_2021.dat 2 2025 Cofl 0.615453
Model_1_goa_re_2021.dat 2 2025 CLCI 0.376808
Model_1_goa_re_2021.dat 2 2025 CUCI 0.376856
Model_1_goa_re_2021.dat 2 2025 CMedian 0.376826
Model_1_goa_re_2021.dat 2 2025 CMean 0.376828
Model_1_goa_re_2021.dat 2 2026 Cabc 0.574153
Model_1_goa_re_2021.dat 2 2026 Cofl 0.615453
Model_1_goa_re_2021.dat 2 2026 CLCI 0.382991
Model_1_goa_re_2021.dat 2 2026 CUCI 0.383146
Model_1_goa_re_2021.dat 2 2026 CMedian 0.383051
Model_1_goa_re_2021.dat 2 2026 CMean 0.383057
Model_1_goa_re_2021.dat 2 2027 Cabc 0.574153
Model_1_goa_re_2021.dat 2 2027 Cofl 0.615453
Model_1_goa_re_2021.dat 2 2027 CLCI 0.378394
Model_1_goa_re_2021.dat 2 2027 CUCI 0.378808
Model_1_goa_re_2021.dat 2 2027 CMedian 0.378553
Model_1_goa_re_2021.dat 2 2027 CMean 0.378571
Model_1_goa_re_2021.dat 2 2028 Cabc 0.574153
Model_1_goa_re_2021.dat 2 2028 Cofl 0.615453
Model_1_goa_re_2021.dat 2 2028 CLCI 0.373729
Model_1_goa_re_2021.dat 2 2028 CUCI 0.374598
Model_1_goa_re_2021.dat 2 2028 CMedian 0.37407
Model_1_goa_re_2021.dat 2 2028 CMean 0.374113
Model_1_goa_re_2021.dat 2 2029 Cabc 0.574153
Model_1_goa_re_2021.dat 2 2029 Cofl 0.615453
Model_1_goa_re_2021.dat 2 2029 CLCI 0.370517
Model_1_goa_re_2021.dat 2 2029 CUCI 0.371964
Model_1_goa_re_2021.dat 2 2029 CMedian 0.371082
Model_1_goa_re_2021.dat 2 2029 CMean 0.371143
Model_1_goa_re_2021.dat 2 2030 Cabc 0.574153
Model_1_goa_re_2021.dat 2 2030 Cofl 0.615453
Model_1_goa_re_2021.dat 2 2030 CLCI 0.368074
Model_1_goa_re_2021.dat 2 2030 CUCI 0.369951
Model_1_goa_re_2021.dat 2 2030 CMedian 0.368885
Model_1_goa_re_2021.dat 2 2030 CMean 0.368937
Model_1_goa_re_2021.dat 2 2031 Cabc 0.574153
Model_1_goa_re_2021.dat 2 2031 Cofl 0.615453
Model_1_goa_re_2021.dat 2 2031 CLCI 0.36588
Model_1_goa_re_2021.dat 2 2031 CUCI 0.368131
Model_1_goa_re_2021.dat 2 2031 CMedian 0.36688
Model_1_goa_re_2021.dat 2 2031 CMean 0.366934
Model_1_goa_re_2021.dat 2 2032 Cabc 0.574153
Model_1_goa_re_2021.dat 2 2032 Cofl 0.615453
Model_1_goa_re_2021.dat 2 2032 CLCI 0.364466
Model_1_goa_re_2021.dat 2 2032 CUCI 0.367064
Model_1_goa_re_2021.dat 2 2032 CMedian 0.365636
Model_1_goa_re_2021.dat 2 2032 CMean 0.365688
Model_1_goa_re_2021.dat 2 2033 Cabc 0.574153
Model_1_goa_re_2021.dat 2 2033 Cofl 0.615453
Model_1_goa_re_2021.dat 2 2033 CLCI 0.363584
Model_1_goa_re_2021.dat 2 2033 CUCI 0.367069
Model_1_goa_re_2021.dat 2 2033 CMedian 0.365114
Model_1_goa_re_2021.dat 2 2033 CMean 0.365147
Model_1_goa_re_2021.dat 2 2034 Cabc 0.574153
Model_1_goa_re_2021.dat 2 2034 Cofl 0.615453
Model_1_goa_re_2021.dat 2 2034 CLCI 0.362536
Model_1_goa_re_2021.dat 2 2034 CUCI 0.36874
Model_1_goa_re_2021.dat 2 2034 CMedian 0.364995
Model_1_goa_re_2021.dat 2 2034 CMean 0.365232
Model_1_goa_re_2021.dat 2 2021 SSBF100 14.7763
Model_1_goa_re_2021.dat 2 2021 SSBFabc 5.91051
Model_1_goa_re_2021.dat 2 2021 SSBFofl 5.1717
Model_1_goa_re_2021.dat 2 2021 SSBLCI 8.67785
Model_1_goa_re_2021.dat 2 2021 SSBUCI 8.67785
Model_1_goa_re_2021.dat 2 2021 SSBMedian 8.67785
Model_1_goa_re_2021.dat 2 2021 SSBMean 8.67785
Model_1_goa_re_2021.dat 2 2022 SSBF100 14.7763
Model_1_goa_re_2021.dat 2 2022 SSBFabc 5.91051
Model_1_goa_re_2021.dat 2 2022 SSBFofl 5.1717
Model_1_goa_re_2021.dat 2 2022 SSBLCI 8.62777
Model_1_goa_re_2021.dat 2 2022 SSBUCI 8.62777
Model_1_goa_re_2021.dat 2 2022 SSBMedian 8.62777
Model_1_goa_re_2021.dat 2 2022 SSBMean 8.62777
Model_1_goa_re_2021.dat 2 2023 SSBF100 14.7763
Model_1_goa_re_2021.dat 2 2023 SSBFabc 5.91051
Model_1_goa_re_2021.dat 2 2023 SSBFofl 5.1717
Model_1_goa_re_2021.dat 2 2023 SSBLCI 8.59562
Model_1_goa_re_2021.dat 2 2023 SSBUCI 8.59562
Model_1_goa_re_2021.dat 2 2023 SSBMedian 8.59562
Model_1_goa_re_2021.dat 2 2023 SSBMean 8.59562
Model_1_goa_re_2021.dat 2 2024 SSBF100 14.7763
Model_1_goa_re_2021.dat 2 2024 SSBFabc 5.91051
Model_1_goa_re_2021.dat 2 2024 SSBFofl 5.1717
Model_1_goa_re_2021.dat 2 2024 SSBLCI 8.55888
Model_1_goa_re_2021.dat 2 2024 SSBUCI 8.55888
Model_1_goa_re_2021.dat 2 2024 SSBMedian 8.55888
Model_1_goa_re_2021.dat 2 2024 SSBMean 8.55888
Model_1_goa_re_2021.dat 2 2025 SSBF100 14.7763
Model_1_goa_re_2021.dat 2 2025 SSBFabc 5.91051
Model_1_goa_re_2021.dat 2 2025 SSBFofl 5.1717
Model_1_goa_re_2021.dat 2 2025 SSBLCI 8.5359
Model_1_goa_re_2021.dat 2 2025 SSBUCI 8.5359
Model_1_goa_re_2021.dat 2 2025 SSBMedian 8.5359
Model_1_goa_re_2021.dat 2 2025 SSBMean 8.5359
Model_1_goa_re_2021.dat 2 2026 SSBF100 14.7763
Model_1_goa_re_2021.dat 2 2026 SSBFabc 5.91051
Model_1_goa_re_2021.dat 2 2026 SSBFofl 5.1717
Model_1_goa_re_2021.dat 2 2026 SSBLCI 8.51629
Model_1_goa_re_2021.dat 2 2026 SSBUCI 8.51649
Model_1_goa_re_2021.dat 2 2026 SSBMedian 8.51636
Model_1_goa_re_2021.dat 2 2026 SSBMean 8.51637
Model_1_goa_re_2021.dat 2 2027 SSBF100 14.7763
Model_1_goa_re_2021.dat 2 2027 SSBFabc 5.91051
Model_1_goa_re_2021.dat 2 2027 SSBFofl 5.1717
Model_1_goa_re_2021.dat 2 2027 SSBLCI 8.49173
Model_1_goa_re_2021.dat 2 2027 SSBUCI 8.49225
Model_1_goa_re_2021.dat 2 2027 SSBMedian 8.49193
Model_1_goa_re_2021.dat 2 2027 SSBMean 8.49195
Model_1_goa_re_2021.dat 2 2028 SSBF100 14.7763
Model_1_goa_re_2021.dat 2 2028 SSBFabc 5.91051
Model_1_goa_re_2021.dat 2 2028 SSBFofl 5.1717
Model_1_goa_re_2021.dat 2 2028 SSBLCI 8.46029
Model_1_goa_re_2021.dat 2 2028 SSBUCI 8.46152
Model_1_goa_re_2021.dat 2 2028 SSBMedian 8.46078
Model_1_goa_re_2021.dat 2 2028 SSBMean 8.46083
Model_1_goa_re_2021.dat 2 2029 SSBF100 14.7763
Model_1_goa_re_2021.dat 2 2029 SSBFabc 5.91051
Model_1_goa_re_2021.dat 2 2029 SSBFofl 5.1717
Model_1_goa_re_2021.dat 2 2029 SSBLCI 8.4232
Model_1_goa_re_2021.dat 2 2029 SSBUCI 8.42667
Model_1_goa_re_2021.dat 2 2029 SSBMedian 8.42453
Model_1_goa_re_2021.dat 2 2029 SSBMean 8.42467
Model_1_goa_re_2021.dat 2 2030 SSBF100 14.7763
Model_1_goa_re_2021.dat 2 2030 SSBFabc 5.91051
Model_1_goa_re_2021.dat 2 2030 SSBFofl 5.1717
Model_1_goa_re_2021.dat 2 2030 SSBLCI 8.3822
Model_1_goa_re_2021.dat 2 2030 SSBUCI 8.39107
Model_1_goa_re_2021.dat 2 2030 SSBMedian 8.3856
Model_1_goa_re_2021.dat 2 2030 SSBMean 8.38599
Model_1_goa_re_2021.dat 2 2031 SSBF100 14.7763
Model_1_goa_re_2021.dat 2 2031 SSBFabc 5.91051
Model_1_goa_re_2021.dat 2 2031 SSBFofl 5.1717
Model_1_goa_re_2021.dat 2 2031 SSBLCI 8.34223
Model_1_goa_re_2021.dat 2 2031 SSBUCI 8.36132
Model_1_goa_re_2021.dat 2 2031 SSBMedian 8.34963
Model_1_goa_re_2021.dat 2 2031 SSBMean 8.35058
Model_1_goa_re_2021.dat 2 2032 SSBF100 14.7763
Model_1_goa_re_2021.dat 2 2032 SSBFabc 5.91051
Model_1_goa_re_2021.dat 2 2032 SSBFofl 5.1717
Model_1_goa_re_2021.dat 2 2032 SSBLCI 8.2952
Model_1_goa_re_2021.dat 2 2032 SSBUCI 8.33337
Model_1_goa_re_2021.dat 2 2032 SSBMedian 8.31
Model_1_goa_re_2021.dat 2 2032 SSBMean 8.31176
Model_1_goa_re_2021.dat 2 2033 SSBF100 14.7763
Model_1_goa_re_2021.dat 2 2033 SSBFabc 5.91051
Model_1_goa_re_2021.dat 2 2033 SSBFofl 5.1717
Model_1_goa_re_2021.dat 2 2033 SSBLCI 8.2535
Model_1_goa_re_2021.dat 2 2033 SSBUCI 8.32266
Model_1_goa_re_2021.dat 2 2033 SSBMedian 8.28005
Model_1_goa_re_2021.dat 2 2033 SSBMean 8.28334
Model_1_goa_re_2021.dat 2 2034 SSBF100 14.7763
Model_1_goa_re_2021.dat 2 2034 SSBFabc 5.91051
Model_1_goa_re_2021.dat 2 2034 SSBFofl 5.1717
Model_1_goa_re_2021.dat 2 2034 SSBLCI 8.21538
Model_1_goa_re_2021.dat 2 2034 SSBUCI 8.33152
Model_1_goa_re_2021.dat 2 2034 SSBMedian 8.26197
Model_1_goa_re_2021.dat 2 2034 SSBMean 8.26639
Model_1_goa_re_2021.dat 2 2021 F0 0 
Model_1_goa_re_2021.dat 2 2021 Fabc 0.0381281
Model_1_goa_re_2021.dat 2 2021 Fofl 0.0459618
Model_1_goa_re_2021.dat 2 2021  F_LCI 0.0202855
Model_1_goa_re_2021.dat 2 2021  F_UCI 0.0202855
Model_1_goa_re_2021.dat 2 2021  F_Median 0.0202855
Model_1_goa_re_2021.dat 2 2021  F_Mean 0.0202855
Model_1_goa_re_2021.dat 2 2022 F0 0 
Model_1_goa_re_2021.dat 2 2022 Fabc 0.0381281
Model_1_goa_re_2021.dat 2 2022 Fofl 0.0459618
Model_1_goa_re_2021.dat 2 2022  F_LCI 0.0182214
Model_1_goa_re_2021.dat 2 2022  F_UCI 0.0182214
Model_1_goa_re_2021.dat 2 2022  F_Median 0.0182214
Model_1_goa_re_2021.dat 2 2022  F_Mean 0.0182214
Model_1_goa_re_2021.dat 2 2023 F0 0 
Model_1_goa_re_2021.dat 2 2023 Fabc 0.0381281
Model_1_goa_re_2021.dat 2 2023 Fofl 0.0459618
Model_1_goa_re_2021.dat 2 2023  F_LCI 0.0182214
Model_1_goa_re_2021.dat 2 2023  F_UCI 0.0182214
Model_1_goa_re_2021.dat 2 2023  F_Median 0.0182214
Model_1_goa_re_2021.dat 2 2023  F_Mean 0.0182214
Model_1_goa_re_2021.dat 2 2024 F0 0 
Model_1_goa_re_2021.dat 2 2024 Fabc 0.0381281
Model_1_goa_re_2021.dat 2 2024 Fofl 0.0459618
Model_1_goa_re_2021.dat 2 2024  F_LCI 0.0182214
Model_1_goa_re_2021.dat 2 2024  F_UCI 0.0182214
Model_1_goa_re_2021.dat 2 2024  F_Median 0.0182214
Model_1_goa_re_2021.dat 2 2024  F_Mean 0.0182214
Model_1_goa_re_2021.dat 2 2025 F0 0 
Model_1_goa_re_2021.dat 2 2025 Fabc 0.0381281
Model_1_goa_re_2021.dat 2 2025 Fofl 0.0459618
Model_1_goa_re_2021.dat 2 2025  F_LCI 0.0182214
Model_1_goa_re_2021.dat 2 2025  F_UCI 0.0182214
Model_1_goa_re_2021.dat 2 2025  F_Median 0.0182214
Model_1_goa_re_2021.dat 2 2025  F_Mean 0.0182214
Model_1_goa_re_2021.dat 2 2026 F0 0 
Model_1_goa_re_2021.dat 2 2026 Fabc 0.0381281
Model_1_goa_re_2021.dat 2 2026 Fofl 0.0459618
Model_1_goa_re_2021.dat 2 2026  F_LCI 0.0182214
Model_1_goa_re_2021.dat 2 2026  F_UCI 0.0182214
Model_1_goa_re_2021.dat 2 2026  F_Median 0.0182214
Model_1_goa_re_2021.dat 2 2026  F_Mean 0.0182214
Model_1_goa_re_2021.dat 2 2027 F0 0 
Model_1_goa_re_2021.dat 2 2027 Fabc 0.0381281
Model_1_goa_re_2021.dat 2 2027 Fofl 0.0459618
Model_1_goa_re_2021.dat 2 2027  F_LCI 0.0182214
Model_1_goa_re_2021.dat 2 2027  F_UCI 0.0182214
Model_1_goa_re_2021.dat 2 2027  F_Median 0.0182214
Model_1_goa_re_2021.dat 2 2027  F_Mean 0.0182214
Model_1_goa_re_2021.dat 2 2028 F0 0 
Model_1_goa_re_2021.dat 2 2028 Fabc 0.0381281
Model_1_goa_re_2021.dat 2 2028 Fofl 0.0459618
Model_1_goa_re_2021.dat 2 2028  F_LCI 0.0182214
Model_1_goa_re_2021.dat 2 2028  F_UCI 0.0182214
Model_1_goa_re_2021.dat 2 2028  F_Median 0.0182214
Model_1_goa_re_2021.dat 2 2028  F_Mean 0.0182214
Model_1_goa_re_2021.dat 2 2029 F0 0 
Model_1_goa_re_2021.dat 2 2029 Fabc 0.0381281
Model_1_goa_re_2021.dat 2 2029 Fofl 0.0459618
Model_1_goa_re_2021.dat 2 2029  F_LCI 0.0182214
Model_1_goa_re_2021.dat 2 2029  F_UCI 0.0182214
Model_1_goa_re_2021.dat 2 2029  F_Median 0.0182214
Model_1_goa_re_2021.dat 2 2029  F_Mean 0.0182214
Model_1_goa_re_2021.dat 2 2030 F0 0 
Model_1_goa_re_2021.dat 2 2030 Fabc 0.0381281
Model_1_goa_re_2021.dat 2 2030 Fofl 0.0459618
Model_1_goa_re_2021.dat 2 2030  F_LCI 0.0182214
Model_1_goa_re_2021.dat 2 2030  F_UCI 0.0182214
Model_1_goa_re_2021.dat 2 2030  F_Median 0.0182214
Model_1_goa_re_2021.dat 2 2030  F_Mean 0.0182214
Model_1_goa_re_2021.dat 2 2031 F0 0 
Model_1_goa_re_2021.dat 2 2031 Fabc 0.0381281
Model_1_goa_re_2021.dat 2 2031 Fofl 0.0459618
Model_1_goa_re_2021.dat 2 2031  F_LCI 0.0182214
Model_1_goa_re_2021.dat 2 2031  F_UCI 0.0182214
Model_1_goa_re_2021.dat 2 2031  F_Median 0.0182214
Model_1_goa_re_2021.dat 2 2031  F_Mean 0.0182214
Model_1_goa_re_2021.dat 2 2032 F0 0 
Model_1_goa_re_2021.dat 2 2032 Fabc 0.0381281
Model_1_goa_re_2021.dat 2 2032 Fofl 0.0459618
Model_1_goa_re_2021.dat 2 2032  F_LCI 0.0182214
Model_1_goa_re_2021.dat 2 2032  F_UCI 0.0182214
Model_1_goa_re_2021.dat 2 2032  F_Median 0.0182214
Model_1_goa_re_2021.dat 2 2032  F_Mean 0.0182214
Model_1_goa_re_2021.dat 2 2033 F0 0 
Model_1_goa_re_2021.dat 2 2033 Fabc 0.0381281
Model_1_goa_re_2021.dat 2 2033 Fofl 0.0459618
Model_1_goa_re_2021.dat 2 2033  F_LCI 0.0182214
Model_1_goa_re_2021.dat 2 2033  F_UCI 0.0182214
Model_1_goa_re_2021.dat 2 2033  F_Median 0.0182214
Model_1_goa_re_2021.dat 2 2033  F_Mean 0.0182214
Model_1_goa_re_2021.dat 2 2034 F0 0 
Model_1_goa_re_2021.dat 2 2034 Fabc 0.0381281
Model_1_goa_re_2021.dat 2 2034 Fofl 0.0459618
Model_1_goa_re_2021.dat 2 2034  F_LCI 0.0182214
Model_1_goa_re_2021.dat 2 2034  F_UCI 0.0182214
Model_1_goa_re_2021.dat 2 2034  F_Median 0.0182214
Model_1_goa_re_2021.dat 2 2034  F_Mean 0.0182214
Model_1_goa_re_2021.dat 3 2021 Cabc 0.574153
Model_1_goa_re_2021.dat 3 2021 Cofl 0.615453
Model_1_goa_re_2021.dat 3 2021 CLCI 0.424885
Model_1_goa_re_2021.dat 3 2021 CUCI 0.424885
Model_1_goa_re_2021.dat 3 2021 CMedian 0.424885
Model_1_goa_re_2021.dat 3 2021 CMean 0.424885
Model_1_goa_re_2021.dat 3 2022 Cabc 0.574153
Model_1_goa_re_2021.dat 3 2022 Cofl 0.615453
Model_1_goa_re_2021.dat 3 2022 CLCI 0.397056
Model_1_goa_re_2021.dat 3 2022 CUCI 0.397056
Model_1_goa_re_2021.dat 3 2022 CMedian 0.397056
Model_1_goa_re_2021.dat 3 2022 CMean 0.397056
Model_1_goa_re_2021.dat 3 2023 Cabc 0.574153
Model_1_goa_re_2021.dat 3 2023 Cofl 0.615453
Model_1_goa_re_2021.dat 3 2023 CLCI 0.392428
Model_1_goa_re_2021.dat 3 2023 CUCI 0.392431
Model_1_goa_re_2021.dat 3 2023 CMedian 0.392429
Model_1_goa_re_2021.dat 3 2023 CMean 0.392429
Model_1_goa_re_2021.dat 3 2024 Cabc 0.574153
Model_1_goa_re_2021.dat 3 2024 Cofl 0.615453
Model_1_goa_re_2021.dat 3 2024 CLCI 0.390902
Model_1_goa_re_2021.dat 3 2024 CUCI 0.390916
Model_1_goa_re_2021.dat 3 2024 CMedian 0.390907
Model_1_goa_re_2021.dat 3 2024 CMean 0.390908
Model_1_goa_re_2021.dat 3 2025 Cabc 0.574153
Model_1_goa_re_2021.dat 3 2025 Cofl 0.615453
Model_1_goa_re_2021.dat 3 2025 CLCI 0.393162
Model_1_goa_re_2021.dat 3 2025 CUCI 0.393212
Model_1_goa_re_2021.dat 3 2025 CMedian 0.393181
Model_1_goa_re_2021.dat 3 2025 CMean 0.393183
Model_1_goa_re_2021.dat 3 2026 Cabc 0.574153
Model_1_goa_re_2021.dat 3 2026 Cofl 0.615453
Model_1_goa_re_2021.dat 3 2026 CLCI 0.399343
Model_1_goa_re_2021.dat 3 2026 CUCI 0.399505
Model_1_goa_re_2021.dat 3 2026 CMedian 0.399405
Model_1_goa_re_2021.dat 3 2026 CMean 0.399411
Model_1_goa_re_2021.dat 3 2027 Cabc 0.574153
Model_1_goa_re_2021.dat 3 2027 Cofl 0.615453
Model_1_goa_re_2021.dat 3 2027 CLCI 0.394259
Model_1_goa_re_2021.dat 3 2027 CUCI 0.394692
Model_1_goa_re_2021.dat 3 2027 CMedian 0.394426
Model_1_goa_re_2021.dat 3 2027 CMean 0.394444
Model_1_goa_re_2021.dat 3 2028 Cabc 0.574153
Model_1_goa_re_2021.dat 3 2028 Cofl 0.615453
Model_1_goa_re_2021.dat 3 2028 CLCI 0.38912
Model_1_goa_re_2021.dat 3 2028 CUCI 0.390029
Model_1_goa_re_2021.dat 3 2028 CMedian 0.389477
Model_1_goa_re_2021.dat 3 2028 CMean 0.389522
Model_1_goa_re_2021.dat 3 2029 Cabc 0.574153
Model_1_goa_re_2021.dat 3 2029 Cofl 0.615453
Model_1_goa_re_2021.dat 3 2029 CLCI 0.385515
Model_1_goa_re_2021.dat 3 2029 CUCI 0.387029
Model_1_goa_re_2021.dat 3 2029 CMedian 0.386106
Model_1_goa_re_2021.dat 3 2029 CMean 0.386169
Model_1_goa_re_2021.dat 3 2030 Cabc 0.574153
Model_1_goa_re_2021.dat 3 2030 Cofl 0.615453
Model_1_goa_re_2021.dat 3 2030 CLCI 0.382727
Model_1_goa_re_2021.dat 3 2030 CUCI 0.38469
Model_1_goa_re_2021.dat 3 2030 CMedian 0.383575
Model_1_goa_re_2021.dat 3 2030 CMean 0.38363
Model_1_goa_re_2021.dat 3 2031 Cabc 0.574153
Model_1_goa_re_2021.dat 3 2031 Cofl 0.615453
Model_1_goa_re_2021.dat 3 2031 CLCI 0.380213
Model_1_goa_re_2021.dat 3 2031 CUCI 0.382566
Model_1_goa_re_2021.dat 3 2031 CMedian 0.381259
Model_1_goa_re_2021.dat 3 2031 CMean 0.381315
Model_1_goa_re_2021.dat 3 2032 Cabc 0.574153
Model_1_goa_re_2021.dat 3 2032 Cofl 0.615453
Model_1_goa_re_2021.dat 3 2032 CLCI 0.378524
Model_1_goa_re_2021.dat 3 2032 CUCI 0.381243
Model_1_goa_re_2021.dat 3 2032 CMedian 0.379749
Model_1_goa_re_2021.dat 3 2032 CMean 0.379803
Model_1_goa_re_2021.dat 3 2033 Cabc 0.574153
Model_1_goa_re_2021.dat 3 2033 Cofl 0.615453
Model_1_goa_re_2021.dat 3 2033 CLCI 0.377404
Model_1_goa_re_2021.dat 3 2033 CUCI 0.381049
Model_1_goa_re_2021.dat 3 2033 CMedian 0.379005
Model_1_goa_re_2021.dat 3 2033 CMean 0.379039
Model_1_goa_re_2021.dat 3 2034 Cabc 0.574153
Model_1_goa_re_2021.dat 3 2034 Cofl 0.615453
Model_1_goa_re_2021.dat 3 2034 CLCI 0.37612
Model_1_goa_re_2021.dat 3 2034 CUCI 0.382608
Model_1_goa_re_2021.dat 3 2034 CMedian 0.378692
Model_1_goa_re_2021.dat 3 2034 CMean 0.37894
Model_1_goa_re_2021.dat 3 2021 SSBF100 14.7763
Model_1_goa_re_2021.dat 3 2021 SSBFabc 5.91051
Model_1_goa_re_2021.dat 3 2021 SSBFofl 5.1717
Model_1_goa_re_2021.dat 3 2021 SSBLCI 8.67785
Model_1_goa_re_2021.dat 3 2021 SSBUCI 8.67785
Model_1_goa_re_2021.dat 3 2021 SSBMedian 8.67785
Model_1_goa_re_2021.dat 3 2021 SSBMean 8.67785
Model_1_goa_re_2021.dat 3 2022 SSBF100 14.7763
Model_1_goa_re_2021.dat 3 2022 SSBFabc 5.91051
Model_1_goa_re_2021.dat 3 2022 SSBFofl 5.1717
Model_1_goa_re_2021.dat 3 2022 SSBLCI 8.62478
Model_1_goa_re_2021.dat 3 2022 SSBUCI 8.62478
Model_1_goa_re_2021.dat 3 2022 SSBMedian 8.62478
Model_1_goa_re_2021.dat 3 2022 SSBMean 8.62478
Model_1_goa_re_2021.dat 3 2023 SSBF100 14.7763
Model_1_goa_re_2021.dat 3 2023 SSBFabc 5.91051
Model_1_goa_re_2021.dat 3 2023 SSBFofl 5.1717
Model_1_goa_re_2021.dat 3 2023 SSBLCI 8.58561
Model_1_goa_re_2021.dat 3 2023 SSBUCI 8.58561
Model_1_goa_re_2021.dat 3 2023 SSBMedian 8.58561
Model_1_goa_re_2021.dat 3 2023 SSBMean 8.58561
Model_1_goa_re_2021.dat 3 2024 SSBF100 14.7763
Model_1_goa_re_2021.dat 3 2024 SSBFabc 5.91051
Model_1_goa_re_2021.dat 3 2024 SSBFofl 5.1717
Model_1_goa_re_2021.dat 3 2024 SSBLCI 8.54203
Model_1_goa_re_2021.dat 3 2024 SSBUCI 8.54203
Model_1_goa_re_2021.dat 3 2024 SSBMedian 8.54203
Model_1_goa_re_2021.dat 3 2024 SSBMean 8.54203
Model_1_goa_re_2021.dat 3 2025 SSBF100 14.7763
Model_1_goa_re_2021.dat 3 2025 SSBFabc 5.91051
Model_1_goa_re_2021.dat 3 2025 SSBFofl 5.1717
Model_1_goa_re_2021.dat 3 2025 SSBLCI 8.51239
Model_1_goa_re_2021.dat 3 2025 SSBUCI 8.51239
Model_1_goa_re_2021.dat 3 2025 SSBMedian 8.51239
Model_1_goa_re_2021.dat 3 2025 SSBMean 8.51239
Model_1_goa_re_2021.dat 3 2026 SSBF100 14.7763
Model_1_goa_re_2021.dat 3 2026 SSBFabc 5.91051
Model_1_goa_re_2021.dat 3 2026 SSBFofl 5.1717
Model_1_goa_re_2021.dat 3 2026 SSBLCI 8.48628
Model_1_goa_re_2021.dat 3 2026 SSBUCI 8.48649
Model_1_goa_re_2021.dat 3 2026 SSBMedian 8.48635
Model_1_goa_re_2021.dat 3 2026 SSBMean 8.48636
Model_1_goa_re_2021.dat 3 2027 SSBF100 14.7763
Model_1_goa_re_2021.dat 3 2027 SSBFabc 5.91051
Model_1_goa_re_2021.dat 3 2027 SSBFofl 5.1717
Model_1_goa_re_2021.dat 3 2027 SSBLCI 8.45539
Model_1_goa_re_2021.dat 3 2027 SSBUCI 8.4559
Model_1_goa_re_2021.dat 3 2027 SSBMedian 8.45559
Model_1_goa_re_2021.dat 3 2027 SSBMean 8.45561
Model_1_goa_re_2021.dat 3 2028 SSBF100 14.7763
Model_1_goa_re_2021.dat 3 2028 SSBFabc 5.91051
Model_1_goa_re_2021.dat 3 2028 SSBFofl 5.1717
Model_1_goa_re_2021.dat 3 2028 SSBLCI 8.41784
Model_1_goa_re_2021.dat 3 2028 SSBUCI 8.41907
Model_1_goa_re_2021.dat 3 2028 SSBMedian 8.41833
Model_1_goa_re_2021.dat 3 2028 SSBMean 8.41838
Model_1_goa_re_2021.dat 3 2029 SSBF100 14.7763
Model_1_goa_re_2021.dat 3 2029 SSBFabc 5.91051
Model_1_goa_re_2021.dat 3 2029 SSBFofl 5.1717
Model_1_goa_re_2021.dat 3 2029 SSBLCI 8.3749
Model_1_goa_re_2021.dat 3 2029 SSBUCI 8.37838
Model_1_goa_re_2021.dat 3 2029 SSBMedian 8.37623
Model_1_goa_re_2021.dat 3 2029 SSBMean 8.37637
Model_1_goa_re_2021.dat 3 2030 SSBF100 14.7763
Model_1_goa_re_2021.dat 3 2030 SSBFabc 5.91051
Model_1_goa_re_2021.dat 3 2030 SSBFofl 5.1717
Model_1_goa_re_2021.dat 3 2030 SSBLCI 8.32832
Model_1_goa_re_2021.dat 3 2030 SSBUCI 8.33719
Model_1_goa_re_2021.dat 3 2030 SSBMedian 8.33172
Model_1_goa_re_2021.dat 3 2030 SSBMean 8.33211
Model_1_goa_re_2021.dat 3 2031 SSBF100 14.7763
Model_1_goa_re_2021.dat 3 2031 SSBFabc 5.91051
Model_1_goa_re_2021.dat 3 2031 SSBFofl 5.1717
Model_1_goa_re_2021.dat 3 2031 SSBLCI 8.28301
Model_1_goa_re_2021.dat 3 2031 SSBUCI 8.30209
Model_1_goa_re_2021.dat 3 2031 SSBMedian 8.29041
Model_1_goa_re_2021.dat 3 2031 SSBMean 8.29136
Model_1_goa_re_2021.dat 3 2032 SSBF100 14.7763
Model_1_goa_re_2021.dat 3 2032 SSBFabc 5.91051
Model_1_goa_re_2021.dat 3 2032 SSBFofl 5.1717
Model_1_goa_re_2021.dat 3 2032 SSBLCI 8.23098
Model_1_goa_re_2021.dat 3 2032 SSBUCI 8.26913
Model_1_goa_re_2021.dat 3 2032 SSBMedian 8.24578
Model_1_goa_re_2021.dat 3 2032 SSBMean 8.24754
Model_1_goa_re_2021.dat 3 2033 SSBF100 14.7763
Model_1_goa_re_2021.dat 3 2033 SSBFabc 5.91051
Model_1_goa_re_2021.dat 3 2033 SSBFofl 5.1717
Model_1_goa_re_2021.dat 3 2033 SSBLCI 8.18451
Model_1_goa_re_2021.dat 3 2033 SSBUCI 8.25364
Model_1_goa_re_2021.dat 3 2033 SSBMedian 8.21105
Model_1_goa_re_2021.dat 3 2033 SSBMean 8.21433
Model_1_goa_re_2021.dat 3 2034 SSBF100 14.7763
Model_1_goa_re_2021.dat 3 2034 SSBFabc 5.91051
Model_1_goa_re_2021.dat 3 2034 SSBFofl 5.1717
Model_1_goa_re_2021.dat 3 2034 SSBLCI 8.14184
Model_1_goa_re_2021.dat 3 2034 SSBUCI 8.25792
Model_1_goa_re_2021.dat 3 2034 SSBMedian 8.1884
Model_1_goa_re_2021.dat 3 2034 SSBMean 8.19282
Model_1_goa_re_2021.dat 3 2021 F0 0 
Model_1_goa_re_2021.dat 3 2021 Fabc 0.0381281
Model_1_goa_re_2021.dat 3 2021 Fofl 0.0459618
Model_1_goa_re_2021.dat 3 2021  F_LCI 0.0202855
Model_1_goa_re_2021.dat 3 2021  F_UCI 0.0202855
Model_1_goa_re_2021.dat 3 2021  F_Median 0.0202855
Model_1_goa_re_2021.dat 3 2021  F_Mean 0.0202855
Model_1_goa_re_2021.dat 3 2022 F0 0 
Model_1_goa_re_2021.dat 3 2022 Fabc 0.0381281
Model_1_goa_re_2021.dat 3 2022 Fofl 0.0459618
Model_1_goa_re_2021.dat 3 2022  F_LCI 0.019064
Model_1_goa_re_2021.dat 3 2022  F_UCI 0.019064
Model_1_goa_re_2021.dat 3 2022  F_Median 0.019064
Model_1_goa_re_2021.dat 3 2022  F_Mean 0.019064
Model_1_goa_re_2021.dat 3 2023 F0 0 
Model_1_goa_re_2021.dat 3 2023 Fabc 0.0381281
Model_1_goa_re_2021.dat 3 2023 Fofl 0.0459618
Model_1_goa_re_2021.dat 3 2023  F_LCI 0.019064
Model_1_goa_re_2021.dat 3 2023  F_UCI 0.019064
Model_1_goa_re_2021.dat 3 2023  F_Median 0.019064
Model_1_goa_re_2021.dat 3 2023  F_Mean 0.019064
Model_1_goa_re_2021.dat 3 2024 F0 0 
Model_1_goa_re_2021.dat 3 2024 Fabc 0.0381281
Model_1_goa_re_2021.dat 3 2024 Fofl 0.0459618
Model_1_goa_re_2021.dat 3 2024  F_LCI 0.019064
Model_1_goa_re_2021.dat 3 2024  F_UCI 0.019064
Model_1_goa_re_2021.dat 3 2024  F_Median 0.019064
Model_1_goa_re_2021.dat 3 2024  F_Mean 0.019064
Model_1_goa_re_2021.dat 3 2025 F0 0 
Model_1_goa_re_2021.dat 3 2025 Fabc 0.0381281
Model_1_goa_re_2021.dat 3 2025 Fofl 0.0459618
Model_1_goa_re_2021.dat 3 2025  F_LCI 0.019064
Model_1_goa_re_2021.dat 3 2025  F_UCI 0.019064
Model_1_goa_re_2021.dat 3 2025  F_Median 0.019064
Model_1_goa_re_2021.dat 3 2025  F_Mean 0.019064
Model_1_goa_re_2021.dat 3 2026 F0 0 
Model_1_goa_re_2021.dat 3 2026 Fabc 0.0381281
Model_1_goa_re_2021.dat 3 2026 Fofl 0.0459618
Model_1_goa_re_2021.dat 3 2026  F_LCI 0.019064
Model_1_goa_re_2021.dat 3 2026  F_UCI 0.019064
Model_1_goa_re_2021.dat 3 2026  F_Median 0.019064
Model_1_goa_re_2021.dat 3 2026  F_Mean 0.019064
Model_1_goa_re_2021.dat 3 2027 F0 0 
Model_1_goa_re_2021.dat 3 2027 Fabc 0.0381281
Model_1_goa_re_2021.dat 3 2027 Fofl 0.0459618
Model_1_goa_re_2021.dat 3 2027  F_LCI 0.019064
Model_1_goa_re_2021.dat 3 2027  F_UCI 0.019064
Model_1_goa_re_2021.dat 3 2027  F_Median 0.019064
Model_1_goa_re_2021.dat 3 2027  F_Mean 0.019064
Model_1_goa_re_2021.dat 3 2028 F0 0 
Model_1_goa_re_2021.dat 3 2028 Fabc 0.0381281
Model_1_goa_re_2021.dat 3 2028 Fofl 0.0459618
Model_1_goa_re_2021.dat 3 2028  F_LCI 0.019064
Model_1_goa_re_2021.dat 3 2028  F_UCI 0.019064
Model_1_goa_re_2021.dat 3 2028  F_Median 0.019064
Model_1_goa_re_2021.dat 3 2028  F_Mean 0.019064
Model_1_goa_re_2021.dat 3 2029 F0 0 
Model_1_goa_re_2021.dat 3 2029 Fabc 0.0381281
Model_1_goa_re_2021.dat 3 2029 Fofl 0.0459618
Model_1_goa_re_2021.dat 3 2029  F_LCI 0.019064
Model_1_goa_re_2021.dat 3 2029  F_UCI 0.019064
Model_1_goa_re_2021.dat 3 2029  F_Median 0.019064
Model_1_goa_re_2021.dat 3 2029  F_Mean 0.019064
Model_1_goa_re_2021.dat 3 2030 F0 0 
Model_1_goa_re_2021.dat 3 2030 Fabc 0.0381281
Model_1_goa_re_2021.dat 3 2030 Fofl 0.0459618
Model_1_goa_re_2021.dat 3 2030  F_LCI 0.019064
Model_1_goa_re_2021.dat 3 2030  F_UCI 0.019064
Model_1_goa_re_2021.dat 3 2030  F_Median 0.019064
Model_1_goa_re_2021.dat 3 2030  F_Mean 0.019064
Model_1_goa_re_2021.dat 3 2031 F0 0 
Model_1_goa_re_2021.dat 3 2031 Fabc 0.0381281
Model_1_goa_re_2021.dat 3 2031 Fofl 0.0459618
Model_1_goa_re_2021.dat 3 2031  F_LCI 0.019064
Model_1_goa_re_2021.dat 3 2031  F_UCI 0.019064
Model_1_goa_re_2021.dat 3 2031  F_Median 0.019064
Model_1_goa_re_2021.dat 3 2031  F_Mean 0.019064
Model_1_goa_re_2021.dat 3 2032 F0 0 
Model_1_goa_re_2021.dat 3 2032 Fabc 0.0381281
Model_1_goa_re_2021.dat 3 2032 Fofl 0.0459618
Model_1_goa_re_2021.dat 3 2032  F_LCI 0.019064
Model_1_goa_re_2021.dat 3 2032  F_UCI 0.019064
Model_1_goa_re_2021.dat 3 2032  F_Median 0.019064
Model_1_goa_re_2021.dat 3 2032  F_Mean 0.019064
Model_1_goa_re_2021.dat 3 2033 F0 0 
Model_1_goa_re_2021.dat 3 2033 Fabc 0.0381281
Model_1_goa_re_2021.dat 3 2033 Fofl 0.0459618
Model_1_goa_re_2021.dat 3 2033  F_LCI 0.019064
Model_1_goa_re_2021.dat 3 2033  F_UCI 0.019064
Model_1_goa_re_2021.dat 3 2033  F_Median 0.019064
Model_1_goa_re_2021.dat 3 2033  F_Mean 0.019064
Model_1_goa_re_2021.dat 3 2034 F0 0 
Model_1_goa_re_2021.dat 3 2034 Fabc 0.0381281
Model_1_goa_re_2021.dat 3 2034 Fofl 0.0459618
Model_1_goa_re_2021.dat 3 2034  F_LCI 0.019064
Model_1_goa_re_2021.dat 3 2034  F_UCI 0.019064
Model_1_goa_re_2021.dat 3 2034  F_Median 0.019064
Model_1_goa_re_2021.dat 3 2034  F_Mean 0.019064
Model_1_goa_re_2021.dat 4 2021 Cabc 0.574153
Model_1_goa_re_2021.dat 4 2021 Cofl 0.615453
Model_1_goa_re_2021.dat 4 2021 CLCI 0.424885
Model_1_goa_re_2021.dat 4 2021 CUCI 0.424885
Model_1_goa_re_2021.dat 4 2021 CMedian 0.424885
Model_1_goa_re_2021.dat 4 2021 CMean 0.424885
Model_1_goa_re_2021.dat 4 2022 Cabc 0.574153
Model_1_goa_re_2021.dat 4 2022 Cofl 0.615453
Model_1_goa_re_2021.dat 4 2022 CLCI 0.538351
Model_1_goa_re_2021.dat 4 2022 CUCI 0.538352
Model_1_goa_re_2021.dat 4 2022 CMedian 0.538352
Model_1_goa_re_2021.dat 4 2022 CMean 0.538352
Model_1_goa_re_2021.dat 4 2023 Cabc 0.574153
Model_1_goa_re_2021.dat 4 2023 Cofl 0.615453
Model_1_goa_re_2021.dat 4 2023 CLCI 0.528588
Model_1_goa_re_2021.dat 4 2023 CUCI 0.528593
Model_1_goa_re_2021.dat 4 2023 CMedian 0.52859
Model_1_goa_re_2021.dat 4 2023 CMean 0.52859
Model_1_goa_re_2021.dat 4 2024 Cabc 0.574153
Model_1_goa_re_2021.dat 4 2024 Cofl 0.615453
Model_1_goa_re_2021.dat 4 2024 CLCI 0.523219
Model_1_goa_re_2021.dat 4 2024 CUCI 0.523237
Model_1_goa_re_2021.dat 4 2024 CMedian 0.523226
Model_1_goa_re_2021.dat 4 2024 CMean 0.523227
Model_1_goa_re_2021.dat 4 2025 Cabc 0.574153
Model_1_goa_re_2021.dat 4 2025 Cofl 0.615453
Model_1_goa_re_2021.dat 4 2025 CLCI 0.523128
Model_1_goa_re_2021.dat 4 2025 CUCI 0.523196
Model_1_goa_re_2021.dat 4 2025 CMedian 0.523154
Model_1_goa_re_2021.dat 4 2025 CMean 0.523157
Model_1_goa_re_2021.dat 4 2026 Cabc 0.574153
Model_1_goa_re_2021.dat 4 2026 Cofl 0.615453
Model_1_goa_re_2021.dat 4 2026 CLCI 0.528427
Model_1_goa_re_2021.dat 4 2026 CUCI 0.528648
Model_1_goa_re_2021.dat 4 2026 CMedian 0.528513
Model_1_goa_re_2021.dat 4 2026 CMean 0.528521
Model_1_goa_re_2021.dat 4 2027 Cabc 0.574153
Model_1_goa_re_2021.dat 4 2027 Cofl 0.615453
Model_1_goa_re_2021.dat 4 2027 CLCI 0.518589
Model_1_goa_re_2021.dat 4 2027 CUCI 0.519178
Model_1_goa_re_2021.dat 4 2027 CMedian 0.518815
Model_1_goa_re_2021.dat 4 2027 CMean 0.51884
Model_1_goa_re_2021.dat 4 2028 Cabc 0.574153
Model_1_goa_re_2021.dat 4 2028 Cofl 0.615453
Model_1_goa_re_2021.dat 4 2028 CLCI 0.508862
Model_1_goa_re_2021.dat 4 2028 CUCI 0.510099
Model_1_goa_re_2021.dat 4 2028 CMedian 0.509347
Model_1_goa_re_2021.dat 4 2028 CMean 0.509408
Model_1_goa_re_2021.dat 4 2029 Cabc 0.574153
Model_1_goa_re_2021.dat 4 2029 Cofl 0.615453
Model_1_goa_re_2021.dat 4 2029 CLCI 0.501389
Model_1_goa_re_2021.dat 4 2029 CUCI 0.503446
Model_1_goa_re_2021.dat 4 2029 CMedian 0.502191
Model_1_goa_re_2021.dat 4 2029 CMean 0.502278
Model_1_goa_re_2021.dat 4 2030 Cabc 0.574153
Model_1_goa_re_2021.dat 4 2030 Cofl 0.615453
Model_1_goa_re_2021.dat 4 2030 CLCI 0.49518
Model_1_goa_re_2021.dat 4 2030 CUCI 0.497847
Model_1_goa_re_2021.dat 4 2030 CMedian 0.496332
Model_1_goa_re_2021.dat 4 2030 CMean 0.496406
Model_1_goa_re_2021.dat 4 2031 Cabc 0.574153
Model_1_goa_re_2021.dat 4 2031 Cofl 0.615453
Model_1_goa_re_2021.dat 4 2031 CLCI 0.489494
Model_1_goa_re_2021.dat 4 2031 CUCI 0.49269
Model_1_goa_re_2021.dat 4 2031 CMedian 0.490916
Model_1_goa_re_2021.dat 4 2031 CMean 0.490991
Model_1_goa_re_2021.dat 4 2032 Cabc 0.574153
Model_1_goa_re_2021.dat 4 2032 Cofl 0.615453
Model_1_goa_re_2021.dat 4 2032 CLCI 0.485066
Model_1_goa_re_2021.dat 4 2032 CUCI 0.488755
Model_1_goa_re_2021.dat 4 2032 CMedian 0.486726
Model_1_goa_re_2021.dat 4 2032 CMean 0.486802
Model_1_goa_re_2021.dat 4 2033 Cabc 0.574153
Model_1_goa_re_2021.dat 4 2033 Cofl 0.615453
Model_1_goa_re_2021.dat 4 2033 CLCI 0.481533
Model_1_goa_re_2021.dat 4 2033 CUCI 0.486478
Model_1_goa_re_2021.dat 4 2033 CMedian 0.483705
Model_1_goa_re_2021.dat 4 2033 CMean 0.483751
Model_1_goa_re_2021.dat 4 2034 Cabc 0.574153
Model_1_goa_re_2021.dat 4 2034 Cofl 0.615453
Model_1_goa_re_2021.dat 4 2034 CLCI 0.477898
Model_1_goa_re_2021.dat 4 2034 CUCI 0.486683
Model_1_goa_re_2021.dat 4 2034 CMedian 0.48138
Model_1_goa_re_2021.dat 4 2034 CMean 0.481717
Model_1_goa_re_2021.dat 4 2021 SSBF100 14.7763
Model_1_goa_re_2021.dat 4 2021 SSBFabc 5.91051
Model_1_goa_re_2021.dat 4 2021 SSBFofl 5.1717
Model_1_goa_re_2021.dat 4 2021 SSBLCI 8.67785
Model_1_goa_re_2021.dat 4 2021 SSBUCI 8.67785
Model_1_goa_re_2021.dat 4 2021 SSBMedian 8.67785
Model_1_goa_re_2021.dat 4 2021 SSBMean 8.67785
Model_1_goa_re_2021.dat 4 2022 SSBF100 14.7763
Model_1_goa_re_2021.dat 4 2022 SSBFabc 5.91051
Model_1_goa_re_2021.dat 4 2022 SSBFofl 5.1717
Model_1_goa_re_2021.dat 4 2022 SSBLCI 8.6005
Model_1_goa_re_2021.dat 4 2022 SSBUCI 8.6005
Model_1_goa_re_2021.dat 4 2022 SSBMedian 8.6005
Model_1_goa_re_2021.dat 4 2022 SSBMean 8.6005
Model_1_goa_re_2021.dat 4 2023 SSBF100 14.7763
Model_1_goa_re_2021.dat 4 2023 SSBFabc 5.91051
Model_1_goa_re_2021.dat 4 2023 SSBFofl 5.1717
Model_1_goa_re_2021.dat 4 2023 SSBLCI 8.50438
Model_1_goa_re_2021.dat 4 2023 SSBUCI 8.50438
Model_1_goa_re_2021.dat 4 2023 SSBMedian 8.50438
Model_1_goa_re_2021.dat 4 2023 SSBMean 8.50438
Model_1_goa_re_2021.dat 4 2024 SSBF100 14.7763
Model_1_goa_re_2021.dat 4 2024 SSBFabc 5.91051
Model_1_goa_re_2021.dat 4 2024 SSBFofl 5.1717
Model_1_goa_re_2021.dat 4 2024 SSBLCI 8.40592
Model_1_goa_re_2021.dat 4 2024 SSBUCI 8.40592
Model_1_goa_re_2021.dat 4 2024 SSBMedian 8.40592
Model_1_goa_re_2021.dat 4 2024 SSBMean 8.40592
Model_1_goa_re_2021.dat 4 2025 SSBF100 14.7763
Model_1_goa_re_2021.dat 4 2025 SSBFabc 5.91051
Model_1_goa_re_2021.dat 4 2025 SSBFofl 5.1717
Model_1_goa_re_2021.dat 4 2025 SSBLCI 8.32321
Model_1_goa_re_2021.dat 4 2025 SSBUCI 8.32321
Model_1_goa_re_2021.dat 4 2025 SSBMedian 8.32321
Model_1_goa_re_2021.dat 4 2025 SSBMean 8.32321
Model_1_goa_re_2021.dat 4 2026 SSBF100 14.7763
Model_1_goa_re_2021.dat 4 2026 SSBFabc 5.91051
Model_1_goa_re_2021.dat 4 2026 SSBFofl 5.1717
Model_1_goa_re_2021.dat 4 2026 SSBLCI 8.24565
Model_1_goa_re_2021.dat 4 2026 SSBUCI 8.24586
Model_1_goa_re_2021.dat 4 2026 SSBMedian 8.24572
Model_1_goa_re_2021.dat 4 2026 SSBMean 8.24574
Model_1_goa_re_2021.dat 4 2027 SSBF100 14.7763
Model_1_goa_re_2021.dat 4 2027 SSBFabc 5.91051
Model_1_goa_re_2021.dat 4 2027 SSBFofl 5.1717
Model_1_goa_re_2021.dat 4 2027 SSBLCI 8.16501
Model_1_goa_re_2021.dat 4 2027 SSBUCI 8.16552
Model_1_goa_re_2021.dat 4 2027 SSBMedian 8.16521
Model_1_goa_re_2021.dat 4 2027 SSBMean 8.16523
Model_1_goa_re_2021.dat 4 2028 SSBF100 14.7763
Model_1_goa_re_2021.dat 4 2028 SSBFabc 5.91051
Model_1_goa_re_2021.dat 4 2028 SSBFofl 5.1717
Model_1_goa_re_2021.dat 4 2028 SSBLCI 8.07992
Model_1_goa_re_2021.dat 4 2028 SSBUCI 8.08115
Model_1_goa_re_2021.dat 4 2028 SSBMedian 8.08041
Model_1_goa_re_2021.dat 4 2028 SSBMean 8.08046
Model_1_goa_re_2021.dat 4 2029 SSBF100 14.7763
Model_1_goa_re_2021.dat 4 2029 SSBFabc 5.91051
Model_1_goa_re_2021.dat 4 2029 SSBFofl 5.1717
Model_1_goa_re_2021.dat 4 2029 SSBLCI 7.99177
Model_1_goa_re_2021.dat 4 2029 SSBUCI 7.99524
Model_1_goa_re_2021.dat 4 2029 SSBMedian 7.9931
Model_1_goa_re_2021.dat 4 2029 SSBMean 7.99324
Model_1_goa_re_2021.dat 4 2030 SSBF100 14.7763
Model_1_goa_re_2021.dat 4 2030 SSBFabc 5.91051
Model_1_goa_re_2021.dat 4 2030 SSBFofl 5.1717
Model_1_goa_re_2021.dat 4 2030 SSBLCI 7.90238
Model_1_goa_re_2021.dat 4 2030 SSBUCI 7.91124
Model_1_goa_re_2021.dat 4 2030 SSBMedian 7.90577
Model_1_goa_re_2021.dat 4 2030 SSBMean 7.90617
Model_1_goa_re_2021.dat 4 2031 SSBF100 14.7763
Model_1_goa_re_2021.dat 4 2031 SSBFabc 5.91051
Model_1_goa_re_2021.dat 4 2031 SSBFofl 5.1717
Model_1_goa_re_2021.dat 4 2031 SSBLCI 7.8165
Model_1_goa_re_2021.dat 4 2031 SSBUCI 7.83553
Model_1_goa_re_2021.dat 4 2031 SSBMedian 7.82388
Model_1_goa_re_2021.dat 4 2031 SSBMean 7.82483
Model_1_goa_re_2021.dat 4 2032 SSBF100 14.7763
Model_1_goa_re_2021.dat 4 2032 SSBFabc 5.91051
Model_1_goa_re_2021.dat 4 2032 SSBFofl 5.1717
Model_1_goa_re_2021.dat 4 2032 SSBLCI 7.72676
Model_1_goa_re_2021.dat 4 2032 SSBUCI 7.76479
Model_1_goa_re_2021.dat 4 2032 SSBMedian 7.74152
Model_1_goa_re_2021.dat 4 2032 SSBMean 7.74326
Model_1_goa_re_2021.dat 4 2033 SSBF100 14.7763
Model_1_goa_re_2021.dat 4 2033 SSBFabc 5.91051
Model_1_goa_re_2021.dat 4 2033 SSBFofl 5.1717
Model_1_goa_re_2021.dat 4 2033 SSBLCI 7.64464
Model_1_goa_re_2021.dat 4 2033 SSBUCI 7.7135
Model_1_goa_re_2021.dat 4 2033 SSBMedian 7.67107
Model_1_goa_re_2021.dat 4 2033 SSBMean 7.67435
Model_1_goa_re_2021.dat 4 2034 SSBF100 14.7763
Model_1_goa_re_2021.dat 4 2034 SSBFabc 5.91051
Model_1_goa_re_2021.dat 4 2034 SSBFofl 5.1717
Model_1_goa_re_2021.dat 4 2034 SSBLCI 7.56824
Model_1_goa_re_2021.dat 4 2034 SSBUCI 7.68383
Model_1_goa_re_2021.dat 4 2034 SSBMedian 7.61459
Model_1_goa_re_2021.dat 4 2034 SSBMean 7.61899
Model_1_goa_re_2021.dat 4 2021 F0 0 
Model_1_goa_re_2021.dat 4 2021 Fabc 0.0381281
Model_1_goa_re_2021.dat 4 2021 Fofl 0.0459618
Model_1_goa_re_2021.dat 4 2021  F_LCI 0.0202855
Model_1_goa_re_2021.dat 4 2021  F_UCI 0.0202855
Model_1_goa_re_2021.dat 4 2021  F_Median 0.0202855
Model_1_goa_re_2021.dat 4 2021  F_Mean 0.0202855
Model_1_goa_re_2021.dat 4 2022 F0 0 
Model_1_goa_re_2021.dat 4 2022 Fabc 0.0381281
Model_1_goa_re_2021.dat 4 2022 Fofl 0.0459618
Model_1_goa_re_2021.dat 4 2022  F_LCI 0.0259344
Model_1_goa_re_2021.dat 4 2022  F_UCI 0.0259344
Model_1_goa_re_2021.dat 4 2022  F_Median 0.0259344
Model_1_goa_re_2021.dat 4 2022  F_Mean 0.0259344
Model_1_goa_re_2021.dat 4 2023 F0 0 
Model_1_goa_re_2021.dat 4 2023 Fabc 0.0381281
Model_1_goa_re_2021.dat 4 2023 Fofl 0.0459618
Model_1_goa_re_2021.dat 4 2023  F_LCI 0.0259344
Model_1_goa_re_2021.dat 4 2023  F_UCI 0.0259344
Model_1_goa_re_2021.dat 4 2023  F_Median 0.0259344
Model_1_goa_re_2021.dat 4 2023  F_Mean 0.0259344
Model_1_goa_re_2021.dat 4 2024 F0 0 
Model_1_goa_re_2021.dat 4 2024 Fabc 0.0381281
Model_1_goa_re_2021.dat 4 2024 Fofl 0.0459618
Model_1_goa_re_2021.dat 4 2024  F_LCI 0.0259344
Model_1_goa_re_2021.dat 4 2024  F_UCI 0.0259344
Model_1_goa_re_2021.dat 4 2024  F_Median 0.0259344
Model_1_goa_re_2021.dat 4 2024  F_Mean 0.0259344
Model_1_goa_re_2021.dat 4 2025 F0 0 
Model_1_goa_re_2021.dat 4 2025 Fabc 0.0381281
Model_1_goa_re_2021.dat 4 2025 Fofl 0.0459618
Model_1_goa_re_2021.dat 4 2025  F_LCI 0.0259344
Model_1_goa_re_2021.dat 4 2025  F_UCI 0.0259344
Model_1_goa_re_2021.dat 4 2025  F_Median 0.0259344
Model_1_goa_re_2021.dat 4 2025  F_Mean 0.0259344
Model_1_goa_re_2021.dat 4 2026 F0 0 
Model_1_goa_re_2021.dat 4 2026 Fabc 0.0381281
Model_1_goa_re_2021.dat 4 2026 Fofl 0.0459618
Model_1_goa_re_2021.dat 4 2026  F_LCI 0.0259344
Model_1_goa_re_2021.dat 4 2026  F_UCI 0.0259344
Model_1_goa_re_2021.dat 4 2026  F_Median 0.0259344
Model_1_goa_re_2021.dat 4 2026  F_Mean 0.0259344
Model_1_goa_re_2021.dat 4 2027 F0 0 
Model_1_goa_re_2021.dat 4 2027 Fabc 0.0381281
Model_1_goa_re_2021.dat 4 2027 Fofl 0.0459618
Model_1_goa_re_2021.dat 4 2027  F_LCI 0.0259344
Model_1_goa_re_2021.dat 4 2027  F_UCI 0.0259344
Model_1_goa_re_2021.dat 4 2027  F_Median 0.0259344
Model_1_goa_re_2021.dat 4 2027  F_Mean 0.0259344
Model_1_goa_re_2021.dat 4 2028 F0 0 
Model_1_goa_re_2021.dat 4 2028 Fabc 0.0381281
Model_1_goa_re_2021.dat 4 2028 Fofl 0.0459618
Model_1_goa_re_2021.dat 4 2028  F_LCI 0.0259344
Model_1_goa_re_2021.dat 4 2028  F_UCI 0.0259344
Model_1_goa_re_2021.dat 4 2028  F_Median 0.0259344
Model_1_goa_re_2021.dat 4 2028  F_Mean 0.0259344
Model_1_goa_re_2021.dat 4 2029 F0 0 
Model_1_goa_re_2021.dat 4 2029 Fabc 0.0381281
Model_1_goa_re_2021.dat 4 2029 Fofl 0.0459618
Model_1_goa_re_2021.dat 4 2029  F_LCI 0.0259344
Model_1_goa_re_2021.dat 4 2029  F_UCI 0.0259344
Model_1_goa_re_2021.dat 4 2029  F_Median 0.0259344
Model_1_goa_re_2021.dat 4 2029  F_Mean 0.0259344
Model_1_goa_re_2021.dat 4 2030 F0 0 
Model_1_goa_re_2021.dat 4 2030 Fabc 0.0381281
Model_1_goa_re_2021.dat 4 2030 Fofl 0.0459618
Model_1_goa_re_2021.dat 4 2030  F_LCI 0.0259344
Model_1_goa_re_2021.dat 4 2030  F_UCI 0.0259344
Model_1_goa_re_2021.dat 4 2030  F_Median 0.0259344
Model_1_goa_re_2021.dat 4 2030  F_Mean 0.0259344
Model_1_goa_re_2021.dat 4 2031 F0 0 
Model_1_goa_re_2021.dat 4 2031 Fabc 0.0381281
Model_1_goa_re_2021.dat 4 2031 Fofl 0.0459618
Model_1_goa_re_2021.dat 4 2031  F_LCI 0.0259344
Model_1_goa_re_2021.dat 4 2031  F_UCI 0.0259344
Model_1_goa_re_2021.dat 4 2031  F_Median 0.0259344
Model_1_goa_re_2021.dat 4 2031  F_Mean 0.0259344
Model_1_goa_re_2021.dat 4 2032 F0 0 
Model_1_goa_re_2021.dat 4 2032 Fabc 0.0381281
Model_1_goa_re_2021.dat 4 2032 Fofl 0.0459618
Model_1_goa_re_2021.dat 4 2032  F_LCI 0.0259344
Model_1_goa_re_2021.dat 4 2032  F_UCI 0.0259344
Model_1_goa_re_2021.dat 4 2032  F_Median 0.0259344
Model_1_goa_re_2021.dat 4 2032  F_Mean 0.0259344
Model_1_goa_re_2021.dat 4 2033 F0 0 
Model_1_goa_re_2021.dat 4 2033 Fabc 0.0381281
Model_1_goa_re_2021.dat 4 2033 Fofl 0.0459618
Model_1_goa_re_2021.dat 4 2033  F_LCI 0.0259344
Model_1_goa_re_2021.dat 4 2033  F_UCI 0.0259344
Model_1_goa_re_2021.dat 4 2033  F_Median 0.0259344
Model_1_goa_re_2021.dat 4 2033  F_Mean 0.0259344
Model_1_goa_re_2021.dat 4 2034 F0 0 
Model_1_goa_re_2021.dat 4 2034 Fabc 0.0381281
Model_1_goa_re_2021.dat 4 2034 Fofl 0.0459618
Model_1_goa_re_2021.dat 4 2034  F_LCI 0.0259344
Model_1_goa_re_2021.dat 4 2034  F_UCI 0.0259344
Model_1_goa_re_2021.dat 4 2034  F_Median 0.0259344
Model_1_goa_re_2021.dat 4 2034  F_Mean 0.0259344
Model_1_goa_re_2021.dat 5 2021 Cabc 0.574153
Model_1_goa_re_2021.dat 5 2021 Cofl 0.615453
Model_1_goa_re_2021.dat 5 2021 CLCI 0.424885
Model_1_goa_re_2021.dat 5 2021 CUCI 0.424885
Model_1_goa_re_2021.dat 5 2021 CMedian 0.424885
Model_1_goa_re_2021.dat 5 2021 CMean 0.424885
Model_1_goa_re_2021.dat 5 2022 Cabc 0.574153
Model_1_goa_re_2021.dat 5 2022 Cofl 0.615453
Model_1_goa_re_2021.dat 5 2022 CLCI 0
Model_1_goa_re_2021.dat 5 2022 CUCI 0
Model_1_goa_re_2021.dat 5 2022 CMedian 0
Model_1_goa_re_2021.dat 5 2022 CMean 0
Model_1_goa_re_2021.dat 5 2023 Cabc 0.574153
Model_1_goa_re_2021.dat 5 2023 Cofl 0.615453
Model_1_goa_re_2021.dat 5 2023 CLCI 0
Model_1_goa_re_2021.dat 5 2023 CUCI 0
Model_1_goa_re_2021.dat 5 2023 CMedian 0
Model_1_goa_re_2021.dat 5 2023 CMean 0
Model_1_goa_re_2021.dat 5 2024 Cabc 0.574153
Model_1_goa_re_2021.dat 5 2024 Cofl 0.615453
Model_1_goa_re_2021.dat 5 2024 CLCI 0
Model_1_goa_re_2021.dat 5 2024 CUCI 0
Model_1_goa_re_2021.dat 5 2024 CMedian 0
Model_1_goa_re_2021.dat 5 2024 CMean 0
Model_1_goa_re_2021.dat 5 2025 Cabc 0.574153
Model_1_goa_re_2021.dat 5 2025 Cofl 0.615453
Model_1_goa_re_2021.dat 5 2025 CLCI 0
Model_1_goa_re_2021.dat 5 2025 CUCI 0
Model_1_goa_re_2021.dat 5 2025 CMedian 0
Model_1_goa_re_2021.dat 5 2025 CMean 0
Model_1_goa_re_2021.dat 5 2026 Cabc 0.574153
Model_1_goa_re_2021.dat 5 2026 Cofl 0.615453
Model_1_goa_re_2021.dat 5 2026 CLCI 0
Model_1_goa_re_2021.dat 5 2026 CUCI 0
Model_1_goa_re_2021.dat 5 2026 CMedian 0
Model_1_goa_re_2021.dat 5 2026 CMean 0
Model_1_goa_re_2021.dat 5 2027 Cabc 0.574153
Model_1_goa_re_2021.dat 5 2027 Cofl 0.615453
Model_1_goa_re_2021.dat 5 2027 CLCI 0
Model_1_goa_re_2021.dat 5 2027 CUCI 0
Model_1_goa_re_2021.dat 5 2027 CMedian 0
Model_1_goa_re_2021.dat 5 2027 CMean 0
Model_1_goa_re_2021.dat 5 2028 Cabc 0.574153
Model_1_goa_re_2021.dat 5 2028 Cofl 0.615453
Model_1_goa_re_2021.dat 5 2028 CLCI 0
Model_1_goa_re_2021.dat 5 2028 CUCI 0
Model_1_goa_re_2021.dat 5 2028 CMedian 0
Model_1_goa_re_2021.dat 5 2028 CMean 0
Model_1_goa_re_2021.dat 5 2029 Cabc 0.574153
Model_1_goa_re_2021.dat 5 2029 Cofl 0.615453
Model_1_goa_re_2021.dat 5 2029 CLCI 0
Model_1_goa_re_2021.dat 5 2029 CUCI 0
Model_1_goa_re_2021.dat 5 2029 CMedian 0
Model_1_goa_re_2021.dat 5 2029 CMean 0
Model_1_goa_re_2021.dat 5 2030 Cabc 0.574153
Model_1_goa_re_2021.dat 5 2030 Cofl 0.615453
Model_1_goa_re_2021.dat 5 2030 CLCI 0
Model_1_goa_re_2021.dat 5 2030 CUCI 0
Model_1_goa_re_2021.dat 5 2030 CMedian 0
Model_1_goa_re_2021.dat 5 2030 CMean 0
Model_1_goa_re_2021.dat 5 2031 Cabc 0.574153
Model_1_goa_re_2021.dat 5 2031 Cofl 0.615453
Model_1_goa_re_2021.dat 5 2031 CLCI 0
Model_1_goa_re_2021.dat 5 2031 CUCI 0
Model_1_goa_re_2021.dat 5 2031 CMedian 0
Model_1_goa_re_2021.dat 5 2031 CMean 0
Model_1_goa_re_2021.dat 5 2032 Cabc 0.574153
Model_1_goa_re_2021.dat 5 2032 Cofl 0.615453
Model_1_goa_re_2021.dat 5 2032 CLCI 0
Model_1_goa_re_2021.dat 5 2032 CUCI 0
Model_1_goa_re_2021.dat 5 2032 CMedian 0
Model_1_goa_re_2021.dat 5 2032 CMean 0
Model_1_goa_re_2021.dat 5 2033 Cabc 0.574153
Model_1_goa_re_2021.dat 5 2033 Cofl 0.615453
Model_1_goa_re_2021.dat 5 2033 CLCI 0
Model_1_goa_re_2021.dat 5 2033 CUCI 0
Model_1_goa_re_2021.dat 5 2033 CMedian 0
Model_1_goa_re_2021.dat 5 2033 CMean 0
Model_1_goa_re_2021.dat 5 2034 Cabc 0.574153
Model_1_goa_re_2021.dat 5 2034 Cofl 0.615453
Model_1_goa_re_2021.dat 5 2034 CLCI 0
Model_1_goa_re_2021.dat 5 2034 CUCI 0
Model_1_goa_re_2021.dat 5 2034 CMedian 0
Model_1_goa_re_2021.dat 5 2034 CMean 0
Model_1_goa_re_2021.dat 5 2021 SSBF100 14.7763
Model_1_goa_re_2021.dat 5 2021 SSBFabc 5.91051
Model_1_goa_re_2021.dat 5 2021 SSBFofl 5.1717
Model_1_goa_re_2021.dat 5 2021 SSBLCI 8.67785
Model_1_goa_re_2021.dat 5 2021 SSBUCI 8.67785
Model_1_goa_re_2021.dat 5 2021 SSBMedian 8.67785
Model_1_goa_re_2021.dat 5 2021 SSBMean 8.67785
Model_1_goa_re_2021.dat 5 2022 SSBF100 14.7763
Model_1_goa_re_2021.dat 5 2022 SSBFabc 5.91051
Model_1_goa_re_2021.dat 5 2022 SSBFofl 5.1717
Model_1_goa_re_2021.dat 5 2022 SSBLCI 8.69254
Model_1_goa_re_2021.dat 5 2022 SSBUCI 8.69254
Model_1_goa_re_2021.dat 5 2022 SSBMedian 8.69254
Model_1_goa_re_2021.dat 5 2022 SSBMean 8.69254
Model_1_goa_re_2021.dat 5 2023 SSBF100 14.7763
Model_1_goa_re_2021.dat 5 2023 SSBFabc 5.91051
Model_1_goa_re_2021.dat 5 2023 SSBFofl 5.1717
Model_1_goa_re_2021.dat 5 2023 SSBLCI 8.81516
Model_1_goa_re_2021.dat 5 2023 SSBUCI 8.81516
Model_1_goa_re_2021.dat 5 2023 SSBMedian 8.81516
Model_1_goa_re_2021.dat 5 2023 SSBMean 8.81516
Model_1_goa_re_2021.dat 5 2024 SSBF100 14.7763
Model_1_goa_re_2021.dat 5 2024 SSBFabc 5.91051
Model_1_goa_re_2021.dat 5 2024 SSBFofl 5.1717
Model_1_goa_re_2021.dat 5 2024 SSBLCI 8.93169
Model_1_goa_re_2021.dat 5 2024 SSBUCI 8.93169
Model_1_goa_re_2021.dat 5 2024 SSBMedian 8.93169
Model_1_goa_re_2021.dat 5 2024 SSBMean 8.93169
Model_1_goa_re_2021.dat 5 2025 SSBF100 14.7763
Model_1_goa_re_2021.dat 5 2025 SSBFabc 5.91051
Model_1_goa_re_2021.dat 5 2025 SSBFofl 5.1717
Model_1_goa_re_2021.dat 5 2025 SSBLCI 9.06092
Model_1_goa_re_2021.dat 5 2025 SSBUCI 9.06092
Model_1_goa_re_2021.dat 5 2025 SSBMedian 9.06092
Model_1_goa_re_2021.dat 5 2025 SSBMean 9.06092
Model_1_goa_re_2021.dat 5 2026 SSBF100 14.7763
Model_1_goa_re_2021.dat 5 2026 SSBFabc 5.91051
Model_1_goa_re_2021.dat 5 2026 SSBFofl 5.1717
Model_1_goa_re_2021.dat 5 2026 SSBLCI 9.19279
Model_1_goa_re_2021.dat 5 2026 SSBUCI 9.19299
Model_1_goa_re_2021.dat 5 2026 SSBMedian 9.19286
Model_1_goa_re_2021.dat 5 2026 SSBMean 9.19287
Model_1_goa_re_2021.dat 5 2027 SSBF100 14.7763
Model_1_goa_re_2021.dat 5 2027 SSBFabc 5.91051
Model_1_goa_re_2021.dat 5 2027 SSBFofl 5.1717
Model_1_goa_re_2021.dat 5 2027 SSBLCI 9.3186
Model_1_goa_re_2021.dat 5 2027 SSBUCI 9.31912
Model_1_goa_re_2021.dat 5 2027 SSBMedian 9.3188
Model_1_goa_re_2021.dat 5 2027 SSBMean 9.31882
Model_1_goa_re_2021.dat 5 2028 SSBF100 14.7763
Model_1_goa_re_2021.dat 5 2028 SSBFabc 5.91051
Model_1_goa_re_2021.dat 5 2028 SSBFofl 5.1717
Model_1_goa_re_2021.dat 5 2028 SSBLCI 9.43483
Model_1_goa_re_2021.dat 5 2028 SSBUCI 9.43606
Model_1_goa_re_2021.dat 5 2028 SSBMedian 9.43532
Model_1_goa_re_2021.dat 5 2028 SSBMean 9.43537
Model_1_goa_re_2021.dat 5 2029 SSBF100 14.7763
Model_1_goa_re_2021.dat 5 2029 SSBFabc 5.91051
Model_1_goa_re_2021.dat 5 2029 SSBFofl 5.1717
Model_1_goa_re_2021.dat 5 2029 SSBLCI 9.54209
Model_1_goa_re_2021.dat 5 2029 SSBUCI 9.54557
Model_1_goa_re_2021.dat 5 2029 SSBMedian 9.54342
Model_1_goa_re_2021.dat 5 2029 SSBMean 9.54356
Model_1_goa_re_2021.dat 5 2030 SSBF100 14.7763
Model_1_goa_re_2021.dat 5 2030 SSBFabc 5.91051
Model_1_goa_re_2021.dat 5 2030 SSBFofl 5.1717
Model_1_goa_re_2021.dat 5 2030 SSBLCI 9.64166
Model_1_goa_re_2021.dat 5 2030 SSBUCI 9.65058
Model_1_goa_re_2021.dat 5 2030 SSBMedian 9.64508
Model_1_goa_re_2021.dat 5 2030 SSBMean 9.64547
Model_1_goa_re_2021.dat 5 2031 SSBF100 14.7763
Model_1_goa_re_2021.dat 5 2031 SSBFabc 5.91051
Model_1_goa_re_2021.dat 5 2031 SSBFofl 5.1717
Model_1_goa_re_2021.dat 5 2031 SSBLCI 9.73871
Model_1_goa_re_2021.dat 5 2031 SSBUCI 9.75794
Model_1_goa_re_2021.dat 5 2031 SSBMedian 9.74618
Model_1_goa_re_2021.dat 5 2031 SSBMean 9.74712
Model_1_goa_re_2021.dat 5 2032 SSBF100 14.7763
Model_1_goa_re_2021.dat 5 2032 SSBFabc 5.91051
Model_1_goa_re_2021.dat 5 2032 SSBFofl 5.1717
Model_1_goa_re_2021.dat 5 2032 SSBLCI 9.82295
Model_1_goa_re_2021.dat 5 2032 SSBUCI 9.86146
Model_1_goa_re_2021.dat 5 2032 SSBMedian 9.83788
Model_1_goa_re_2021.dat 5 2032 SSBMean 9.83967
Model_1_goa_re_2021.dat 5 2033 SSBF100 14.7763
Model_1_goa_re_2021.dat 5 2033 SSBFabc 5.91051
Model_1_goa_re_2021.dat 5 2033 SSBFofl 5.1717
Model_1_goa_re_2021.dat 5 2033 SSBLCI 9.90888
Model_1_goa_re_2021.dat 5 2033 SSBUCI 9.97874
Model_1_goa_re_2021.dat 5 2033 SSBMedian 9.93571
Model_1_goa_re_2021.dat 5 2033 SSBMean 9.93902
Model_1_goa_re_2021.dat 5 2034 SSBF100 14.7763
Model_1_goa_re_2021.dat 5 2034 SSBFabc 5.91051
Model_1_goa_re_2021.dat 5 2034 SSBFofl 5.1717
Model_1_goa_re_2021.dat 5 2034 SSBLCI 9.99486
Model_1_goa_re_2021.dat 5 2034 SSBUCI 10.1124
Model_1_goa_re_2021.dat 5 2034 SSBMedian 10.042
Model_1_goa_re_2021.dat 5 2034 SSBMean 10.0465
Model_1_goa_re_2021.dat 5 2021 F0 0 
Model_1_goa_re_2021.dat 5 2021 Fabc 0.0381281
Model_1_goa_re_2021.dat 5 2021 Fofl 0.0459618
Model_1_goa_re_2021.dat 5 2021  F_LCI 0.0202855
Model_1_goa_re_2021.dat 5 2021  F_UCI 0.0202855
Model_1_goa_re_2021.dat 5 2021  F_Median 0.0202855
Model_1_goa_re_2021.dat 5 2021  F_Mean 0.0202855
Model_1_goa_re_2021.dat 5 2022 F0 0 
Model_1_goa_re_2021.dat 5 2022 Fabc 0.0381281
Model_1_goa_re_2021.dat 5 2022 Fofl 0.0459618
Model_1_goa_re_2021.dat 5 2022  F_LCI 0
Model_1_goa_re_2021.dat 5 2022  F_UCI 0
Model_1_goa_re_2021.dat 5 2022  F_Median 0
Model_1_goa_re_2021.dat 5 2022  F_Mean 0
Model_1_goa_re_2021.dat 5 2023 F0 0 
Model_1_goa_re_2021.dat 5 2023 Fabc 0.0381281
Model_1_goa_re_2021.dat 5 2023 Fofl 0.0459618
Model_1_goa_re_2021.dat 5 2023  F_LCI 0
Model_1_goa_re_2021.dat 5 2023  F_UCI 0
Model_1_goa_re_2021.dat 5 2023  F_Median 0
Model_1_goa_re_2021.dat 5 2023  F_Mean 0
Model_1_goa_re_2021.dat 5 2024 F0 0 
Model_1_goa_re_2021.dat 5 2024 Fabc 0.0381281
Model_1_goa_re_2021.dat 5 2024 Fofl 0.0459618
Model_1_goa_re_2021.dat 5 2024  F_LCI 0
Model_1_goa_re_2021.dat 5 2024  F_UCI 0
Model_1_goa_re_2021.dat 5 2024  F_Median 0
Model_1_goa_re_2021.dat 5 2024  F_Mean 0
Model_1_goa_re_2021.dat 5 2025 F0 0 
Model_1_goa_re_2021.dat 5 2025 Fabc 0.0381281
Model_1_goa_re_2021.dat 5 2025 Fofl 0.0459618
Model_1_goa_re_2021.dat 5 2025  F_LCI 0
Model_1_goa_re_2021.dat 5 2025  F_UCI 0
Model_1_goa_re_2021.dat 5 2025  F_Median 0
Model_1_goa_re_2021.dat 5 2025  F_Mean 0
Model_1_goa_re_2021.dat 5 2026 F0 0 
Model_1_goa_re_2021.dat 5 2026 Fabc 0.0381281
Model_1_goa_re_2021.dat 5 2026 Fofl 0.0459618
Model_1_goa_re_2021.dat 5 2026  F_LCI 0
Model_1_goa_re_2021.dat 5 2026  F_UCI 0
Model_1_goa_re_2021.dat 5 2026  F_Median 0
Model_1_goa_re_2021.dat 5 2026  F_Mean 0
Model_1_goa_re_2021.dat 5 2027 F0 0 
Model_1_goa_re_2021.dat 5 2027 Fabc 0.0381281
Model_1_goa_re_2021.dat 5 2027 Fofl 0.0459618
Model_1_goa_re_2021.dat 5 2027  F_LCI 0
Model_1_goa_re_2021.dat 5 2027  F_UCI 0
Model_1_goa_re_2021.dat 5 2027  F_Median 0
Model_1_goa_re_2021.dat 5 2027  F_Mean 0
Model_1_goa_re_2021.dat 5 2028 F0 0 
Model_1_goa_re_2021.dat 5 2028 Fabc 0.0381281
Model_1_goa_re_2021.dat 5 2028 Fofl 0.0459618
Model_1_goa_re_2021.dat 5 2028  F_LCI 0
Model_1_goa_re_2021.dat 5 2028  F_UCI 0
Model_1_goa_re_2021.dat 5 2028  F_Median 0
Model_1_goa_re_2021.dat 5 2028  F_Mean 0
Model_1_goa_re_2021.dat 5 2029 F0 0 
Model_1_goa_re_2021.dat 5 2029 Fabc 0.0381281
Model_1_goa_re_2021.dat 5 2029 Fofl 0.0459618
Model_1_goa_re_2021.dat 5 2029  F_LCI 0
Model_1_goa_re_2021.dat 5 2029  F_UCI 0
Model_1_goa_re_2021.dat 5 2029  F_Median 0
Model_1_goa_re_2021.dat 5 2029  F_Mean 0
Model_1_goa_re_2021.dat 5 2030 F0 0 
Model_1_goa_re_2021.dat 5 2030 Fabc 0.0381281
Model_1_goa_re_2021.dat 5 2030 Fofl 0.0459618
Model_1_goa_re_2021.dat 5 2030  F_LCI 0
Model_1_goa_re_2021.dat 5 2030  F_UCI 0
Model_1_goa_re_2021.dat 5 2030  F_Median 0
Model_1_goa_re_2021.dat 5 2030  F_Mean 0
Model_1_goa_re_2021.dat 5 2031 F0 0 
Model_1_goa_re_2021.dat 5 2031 Fabc 0.0381281
Model_1_goa_re_2021.dat 5 2031 Fofl 0.0459618
Model_1_goa_re_2021.dat 5 2031  F_LCI 0
Model_1_goa_re_2021.dat 5 2031  F_UCI 0
Model_1_goa_re_2021.dat 5 2031  F_Median 0
Model_1_goa_re_2021.dat 5 2031  F_Mean 0
Model_1_goa_re_2021.dat 5 2032 F0 0 
Model_1_goa_re_2021.dat 5 2032 Fabc 0.0381281
Model_1_goa_re_2021.dat 5 2032 Fofl 0.0459618
Model_1_goa_re_2021.dat 5 2032  F_LCI 0
Model_1_goa_re_2021.dat 5 2032  F_UCI 0
Model_1_goa_re_2021.dat 5 2032  F_Median 0
Model_1_goa_re_2021.dat 5 2032  F_Mean 0
Model_1_goa_re_2021.dat 5 2033 F0 0 
Model_1_goa_re_2021.dat 5 2033 Fabc 0.0381281
Model_1_goa_re_2021.dat 5 2033 Fofl 0.0459618
Model_1_goa_re_2021.dat 5 2033  F_LCI 0
Model_1_goa_re_2021.dat 5 2033  F_UCI 0
Model_1_goa_re_2021.dat 5 2033  F_Median 0
Model_1_goa_re_2021.dat 5 2033  F_Mean 0
Model_1_goa_re_2021.dat 5 2034 F0 0 
Model_1_goa_re_2021.dat 5 2034 Fabc 0.0381281
Model_1_goa_re_2021.dat 5 2034 Fofl 0.0459618
Model_1_goa_re_2021.dat 5 2034  F_LCI 0
Model_1_goa_re_2021.dat 5 2034  F_UCI 0
Model_1_goa_re_2021.dat 5 2034  F_Median 0
Model_1_goa_re_2021.dat 5 2034  F_Mean 0
Model_1_goa_re_2021.dat 6 2021 Cabc 0.574153
Model_1_goa_re_2021.dat 6 2021 Cofl 0.615453
Model_1_goa_re_2021.dat 6 2021 CLCI 0.424885
Model_1_goa_re_2021.dat 6 2021 CUCI 0.424885
Model_1_goa_re_2021.dat 6 2021 CMedian 0.424885
Model_1_goa_re_2021.dat 6 2021 CMean 0.424885
Model_1_goa_re_2021.dat 6 2022 Cabc 0.574153
Model_1_goa_re_2021.dat 6 2022 Cofl 0.615453
Model_1_goa_re_2021.dat 6 2022 CLCI 0.944886
Model_1_goa_re_2021.dat 6 2022 CUCI 0.944888
Model_1_goa_re_2021.dat 6 2022 CMedian 0.944887
Model_1_goa_re_2021.dat 6 2022 CMean 0.944887
Model_1_goa_re_2021.dat 6 2023 Cabc 0.574153
Model_1_goa_re_2021.dat 6 2023 Cofl 0.615453
Model_1_goa_re_2021.dat 6 2023 CLCI 0.910143
Model_1_goa_re_2021.dat 6 2023 CUCI 0.910151
Model_1_goa_re_2021.dat 6 2023 CMedian 0.910146
Model_1_goa_re_2021.dat 6 2023 CMean 0.910147
Model_1_goa_re_2021.dat 6 2024 Cabc 0.574153
Model_1_goa_re_2021.dat 6 2024 Cofl 0.615453
Model_1_goa_re_2021.dat 6 2024 CLCI 0.884506
Model_1_goa_re_2021.dat 6 2024 CUCI 0.884539
Model_1_goa_re_2021.dat 6 2024 CMedian 0.884519
Model_1_goa_re_2021.dat 6 2024 CMean 0.88452
Model_1_goa_re_2021.dat 6 2025 Cabc 0.574153
Model_1_goa_re_2021.dat 6 2025 Cofl 0.615453
Model_1_goa_re_2021.dat 6 2025 CLCI 0.869263
Model_1_goa_re_2021.dat 6 2025 CUCI 0.869384
Model_1_goa_re_2021.dat 6 2025 CMedian 0.86931
Model_1_goa_re_2021.dat 6 2025 CMean 0.869314
Model_1_goa_re_2021.dat 6 2026 Cabc 0.574153
Model_1_goa_re_2021.dat 6 2026 Cofl 0.615453
Model_1_goa_re_2021.dat 6 2026 CLCI 0.864202
Model_1_goa_re_2021.dat 6 2026 CUCI 0.864593
Model_1_goa_re_2021.dat 6 2026 CMedian 0.864354
Model_1_goa_re_2021.dat 6 2026 CMean 0.864368
Model_1_goa_re_2021.dat 6 2027 Cabc 0.574153
Model_1_goa_re_2021.dat 6 2027 Cofl 0.615453
Model_1_goa_re_2021.dat 6 2027 CLCI 0.83357
Model_1_goa_re_2021.dat 6 2027 CUCI 0.834611
Model_1_goa_re_2021.dat 6 2027 CMedian 0.83397
Model_1_goa_re_2021.dat 6 2027 CMean 0.834014
Model_1_goa_re_2021.dat 6 2028 Cabc 0.574153
Model_1_goa_re_2021.dat 6 2028 Cofl 0.615453
Model_1_goa_re_2021.dat 6 2028 CLCI 0.80435
Model_1_goa_re_2021.dat 6 2028 CUCI 0.806536
Model_1_goa_re_2021.dat 6 2028 CMedian 0.805208
Model_1_goa_re_2021.dat 6 2028 CMean 0.805315
Model_1_goa_re_2021.dat 6 2029 Cabc 0.574153
Model_1_goa_re_2021.dat 6 2029 Cofl 0.615453
Model_1_goa_re_2021.dat 6 2029 CLCI 0.780188
Model_1_goa_re_2021.dat 6 2029 CUCI 0.783824
Model_1_goa_re_2021.dat 6 2029 CMedian 0.781605
Model_1_goa_re_2021.dat 6 2029 CMean 0.781759
Model_1_goa_re_2021.dat 6 2030 Cabc 0.574153
Model_1_goa_re_2021.dat 6 2030 Cofl 0.615453
Model_1_goa_re_2021.dat 6 2030 CLCI 0.759232
Model_1_goa_re_2021.dat 6 2030 CUCI 0.763937
Model_1_goa_re_2021.dat 6 2030 CMedian 0.761263
Model_1_goa_re_2021.dat 6 2030 CMean 0.761396
Model_1_goa_re_2021.dat 6 2031 Cabc 0.574153
Model_1_goa_re_2021.dat 6 2031 Cofl 0.615453
Model_1_goa_re_2021.dat 6 2031 CLCI 0.740111
Model_1_goa_re_2021.dat 6 2031 CUCI 0.74574
Model_1_goa_re_2021.dat 6 2031 CMedian 0.742611
Model_1_goa_re_2021.dat 6 2031 CMean 0.742748
Model_1_goa_re_2021.dat 6 2032 Cabc 0.574153
Model_1_goa_re_2021.dat 6 2032 Cofl 0.615453
Model_1_goa_re_2021.dat 6 2032 CLCI 0.724014
Model_1_goa_re_2021.dat 6 2032 CUCI 0.730507
Model_1_goa_re_2021.dat 6 2032 CMedian 0.726943
Model_1_goa_re_2021.dat 6 2032 CMean 0.727071
Model_1_goa_re_2021.dat 6 2033 Cabc 0.574153
Model_1_goa_re_2021.dat 6 2033 Cofl 0.615453
Model_1_goa_re_2021.dat 6 2033 CLCI 0.710216
Model_1_goa_re_2021.dat 6 2033 CUCI 0.718907
Model_1_goa_re_2021.dat 6 2033 CMedian 0.714033
Model_1_goa_re_2021.dat 6 2033 CMean 0.714118
Model_1_goa_re_2021.dat 6 2034 Cabc 0.574153
Model_1_goa_re_2021.dat 6 2034 Cofl 0.615453
Model_1_goa_re_2021.dat 6 2034 CLCI 0.696917
Model_1_goa_re_2021.dat 6 2034 CUCI 0.71227
Model_1_goa_re_2021.dat 6 2034 CMedian 0.702974
Model_1_goa_re_2021.dat 6 2034 CMean 0.703591
Model_1_goa_re_2021.dat 6 2021 SSBF100 14.7763
Model_1_goa_re_2021.dat 6 2021 SSBFabc 5.91051
Model_1_goa_re_2021.dat 6 2021 SSBFofl 5.1717
Model_1_goa_re_2021.dat 6 2021 SSBLCI 8.67785
Model_1_goa_re_2021.dat 6 2021 SSBUCI 8.67785
Model_1_goa_re_2021.dat 6 2021 SSBMedian 8.67785
Model_1_goa_re_2021.dat 6 2021 SSBMean 8.67785
Model_1_goa_re_2021.dat 6 2022 SSBF100 14.7763
Model_1_goa_re_2021.dat 6 2022 SSBFabc 5.91051
Model_1_goa_re_2021.dat 6 2022 SSBFofl 5.1717
Model_1_goa_re_2021.dat 6 2022 SSBLCI 8.53009
Model_1_goa_re_2021.dat 6 2022 SSBUCI 8.53009
Model_1_goa_re_2021.dat 6 2022 SSBMedian 8.53009
Model_1_goa_re_2021.dat 6 2022 SSBMean 8.53009
Model_1_goa_re_2021.dat 6 2023 SSBF100 14.7763
Model_1_goa_re_2021.dat 6 2023 SSBFabc 5.91051
Model_1_goa_re_2021.dat 6 2023 SSBFofl 5.1717
Model_1_goa_re_2021.dat 6 2023 SSBLCI 8.27204
Model_1_goa_re_2021.dat 6 2023 SSBUCI 8.27204
Model_1_goa_re_2021.dat 6 2023 SSBMedian 8.27204
Model_1_goa_re_2021.dat 6 2023 SSBMean 8.27204
Model_1_goa_re_2021.dat 6 2024 SSBF100 14.7763
Model_1_goa_re_2021.dat 6 2024 SSBFabc 5.91051
Model_1_goa_re_2021.dat 6 2024 SSBFofl 5.1717
Model_1_goa_re_2021.dat 6 2024 SSBLCI 8.0217
Model_1_goa_re_2021.dat 6 2024 SSBUCI 8.0217
Model_1_goa_re_2021.dat 6 2024 SSBMedian 8.0217
Model_1_goa_re_2021.dat 6 2024 SSBMean 8.0217
Model_1_goa_re_2021.dat 6 2025 SSBF100 14.7763
Model_1_goa_re_2021.dat 6 2025 SSBFabc 5.91051
Model_1_goa_re_2021.dat 6 2025 SSBFofl 5.1717
Model_1_goa_re_2021.dat 6 2025 SSBLCI 7.79611
Model_1_goa_re_2021.dat 6 2025 SSBUCI 7.79611
Model_1_goa_re_2021.dat 6 2025 SSBMedian 7.79611
Model_1_goa_re_2021.dat 6 2025 SSBMean 7.79611
Model_1_goa_re_2021.dat 6 2026 SSBF100 14.7763
Model_1_goa_re_2021.dat 6 2026 SSBFabc 5.91051
Model_1_goa_re_2021.dat 6 2026 SSBFofl 5.1717
Model_1_goa_re_2021.dat 6 2026 SSBLCI 7.58375
Model_1_goa_re_2021.dat 6 2026 SSBUCI 7.58396
Model_1_goa_re_2021.dat 6 2026 SSBMedian 7.58382
Model_1_goa_re_2021.dat 6 2026 SSBMean 7.58384
Model_1_goa_re_2021.dat 6 2027 SSBF100 14.7763
Model_1_goa_re_2021.dat 6 2027 SSBFabc 5.91051
Model_1_goa_re_2021.dat 6 2027 SSBFofl 5.1717
Model_1_goa_re_2021.dat 6 2027 SSBLCI 7.37625
Model_1_goa_re_2021.dat 6 2027 SSBUCI 7.37676
Model_1_goa_re_2021.dat 6 2027 SSBMedian 7.37645
Model_1_goa_re_2021.dat 6 2027 SSBMean 7.37647
Model_1_goa_re_2021.dat 6 2028 SSBF100 14.7763
Model_1_goa_re_2021.dat 6 2028 SSBFabc 5.91051
Model_1_goa_re_2021.dat 6 2028 SSBFofl 5.1717
Model_1_goa_re_2021.dat 6 2028 SSBLCI 7.17333
Model_1_goa_re_2021.dat 6 2028 SSBUCI 7.17455
Model_1_goa_re_2021.dat 6 2028 SSBMedian 7.17381
Model_1_goa_re_2021.dat 6 2028 SSBMean 7.17386
Model_1_goa_re_2021.dat 6 2029 SSBF100 14.7763
Model_1_goa_re_2021.dat 6 2029 SSBFabc 5.91051
Model_1_goa_re_2021.dat 6 2029 SSBFofl 5.1717
Model_1_goa_re_2021.dat 6 2029 SSBLCI 6.97638
Model_1_goa_re_2021.dat 6 2029 SSBUCI 6.97984
Model_1_goa_re_2021.dat 6 2029 SSBMedian 6.97771
Model_1_goa_re_2021.dat 6 2029 SSBMean 6.97785
Model_1_goa_re_2021.dat 6 2030 SSBF100 14.7763
Model_1_goa_re_2021.dat 6 2030 SSBFabc 5.91051
Model_1_goa_re_2021.dat 6 2030 SSBFofl 5.1717
Model_1_goa_re_2021.dat 6 2030 SSBLCI 6.78706
Model_1_goa_re_2021.dat 6 2030 SSBUCI 6.79587
Model_1_goa_re_2021.dat 6 2030 SSBMedian 6.79044
Model_1_goa_re_2021.dat 6 2030 SSBMean 6.79082
Model_1_goa_re_2021.dat 6 2031 SSBF100 14.7763
Model_1_goa_re_2021.dat 6 2031 SSBFabc 5.91051
Model_1_goa_re_2021.dat 6 2031 SSBFofl 5.1717
Model_1_goa_re_2021.dat 6 2031 SSBLCI 6.60933
Model_1_goa_re_2021.dat 6 2031 SSBUCI 6.62821
Model_1_goa_re_2021.dat 6 2031 SSBMedian 6.61665
Model_1_goa_re_2021.dat 6 2031 SSBMean 6.61759
Model_1_goa_re_2021.dat 6 2032 SSBF100 14.7763
Model_1_goa_re_2021.dat 6 2032 SSBFabc 5.91051
Model_1_goa_re_2021.dat 6 2032 SSBFofl 5.1717
Model_1_goa_re_2021.dat 6 2032 SSBLCI 6.43704
Model_1_goa_re_2021.dat 6 2032 SSBUCI 6.47473
Model_1_goa_re_2021.dat 6 2032 SSBMedian 6.45167
Model_1_goa_re_2021.dat 6 2032 SSBMean 6.4534
Model_1_goa_re_2021.dat 6 2033 SSBF100 14.7763
Model_1_goa_re_2021.dat 6 2033 SSBFabc 5.91051
Model_1_goa_re_2021.dat 6 2033 SSBFofl 5.1717
Model_1_goa_re_2021.dat 6 2033 SSBLCI 6.27932
Model_1_goa_re_2021.dat 6 2033 SSBUCI 6.34739
Model_1_goa_re_2021.dat 6 2033 SSBMedian 6.30543
Model_1_goa_re_2021.dat 6 2033 SSBMean 6.3087
Model_1_goa_re_2021.dat 6 2034 SSBF100 14.7763
Model_1_goa_re_2021.dat 6 2034 SSBFabc 5.91051
Model_1_goa_re_2021.dat 6 2034 SSBFofl 5.1717
Model_1_goa_re_2021.dat 6 2034 SSBLCI 6.13354
Model_1_goa_re_2021.dat 6 2034 SSBUCI 6.2477
Model_1_goa_re_2021.dat 6 2034 SSBMedian 6.17927
Model_1_goa_re_2021.dat 6 2034 SSBMean 6.18361
Model_1_goa_re_2021.dat 6 2021 F0 0 
Model_1_goa_re_2021.dat 6 2021 Fabc 0.0381281
Model_1_goa_re_2021.dat 6 2021 Fofl 0.0459618
Model_1_goa_re_2021.dat 6 2021  F_LCI 0.0202855
Model_1_goa_re_2021.dat 6 2021  F_UCI 0.0202855
Model_1_goa_re_2021.dat 6 2021  F_Median 0.0202855
Model_1_goa_re_2021.dat 6 2021  F_Mean 0.0202855
Model_1_goa_re_2021.dat 6 2022 F0 0 
Model_1_goa_re_2021.dat 6 2022 Fabc 0.0381281
Model_1_goa_re_2021.dat 6 2022 Fofl 0.0459618
Model_1_goa_re_2021.dat 6 2022  F_LCI 0.0459618
Model_1_goa_re_2021.dat 6 2022  F_UCI 0.0459618
Model_1_goa_re_2021.dat 6 2022  F_Median 0.0459618
Model_1_goa_re_2021.dat 6 2022  F_Mean 0.0459618
Model_1_goa_re_2021.dat 6 2023 F0 0 
Model_1_goa_re_2021.dat 6 2023 Fabc 0.0381281
Model_1_goa_re_2021.dat 6 2023 Fofl 0.0459618
Model_1_goa_re_2021.dat 6 2023  F_LCI 0.0459618
Model_1_goa_re_2021.dat 6 2023  F_UCI 0.0459618
Model_1_goa_re_2021.dat 6 2023  F_Median 0.0459618
Model_1_goa_re_2021.dat 6 2023  F_Mean 0.0459618
Model_1_goa_re_2021.dat 6 2024 F0 0 
Model_1_goa_re_2021.dat 6 2024 Fabc 0.0381281
Model_1_goa_re_2021.dat 6 2024 Fofl 0.0459618
Model_1_goa_re_2021.dat 6 2024  F_LCI 0.0459618
Model_1_goa_re_2021.dat 6 2024  F_UCI 0.0459618
Model_1_goa_re_2021.dat 6 2024  F_Median 0.0459618
Model_1_goa_re_2021.dat 6 2024  F_Mean 0.0459618
Model_1_goa_re_2021.dat 6 2025 F0 0 
Model_1_goa_re_2021.dat 6 2025 Fabc 0.0381281
Model_1_goa_re_2021.dat 6 2025 Fofl 0.0459618
Model_1_goa_re_2021.dat 6 2025  F_LCI 0.0459618
Model_1_goa_re_2021.dat 6 2025  F_UCI 0.0459618
Model_1_goa_re_2021.dat 6 2025  F_Median 0.0459618
Model_1_goa_re_2021.dat 6 2025  F_Mean 0.0459618
Model_1_goa_re_2021.dat 6 2026 F0 0 
Model_1_goa_re_2021.dat 6 2026 Fabc 0.0381281
Model_1_goa_re_2021.dat 6 2026 Fofl 0.0459618
Model_1_goa_re_2021.dat 6 2026  F_LCI 0.0459618
Model_1_goa_re_2021.dat 6 2026  F_UCI 0.0459618
Model_1_goa_re_2021.dat 6 2026  F_Median 0.0459618
Model_1_goa_re_2021.dat 6 2026  F_Mean 0.0459618
Model_1_goa_re_2021.dat 6 2027 F0 0 
Model_1_goa_re_2021.dat 6 2027 Fabc 0.0381281
Model_1_goa_re_2021.dat 6 2027 Fofl 0.0459618
Model_1_goa_re_2021.dat 6 2027  F_LCI 0.0459618
Model_1_goa_re_2021.dat 6 2027  F_UCI 0.0459618
Model_1_goa_re_2021.dat 6 2027  F_Median 0.0459618
Model_1_goa_re_2021.dat 6 2027  F_Mean 0.0459618
Model_1_goa_re_2021.dat 6 2028 F0 0 
Model_1_goa_re_2021.dat 6 2028 Fabc 0.0381281
Model_1_goa_re_2021.dat 6 2028 Fofl 0.0459618
Model_1_goa_re_2021.dat 6 2028  F_LCI 0.0459618
Model_1_goa_re_2021.dat 6 2028  F_UCI 0.0459618
Model_1_goa_re_2021.dat 6 2028  F_Median 0.0459618
Model_1_goa_re_2021.dat 6 2028  F_Mean 0.0459618
Model_1_goa_re_2021.dat 6 2029 F0 0 
Model_1_goa_re_2021.dat 6 2029 Fabc 0.0381281
Model_1_goa_re_2021.dat 6 2029 Fofl 0.0459618
Model_1_goa_re_2021.dat 6 2029  F_LCI 0.0459618
Model_1_goa_re_2021.dat 6 2029  F_UCI 0.0459618
Model_1_goa_re_2021.dat 6 2029  F_Median 0.0459618
Model_1_goa_re_2021.dat 6 2029  F_Mean 0.0459618
Model_1_goa_re_2021.dat 6 2030 F0 0 
Model_1_goa_re_2021.dat 6 2030 Fabc 0.0381281
Model_1_goa_re_2021.dat 6 2030 Fofl 0.0459618
Model_1_goa_re_2021.dat 6 2030  F_LCI 0.0459618
Model_1_goa_re_2021.dat 6 2030  F_UCI 0.0459618
Model_1_goa_re_2021.dat 6 2030  F_Median 0.0459618
Model_1_goa_re_2021.dat 6 2030  F_Mean 0.0459618
Model_1_goa_re_2021.dat 6 2031 F0 0 
Model_1_goa_re_2021.dat 6 2031 Fabc 0.0381281
Model_1_goa_re_2021.dat 6 2031 Fofl 0.0459618
Model_1_goa_re_2021.dat 6 2031  F_LCI 0.0459618
Model_1_goa_re_2021.dat 6 2031  F_UCI 0.0459618
Model_1_goa_re_2021.dat 6 2031  F_Median 0.0459618
Model_1_goa_re_2021.dat 6 2031  F_Mean 0.0459618
Model_1_goa_re_2021.dat 6 2032 F0 0 
Model_1_goa_re_2021.dat 6 2032 Fabc 0.0381281
Model_1_goa_re_2021.dat 6 2032 Fofl 0.0459618
Model_1_goa_re_2021.dat 6 2032  F_LCI 0.0459618
Model_1_goa_re_2021.dat 6 2032  F_UCI 0.0459618
Model_1_goa_re_2021.dat 6 2032  F_Median 0.0459618
Model_1_goa_re_2021.dat 6 2032  F_Mean 0.0459618
Model_1_goa_re_2021.dat 6 2033 F0 0 
Model_1_goa_re_2021.dat 6 2033 Fabc 0.0381281
Model_1_goa_re_2021.dat 6 2033 Fofl 0.0459618
Model_1_goa_re_2021.dat 6 2033  F_LCI 0.0459618
Model_1_goa_re_2021.dat 6 2033  F_UCI 0.0459618
Model_1_goa_re_2021.dat 6 2033  F_Median 0.0459618
Model_1_goa_re_2021.dat 6 2033  F_Mean 0.0459618
Model_1_goa_re_2021.dat 6 2034 F0 0 
Model_1_goa_re_2021.dat 6 2034 Fabc 0.0381281
Model_1_goa_re_2021.dat 6 2034 Fofl 0.0459618
Model_1_goa_re_2021.dat 6 2034  F_LCI 0.0459618
Model_1_goa_re_2021.dat 6 2034  F_UCI 0.0459618
Model_1_goa_re_2021.dat 6 2034  F_Median 0.0459618
Model_1_goa_re_2021.dat 6 2034  F_Mean 0.0459618
Model_1_goa_re_2021.dat 7 2021 Cabc 0.574153
Model_1_goa_re_2021.dat 7 2021 Cofl 0.615453
Model_1_goa_re_2021.dat 7 2021 CLCI 0.424885
Model_1_goa_re_2021.dat 7 2021 CUCI 0.424885
Model_1_goa_re_2021.dat 7 2021 CMedian 0.424885
Model_1_goa_re_2021.dat 7 2021 CMean 0.424885
Model_1_goa_re_2021.dat 7 2022 Cabc 0.574153
Model_1_goa_re_2021.dat 7 2022 Cofl 0.615453
Model_1_goa_re_2021.dat 7 2022 CLCI 0.786813
Model_1_goa_re_2021.dat 7 2022 CUCI 0.786815
Model_1_goa_re_2021.dat 7 2022 CMedian 0.786814
Model_1_goa_re_2021.dat 7 2022 CMean 0.786814
Model_1_goa_re_2021.dat 7 2023 Cabc 0.574153
Model_1_goa_re_2021.dat 7 2023 Cofl 0.615453
Model_1_goa_re_2021.dat 7 2023 CLCI 0.763582
Model_1_goa_re_2021.dat 7 2023 CUCI 0.763589
Model_1_goa_re_2021.dat 7 2023 CMedian 0.763585
Model_1_goa_re_2021.dat 7 2023 CMean 0.763585
Model_1_goa_re_2021.dat 7 2024 Cabc 0.574153
Model_1_goa_re_2021.dat 7 2024 Cofl 0.615453
Model_1_goa_re_2021.dat 7 2024 CLCI 0.897592
Model_1_goa_re_2021.dat 7 2024 CUCI 0.897625
Model_1_goa_re_2021.dat 7 2024 CMedian 0.897604
Model_1_goa_re_2021.dat 7 2024 CMean 0.897606
Model_1_goa_re_2021.dat 7 2025 Cabc 0.574153
Model_1_goa_re_2021.dat 7 2025 Cofl 0.615453
Model_1_goa_re_2021.dat 7 2025 CLCI 0.881559
Model_1_goa_re_2021.dat 7 2025 CUCI 0.88168
Model_1_goa_re_2021.dat 7 2025 CMedian 0.881606
Model_1_goa_re_2021.dat 7 2025 CMean 0.881611
Model_1_goa_re_2021.dat 7 2026 Cabc 0.574153
Model_1_goa_re_2021.dat 7 2026 Cofl 0.615453
Model_1_goa_re_2021.dat 7 2026 CLCI 0.875753
Model_1_goa_re_2021.dat 7 2026 CUCI 0.876144
Model_1_goa_re_2021.dat 7 2026 CMedian 0.875905
Model_1_goa_re_2021.dat 7 2026 CMean 0.875919
Model_1_goa_re_2021.dat 7 2027 Cabc 0.574153
Model_1_goa_re_2021.dat 7 2027 Cofl 0.615453
Model_1_goa_re_2021.dat 7 2027 CLCI 0.844375
Model_1_goa_re_2021.dat 7 2027 CUCI 0.845416
Model_1_goa_re_2021.dat 7 2027 CMedian 0.844775
Model_1_goa_re_2021.dat 7 2027 CMean 0.844819
Model_1_goa_re_2021.dat 7 2028 Cabc 0.574153
Model_1_goa_re_2021.dat 7 2028 Cofl 0.615453
Model_1_goa_re_2021.dat 7 2028 CLCI 0.814448
Model_1_goa_re_2021.dat 7 2028 CUCI 0.816635
Model_1_goa_re_2021.dat 7 2028 CMedian 0.815307
Model_1_goa_re_2021.dat 7 2028 CMean 0.815414
Model_1_goa_re_2021.dat 7 2029 Cabc 0.574153
Model_1_goa_re_2021.dat 7 2029 Cofl 0.615453
Model_1_goa_re_2021.dat 7 2029 CLCI 0.789619
Model_1_goa_re_2021.dat 7 2029 CUCI 0.793256
Model_1_goa_re_2021.dat 7 2029 CMedian 0.791037
Model_1_goa_re_2021.dat 7 2029 CMean 0.79119
Model_1_goa_re_2021.dat 7 2030 Cabc 0.574153
Model_1_goa_re_2021.dat 7 2030 Cofl 0.615453
Model_1_goa_re_2021.dat 7 2030 CLCI 0.768026
Model_1_goa_re_2021.dat 7 2030 CUCI 0.772731
Model_1_goa_re_2021.dat 7 2030 CMedian 0.770058
Model_1_goa_re_2021.dat 7 2030 CMean 0.77019
Model_1_goa_re_2021.dat 7 2031 Cabc 0.574153
Model_1_goa_re_2021.dat 7 2031 Cofl 0.615453
Model_1_goa_re_2021.dat 7 2031 CLCI 0.748297
Model_1_goa_re_2021.dat 7 2031 CUCI 0.753926
Model_1_goa_re_2021.dat 7 2031 CMedian 0.750797
Model_1_goa_re_2021.dat 7 2031 CMean 0.750934
Model_1_goa_re_2021.dat 7 2032 Cabc 0.574153
Model_1_goa_re_2021.dat 7 2032 Cofl 0.615453
Model_1_goa_re_2021.dat 7 2032 CLCI 0.731623
Model_1_goa_re_2021.dat 7 2032 CUCI 0.738117
Model_1_goa_re_2021.dat 7 2032 CMedian 0.734552
Model_1_goa_re_2021.dat 7 2032 CMean 0.734681
Model_1_goa_re_2021.dat 7 2033 Cabc 0.574153
Model_1_goa_re_2021.dat 7 2033 Cofl 0.615453
Model_1_goa_re_2021.dat 7 2033 CLCI 0.717282
Model_1_goa_re_2021.dat 7 2033 CUCI 0.725974
Model_1_goa_re_2021.dat 7 2033 CMedian 0.721099
Model_1_goa_re_2021.dat 7 2033 CMean 0.721184
Model_1_goa_re_2021.dat 7 2034 Cabc 0.574153
Model_1_goa_re_2021.dat 7 2034 Cofl 0.615453
Model_1_goa_re_2021.dat 7 2034 CLCI 0.703473
Model_1_goa_re_2021.dat 7 2034 CUCI 0.718826
Model_1_goa_re_2021.dat 7 2034 CMedian 0.70953
Model_1_goa_re_2021.dat 7 2034 CMean 0.710147
Model_1_goa_re_2021.dat 7 2021 SSBF100 14.7763
Model_1_goa_re_2021.dat 7 2021 SSBFabc 5.91051
Model_1_goa_re_2021.dat 7 2021 SSBFofl 5.1717
Model_1_goa_re_2021.dat 7 2021 SSBLCI 8.67785
Model_1_goa_re_2021.dat 7 2021 SSBUCI 8.67785
Model_1_goa_re_2021.dat 7 2021 SSBMedian 8.67785
Model_1_goa_re_2021.dat 7 2021 SSBMean 8.67785
Model_1_goa_re_2021.dat 7 2022 SSBF100 14.7763
Model_1_goa_re_2021.dat 7 2022 SSBFabc 5.91051
Model_1_goa_re_2021.dat 7 2022 SSBFofl 5.1717
Model_1_goa_re_2021.dat 7 2022 SSBLCI 8.55756
Model_1_goa_re_2021.dat 7 2022 SSBUCI 8.55756
Model_1_goa_re_2021.dat 7 2022 SSBMedian 8.55756
Model_1_goa_re_2021.dat 7 2022 SSBMean 8.55756
Model_1_goa_re_2021.dat 7 2023 SSBF100 14.7763
Model_1_goa_re_2021.dat 7 2023 SSBFabc 5.91051
Model_1_goa_re_2021.dat 7 2023 SSBFofl 5.1717
Model_1_goa_re_2021.dat 7 2023 SSBLCI 8.36214
Model_1_goa_re_2021.dat 7 2023 SSBUCI 8.36214
Model_1_goa_re_2021.dat 7 2023 SSBMedian 8.36214
Model_1_goa_re_2021.dat 7 2023 SSBMean 8.36214
Model_1_goa_re_2021.dat 7 2024 SSBF100 14.7763
Model_1_goa_re_2021.dat 7 2024 SSBFabc 5.91051
Model_1_goa_re_2021.dat 7 2024 SSBFofl 5.1717
Model_1_goa_re_2021.dat 7 2024 SSBLCI 8.14372
Model_1_goa_re_2021.dat 7 2024 SSBUCI 8.14372
Model_1_goa_re_2021.dat 7 2024 SSBMedian 8.14372
Model_1_goa_re_2021.dat 7 2024 SSBMean 8.14372
Model_1_goa_re_2021.dat 7 2025 SSBF100 14.7763
Model_1_goa_re_2021.dat 7 2025 SSBFabc 5.91051
Model_1_goa_re_2021.dat 7 2025 SSBFofl 5.1717
Model_1_goa_re_2021.dat 7 2025 SSBLCI 7.91238
Model_1_goa_re_2021.dat 7 2025 SSBUCI 7.91238
Model_1_goa_re_2021.dat 7 2025 SSBMedian 7.91238
Model_1_goa_re_2021.dat 7 2025 SSBMean 7.91238
Model_1_goa_re_2021.dat 7 2026 SSBF100 14.7763
Model_1_goa_re_2021.dat 7 2026 SSBFabc 5.91051
Model_1_goa_re_2021.dat 7 2026 SSBFofl 5.1717
Model_1_goa_re_2021.dat 7 2026 SSBLCI 7.69416
Model_1_goa_re_2021.dat 7 2026 SSBUCI 7.69437
Model_1_goa_re_2021.dat 7 2026 SSBMedian 7.69423
Model_1_goa_re_2021.dat 7 2026 SSBMean 7.69425
Model_1_goa_re_2021.dat 7 2027 SSBF100 14.7763
Model_1_goa_re_2021.dat 7 2027 SSBFabc 5.91051
Model_1_goa_re_2021.dat 7 2027 SSBFofl 5.1717
Model_1_goa_re_2021.dat 7 2027 SSBLCI 7.48069
Model_1_goa_re_2021.dat 7 2027 SSBUCI 7.4812
Model_1_goa_re_2021.dat 7 2027 SSBMedian 7.48089
Model_1_goa_re_2021.dat 7 2027 SSBMean 7.48091
Model_1_goa_re_2021.dat 7 2028 SSBF100 14.7763
Model_1_goa_re_2021.dat 7 2028 SSBFabc 5.91051
Model_1_goa_re_2021.dat 7 2028 SSBFofl 5.1717
Model_1_goa_re_2021.dat 7 2028 SSBLCI 7.27176
Model_1_goa_re_2021.dat 7 2028 SSBUCI 7.27298
Model_1_goa_re_2021.dat 7 2028 SSBMedian 7.27224
Model_1_goa_re_2021.dat 7 2028 SSBMean 7.27229
Model_1_goa_re_2021.dat 7 2029 SSBF100 14.7763
Model_1_goa_re_2021.dat 7 2029 SSBFabc 5.91051
Model_1_goa_re_2021.dat 7 2029 SSBFofl 5.1717
Model_1_goa_re_2021.dat 7 2029 SSBLCI 7.06889
Model_1_goa_re_2021.dat 7 2029 SSBUCI 7.07234
Model_1_goa_re_2021.dat 7 2029 SSBMedian 7.07021
Model_1_goa_re_2021.dat 7 2029 SSBMean 7.07035
Model_1_goa_re_2021.dat 7 2030 SSBF100 14.7763
Model_1_goa_re_2021.dat 7 2030 SSBFabc 5.91051
Model_1_goa_re_2021.dat 7 2030 SSBFofl 5.1717
Model_1_goa_re_2021.dat 7 2030 SSBLCI 6.87378
Model_1_goa_re_2021.dat 7 2030 SSBUCI 6.88259
Model_1_goa_re_2021.dat 7 2030 SSBMedian 6.87716
Model_1_goa_re_2021.dat 7 2030 SSBMean 6.87754
Model_1_goa_re_2021.dat 7 2031 SSBF100 14.7763
Model_1_goa_re_2021.dat 7 2031 SSBFabc 5.91051
Model_1_goa_re_2021.dat 7 2031 SSBFofl 5.1717
Model_1_goa_re_2021.dat 7 2031 SSBLCI 6.69049
Model_1_goa_re_2021.dat 7 2031 SSBUCI 6.70937
Model_1_goa_re_2021.dat 7 2031 SSBMedian 6.69782
Model_1_goa_re_2021.dat 7 2031 SSBMean 6.69875
Model_1_goa_re_2021.dat 7 2032 SSBF100 14.7763
Model_1_goa_re_2021.dat 7 2032 SSBFabc 5.91051
Model_1_goa_re_2021.dat 7 2032 SSBFofl 5.1717
Model_1_goa_re_2021.dat 7 2032 SSBLCI 6.51274
Model_1_goa_re_2021.dat 7 2032 SSBUCI 6.55042
Model_1_goa_re_2021.dat 7 2032 SSBMedian 6.52736
Model_1_goa_re_2021.dat 7 2032 SSBMean 6.5291
Model_1_goa_re_2021.dat 7 2033 SSBF100 14.7763
Model_1_goa_re_2021.dat 7 2033 SSBFabc 5.91051
Model_1_goa_re_2021.dat 7 2033 SSBFofl 5.1717
Model_1_goa_re_2021.dat 7 2033 SSBLCI 6.34977
Model_1_goa_re_2021.dat 7 2033 SSBUCI 6.41784
Model_1_goa_re_2021.dat 7 2033 SSBMedian 6.37588
Model_1_goa_re_2021.dat 7 2033 SSBMean 6.37915
Model_1_goa_re_2021.dat 7 2034 SSBF100 14.7763
Model_1_goa_re_2021.dat 7 2034 SSBFabc 5.91051
Model_1_goa_re_2021.dat 7 2034 SSBFofl 5.1717
Model_1_goa_re_2021.dat 7 2034 SSBLCI 6.19903
Model_1_goa_re_2021.dat 7 2034 SSBUCI 6.31319
Model_1_goa_re_2021.dat 7 2034 SSBMedian 6.24476
Model_1_goa_re_2021.dat 7 2034 SSBMean 6.2491
Model_1_goa_re_2021.dat 7 2021 F0 0 
Model_1_goa_re_2021.dat 7 2021 Fabc 0.0381281
Model_1_goa_re_2021.dat 7 2021 Fofl 0.0459618
Model_1_goa_re_2021.dat 7 2021  F_LCI 0.0202855
Model_1_goa_re_2021.dat 7 2021  F_UCI 0.0202855
Model_1_goa_re_2021.dat 7 2021  F_Median 0.0202855
Model_1_goa_re_2021.dat 7 2021  F_Mean 0.0202855
Model_1_goa_re_2021.dat 7 2022 F0 0 
Model_1_goa_re_2021.dat 7 2022 Fabc 0.0381281
Model_1_goa_re_2021.dat 7 2022 Fofl 0.0459618
Model_1_goa_re_2021.dat 7 2022  F_LCI 0.0381281
Model_1_goa_re_2021.dat 7 2022  F_UCI 0.0381281
Model_1_goa_re_2021.dat 7 2022  F_Median 0.0381281
Model_1_goa_re_2021.dat 7 2022  F_Mean 0.0381281
Model_1_goa_re_2021.dat 7 2023 F0 0 
Model_1_goa_re_2021.dat 7 2023 Fabc 0.0381281
Model_1_goa_re_2021.dat 7 2023 Fofl 0.0459618
Model_1_goa_re_2021.dat 7 2023  F_LCI 0.0381281
Model_1_goa_re_2021.dat 7 2023  F_UCI 0.0381281
Model_1_goa_re_2021.dat 7 2023  F_Median 0.0381281
Model_1_goa_re_2021.dat 7 2023  F_Mean 0.0381281
Model_1_goa_re_2021.dat 7 2024 F0 0 
Model_1_goa_re_2021.dat 7 2024 Fabc 0.0381281
Model_1_goa_re_2021.dat 7 2024 Fofl 0.0459618
Model_1_goa_re_2021.dat 7 2024  F_LCI 0.0459618
Model_1_goa_re_2021.dat 7 2024  F_UCI 0.0459618
Model_1_goa_re_2021.dat 7 2024  F_Median 0.0459618
Model_1_goa_re_2021.dat 7 2024  F_Mean 0.0459618
Model_1_goa_re_2021.dat 7 2025 F0 0 
Model_1_goa_re_2021.dat 7 2025 Fabc 0.0381281
Model_1_goa_re_2021.dat 7 2025 Fofl 0.0459618
Model_1_goa_re_2021.dat 7 2025  F_LCI 0.0459618
Model_1_goa_re_2021.dat 7 2025  F_UCI 0.0459618
Model_1_goa_re_2021.dat 7 2025  F_Median 0.0459618
Model_1_goa_re_2021.dat 7 2025  F_Mean 0.0459618
Model_1_goa_re_2021.dat 7 2026 F0 0 
Model_1_goa_re_2021.dat 7 2026 Fabc 0.0381281
Model_1_goa_re_2021.dat 7 2026 Fofl 0.0459618
Model_1_goa_re_2021.dat 7 2026  F_LCI 0.0459618
Model_1_goa_re_2021.dat 7 2026  F_UCI 0.0459618
Model_1_goa_re_2021.dat 7 2026  F_Median 0.0459618
Model_1_goa_re_2021.dat 7 2026  F_Mean 0.0459618
Model_1_goa_re_2021.dat 7 2027 F0 0 
Model_1_goa_re_2021.dat 7 2027 Fabc 0.0381281
Model_1_goa_re_2021.dat 7 2027 Fofl 0.0459618
Model_1_goa_re_2021.dat 7 2027  F_LCI 0.0459618
Model_1_goa_re_2021.dat 7 2027  F_UCI 0.0459618
Model_1_goa_re_2021.dat 7 2027  F_Median 0.0459618
Model_1_goa_re_2021.dat 7 2027  F_Mean 0.0459618
Model_1_goa_re_2021.dat 7 2028 F0 0 
Model_1_goa_re_2021.dat 7 2028 Fabc 0.0381281
Model_1_goa_re_2021.dat 7 2028 Fofl 0.0459618
Model_1_goa_re_2021.dat 7 2028  F_LCI 0.0459618
Model_1_goa_re_2021.dat 7 2028  F_UCI 0.0459618
Model_1_goa_re_2021.dat 7 2028  F_Median 0.0459618
Model_1_goa_re_2021.dat 7 2028  F_Mean 0.0459618
Model_1_goa_re_2021.dat 7 2029 F0 0 
Model_1_goa_re_2021.dat 7 2029 Fabc 0.0381281
Model_1_goa_re_2021.dat 7 2029 Fofl 0.0459618
Model_1_goa_re_2021.dat 7 2029  F_LCI 0.0459618
Model_1_goa_re_2021.dat 7 2029  F_UCI 0.0459618
Model_1_goa_re_2021.dat 7 2029  F_Median 0.0459618
Model_1_goa_re_2021.dat 7 2029  F_Mean 0.0459618
Model_1_goa_re_2021.dat 7 2030 F0 0 
Model_1_goa_re_2021.dat 7 2030 Fabc 0.0381281
Model_1_goa_re_2021.dat 7 2030 Fofl 0.0459618
Model_1_goa_re_2021.dat 7 2030  F_LCI 0.0459618
Model_1_goa_re_2021.dat 7 2030  F_UCI 0.0459618
Model_1_goa_re_2021.dat 7 2030  F_Median 0.0459618
Model_1_goa_re_2021.dat 7 2030  F_Mean 0.0459618
Model_1_goa_re_2021.dat 7 2031 F0 0 
Model_1_goa_re_2021.dat 7 2031 Fabc 0.0381281
Model_1_goa_re_2021.dat 7 2031 Fofl 0.0459618
Model_1_goa_re_2021.dat 7 2031  F_LCI 0.0459618
Model_1_goa_re_2021.dat 7 2031  F_UCI 0.0459618
Model_1_goa_re_2021.dat 7 2031  F_Median 0.0459618
Model_1_goa_re_2021.dat 7 2031  F_Mean 0.0459618
Model_1_goa_re_2021.dat 7 2032 F0 0 
Model_1_goa_re_2021.dat 7 2032 Fabc 0.0381281
Model_1_goa_re_2021.dat 7 2032 Fofl 0.0459618
Model_1_goa_re_2021.dat 7 2032  F_LCI 0.0459618
Model_1_goa_re_2021.dat 7 2032  F_UCI 0.0459618
Model_1_goa_re_2021.dat 7 2032  F_Median 0.0459618
Model_1_goa_re_2021.dat 7 2032  F_Mean 0.0459618
Model_1_goa_re_2021.dat 7 2033 F0 0 
Model_1_goa_re_2021.dat 7 2033 Fabc 0.0381281
Model_1_goa_re_2021.dat 7 2033 Fofl 0.0459618
Model_1_goa_re_2021.dat 7 2033  F_LCI 0.0459618
Model_1_goa_re_2021.dat 7 2033  F_UCI 0.0459618
Model_1_goa_re_2021.dat 7 2033  F_Median 0.0459618
Model_1_goa_re_2021.dat 7 2033  F_Mean 0.0459618
Model_1_goa_re_2021.dat 7 2034 F0 0 
Model_1_goa_re_2021.dat 7 2034 Fabc 0.0381281
Model_1_goa_re_2021.dat 7 2034 Fofl 0.0459618
Model_1_goa_re_2021.dat 7 2034  F_LCI 0.0459618
Model_1_goa_re_2021.dat 7 2034  F_UCI 0.0459618
Model_1_goa_re_2021.dat 7 2034  F_Median 0.0459618
Model_1_goa_re_2021.dat 7 2034  F_Mean 0.0459618
