
SB0 SB40 SB35 MeanRec HarMeanRec Bnow
14.7763 5.91051 5.1717 0.0012409 0.0010938 8.87677 
CV Recruit
0.366724 
Alternative 1 Alternative  Stock: Model_1_goa_re_2021.dat
Catch Model_1_goa_re_2021.dat
Year C0 Cabc Cofl LowCI_Catch Median_Catch Mean_Catch UpperCI_Catch Stdev_Catch 
2021  0 0.574153 0.615453 0.424885 0.424885 0.424885 0.424885 1.27676e-15 
2022  0 0.574153 0.615453 0.786813 0.786814 0.786814 0.786815 4.19347e-07 
2023  0 0.574153 0.615453 0.763582 0.763585 0.763585 0.763589 2.07819e-06 
2024  0 0.574153 0.615453 0.747416 0.747427 0.747428 0.747444 8.72838e-06 
2025  0 0.574153 0.615453 0.739484 0.739523 0.739526 0.739584 3.20831e-05 
2026  0 0.574153 0.615453 0.739748 0.739874 0.739886 0.740072 0.000102094 
2027  0 0.574153 0.615453 0.718352 0.718684 0.718721 0.719216 0.000272391 
2028  0 0.574153 0.615453 0.697701 0.698414 0.698503 0.699517 0.000583507 
2029  0 0.574153 0.615453 0.680876 0.682054 0.682181 0.683896 0.000947766 
2030  0 0.574153 0.615453 0.666378 0.668066 0.668176 0.670288 0.00125377 
2031  0 0.574153 0.615453 0.653092 0.655174 0.655286 0.657774 0.00151406 
2032  0 0.574153 0.615453 0.642048 0.644481 0.644591 0.647449 0.00177177 
2033  0 0.574153 0.615453 0.632674 0.635851 0.63592 0.639907 0.00224512 
2034  0 0.574153 0.615453 0.623488 0.62855 0.629056 0.636295 0.00391737 

Spawning_Biomass Model_1_goa_re_2021.dat
Year SSB100 SSBabc SSBofl LowCI_SSB Median_SSB Mean_SSB UpperCI_SSB Stdev_SSB 
2021 14.7763 5.91051 5.1717 8.67785 8.67785 8.67785 8.67785 1.24345e-14 
2022 14.7763 5.91051 5.1717 8.55756 8.55756 8.55756 8.55756 3.90799e-14 
2023 14.7763 5.91051 5.1717 8.36214 8.36214 8.36214 8.36214 4.44089e-14 
2024 14.7763 5.91051 5.1717 8.16979 8.16979 8.16979 8.16979 4.79616e-14 
2025 14.7763 5.91051 5.1717 7.99805 7.99805 7.99805 7.99805 7.4607e-14 
2026 14.7763 5.91051 5.1717 7.83584 7.83591 7.83592 7.83604 6.43626e-05 
2027 14.7763 5.91051 5.1717 7.67489 7.67509 7.67511 7.6754 0.000163884 
2028 14.7763 5.91051 5.1717 7.51458 7.51506 7.51511 7.5158 0.0003895 
2029 14.7763 5.91051 5.1717 7.35638 7.35771 7.35784 7.35984 0.00108515 
2030 14.7763 5.91051 5.1717 7.20207 7.20545 7.20584 7.21089 0.00278761 
2031 14.7763 5.91051 5.1717 7.05597 7.06332 7.06426 7.07491 0.00607528 
2032 14.7763 5.91051 5.1717 6.91157 6.92625 6.92799 6.9494 0.0121897 
2033 14.7763 5.91051 5.1717 6.77893 6.80515 6.80843 6.84731 0.0221327 
2034 14.7763 5.91051 5.1717 6.65573 6.7017 6.70606 6.77045 0.0367917 

Fishing_mortalityModel_1_goa_re_2021.dat
Year F0 Fabc Fofl LowCI_F Median_F Mean_F UpperCI_F Stdev_F 
2021  0 0.0381281 0.0459618 0.0202855 0.0202855 0.0202855 0.0202855 1.70003e-16 
2022  0 0.0381281 0.0459618 0.0381281 0.0381281 0.0381281 0.0381281 2.77556e-17 
2023  0 0.0381281 0.0459618 0.0381281 0.0381281 0.0381281 0.0381281 2.77556e-17 
2024  0 0.0381281 0.0459618 0.0381281 0.0381281 0.0381281 0.0381281 2.77556e-17 
2025  0 0.0381281 0.0459618 0.0381281 0.0381281 0.0381281 0.0381281 2.77556e-17 
2026  0 0.0381281 0.0459618 0.0381281 0.0381281 0.0381281 0.0381281 2.77556e-17 
2027  0 0.0381281 0.0459618 0.0381281 0.0381281 0.0381281 0.0381281 2.77556e-17 
2028  0 0.0381281 0.0459618 0.0381281 0.0381281 0.0381281 0.0381281 2.77556e-17 
2029  0 0.0381281 0.0459618 0.0381281 0.0381281 0.0381281 0.0381281 2.77556e-17 
2030  0 0.0381281 0.0459618 0.0381281 0.0381281 0.0381281 0.0381281 2.77556e-17 
2031  0 0.0381281 0.0459618 0.0381281 0.0381281 0.0381281 0.0381281 2.77556e-17 
2032  0 0.0381281 0.0459618 0.0381281 0.0381281 0.0381281 0.0381281 2.77556e-17 
2033  0 0.0381281 0.0459618 0.0381281 0.0381281 0.0381281 0.0381281 2.77556e-17 
2034  0 0.0381281 0.0459618 0.0381281 0.0381281 0.0381281 0.0381281 2.77556e-17 

Total_BiomassModel_1_goa_re_2021.dat
Year B100 Babc Bofl LowCI_Biom Median_Biom Mean_Biom UpperCI_Biom Stdev_Biom 
2021 81.0512 20.7663 19.0773 26.1606 26.1606 26.1606 26.1606 8.17124e-14 
2022 81.0512 20.7663 19.0773 25.9867 26.0151 26.0197 26.0685 0.0257726 
2023 81.0512 20.7663 19.0773 25.4562 25.5204 25.527 25.6141 0.050943 
2024 81.0512 20.7663 19.0773 24.9558 25.064 25.0746 25.2284 0.0842735 
2025 81.0512 20.7663 19.0773 24.4828 24.6482 24.6593 24.8745 0.125846 
2026 81.0512 20.7663 19.0773 24.0236 24.2544 24.2718 24.5673 0.174492 
2027 81.0512 20.7663 19.0773 23.5755 23.8843 23.9027 24.2875 0.228823 
2028 81.0512 20.7663 19.0773 23.1623 23.5574 23.577 24.0621 0.285788 
2029 81.0512 20.7663 19.0773 22.7857 23.2728 23.2896 23.8889 0.34623 
2030 81.0512 20.7663 19.0773 22.4136 23.0277 23.0359 23.7195 0.407285 
2031 81.0512 20.7663 19.0773 22.1014 22.8074 22.8119 23.6133 0.470381 
2032 81.0512 20.7663 19.0773 21.8078 22.6181 22.6171 23.4833 0.533381 
2033 81.0512 20.7663 19.0773 21.5508 22.4318 22.4465 23.4201 0.596326 
2034 81.0512 20.7663 19.0773 21.3101 22.2671 22.2952 23.308 0.658657 
Alternative 2 Alternative  Stock: Model_1_goa_re_2021.dat
Catch Model_1_goa_re_2021.dat
Year C0 Cabc Cofl LowCI_Catch Median_Catch Mean_Catch UpperCI_Catch Stdev_Catch 
2021  0 0.574153 0.615453 0.424885 0.424885 0.424885 0.424885 1.27676e-15 
2022  0 0.574153 0.615453 0.379661 0.379661 0.379661 0.379661 2.00407e-07 
2023  0 0.574153 0.615453 0.375539 0.37554 0.37554 0.375542 9.93188e-07 
2024  0 0.574153 0.615453 0.374369 0.374374 0.374374 0.374382 4.17155e-06 
2025  0 0.574153 0.615453 0.376808 0.376826 0.376828 0.376856 1.53352e-05 
2026  0 0.574153 0.615453 0.382991 0.383051 0.383057 0.383146 4.88127e-05 
2027  0 0.574153 0.615453 0.378394 0.378553 0.378571 0.378808 0.000130311 
2028  0 0.574153 0.615453 0.373729 0.37407 0.374113 0.374598 0.000279441 
2029  0 0.574153 0.615453 0.370517 0.371082 0.371143 0.371964 0.000454489 
2030  0 0.574153 0.615453 0.368074 0.368885 0.368937 0.369951 0.000601969 
2031  0 0.574153 0.615453 0.36588 0.36688 0.366934 0.368131 0.000727714 
2032  0 0.574153 0.615453 0.364466 0.365636 0.365688 0.367064 0.000852549 
2033  0 0.574153 0.615453 0.363584 0.365114 0.365147 0.367069 0.00108262 
2034  0 0.574153 0.615453 0.362536 0.364995 0.365232 0.36874 0.00189903 

Spawning_Biomass Model_1_goa_re_2021.dat
Year SSB100 SSBabc SSBofl LowCI_SSB Median_SSB Mean_SSB UpperCI_SSB Stdev_SSB 
2021 14.7763 5.91051 5.1717 8.67785 8.67785 8.67785 8.67785 1.24345e-14 
2022 14.7763 5.91051 5.1717 8.62777 8.62777 8.62777 8.62777 7.99361e-14 
2023 14.7763 5.91051 5.1717 8.59562 8.59562 8.59562 8.59562 6.21725e-14 
2024 14.7763 5.91051 5.1717 8.55888 8.55888 8.55888 8.55888 6.21725e-14 
2025 14.7763 5.91051 5.1717 8.5359 8.5359 8.5359 8.5359 7.10543e-15 
2026 14.7763 5.91051 5.1717 8.51629 8.51636 8.51637 8.51649 6.43905e-05 
2027 14.7763 5.91051 5.1717 8.49173 8.49193 8.49195 8.49225 0.000164043 
2028 14.7763 5.91051 5.1717 8.46029 8.46078 8.46083 8.46152 0.000390288 
2029 14.7763 5.91051 5.1717 8.4232 8.42453 8.42467 8.42667 0.00108921 
2030 14.7763 5.91051 5.1717 8.3822 8.3856 8.38599 8.39107 0.00280351 
2031 14.7763 5.91051 5.1717 8.34223 8.34963 8.35058 8.36132 0.00612131 
2032 14.7763 5.91051 5.1717 8.2952 8.31 8.31176 8.33337 0.0123045 
2033 14.7763 5.91051 5.1717 8.2535 8.28005 8.28334 8.32266 0.022386 
2034 14.7763 5.91051 5.1717 8.21538 8.26197 8.26639 8.33152 0.0373344 

Fishing_mortalityModel_1_goa_re_2021.dat
Year F0 Fabc Fofl LowCI_F Median_F Mean_F UpperCI_F Stdev_F 
2021  0 0.0381281 0.0459618 0.0202855 0.0202855 0.0202855 0.0202855 1.70003e-16 
2022  0 0.0381281 0.0459618 0.0182214 0.0182214 0.0182214 0.0182214 1.11022e-16 
2023  0 0.0381281 0.0459618 0.0182214 0.0182214 0.0182214 0.0182214 1.11022e-16 
2024  0 0.0381281 0.0459618 0.0182214 0.0182214 0.0182214 0.0182214 1.11022e-16 
2025  0 0.0381281 0.0459618 0.0182214 0.0182214 0.0182214 0.0182214 1.11022e-16 
2026  0 0.0381281 0.0459618 0.0182214 0.0182214 0.0182214 0.0182214 1.11022e-16 
2027  0 0.0381281 0.0459618 0.0182214 0.0182214 0.0182214 0.0182214 1.11022e-16 
2028  0 0.0381281 0.0459618 0.0182214 0.0182214 0.0182214 0.0182214 1.11022e-16 
2029  0 0.0381281 0.0459618 0.0182214 0.0182214 0.0182214 0.0182214 1.11022e-16 
2030  0 0.0381281 0.0459618 0.0182214 0.0182214 0.0182214 0.0182214 1.11022e-16 
2031  0 0.0381281 0.0459618 0.0182214 0.0182214 0.0182214 0.0182214 1.11022e-16 
2032  0 0.0381281 0.0459618 0.0182214 0.0182214 0.0182214 0.0182214 1.11022e-16 
2033  0 0.0381281 0.0459618 0.0182214 0.0182214 0.0182214 0.0182214 1.11022e-16 
2034  0 0.0381281 0.0459618 0.0182214 0.0182214 0.0182214 0.0182214 1.11022e-16 

Total_BiomassModel_1_goa_re_2021.dat
Year B100 Babc Bofl LowCI_Biom Median_Biom Mean_Biom UpperCI_Biom Stdev_Biom 
2021 81.0512 20.7663 19.0773 26.1606 26.1606 26.1606 26.1606 8.17124e-14 
2022 81.0512 20.7663 19.0773 25.9867 26.0151 26.0197 26.0685 0.0257726 
2023 81.0512 20.7663 19.0773 25.863 25.9272 25.9338 26.021 0.0509434 
2024 81.0512 20.7663 19.0773 25.7425 25.8508 25.8613 26.0151 0.0842755 
2025 81.0512 20.7663 19.0773 25.6267 25.7921 25.8032 26.0184 0.125855 
2026 81.0512 20.7663 19.0773 25.5066 25.7375 25.7549 26.0504 0.174521 
2027 81.0512 20.7663 19.0773 25.3845 25.6934 25.7118 26.0967 0.228912 
2028 81.0512 20.7663 19.0773 25.273 25.6683 25.6881 26.1737 0.286026 
2029 81.0512 20.7663 19.0773 25.1744 25.6619 25.6792 26.2782 0.34678 
2030 81.0512 20.7663 19.0773 25.0592 25.675 25.6835 26.3688 0.408348 
2031 81.0512 20.7663 19.0773 24.9866 25.6939 25.6988 26.5046 0.472141 
2032 81.0512 20.7663 19.0773 24.9109 25.7265 25.7258 26.5972 0.535996 
2033 81.0512 20.7663 19.0773 24.8595 25.7433 25.7614 26.7464 0.599935 
2034 81.0512 20.7663 19.0773 24.8094 25.7736 25.8023 26.8296 0.663493 
Alternative 3 Alternative  Stock: Model_1_goa_re_2021.dat
Catch Model_1_goa_re_2021.dat
Year C0 Cabc Cofl LowCI_Catch Median_Catch Mean_Catch UpperCI_Catch Stdev_Catch 
2021  0 0.574153 0.615453 0.424885 0.424885 0.424885 0.424885 1.27676e-15 
2022  0 0.574153 0.615453 0.397056 0.397056 0.397056 0.397056 2.09675e-07 
2023  0 0.574153 0.615453 0.392428 0.392429 0.392429 0.392431 1.03912e-06 
2024  0 0.574153 0.615453 0.390902 0.390907 0.390908 0.390916 4.36445e-06 
2025  0 0.574153 0.615453 0.393162 0.393181 0.393183 0.393212 1.60442e-05 
2026  0 0.574153 0.615453 0.399343 0.399405 0.399411 0.399505 5.1069e-05 
2027  0 0.574153 0.615453 0.394259 0.394426 0.394444 0.394692 0.000136331 
2028  0 0.574153 0.615453 0.38912 0.389477 0.389522 0.390029 0.000292338 
2029  0 0.574153 0.615453 0.385515 0.386106 0.386169 0.387029 0.000475438 
2030  0 0.574153 0.615453 0.382727 0.383575 0.38363 0.38469 0.000629682 
2031  0 0.574153 0.615453 0.380213 0.381259 0.381315 0.382566 0.000761182 
2032  0 0.574153 0.615453 0.378524 0.379749 0.379803 0.381243 0.000891716 
2033  0 0.574153 0.615453 0.377404 0.379005 0.379039 0.381049 0.00113225 
2034  0 0.574153 0.615453 0.37612 0.378692 0.37894 0.382608 0.00198565 

Spawning_Biomass Model_1_goa_re_2021.dat
Year SSB100 SSBabc SSBofl LowCI_SSB Median_SSB Mean_SSB UpperCI_SSB Stdev_SSB 
2021 14.7763 5.91051 5.1717 8.67785 8.67785 8.67785 8.67785 1.24345e-14 
2022 14.7763 5.91051 5.1717 8.62478 8.62478 8.62478 8.62478 6.03961e-14 
2023 14.7763 5.91051 5.1717 8.58561 8.58561 8.58561 8.58561 8.34888e-14 
2024 14.7763 5.91051 5.1717 8.54203 8.54203 8.54203 8.54203 5.32907e-14 
2025 14.7763 5.91051 5.1717 8.51239 8.51239 8.51239 8.51239 1.77636e-15 
2026 14.7763 5.91051 5.1717 8.48628 8.48635 8.48636 8.48649 6.43893e-05 
2027 14.7763 5.91051 5.1717 8.45539 8.45559 8.45561 8.4559 0.000164037 
2028 14.7763 5.91051 5.1717 8.41784 8.41833 8.41838 8.41907 0.000390255 
2029 14.7763 5.91051 5.1717 8.3749 8.37623 8.37637 8.37838 0.00108904 
2030 14.7763 5.91051 5.1717 8.32832 8.33172 8.33211 8.33719 0.00280283 
2031 14.7763 5.91051 5.1717 8.28301 8.29041 8.29136 8.30209 0.00611936 
2032 14.7763 5.91051 5.1717 8.23098 8.24578 8.24754 8.26913 0.0122996 
2033 14.7763 5.91051 5.1717 8.18451 8.21105 8.21433 8.25364 0.0223752 
2034 14.7763 5.91051 5.1717 8.14184 8.1884 8.19282 8.25792 0.0373113 

Fishing_mortalityModel_1_goa_re_2021.dat
Year F0 Fabc Fofl LowCI_F Median_F Mean_F UpperCI_F Stdev_F 
2021  0 0.0381281 0.0459618 0.0202855 0.0202855 0.0202855 0.0202855 1.70003e-16 
2022  0 0.0381281 0.0459618 0.019064 0.019064 0.019064 0.019064 1.38778e-17 
2023  0 0.0381281 0.0459618 0.019064 0.019064 0.019064 0.019064 1.38778e-17 
2024  0 0.0381281 0.0459618 0.019064 0.019064 0.019064 0.019064 1.38778e-17 
2025  0 0.0381281 0.0459618 0.019064 0.019064 0.019064 0.019064 1.38778e-17 
2026  0 0.0381281 0.0459618 0.019064 0.019064 0.019064 0.019064 1.38778e-17 
2027  0 0.0381281 0.0459618 0.019064 0.019064 0.019064 0.019064 1.38778e-17 
2028  0 0.0381281 0.0459618 0.019064 0.019064 0.019064 0.019064 1.38778e-17 
2029  0 0.0381281 0.0459618 0.019064 0.019064 0.019064 0.019064 1.38778e-17 
2030  0 0.0381281 0.0459618 0.019064 0.019064 0.019064 0.019064 1.38778e-17 
2031  0 0.0381281 0.0459618 0.019064 0.019064 0.019064 0.019064 1.38778e-17 
2032  0 0.0381281 0.0459618 0.019064 0.019064 0.019064 0.019064 1.38778e-17 
2033  0 0.0381281 0.0459618 0.019064 0.019064 0.019064 0.019064 1.38778e-17 
2034  0 0.0381281 0.0459618 0.019064 0.019064 0.019064 0.019064 1.38778e-17 

Total_BiomassModel_1_goa_re_2021.dat
Year B100 Babc Bofl LowCI_Biom Median_Biom Mean_Biom UpperCI_Biom Stdev_Biom 
2021 81.0512 20.7663 19.0773 26.1606 26.1606 26.1606 26.1606 8.17124e-14 
2022 81.0512 20.7663 19.0773 25.9867 26.0151 26.0197 26.0685 0.0257726 
2023 81.0512 20.7663 19.0773 25.8456 25.9098 25.9164 26.0036 0.0509434 
2024 81.0512 20.7663 19.0773 25.7086 25.8169 25.8274 25.9812 0.0842754 
2025 81.0512 20.7663 19.0773 25.5769 25.7423 25.7534 25.9686 0.125854 
2026 81.0512 20.7663 19.0773 25.4415 25.6724 25.6898 25.9853 0.174519 
2027 81.0512 20.7663 19.0773 25.3045 25.6133 25.6317 26.0167 0.228908 
2028 81.0512 20.7663 19.0773 25.1787 25.5741 25.5938 26.0795 0.286016 
2029 81.0512 20.7663 19.0773 25.0669 25.5544 25.5716 26.1706 0.346757 
2030 81.0512 20.7663 19.0773 24.9391 25.5548 25.5633 26.2486 0.408303 
2031 81.0512 20.7663 19.0773 24.8545 25.5618 25.5667 26.3722 0.472066 
2032 81.0512 20.7663 19.0773 24.7677 25.5831 25.5824 26.4535 0.535885 
2033 81.0512 20.7663 19.0773 24.7057 25.5891 25.6073 26.5918 0.599782 
2034 81.0512 20.7663 19.0773 24.6454 25.6092 25.638 26.6647 0.663287 
Alternative 4 Alternative  Stock: Model_1_goa_re_2021.dat
Catch Model_1_goa_re_2021.dat
Year C0 Cabc Cofl LowCI_Catch Median_Catch Mean_Catch UpperCI_Catch Stdev_Catch 
2021  0 0.574153 0.615453 0.424885 0.424885 0.424885 0.424885 1.27676e-15 
2022  0 0.574153 0.615453 0.538351 0.538352 0.538352 0.538352 2.85237e-07 
2023  0 0.574153 0.615453 0.528588 0.52859 0.52859 0.528593 1.41359e-06 
2024  0 0.574153 0.615453 0.523219 0.523226 0.523227 0.523237 5.93719e-06 
2025  0 0.574153 0.615453 0.523128 0.523154 0.523157 0.523196 2.1825e-05 
2026  0 0.574153 0.615453 0.528427 0.528513 0.528521 0.528648 6.94627e-05 
2027  0 0.574153 0.615453 0.518589 0.518815 0.51884 0.519178 0.000185396 
2028  0 0.574153 0.615453 0.508862 0.509347 0.509408 0.510099 0.000397405 
2029  0 0.574153 0.615453 0.501389 0.502191 0.502278 0.503446 0.000646014 
2030  0 0.574153 0.615453 0.49518 0.496332 0.496406 0.497847 0.000855236 
2031  0 0.574153 0.615453 0.489494 0.490916 0.490991 0.49269 0.00103346 
2032  0 0.574153 0.615453 0.485066 0.486726 0.486802 0.488755 0.00121021 
2033  0 0.574153 0.615453 0.481533 0.483705 0.483751 0.486478 0.00153553 
2034  0 0.574153 0.615453 0.477898 0.48138 0.481717 0.486683 0.00268795 

Spawning_Biomass Model_1_goa_re_2021.dat
Year SSB100 SSBabc SSBofl LowCI_SSB Median_SSB Mean_SSB UpperCI_SSB Stdev_SSB 
2021 14.7763 5.91051 5.1717 8.67785 8.67785 8.67785 8.67785 1.24345e-14 
2022 14.7763 5.91051 5.1717 8.6005 8.6005 8.6005 8.6005 1.42109e-14 
2023 14.7763 5.91051 5.1717 8.50438 8.50438 8.50438 8.50438 9.59233e-14 
2024 14.7763 5.91051 5.1717 8.40592 8.40592 8.40592 8.40592 9.05942e-14 
2025 14.7763 5.91051 5.1717 8.32321 8.32321 8.32321 8.32321 7.81597e-14 
2026 14.7763 5.91051 5.1717 8.24565 8.24572 8.24574 8.24586 6.43797e-05 
2027 14.7763 5.91051 5.1717 8.16501 8.16521 8.16523 8.16552 0.000163982 
2028 14.7763 5.91051 5.1717 8.07992 8.08041 8.08046 8.08115 0.000389982 
2029 14.7763 5.91051 5.1717 7.99177 7.9931 7.99324 7.99524 0.00108764 
2030 14.7763 5.91051 5.1717 7.90238 7.90577 7.90617 7.91124 0.00279734 
2031 14.7763 5.91051 5.1717 7.8165 7.82388 7.82483 7.83553 0.00610343 
2032 14.7763 5.91051 5.1717 7.72676 7.74152 7.74326 7.76479 0.0122599 
2033 14.7763 5.91051 5.1717 7.64464 7.67107 7.67435 7.7135 0.0222875 
2034 14.7763 5.91051 5.1717 7.56824 7.61459 7.61899 7.68383 0.0371232 

Fishing_mortalityModel_1_goa_re_2021.dat
Year F0 Fabc Fofl LowCI_F Median_F Mean_F UpperCI_F Stdev_F 
2021  0 0.0381281 0.0459618 0.0202855 0.0202855 0.0202855 0.0202855 1.70003e-16 
2022  0 0.0381281 0.0459618 0.0259344 0.0259344 0.0259344 0.0259344 1.42247e-16 
2023  0 0.0381281 0.0459618 0.0259344 0.0259344 0.0259344 0.0259344 1.42247e-16 
2024  0 0.0381281 0.0459618 0.0259344 0.0259344 0.0259344 0.0259344 1.42247e-16 
2025  0 0.0381281 0.0459618 0.0259344 0.0259344 0.0259344 0.0259344 1.42247e-16 
2026  0 0.0381281 0.0459618 0.0259344 0.0259344 0.0259344 0.0259344 1.42247e-16 
2027  0 0.0381281 0.0459618 0.0259344 0.0259344 0.0259344 0.0259344 1.42247e-16 
2028  0 0.0381281 0.0459618 0.0259344 0.0259344 0.0259344 0.0259344 1.42247e-16 
2029  0 0.0381281 0.0459618 0.0259344 0.0259344 0.0259344 0.0259344 1.42247e-16 
2030  0 0.0381281 0.0459618 0.0259344 0.0259344 0.0259344 0.0259344 1.42247e-16 
2031  0 0.0381281 0.0459618 0.0259344 0.0259344 0.0259344 0.0259344 1.42247e-16 
2032  0 0.0381281 0.0459618 0.0259344 0.0259344 0.0259344 0.0259344 1.42247e-16 
2033  0 0.0381281 0.0459618 0.0259344 0.0259344 0.0259344 0.0259344 1.42247e-16 
2034  0 0.0381281 0.0459618 0.0259344 0.0259344 0.0259344 0.0259344 1.42247e-16 

Total_BiomassModel_1_goa_re_2021.dat
Year B100 Babc Bofl LowCI_Biom Median_Biom Mean_Biom UpperCI_Biom Stdev_Biom 
2021 81.0512 20.7663 19.0773 26.1606 26.1606 26.1606 26.1606 8.17124e-14 
2022 81.0512 20.7663 19.0773 25.9867 26.0151 26.0197 26.0685 0.0257726 
2023 81.0512 20.7663 19.0773 25.7044 25.7686 25.7752 25.8624 0.0509432 
2024 81.0512 20.7663 19.0773 25.4341 25.5423 25.5529 25.7067 0.0842747 
2025 81.0512 20.7663 19.0773 25.1757 25.3411 25.3522 25.5674 0.125851 
2026 81.0512 20.7663 19.0773 24.9186 25.1494 25.1668 25.4623 0.174509 
2027 81.0512 20.7663 19.0773 24.6633 24.9721 24.9905 25.3754 0.228877 
2028 81.0512 20.7663 19.0773 24.4269 24.8222 24.8419 25.3273 0.285934 
2029 81.0512 20.7663 19.0773 24.2118 24.6991 24.7162 25.3153 0.346567 
2030 81.0512 20.7663 19.0773 23.9874 24.6025 24.6109 25.2956 0.407935 
2031 81.0512 20.7663 19.0773 23.8117 24.5185 24.5232 25.3273 0.471458 
2032 81.0512 20.7663 19.0773 23.6408 24.4543 24.4535 25.3229 0.53498 
2033 81.0512 20.7663 19.0773 23.4986 24.3808 24.398 25.3786 0.598532 
2034 81.0512 20.7663 19.0773 23.3631 24.3245 24.353 25.3746 0.661612 
Alternative 5 Alternative  Stock: Model_1_goa_re_2021.dat
Catch Model_1_goa_re_2021.dat
Year C0 Cabc Cofl LowCI_Catch Median_Catch Mean_Catch UpperCI_Catch Stdev_Catch 
2021  0 0.574153 0.615453 0.424885 0.424885 0.424885 0.424885 1.27676e-15 
2022  0 0.574153 0.615453 0 0 0 0 0 
2023  0 0.574153 0.615453 0 0 0 0 0 
2024  0 0.574153 0.615453 0 0 0 0 0 
2025  0 0.574153 0.615453 0 0 0 0 0 
2026  0 0.574153 0.615453 0 0 0 0 0 
2027  0 0.574153 0.615453 0 0 0 0 0 
2028  0 0.574153 0.615453 0 0 0 0 0 
2029  0 0.574153 0.615453 0 0 0 0 0 
2030  0 0.574153 0.615453 0 0 0 0 0 
2031  0 0.574153 0.615453 0 0 0 0 0 
2032  0 0.574153 0.615453 0 0 0 0 0 
2033  0 0.574153 0.615453 0 0 0 0 0 
2034  0 0.574153 0.615453 0 0 0 0 0 

Spawning_Biomass Model_1_goa_re_2021.dat
Year SSB100 SSBabc SSBofl LowCI_SSB Median_SSB Mean_SSB UpperCI_SSB Stdev_SSB 
2021 14.7763 5.91051 5.1717 8.67785 8.67785 8.67785 8.67785 1.24345e-14 
2022 14.7763 5.91051 5.1717 8.69254 8.69254 8.69254 8.69254 1.06581e-14 
2023 14.7763 5.91051 5.1717 8.81516 8.81516 8.81516 8.81516 3.73035e-14 
2024 14.7763 5.91051 5.1717 8.93169 8.93169 8.93169 8.93169 4.44089e-14 
2025 14.7763 5.91051 5.1717 9.06092 9.06092 9.06092 9.06092 7.10543e-14 
2026 14.7763 5.91051 5.1717 9.19279 9.19286 9.19287 9.19299 6.4416e-05 
2027 14.7763 5.91051 5.1717 9.3186 9.3188 9.31882 9.31912 0.000164189 
2028 14.7763 5.91051 5.1717 9.43483 9.43532 9.43537 9.43606 0.000391011 
2029 14.7763 5.91051 5.1717 9.54209 9.54342 9.54356 9.54557 0.00109295 
2030 14.7763 5.91051 5.1717 9.64166 9.64508 9.64547 9.65058 0.00281814 
2031 14.7763 5.91051 5.1717 9.73871 9.74618 9.74712 9.75794 0.00616376 
2032 14.7763 5.91051 5.1717 9.82295 9.83788 9.83967 9.86146 0.0124105 
2033 14.7763 5.91051 5.1717 9.90888 9.93571 9.93902 9.97874 0.0226205 
2034 14.7763 5.91051 5.1717 9.99486 10.042 10.0465 10.1124 0.0378386 

Fishing_mortalityModel_1_goa_re_2021.dat
Year F0 Fabc Fofl LowCI_F Median_F Mean_F UpperCI_F Stdev_F 
2021  0 0.0381281 0.0459618 0.0202855 0.0202855 0.0202855 0.0202855 1.70003e-16 
2022  0 0.0381281 0.0459618 0 0 0 0 0 
2023  0 0.0381281 0.0459618 0 0 0 0 0 
2024  0 0.0381281 0.0459618 0 0 0 0 0 
2025  0 0.0381281 0.0459618 0 0 0 0 0 
2026  0 0.0381281 0.0459618 0 0 0 0 0 
2027  0 0.0381281 0.0459618 0 0 0 0 0 
2028  0 0.0381281 0.0459618 0 0 0 0 0 
2029  0 0.0381281 0.0459618 0 0 0 0 0 
2030  0 0.0381281 0.0459618 0 0 0 0 0 
2031  0 0.0381281 0.0459618 0 0 0 0 0 
2032  0 0.0381281 0.0459618 0 0 0 0 0 
2033  0 0.0381281 0.0459618 0 0 0 0 0 
2034  0 0.0381281 0.0459618 0 0 0 0 0 

Total_BiomassModel_1_goa_re_2021.dat
Year B100 Babc Bofl LowCI_Biom Median_Biom Mean_Biom UpperCI_Biom Stdev_Biom 
2021 81.0512 20.7663 19.0773 26.1606 26.1606 26.1606 26.1606 8.17124e-14 
2022 81.0512 20.7663 19.0773 25.9867 26.0151 26.0197 26.0685 0.0257726 
2023 81.0512 20.7663 19.0773 26.2424 26.3066 26.3132 26.4004 0.0509437 
2024 81.0512 20.7663 19.0773 26.4898 26.5981 26.6086 26.7625 0.0842774 
2025 81.0512 20.7663 19.0773 26.7331 26.8985 26.9096 27.1248 0.125862 
2026 81.0512 20.7663 19.0773 26.9668 27.1977 27.2151 27.5107 0.174547 
2027 81.0512 20.7663 19.0773 27.1969 27.5058 27.5243 27.9093 0.228993 
2028 81.0512 20.7663 19.0773 27.4247 27.8203 27.8401 28.3263 0.286245 
2029 81.0512 20.7663 19.0773 27.652 28.14 28.1577 28.7563 0.347285 
2030 81.0512 20.7663 19.0773 27.8506 28.4679 28.4767 29.1639 0.409326 
2031 81.0512 20.7663 19.0773 28.0824 28.7908 28.7961 29.6059 0.473764 
2032 81.0512 20.7663 19.0773 28.2975 29.117 29.1167 29.9928 0.538411 
2033 81.0512 20.7663 19.0773 28.5286 29.4213 29.4362 30.4235 0.603275 
2034 81.0512 20.7663 19.0773 28.7511 29.7267 29.7522 30.793 0.667976 
Alternative 6 Alternative  Stock: Model_1_goa_re_2021.dat
Catch Model_1_goa_re_2021.dat
Year C0 Cabc Cofl LowCI_Catch Median_Catch Mean_Catch UpperCI_Catch Stdev_Catch 
2021  0 0.574153 0.615453 0.424885 0.424885 0.424885 0.424885 1.27676e-15 
2022  0 0.574153 0.615453 0.944886 0.944887 0.944887 0.944888 5.05504e-07 
2023  0 0.574153 0.615453 0.910143 0.910146 0.910147 0.910151 2.50515e-06 
2024  0 0.574153 0.615453 0.884506 0.884519 0.88452 0.884539 1.05214e-05 
2025  0 0.574153 0.615453 0.869263 0.86931 0.869314 0.869384 3.86722e-05 
2026  0 0.574153 0.615453 0.864202 0.864354 0.864368 0.864593 0.000123049 
2027  0 0.574153 0.615453 0.83357 0.83397 0.834014 0.834611 0.000328222 
2028  0 0.574153 0.615453 0.80435 0.805208 0.805315 0.806536 0.000702814 
2029  0 0.574153 0.615453 0.780188 0.781605 0.781759 0.783824 0.00114095 
2030  0 0.574153 0.615453 0.759232 0.761263 0.761396 0.763937 0.00150861 
2031  0 0.574153 0.615453 0.740111 0.742611 0.742748 0.74574 0.00182103 
2032  0 0.574153 0.615453 0.724014 0.726943 0.727071 0.730507 0.00213005 
2033  0 0.574153 0.615453 0.710216 0.714033 0.714118 0.718907 0.00269686 
2034  0 0.574153 0.615453 0.696917 0.702974 0.703591 0.71227 0.00469581 

Spawning_Biomass Model_1_goa_re_2021.dat
Year SSB100 SSBabc SSBofl LowCI_SSB Median_SSB Mean_SSB UpperCI_SSB Stdev_SSB 
2021 14.7763 5.91051 5.1717 8.67785 8.67785 8.67785 8.67785 1.24345e-14 
2022 14.7763 5.91051 5.1717 8.53009 8.53009 8.53009 8.53009 1.95399e-14 
2023 14.7763 5.91051 5.1717 8.27204 8.27204 8.27204 8.27204 3.55271e-15 
2024 14.7763 5.91051 5.1717 8.0217 8.0217 8.0217 8.0217 4.08562e-14 
2025 14.7763 5.91051 5.1717 7.79611 7.79611 7.79611 7.79611 7.54952e-14 
2026 14.7763 5.91051 5.1717 7.58375 7.58382 7.58384 7.58396 6.43517e-05 
2027 14.7763 5.91051 5.1717 7.37625 7.37645 7.37647 7.37676 0.000163822 
2028 14.7763 5.91051 5.1717 7.17333 7.17381 7.17386 7.17455 0.00038919 
2029 14.7763 5.91051 5.1717 6.97638 6.97771 6.97785 6.97984 0.00108355 
2030 14.7763 5.91051 5.1717 6.78706 6.79044 6.79082 6.79587 0.00278138 
2031 14.7763 5.91051 5.1717 6.60933 6.61665 6.61759 6.62821 0.00605727 
2032 14.7763 5.91051 5.1717 6.43704 6.45167 6.4534 6.47473 0.0121449 
2033 14.7763 5.91051 5.1717 6.27932 6.30543 6.3087 6.34739 0.0220338 
2034 14.7763 5.91051 5.1717 6.13354 6.17927 6.18361 6.2477 0.0365805 

Fishing_mortalityModel_1_goa_re_2021.dat
Year F0 Fabc Fofl LowCI_F Median_F Mean_F UpperCI_F Stdev_F 
2021  0 0.0381281 0.0459618 0.0202855 0.0202855 0.0202855 0.0202855 1.70003e-16 
2022  0 0.0381281 0.0459618 0.0459618 0.0459618 0.0459618 0.0459618 4.71845e-16 
2023  0 0.0381281 0.0459618 0.0459618 0.0459618 0.0459618 0.0459618 4.71845e-16 
2024  0 0.0381281 0.0459618 0.0459618 0.0459618 0.0459618 0.0459618 4.71845e-16 
2025  0 0.0381281 0.0459618 0.0459618 0.0459618 0.0459618 0.0459618 4.71845e-16 
2026  0 0.0381281 0.0459618 0.0459618 0.0459618 0.0459618 0.0459618 4.71845e-16 
2027  0 0.0381281 0.0459618 0.0459618 0.0459618 0.0459618 0.0459618 4.71845e-16 
2028  0 0.0381281 0.0459618 0.0459618 0.0459618 0.0459618 0.0459618 4.71845e-16 
2029  0 0.0381281 0.0459618 0.0459618 0.0459618 0.0459618 0.0459618 4.71845e-16 
2030  0 0.0381281 0.0459618 0.0459618 0.0459618 0.0459618 0.0459618 4.71845e-16 
2031  0 0.0381281 0.0459618 0.0459618 0.0459618 0.0459618 0.0459618 4.71845e-16 
2032  0 0.0381281 0.0459618 0.0459618 0.0459618 0.0459618 0.0459618 4.71845e-16 
2033  0 0.0381281 0.0459618 0.0459618 0.0459618 0.0459618 0.0459618 4.71845e-16 
2034  0 0.0381281 0.0459618 0.0459618 0.0459618 0.0459618 0.0459618 4.71845e-16 

Total_BiomassModel_1_goa_re_2021.dat
Year B100 Babc Bofl LowCI_Biom Median_Biom Mean_Biom UpperCI_Biom Stdev_Biom 
2021 81.0512 20.7663 19.0773 26.1606 26.1606 26.1606 26.1606 8.17124e-14 
2022 81.0512 20.7663 19.0773 25.9867 26.0151 26.0197 26.0685 0.0257726 
2023 81.0512 20.7663 19.0773 25.2982 25.3624 25.369 25.4562 0.0509429 
2024 81.0512 20.7663 19.0773 24.6544 24.7627 24.7732 24.927 0.0842727 
2025 81.0512 20.7663 19.0773 24.0505 24.2158 24.227 24.4421 0.125843 
2026 81.0512 20.7663 19.0773 23.4703 23.7011 23.7184 24.0139 0.17448 
2027 81.0512 20.7663 19.0773 22.9091 23.2178 23.2362 23.6209 0.228788 
2028 81.0512 20.7663 19.0773 22.3944 22.7895 22.8091 23.294 0.285694 
2029 81.0512 20.7663 19.0773 21.9275 22.4146 22.4312 23.0306 0.346014 
2030 81.0512 20.7663 19.0773 21.4751 22.0885 22.0966 22.7797 0.406868 
2031 81.0512 20.7663 19.0773 21.091 21.796 21.8003 22.5999 0.469692 
2032 81.0512 20.7663 19.0773 20.7338 21.5422 21.5408 22.405 0.532358 
2033 81.0512 20.7663 19.0773 20.419 21.2992 21.3123 22.2814 0.594916 
2034 81.0512 20.7663 19.0773 20.1269 21.0812 21.1091 22.1161 0.656771 
Alternative 7 Alternative  Stock: Model_1_goa_re_2021.dat
Catch Model_1_goa_re_2021.dat
Year C0 Cabc Cofl LowCI_Catch Median_Catch Mean_Catch UpperCI_Catch Stdev_Catch 
2021  0 0.574153 0.615453 0.424885 0.424885 0.424885 0.424885 1.27676e-15 
2022  0 0.574153 0.615453 0.786813 0.786814 0.786814 0.786815 4.19347e-07 
2023  0 0.574153 0.615453 0.763582 0.763585 0.763585 0.763589 2.07819e-06 
2024  0 0.574153 0.615453 0.897592 0.897604 0.897606 0.897625 1.05216e-05 
2025  0 0.574153 0.615453 0.881559 0.881606 0.881611 0.88168 3.86727e-05 
2026  0 0.574153 0.615453 0.875753 0.875905 0.875919 0.876144 0.00012305 
2027  0 0.574153 0.615453 0.844375 0.844775 0.844819 0.845416 0.000328226 
2028  0 0.574153 0.615453 0.814448 0.815307 0.815414 0.816635 0.000702822 
2029  0 0.574153 0.615453 0.789619 0.791037 0.79119 0.793256 0.00114096 
2030  0 0.574153 0.615453 0.768026 0.770058 0.77019 0.772731 0.00150862 
2031  0 0.574153 0.615453 0.748297 0.750797 0.750934 0.753926 0.00182104 
2032  0 0.574153 0.615453 0.731623 0.734552 0.734681 0.738117 0.00213006 
2033  0 0.574153 0.615453 0.717282 0.721099 0.721184 0.725974 0.00269688 
2034  0 0.574153 0.615453 0.703473 0.70953 0.710147 0.718826 0.00469585 

Spawning_Biomass Model_1_goa_re_2021.dat
Year SSB100 SSBabc SSBofl LowCI_SSB Median_SSB Mean_SSB UpperCI_SSB Stdev_SSB 
2021 14.7763 5.91051 5.1717 8.67785 8.67785 8.67785 8.67785 1.24345e-14 
2022 14.7763 5.91051 5.1717 8.55756 8.55756 8.55756 8.55756 3.90799e-14 
2023 14.7763 5.91051 5.1717 8.36214 8.36214 8.36214 8.36214 4.44089e-14 
2024 14.7763 5.91051 5.1717 8.14372 8.14372 8.14372 8.14372 5.50671e-14 
2025 14.7763 5.91051 5.1717 7.91238 7.91238 7.91238 7.91238 1.68754e-14 
2026 14.7763 5.91051 5.1717 7.69416 7.69423 7.69425 7.69437 6.43525e-05 
2027 14.7763 5.91051 5.1717 7.48069 7.48089 7.48091 7.4812 0.000163824 
2028 14.7763 5.91051 5.1717 7.27176 7.27224 7.27229 7.27298 0.000389194 
2029 14.7763 5.91051 5.1717 7.06889 7.07021 7.07035 7.07234 0.00108357 
2030 14.7763 5.91051 5.1717 6.87378 6.87716 6.87754 6.88259 0.00278141 
2031 14.7763 5.91051 5.1717 6.69049 6.69782 6.69875 6.70937 0.00605733 
2032 14.7763 5.91051 5.1717 6.51274 6.52736 6.5291 6.55042 0.012145 
2033 14.7763 5.91051 5.1717 6.34977 6.37588 6.37915 6.41784 0.022034 
2034 14.7763 5.91051 5.1717 6.19903 6.24476 6.2491 6.31319 0.0365808 

Fishing_mortalityModel_1_goa_re_2021.dat
Year F0 Fabc Fofl LowCI_F Median_F Mean_F UpperCI_F Stdev_F 
2021  0 0.0381281 0.0459618 0.0202855 0.0202855 0.0202855 0.0202855 1.70003e-16 
2022  0 0.0381281 0.0459618 0.0381281 0.0381281 0.0381281 0.0381281 2.77556e-17 
2023  0 0.0381281 0.0459618 0.0381281 0.0381281 0.0381281 0.0381281 2.77556e-17 
2024  0 0.0381281 0.0459618 0.0459618 0.0459618 0.0459618 0.0459618 4.71845e-16 
2025  0 0.0381281 0.0459618 0.0459618 0.0459618 0.0459618 0.0459618 4.71845e-16 
2026  0 0.0381281 0.0459618 0.0459618 0.0459618 0.0459618 0.0459618 4.71845e-16 
2027  0 0.0381281 0.0459618 0.0459618 0.0459618 0.0459618 0.0459618 4.71845e-16 
2028  0 0.0381281 0.0459618 0.0459618 0.0459618 0.0459618 0.0459618 4.71845e-16 
2029  0 0.0381281 0.0459618 0.0459618 0.0459618 0.0459618 0.0459618 4.71845e-16 
2030  0 0.0381281 0.0459618 0.0459618 0.0459618 0.0459618 0.0459618 4.71845e-16 
2031  0 0.0381281 0.0459618 0.0459618 0.0459618 0.0459618 0.0459618 4.71845e-16 
2032  0 0.0381281 0.0459618 0.0459618 0.0459618 0.0459618 0.0459618 4.71845e-16 
2033  0 0.0381281 0.0459618 0.0459618 0.0459618 0.0459618 0.0459618 4.71845e-16 
2034  0 0.0381281 0.0459618 0.0459618 0.0459618 0.0459618 0.0459618 4.71845e-16 

Total_BiomassModel_1_goa_re_2021.dat
Year B100 Babc Bofl LowCI_Biom Median_Biom Mean_Biom UpperCI_Biom Stdev_Biom 
2021 81.0512 20.7663 19.0773 26.1606 26.1606 26.1606 26.1606 8.17124e-14 
2022 81.0512 20.7663 19.0773 25.9867 26.0151 26.0197 26.0685 0.0257726 
2023 81.0512 20.7663 19.0773 25.4562 25.5204 25.527 25.6141 0.050943 
2024 81.0512 20.7663 19.0773 24.9558 25.064 25.0746 25.2284 0.0842735 
2025 81.0512 20.7663 19.0773 24.3328 24.4982 24.5093 24.7245 0.125844 
2026 81.0512 20.7663 19.0773 23.7343 23.9651 23.9825 24.278 0.174482 
2027 81.0512 20.7663 19.0773 23.1557 23.4644 23.4828 23.8676 0.22879 
2028 81.0512 20.7663 19.0773 22.6245 23.0196 23.0392 23.5241 0.285696 
2029 81.0512 20.7663 19.0773 22.1419 22.629 22.6456 23.245 0.346016 
2030 81.0512 20.7663 19.0773 21.6747 22.2881 22.2962 22.9792 0.40687 
2031 81.0512 20.7663 19.0773 21.2765 21.9815 21.9859 22.7855 0.469694 
2032 81.0512 20.7663 19.0773 20.9061 21.7146 21.7132 22.5774 0.53236 
2033 81.0512 20.7663 19.0773 20.579 21.4592 21.4723 22.4414 0.594918 
2034 81.0512 20.7663 19.0773 20.2754 21.2296 21.2575 22.2646 0.656773 
